07/25/2012 08:45:30 am: Hit to <getData.php>. Currency in Post=<2>. currency var=<2>.
07/25/2012 08:45:30 am: Get the dataset to return in json obj...
07/25/2012 08:45:30 am: Hit to <getData.php>. Currency in Post=<>. currency var=<1>.
07/25/2012 08:45:30 am: Query has run: <CALL USP_GetAccounts();>.
07/25/2012 08:45:30 am: ... Got dataset to return in json obj
07/25/2012 09:08:29 am: Hit to <getData.php>. Currency in Post=<2>. currency var=<2>.
07/25/2012 09:08:29 am: Hit to <getData.php>. Currency in Post=<>. currency var=<1>.
07/25/2012 09:08:29 am: Get the dataset to return in json obj...
07/25/2012 09:08:29 am: Query has run: <CALL USP_GetAccounts();>.
07/25/2012 09:08:29 am: ... Got dataset to return in json obj
07/25/2012 09:08:37 am: Hit to <getData.php>. Currency in Post=<>. currency var=<1>.
07/25/2012 09:08:37 am: Hit to <getData.php>. Currency in Post=<2>. currency var=<2>.
07/25/2012 09:08:37 am: Get the dataset to return in json obj...
07/25/2012 09:08:37 am: Query has run: <CALL USP_GetAccounts();>.
07/25/2012 09:08:37 am: ... Got dataset to return in json obj
07/25/2012 09:09:16 am: Hit to <getData.php>. Currency in Post=<2>. currency var=<2>.
07/25/2012 09:09:16 am: Hit to <getData.php>. Currency in Post=<>. currency var=<1>.
07/25/2012 09:09:16 am: Get the dataset to return in json obj...
07/25/2012 09:09:16 am: Query has run: <CALL USP_GetAccounts();>.
07/25/2012 09:09:16 am: ... Got dataset to return in json obj
07/25/2012 09:09:40 am: Hit to <getData.php>. Currency in Post=<2>. currency var=<2>.
07/25/2012 09:09:40 am: Hit to <getData.php>. Currency in Post=<>. currency var=<1>.
07/25/2012 09:09:40 am: Get the dataset to return in json obj...
07/25/2012 09:09:40 am: Query has run: <CALL USP_GetAccounts();>.
07/25/2012 09:09:40 am: ... Got dataset to return in json obj
07/25/2012 09:10:04 am: Hit to <getData.php>. Currency in Post=<2>. currency var=<2>.
07/25/2012 09:10:04 am: Get the dataset to return in json obj...
07/25/2012 09:10:04 am: Query has run: <CALL USP_GetAccounts();>.
07/25/2012 09:10:04 am: ... Got dataset to return in json obj
07/25/2012 09:10:04 am: Hit to <getData.php>. Currency in Post=<>. currency var=<1>.
07/25/2012 09:10:15 am: Hit to <getData.php>. Currency in Post=<2>. currency var=<2>.
07/25/2012 09:10:15 am: Get the dataset to return in json obj...
07/25/2012 09:10:15 am: Query has run: <CALL USP_GetAccounts();>.
07/25/2012 09:10:15 am: ... Got dataset to return in json obj
07/25/2012 09:10:15 am: Hit to <getData.php>. Currency in Post=<>. currency var=<1>.
07/25/2012 09:25:52 am: Hit to <getData.php>. Type: <acc>. Currency in Post=<2>. currency var=<2>.
07/25/2012 09:25:52 am: Get the dataset to return in json obj...
07/25/2012 09:25:53 am: Hit to <getData.php>. Type: <cur>. Currency in Post=<>. currency var=<1>.
07/25/2012 09:25:53 am: Query has run: <CALL USP_GetAccounts();>.
07/25/2012 09:25:53 am: ... Got dataset to return in json obj
07/25/2012 09:26:25 am: Hit to <getData.php>. Type: <acc>. Currency in Post=<2>. currency var=<2>.
07/25/2012 09:26:25 am: Hit to <getData.php>. Type: <curr>. Currency in Post=<>. currency var=<1>.
07/25/2012 09:26:25 am: Get the dataset to return in json obj...
07/25/2012 09:26:25 am: Get the dataset to return in json obj...
07/25/2012 09:26:25 am: Query has run: <CALL USP_GetAccounts();>.
07/25/2012 09:26:25 am: ... Got dataset to return in json obj
07/25/2012 09:26:25 am: Query has run: <CALL USP_GetCurrencies();>.
07/25/2012 09:26:25 am: ... Got dataset to return in json obj
07/25/2012 09:28:22 am: Hit to <getData.php>. Type: <curr>. Currency in Post=<>. currency var=<1>.
07/25/2012 09:28:22 am: Get the dataset to return in json obj...
07/25/2012 09:28:22 am: Query has run: <CALL USP_GetCurrencies();>.
07/25/2012 09:28:22 am: ... Got dataset to return in json obj
07/25/2012 09:28:22 am: Hit to <getData.php>. Type: <acc>. Currency in Post=<2>. currency var=<2>.
07/25/2012 09:28:22 am: Get the dataset to return in json obj...
07/25/2012 09:28:22 am: Query has run: <CALL USP_GetAccounts();>.
07/25/2012 09:28:22 am: ... Got dataset to return in json obj
07/25/2012 09:37:11 am: Hit to <insert.php>. Type in post: <curr>. Currency in Post=<>. Account Name in Post=<>.
07/25/2012 09:37:20 am: Hit to <insert.php>. Type in post: <curr>. Currency in Post=<>. Account Name in Post=<>.
07/25/2012 09:37:38 am: Hit to <insert.php>. Type in post: <curr>. Currency in Post=<>. Account Name in Post=<>.
07/25/2012 09:39:40 am: Hit to <insert.php>. Type in post: <curr>. Currency in Post=<>. Account Name in Post=<>.
07/25/2012 09:42:12 am: Hit to <insert.php>. Type in post: <curr>. Currency in Post=<>. Account Name in Post=<>.
07/25/2012 09:42:12 am: Line 95-> Currency Name=<Enter Currency Name>. Currency Symbol=<Enter Currency Symbol>.
07/25/2012 09:43:12 am: Hit to <insert.php>. Type in post: <curr>. Currency in Post=<>. Account Name in Post=<>.
07/25/2012 09:43:12 am: Line 95-> Currency Name=<Enter Currency Name> and length=<19>. Currency Symbol=<Enter Currency Symbol> and length=<21>.
07/25/2012 09:43:31 am: Hit to <insert.php>. Type in post: <curr>. Currency in Post=<>. Account Name in Post=<>.
07/25/2012 09:43:31 am: Line 95-> Currency Name=<test2> and length=<5>. Currency Symbol=<test2symbol> and length=<11>.
07/25/2012 09:45:01 am: Hit to <insert.php>. Type in post: <curr>. Currency in Post=<>. Account Name in Post=<>.
07/25/2012 09:45:01 am: Line 95-> Currency Name=<test2> and length=<5>. Currency Symbol=<t2s> and length=<3>.
07/25/2012 09:45:01 am: Line 113-> Error status: ; Default msg
07/25/2012 09:45:01 am: Start insert...
07/25/2012 09:45:01 am: Query has run: <CALL USP_InsertCurrency ('test2','t2s');>.
07/25/2012 09:45:01 am: ... End insert
07/25/2012 09:45:17 am: Hit to <getData.php>. Type: <acc>. Currency in Post=<2>. currency var=<2>.
07/25/2012 09:45:17 am: Hit to <getData.php>. Type: <curr>. Currency in Post=<>. currency var=<1>.
07/25/2012 09:45:17 am: Get the dataset to return in json obj...
07/25/2012 09:45:17 am: Query has run: <CALL USP_GetCurrencies();>.
07/25/2012 09:45:17 am: ... Got dataset to return in json obj
07/25/2012 09:45:17 am: Get the dataset to return in json obj...
07/25/2012 09:45:17 am: Query has run: <CALL USP_GetAccounts();>.
07/25/2012 09:45:17 am: ... Got dataset to return in json obj
07/25/2012 09:59:38 am: Hit to <insert.php>. Type in post: <curr>. Currency in Post=<>. Account Name in Post=<>.
07/25/2012 09:59:38 am: Line 50-> Query2 to run: <CALL USP_GetCurrencies();>.
07/25/2012 09:59:38 am: Start insert...
07/25/2012 09:59:38 am: Query has run: <CALL USP_InsertCurrency ('test2','t3s');>.
07/25/2012 09:59:38 am: ... End insert
07/25/2012 09:59:38 am: Get the dataset to return in json obj...
07/25/2012 09:59:38 am: Query has run: <CALL USP_GetCurrencies();>.
07/25/2012 09:59:38 am: ... Got dataset to return in json obj
07/25/2012 09:59:44 am: Hit to <getData.php>. Type: <curr>. Currency in Post=<>. currency var=<1>.
07/25/2012 09:59:44 am: Hit to <getData.php>. Type: <acc>. Currency in Post=<2>. currency var=<2>.
07/25/2012 09:59:44 am: Get the dataset to return in json obj...
07/25/2012 09:59:44 am: Get the dataset to return in json obj...
07/25/2012 09:59:44 am: Query has run: <CALL USP_GetCurrencies();>.
07/25/2012 09:59:44 am: ... Got dataset to return in json obj
07/25/2012 09:59:44 am: Query has run: <CALL USP_GetAccounts();>.
07/25/2012 09:59:44 am: ... Got dataset to return in json obj
07/25/2012 10:01:56 am: Hit to <getData.php>. Type: <curr>. Currency in Post=<>. currency var=<1>.
07/25/2012 10:01:56 am: Hit to <getData.php>. Type: <acc>. Currency in Post=<2>. currency var=<2>.
07/25/2012 10:01:56 am: Get the dataset to return in json obj...
07/25/2012 10:01:56 am: Get the dataset to return in json obj...
07/25/2012 10:01:56 am: Query has run: <CALL USP_GetCurrencies();>.
07/25/2012 10:01:56 am: ... Got dataset to return in json obj
07/25/2012 10:01:56 am: Query has run: <CALL USP_GetAccounts();>.
07/25/2012 10:01:56 am: ... Got dataset to return in json obj
07/25/2012 10:02:28 am: Hit to <insert.php>. Type in post: <curr>. Currency in Post=<>. Account Name in Post=<>.
07/25/2012 10:02:28 am: Line 50-> Query2 to run: <CALL USP_GetCurrencies();>.
07/25/2012 10:02:28 am: Start insert...
07/25/2012 10:02:28 am: Query has run: <CALL USP_InsertCurrency ('test5','t5s');>.
07/25/2012 10:02:28 am: ... End insert
07/25/2012 10:02:28 am: Get the dataset to return in json obj...
07/25/2012 10:02:28 am: Query has run: <CALL USP_GetCurrencies();>.
07/25/2012 10:02:28 am: ... Got dataset to return in json obj
07/25/2012 10:02:31 am: Hit to <getData.php>. Type: <acc>. Currency in Post=<2>. currency var=<2>.
07/25/2012 10:02:31 am: Hit to <getData.php>. Type: <curr>. Currency in Post=<>. currency var=<1>.
07/25/2012 10:02:31 am: Get the dataset to return in json obj...
07/25/2012 10:02:31 am: Query has run: <CALL USP_GetAccounts();>.
07/25/2012 10:02:31 am: ... Got dataset to return in json obj
07/25/2012 10:02:31 am: Get the dataset to return in json obj...
07/25/2012 10:02:31 am: Query has run: <CALL USP_GetCurrencies();>.
07/25/2012 10:02:31 am: ... Got dataset to return in json obj
07/25/2012 10:05:50 am: Hit to <insert.php>. Type in post: <curr>. Currency in Post=<>. Account Name in Post=<>.
07/25/2012 10:05:50 am: Line 50-> Query2 to run: <CALL USP_GetCurrencies();>.
07/25/2012 10:05:50 am: Start insert...
07/25/2012 10:05:50 am: Query has run: <CALL USP_InsertCurrency ('test6','t6s');>.
07/25/2012 10:05:50 am: ... End insert
07/25/2012 10:05:50 am: Get the dataset to return in json obj...
07/25/2012 10:05:50 am: Query has run: <CALL USP_GetCurrencies();>.
07/25/2012 10:05:50 am: ... Got dataset to return in json obj
07/25/2012 10:11:44 am: Hit to <getData.php>. Type: <acc>. Currency in Post=<2>. currency var=<2>.
07/25/2012 10:11:44 am: Hit to <getData.php>. Type: <curr>. Currency in Post=<>. currency var=<1>.
07/25/2012 10:11:44 am: Get the dataset to return in json obj...
07/25/2012 10:11:44 am: Get the dataset to return in json obj...
07/25/2012 10:11:44 am: Query has run: <CALL USP_GetAccounts();>.
07/25/2012 10:11:44 am: ... Got dataset to return in json obj
07/25/2012 10:11:44 am: Query has run: <CALL USP_GetCurrencies();>.
07/25/2012 10:11:44 am: ... Got dataset to return in json obj
07/25/2012 10:11:58 am: Hit to <insert.php>. Type in post: <curr>. Currency in Post=<>. Account Name in Post=<>.
07/25/2012 10:11:58 am: Line 50-> Query2 to run: <CALL USP_GetCurrencies();>.
07/25/2012 10:11:58 am: Start insert...
07/25/2012 10:11:58 am: Query has run: <CALL USP_InsertCurrency ('test7','t7s');>.
07/25/2012 10:11:58 am: ... End insert
07/25/2012 10:11:58 am: Get the dataset to return in json obj...
07/25/2012 10:11:58 am: Query has run: <CALL USP_GetCurrencies();>.
07/25/2012 10:11:58 am: ... Got dataset to return in json obj
07/25/2012 10:20:15 am: Hit to <getData.php>. Type: <acc>. Currency in Post=<2>. currency var=<2>.
07/25/2012 10:20:15 am: Hit to <getData.php>. Type: <curr>. Currency in Post=<>. currency var=<1>.
07/25/2012 10:20:15 am: Hit to <getData.php>. Type: <curr>. Currency in Post=<>. currency var=<1>.
07/25/2012 10:20:15 am: Get the dataset to return in json obj...
07/25/2012 10:20:15 am: Query has run: <CALL USP_GetCurrencies();>.
07/25/2012 10:20:15 am: ... Got dataset to return in json obj
07/25/2012 10:20:15 am: Get the dataset to return in json obj...
07/25/2012 10:20:15 am: Query has run: <CALL USP_GetAccounts();>.
07/25/2012 10:20:15 am: ... Got dataset to return in json obj
07/25/2012 10:20:15 am: Get the dataset to return in json obj...
07/25/2012 10:20:15 am: Query has run: <CALL USP_GetCurrencies();>.
07/25/2012 10:20:15 am: ... Got dataset to return in json obj
07/25/2012 10:20:57 am: Hit to <getData.php>. Type: <acc>. Currency in Post=<2>. currency var=<2>.
07/25/2012 10:20:57 am: Get the dataset to return in json obj...
07/25/2012 10:20:57 am: Query has run: <CALL USP_GetAccounts();>.
07/25/2012 10:20:57 am: ... Got dataset to return in json obj
07/25/2012 10:20:57 am: Hit to <getData.php>. Type: <curr>. Currency in Post=<>. currency var=<1>.
07/25/2012 10:20:57 am: Get the dataset to return in json obj...
07/25/2012 10:20:57 am: Query has run: <CALL USP_GetCurrencies();>.
07/25/2012 10:20:57 am: ... Got dataset to return in json obj
07/25/2012 10:20:57 am: Hit to <getData.php>. Type: <payee>. Currency in Post=<>. currency var=<1>.
07/25/2012 10:20:57 am: Get the dataset to return in json obj...
07/25/2012 10:20:57 am: Query has run: <CALL USP_GetPayees();>.
07/25/2012 10:20:57 am: ... Got dataset to return in json obj
07/25/2012 10:23:46 am: Hit to <getData.php>. Type: <acc>. Currency in Post=<2>. currency var=<2>.
07/25/2012 10:23:46 am: Get the dataset to return in json obj...
07/25/2012 10:23:46 am: Query has run: <CALL USP_GetAccounts();>.
07/25/2012 10:23:46 am: ... Got dataset to return in json obj
07/25/2012 10:23:46 am: Hit to <getData.php>. Type: <curr>. Currency in Post=<>. currency var=<1>.
07/25/2012 10:23:46 am: Hit to <getData.php>. Type: <payee>. Currency in Post=<>. currency var=<1>.
07/25/2012 10:23:46 am: Get the dataset to return in json obj...
07/25/2012 10:23:46 am: Get the dataset to return in json obj...
07/25/2012 10:23:46 am: Query has run: <CALL USP_GetCurrencies();>.
07/25/2012 10:23:46 am: ... Got dataset to return in json obj
07/25/2012 10:23:46 am: Query has run: <CALL USP_GetPayees();>.
07/25/2012 10:23:46 am: ... Got dataset to return in json obj
07/25/2012 10:26:41 am: Hit to <getData.php>. Type: <acc>. Currency in Post=<2>. currency var=<2>.
07/25/2012 10:26:41 am: Hit to <getData.php>. Type: <curr>. Currency in Post=<>. currency var=<1>.
07/25/2012 10:26:41 am: Get the dataset to return in json obj...
07/25/2012 10:26:41 am: Hit to <getData.php>. Type: <payee>. Currency in Post=<>. currency var=<1>.
07/25/2012 10:26:41 am: Query has run: <CALL USP_GetCurrencies();>.
07/25/2012 10:26:41 am: ... Got dataset to return in json obj
07/25/2012 10:26:41 am: Get the dataset to return in json obj...
07/25/2012 10:26:41 am: Get the dataset to return in json obj...
07/25/2012 10:26:41 am: Query has run: <CALL USP_GetAccounts();>.
07/25/2012 10:26:41 am: ... Got dataset to return in json obj
07/25/2012 10:26:41 am: Query has run: <CALL USP_GetPayees();>.
07/25/2012 10:26:41 am: ... Got dataset to return in json obj
07/25/2012 10:30:32 am: Hit to <getData.php>. Type: <acc>. Currency in Post=<2>. currency var=<2>.
07/25/2012 10:30:32 am: Hit to <getData.php>. Type: <curr>. Currency in Post=<>. currency var=<1>.
07/25/2012 10:30:32 am: Get the dataset to return in json obj...
07/25/2012 10:30:32 am: Query has run: <CALL USP_GetCurrencies();>.
07/25/2012 10:30:32 am: ... Got dataset to return in json obj
07/25/2012 10:30:32 am: Hit to <getData.php>. Type: <payee>. Currency in Post=<>. currency var=<1>.
07/25/2012 10:30:32 am: Get the dataset to return in json obj...
07/25/2012 10:30:32 am: Get the dataset to return in json obj...
07/25/2012 10:30:32 am: Query has run: <CALL USP_GetPayees();>.
07/25/2012 10:30:32 am: ... Got dataset to return in json obj
07/25/2012 10:30:32 am: Query has run: <CALL USP_GetAccounts();>.
07/25/2012 10:30:32 am: ... Got dataset to return in json obj
07/25/2012 10:54:19 am: Query has run: <CALL USP_GetPayees ()>.
07/25/2012 11:14:10 am: Hit to <getData.php>. Type: <acc>. Currency in Post=<2>. currency var=<2>.
07/25/2012 11:14:10 am: Hit to <getData.php>. Type: <curr>. Currency in Post=<>. currency var=<1>.
07/25/2012 11:14:10 am: Get the dataset to return in json obj...
07/25/2012 11:14:10 am: Get the dataset to return in json obj...
07/25/2012 11:14:10 am: Hit to <getData.php>. Type: <payee>. Currency in Post=<>. currency var=<1>.
07/25/2012 11:14:10 am: Query has run: <CALL USP_GetAccounts();>.
07/25/2012 11:14:10 am: ... Got dataset to return in json obj
07/25/2012 11:14:10 am: Get the dataset to return in json obj...
07/25/2012 11:14:10 am: Query has run: <CALL USP_GetCurrencies();>.
07/25/2012 11:14:10 am: ... Got dataset to return in json obj
07/25/2012 11:14:10 am: Query has run: <CALL USP_GetPayees();>.
07/25/2012 11:14:10 am: ... Got dataset to return in json obj
07/25/2012 11:15:04 am: Hit to <insert.php>. Type in post: <payee>. Currency in Post=<>. Account Name in Post=<>.
07/25/2012 11:15:04 am: Line 78-> Query 1 to run: <CALL USP_InsertPayee ('zTest');>.
07/25/2012 11:15:04 am: Line 87-> Query2 to run: <CALL USP_GetPayees();>.
07/25/2012 11:15:04 am: Start insert...
07/25/2012 11:15:04 am: Query has run: <CALL USP_InsertPayee ('zTest');>.
07/25/2012 11:15:04 am: ... End insert
07/25/2012 11:15:04 am: Get the dataset to return in json obj...
07/25/2012 11:15:04 am: Query has run: <CALL USP_GetPayees();>.
07/25/2012 11:15:04 am: ... Got dataset to return in json obj
07/25/2012 11:15:50 am: Hit to <getData.php>. Type: <acc>. Currency in Post=<2>. currency var=<2>.
07/25/2012 11:15:50 am: Hit to <getData.php>. Type: <payee>. Currency in Post=<>. currency var=<1>.
07/25/2012 11:15:50 am: Hit to <getData.php>. Type: <curr>. Currency in Post=<>. currency var=<1>.
07/25/2012 11:15:50 am: Get the dataset to return in json obj...
07/25/2012 11:15:50 am: Get the dataset to return in json obj...
07/25/2012 11:15:50 am: Query has run: <CALL USP_GetPayees();>.
07/25/2012 11:15:50 am: ... Got dataset to return in json obj
07/25/2012 11:15:50 am: Query has run: <CALL USP_GetCurrencies();>.
07/25/2012 11:15:50 am: ... Got dataset to return in json obj
07/25/2012 11:15:50 am: Get the dataset to return in json obj...
07/25/2012 11:15:50 am: Query has run: <CALL USP_GetAccounts();>.
07/25/2012 11:15:50 am: ... Got dataset to return in json obj
07/25/2012 11:16:01 am: Hit to <insert.php>. Type in post: <payee>. Currency in Post=<>. Account Name in Post=<>.
07/25/2012 11:16:01 am: Line 78-> Query 1 to run: <CALL USP_InsertPayee ('zTest');>.
07/25/2012 11:16:01 am: Line 87-> Query2 to run: <CALL USP_GetPayees();>.
07/25/2012 11:16:01 am: Start insert...
07/25/2012 11:16:01 am: - Error in query: CALL USP_InsertPayee ('zTest');<br/>- Error: Duplicate entry 'zTest' for key 'uc_payeName' (Error #1062)<br/>- File: /Users/trust5/Dropbox/DEV/Web/FinanceApp/php/insert.php.<br/>07/25/2012 11:16:01 am: ... End insert
07/25/2012 11:16:01 am: Get the dataset to return in json obj...
07/25/2012 11:16:01 am: Query has run: <CALL USP_GetPayees();>.
07/25/2012 11:16:01 am: ... Got dataset to return in json obj
07/25/2012 11:16:16 am: Hit to <insert.php>. Type in post: <payee>. Currency in Post=<>. Account Name in Post=<>.
07/25/2012 11:16:16 am: Line 78-> Query 1 to run: <CALL USP_InsertPayee ('zTest2');>.
07/25/2012 11:16:16 am: Line 87-> Query2 to run: <CALL USP_GetPayees();>.
07/25/2012 11:16:16 am: Start insert...
07/25/2012 11:16:16 am: Query has run: <CALL USP_InsertPayee ('zTest2');>.
07/25/2012 11:16:16 am: ... End insert
07/25/2012 11:16:16 am: Get the dataset to return in json obj...
07/25/2012 11:16:16 am: Query has run: <CALL USP_GetPayees();>.
07/25/2012 11:16:16 am: ... Got dataset to return in json obj
07/25/2012 11:18:07 am: Query has run: <CALL USP_GetCurrencies ()>.
07/25/2012 11:18:17 am: Query has run: <CALL USP_GetAccounts ()>.
07/25/2012 11:18:18 am: Query has run: <CALL USP_GetCategories2 ()>.
07/25/2012 11:18:26 am: Query has run: <CALL USP_GetCategories2 ()>.
07/25/2012 11:18:28 am: Hit to <getData.php>. Type: <acc>. Currency in Post=<2>. currency var=<2>.
07/25/2012 11:18:28 am: Get the dataset to return in json obj...
07/25/2012 11:18:28 am: Query has run: <CALL USP_GetAccounts();>.
07/25/2012 11:18:28 am: ... Got dataset to return in json obj
07/25/2012 11:18:28 am: Hit to <getData.php>. Type: <curr>. Currency in Post=<>. currency var=<1>.
07/25/2012 11:18:28 am: Hit to <getData.php>. Type: <payee>. Currency in Post=<>. currency var=<1>.
07/25/2012 11:18:28 am: Get the dataset to return in json obj...
07/25/2012 11:18:28 am: Get the dataset to return in json obj...
07/25/2012 11:18:28 am: Query has run: <CALL USP_GetCurrencies();>.
07/25/2012 11:18:28 am: ... Got dataset to return in json obj
07/25/2012 11:18:28 am: Query has run: <CALL USP_GetPayees();>.
07/25/2012 11:18:28 am: ... Got dataset to return in json obj
07/25/2012 11:18:32 am: Hit to <getData.php>. Type: <acc>. Currency in Post=<2>. currency var=<2>.
07/25/2012 11:18:32 am: Get the dataset to return in json obj...
07/25/2012 11:18:32 am: Query has run: <CALL USP_GetAccounts();>.
07/25/2012 11:18:32 am: ... Got dataset to return in json obj
07/25/2012 11:18:32 am: Hit to <getData.php>. Type: <curr>. Currency in Post=<>. currency var=<1>.
07/25/2012 11:18:32 am: Hit to <getData.php>. Type: <payee>. Currency in Post=<>. currency var=<1>.
07/25/2012 11:18:32 am: Get the dataset to return in json obj...
07/25/2012 11:18:32 am: Get the dataset to return in json obj...
07/25/2012 11:18:32 am: Query has run: <CALL USP_GetPayees();>.
07/25/2012 11:18:32 am: ... Got dataset to return in json obj
07/25/2012 11:18:32 am: Query has run: <CALL USP_GetCurrencies();>.
07/25/2012 11:18:32 am: ... Got dataset to return in json obj
07/25/2012 11:18:36 am: Query has run: <CALL USP_GetPayees ()>.
07/25/2012 11:18:38 am: Query has run: <CALL USP_GetTransactionTypes ()>.
07/25/2012 11:20:04 am: Hit to <getData.php>. Type: <acc>. Currency in Post=<2>. currency var=<2>.
07/25/2012 11:20:04 am: Get the dataset to return in json obj...
07/25/2012 11:20:04 am: Query has run: <CALL USP_GetAccounts();>.
07/25/2012 11:20:04 am: ... Got dataset to return in json obj
07/25/2012 11:20:04 am: Hit to <getData.php>. Type: <curr>. Currency in Post=<>. currency var=<1>.
07/25/2012 11:20:04 am: Hit to <getData.php>. Type: <payee>. Currency in Post=<>. currency var=<1>.
07/25/2012 11:20:04 am: Get the dataset to return in json obj...
07/25/2012 11:20:04 am: Query has run: <CALL USP_GetPayees();>.
07/25/2012 11:20:04 am: ... Got dataset to return in json obj
07/25/2012 11:20:04 am: Get the dataset to return in json obj...
07/25/2012 11:20:04 am: Query has run: <CALL USP_GetCurrencies();>.
07/25/2012 11:20:04 am: ... Got dataset to return in json obj
07/25/2012 11:47:56 am: Hit to <getData.php>. Type: <curr>. Currency in Post=<>. currency var=<1>.
07/25/2012 11:47:56 am: Get the dataset to return in json obj...
07/25/2012 11:47:56 am: Hit to <getData.php>. Type: <acc>. Currency in Post=<1>. currency var=<1>.
07/25/2012 11:47:56 am: Query has run: <CALL USP_GetCurrencies();>.
07/25/2012 11:47:56 am: ... Got dataset to return in json obj
07/25/2012 11:47:56 am: Hit to <getData.php>. Type: <payee>. Currency in Post=<>. currency var=<1>.
07/25/2012 11:47:56 am: Get the dataset to return in json obj...
07/25/2012 11:47:56 am: Query has run: <CALL USP_GetAccounts();>.
07/25/2012 11:47:56 am: ... Got dataset to return in json obj
07/25/2012 11:47:56 am: Get the dataset to return in json obj...
07/25/2012 11:47:56 am: Query has run: <CALL USP_GetPayees();>.
07/25/2012 11:47:56 am: ... Got dataset to return in json obj
07/25/2012 12:20:42 pm: Hit to <getData.php>. Type: <payee>. Currency in Post=<>. currency var=<1>.
07/25/2012 12:20:42 pm: Hit to <getData.php>. Type: <curr>. Currency in Post=<>. currency var=<1>.
07/25/2012 12:20:42 pm: Hit to <getData.php>. Type: <acc>. Currency in Post=<1>. currency var=<1>.
07/25/2012 12:20:42 pm: Get the dataset to return in json obj...
07/25/2012 12:20:42 pm: Get the dataset to return in json obj...
07/25/2012 12:20:42 pm: Query has run: <CALL USP_GetCurrencies();>.
07/25/2012 12:20:42 pm: ... Got dataset to return in json obj
07/25/2012 12:20:42 pm: Query has run: <CALL USP_GetPayees();>.
07/25/2012 12:20:42 pm: ... Got dataset to return in json obj
07/25/2012 12:20:42 pm: Hit to <getData.php>. Type: <cat>. Currency in Post=<>. currency var=<1>.
07/25/2012 12:20:42 pm: Get the dataset to return in json obj...
07/25/2012 12:20:42 pm: Query has run: <CALL USP_GetAccounts();>.
07/25/2012 12:20:42 pm: ... Got dataset to return in json obj
07/25/2012 12:20:42 pm: Get the dataset to return in json obj...
07/25/2012 12:20:42 pm: Query has run: <CALL USP_GetCategories();>.
07/25/2012 12:20:42 pm: ... Got dataset to return in json obj
07/25/2012 12:21:03 pm: Hit to <insert.php>. Type in post: <cat>. Currency in Post=<>. Account Name in Post=<>.
07/25/2012 12:21:03 pm: Start insert...
07/25/2012 12:21:03 pm: Query has run: <CALL USP_InsertCategory ('test');>.
07/25/2012 12:21:03 pm: ... End insert
07/25/2012 12:23:35 pm: Hit to <getData.php>. Type: <acc>. Currency in Post=<1>. currency var=<1>.
07/25/2012 12:23:35 pm: Hit to <getData.php>. Type: <cat>. Currency in Post=<>. currency var=<1>.
07/25/2012 12:23:35 pm: Hit to <getData.php>. Type: <payee>. Currency in Post=<>. currency var=<1>.
07/25/2012 12:23:35 pm: Hit to <getData.php>. Type: <curr>. Currency in Post=<>. currency var=<1>.
07/25/2012 12:23:35 pm: Get the dataset to return in json obj...
07/25/2012 12:23:35 pm: Get the dataset to return in json obj...
07/25/2012 12:23:35 pm: Get the dataset to return in json obj...
07/25/2012 12:23:35 pm: Get the dataset to return in json obj...
07/25/2012 12:23:35 pm: Query has run: <CALL USP_GetAccounts();>.
07/25/2012 12:23:35 pm: ... Got dataset to return in json obj
07/25/2012 12:23:35 pm: Query has run: <CALL USP_GetCategories();>.
07/25/2012 12:23:35 pm: ... Got dataset to return in json obj
07/25/2012 12:23:35 pm: Query has run: <CALL USP_GetPayees();>.
07/25/2012 12:23:35 pm: ... Got dataset to return in json obj
07/25/2012 12:23:35 pm: Query has run: <CALL USP_GetCurrencies();>.
07/25/2012 12:23:35 pm: ... Got dataset to return in json obj
07/25/2012 12:23:42 pm: Hit to <insert.php>. Type in post: <cat>. Currency in Post=<>. Account Name in Post=<>.
07/25/2012 12:23:42 pm: Line 65-> Query2 to run: <CALL USP_GetCategories();>.
07/25/2012 12:23:42 pm: Start insert...
07/25/2012 12:23:42 pm: Query has run: <CALL USP_InsertCategory ('test2');>.
07/25/2012 12:23:42 pm: ... End insert
07/25/2012 12:23:42 pm: Get the dataset to return in json obj...
07/25/2012 12:23:42 pm: Query has run: <CALL USP_GetCategories();>.
07/25/2012 12:23:42 pm: ... Got dataset to return in json obj
07/25/2012 01:01:32 pm: Hit to <getData.php>. Type: <acc>. Currency in Post=<1>. currency var=<1>.
07/25/2012 01:01:32 pm: Hit to <getData.php>. Type: <curr>. Currency in Post=<>. currency var=<1>.
07/25/2012 01:01:32 pm: Hit to <getData.php>. Type: <payee>. Currency in Post=<>. currency var=<1>.
07/25/2012 01:01:32 pm: Get the dataset to return in json obj...
07/25/2012 01:01:32 pm: Hit to <getData.php>. Type: <cat>. Currency in Post=<>. currency var=<1>.
07/25/2012 01:01:32 pm: Query has run: <CALL USP_GetAccounts();>.
07/25/2012 01:01:32 pm: ... Got dataset to return in json obj
07/25/2012 01:01:32 pm: Get the dataset to return in json obj...
07/25/2012 01:01:32 pm: Get the dataset to return in json obj...
07/25/2012 01:01:32 pm: Query has run: <CALL USP_GetCurrencies();>.
07/25/2012 01:01:32 pm: ... Got dataset to return in json obj
07/25/2012 01:01:32 pm: Query has run: <CALL USP_GetCategories();>.
07/25/2012 01:01:32 pm: ... Got dataset to return in json obj
07/25/2012 01:01:32 pm: Get the dataset to return in json obj...
07/25/2012 01:01:32 pm: Query has run: <CALL USP_GetPayees();>.
07/25/2012 01:01:32 pm: ... Got dataset to return in json obj
07/25/2012 01:02:03 pm: Amount value: -2,98. Preg_match_all result is <1>
07/25/2012 01:02:13 pm: Amount value: -2,98. Preg_match_all result is <1>
07/25/2012 01:02:21 pm: Amount value: -2,98. Preg_match_all result is <1>
07/25/2012 01:02:45 pm: Amount value: -2,98. Preg_match_all result is <1>
07/25/2012 01:03:00 pm: Amount value: -2,98. Preg_match_all result is <1>
07/25/2012 01:10:19 pm: Amount value: -2,98. Preg_match_all result is <1>
07/25/2012 01:15:16 pm: Amount value: -2,98. Preg_match_all result is <1>
07/25/2012 01:51:08 pm: Hit to <getData.php>. Type: <acc>. Currency in Post=<1>. currency var=<1>.
07/25/2012 01:51:08 pm: Hit to <getData.php>. Type: <curr>. Currency in Post=<>. currency var=<1>.
07/25/2012 01:51:08 pm: Hit to <getData.php>. Type: <payee>. Currency in Post=<>. currency var=<1>.
07/25/2012 01:51:08 pm: Hit to <getData.php>. Type: <cat>. Currency in Post=<>. currency var=<1>.
07/25/2012 01:51:08 pm: Get the dataset to return in json obj...
07/25/2012 01:51:08 pm: Get the dataset to return in json obj...
07/25/2012 01:51:08 pm: Get the dataset to return in json obj...
07/25/2012 01:51:08 pm: Get the dataset to return in json obj...
07/25/2012 01:51:08 pm: Query has run: <CALL USP_GetCurrencies();>.
07/25/2012 01:51:08 pm: ... Got dataset to return in json obj
07/25/2012 01:51:08 pm: Query has run: <CALL USP_GetPayees();>.
07/25/2012 01:51:08 pm: ... Got dataset to return in json obj
07/25/2012 01:51:08 pm: Query has run: <CALL USP_GetCategories();>.
07/25/2012 01:51:08 pm: ... Got dataset to return in json obj
07/25/2012 01:51:08 pm: Query has run: <CALL USP_GetAccounts();>.
07/25/2012 01:51:08 pm: ... Got dataset to return in json obj
07/25/2012 01:51:10 pm: Query has run: <CALL USP_GetCurrencies ()>.
07/25/2012 01:51:11 pm: Query has run: <CALL USP_GetAccounts ()>.
07/25/2012 01:51:12 pm: Query has run: <CALL USP_GetCategories2 ()>.
07/25/2012 01:51:13 pm: Hit to <getData.php>. Type: <acc>. Currency in Post=<1>. currency var=<1>.
07/25/2012 01:51:13 pm: Get the dataset to return in json obj...
07/25/2012 01:51:13 pm: Query has run: <CALL USP_GetAccounts();>.
07/25/2012 01:51:13 pm: ... Got dataset to return in json obj
07/25/2012 01:51:13 pm: Hit to <getData.php>. Type: <cat>. Currency in Post=<>. currency var=<1>.
07/25/2012 01:51:13 pm: Hit to <getData.php>. Type: <curr>. Currency in Post=<>. currency var=<1>.
07/25/2012 01:51:13 pm: Hit to <getData.php>. Type: <payee>. Currency in Post=<>. currency var=<1>.
07/25/2012 01:51:13 pm: Get the dataset to return in json obj...
07/25/2012 01:51:13 pm: Get the dataset to return in json obj...
07/25/2012 01:51:13 pm: Get the dataset to return in json obj...
07/25/2012 01:51:13 pm: Query has run: <CALL USP_GetCurrencies();>.
07/25/2012 01:51:13 pm: ... Got dataset to return in json obj
07/25/2012 01:51:13 pm: Query has run: <CALL USP_GetPayees();>.
07/25/2012 01:51:13 pm: ... Got dataset to return in json obj
07/25/2012 01:51:13 pm: Query has run: <CALL USP_GetCategories();>.
07/25/2012 01:51:13 pm: ... Got dataset to return in json obj
07/25/2012 01:51:13 pm: Query has run: <CALL USP_GetPayees ()>.
07/25/2012 01:51:16 pm: Query has run: <CALL USP_GetTransactionTypes ()>.
07/25/2012 01:51:25 pm: Query has run: <CALL USP_GetCategories2 ()>.
07/25/2012 01:51:29 pm: Query has run: <CALL USP_GetAccounts ()>.
07/25/2012 01:51:31 pm: Query has run: <CALL USP_GetTransactionTypes ()>.
07/25/2012 01:51:40 pm: Hit to <getData.php>. Type: <acc>. Currency in Post=<1>. currency var=<1>.
07/25/2012 01:51:40 pm: Get the dataset to return in json obj...
07/25/2012 01:51:40 pm: Query has run: <CALL USP_GetAccounts();>.
07/25/2012 01:51:40 pm: ... Got dataset to return in json obj
07/25/2012 01:51:40 pm: Hit to <getData.php>. Type: <curr>. Currency in Post=<>. currency var=<1>.
07/25/2012 01:51:40 pm: Get the dataset to return in json obj...
07/25/2012 01:51:40 pm: Query has run: <CALL USP_GetCurrencies();>.
07/25/2012 01:51:40 pm: ... Got dataset to return in json obj
07/25/2012 01:51:40 pm: Hit to <getData.php>. Type: <payee>. Currency in Post=<>. currency var=<1>.
07/25/2012 01:51:40 pm: Get the dataset to return in json obj...
07/25/2012 01:51:40 pm: Query has run: <CALL USP_GetPayees();>.
07/25/2012 01:51:40 pm: ... Got dataset to return in json obj
07/25/2012 01:51:40 pm: Hit to <getData.php>. Type: <cat>. Currency in Post=<>. currency var=<1>.
07/25/2012 01:51:40 pm: Get the dataset to return in json obj...
07/25/2012 01:51:40 pm: Query has run: <CALL USP_GetCategories();>.
07/25/2012 01:51:40 pm: ... Got dataset to return in json obj
07/25/2012 01:51:43 pm: Hit to <getData.php>. Type: <acc>. Currency in Post=<1>. currency var=<1>.
07/25/2012 01:51:43 pm: Get the dataset to return in json obj...
07/25/2012 01:51:43 pm: Query has run: <CALL USP_GetAccounts();>.
07/25/2012 01:51:43 pm: ... Got dataset to return in json obj
07/25/2012 01:51:43 pm: Hit to <getData.php>. Type: <curr>. Currency in Post=<>. currency var=<1>.
07/25/2012 01:51:43 pm: Hit to <getData.php>. Type: <payee>. Currency in Post=<>. currency var=<1>.
07/25/2012 01:51:43 pm: Hit to <getData.php>. Type: <cat>. Currency in Post=<>. currency var=<1>.
07/25/2012 01:51:43 pm: Get the dataset to return in json obj...
07/25/2012 01:51:43 pm: Get the dataset to return in json obj...
07/25/2012 01:51:43 pm: Get the dataset to return in json obj...
07/25/2012 01:51:43 pm: Query has run: <CALL USP_GetCategories();>.
07/25/2012 01:51:43 pm: ... Got dataset to return in json obj
07/25/2012 01:51:43 pm: Query has run: <CALL USP_GetCurrencies();>.
07/25/2012 01:51:43 pm: ... Got dataset to return in json obj
07/25/2012 01:51:43 pm: Query has run: <CALL USP_GetPayees();>.
07/25/2012 01:51:43 pm: ... Got dataset to return in json obj
07/25/2012 01:53:44 pm: Amount value: -2,98. Preg_match_all result is <1>
07/25/2012 01:54:06 pm: Hit to <getData.php>. Type: <acc>. Currency in Post=<1>. currency var=<1>.
07/25/2012 01:54:06 pm: Get the dataset to return in json obj...
07/25/2012 01:54:06 pm: Hit to <getData.php>. Type: <curr>. Currency in Post=<>. currency var=<1>.
07/25/2012 01:54:06 pm: Query has run: <CALL USP_GetAccounts();>.
07/25/2012 01:54:06 pm: ... Got dataset to return in json obj
07/25/2012 01:54:06 pm: Get the dataset to return in json obj...
07/25/2012 01:54:06 pm: Hit to <getData.php>. Type: <cat>. Currency in Post=<>. currency var=<1>.
07/25/2012 01:54:06 pm: Hit to <getData.php>. Type: <payee>. Currency in Post=<>. currency var=<1>.
07/25/2012 01:54:06 pm: Get the dataset to return in json obj...
07/25/2012 01:54:06 pm: Get the dataset to return in json obj...
07/25/2012 01:54:06 pm: Query has run: <CALL USP_GetPayees();>.
07/25/2012 01:54:06 pm: ... Got dataset to return in json obj
07/25/2012 01:54:06 pm: Query has run: <CALL USP_GetCurrencies();>.
07/25/2012 01:54:06 pm: ... Got dataset to return in json obj
07/25/2012 01:54:06 pm: Query has run: <CALL USP_GetCategories();>.
07/25/2012 01:54:06 pm: ... Got dataset to return in json obj
07/25/2012 01:54:14 pm: Hit to <getData.php>. Type: <acc>. Currency in Post=<1>. currency var=<1>.
07/25/2012 01:54:14 pm: Hit to <getData.php>. Type: <curr>. Currency in Post=<>. currency var=<1>.
07/25/2012 01:54:14 pm: Get the dataset to return in json obj...
07/25/2012 01:54:14 pm: Get the dataset to return in json obj...
07/25/2012 01:54:14 pm: Query has run: <CALL USP_GetCurrencies();>.
07/25/2012 01:54:14 pm: ... Got dataset to return in json obj
07/25/2012 01:54:14 pm: Query has run: <CALL USP_GetAccounts();>.
07/25/2012 01:54:14 pm: ... Got dataset to return in json obj
07/25/2012 01:54:14 pm: Hit to <getData.php>. Type: <payee>. Currency in Post=<>. currency var=<1>.
07/25/2012 01:54:14 pm: Get the dataset to return in json obj...
07/25/2012 01:54:14 pm: Query has run: <CALL USP_GetPayees();>.
07/25/2012 01:54:14 pm: ... Got dataset to return in json obj
07/25/2012 01:54:14 pm: Hit to <getData.php>. Type: <cat>. Currency in Post=<>. currency var=<1>.
07/25/2012 01:54:14 pm: Get the dataset to return in json obj...
07/25/2012 01:54:14 pm: Query has run: <CALL USP_GetCategories();>.
07/25/2012 01:54:14 pm: ... Got dataset to return in json obj
07/25/2012 01:54:37 pm: Amount value: -2,98. Preg_match_all result is <1>
07/25/2012 01:55:16 pm: Hit to <getData.php>. Type: <acc>. Currency in Post=<1>. currency var=<1>.
07/25/2012 01:55:16 pm: Hit to <getData.php>. Type: <curr>. Currency in Post=<>. currency var=<1>.
07/25/2012 01:55:16 pm: Hit to <getData.php>. Type: <payee>. Currency in Post=<>. currency var=<1>.
07/25/2012 01:55:16 pm: Hit to <getData.php>. Type: <cat>. Currency in Post=<>. currency var=<1>.
07/25/2012 01:55:16 pm: Get the dataset to return in json obj...
07/25/2012 01:55:16 pm: Get the dataset to return in json obj...
07/25/2012 01:55:16 pm: Query has run: <CALL USP_GetCurrencies();>.
07/25/2012 01:55:16 pm: ... Got dataset to return in json obj
07/25/2012 01:55:16 pm: Get the dataset to return in json obj...
07/25/2012 01:55:16 pm: Query has run: <CALL USP_GetAccounts();>.
07/25/2012 01:55:16 pm: ... Got dataset to return in json obj
07/25/2012 01:55:16 pm: Get the dataset to return in json obj...
07/25/2012 01:55:16 pm: Query has run: <CALL USP_GetPayees();>.
07/25/2012 01:55:16 pm: ... Got dataset to return in json obj
07/25/2012 01:55:16 pm: Query has run: <CALL USP_GetCategories();>.
07/25/2012 01:55:16 pm: ... Got dataset to return in json obj
07/25/2012 01:55:26 pm: Query has run: <CALL USP_GetPayees ()>.
07/25/2012 01:56:03 pm: Hit to <getData.php>. Type: <acc>. Currency in Post=<1>. currency var=<1>.
07/25/2012 01:56:03 pm: Hit to <getData.php>. Type: <curr>. Currency in Post=<>. currency var=<1>.
07/25/2012 01:56:03 pm: Hit to <getData.php>. Type: <cat>. Currency in Post=<>. currency var=<1>.
07/25/2012 01:56:03 pm: Hit to <getData.php>. Type: <payee>. Currency in Post=<>. currency var=<1>.
07/25/2012 01:56:03 pm: Get the dataset to return in json obj...
07/25/2012 01:56:03 pm: Query has run: <CALL USP_GetAccounts();>.
07/25/2012 01:56:03 pm: ... Got dataset to return in json obj
07/25/2012 01:56:03 pm: Get the dataset to return in json obj...
07/25/2012 01:56:03 pm: Get the dataset to return in json obj...
07/25/2012 01:56:03 pm: Get the dataset to return in json obj...
07/25/2012 01:56:03 pm: Query has run: <CALL USP_GetCurrencies();>.
07/25/2012 01:56:03 pm: ... Got dataset to return in json obj
07/25/2012 01:56:03 pm: Query has run: <CALL USP_GetCategories();>.
07/25/2012 01:56:03 pm: ... Got dataset to return in json obj
07/25/2012 01:56:03 pm: Query has run: <CALL USP_GetPayees();>.
07/25/2012 01:56:03 pm: ... Got dataset to return in json obj
07/25/2012 01:56:06 pm: Hit to <getData.php>. Type: <acc>. Currency in Post=<1>. currency var=<1>.
07/25/2012 01:56:06 pm: Get the dataset to return in json obj...
07/25/2012 01:56:06 pm: Hit to <getData.php>. Type: <payee>. Currency in Post=<>. currency var=<1>.
07/25/2012 01:56:06 pm: Query has run: <CALL USP_GetAccounts();>.
07/25/2012 01:56:06 pm: ... Got dataset to return in json obj
07/25/2012 01:56:06 pm: Hit to <getData.php>. Type: <curr>. Currency in Post=<>. currency var=<1>.
07/25/2012 01:56:06 pm: Get the dataset to return in json obj...
07/25/2012 01:56:06 pm: Get the dataset to return in json obj...
07/25/2012 01:56:06 pm: Query has run: <CALL USP_GetCurrencies();>.
07/25/2012 01:56:06 pm: ... Got dataset to return in json obj
07/25/2012 01:56:06 pm: Query has run: <CALL USP_GetPayees();>.
07/25/2012 01:56:06 pm: ... Got dataset to return in json obj
07/25/2012 01:56:06 pm: Hit to <getData.php>. Type: <cat>. Currency in Post=<>. currency var=<1>.
07/25/2012 01:56:06 pm: Get the dataset to return in json obj...
07/25/2012 01:56:06 pm: Query has run: <CALL USP_GetCategories();>.
07/25/2012 01:56:06 pm: ... Got dataset to return in json obj
07/25/2012 01:56:21 pm: Amount value: -2,98. Preg_match_all result is <1>
07/25/2012 01:57:15 pm: Hit to <getData.php>. Type: <cat>. Currency in Post=<>. currency var=<1>.
07/25/2012 01:57:15 pm: Hit to <getData.php>. Type: <payee>. Currency in Post=<>. currency var=<1>.
07/25/2012 01:57:15 pm: Hit to <getData.php>. Type: <acc>. Currency in Post=<1>. currency var=<1>.
07/25/2012 01:57:15 pm: Hit to <getData.php>. Type: <curr>. Currency in Post=<>. currency var=<1>.
07/25/2012 01:57:15 pm: Get the dataset to return in json obj...
07/25/2012 01:57:15 pm: Get the dataset to return in json obj...
07/25/2012 01:57:15 pm: Query has run: <CALL USP_GetCurrencies();>.
07/25/2012 01:57:15 pm: ... Got dataset to return in json obj
07/25/2012 01:57:15 pm: Query has run: <CALL USP_GetCategories();>.
07/25/2012 01:57:15 pm: ... Got dataset to return in json obj
07/25/2012 01:57:15 pm: Get the dataset to return in json obj...
07/25/2012 01:57:15 pm: Query has run: <CALL USP_GetAccounts();>.
07/25/2012 01:57:15 pm: ... Got dataset to return in json obj
07/25/2012 01:57:15 pm: Get the dataset to return in json obj...
07/25/2012 01:57:15 pm: Query has run: <CALL USP_GetPayees();>.
07/25/2012 01:57:15 pm: ... Got dataset to return in json obj
07/25/2012 01:57:17 pm: Query has run: <CALL USP_GetPayees ()>.
07/25/2012 01:57:37 pm: Hit to <getData.php>. Type: <acc>. Currency in Post=<1>. currency var=<1>.
07/25/2012 01:57:37 pm: Get the dataset to return in json obj...
07/25/2012 01:57:37 pm: Query has run: <CALL USP_GetAccounts();>.
07/25/2012 01:57:37 pm: ... Got dataset to return in json obj
07/25/2012 01:57:37 pm: Hit to <getData.php>. Type: <curr>. Currency in Post=<>. currency var=<1>.
07/25/2012 01:57:37 pm: Hit to <getData.php>. Type: <cat>. Currency in Post=<>. currency var=<1>.
07/25/2012 01:57:37 pm: Hit to <getData.php>. Type: <payee>. Currency in Post=<>. currency var=<1>.
07/25/2012 01:57:37 pm: Get the dataset to return in json obj...
07/25/2012 01:57:37 pm: Get the dataset to return in json obj...
07/25/2012 01:57:37 pm: Get the dataset to return in json obj...
07/25/2012 01:57:37 pm: Query has run: <CALL USP_GetCurrencies();>.
07/25/2012 01:57:37 pm: ... Got dataset to return in json obj
07/25/2012 01:57:37 pm: Query has run: <CALL USP_GetCategories();>.
07/25/2012 01:57:37 pm: ... Got dataset to return in json obj
07/25/2012 01:57:37 pm: Query has run: <CALL USP_GetPayees();>.
07/25/2012 01:57:37 pm: ... Got dataset to return in json obj
07/25/2012 01:57:54 pm: Amount value: -2,98. Preg_match_all result is <1>
07/25/2012 01:57:59 pm: Hit to <getData.php>. Type: <acc>. Currency in Post=<1>. currency var=<1>.
07/25/2012 01:57:59 pm: Hit to <getData.php>. Type: <curr>. Currency in Post=<>. currency var=<1>.
07/25/2012 01:57:59 pm: Hit to <getData.php>. Type: <payee>. Currency in Post=<>. currency var=<1>.
07/25/2012 01:57:59 pm: Hit to <getData.php>. Type: <cat>. Currency in Post=<>. currency var=<1>.
07/25/2012 01:57:59 pm: Get the dataset to return in json obj...
07/25/2012 01:57:59 pm: Get the dataset to return in json obj...
07/25/2012 01:57:59 pm: Get the dataset to return in json obj...
07/25/2012 01:57:59 pm: Query has run: <CALL USP_GetPayees();>.
07/25/2012 01:57:59 pm: ... Got dataset to return in json obj
07/25/2012 01:57:59 pm: Query has run: <CALL USP_GetCategories();>.
07/25/2012 01:57:59 pm: ... Got dataset to return in json obj
07/25/2012 01:57:59 pm: Query has run: <CALL USP_GetCurrencies();>.
07/25/2012 01:57:59 pm: ... Got dataset to return in json obj
07/25/2012 01:57:59 pm: Get the dataset to return in json obj...
07/25/2012 01:57:59 pm: Query has run: <CALL USP_GetAccounts();>.
07/25/2012 01:57:59 pm: ... Got dataset to return in json obj
07/25/2012 01:59:23 pm: Hit to <getData.php>. Type: <curr>. Currency in Post=<>. currency var=<1>.
07/25/2012 01:59:23 pm: Hit to <getData.php>. Type: <payee>. Currency in Post=<>. currency var=<1>.
07/25/2012 01:59:23 pm: Hit to <getData.php>. Type: <acc>. Currency in Post=<1>. currency var=<1>.
07/25/2012 01:59:23 pm: Hit to <getData.php>. Type: <cat>. Currency in Post=<>. currency var=<1>.
07/25/2012 01:59:23 pm: Get the dataset to return in json obj...
07/25/2012 01:59:23 pm: Get the dataset to return in json obj...
07/25/2012 01:59:23 pm: Get the dataset to return in json obj...
07/25/2012 01:59:23 pm: Get the dataset to return in json obj...
07/25/2012 01:59:23 pm: Query has run: <CALL USP_GetCurrencies();>.
07/25/2012 01:59:23 pm: ... Got dataset to return in json obj
07/25/2012 01:59:23 pm: Query has run: <CALL USP_GetCategories();>.
07/25/2012 01:59:23 pm: ... Got dataset to return in json obj
07/25/2012 01:59:23 pm: Query has run: <CALL USP_GetPayees();>.
07/25/2012 01:59:23 pm: ... Got dataset to return in json obj
07/25/2012 01:59:23 pm: Query has run: <CALL USP_GetAccounts();>.
07/25/2012 01:59:23 pm: ... Got dataset to return in json obj
07/25/2012 01:59:42 pm: Hit to <getData.php>. Type: <acc>. Currency in Post=<1>. currency var=<1>.
07/25/2012 01:59:42 pm: Hit to <getData.php>. Type: <payee>. Currency in Post=<>. currency var=<1>.
07/25/2012 01:59:42 pm: Hit to <getData.php>. Type: <curr>. Currency in Post=<>. currency var=<1>.
07/25/2012 01:59:42 pm: Get the dataset to return in json obj...
07/25/2012 01:59:42 pm: Get the dataset to return in json obj...
07/25/2012 01:59:42 pm: Hit to <getData.php>. Type: <cat>. Currency in Post=<>. currency var=<1>.
07/25/2012 01:59:42 pm: Get the dataset to return in json obj...
07/25/2012 01:59:42 pm: Get the dataset to return in json obj...
07/25/2012 01:59:42 pm: Query has run: <CALL USP_GetAccounts();>.
07/25/2012 01:59:42 pm: ... Got dataset to return in json obj
07/25/2012 01:59:42 pm: Query has run: <CALL USP_GetPayees();>.
07/25/2012 01:59:42 pm: ... Got dataset to return in json obj
07/25/2012 01:59:42 pm: Query has run: <CALL USP_GetCategories();>.
07/25/2012 01:59:42 pm: ... Got dataset to return in json obj
07/25/2012 01:59:42 pm: Query has run: <CALL USP_GetCurrencies();>.
07/25/2012 01:59:42 pm: ... Got dataset to return in json obj
07/25/2012 02:18:51 pm: Hit to <getData.php>. Type: <cat>. Currency in Post=<>. currency var=<1>.
07/25/2012 02:18:51 pm: Hit to <getData.php>. Type: <acc>. Currency in Post=<1>. currency var=<1>.
07/25/2012 02:18:51 pm: Hit to <getData.php>. Type: <curr>. Currency in Post=<>. currency var=<1>.
07/25/2012 02:18:51 pm: Get the dataset to return in json obj...
07/25/2012 02:18:51 pm: Get the dataset to return in json obj...
07/25/2012 02:18:51 pm: Get the dataset to return in json obj...
07/25/2012 02:18:51 pm: Query has run: <CALL USP_GetCategories();>.
07/25/2012 02:18:51 pm: ... Got dataset to return in json obj
07/25/2012 02:18:51 pm: Hit to <getData.php>. Type: <payee>. Currency in Post=<>. currency var=<1>.
07/25/2012 02:18:51 pm: Query has run: <CALL USP_GetAccounts();>.
07/25/2012 02:18:51 pm: Query has run: <CALL USP_GetCurrencies();>.
07/25/2012 02:18:51 pm: ... Got dataset to return in json obj
07/25/2012 02:18:51 pm: ... Got dataset to return in json obj
07/25/2012 02:18:51 pm: Get the dataset to return in json obj...
07/25/2012 02:18:52 pm: Query has run: <CALL USP_GetPayees();>.
07/25/2012 02:18:52 pm: ... Got dataset to return in json obj
07/25/2012 03:15:01 pm: Hit to <insert.php>. Type in post: <payee>. Currency in Post=<>. Account Name in Post=<>.
07/25/2012 03:15:01 pm: Line 78-> Query 1 to run: <CALL USP_InsertPayee ('wtest');>.
07/25/2012 03:15:01 pm: Line 87-> Query2 to run: <CALL USP_GetPayees();>.
07/25/2012 03:15:01 pm: Start insert...
07/25/2012 03:15:02 pm: Query has run: <CALL USP_InsertPayee ('wtest');>.
07/25/2012 03:15:02 pm: ... End insert
07/25/2012 03:15:02 pm: Get the dataset to return in json obj...
07/25/2012 03:15:03 pm: Query has run: <CALL USP_GetPayees();>.
07/25/2012 03:15:03 pm: ... Got dataset to return in json obj
07/25/2012 03:43:27 pm: Hit to <getData.php>. Type: <acc>. Currency in Post=<1>. currency var=<1>.
07/25/2012 03:43:27 pm: Hit to <getData.php>. Type: <payee>. Currency in Post=<>. currency var=<1>.
07/25/2012 03:43:27 pm: Hit to <getData.php>. Type: <curr>. Currency in Post=<>. currency var=<1>.
07/25/2012 03:43:27 pm: Get the dataset to return in json obj...
07/25/2012 03:43:27 pm: Hit to <getData.php>. Type: <scat>. Currency in Post=<>. currency var=<1>.
07/25/2012 03:43:27 pm: Get the dataset to return in json obj...
07/25/2012 03:43:27 pm: Hit to <getData.php>. Type: <cat>. Currency in Post=<>. currency var=<1>.
07/25/2012 03:43:28 pm: Query has run: <CALL USP_GetPayees();>.
07/25/2012 03:43:28 pm: ... Got dataset to return in json obj
07/25/2012 03:43:28 pm: Get the dataset to return in json obj...
07/25/2012 03:43:28 pm: Get the dataset to return in json obj...
07/25/2012 03:43:28 pm: Query has run: <CALL USP_GetCurrencies();>.
07/25/2012 03:43:28 pm: ... Got dataset to return in json obj
07/25/2012 03:43:28 pm: Query has run: <CALL USP_GetAccounts();>.
07/25/2012 03:43:28 pm: ... Got dataset to return in json obj
07/25/2012 03:43:28 pm: Get the dataset to return in json obj...
07/25/2012 03:43:28 pm: Query has run: <CALL USP_GetCategories();>.
07/25/2012 03:43:28 pm: ... Got dataset to return in json obj
07/25/2012 03:43:28 pm: Query has run: <CALL USP_GetCategories2();>.
07/25/2012 03:43:28 pm: ... Got dataset to return in json obj
07/25/2012 03:43:58 pm: Hit to <getData.php>. Type: <scat>. Currency in Post=<>. currency var=<1>.
07/25/2012 03:43:58 pm: Hit to <getData.php>. Type: <payee>. Currency in Post=<>. currency var=<1>.
07/25/2012 03:43:58 pm: Get the dataset to return in json obj...
07/25/2012 03:43:58 pm: Hit to <getData.php>. Type: <curr>. Currency in Post=<>. currency var=<1>.
07/25/2012 03:43:58 pm: Get the dataset to return in json obj...
07/25/2012 03:43:58 pm: Hit to <getData.php>. Type: <cat>. Currency in Post=<>. currency var=<1>.
07/25/2012 03:43:58 pm: Query has run: <CALL USP_GetCategories2();>.
07/25/2012 03:43:58 pm: ... Got dataset to return in json obj
07/25/2012 03:43:58 pm: Get the dataset to return in json obj...
07/25/2012 03:43:58 pm: Hit to <getData.php>. Type: <acc>. Currency in Post=<1>. currency var=<1>.
07/25/2012 03:43:58 pm: Get the dataset to return in json obj...
07/25/2012 03:43:58 pm: Query has run: <CALL USP_GetPayees();>.
07/25/2012 03:43:58 pm: ... Got dataset to return in json obj
07/25/2012 03:43:58 pm: Get the dataset to return in json obj...
07/25/2012 03:43:58 pm: Query has run: <CALL USP_GetCurrencies();>.
07/25/2012 03:43:58 pm: ... Got dataset to return in json obj
07/25/2012 03:43:58 pm: Query has run: <CALL USP_GetCategories();>.
07/25/2012 03:43:58 pm: ... Got dataset to return in json obj
07/25/2012 03:43:58 pm: Query has run: <CALL USP_GetAccounts();>.
07/25/2012 03:43:58 pm: ... Got dataset to return in json obj
07/25/2012 04:12:19 pm: Hit to <getData.php>. Type: <acc>. Currency in Post=<1>. currency var=<1>.
07/25/2012 04:12:19 pm: Hit to <getData.php>. Type: <curr>. Currency in Post=<>. currency var=<1>.
07/25/2012 04:12:19 pm: Hit to <getData.php>. Type: <cat>. Currency in Post=<>. currency var=<1>.
07/25/2012 04:12:19 pm: Hit to <getData.php>. Type: <scat>. Currency in Post=<>. currency var=<1>.
07/25/2012 04:12:19 pm: Hit to <getData.php>. Type: <payee>. Currency in Post=<>. currency var=<1>.
07/25/2012 04:12:19 pm: Get the dataset to return in json obj...
07/25/2012 04:12:19 pm: Query has run: <CALL USP_GetAccounts();>.
07/25/2012 04:12:19 pm: ... Got dataset to return in json obj
07/25/2012 04:12:19 pm: Get the dataset to return in json obj...
07/25/2012 04:12:19 pm: Get the dataset to return in json obj...
07/25/2012 04:12:19 pm: Get the dataset to return in json obj...
07/25/2012 04:12:19 pm: Query has run: <CALL USP_GetCategories();>.
07/25/2012 04:12:19 pm: ... Got dataset to return in json obj
07/25/2012 04:12:19 pm: Query has run: <CALL USP_GetCurrencies();>.
07/25/2012 04:12:19 pm: ... Got dataset to return in json obj
07/25/2012 04:12:19 pm: Query has run: <CALL USP_GetCategories2();>.
07/25/2012 04:12:19 pm: ... Got dataset to return in json obj
07/25/2012 04:12:19 pm: Get the dataset to return in json obj...
07/25/2012 04:12:19 pm: Query has run: <CALL USP_GetPayees();>.
07/25/2012 04:12:19 pm: ... Got dataset to return in json obj
07/25/2012 04:12:24 pm: Hit to <getData.php>. Type: <acc>. Currency in Post=<1>. currency var=<1>.
07/25/2012 04:12:24 pm: Get the dataset to return in json obj...
07/25/2012 04:12:24 pm: Query has run: <CALL USP_GetAccounts();>.
07/25/2012 04:12:24 pm: ... Got dataset to return in json obj
07/25/2012 04:12:24 pm: Hit to <getData.php>. Type: <curr>. Currency in Post=<>. currency var=<1>.
07/25/2012 04:12:24 pm: Get the dataset to return in json obj...
07/25/2012 04:12:24 pm: Query has run: <CALL USP_GetCurrencies();>.
07/25/2012 04:12:24 pm: ... Got dataset to return in json obj
07/25/2012 04:12:24 pm: Hit to <getData.php>. Type: <payee>. Currency in Post=<>. currency var=<1>.
07/25/2012 04:12:24 pm: Hit to <getData.php>. Type: <cat>. Currency in Post=<>. currency var=<1>.
07/25/2012 04:12:24 pm: Get the dataset to return in json obj...
07/25/2012 04:12:24 pm: Hit to <getData.php>. Type: <scat>. Currency in Post=<>. currency var=<1>.
07/25/2012 04:12:24 pm: Get the dataset to return in json obj...
07/25/2012 04:12:24 pm: Get the dataset to return in json obj...
07/25/2012 04:12:24 pm: Query has run: <CALL USP_GetPayees();>.
07/25/2012 04:12:24 pm: ... Got dataset to return in json obj
07/25/2012 04:12:24 pm: Query has run: <CALL USP_GetCategories();>.
07/25/2012 04:12:24 pm: ... Got dataset to return in json obj
07/25/2012 04:12:24 pm: Query has run: <CALL USP_GetCategories2();>.
07/25/2012 04:12:24 pm: ... Got dataset to return in json obj
07/25/2012 04:13:48 pm: Hit to <getData.php>. Type: <acc>. Currency in Post=<1>. currency var=<1>.
07/25/2012 04:13:48 pm: Get the dataset to return in json obj...
07/25/2012 04:13:48 pm: Query has run: <CALL USP_GetAccounts();>.
07/25/2012 04:13:48 pm: ... Got dataset to return in json obj
07/25/2012 04:13:48 pm: Hit to <getData.php>. Type: <curr>. Currency in Post=<>. currency var=<1>.
07/25/2012 04:13:48 pm: Hit to <getData.php>. Type: <payee>. Currency in Post=<>. currency var=<1>.
07/25/2012 04:13:48 pm: Hit to <getData.php>. Type: <cat>. Currency in Post=<>. currency var=<1>.
07/25/2012 04:13:48 pm: Get the dataset to return in json obj...
07/25/2012 04:13:48 pm: Get the dataset to return in json obj...
07/25/2012 04:13:48 pm: Get the dataset to return in json obj...
07/25/2012 04:13:48 pm: Hit to <getData.php>. Type: <scat>. Currency in Post=<>. currency var=<1>.
07/25/2012 04:13:48 pm: Query has run: <CALL USP_GetPayees();>.
07/25/2012 04:13:48 pm: Query has run: <CALL USP_GetCurrencies();>.
07/25/2012 04:13:48 pm: ... Got dataset to return in json obj
07/25/2012 04:13:48 pm: Get the dataset to return in json obj...
07/25/2012 04:13:48 pm: Query has run: <CALL USP_GetCategories();>.
07/25/2012 04:13:48 pm: ... Got dataset to return in json obj
07/25/2012 04:13:48 pm: ... Got dataset to return in json obj
07/25/2012 04:13:48 pm: Query has run: <CALL USP_GetCategories2();>.
07/25/2012 04:13:48 pm: ... Got dataset to return in json obj
07/25/2012 04:20:06 pm: Hit to <getData.php>. Type: <acc>. Currency in Post=<1>. currency var=<1>.
07/25/2012 04:20:06 pm: Hit to <getData.php>. Type: <curr>. Currency in Post=<>. currency var=<1>.
07/25/2012 04:20:06 pm: Get the dataset to return in json obj...
07/25/2012 04:20:06 pm: Get the dataset to return in json obj...
07/25/2012 04:20:06 pm: Query has run: <CALL USP_GetAccounts();>.
07/25/2012 04:20:06 pm: ... Got dataset to return in json obj
07/25/2012 04:20:06 pm: Hit to <getData.php>. Type: <payee>. Currency in Post=<>. currency var=<1>.
07/25/2012 04:20:06 pm: Query has run: <CALL USP_GetCurrencies();>.
07/25/2012 04:20:06 pm: ... Got dataset to return in json obj
07/25/2012 04:20:06 pm: Hit to <getData.php>. Type: <cat>. Currency in Post=<>. currency var=<1>.
07/25/2012 04:20:06 pm: Get the dataset to return in json obj...
07/25/2012 04:20:06 pm: Query has run: <CALL USP_GetCategories();>.
07/25/2012 04:20:06 pm: ... Got dataset to return in json obj
07/25/2012 04:20:06 pm: Hit to <getData.php>. Type: <scat>. Currency in Post=<>. currency var=<1>.
07/25/2012 04:20:06 pm: Get the dataset to return in json obj...
07/25/2012 04:20:06 pm: Query has run: <CALL USP_GetCategories2();>.
07/25/2012 04:20:06 pm: ... Got dataset to return in json obj
07/25/2012 04:20:06 pm: Get the dataset to return in json obj...
07/25/2012 04:20:06 pm: Query has run: <CALL USP_GetPayees();>.
07/25/2012 04:20:06 pm: ... Got dataset to return in json obj
07/25/2012 04:21:01 pm: Hit to <getData.php>. Type: <acc>. Currency in Post=<1>. currency var=<1>.
07/25/2012 04:21:01 pm: Hit to <getData.php>. Type: <payee>. Currency in Post=<>. currency var=<1>.
07/25/2012 04:21:01 pm: Hit to <getData.php>. Type: <curr>. Currency in Post=<>. currency var=<1>.
07/25/2012 04:21:01 pm: Hit to <getData.php>. Type: <cat>. Currency in Post=<>. currency var=<1>.
07/25/2012 04:21:01 pm: Hit to <getData.php>. Type: <scat>. Currency in Post=<>. currency var=<1>.
07/25/2012 04:21:01 pm: Get the dataset to return in json obj...
07/25/2012 04:21:01 pm: Get the dataset to return in json obj...
07/25/2012 04:21:01 pm: Query has run: <CALL USP_GetPayees();>.
07/25/2012 04:21:01 pm: ... Got dataset to return in json obj
07/25/2012 04:21:01 pm: Query has run: <CALL USP_GetAccounts();>.
07/25/2012 04:21:01 pm: ... Got dataset to return in json obj
07/25/2012 04:21:01 pm: Get the dataset to return in json obj...
07/25/2012 04:21:01 pm: Get the dataset to return in json obj...
07/25/2012 04:21:01 pm: Get the dataset to return in json obj...
07/25/2012 04:21:01 pm: Query has run: <CALL USP_GetCurrencies();>.
07/25/2012 04:21:01 pm: ... Got dataset to return in json obj
07/25/2012 04:21:01 pm: Query has run: <CALL USP_GetCategories2();>.
07/25/2012 04:21:01 pm: ... Got dataset to return in json obj
07/25/2012 04:21:01 pm: Query has run: <CALL USP_GetCategories();>.
07/25/2012 04:21:01 pm: ... Got dataset to return in json obj
07/25/2012 04:21:05 pm: Query has run: <CALL USP_GetCategories2 ()>.
07/25/2012 04:21:06 pm: Query has run: <CALL USP_GetCategories ()>.
07/25/2012 04:22:57 pm: Hit to <getData.php>. Type: <acc>. Currency in Post=<1>. currency var=<1>.
07/25/2012 04:22:57 pm: Hit to <getData.php>. Type: <cat>. Currency in Post=<>. currency var=<1>.
07/25/2012 04:22:57 pm: Hit to <getData.php>. Type: <curr>. Currency in Post=<>. currency var=<1>.
07/25/2012 04:22:57 pm: Hit to <getData.php>. Type: <scat>. Currency in Post=<>. currency var=<1>.
07/25/2012 04:22:57 pm: Get the dataset to return in json obj...
07/25/2012 04:22:57 pm: Get the dataset to return in json obj...
07/25/2012 04:22:57 pm: Get the dataset to return in json obj...
07/25/2012 04:22:57 pm: Get the dataset to return in json obj...
07/25/2012 04:22:57 pm: Query has run: <CALL USP_GetCategories();>.
07/25/2012 04:22:57 pm: ... Got dataset to return in json obj
07/25/2012 04:22:57 pm: Hit to <getData.php>. Type: <payee>. Currency in Post=<>. currency var=<1>.
07/25/2012 04:22:57 pm: Query has run: <CALL USP_GetCategories2();>.
07/25/2012 04:22:57 pm: ... Got dataset to return in json obj
07/25/2012 04:22:57 pm: Query has run: <CALL USP_GetAccounts();>.
07/25/2012 04:22:57 pm: ... Got dataset to return in json obj
07/25/2012 04:22:57 pm: Query has run: <CALL USP_GetCurrencies();>.
07/25/2012 04:22:57 pm: ... Got dataset to return in json obj
07/25/2012 04:22:57 pm: Get the dataset to return in json obj...
07/25/2012 04:22:57 pm: Query has run: <CALL USP_GetPayees();>.
07/25/2012 04:22:57 pm: ... Got dataset to return in json obj
07/25/2012 04:25:58 pm: Hit to <insert.php>. Type in post: <scat>. catName in Post=<Enter category Name>. scatName in Post=<Atest>.
07/25/2012 04:26:43 pm: Hit to <insert.php>. Type in post: <scat>. catName in Post=<Enter category Name>. scatName in Post=<Atest>.
07/25/2012 04:26:58 pm: Hit to <getData.php>. Type: <acc>. Currency in Post=<1>. currency var=<1>.
07/25/2012 04:26:58 pm: Get the dataset to return in json obj...
07/25/2012 04:26:58 pm: Query has run: <CALL USP_GetAccounts();>.
07/25/2012 04:26:58 pm: ... Got dataset to return in json obj
07/25/2012 04:26:58 pm: Hit to <getData.php>. Type: <curr>. Currency in Post=<>. currency var=<1>.
07/25/2012 04:26:58 pm: Hit to <getData.php>. Type: <payee>. Currency in Post=<>. currency var=<1>.
07/25/2012 04:26:58 pm: Hit to <getData.php>. Type: <cat>. Currency in Post=<>. currency var=<1>.
07/25/2012 04:26:58 pm: Get the dataset to return in json obj...
07/25/2012 04:26:58 pm: Get the dataset to return in json obj...
07/25/2012 04:26:58 pm: Hit to <getData.php>. Type: <scat>. Currency in Post=<>. currency var=<1>.
07/25/2012 04:26:58 pm: Query has run: <CALL USP_GetCurrencies();>.
07/25/2012 04:26:58 pm: ... Got dataset to return in json obj
07/25/2012 04:26:58 pm: Get the dataset to return in json obj...
07/25/2012 04:26:58 pm: Query has run: <CALL USP_GetPayees();>.
07/25/2012 04:26:58 pm: ... Got dataset to return in json obj
07/25/2012 04:26:58 pm: Get the dataset to return in json obj...
07/25/2012 04:26:58 pm: Query has run: <CALL USP_GetCategories2();>.
07/25/2012 04:26:58 pm: ... Got dataset to return in json obj
07/25/2012 04:26:58 pm: Query has run: <CALL USP_GetCategories();>.
07/25/2012 04:26:58 pm: ... Got dataset to return in json obj
07/25/2012 04:27:06 pm: Hit to <insert.php>. Type in post: <scat>. catName in Post=<Bike>. scatName in Post=<Atest>.
07/25/2012 04:33:49 pm: Hit to <insert.php>. Type in post: <scat>. catName in Post=<Bike>. scatName in Post=<Atest>.
07/25/2012 04:36:11 pm: Hit to <insert.php>. Type in post: <scat>. catName in Post=<Bike>. scatName in Post=<Atest>.
07/25/2012 04:37:01 pm: Hit to <insert.php>. Type in post: <scat>. catName in Post=<Bike>. scatName in Post=<Atest>.
07/25/2012 04:39:34 pm: Hit to <insert.php>. Type in post: <scat>. catName in Post=<Bike>. scatName in Post=<Atest>.
07/25/2012 04:39:34 pm: got category - ID=1
07/25/2012 04:39:34 pm: Line 108-> Query2 to run: <CALL USP_GetCategories2();>.
07/25/2012 04:39:34 pm: Start insert...
07/25/2012 04:39:34 pm: Query has run: <CALL USP_InsertSubCategory ('1','Atest');>.
07/25/2012 04:39:34 pm: ... End insert
07/25/2012 04:39:34 pm: Get the dataset to return in json obj...
07/25/2012 04:39:34 pm: Query has run: <CALL USP_GetCategories2();>.
07/25/2012 04:39:34 pm: ... Got dataset to return in json obj
07/25/2012 04:40:12 pm: Hit to <getData.php>. Type: <acc>. Currency in Post=<1>. currency var=<1>.
07/25/2012 04:40:12 pm: Get the dataset to return in json obj...
07/25/2012 04:40:12 pm: Query has run: <CALL USP_GetAccounts();>.
07/25/2012 04:40:12 pm: ... Got dataset to return in json obj
07/25/2012 04:40:12 pm: Hit to <getData.php>. Type: <curr>. Currency in Post=<>. currency var=<1>.
07/25/2012 04:40:12 pm: Hit to <getData.php>. Type: <payee>. Currency in Post=<>. currency var=<1>.
07/25/2012 04:40:12 pm: Hit to <getData.php>. Type: <cat>. Currency in Post=<>. currency var=<1>.
07/25/2012 04:40:12 pm: Hit to <getData.php>. Type: <scat>. Currency in Post=<>. currency var=<1>.
07/25/2012 04:40:12 pm: Get the dataset to return in json obj...
07/25/2012 04:40:12 pm: Get the dataset to return in json obj...
07/25/2012 04:40:12 pm: Get the dataset to return in json obj...
07/25/2012 04:40:12 pm: Get the dataset to return in json obj...
07/25/2012 04:40:12 pm: Query has run: <CALL USP_GetCurrencies();>.
07/25/2012 04:40:12 pm: ... Got dataset to return in json obj
07/25/2012 04:40:12 pm: Query has run: <CALL USP_GetPayees();>.
07/25/2012 04:40:12 pm: ... Got dataset to return in json obj
07/25/2012 04:40:12 pm: Query has run: <CALL USP_GetCategories();>.
07/25/2012 04:40:12 pm: ... Got dataset to return in json obj
07/25/2012 04:40:13 pm: Query has run: <CALL USP_GetCategories2();>.
07/25/2012 04:40:13 pm: ... Got dataset to return in json obj
07/25/2012 04:41:03 pm: Hit to <getData.php>. Type: <acc>. Currency in Post=<1>. currency var=<1>.
07/25/2012 04:41:03 pm: Get the dataset to return in json obj...
07/25/2012 04:41:03 pm: Hit to <getData.php>. Type: <payee>. Currency in Post=<>. currency var=<1>.
07/25/2012 04:41:03 pm: Query has run: <CALL USP_GetAccounts();>.
07/25/2012 04:41:03 pm: ... Got dataset to return in json obj
07/25/2012 04:41:03 pm: Hit to <getData.php>. Type: <curr>. Currency in Post=<>. currency var=<1>.
07/25/2012 04:41:03 pm: Get the dataset to return in json obj...
07/25/2012 04:41:03 pm: Query has run: <CALL USP_GetPayees();>.
07/25/2012 04:41:03 pm: ... Got dataset to return in json obj
07/25/2012 04:41:03 pm: Get the dataset to return in json obj...
07/25/2012 04:41:03 pm: Hit to <getData.php>. Type: <cat>. Currency in Post=<>. currency var=<1>.
07/25/2012 04:41:03 pm: Query has run: <CALL USP_GetCurrencies();>.
07/25/2012 04:41:03 pm: ... Got dataset to return in json obj
07/25/2012 04:41:03 pm: Get the dataset to return in json obj...
07/25/2012 04:41:03 pm: Query has run: <CALL USP_GetCategories();>.
07/25/2012 04:41:03 pm: ... Got dataset to return in json obj
07/25/2012 04:41:03 pm: Hit to <getData.php>. Type: <scat>. Currency in Post=<>. currency var=<1>.
07/25/2012 04:41:03 pm: Get the dataset to return in json obj...
07/25/2012 04:41:03 pm: Query has run: <CALL USP_GetCategories2();>.
07/25/2012 04:41:03 pm: ... Got dataset to return in json obj
07/25/2012 04:41:25 pm: Hit to <insert.php>. Type in post: <scat>. catName in Post=<Bike>. scatName in Post=<TEST222>.
07/25/2012 04:41:25 pm: got category - ID=1
07/25/2012 04:41:25 pm: Line 108-> Query2 to run: <CALL USP_GetCategories2();>.
07/25/2012 04:41:25 pm: Start insert...
07/25/2012 04:41:25 pm: Query has run: <CALL USP_InsertSubCategory ('1','TEST222');>.
07/25/2012 04:41:25 pm: ... End insert
07/25/2012 04:41:25 pm: Get the dataset to return in json obj...
07/25/2012 04:41:25 pm: Query has run: <CALL USP_GetCategories2();>.
07/25/2012 04:41:25 pm: ... Got dataset to return in json obj
07/25/2012 04:45:47 pm: Hit to <insert.php>. Type in post: <scat>. catName in Post=<Bike>. scatName in Post=<TEST222>.
07/25/2012 04:45:47 pm: got category - ID=1
07/25/2012 04:45:47 pm: Line 108-> Query2 to run: <CALL USP_GetCategories2();>.
07/25/2012 04:45:47 pm: Start insert...
07/25/2012 04:45:47 pm: Query has run: <CALL USP_InsertSubCategory ('1','TEST222');>.
07/25/2012 04:45:47 pm: ... End insert
07/25/2012 04:45:47 pm: Get the dataset to return in json obj...
07/25/2012 04:45:47 pm: Query has run: <CALL USP_GetCategories2();>.
07/25/2012 04:45:47 pm: ... Got dataset to return in json obj
07/25/2012 04:55:22 pm: Hit to <getData.php>. Type: <acc>. Currency in Post=<1>. currency var=<1>.
07/25/2012 04:55:22 pm: Hit to <getData.php>. Type: <payee>. Currency in Post=<>. currency var=<1>.
07/25/2012 04:55:22 pm: Get the dataset to return in json obj...
07/25/2012 04:55:22 pm: Hit to <getData.php>. Type: <curr>. Currency in Post=<>. currency var=<1>.
07/25/2012 04:55:22 pm: Get the dataset to return in json obj...
07/25/2012 04:55:22 pm: Hit to <getData.php>. Type: <scat>. Currency in Post=<>. currency var=<1>.
07/25/2012 04:55:22 pm: Hit to <getData.php>. Type: <cat>. Currency in Post=<>. currency var=<1>.
07/25/2012 04:55:22 pm: Query has run: <CALL USP_GetCurrencies();>.
07/25/2012 04:55:22 pm: ... Got dataset to return in json obj
07/25/2012 04:55:22 pm: Get the dataset to return in json obj...
07/25/2012 04:55:22 pm: Get the dataset to return in json obj...
07/25/2012 04:55:22 pm: Get the dataset to return in json obj...
07/25/2012 04:55:22 pm: Query has run: <CALL USP_GetCategories();>.
07/25/2012 04:55:22 pm: ... Got dataset to return in json obj
07/25/2012 04:55:22 pm: Query has run: <CALL USP_GetPayees();>.
07/25/2012 04:55:22 pm: ... Got dataset to return in json obj
07/25/2012 04:55:22 pm: Query has run: <CALL USP_GetAccounts();>.
07/25/2012 04:55:22 pm: ... Got dataset to return in json obj
07/25/2012 04:55:22 pm: Query has run: <CALL USP_GetCategories2();>.
07/25/2012 04:55:22 pm: ... Got dataset to return in json obj
07/25/2012 04:55:40 pm: Hit to <insert.php>. Type in post: <scat>. catName in Post=<Bike>. scatName in Post=<test12>.
07/25/2012 04:55:40 pm: got category - ID=1
07/25/2012 04:55:40 pm: Line 108-> Query2 to run: <CALL USP_GetCategories2();>.
07/25/2012 04:55:40 pm: Start insert...
07/25/2012 04:55:40 pm: Query has run: <CALL USP_InsertSubCategory ('1','test12');>.
07/25/2012 04:55:40 pm: ... End insert
07/25/2012 04:55:40 pm: Get the dataset to return in json obj...
07/25/2012 04:55:40 pm: Query has run: <CALL USP_GetCategories2();>.
07/25/2012 04:55:40 pm: ... Got dataset to return in json obj
07/25/2012 04:57:33 pm: Hit to <getData.php>. Type: <curr>. Currency in Post=<>. currency var=<1>.
07/25/2012 04:57:33 pm: Hit to <getData.php>. Type: <acc>. Currency in Post=<1>. currency var=<1>.
07/25/2012 04:57:33 pm: Hit to <getData.php>. Type: <payee>. Currency in Post=<>. currency var=<1>.
07/25/2012 04:57:33 pm: Get the dataset to return in json obj...
07/25/2012 04:57:33 pm: Get the dataset to return in json obj...
07/25/2012 04:57:33 pm: Hit to <getData.php>. Type: <scat>. Currency in Post=<>. currency var=<1>.
07/25/2012 04:57:33 pm: Hit to <getData.php>. Type: <cat>. Currency in Post=<>. currency var=<1>.
07/25/2012 04:57:33 pm: Query has run: <CALL USP_GetAccounts();>.
07/25/2012 04:57:33 pm: ... Got dataset to return in json obj
07/25/2012 04:57:33 pm: Get the dataset to return in json obj...
07/25/2012 04:57:33 pm: Get the dataset to return in json obj...
07/25/2012 04:57:33 pm: Get the dataset to return in json obj...
07/25/2012 04:57:33 pm: Query has run: <CALL USP_GetCurrencies();>.
07/25/2012 04:57:33 pm: Query has run: <CALL USP_GetPayees();>.
07/25/2012 04:57:33 pm: ... Got dataset to return in json obj
07/25/2012 04:57:33 pm: ... Got dataset to return in json obj
07/25/2012 04:57:33 pm: Query has run: <CALL USP_GetCategories();>.
07/25/2012 04:57:33 pm: ... Got dataset to return in json obj
07/25/2012 04:57:34 pm: Query has run: <CALL USP_GetCategories2();>.
07/25/2012 04:57:34 pm: ... Got dataset to return in json obj
07/25/2012 04:57:53 pm: Hit to <insert.php>. Type in post: <scat>. catName in Post=<Bike>. scatName in Post=<test>.
07/25/2012 04:57:53 pm: got category - ID=1
07/25/2012 04:57:53 pm: Line 108-> Query2 to run: <CALL USP_GetCategories2();>.
07/25/2012 04:57:53 pm: Start insert...
07/25/2012 04:57:53 pm: Query has run: <CALL USP_InsertSubCategory ('1','test');>.
07/25/2012 04:57:53 pm: ... End insert
07/25/2012 04:57:53 pm: Get the dataset to return in json obj...
07/25/2012 04:57:53 pm: Query has run: <CALL USP_GetCategories2();>.
07/25/2012 04:57:53 pm: ... Got dataset to return in json obj
07/25/2012 04:57:55 pm: Hit to <insert.php>. Type in post: <scat>. catName in Post=<Bike>. scatName in Post=<test>.
07/25/2012 04:57:55 pm: got category - ID=1
07/25/2012 04:57:55 pm: Line 108-> Query2 to run: <CALL USP_GetCategories2();>.
07/25/2012 04:57:55 pm: Start insert...
07/25/2012 04:57:55 pm: Query has run: <CALL USP_InsertSubCategory ('1','test');>.
07/25/2012 04:57:55 pm: ... End insert
07/25/2012 04:57:55 pm: Get the dataset to return in json obj...
07/25/2012 04:57:55 pm: Query has run: <CALL USP_GetCategories2();>.
07/25/2012 04:57:55 pm: ... Got dataset to return in json obj
07/25/2012 04:59:20 pm: Hit to <insert.php>. Type in post: <scat>. catName in Post=<Bike>. scatName in Post=<test>.
07/25/2012 04:59:20 pm: got category - ID=1
07/25/2012 04:59:20 pm: Line 108-> Query2 to run: <CALL USP_GetCategories2();>.
07/25/2012 04:59:20 pm: Start insert...
07/25/2012 04:59:20 pm: Query has run: <CALL USP_InsertSubCategory ('1','test');>.
07/25/2012 04:59:20 pm: ... End insert
07/25/2012 04:59:20 pm: Get the dataset to return in json obj...
07/25/2012 04:59:20 pm: Query has run: <CALL USP_GetCategories2();>.
07/25/2012 04:59:20 pm: ... Got dataset to return in json obj
07/25/2012 04:59:22 pm: Hit to <insert.php>. Type in post: <scat>. catName in Post=<Bike>. scatName in Post=<test>.
07/25/2012 04:59:22 pm: got category - ID=1
07/25/2012 04:59:22 pm: Line 108-> Query2 to run: <CALL USP_GetCategories2();>.
07/25/2012 04:59:22 pm: Start insert...
07/25/2012 04:59:22 pm: - Error in query: CALL USP_InsertSubCategory ('1','test');<br/>- Error: Duplicate entry 'test-1' for key 'ix_subCategoryID' (Error #1062)<br/>- File: /Users/trust5/Dropbox/DEV/Web/FinanceApp/php/insert.php.<br/>07/25/2012 04:59:22 pm: ... End insert
07/25/2012 04:59:22 pm: Get the dataset to return in json obj...
07/25/2012 04:59:22 pm: Query has run: <CALL USP_GetCategories2();>.
07/25/2012 04:59:22 pm: ... Got dataset to return in json obj
07/25/2012 04:59:32 pm: Hit to <insert.php>. Type in post: <scat>. catName in Post=<Bike>. scatName in Post=<test>.
07/25/2012 04:59:32 pm: got category - ID=1
07/25/2012 04:59:32 pm: Line 108-> Query2 to run: <CALL USP_GetCategories2();>.
07/25/2012 04:59:32 pm: Start insert...
07/25/2012 04:59:32 pm: - Error in query: CALL USP_InsertSubCategory ('1','test');<br/>- Error: Duplicate entry 'test-1' for key 'ix_subCategoryID' (Error #1062)<br/>- File: /Users/trust5/Dropbox/DEV/Web/FinanceApp/php/insert.php.<br/>07/25/2012 04:59:32 pm: ... End insert
07/25/2012 04:59:32 pm: Get the dataset to return in json obj...
07/25/2012 04:59:32 pm: Query has run: <CALL USP_GetCategories2();>.
07/25/2012 04:59:32 pm: ... Got dataset to return in json obj
07/25/2012 05:00:02 pm: Hit to <getData.php>. Type: <acc>. Currency in Post=<1>. currency var=<1>.
07/25/2012 05:00:02 pm: Get the dataset to return in json obj...
07/25/2012 05:00:02 pm: Query has run: <CALL USP_GetAccounts();>.
07/25/2012 05:00:02 pm: ... Got dataset to return in json obj
07/25/2012 05:00:02 pm: Hit to <getData.php>. Type: <payee>. Currency in Post=<>. currency var=<1>.
07/25/2012 05:00:02 pm: Hit to <getData.php>. Type: <curr>. Currency in Post=<>. currency var=<1>.
07/25/2012 05:00:02 pm: Hit to <getData.php>. Type: <cat>. Currency in Post=<>. currency var=<1>.
07/25/2012 05:00:02 pm: Hit to <getData.php>. Type: <scat>. Currency in Post=<>. currency var=<1>.
07/25/2012 05:00:02 pm: Get the dataset to return in json obj...
07/25/2012 05:00:02 pm: Get the dataset to return in json obj...
07/25/2012 05:00:02 pm: Query has run: <CALL USP_GetCategories();>.
07/25/2012 05:00:02 pm: ... Got dataset to return in json obj
07/25/2012 05:00:02 pm: Get the dataset to return in json obj...
07/25/2012 05:00:02 pm: Query has run: <CALL USP_GetCategories2();>.
07/25/2012 05:00:02 pm: ... Got dataset to return in json obj
07/25/2012 05:00:02 pm: Query has run: <CALL USP_GetPayees();>.
07/25/2012 05:00:02 pm: ... Got dataset to return in json obj
07/25/2012 05:00:02 pm: Get the dataset to return in json obj...
07/25/2012 05:00:02 pm: Query has run: <CALL USP_GetCurrencies();>.
07/25/2012 05:00:02 pm: ... Got dataset to return in json obj
07/25/2012 05:02:35 pm: Hit to <getData.php>. Type: <acc>. Currency in Post=<1>. currency var=<1>.
07/25/2012 05:02:35 pm: Hit to <getData.php>. Type: <scat>. Currency in Post=<>. currency var=<1>.
07/25/2012 05:02:35 pm: Hit to <getData.php>. Type: <cat>. Currency in Post=<>. currency var=<1>.
07/25/2012 05:02:35 pm: Hit to <getData.php>. Type: <payee>. Currency in Post=<>. currency var=<1>.
07/25/2012 05:02:35 pm: Get the dataset to return in json obj...
07/25/2012 05:02:35 pm: Get the dataset to return in json obj...
07/25/2012 05:02:35 pm: Get the dataset to return in json obj...
07/25/2012 05:02:35 pm: Get the dataset to return in json obj...
07/25/2012 05:02:35 pm: Query has run: <CALL USP_GetPayees();>.
07/25/2012 05:02:35 pm: ... Got dataset to return in json obj
07/25/2012 05:02:35 pm: Hit to <getData.php>. Type: <curr>. Currency in Post=<>. currency var=<1>.
07/25/2012 05:02:35 pm: Query has run: <CALL USP_GetCategories();>.
07/25/2012 05:02:35 pm: ... Got dataset to return in json obj
07/25/2012 05:02:35 pm: Query has run: <CALL USP_GetAccounts();>.
07/25/2012 05:02:35 pm: ... Got dataset to return in json obj
07/25/2012 05:02:35 pm: Get the dataset to return in json obj...
07/25/2012 05:02:35 pm: Query has run: <CALL USP_GetCategories2();>.
07/25/2012 05:02:35 pm: ... Got dataset to return in json obj
07/25/2012 05:02:35 pm: Query has run: <CALL USP_GetCurrencies();>.
07/25/2012 05:02:35 pm: ... Got dataset to return in json obj
07/25/2012 05:02:37 pm: Hit to <getData.php>. Type: <acc>. Currency in Post=<2>. currency var=<2>.
07/25/2012 05:02:37 pm: Hit to <getData.php>. Type: <curr>. Currency in Post=<>. currency var=<1>.
07/25/2012 05:02:37 pm: Get the dataset to return in json obj...
07/25/2012 05:02:37 pm: Get the dataset to return in json obj...
07/25/2012 05:02:37 pm: Query has run: <CALL USP_GetAccounts();>.
07/25/2012 05:02:37 pm: ... Got dataset to return in json obj
07/25/2012 05:02:37 pm: Query has run: <CALL USP_GetCurrencies();>.
07/25/2012 05:02:37 pm: ... Got dataset to return in json obj
07/25/2012 05:02:37 pm: Hit to <getData.php>. Type: <payee>. Currency in Post=<>. currency var=<1>.
07/25/2012 05:02:37 pm: Hit to <getData.php>. Type: <cat>. Currency in Post=<>. currency var=<1>.
07/25/2012 05:02:37 pm: Get the dataset to return in json obj...
07/25/2012 05:02:37 pm: Get the dataset to return in json obj...
07/25/2012 05:02:37 pm: Query has run: <CALL USP_GetCategories();>.
07/25/2012 05:02:37 pm: ... Got dataset to return in json obj
07/25/2012 05:02:37 pm: Query has run: <CALL USP_GetPayees();>.
07/25/2012 05:02:37 pm: ... Got dataset to return in json obj
07/25/2012 05:02:37 pm: Hit to <getData.php>. Type: <scat>. Currency in Post=<>. currency var=<1>.
07/25/2012 05:02:37 pm: Get the dataset to return in json obj...
07/25/2012 05:02:37 pm: Query has run: <CALL USP_GetCategories2();>.
07/25/2012 05:02:37 pm: ... Got dataset to return in json obj
07/25/2012 05:05:25 pm: Hit to <getData.php>. Type: <acc>. Currency in Post=<2>. currency var=<2>.
07/25/2012 05:05:25 pm: Hit to <getData.php>. Type: <cat>. Currency in Post=<>. currency var=<1>.
07/25/2012 05:05:25 pm: Hit to <getData.php>. Type: <scat>. Currency in Post=<>. currency var=<1>.
07/25/2012 05:05:25 pm: Get the dataset to return in json obj...
07/25/2012 05:05:25 pm: Hit to <getData.php>. Type: <payee>. Currency in Post=<>. currency var=<1>.
07/25/2012 05:05:25 pm: Get the dataset to return in json obj...
07/25/2012 05:05:25 pm: Query has run: <CALL USP_GetCategories();>.
07/25/2012 05:05:25 pm: Hit to <getData.php>. Type: <curr>. Currency in Post=<>. currency var=<1>.
07/25/2012 05:05:25 pm: ... Got dataset to return in json obj
07/25/2012 05:05:25 pm: Query has run: <CALL USP_GetAccounts();>.
07/25/2012 05:05:25 pm: ... Got dataset to return in json obj
07/25/2012 05:05:25 pm: Get the dataset to return in json obj...
07/25/2012 05:05:25 pm: Get the dataset to return in json obj...
07/25/2012 05:05:25 pm: Get the dataset to return in json obj...
07/25/2012 05:05:25 pm: Query has run: <CALL USP_GetCurrencies();>.
07/25/2012 05:05:25 pm: ... Got dataset to return in json obj
07/25/2012 05:05:25 pm: Query has run: <CALL USP_GetCategories2();>.
07/25/2012 05:05:25 pm: ... Got dataset to return in json obj
07/25/2012 05:05:26 pm: Query has run: <CALL USP_GetPayees();>.
07/25/2012 05:05:26 pm: ... Got dataset to return in json obj
07/25/2012 05:05:34 pm: Hit to <insert.php>. Type in post: <scat>. catName in Post=<Bike>. scatName in Post=<test>.
07/25/2012 05:05:34 pm: got category - ID=1
07/25/2012 05:05:34 pm: Line 108-> Query2 to run: <CALL USP_GetCategories2();>.
07/25/2012 05:05:34 pm: Start insert...
07/25/2012 05:05:34 pm: Query has run: <CALL USP_InsertSubCategory ('1','test');>.
07/25/2012 05:05:34 pm: ... End insert
07/25/2012 05:05:34 pm: Get the dataset to return in json obj...
07/25/2012 05:05:34 pm: Query has run: <CALL USP_GetCategories2();>.
07/25/2012 05:05:34 pm: ... Got dataset to return in json obj
07/25/2012 05:05:37 pm: Hit to <insert.php>. Type in post: <scat>. catName in Post=<Bike>. scatName in Post=<test>.
07/25/2012 05:05:37 pm: got category - ID=1
07/25/2012 05:05:37 pm: Line 108-> Query2 to run: <CALL USP_GetCategories2();>.
07/25/2012 05:05:37 pm: Start insert...
07/25/2012 05:05:37 pm: - Error in query: CALL USP_InsertSubCategory ('1','test');<br/>- Error: Duplicate entry 'test-1' for key 'ix_subCategoryID' (Error #1062)<br/>- File: /Users/trust5/Dropbox/DEV/Web/FinanceApp/php/insert.php.<br/>
07/25/2012 05:05:37 pm: ... End insert
07/25/2012 05:05:37 pm: Get the dataset to return in json obj...
07/25/2012 05:05:37 pm: Query has run: <CALL USP_GetCategories2();>.
07/25/2012 05:05:37 pm: ... Got dataset to return in json obj
07/25/2012 05:05:41 pm: Hit to <insert.php>. Type in post: <scat>. catName in Post=<Bike>. scatName in Post=<test>.
07/25/2012 05:05:41 pm: got category - ID=1
07/25/2012 05:05:41 pm: Line 108-> Query2 to run: <CALL USP_GetCategories2();>.
07/25/2012 05:05:41 pm: Start insert...
07/25/2012 05:05:41 pm: - Error in query: CALL USP_InsertSubCategory ('1','test');<br/>- Error: Duplicate entry 'test-1' for key 'ix_subCategoryID' (Error #1062)<br/>- File: /Users/trust5/Dropbox/DEV/Web/FinanceApp/php/insert.php.<br/>
07/25/2012 05:05:41 pm: ... End insert
07/25/2012 05:05:41 pm: Get the dataset to return in json obj...
07/25/2012 05:05:41 pm: Query has run: <CALL USP_GetCategories2();>.
07/25/2012 05:05:41 pm: ... Got dataset to return in json obj
07/25/2012 05:05:44 pm: Hit to <insert.php>. Type in post: <scat>. catName in Post=<Bike>. scatName in Post=<test>.
07/25/2012 05:05:44 pm: got category - ID=1
07/25/2012 05:05:44 pm: Line 108-> Query2 to run: <CALL USP_GetCategories2();>.
07/25/2012 05:05:44 pm: Start insert...
07/25/2012 05:05:44 pm: - Error in query: CALL USP_InsertSubCategory ('1','test');<br/>- Error: Duplicate entry 'test-1' for key 'ix_subCategoryID' (Error #1062)<br/>- File: /Users/trust5/Dropbox/DEV/Web/FinanceApp/php/insert.php.<br/>
07/25/2012 05:05:44 pm: ... End insert
07/25/2012 05:05:44 pm: Get the dataset to return in json obj...
07/25/2012 05:05:44 pm: Query has run: <CALL USP_GetCategories2();>.
07/25/2012 05:05:44 pm: ... Got dataset to return in json obj
07/25/2012 05:06:16 pm: Hit to <getData.php>. Type: <acc>. Currency in Post=<2>. currency var=<2>.
07/25/2012 05:06:16 pm: Hit to <getData.php>. Type: <curr>. Currency in Post=<>. currency var=<1>.
07/25/2012 05:06:16 pm: Hit to <getData.php>. Type: <payee>. Currency in Post=<>. currency var=<1>.
07/25/2012 05:06:16 pm: Hit to <getData.php>. Type: <cat>. Currency in Post=<>. currency var=<1>.
07/25/2012 05:06:16 pm: Hit to <getData.php>. Type: <scat>. Currency in Post=<>. currency var=<1>.
07/25/2012 05:06:16 pm: Get the dataset to return in json obj...
07/25/2012 05:06:16 pm: Get the dataset to return in json obj...
07/25/2012 05:06:16 pm: Get the dataset to return in json obj...
07/25/2012 05:06:16 pm: Get the dataset to return in json obj...
07/25/2012 05:06:16 pm: Get the dataset to return in json obj...
07/25/2012 05:06:16 pm: Query has run: <CALL USP_GetCategories();>.
07/25/2012 05:06:16 pm: ... Got dataset to return in json obj
07/25/2012 05:06:16 pm: Query has run: <CALL USP_GetAccounts();>.
07/25/2012 05:06:16 pm: ... Got dataset to return in json obj
07/25/2012 05:06:16 pm: Query has run: <CALL USP_GetPayees();>.
07/25/2012 05:06:16 pm: Query has run: <CALL USP_GetCurrencies();>.
07/25/2012 05:06:16 pm: ... Got dataset to return in json obj
07/25/2012 05:06:16 pm: ... Got dataset to return in json obj
07/25/2012 05:06:16 pm: Query has run: <CALL USP_GetCategories2();>.
07/25/2012 05:06:16 pm: ... Got dataset to return in json obj
07/25/2012 05:07:33 pm: Hit to <getData.php>. Type: <acc>. Currency in Post=<2>. currency var=<2>.
07/25/2012 05:07:33 pm: Get the dataset to return in json obj...
07/25/2012 05:07:33 pm: Query has run: <CALL USP_GetAccounts();>.
07/25/2012 05:07:33 pm: ... Got dataset to return in json obj
07/25/2012 05:07:33 pm: Hit to <getData.php>. Type: <curr>. Currency in Post=<>. currency var=<1>.
07/25/2012 05:07:33 pm: Get the dataset to return in json obj...
07/25/2012 05:07:33 pm: Hit to <getData.php>. Type: <payee>. Currency in Post=<>. currency var=<1>.
07/25/2012 05:07:33 pm: Hit to <getData.php>. Type: <cat>. Currency in Post=<>. currency var=<1>.
07/25/2012 05:07:33 pm: Get the dataset to return in json obj...
07/25/2012 05:07:33 pm: Get the dataset to return in json obj...
07/25/2012 05:07:33 pm: Query has run: <CALL USP_GetPayees();>.
07/25/2012 05:07:33 pm: ... Got dataset to return in json obj
07/25/2012 05:07:33 pm: Query has run: <CALL USP_GetCategories();>.
07/25/2012 05:07:33 pm: ... Got dataset to return in json obj
07/25/2012 05:07:33 pm: Query has run: <CALL USP_GetCurrencies();>.
07/25/2012 05:07:33 pm: ... Got dataset to return in json obj
07/25/2012 05:07:33 pm: Hit to <getData.php>. Type: <scat>. Currency in Post=<>. currency var=<1>.
07/25/2012 05:07:33 pm: Get the dataset to return in json obj...
07/25/2012 05:07:33 pm: Query has run: <CALL USP_GetCategories2();>.
07/25/2012 05:07:33 pm: ... Got dataset to return in json obj
07/25/2012 05:07:44 pm: Hit to <getData.php>. Type: <acc>. Currency in Post=<2>. currency var=<2>.
07/25/2012 05:07:44 pm: Hit to <getData.php>. Type: <cat>. Currency in Post=<>. currency var=<1>.
07/25/2012 05:07:44 pm: Get the dataset to return in json obj...
07/25/2012 05:07:44 pm: Get the dataset to return in json obj...
07/25/2012 05:07:44 pm: Hit to <getData.php>. Type: <payee>. Currency in Post=<>. currency var=<1>.
07/25/2012 05:07:44 pm: Hit to <getData.php>. Type: <curr>. Currency in Post=<>. currency var=<1>.
07/25/2012 05:07:44 pm: Query has run: <CALL USP_GetAccounts();>.
07/25/2012 05:07:44 pm: ... Got dataset to return in json obj
07/25/2012 05:07:44 pm: Hit to <getData.php>. Type: <scat>. Currency in Post=<>. currency var=<1>.
07/25/2012 05:07:44 pm: Query has run: <CALL USP_GetCategories();>.
07/25/2012 05:07:44 pm: ... Got dataset to return in json obj
07/25/2012 05:07:44 pm: Get the dataset to return in json obj...
07/25/2012 05:07:44 pm: Get the dataset to return in json obj...
07/25/2012 05:07:44 pm: Query has run: <CALL USP_GetPayees();>.
07/25/2012 05:07:44 pm: ... Got dataset to return in json obj
07/25/2012 05:07:44 pm: Query has run: <CALL USP_GetCategories2();>.
07/25/2012 05:07:44 pm: ... Got dataset to return in json obj
07/25/2012 05:07:44 pm: Get the dataset to return in json obj...
07/25/2012 05:07:44 pm: Query has run: <CALL USP_GetCurrencies();>.
07/25/2012 05:07:44 pm: ... Got dataset to return in json obj
07/25/2012 05:12:26 pm: Hit to <insert.php>. Type in post: <payee>. catName in Post=<>. scatName in Post=<>.
07/25/2012 05:12:26 pm: Line 78-> Query 1 to run: <CALL USP_InsertPayee ('Lausanne Leisure');>.
07/25/2012 05:12:26 pm: Line 87-> Query2 to run: <CALL USP_GetPayees();>.
07/25/2012 05:12:26 pm: Start insert...
07/25/2012 05:12:26 pm: Query has run: <CALL USP_InsertPayee ('Lausanne Leisure');>.
07/25/2012 05:12:26 pm: ... End insert
07/25/2012 05:12:26 pm: Get the dataset to return in json obj...
07/25/2012 05:12:26 pm: Query has run: <CALL USP_GetPayees();>.
07/25/2012 05:12:26 pm: ... Got dataset to return in json obj
07/25/2012 05:12:51 pm: Hit to <insert.php>. Type in post: <payee>. catName in Post=<>. scatName in Post=<>.
07/25/2012 05:12:51 pm: Line 78-> Query 1 to run: <CALL USP_InsertPayee ('Lausanne Leisure');>.
07/25/2012 05:12:51 pm: Line 87-> Query2 to run: <CALL USP_GetPayees();>.
07/25/2012 05:12:51 pm: Start insert...
07/25/2012 05:12:51 pm: - Error in query: CALL USP_InsertPayee ('Lausanne Leisure');<br/>- Error: Duplicate entry 'Lausanne Leisure' for key 'uc_payeName' (Error #1062)<br/>- File: /Users/trust5/Dropbox/DEV/Web/FinanceApp/php/insert.php.<br/>
07/25/2012 05:12:51 pm: ... End insert
07/25/2012 05:12:51 pm: Get the dataset to return in json obj...
07/25/2012 05:12:51 pm: Query has run: <CALL USP_GetPayees();>.
07/25/2012 05:12:51 pm: ... Got dataset to return in json obj
07/25/2012 05:17:07 pm: Query has run: <CALL USP_GetPayees ()>.
07/25/2012 05:17:12 pm: Hit to <getData.php>. Type: <acc>. Currency in Post=<2>. currency var=<2>.
07/25/2012 05:17:12 pm: Get the dataset to return in json obj...
07/25/2012 05:17:12 pm: Hit to <getData.php>. Type: <curr>. Currency in Post=<>. currency var=<1>.
07/25/2012 05:17:12 pm: Query has run: <CALL USP_GetAccounts();>.
07/25/2012 05:17:12 pm: ... Got dataset to return in json obj
07/25/2012 05:17:12 pm: Get the dataset to return in json obj...
07/25/2012 05:17:12 pm: Hit to <getData.php>. Type: <payee>. Currency in Post=<>. currency var=<1>.
07/25/2012 05:17:12 pm: Hit to <getData.php>. Type: <cat>. Currency in Post=<>. currency var=<1>.
07/25/2012 05:17:12 pm: Query has run: <CALL USP_GetCurrencies();>.
07/25/2012 05:17:12 pm: ... Got dataset to return in json obj
07/25/2012 05:17:12 pm: Get the dataset to return in json obj...
07/25/2012 05:17:12 pm: Get the dataset to return in json obj...
07/25/2012 05:17:12 pm: Hit to <getData.php>. Type: <scat>. Currency in Post=<>. currency var=<1>.
07/25/2012 05:17:12 pm: Get the dataset to return in json obj...
07/25/2012 05:17:12 pm: Query has run: <CALL USP_GetCategories();>.
07/25/2012 05:17:12 pm: ... Got dataset to return in json obj
07/25/2012 05:17:12 pm: Query has run: <CALL USP_GetCategories2();>.
07/25/2012 05:17:12 pm: ... Got dataset to return in json obj
07/25/2012 05:17:12 pm: Query has run: <CALL USP_GetPayees();>.
07/25/2012 05:17:12 pm: ... Got dataset to return in json obj
07/25/2012 05:19:42 pm: Amount value: -20. Preg_match_all result is <1>
07/25/2012 05:21:38 pm: Amount value: -69,3. Preg_match_all result is <1>
07/25/2012 05:28:49 pm: Hit to <getData.php>. Type: <acc>. Currency in Post=<3>. currency var=<3>.
07/25/2012 05:28:49 pm: Hit to <getData.php>. Type: <scat>. Currency in Post=<>. currency var=<1>.
07/25/2012 05:28:49 pm: Hit to <getData.php>. Type: <cat>. Currency in Post=<>. currency var=<1>.
07/25/2012 05:28:49 pm: Hit to <getData.php>. Type: <payee>. Currency in Post=<>. currency var=<1>.
07/25/2012 05:28:49 pm: Hit to <getData.php>. Type: <curr>. Currency in Post=<>. currency var=<1>.
07/25/2012 05:28:49 pm: Get the dataset to return in json obj...
07/25/2012 05:28:49 pm: Get the dataset to return in json obj...
07/25/2012 05:28:49 pm: Get the dataset to return in json obj...
07/25/2012 05:28:49 pm: Query has run: <CALL USP_GetCurrencies();>.
07/25/2012 05:28:49 pm: Get the dataset to return in json obj...
07/25/2012 05:28:49 pm: ... Got dataset to return in json obj
07/25/2012 05:28:49 pm: Query has run: <CALL USP_GetPayees();>.
07/25/2012 05:28:49 pm: ... Got dataset to return in json obj
07/25/2012 05:28:49 pm: Get the dataset to return in json obj...
07/25/2012 05:28:49 pm: Query has run: <CALL USP_GetCategories2();>.
07/25/2012 05:28:49 pm: ... Got dataset to return in json obj
07/25/2012 05:28:49 pm: Query has run: <CALL USP_GetAccounts();>.
07/25/2012 05:28:49 pm: ... Got dataset to return in json obj
07/25/2012 05:28:49 pm: Query has run: <CALL USP_GetCategories();>.
07/25/2012 05:28:49 pm: ... Got dataset to return in json obj
07/25/2012 05:28:54 pm: Hit to <getData.php>. Type: <acc>. Currency in Post=<3>. currency var=<3>.
07/25/2012 05:28:54 pm: Hit to <getData.php>. Type: <curr>. Currency in Post=<>. currency var=<1>.
07/25/2012 05:28:54 pm: Hit to <getData.php>. Type: <payee>. Currency in Post=<>. currency var=<1>.
07/25/2012 05:28:54 pm: Hit to <getData.php>. Type: <cat>. Currency in Post=<>. currency var=<1>.
07/25/2012 05:28:54 pm: Get the dataset to return in json obj...
07/25/2012 05:28:54 pm: Get the dataset to return in json obj...
07/25/2012 05:28:54 pm: Get the dataset to return in json obj...
07/25/2012 05:28:54 pm: Get the dataset to return in json obj...
07/25/2012 05:28:54 pm: Hit to <getData.php>. Type: <scat>. Currency in Post=<>. currency var=<1>.
07/25/2012 05:28:54 pm: Query has run: <CALL USP_GetCurrencies();>.
07/25/2012 05:28:54 pm: ... Got dataset to return in json obj
07/25/2012 05:28:54 pm: Query has run: <CALL USP_GetAccounts();>.
07/25/2012 05:28:54 pm: ... Got dataset to return in json obj
07/25/2012 05:28:54 pm: Get the dataset to return in json obj...
07/25/2012 05:28:54 pm: Query has run: <CALL USP_GetCategories();>.
07/25/2012 05:28:54 pm: ... Got dataset to return in json obj
07/25/2012 05:28:54 pm: Query has run: <CALL USP_GetPayees();>.
07/25/2012 05:28:54 pm: ... Got dataset to return in json obj
07/25/2012 05:28:54 pm: Query has run: <CALL USP_GetCategories2();>.
07/25/2012 05:28:54 pm: ... Got dataset to return in json obj
