11/22/2012 07:37:25 pm: Get the dataset to return in json obj...
11/22/2012 07:37:25 pm: Get the dataset to return in json obj...
11/22/2012 07:37:25 pm: Get the dataset to return in json obj...
11/22/2012 07:37:25 pm: Get the dataset to return in json obj...
11/22/2012 07:37:25 pm: Query has run: <CALL USP_GetCurrencies();>.
11/22/2012 07:37:25 pm: ... Got dataset to return in json obj
11/22/2012 07:37:25 pm: Query has run: <CALL USP_GetCategories();>.
11/22/2012 07:37:25 pm: ... Got dataset to return in json obj
11/22/2012 07:37:25 pm: Query has run: <CALL USP_GetPayees();>.
11/22/2012 07:37:25 pm: ... Got dataset to return in json obj
11/22/2012 07:37:25 pm: Query has run: <CALL USP_GetCategories2();>.
11/22/2012 07:37:25 pm: ... Got dataset to return in json obj
11/22/2012 07:37:25 pm: Query has run: <CALL USP_GetAccounts();>.
11/22/2012 07:37:25 pm: ... Got dataset to return in json obj
11/22/2012 07:38:03 pm: Get the dataset to return in json obj...
11/22/2012 07:38:03 pm: Query has run: <CALL USP_GetCurrencies();>.
11/22/2012 07:38:03 pm: ... Got dataset to return in json obj
11/22/2012 07:38:03 pm: Get the dataset to return in json obj...
11/22/2012 07:38:03 pm: Query has run: <CALL USP_GetPayees();>.
11/22/2012 07:38:03 pm: ... Got dataset to return in json obj
11/22/2012 07:38:03 pm: Get the dataset to return in json obj...
11/22/2012 07:38:03 pm: Query has run: <CALL USP_GetAccounts();>.
11/22/2012 07:38:03 pm: ... Got dataset to return in json obj
11/22/2012 07:38:03 pm: Get the dataset to return in json obj...
11/22/2012 07:38:03 pm: Get the dataset to return in json obj...
11/22/2012 07:38:03 pm: Query has run: <CALL USP_GetCategories();>.
11/22/2012 07:38:03 pm: ... Got dataset to return in json obj
11/22/2012 07:38:03 pm: Query has run: <CALL USP_GetCategories2();>.
11/22/2012 07:38:03 pm: ... Got dataset to return in json obj
11/22/2012 07:38:07 pm: Get the dataset to return in json obj...
11/22/2012 07:38:07 pm: Query has run: <CALL USP_GetAccounts();>.
11/22/2012 07:38:07 pm: ... Got dataset to return in json obj
11/22/2012 07:38:07 pm: Get the dataset to return in json obj...
11/22/2012 07:38:07 pm: Get the dataset to return in json obj...
11/22/2012 07:38:07 pm: Query has run: <CALL USP_GetCurrencies();>.
11/22/2012 07:38:07 pm: ... Got dataset to return in json obj
11/22/2012 07:38:07 pm: Query has run: <CALL USP_GetPayees();>.
11/22/2012 07:38:07 pm: ... Got dataset to return in json obj
11/22/2012 07:38:07 pm: Get the dataset to return in json obj...
11/22/2012 07:38:07 pm: Get the dataset to return in json obj...
11/22/2012 07:38:07 pm: Query has run: <CALL USP_GetCategories();>.
11/22/2012 07:38:07 pm: ... Got dataset to return in json obj
11/22/2012 07:38:07 pm: Query has run: <CALL USP_GetCategories2();>.
11/22/2012 07:38:07 pm: ... Got dataset to return in json obj
11/22/2012 07:40:03 pm: Get the dataset to return in json obj...
11/22/2012 07:40:03 pm: Get the dataset to return in json obj...
11/22/2012 07:40:03 pm: Get the dataset to return in json obj...
11/22/2012 07:40:03 pm: Get the dataset to return in json obj...
11/22/2012 07:40:03 pm: Query has run: <CALL USP_GetPayees();>.
11/22/2012 07:40:03 pm: ... Got dataset to return in json obj
11/22/2012 07:40:03 pm: Query has run: <CALL USP_GetCategories();>.
11/22/2012 07:40:03 pm: ... Got dataset to return in json obj
11/22/2012 07:40:03 pm: Query has run: <CALL USP_GetCurrencies();>.
11/22/2012 07:40:03 pm: Query has run: <CALL USP_GetAccounts();>.
11/22/2012 07:40:03 pm: ... Got dataset to return in json obj
11/22/2012 07:40:03 pm: ... Got dataset to return in json obj
11/22/2012 07:40:03 pm: Get the dataset to return in json obj...
11/22/2012 07:40:03 pm: Query has run: <CALL USP_GetCategories2();>.
11/22/2012 07:40:03 pm: ... Got dataset to return in json obj
11/22/2012 08:20:36 pm: Get the dataset to return in json obj...
11/22/2012 08:20:36 pm: Get the dataset to return in json obj...
11/22/2012 08:20:36 pm: Get the dataset to return in json obj...
11/22/2012 08:20:36 pm: Get the dataset to return in json obj...
11/22/2012 08:20:36 pm: Query has run: <CALL USP_GetCategories2();>.
11/22/2012 08:20:36 pm: ... Got dataset to return in json obj
11/22/2012 08:20:36 pm: Query has run: <CALL USP_GetCurrencies();>.
11/22/2012 08:20:36 pm: ... Got dataset to return in json obj
11/22/2012 08:20:36 pm: Query has run: <CALL USP_GetCategories();>.
11/22/2012 08:20:36 pm: ... Got dataset to return in json obj
11/22/2012 08:20:36 pm: Query has run: <CALL USP_GetPayees();>.
11/22/2012 08:20:36 pm: ... Got dataset to return in json obj
11/22/2012 08:20:36 pm: Get the dataset to return in json obj...
11/22/2012 08:20:36 pm: Query has run: <CALL USP_GetAccounts();>.
11/22/2012 08:20:36 pm: ... Got dataset to return in json obj
11/22/2012 08:23:49 pm: Get the dataset to return in json obj...
11/22/2012 08:23:49 pm: Query has run: <CALL USP_GetAccounts();>.
11/22/2012 08:23:49 pm: ... Got dataset to return in json obj
11/22/2012 08:23:49 pm: Get the dataset to return in json obj...
11/22/2012 08:23:49 pm: Query has run: <CALL USP_GetCurrencies();>.
11/22/2012 08:23:49 pm: ... Got dataset to return in json obj
11/22/2012 08:23:49 pm: Get the dataset to return in json obj...
11/22/2012 08:23:49 pm: Query has run: <CALL USP_GetPayees();>.
11/22/2012 08:23:49 pm: ... Got dataset to return in json obj
11/22/2012 08:23:49 pm: Get the dataset to return in json obj...
11/22/2012 08:23:49 pm: Get the dataset to return in json obj...
11/22/2012 08:23:49 pm: Query has run: <CALL USP_GetCategories();>.
11/22/2012 08:23:49 pm: ... Got dataset to return in json obj
11/22/2012 08:23:49 pm: Query has run: <CALL USP_GetCategories2();>.
11/22/2012 08:23:49 pm: ... Got dataset to return in json obj
11/22/2012 08:23:51 pm: Get the dataset to return in json obj...
11/22/2012 08:23:51 pm: Query has run: <CALL USP_GetAccounts();>.
11/22/2012 08:23:51 pm: ... Got dataset to return in json obj
11/22/2012 08:23:51 pm: Get the dataset to return in json obj...
11/22/2012 08:23:51 pm: Query has run: <CALL USP_GetPayees();>.
11/22/2012 08:23:51 pm: ... Got dataset to return in json obj
11/22/2012 08:23:51 pm: Get the dataset to return in json obj...
11/22/2012 08:23:51 pm: Get the dataset to return in json obj...
11/22/2012 08:23:51 pm: Query has run: <CALL USP_GetCurrencies();>.
11/22/2012 08:23:51 pm: ... Got dataset to return in json obj
11/22/2012 08:23:51 pm: Query has run: <CALL USP_GetCategories();>.
11/22/2012 08:23:51 pm: ... Got dataset to return in json obj
11/22/2012 08:23:51 pm: Get the dataset to return in json obj...
11/22/2012 08:23:51 pm: Query has run: <CALL USP_GetCategories2();>.
11/22/2012 08:23:51 pm: ... Got dataset to return in json obj
11/22/2012 08:26:48 pm: Get the dataset to return in json obj...
11/22/2012 08:26:48 pm: Get the dataset to return in json obj...
11/22/2012 08:26:48 pm: Query has run: <CALL USP_GetAccounts();>.
11/22/2012 08:26:48 pm: ... Got dataset to return in json obj
11/22/2012 08:26:48 pm: Query has run: <CALL USP_GetCurrencies();>.
11/22/2012 08:26:48 pm: ... Got dataset to return in json obj
11/22/2012 08:26:48 pm: Get the dataset to return in json obj...
11/22/2012 08:26:48 pm: Query has run: <CALL USP_GetPayees();>.
11/22/2012 08:26:48 pm: ... Got dataset to return in json obj
11/22/2012 08:26:48 pm: Get the dataset to return in json obj...
11/22/2012 08:26:48 pm: Query has run: <CALL USP_GetCategories();>.
11/22/2012 08:26:48 pm: ... Got dataset to return in json obj
11/22/2012 08:26:48 pm: Get the dataset to return in json obj...
11/22/2012 08:26:48 pm: Query has run: <CALL USP_GetCategories2();>.
11/22/2012 08:26:48 pm: ... Got dataset to return in json obj
11/22/2012 08:35:08 pm: Get the dataset to return in json obj...
11/22/2012 08:35:08 pm: Get the dataset to return in json obj...
11/22/2012 08:35:08 pm: Query has run: <CALL USP_GetCurrencies();>.
11/22/2012 08:35:08 pm: Get the dataset to return in json obj...
11/22/2012 08:35:08 pm: ... Got dataset to return in json obj
11/22/2012 08:35:08 pm: Query has run: <CALL USP_GetAccounts();>.
11/22/2012 08:35:08 pm: ... Got dataset to return in json obj
11/22/2012 08:35:08 pm: Query has run: <CALL USP_GetPayees();>.
11/22/2012 08:35:08 pm: ... Got dataset to return in json obj
11/22/2012 08:35:08 pm: Get the dataset to return in json obj...
11/22/2012 08:35:08 pm: Query has run: <CALL USP_GetCategories();>.
11/22/2012 08:35:08 pm: ... Got dataset to return in json obj
11/22/2012 08:35:08 pm: Get the dataset to return in json obj...
11/22/2012 08:35:08 pm: Query has run: <CALL USP_GetCategories2();>.
11/22/2012 08:35:08 pm: ... Got dataset to return in json obj
11/22/2012 09:29:47 pm: Get the dataset to return in json obj...
11/22/2012 09:29:47 pm: Get the dataset to return in json obj...
11/22/2012 09:29:47 pm: Query has run: <CALL USP_GetCategories2();>.
11/22/2012 09:29:47 pm: ... Got dataset to return in json obj
11/22/2012 09:29:47 pm: Get the dataset to return in json obj...
11/22/2012 09:29:47 pm: Query has run: <CALL USP_GetAccounts();>.
11/22/2012 09:29:47 pm: ... Got dataset to return in json obj
11/22/2012 09:29:47 pm: Query has run: <CALL USP_GetCategories();>.
11/22/2012 09:29:47 pm: ... Got dataset to return in json obj
11/22/2012 09:29:47 pm: Get the dataset to return in json obj...
11/22/2012 09:29:47 pm: Query has run: <CALL USP_GetCurrencies();>.
11/22/2012 09:29:47 pm: ... Got dataset to return in json obj
11/22/2012 09:29:47 pm: Get the dataset to return in json obj...
11/22/2012 09:29:47 pm: Query has run: <CALL USP_GetPayees();>.
11/22/2012 09:29:47 pm: ... Got dataset to return in json obj
11/22/2012 09:30:09 pm: Get the dataset to return in json obj...
11/22/2012 09:30:09 pm: Query has run: <CALL USP_GetAccounts();>.
11/22/2012 09:30:09 pm: ... Got dataset to return in json obj
11/22/2012 09:30:09 pm: Get the dataset to return in json obj...
11/22/2012 09:30:09 pm: Query has run: <CALL USP_GetCurrencies();>.
11/22/2012 09:30:09 pm: ... Got dataset to return in json obj
11/22/2012 09:30:09 pm: Get the dataset to return in json obj...
11/22/2012 09:30:09 pm: Get the dataset to return in json obj...
11/22/2012 09:30:09 pm: Query has run: <CALL USP_GetCategories();>.
11/22/2012 09:30:09 pm: ... Got dataset to return in json obj
11/22/2012 09:30:09 pm: Query has run: <CALL USP_GetPayees();>.
11/22/2012 09:30:09 pm: ... Got dataset to return in json obj
11/22/2012 09:30:09 pm: Get the dataset to return in json obj...
11/22/2012 09:30:09 pm: Query has run: <CALL USP_GetCategories2();>.
11/22/2012 09:30:09 pm: ... Got dataset to return in json obj
11/22/2012 09:32:02 pm: Get the dataset to return in json obj...
11/22/2012 09:32:02 pm: Query has run: <CALL USP_GetAccounts();>.
11/22/2012 09:32:02 pm: ... Got dataset to return in json obj
11/22/2012 09:32:02 pm: Get the dataset to return in json obj...
11/22/2012 09:32:02 pm: Query has run: <CALL USP_GetPayees();>.
11/22/2012 09:32:02 pm: ... Got dataset to return in json obj
11/22/2012 09:32:02 pm: Get the dataset to return in json obj...
11/22/2012 09:32:02 pm: Query has run: <CALL USP_GetCurrencies();>.
11/22/2012 09:32:02 pm: ... Got dataset to return in json obj
11/22/2012 09:32:02 pm: Get the dataset to return in json obj...
11/22/2012 09:32:02 pm: Query has run: <CALL USP_GetCategories();>.
11/22/2012 09:32:02 pm: ... Got dataset to return in json obj
11/22/2012 09:32:02 pm: Get the dataset to return in json obj...
11/22/2012 09:32:02 pm: Query has run: <CALL USP_GetCategories2();>.
11/22/2012 09:32:02 pm: ... Got dataset to return in json obj
11/22/2012 09:36:16 pm: Get the dataset to return in json obj...
11/22/2012 09:36:16 pm: Query has run: <CALL USP_GetCurrencies();>.
11/22/2012 09:36:16 pm: ... Got dataset to return in json obj
11/22/2012 09:36:16 pm: Get the dataset to return in json obj...
11/22/2012 09:36:16 pm: Query has run: <CALL USP_GetCategories();>.
11/22/2012 09:36:16 pm: ... Got dataset to return in json obj
11/22/2012 09:36:16 pm: Get the dataset to return in json obj...
11/22/2012 09:36:16 pm: Get the dataset to return in json obj...
11/22/2012 09:36:16 pm: Query has run: <CALL USP_GetAccounts();>.
11/22/2012 09:36:16 pm: ... Got dataset to return in json obj
11/22/2012 09:36:16 pm: Query has run: <CALL USP_GetPayees();>.
11/22/2012 09:36:16 pm: ... Got dataset to return in json obj
11/22/2012 09:36:16 pm: Get the dataset to return in json obj...
11/22/2012 09:36:16 pm: Query has run: <CALL USP_GetCategories2();>.
11/22/2012 09:36:16 pm: ... Got dataset to return in json obj
11/22/2012 09:36:42 pm: Get the dataset to return in json obj...
11/22/2012 09:36:42 pm: Get the dataset to return in json obj...
11/22/2012 09:36:42 pm: Get the dataset to return in json obj...
11/22/2012 09:36:42 pm: Get the dataset to return in json obj...
11/22/2012 09:36:42 pm: Query has run: <CALL USP_GetCurrencies();>.
11/22/2012 09:36:42 pm: ... Got dataset to return in json obj
11/22/2012 09:36:42 pm: Query has run: <CALL USP_GetCategories2();>.
11/22/2012 09:36:42 pm: ... Got dataset to return in json obj
11/22/2012 09:36:42 pm: Query has run: <CALL USP_GetCategories();>.
11/22/2012 09:36:42 pm: ... Got dataset to return in json obj
11/22/2012 09:36:42 pm: Query has run: <CALL USP_GetPayees();>.
11/22/2012 09:36:42 pm: ... Got dataset to return in json obj
11/22/2012 09:36:42 pm: Get the dataset to return in json obj...
11/22/2012 09:36:42 pm: Query has run: <CALL USP_GetAccounts();>.
11/22/2012 09:36:42 pm: ... Got dataset to return in json obj
11/22/2012 09:37:57 pm: Get the dataset to return in json obj...
11/22/2012 09:37:57 pm: Query has run: <CALL USP_GetCurrencies();>.
11/22/2012 09:37:57 pm: ... Got dataset to return in json obj
11/22/2012 09:37:57 pm: Get the dataset to return in json obj...
11/22/2012 09:37:57 pm: Get the dataset to return in json obj...
11/22/2012 09:37:57 pm: Query has run: <CALL USP_GetPayees();>.
11/22/2012 09:37:57 pm: ... Got dataset to return in json obj
11/22/2012 09:37:57 pm: Get the dataset to return in json obj...
11/22/2012 09:37:57 pm: Get the dataset to return in json obj...
11/22/2012 09:37:57 pm: Query has run: <CALL USP_GetAccounts();>.
11/22/2012 09:37:57 pm: ... Got dataset to return in json obj
11/22/2012 09:37:57 pm: Query has run: <CALL USP_GetCategories();>.
11/22/2012 09:37:57 pm: ... Got dataset to return in json obj
11/22/2012 09:37:57 pm: Query has run: <CALL USP_GetCategories2();>.
11/22/2012 09:37:57 pm: ... Got dataset to return in json obj
11/22/2012 09:39:59 pm: Get the dataset to return in json obj...
11/22/2012 09:39:59 pm: Query has run: <CALL USP_GetAccounts();>.
11/22/2012 09:39:59 pm: ... Got dataset to return in json obj
11/22/2012 09:39:59 pm: Get the dataset to return in json obj...
11/22/2012 09:39:59 pm: Query has run: <CALL USP_GetPayees();>.
11/22/2012 09:39:59 pm: ... Got dataset to return in json obj
11/22/2012 09:39:59 pm: Get the dataset to return in json obj...
11/22/2012 09:39:59 pm: Get the dataset to return in json obj...
11/22/2012 09:39:59 pm: Query has run: <CALL USP_GetCategories();>.
11/22/2012 09:39:59 pm: ... Got dataset to return in json obj
11/22/2012 09:39:59 pm: Query has run: <CALL USP_GetCurrencies();>.
11/22/2012 09:39:59 pm: ... Got dataset to return in json obj
11/22/2012 09:39:59 pm: Get the dataset to return in json obj...
11/22/2012 09:39:59 pm: Query has run: <CALL USP_GetCategories2();>.
11/22/2012 09:39:59 pm: ... Got dataset to return in json obj
11/22/2012 09:40:46 pm: Get the dataset to return in json obj...
11/22/2012 09:40:46 pm: Get the dataset to return in json obj...
11/22/2012 09:40:46 pm: Get the dataset to return in json obj...
11/22/2012 09:40:46 pm: Query has run: <CALL USP_GetCategories();>.
11/22/2012 09:40:46 pm: ... Got dataset to return in json obj
11/22/2012 09:40:46 pm: Query has run: <CALL USP_GetCategories2();>.
11/22/2012 09:40:46 pm: ... Got dataset to return in json obj
11/22/2012 09:40:46 pm: Get the dataset to return in json obj...
11/22/2012 09:40:46 pm: Query has run: <CALL USP_GetCurrencies();>.
11/22/2012 09:40:46 pm: ... Got dataset to return in json obj
11/22/2012 09:40:46 pm: Query has run: <CALL USP_GetPayees();>.
11/22/2012 09:40:46 pm: ... Got dataset to return in json obj
11/22/2012 09:40:46 pm: Get the dataset to return in json obj...
11/22/2012 09:40:46 pm: Query has run: <CALL USP_GetAccounts();>.
11/22/2012 09:40:46 pm: ... Got dataset to return in json obj
11/22/2012 09:42:08 pm: Get the dataset to return in json obj...
11/22/2012 09:42:08 pm: Get the dataset to return in json obj...
11/22/2012 09:42:08 pm: Query has run: <CALL USP_GetPayees();>.
11/22/2012 09:42:08 pm: ... Got dataset to return in json obj
11/22/2012 09:42:08 pm: Get the dataset to return in json obj...
11/22/2012 09:42:08 pm: Query has run: <CALL USP_GetCurrencies();>.
11/22/2012 09:42:08 pm: ... Got dataset to return in json obj
11/22/2012 09:42:08 pm: Query has run: <CALL USP_GetAccounts();>.
11/22/2012 09:42:08 pm: ... Got dataset to return in json obj
11/22/2012 09:42:08 pm: Get the dataset to return in json obj...
11/22/2012 09:42:08 pm: Query has run: <CALL USP_GetCategories2();>.
11/22/2012 09:42:08 pm: ... Got dataset to return in json obj
11/22/2012 09:42:08 pm: Get the dataset to return in json obj...
11/22/2012 09:42:08 pm: Query has run: <CALL USP_GetCategories();>.
11/22/2012 09:42:08 pm: ... Got dataset to return in json obj
11/22/2012 09:42:38 pm: Get the dataset to return in json obj...
11/22/2012 09:42:38 pm: Query has run: <CALL USP_GetCurrencies();>.
11/22/2012 09:42:38 pm: ... Got dataset to return in json obj
11/22/2012 09:42:38 pm: Get the dataset to return in json obj...
11/22/2012 09:42:38 pm: Get the dataset to return in json obj...
11/22/2012 09:42:38 pm: Query has run: <CALL USP_GetAccounts();>.
11/22/2012 09:42:38 pm: ... Got dataset to return in json obj
11/22/2012 09:42:38 pm: Query has run: <CALL USP_GetPayees();>.
11/22/2012 09:42:38 pm: ... Got dataset to return in json obj
11/22/2012 09:42:38 pm: Get the dataset to return in json obj...
11/22/2012 09:42:38 pm: Query has run: <CALL USP_GetCategories();>.
11/22/2012 09:42:38 pm: ... Got dataset to return in json obj
11/22/2012 09:42:38 pm: Get the dataset to return in json obj...
11/22/2012 09:42:38 pm: Query has run: <CALL USP_GetCategories2();>.
11/22/2012 09:42:38 pm: ... Got dataset to return in json obj
11/22/2012 09:42:56 pm: Get the dataset to return in json obj...
11/22/2012 09:42:56 pm: Get the dataset to return in json obj...
11/22/2012 09:42:56 pm: Get the dataset to return in json obj...
11/22/2012 09:42:56 pm: Query has run: <CALL USP_GetCurrencies();>.
11/22/2012 09:42:56 pm: ... Got dataset to return in json obj
11/22/2012 09:42:56 pm: Query has run: <CALL USP_GetPayees();>.
11/22/2012 09:42:56 pm: ... Got dataset to return in json obj
11/22/2012 09:42:56 pm: Query has run: <CALL USP_GetAccounts();>.
11/22/2012 09:42:56 pm: ... Got dataset to return in json obj
11/22/2012 09:42:56 pm: Get the dataset to return in json obj...
11/22/2012 09:42:56 pm: Get the dataset to return in json obj...
11/22/2012 09:42:56 pm: Query has run: <CALL USP_GetCategories();>.
11/22/2012 09:42:56 pm: ... Got dataset to return in json obj
11/22/2012 09:42:56 pm: Query has run: <CALL USP_GetCategories2();>.
11/22/2012 09:42:56 pm: ... Got dataset to return in json obj
11/22/2012 09:43:03 pm: Get the dataset to return in json obj...
11/22/2012 09:43:03 pm: Query has run: <CALL USP_GetAccounts();>.
11/22/2012 09:43:03 pm: ... Got dataset to return in json obj
11/22/2012 09:43:03 pm: Get the dataset to return in json obj...
11/22/2012 09:43:03 pm: Query has run: <CALL USP_GetCurrencies();>.
11/22/2012 09:43:03 pm: ... Got dataset to return in json obj
11/22/2012 09:43:03 pm: Get the dataset to return in json obj...
11/22/2012 09:43:03 pm: Query has run: <CALL USP_GetPayees();>.
11/22/2012 09:43:03 pm: ... Got dataset to return in json obj
11/22/2012 09:43:03 pm: Get the dataset to return in json obj...
11/22/2012 09:43:03 pm: Query has run: <CALL USP_GetCategories();>.
11/22/2012 09:43:03 pm: ... Got dataset to return in json obj
11/22/2012 09:43:03 pm: Get the dataset to return in json obj...
11/22/2012 09:43:03 pm: Query has run: <CALL USP_GetCategories2();>.
11/22/2012 09:43:03 pm: ... Got dataset to return in json obj
11/22/2012 09:46:25 pm: Get the dataset to return in json obj...
11/22/2012 09:46:25 pm: Get the dataset to return in json obj...
11/22/2012 09:46:25 pm: Query has run: <CALL USP_GetAccounts();>.
11/22/2012 09:46:25 pm: Get the dataset to return in json obj...
11/22/2012 09:46:25 pm: ... Got dataset to return in json obj
11/22/2012 09:46:25 pm: Query has run: <CALL USP_GetCurrencies();>.
11/22/2012 09:46:25 pm: ... Got dataset to return in json obj
11/22/2012 09:46:25 pm: Query has run: <CALL USP_GetPayees();>.
11/22/2012 09:46:25 pm: ... Got dataset to return in json obj
11/22/2012 09:46:25 pm: Get the dataset to return in json obj...
11/22/2012 09:46:25 pm: Get the dataset to return in json obj...
11/22/2012 09:46:25 pm: Query has run: <CALL USP_GetCategories2();>.
11/22/2012 09:46:25 pm: ... Got dataset to return in json obj
11/22/2012 09:46:25 pm: Query has run: <CALL USP_GetCategories();>.
11/22/2012 09:46:25 pm: ... Got dataset to return in json obj
11/22/2012 09:46:31 pm: Get the dataset to return in json obj...
11/22/2012 09:46:31 pm: Get the dataset to return in json obj...
11/22/2012 09:46:31 pm: Query has run: <CALL USP_GetCurrencies();>.
11/22/2012 09:46:31 pm: Get the dataset to return in json obj...
11/22/2012 09:46:31 pm: ... Got dataset to return in json obj
11/22/2012 09:46:31 pm: Query has run: <CALL USP_GetPayees();>.
11/22/2012 09:46:31 pm: ... Got dataset to return in json obj
11/22/2012 09:46:31 pm: Query has run: <CALL USP_GetAccounts();>.
11/22/2012 09:46:31 pm: ... Got dataset to return in json obj
11/22/2012 09:46:31 pm: Get the dataset to return in json obj...
11/22/2012 09:46:31 pm: Query has run: <CALL USP_GetCategories();>.
11/22/2012 09:46:31 pm: Get the dataset to return in json obj...
11/22/2012 09:46:31 pm: ... Got dataset to return in json obj
11/22/2012 09:46:31 pm: Query has run: <CALL USP_GetCategories2();>.
11/22/2012 09:46:31 pm: ... Got dataset to return in json obj
11/22/2012 09:46:49 pm: Get the dataset to return in json obj...
11/22/2012 09:46:49 pm: Query has run: <CALL USP_GetAccounts();>.
11/22/2012 09:46:49 pm: ... Got dataset to return in json obj
11/22/2012 09:46:49 pm: Get the dataset to return in json obj...
11/22/2012 09:46:49 pm: Query has run: <CALL USP_GetCurrencies();>.
11/22/2012 09:46:49 pm: ... Got dataset to return in json obj
11/22/2012 09:46:49 pm: Get the dataset to return in json obj...
11/22/2012 09:46:49 pm: Get the dataset to return in json obj...
11/22/2012 09:46:49 pm: Get the dataset to return in json obj...
11/22/2012 09:46:49 pm: Query has run: <CALL USP_GetCategories2();>.
11/22/2012 09:46:49 pm: ... Got dataset to return in json obj
11/22/2012 09:46:49 pm: Query has run: <CALL USP_GetCategories();>.
11/22/2012 09:46:49 pm: ... Got dataset to return in json obj
11/22/2012 09:46:49 pm: Query has run: <CALL USP_GetPayees();>.
11/22/2012 09:46:49 pm: ... Got dataset to return in json obj
11/22/2012 10:03:15 pm: Get the dataset to return in json obj...
11/22/2012 10:03:15 pm: Query has run: <CALL USP_GetAccounts();>.
11/22/2012 10:03:15 pm: ... Got dataset to return in json obj
11/22/2012 10:03:15 pm: Get the dataset to return in json obj...
11/22/2012 10:03:15 pm: Get the dataset to return in json obj...
11/22/2012 10:03:15 pm: Query has run: <CALL USP_GetCurrencies();>.
11/22/2012 10:03:15 pm: ... Got dataset to return in json obj
11/22/2012 10:03:15 pm: Query has run: <CALL USP_GetCategories();>.
11/22/2012 10:03:15 pm: ... Got dataset to return in json obj
11/22/2012 10:03:15 pm: Get the dataset to return in json obj...
11/22/2012 10:03:15 pm: Query has run: <CALL USP_GetPayees();>.
11/22/2012 10:03:15 pm: ... Got dataset to return in json obj
11/22/2012 10:03:15 pm: Get the dataset to return in json obj...
11/22/2012 10:03:15 pm: Query has run: <CALL USP_GetCategories2();>.
11/22/2012 10:03:15 pm: ... Got dataset to return in json obj
11/22/2012 10:07:35 pm: Get the dataset to return in json obj...
11/22/2012 10:07:35 pm: Query has run: <CALL USP_GetAccounts();>.
11/22/2012 10:07:35 pm: ... Got dataset to return in json obj
11/22/2012 10:07:35 pm: Get the dataset to return in json obj...
11/22/2012 10:07:35 pm: Get the dataset to return in json obj...
11/22/2012 10:07:35 pm: Get the dataset to return in json obj...
11/22/2012 10:07:35 pm: Get the dataset to return in json obj...
11/22/2012 10:07:35 pm: Query has run: <CALL USP_GetCategories();>.
11/22/2012 10:07:35 pm: ... Got dataset to return in json obj
11/22/2012 10:07:35 pm: Query has run: <CALL USP_GetPayees();>.
11/22/2012 10:07:35 pm: ... Got dataset to return in json obj
11/22/2012 10:07:35 pm: Query has run: <CALL USP_GetCurrencies();>.
11/22/2012 10:07:35 pm: ... Got dataset to return in json obj
11/22/2012 10:07:35 pm: Query has run: <CALL USP_GetCategories2();>.
11/22/2012 10:07:35 pm: ... Got dataset to return in json obj
11/22/2012 10:08:04 pm: Get the dataset to return in json obj...
11/22/2012 10:08:04 pm: Get the dataset to return in json obj...
11/22/2012 10:08:04 pm: Get the dataset to return in json obj...
11/22/2012 10:08:04 pm: Get the dataset to return in json obj...
11/22/2012 10:08:04 pm: Query has run: <CALL USP_GetCategories();>.
11/22/2012 10:08:04 pm: ... Got dataset to return in json obj
11/22/2012 10:08:04 pm: Get the dataset to return in json obj...
11/22/2012 10:08:04 pm: Query has run: <CALL USP_GetAccounts();>.
11/22/2012 10:08:04 pm: Query has run: <CALL USP_GetPayees();>.
11/22/2012 10:08:04 pm: ... Got dataset to return in json obj
11/22/2012 10:08:04 pm: ... Got dataset to return in json obj
11/22/2012 10:08:04 pm: Query has run: <CALL USP_GetCurrencies();>.
11/22/2012 10:08:04 pm: ... Got dataset to return in json obj
11/22/2012 10:08:04 pm: Query has run: <CALL USP_GetCategories2();>.
11/22/2012 10:08:04 pm: ... Got dataset to return in json obj
11/22/2012 10:08:24 pm: Get the dataset to return in json obj...
11/22/2012 10:08:24 pm: Query has run: <CALL USP_GetPayees();>.
11/22/2012 10:08:24 pm: ... Got dataset to return in json obj
11/22/2012 10:08:24 pm: Get the dataset to return in json obj...
11/22/2012 10:08:24 pm: Get the dataset to return in json obj...
11/22/2012 10:08:24 pm: Get the dataset to return in json obj...
11/22/2012 10:08:24 pm: Query has run: <CALL USP_GetCurrencies();>.
11/22/2012 10:08:24 pm: ... Got dataset to return in json obj
11/22/2012 10:08:24 pm: Query has run: <CALL USP_GetCategories2();>.
11/22/2012 10:08:24 pm: ... Got dataset to return in json obj
11/22/2012 10:08:24 pm: Get the dataset to return in json obj...
11/22/2012 10:08:24 pm: Query has run: <CALL USP_GetCategories();>.
11/22/2012 10:08:24 pm: ... Got dataset to return in json obj
11/22/2012 10:08:24 pm: Query has run: <CALL USP_GetAccounts();>.
11/22/2012 10:08:24 pm: ... Got dataset to return in json obj
11/22/2012 10:09:17 pm: Get the dataset to return in json obj...
11/22/2012 10:09:17 pm: Query has run: <CALL USP_GetAccounts();>.
11/22/2012 10:09:17 pm: ... Got dataset to return in json obj
11/22/2012 10:09:17 pm: Get the dataset to return in json obj...
11/22/2012 10:09:17 pm: Get the dataset to return in json obj...
11/22/2012 10:09:17 pm: Get the dataset to return in json obj...
11/22/2012 10:09:17 pm: Query has run: <CALL USP_GetCurrencies();>.
11/22/2012 10:09:17 pm: ... Got dataset to return in json obj
11/22/2012 10:09:17 pm: Query has run: <CALL USP_GetPayees();>.
11/22/2012 10:09:17 pm: ... Got dataset to return in json obj
11/22/2012 10:09:17 pm: Query has run: <CALL USP_GetCategories();>.
11/22/2012 10:09:17 pm: ... Got dataset to return in json obj
11/22/2012 10:09:17 pm: Get the dataset to return in json obj...
11/22/2012 10:09:17 pm: Query has run: <CALL USP_GetCategories2();>.
11/22/2012 10:09:17 pm: ... Got dataset to return in json obj
11/22/2012 10:10:17 pm: Get the dataset to return in json obj...
11/22/2012 10:10:17 pm: Query has run: <CALL USP_GetCurrencies();>.
11/22/2012 10:10:17 pm: ... Got dataset to return in json obj
11/22/2012 10:10:17 pm: Get the dataset to return in json obj...
11/22/2012 10:10:17 pm: Get the dataset to return in json obj...
11/22/2012 10:10:17 pm: Get the dataset to return in json obj...
11/22/2012 10:10:17 pm: Query has run: <CALL USP_GetCategories();>.
11/22/2012 10:10:17 pm: ... Got dataset to return in json obj
11/22/2012 10:10:17 pm: Get the dataset to return in json obj...
11/22/2012 10:10:17 pm: Query has run: <CALL USP_GetPayees();>.
11/22/2012 10:10:17 pm: ... Got dataset to return in json obj
11/22/2012 10:10:17 pm: Query has run: <CALL USP_GetCategories2();>.
11/22/2012 10:10:17 pm: ... Got dataset to return in json obj
11/22/2012 10:10:17 pm: Query has run: <CALL USP_GetAccounts();>.
11/22/2012 10:10:17 pm: ... Got dataset to return in json obj
11/22/2012 10:11:19 pm: Get the dataset to return in json obj...
11/22/2012 10:11:19 pm: Query has run: <CALL USP_GetAccounts();>.
11/22/2012 10:11:19 pm: ... Got dataset to return in json obj
11/22/2012 10:11:19 pm: Get the dataset to return in json obj...
11/22/2012 10:11:19 pm: Get the dataset to return in json obj...
11/22/2012 10:11:19 pm: Query has run: <CALL USP_GetCurrencies();>.
11/22/2012 10:11:19 pm: ... Got dataset to return in json obj
11/22/2012 10:11:19 pm: Query has run: <CALL USP_GetCategories();>.
11/22/2012 10:11:19 pm: ... Got dataset to return in json obj
11/22/2012 10:11:19 pm: Get the dataset to return in json obj...
11/22/2012 10:11:19 pm: Get the dataset to return in json obj...
11/22/2012 10:11:19 pm: Query has run: <CALL USP_GetPayees();>.
11/22/2012 10:11:19 pm: ... Got dataset to return in json obj
11/22/2012 10:11:19 pm: Query has run: <CALL USP_GetCategories2();>.
11/22/2012 10:11:19 pm: ... Got dataset to return in json obj
11/22/2012 10:13:11 pm: Get the dataset to return in json obj...
11/22/2012 10:13:11 pm: Get the dataset to return in json obj...
11/22/2012 10:13:11 pm: Get the dataset to return in json obj...
11/22/2012 10:13:11 pm: Query has run: <CALL USP_GetCurrencies();>.
11/22/2012 10:13:11 pm: Query has run: <CALL USP_GetAccounts();>.
11/22/2012 10:13:11 pm: ... Got dataset to return in json obj
11/22/2012 10:13:11 pm: ... Got dataset to return in json obj
11/22/2012 10:13:11 pm: Get the dataset to return in json obj...
11/22/2012 10:13:11 pm: Query has run: <CALL USP_GetPayees();>.
11/22/2012 10:13:11 pm: ... Got dataset to return in json obj
11/22/2012 10:13:11 pm: Query has run: <CALL USP_GetCategories();>.
11/22/2012 10:13:11 pm: ... Got dataset to return in json obj
11/22/2012 10:13:11 pm: Get the dataset to return in json obj...
11/22/2012 10:13:11 pm: Query has run: <CALL USP_GetCategories2();>.
11/22/2012 10:13:11 pm: ... Got dataset to return in json obj
11/22/2012 10:13:37 pm: Get the dataset to return in json obj...
11/22/2012 10:13:37 pm: Query has run: <CALL USP_GetAccounts();>.
11/22/2012 10:13:37 pm: ... Got dataset to return in json obj
11/22/2012 10:13:37 pm: Get the dataset to return in json obj...
11/22/2012 10:13:37 pm: Get the dataset to return in json obj...
11/22/2012 10:13:37 pm: Get the dataset to return in json obj...
11/22/2012 10:13:37 pm: Query has run: <CALL USP_GetCurrencies();>.
11/22/2012 10:13:37 pm: ... Got dataset to return in json obj
11/22/2012 10:13:37 pm: Query has run: <CALL USP_GetCategories();>.
11/22/2012 10:13:37 pm: ... Got dataset to return in json obj
11/22/2012 10:13:37 pm: Query has run: <CALL USP_GetCategories2();>.
11/22/2012 10:13:37 pm: ... Got dataset to return in json obj
11/22/2012 10:13:37 pm: Get the dataset to return in json obj...
11/22/2012 10:13:37 pm: Query has run: <CALL USP_GetPayees();>.
11/22/2012 10:13:37 pm: ... Got dataset to return in json obj
11/22/2012 10:14:10 pm: Get the dataset to return in json obj...
11/22/2012 10:14:10 pm: Query has run: <CALL USP_GetAccounts();>.
11/22/2012 10:14:10 pm: ... Got dataset to return in json obj
11/22/2012 10:14:10 pm: Get the dataset to return in json obj...
11/22/2012 10:14:10 pm: Query has run: <CALL USP_GetCurrencies();>.
11/22/2012 10:14:10 pm: ... Got dataset to return in json obj
11/22/2012 10:14:10 pm: Get the dataset to return in json obj...
11/22/2012 10:14:10 pm: Get the dataset to return in json obj...
11/22/2012 10:14:10 pm: Query has run: <CALL USP_GetCategories();>.
11/22/2012 10:14:10 pm: ... Got dataset to return in json obj
11/22/2012 10:14:10 pm: Get the dataset to return in json obj...
11/22/2012 10:14:10 pm: Query has run: <CALL USP_GetPayees();>.
11/22/2012 10:14:10 pm: ... Got dataset to return in json obj
11/22/2012 10:14:10 pm: Query has run: <CALL USP_GetCategories2();>.
11/22/2012 10:14:10 pm: ... Got dataset to return in json obj
11/22/2012 10:15:01 pm: Get the dataset to return in json obj...
11/22/2012 10:15:01 pm: Get the dataset to return in json obj...
11/22/2012 10:15:01 pm: Get the dataset to return in json obj...
11/22/2012 10:15:01 pm: Query has run: <CALL USP_GetPayees();>.
11/22/2012 10:15:01 pm: Query has run: <CALL USP_GetAccounts();>.
11/22/2012 10:15:01 pm: ... Got dataset to return in json obj
11/22/2012 10:15:01 pm: Query has run: <CALL USP_GetCategories();>.
11/22/2012 10:15:01 pm: ... Got dataset to return in json obj
11/22/2012 10:15:01 pm: ... Got dataset to return in json obj
11/22/2012 10:15:01 pm: Get the dataset to return in json obj...
11/22/2012 10:15:01 pm: Get the dataset to return in json obj...
11/22/2012 10:15:01 pm: Query has run: <CALL USP_GetCategories2();>.
11/22/2012 10:15:01 pm: ... Got dataset to return in json obj
11/22/2012 10:15:01 pm: Query has run: <CALL USP_GetCurrencies();>.
11/22/2012 10:15:01 pm: ... Got dataset to return in json obj
11/22/2012 10:15:11 pm: Get the dataset to return in json obj...
11/22/2012 10:15:11 pm: Get the dataset to return in json obj...
11/22/2012 10:15:11 pm: Get the dataset to return in json obj...
11/22/2012 10:15:11 pm: Get the dataset to return in json obj...
11/22/2012 10:15:11 pm: Get the dataset to return in json obj...
11/22/2012 10:15:11 pm: Query has run: <CALL USP_GetAccounts();>.
11/22/2012 10:15:11 pm: ... Got dataset to return in json obj
11/22/2012 10:15:11 pm: Query has run: <CALL USP_GetCurrencies();>.
11/22/2012 10:15:11 pm: ... Got dataset to return in json obj
11/22/2012 10:15:11 pm: Query has run: <CALL USP_GetPayees();>.
11/22/2012 10:15:11 pm: ... Got dataset to return in json obj
11/22/2012 10:15:11 pm: Query has run: <CALL USP_GetCategories2();>.
11/22/2012 10:15:11 pm: ... Got dataset to return in json obj
11/22/2012 10:15:11 pm: Query has run: <CALL USP_GetCategories();>.
11/22/2012 10:15:11 pm: ... Got dataset to return in json obj
11/22/2012 10:15:28 pm: Get the dataset to return in json obj...
11/22/2012 10:15:28 pm: Get the dataset to return in json obj...
11/22/2012 10:15:28 pm: Query has run: <CALL USP_GetCurrencies();>.
11/22/2012 10:15:28 pm: ... Got dataset to return in json obj
11/22/2012 10:15:28 pm: Query has run: <CALL USP_GetAccounts();>.
11/22/2012 10:15:28 pm: ... Got dataset to return in json obj
11/22/2012 10:15:28 pm: Get the dataset to return in json obj...
11/22/2012 10:15:28 pm: Get the dataset to return in json obj...
11/22/2012 10:15:28 pm: Query has run: <CALL USP_GetCategories();>.
11/22/2012 10:15:28 pm: ... Got dataset to return in json obj
11/22/2012 10:15:28 pm: Query has run: <CALL USP_GetPayees();>.
11/22/2012 10:15:28 pm: ... Got dataset to return in json obj
11/22/2012 10:15:28 pm: Get the dataset to return in json obj...
11/22/2012 10:15:28 pm: Query has run: <CALL USP_GetCategories2();>.
11/22/2012 10:15:28 pm: ... Got dataset to return in json obj
11/22/2012 10:16:58 pm: Get the dataset to return in json obj...
11/22/2012 10:16:58 pm: Query has run: <CALL USP_GetAccounts();>.
11/22/2012 10:16:58 pm: ... Got dataset to return in json obj
11/22/2012 10:16:58 pm: Get the dataset to return in json obj...
11/22/2012 10:16:58 pm: Query has run: <CALL USP_GetCurrencies();>.
11/22/2012 10:16:58 pm: ... Got dataset to return in json obj
11/22/2012 10:16:58 pm: Get the dataset to return in json obj...
11/22/2012 10:16:58 pm: Get the dataset to return in json obj...
11/22/2012 10:16:58 pm: Query has run: <CALL USP_GetCategories();>.
11/22/2012 10:16:58 pm: ... Got dataset to return in json obj
11/22/2012 10:16:58 pm: Query has run: <CALL USP_GetPayees();>.
11/22/2012 10:16:58 pm: ... Got dataset to return in json obj
11/22/2012 10:16:58 pm: Get the dataset to return in json obj...
11/22/2012 10:16:58 pm: Query has run: <CALL USP_GetCategories2();>.
11/22/2012 10:16:58 pm: ... Got dataset to return in json obj
11/22/2012 10:17:03 pm: Get the dataset to return in json obj...
11/22/2012 10:17:03 pm: Get the dataset to return in json obj...
11/22/2012 10:17:03 pm: Query has run: <CALL USP_GetCurrencies();>.
11/22/2012 10:17:03 pm: ... Got dataset to return in json obj
11/22/2012 10:17:03 pm: Query has run: <CALL USP_GetAccounts();>.
11/22/2012 10:17:03 pm: ... Got dataset to return in json obj
11/22/2012 10:17:03 pm: Get the dataset to return in json obj...
11/22/2012 10:17:03 pm: Get the dataset to return in json obj...
11/22/2012 10:17:03 pm: Query has run: <CALL USP_GetCategories();>.
11/22/2012 10:17:03 pm: ... Got dataset to return in json obj
11/22/2012 10:17:03 pm: Query has run: <CALL USP_GetPayees();>.
11/22/2012 10:17:03 pm: ... Got dataset to return in json obj
11/22/2012 10:17:03 pm: Get the dataset to return in json obj...
11/22/2012 10:17:03 pm: Query has run: <CALL USP_GetCategories2();>.
11/22/2012 10:17:03 pm: ... Got dataset to return in json obj
11/22/2012 10:17:41 pm: Get the dataset to return in json obj...
11/22/2012 10:17:41 pm: Get the dataset to return in json obj...
11/22/2012 10:17:41 pm: Query has run: <CALL USP_GetAccounts();>.
11/22/2012 10:17:41 pm: ... Got dataset to return in json obj
11/22/2012 10:17:41 pm: Query has run: <CALL USP_GetCurrencies();>.
11/22/2012 10:17:41 pm: ... Got dataset to return in json obj
11/22/2012 10:17:41 pm: Get the dataset to return in json obj...
11/22/2012 10:17:41 pm: Query has run: <CALL USP_GetCategories();>.
11/22/2012 10:17:41 pm: ... Got dataset to return in json obj
11/22/2012 10:17:41 pm: Get the dataset to return in json obj...
11/22/2012 10:17:41 pm: Query has run: <CALL USP_GetPayees();>.
11/22/2012 10:17:41 pm: ... Got dataset to return in json obj
11/22/2012 10:17:41 pm: Get the dataset to return in json obj...
11/22/2012 10:17:41 pm: Query has run: <CALL USP_GetCategories2();>.
11/22/2012 10:17:41 pm: ... Got dataset to return in json obj
11/22/2012 10:17:51 pm: Get the dataset to return in json obj...
11/22/2012 10:17:51 pm: Query has run: <CALL USP_GetCurrencies();>.
11/22/2012 10:17:51 pm: ... Got dataset to return in json obj
11/22/2012 10:17:51 pm: Get the dataset to return in json obj...
11/22/2012 10:17:51 pm: Query has run: <CALL USP_GetAccounts();>.
11/22/2012 10:17:51 pm: ... Got dataset to return in json obj
11/22/2012 10:17:51 pm: Get the dataset to return in json obj...
11/22/2012 10:17:51 pm: Query has run: <CALL USP_GetCategories2();>.
11/22/2012 10:17:51 pm: ... Got dataset to return in json obj
11/22/2012 10:17:51 pm: Get the dataset to return in json obj...
11/22/2012 10:17:51 pm: Get the dataset to return in json obj...
11/22/2012 10:17:51 pm: Query has run: <CALL USP_GetCategories();>.
11/22/2012 10:17:51 pm: ... Got dataset to return in json obj
11/22/2012 10:17:51 pm: Query has run: <CALL USP_GetPayees();>.
11/22/2012 10:17:51 pm: ... Got dataset to return in json obj
11/22/2012 10:18:24 pm: Get the dataset to return in json obj...
11/22/2012 10:18:24 pm: Get the dataset to return in json obj...
11/22/2012 10:18:24 pm: Query has run: <CALL USP_GetCurrencies();>.
11/22/2012 10:18:24 pm: ... Got dataset to return in json obj
11/22/2012 10:18:24 pm: Query has run: <CALL USP_GetAccounts();>.
11/22/2012 10:18:24 pm: ... Got dataset to return in json obj
11/22/2012 10:18:24 pm: Get the dataset to return in json obj...
11/22/2012 10:18:24 pm: Get the dataset to return in json obj...
11/22/2012 10:18:24 pm: Get the dataset to return in json obj...
11/22/2012 10:18:24 pm: Query has run: <CALL USP_GetCategories();>.
11/22/2012 10:18:24 pm: ... Got dataset to return in json obj
11/22/2012 10:18:24 pm: Query has run: <CALL USP_GetPayees();>.
11/22/2012 10:18:24 pm: ... Got dataset to return in json obj
11/22/2012 10:18:24 pm: Query has run: <CALL USP_GetCategories2();>.
11/22/2012 10:18:24 pm: ... Got dataset to return in json obj
11/22/2012 10:23:24 pm: Get the dataset to return in json obj...
11/22/2012 10:23:24 pm: Query has run: <CALL USP_GetAccounts();>.
11/22/2012 10:23:24 pm: ... Got dataset to return in json obj
11/22/2012 10:23:24 pm: Get the dataset to return in json obj...
11/22/2012 10:23:24 pm: Get the dataset to return in json obj...
11/22/2012 10:23:24 pm: Query has run: <CALL USP_GetCurrencies();>.
11/22/2012 10:23:24 pm: ... Got dataset to return in json obj
11/22/2012 10:23:24 pm: Query has run: <CALL USP_GetPayees();>.
11/22/2012 10:23:24 pm: ... Got dataset to return in json obj
11/22/2012 10:23:24 pm: Get the dataset to return in json obj...
11/22/2012 10:23:24 pm: Query has run: <CALL USP_GetCategories();>.
11/22/2012 10:23:24 pm: ... Got dataset to return in json obj
11/22/2012 10:23:24 pm: Get the dataset to return in json obj...
11/22/2012 10:23:24 pm: Query has run: <CALL USP_GetCategories2();>.
11/22/2012 10:23:24 pm: ... Got dataset to return in json obj
11/22/2012 10:24:48 pm: Get the dataset to return in json obj...
11/22/2012 10:24:48 pm: Query has run: <CALL USP_GetAccounts();>.
11/22/2012 10:24:48 pm: ... Got dataset to return in json obj
11/22/2012 10:24:48 pm: Get the dataset to return in json obj...
11/22/2012 10:24:48 pm: Get the dataset to return in json obj...
11/22/2012 10:24:48 pm: Query has run: <CALL USP_GetPayees();>.
11/22/2012 10:24:48 pm: ... Got dataset to return in json obj
11/22/2012 10:24:48 pm: Get the dataset to return in json obj...
11/22/2012 10:24:48 pm: Get the dataset to return in json obj...
11/22/2012 10:24:48 pm: Query has run: <CALL USP_GetCurrencies();>.
11/22/2012 10:24:48 pm: ... Got dataset to return in json obj
11/22/2012 10:24:48 pm: Query has run: <CALL USP_GetCategories();>.
11/22/2012 10:24:48 pm: ... Got dataset to return in json obj
11/22/2012 10:24:48 pm: Query has run: <CALL USP_GetCategories2();>.
11/22/2012 10:24:48 pm: ... Got dataset to return in json obj
11/22/2012 10:26:10 pm: Get the dataset to return in json obj...
11/22/2012 10:26:10 pm: Get the dataset to return in json obj...
11/22/2012 10:26:10 pm: Get the dataset to return in json obj...
11/22/2012 10:26:10 pm: Query has run: <CALL USP_GetCurrencies();>.
11/22/2012 10:26:10 pm: ... Got dataset to return in json obj
11/22/2012 10:26:10 pm: Get the dataset to return in json obj...
11/22/2012 10:26:10 pm: Query has run: <CALL USP_GetPayees();>.
11/22/2012 10:26:10 pm: ... Got dataset to return in json obj
11/22/2012 10:26:10 pm: Query has run: <CALL USP_GetCategories2();>.
11/22/2012 10:26:10 pm: ... Got dataset to return in json obj
11/22/2012 10:26:10 pm: Query has run: <CALL USP_GetCategories();>.
11/22/2012 10:26:10 pm: ... Got dataset to return in json obj
11/22/2012 10:26:10 pm: Get the dataset to return in json obj...
11/22/2012 10:26:10 pm: Query has run: <CALL USP_GetAccounts();>.
11/22/2012 10:26:10 pm: ... Got dataset to return in json obj
11/22/2012 10:28:41 pm: Get the dataset to return in json obj...
11/22/2012 10:28:41 pm: Query has run: <CALL USP_GetCurrencies();>.
11/22/2012 10:28:41 pm: ... Got dataset to return in json obj
11/22/2012 10:28:41 pm: Get the dataset to return in json obj...
11/22/2012 10:28:41 pm: Query has run: <CALL USP_GetCategories();>.
11/22/2012 10:28:41 pm: ... Got dataset to return in json obj
11/22/2012 10:28:41 pm: Get the dataset to return in json obj...
11/22/2012 10:28:41 pm: Get the dataset to return in json obj...
11/22/2012 10:28:41 pm: Query has run: <CALL USP_GetCategories2();>.
11/22/2012 10:28:41 pm: ... Got dataset to return in json obj
11/22/2012 10:28:41 pm: Get the dataset to return in json obj...
11/22/2012 10:28:41 pm: Query has run: <CALL USP_GetPayees();>.
11/22/2012 10:28:41 pm: ... Got dataset to return in json obj
11/22/2012 10:28:41 pm: Query has run: <CALL USP_GetAccounts();>.
11/22/2012 10:28:41 pm: ... Got dataset to return in json obj
11/22/2012 10:28:45 pm: Get the dataset to return in json obj...
11/22/2012 10:28:45 pm: Query has run: <CALL USP_GetAccounts();>.
11/22/2012 10:28:45 pm: ... Got dataset to return in json obj
11/22/2012 10:28:45 pm: Get the dataset to return in json obj...
11/22/2012 10:28:45 pm: Get the dataset to return in json obj...
11/22/2012 10:28:45 pm: Query has run: <CALL USP_GetCurrencies();>.
11/22/2012 10:28:45 pm: ... Got dataset to return in json obj
11/22/2012 10:28:45 pm: Query has run: <CALL USP_GetPayees();>.
11/22/2012 10:28:45 pm: ... Got dataset to return in json obj
11/22/2012 10:28:45 pm: Get the dataset to return in json obj...
11/22/2012 10:28:45 pm: Get the dataset to return in json obj...
11/22/2012 10:28:45 pm: Query has run: <CALL USP_GetCategories();>.
11/22/2012 10:28:45 pm: ... Got dataset to return in json obj
11/22/2012 10:28:45 pm: Query has run: <CALL USP_GetCategories2();>.
11/22/2012 10:28:45 pm: ... Got dataset to return in json obj
11/22/2012 10:29:29 pm: Get the dataset to return in json obj...
11/22/2012 10:29:29 pm: Query has run: <CALL USP_GetAccounts();>.
11/22/2012 10:29:29 pm: ... Got dataset to return in json obj
11/22/2012 10:29:29 pm: Get the dataset to return in json obj...
11/22/2012 10:29:29 pm: Get the dataset to return in json obj...
11/22/2012 10:29:29 pm: Query has run: <CALL USP_GetCategories();>.
11/22/2012 10:29:29 pm: ... Got dataset to return in json obj
11/22/2012 10:29:29 pm: Query has run: <CALL USP_GetCategories2();>.
11/22/2012 10:29:29 pm: Get the dataset to return in json obj...
11/22/2012 10:29:29 pm: ... Got dataset to return in json obj
11/22/2012 10:29:29 pm: Query has run: <CALL USP_GetPayees();>.
11/22/2012 10:29:29 pm: ... Got dataset to return in json obj
11/22/2012 10:29:29 pm: Get the dataset to return in json obj...
11/22/2012 10:29:29 pm: Query has run: <CALL USP_GetCurrencies();>.
11/22/2012 10:29:29 pm: ... Got dataset to return in json obj
11/22/2012 10:30:43 pm: Get the dataset to return in json obj...
11/22/2012 10:30:43 pm: Get the dataset to return in json obj...
11/22/2012 10:30:43 pm: Get the dataset to return in json obj...
11/22/2012 10:30:43 pm: Query has run: <CALL USP_GetCurrencies();>.
11/22/2012 10:30:43 pm: ... Got dataset to return in json obj
11/22/2012 10:30:43 pm: Get the dataset to return in json obj...
11/22/2012 10:30:43 pm: Get the dataset to return in json obj...
11/22/2012 10:30:43 pm: Query has run: <CALL USP_GetCategories();>.
11/22/2012 10:30:43 pm: ... Got dataset to return in json obj
11/22/2012 10:30:43 pm: Query has run: <CALL USP_GetAccounts();>.
11/22/2012 10:30:43 pm: ... Got dataset to return in json obj
11/22/2012 10:30:43 pm: Query has run: <CALL USP_GetCategories2();>.
11/22/2012 10:30:43 pm: ... Got dataset to return in json obj
11/22/2012 10:30:43 pm: Query has run: <CALL USP_GetPayees();>.
11/22/2012 10:30:43 pm: ... Got dataset to return in json obj
11/22/2012 10:31:33 pm: Get the dataset to return in json obj...
11/22/2012 10:31:33 pm: Get the dataset to return in json obj...
11/22/2012 10:31:33 pm: Query has run: <CALL USP_GetCurrencies();>.
11/22/2012 10:31:33 pm: ... Got dataset to return in json obj
11/22/2012 10:31:33 pm: Get the dataset to return in json obj...
11/22/2012 10:31:33 pm: Get the dataset to return in json obj...
11/22/2012 10:31:33 pm: Query has run: <CALL USP_GetCategories();>.
11/22/2012 10:31:33 pm: ... Got dataset to return in json obj
11/22/2012 10:31:33 pm: Query has run: <CALL USP_GetCategories2();>.
11/22/2012 10:31:33 pm: ... Got dataset to return in json obj
11/22/2012 10:31:33 pm: Get the dataset to return in json obj...
11/22/2012 10:31:33 pm: Query has run: <CALL USP_GetAccounts();>.
11/22/2012 10:31:33 pm: ... Got dataset to return in json obj
11/22/2012 10:31:33 pm: Query has run: <CALL USP_GetPayees();>.
11/22/2012 10:31:33 pm: ... Got dataset to return in json obj
