08/01/2012 11:07:18 am: Hit to <getData.php>. Type: <scat>. Currency in Post=<>. currency var=<1>.
08/01/2012 11:07:18 am: Get the dataset to return in json obj...
08/01/2012 11:07:18 am: Get the dataset to return in json obj...
08/01/2012 11:07:18 am: Query has run: <CALL USP_GetCategories();>.
08/01/2012 11:07:18 am: Get the dataset to return in json obj...
08/01/2012 11:07:18 am: ... Got dataset to return in json obj
08/01/2012 11:07:18 am: Get the dataset to return in json obj...
08/01/2012 11:07:18 am: Query has run: <CALL USP_GetPayees();>.
08/01/2012 11:07:18 am: ... Got dataset to return in json obj
08/01/2012 11:07:18 am: Query has run: <CALL USP_GetCurrencies();>.
08/01/2012 11:07:18 am: ... Got dataset to return in json obj
08/01/2012 11:07:18 am: Get the dataset to return in json obj...
08/01/2012 11:07:18 am: Query has run: <CALL USP_GetAccounts();>.
08/01/2012 11:07:18 am: ... Got dataset to return in json obj
08/01/2012 11:07:18 am: Query has run: <CALL USP_GetCategories2();>.
08/01/2012 11:07:18 am: ... Got dataset to return in json obj
08/01/2012 11:07:46 am: Amount value: -100. Preg_match_all result is <1>
08/01/2012 01:31:45 pm: Hit to <getData.php>. Type: <acc>. Currency in Post=<1>. currency var=<1>.
08/01/2012 01:31:45 pm: Get the dataset to return in json obj...
08/01/2012 01:31:45 pm: Query has run: <CALL USP_GetAccounts();>.
08/01/2012 01:31:45 pm: ... Got dataset to return in json obj
08/01/2012 01:31:45 pm: Hit to <getData.php>. Type: <curr>. Currency in Post=<>. currency var=<1>.
08/01/2012 01:31:45 pm: Hit to <getData.php>. Type: <cat>. Currency in Post=<>. currency var=<1>.
08/01/2012 01:31:45 pm: Hit to <getData.php>. Type: <payee>. Currency in Post=<>. currency var=<1>.
08/01/2012 01:31:45 pm: Get the dataset to return in json obj...
08/01/2012 01:31:45 pm: Get the dataset to return in json obj...
08/01/2012 01:31:45 pm: Get the dataset to return in json obj...
08/01/2012 01:31:45 pm: Hit to <getData.php>. Type: <scat>. Currency in Post=<>. currency var=<1>.
08/01/2012 01:31:45 pm: Query has run: <CALL USP_GetCurrencies();>.
08/01/2012 01:31:45 pm: ... Got dataset to return in json obj
08/01/2012 01:31:45 pm: Query has run: <CALL USP_GetCategories();>.
08/01/2012 01:31:45 pm: ... Got dataset to return in json obj
08/01/2012 01:31:45 pm: Query has run: <CALL USP_GetPayees();>.
08/01/2012 01:31:45 pm: ... Got dataset to return in json obj
08/01/2012 01:31:45 pm: Get the dataset to return in json obj...
08/01/2012 01:31:45 pm: Query has run: <CALL USP_GetCategories2();>.
08/01/2012 01:31:45 pm: ... Got dataset to return in json obj
08/01/2012 01:32:37 pm: Amount value: -3. Preg_match_all result is <1>
08/01/2012 01:42:56 pm: Hit to <getData.php>. Type: <acc>. Currency in Post=<1>. currency var=<1>.
08/01/2012 01:42:56 pm: Get the dataset to return in json obj...
08/01/2012 01:42:56 pm: Query has run: <CALL USP_GetAccounts();>.
08/01/2012 01:42:56 pm: Hit to <getData.php>. Type: <cat>. Currency in Post=<>. currency var=<1>.
08/01/2012 01:42:56 pm: ... Got dataset to return in json obj
08/01/2012 01:42:56 pm: Hit to <getData.php>. Type: <curr>. Currency in Post=<>. currency var=<1>.
08/01/2012 01:42:56 pm: Hit to <getData.php>. Type: <payee>. Currency in Post=<>. currency var=<1>.
08/01/2012 01:42:56 pm: Hit to <getData.php>. Type: <scat>. Currency in Post=<>. currency var=<1>.
08/01/2012 01:42:56 pm: Get the dataset to return in json obj...
08/01/2012 01:42:56 pm: Get the dataset to return in json obj...
08/01/2012 01:42:56 pm: Get the dataset to return in json obj...
08/01/2012 01:42:56 pm: Get the dataset to return in json obj...
08/01/2012 01:42:56 pm: Query has run: <CALL USP_GetCurrencies();>.
08/01/2012 01:42:56 pm: ... Got dataset to return in json obj
08/01/2012 01:42:56 pm: Query has run: <CALL USP_GetPayees();>.
08/01/2012 01:42:56 pm: ... Got dataset to return in json obj
08/01/2012 01:42:56 pm: Query has run: <CALL USP_GetCategories2();>.
08/01/2012 01:42:56 pm: ... Got dataset to return in json obj
08/01/2012 01:42:56 pm: Query has run: <CALL USP_GetCategories();>.
08/01/2012 01:42:56 pm: ... Got dataset to return in json obj
08/01/2012 01:43:46 pm: Hit to <getData.php>. Type: <curr>. Currency in Post=<>. currency var=<1>.
08/01/2012 01:43:46 pm: Get the dataset to return in json obj...
08/01/2012 01:43:46 pm: Hit to <getData.php>. Type: <acc>. Currency in Post=<1>. currency var=<1>.
08/01/2012 01:43:46 pm: Hit to <getData.php>. Type: <payee>. Currency in Post=<>. currency var=<1>.
08/01/2012 01:43:46 pm: Query has run: <CALL USP_GetCurrencies();>.
08/01/2012 01:43:46 pm: ... Got dataset to return in json obj
08/01/2012 01:43:46 pm: Get the dataset to return in json obj...
08/01/2012 01:43:46 pm: Query has run: <CALL USP_GetPayees();>.
08/01/2012 01:43:46 pm: ... Got dataset to return in json obj
08/01/2012 01:43:46 pm: Hit to <getData.php>. Type: <cat>. Currency in Post=<>. currency var=<1>.
08/01/2012 01:43:46 pm: Get the dataset to return in json obj...
08/01/2012 01:43:46 pm: Query has run: <CALL USP_GetCategories();>.
08/01/2012 01:43:46 pm: ... Got dataset to return in json obj
08/01/2012 01:43:46 pm: Hit to <getData.php>. Type: <scat>. Currency in Post=<>. currency var=<1>.
08/01/2012 01:43:46 pm: Get the dataset to return in json obj...
08/01/2012 01:43:46 pm: Query has run: <CALL USP_GetCategories2();>.
08/01/2012 01:43:46 pm: ... Got dataset to return in json obj
08/01/2012 01:43:46 pm: Get the dataset to return in json obj...
08/01/2012 01:43:46 pm: Query has run: <CALL USP_GetAccounts();>.
08/01/2012 01:43:46 pm: ... Got dataset to return in json obj
08/01/2012 01:44:06 pm: Hit to <getData.php>. Type: <acc>. Currency in Post=<1>. currency var=<1>.
08/01/2012 01:44:06 pm: Get the dataset to return in json obj...
08/01/2012 01:44:06 pm: Query has run: <CALL USP_GetAccounts();>.
08/01/2012 01:44:06 pm: ... Got dataset to return in json obj
08/01/2012 01:44:06 pm: Hit to <getData.php>. Type: <payee>. Currency in Post=<>. currency var=<1>.
08/01/2012 01:44:06 pm: Hit to <getData.php>. Type: <curr>. Currency in Post=<>. currency var=<1>.
08/01/2012 01:44:06 pm: Hit to <getData.php>. Type: <scat>. Currency in Post=<>. currency var=<1>.
08/01/2012 01:44:06 pm: Hit to <getData.php>. Type: <cat>. Currency in Post=<>. currency var=<1>.
08/01/2012 01:44:06 pm: Get the dataset to return in json obj...
08/01/2012 01:44:06 pm: Get the dataset to return in json obj...
08/01/2012 01:44:06 pm: Get the dataset to return in json obj...
08/01/2012 01:44:06 pm: Get the dataset to return in json obj...
08/01/2012 01:44:06 pm: Query has run: <CALL USP_GetCategories();>.
08/01/2012 01:44:06 pm: ... Got dataset to return in json obj
08/01/2012 01:44:06 pm: Query has run: <CALL USP_GetCategories2();>.
08/01/2012 01:44:06 pm: ... Got dataset to return in json obj
08/01/2012 01:44:06 pm: Query has run: <CALL USP_GetPayees();>.
08/01/2012 01:44:06 pm: ... Got dataset to return in json obj
08/01/2012 01:44:06 pm: Query has run: <CALL USP_GetCurrencies();>.
08/01/2012 01:44:06 pm: ... Got dataset to return in json obj
08/01/2012 01:44:24 pm: Hit to <getData.php>. Type: <acc>. Currency in Post=<1>. currency var=<1>.
08/01/2012 01:44:24 pm: Hit to <getData.php>. Type: <curr>. Currency in Post=<>. currency var=<1>.
08/01/2012 01:44:24 pm: Get the dataset to return in json obj...
08/01/2012 01:44:24 pm: Get the dataset to return in json obj...
08/01/2012 01:44:24 pm: Hit to <getData.php>. Type: <payee>. Currency in Post=<>. currency var=<1>.
08/01/2012 01:44:24 pm: Hit to <getData.php>. Type: <scat>. Currency in Post=<>. currency var=<1>.
08/01/2012 01:44:24 pm: Hit to <getData.php>. Type: <cat>. Currency in Post=<>. currency var=<1>.
08/01/2012 01:44:24 pm: Query has run: <CALL USP_GetAccounts();>.
08/01/2012 01:44:24 pm: ... Got dataset to return in json obj
08/01/2012 01:44:24 pm: Get the dataset to return in json obj...
08/01/2012 01:44:24 pm: Query has run: <CALL USP_GetCurrencies();>.
08/01/2012 01:44:24 pm: ... Got dataset to return in json obj
08/01/2012 01:44:24 pm: Get the dataset to return in json obj...
08/01/2012 01:44:24 pm: Query has run: <CALL USP_GetPayees();>.
08/01/2012 01:44:24 pm: ... Got dataset to return in json obj
08/01/2012 01:44:24 pm: Query has run: <CALL USP_GetCategories2();>.
08/01/2012 01:44:24 pm: ... Got dataset to return in json obj
08/01/2012 01:44:24 pm: Get the dataset to return in json obj...
08/01/2012 01:44:24 pm: Query has run: <CALL USP_GetCategories();>.
08/01/2012 01:44:24 pm: ... Got dataset to return in json obj
08/01/2012 01:44:27 pm: Hit to <getData.php>. Type: <acc>. Currency in Post=<1>. currency var=<1>.
08/01/2012 01:44:27 pm: Get the dataset to return in json obj...
08/01/2012 01:44:27 pm: Hit to <getData.php>. Type: <curr>. Currency in Post=<>. currency var=<1>.
08/01/2012 01:44:27 pm: Get the dataset to return in json obj...
08/01/2012 01:44:27 pm: Hit to <getData.php>. Type: <payee>. Currency in Post=<>. currency var=<1>.
08/01/2012 01:44:27 pm: Query has run: <CALL USP_GetAccounts();>.
08/01/2012 01:44:27 pm: ... Got dataset to return in json obj
08/01/2012 01:44:27 pm: Get the dataset to return in json obj...
08/01/2012 01:44:27 pm: Query has run: <CALL USP_GetPayees();>.
08/01/2012 01:44:27 pm: ... Got dataset to return in json obj
08/01/2012 01:44:27 pm: Hit to <getData.php>. Type: <scat>. Currency in Post=<>. currency var=<1>.
08/01/2012 01:44:27 pm: Query has run: <CALL USP_GetCurrencies();>.
08/01/2012 01:44:27 pm: ... Got dataset to return in json obj
08/01/2012 01:44:27 pm: Hit to <getData.php>. Type: <cat>. Currency in Post=<>. currency var=<1>.
08/01/2012 01:44:27 pm: Get the dataset to return in json obj...
08/01/2012 01:44:27 pm: Query has run: <CALL USP_GetCategories();>.
08/01/2012 01:44:27 pm: ... Got dataset to return in json obj
08/01/2012 01:44:27 pm: Get the dataset to return in json obj...
08/01/2012 01:44:27 pm: Query has run: <CALL USP_GetCategories2();>.
08/01/2012 01:44:27 pm: ... Got dataset to return in json obj
08/01/2012 07:56:56 pm: Hit to <getData.php>. Type: <acc>. Currency in Post=<1>. currency var=<1>.
08/01/2012 07:56:56 pm: Get the dataset to return in json obj...
08/01/2012 07:56:56 pm: Query has run: <CALL USP_GetAccounts();>.
08/01/2012 07:56:56 pm: ... Got dataset to return in json obj
08/01/2012 07:56:56 pm: Hit to <getData.php>. Type: <cat>. Currency in Post=<>. currency var=<1>.
08/01/2012 07:56:56 pm: Hit to <getData.php>. Type: <payee>. Currency in Post=<>. currency var=<1>.
08/01/2012 07:56:56 pm: Hit to <getData.php>. Type: <curr>. Currency in Post=<>. currency var=<1>.
08/01/2012 07:56:56 pm: Hit to <getData.php>. Type: <scat>. Currency in Post=<>. currency var=<1>.
08/01/2012 07:56:56 pm: Get the dataset to return in json obj...
08/01/2012 07:56:56 pm: Get the dataset to return in json obj...
08/01/2012 07:56:56 pm: Get the dataset to return in json obj...
08/01/2012 07:56:56 pm: Get the dataset to return in json obj...
08/01/2012 07:56:56 pm: Query has run: <CALL USP_GetCategories2();>.
08/01/2012 07:56:56 pm: Query has run: <CALL USP_GetCategories();>.
08/01/2012 07:56:56 pm: ... Got dataset to return in json obj
08/01/2012 07:56:56 pm: ... Got dataset to return in json obj
08/01/2012 07:56:56 pm: Query has run: <CALL USP_GetPayees();>.
08/01/2012 07:56:57 pm: ... Got dataset to return in json obj
08/01/2012 07:56:57 pm: Query has run: <CALL USP_GetCurrencies();>.
08/01/2012 07:56:57 pm: ... Got dataset to return in json obj
08/01/2012 07:56:58 pm: Hit to <getData.php>. Type: <acc>. Currency in Post=<1>. currency var=<1>.
08/01/2012 07:56:58 pm: Hit to <getData.php>. Type: <payee>. Currency in Post=<>. currency var=<1>.
08/01/2012 07:56:58 pm: Hit to <getData.php>. Type: <curr>. Currency in Post=<>. currency var=<1>.
08/01/2012 07:56:58 pm: Get the dataset to return in json obj...
08/01/2012 07:56:58 pm: Get the dataset to return in json obj...
08/01/2012 07:56:58 pm: Get the dataset to return in json obj...
08/01/2012 07:56:58 pm: Query has run: <CALL USP_GetPayees();>.
08/01/2012 07:56:58 pm: ... Got dataset to return in json obj
08/01/2012 07:56:58 pm: Query has run: <CALL USP_GetAccounts();>.
08/01/2012 07:56:58 pm: ... Got dataset to return in json obj
08/01/2012 07:56:58 pm: Query has run: <CALL USP_GetCurrencies();>.
08/01/2012 07:56:58 pm: ... Got dataset to return in json obj
08/01/2012 07:56:58 pm: Hit to <getData.php>. Type: <cat>. Currency in Post=<>. currency var=<1>.
08/01/2012 07:56:58 pm: Hit to <getData.php>. Type: <scat>. Currency in Post=<>. currency var=<1>.
08/01/2012 07:56:58 pm: Get the dataset to return in json obj...
08/01/2012 07:56:58 pm: Get the dataset to return in json obj...
08/01/2012 07:56:58 pm: Query has run: <CALL USP_GetCategories();>.
08/01/2012 07:56:58 pm: ... Got dataset to return in json obj
08/01/2012 07:56:58 pm: Query has run: <CALL USP_GetCategories2();>.
08/01/2012 07:56:58 pm: ... Got dataset to return in json obj
