12/07/2012 07:12:39 pm: Get the dataset to return in json obj...
12/07/2012 07:12:39 pm: Get the dataset to return in json obj...
12/07/2012 07:12:39 pm: Get the dataset to return in json obj...
12/07/2012 07:12:39 pm: Get the dataset to return in json obj...
12/07/2012 07:12:39 pm: Get the dataset to return in json obj...
12/07/2012 07:12:39 pm: Query has run: <CALL USP_GetCategories2();>.
12/07/2012 07:12:39 pm: ... Got dataset to return in json obj
12/07/2012 07:12:39 pm: Query has run: <CALL USP_GetPayees();>.
12/07/2012 07:12:39 pm: ... Got dataset to return in json obj
12/07/2012 07:12:39 pm: Query has run: <CALL USP_GetCurrencies();>.
12/07/2012 07:12:39 pm: ... Got dataset to return in json obj
12/07/2012 07:12:39 pm: Query has run: <CALL USP_GetCategories();>.
12/07/2012 07:12:39 pm: ... Got dataset to return in json obj
12/07/2012 07:12:39 pm: Query has run: <CALL USP_GetAccounts();>.
12/07/2012 07:12:39 pm: ... Got dataset to return in json obj
12/07/2012 07:12:41 pm: Get the dataset to return in json obj...
12/07/2012 07:12:41 pm: Get the dataset to return in json obj...
12/07/2012 07:12:41 pm: Get the dataset to return in json obj...
12/07/2012 07:12:41 pm: Query has run: <CALL USP_GetCurrencies();>.
12/07/2012 07:12:41 pm: ... Got dataset to return in json obj
12/07/2012 07:12:41 pm: Query has run: <CALL USP_GetCategories();>.
12/07/2012 07:12:41 pm: ... Got dataset to return in json obj
12/07/2012 07:12:41 pm: Query has run: <CALL USP_GetCategories2();>.
12/07/2012 07:12:41 pm: ... Got dataset to return in json obj
12/07/2012 07:12:41 pm: Get the dataset to return in json obj...
12/07/2012 07:12:41 pm: Get the dataset to return in json obj...
12/07/2012 07:12:41 pm: Query has run: <CALL USP_GetPayees();>.
12/07/2012 07:12:41 pm: ... Got dataset to return in json obj
12/07/2012 07:12:41 pm: Query has run: <CALL USP_GetAccounts();>.
12/07/2012 07:12:41 pm: ... Got dataset to return in json obj
12/07/2012 07:13:14 pm: Amount value: -20. Preg_match_all result is <1>
12/07/2012 07:13:14 pm: Currency = <3>.
12/07/2012 07:13:17 pm: Get the dataset to return in json obj...
12/07/2012 07:13:17 pm: Query has run: <CALL USP_GetAccounts();>.
12/07/2012 07:13:17 pm: ... Got dataset to return in json obj
12/07/2012 07:13:17 pm: Get the dataset to return in json obj...
12/07/2012 07:13:17 pm: Get the dataset to return in json obj...
12/07/2012 07:13:17 pm: Get the dataset to return in json obj...
12/07/2012 07:13:17 pm: Query has run: <CALL USP_GetCategories();>.
12/07/2012 07:13:17 pm: ... Got dataset to return in json obj
12/07/2012 07:13:17 pm: Query has run: <CALL USP_GetCurrencies();>.
12/07/2012 07:13:17 pm: ... Got dataset to return in json obj
12/07/2012 07:13:17 pm: Get the dataset to return in json obj...
12/07/2012 07:13:17 pm: Query has run: <CALL USP_GetCategories2();>.
12/07/2012 07:13:17 pm: ... Got dataset to return in json obj
12/07/2012 07:13:17 pm: Query has run: <CALL USP_GetPayees();>.
12/07/2012 07:13:17 pm: ... Got dataset to return in json obj
12/07/2012 07:13:23 pm: Get the dataset to return in json obj...
12/07/2012 07:13:23 pm: Query has run: <CALL USP_GetCurrencies();>.
12/07/2012 07:13:23 pm: ... Got dataset to return in json obj
12/07/2012 07:13:23 pm: Get the dataset to return in json obj...
12/07/2012 07:13:23 pm: Get the dataset to return in json obj...
12/07/2012 07:13:23 pm: Query has run: <CALL USP_GetAccounts();>.
12/07/2012 07:13:23 pm: ... Got dataset to return in json obj
12/07/2012 07:13:23 pm: Query has run: <CALL USP_GetPayees();>.
12/07/2012 07:13:23 pm: ... Got dataset to return in json obj
12/07/2012 07:13:23 pm: Get the dataset to return in json obj...
12/07/2012 07:13:23 pm: Get the dataset to return in json obj...
12/07/2012 07:13:23 pm: Query has run: <CALL USP_GetCategories();>.
12/07/2012 07:13:23 pm: ... Got dataset to return in json obj
12/07/2012 07:13:23 pm: Query has run: <CALL USP_GetCategories2();>.
12/07/2012 07:13:23 pm: ... Got dataset to return in json obj
12/07/2012 07:13:25 pm: Get the dataset to return in json obj...
12/07/2012 07:13:25 pm: Get the dataset to return in json obj...
12/07/2012 07:13:25 pm: Query has run: <CALL USP_GetCurrencies();>.
12/07/2012 07:13:25 pm: ... Got dataset to return in json obj
12/07/2012 07:13:25 pm: Query has run: <CALL USP_GetAccounts();>.
12/07/2012 07:13:25 pm: ... Got dataset to return in json obj
12/07/2012 07:13:25 pm: Get the dataset to return in json obj...
12/07/2012 07:13:25 pm: Query has run: <CALL USP_GetPayees();>.
12/07/2012 07:13:25 pm: ... Got dataset to return in json obj
12/07/2012 07:13:25 pm: Get the dataset to return in json obj...
12/07/2012 07:13:25 pm: Get the dataset to return in json obj...
12/07/2012 07:13:25 pm: Query has run: <CALL USP_GetCategories();>.
12/07/2012 07:13:25 pm: ... Got dataset to return in json obj
12/07/2012 07:13:25 pm: Query has run: <CALL USP_GetCategories2();>.
12/07/2012 07:13:25 pm: ... Got dataset to return in json obj
12/07/2012 07:13:26 pm: Get the dataset to return in json obj...
12/07/2012 07:13:26 pm: Get the dataset to return in json obj...
12/07/2012 07:13:26 pm: Get the dataset to return in json obj...
12/07/2012 07:13:26 pm: Query has run: <CALL USP_GetPayees();>.
12/07/2012 07:13:26 pm: ... Got dataset to return in json obj
12/07/2012 07:13:26 pm: Get the dataset to return in json obj...
12/07/2012 07:13:26 pm: Query has run: <CALL USP_GetCategories();>.
12/07/2012 07:13:26 pm: ... Got dataset to return in json obj
12/07/2012 07:13:26 pm: Get the dataset to return in json obj...
12/07/2012 07:13:26 pm: Query has run: <CALL USP_GetCurrencies();>.
12/07/2012 07:13:26 pm: ... Got dataset to return in json obj
12/07/2012 07:13:26 pm: Query has run: <CALL USP_GetAccounts();>.
12/07/2012 07:13:26 pm: ... Got dataset to return in json obj
12/07/2012 07:13:26 pm: Query has run: <CALL USP_GetCategories2();>.
12/07/2012 07:13:26 pm: ... Got dataset to return in json obj
12/07/2012 07:13:27 pm: Get the dataset to return in json obj...
12/07/2012 07:13:27 pm: Get the dataset to return in json obj...
12/07/2012 07:13:27 pm: Get the dataset to return in json obj...
12/07/2012 07:13:27 pm: Query has run: <CALL USP_GetCurrencies();>.
12/07/2012 07:13:27 pm: ... Got dataset to return in json obj
12/07/2012 07:13:27 pm: Query has run: <CALL USP_GetPayees();>.
12/07/2012 07:13:27 pm: ... Got dataset to return in json obj
12/07/2012 07:13:27 pm: Query has run: <CALL USP_GetAccounts();>.
12/07/2012 07:13:27 pm: ... Got dataset to return in json obj
12/07/2012 07:13:27 pm: Get the dataset to return in json obj...
12/07/2012 07:13:27 pm: Query has run: <CALL USP_GetCategories();>.
12/07/2012 07:13:27 pm: ... Got dataset to return in json obj
12/07/2012 07:13:27 pm: Get the dataset to return in json obj...
12/07/2012 07:13:27 pm: Query has run: <CALL USP_GetCategories2();>.
12/07/2012 07:13:27 pm: ... Got dataset to return in json obj
12/07/2012 07:13:28 pm: Get the dataset to return in json obj...
12/07/2012 07:13:28 pm: Query has run: <CALL USP_GetAccounts();>.
12/07/2012 07:13:28 pm: ... Got dataset to return in json obj
12/07/2012 07:13:28 pm: Get the dataset to return in json obj...
12/07/2012 07:13:28 pm: Get the dataset to return in json obj...
12/07/2012 07:13:28 pm: Query has run: <CALL USP_GetCategories();>.
12/07/2012 07:13:28 pm: ... Got dataset to return in json obj
12/07/2012 07:13:28 pm: Query has run: <CALL USP_GetCategories2();>.
12/07/2012 07:13:28 pm: ... Got dataset to return in json obj
12/07/2012 07:13:28 pm: Get the dataset to return in json obj...
12/07/2012 07:13:28 pm: Query has run: <CALL USP_GetCurrencies();>.
12/07/2012 07:13:28 pm: ... Got dataset to return in json obj
12/07/2012 07:13:28 pm: Get the dataset to return in json obj...
12/07/2012 07:13:28 pm: Query has run: <CALL USP_GetPayees();>.
12/07/2012 07:13:28 pm: ... Got dataset to return in json obj
12/07/2012 07:13:28 pm: Get the dataset to return in json obj...
12/07/2012 07:13:28 pm: Query has run: <CALL USP_GetAccounts();>.
12/07/2012 07:13:28 pm: ... Got dataset to return in json obj
12/07/2012 07:13:28 pm: Get the dataset to return in json obj...
12/07/2012 07:13:28 pm: Get the dataset to return in json obj...
12/07/2012 07:13:28 pm: Get the dataset to return in json obj...
12/07/2012 07:13:28 pm: Get the dataset to return in json obj...
12/07/2012 07:13:28 pm: Query has run: <CALL USP_GetCurrencies();>.
12/07/2012 07:13:28 pm: ... Got dataset to return in json obj
12/07/2012 07:13:28 pm: Query has run: <CALL USP_GetPayees();>.
12/07/2012 07:13:28 pm: ... Got dataset to return in json obj
12/07/2012 07:13:28 pm: Query has run: <CALL USP_GetCategories();>.
12/07/2012 07:13:28 pm: ... Got dataset to return in json obj
12/07/2012 07:13:28 pm: Query has run: <CALL USP_GetCategories2();>.
12/07/2012 07:13:28 pm: ... Got dataset to return in json obj
12/07/2012 07:13:29 pm: Get the dataset to return in json obj...
12/07/2012 07:13:29 pm: Query has run: <CALL USP_GetAccounts();>.
12/07/2012 07:13:29 pm: ... Got dataset to return in json obj
12/07/2012 07:13:29 pm: Get the dataset to return in json obj...
12/07/2012 07:13:29 pm: Query has run: <CALL USP_GetCurrencies();>.
12/07/2012 07:13:29 pm: ... Got dataset to return in json obj
12/07/2012 07:13:29 pm: Get the dataset to return in json obj...
12/07/2012 07:13:29 pm: Query has run: <CALL USP_GetPayees();>.
12/07/2012 07:13:29 pm: ... Got dataset to return in json obj
12/07/2012 07:13:29 pm: Get the dataset to return in json obj...
12/07/2012 07:13:29 pm: Query has run: <CALL USP_GetCategories();>.
12/07/2012 07:13:29 pm: ... Got dataset to return in json obj
12/07/2012 07:13:29 pm: Get the dataset to return in json obj...
12/07/2012 07:13:29 pm: Query has run: <CALL USP_GetCategories2();>.
12/07/2012 07:13:29 pm: ... Got dataset to return in json obj
12/07/2012 07:13:29 pm: Get the dataset to return in json obj...
12/07/2012 07:13:29 pm: Get the dataset to return in json obj...
12/07/2012 07:13:29 pm: Query has run: <CALL USP_GetCurrencies();>.
12/07/2012 07:13:29 pm: ... Got dataset to return in json obj
12/07/2012 07:13:29 pm: Query has run: <CALL USP_GetAccounts();>.
12/07/2012 07:13:29 pm: ... Got dataset to return in json obj
12/07/2012 07:13:29 pm: Get the dataset to return in json obj...
12/07/2012 07:13:29 pm: Query has run: <CALL USP_GetPayees();>.
12/07/2012 07:13:29 pm: ... Got dataset to return in json obj
12/07/2012 07:13:29 pm: Get the dataset to return in json obj...
12/07/2012 07:13:29 pm: Query has run: <CALL USP_GetCategories();>.
12/07/2012 07:13:29 pm: Get the dataset to return in json obj...
12/07/2012 07:13:29 pm: Query has run: <CALL USP_GetCategories2();>.
12/07/2012 07:13:29 pm: ... Got dataset to return in json obj
12/07/2012 07:13:29 pm: ... Got dataset to return in json obj
12/07/2012 07:13:29 pm: Get the dataset to return in json obj...
12/07/2012 07:13:29 pm: Get the dataset to return in json obj...
12/07/2012 07:13:29 pm: Get the dataset to return in json obj...
12/07/2012 07:13:29 pm: Get the dataset to return in json obj...
12/07/2012 07:13:29 pm: Get the dataset to return in json obj...
12/07/2012 07:13:29 pm: Query has run: <CALL USP_GetCategories();>.
12/07/2012 07:13:29 pm: ... Got dataset to return in json obj
12/07/2012 07:13:29 pm: Query has run: <CALL USP_GetPayees();>.
12/07/2012 07:13:29 pm: ... Got dataset to return in json obj
12/07/2012 07:13:29 pm: Query has run: <CALL USP_GetCurrencies();>.
12/07/2012 07:13:29 pm: ... Got dataset to return in json obj
12/07/2012 07:13:29 pm: Query has run: <CALL USP_GetAccounts();>.
12/07/2012 07:13:29 pm: ... Got dataset to return in json obj
12/07/2012 07:13:29 pm: Query has run: <CALL USP_GetCategories2();>.
12/07/2012 07:13:29 pm: ... Got dataset to return in json obj
12/07/2012 07:13:29 pm: Get the dataset to return in json obj...
12/07/2012 07:13:29 pm: Get the dataset to return in json obj...
12/07/2012 07:13:29 pm: Query has run: <CALL USP_GetCurrencies();>.
12/07/2012 07:13:29 pm: ... Got dataset to return in json obj
12/07/2012 07:13:29 pm: Get the dataset to return in json obj...
12/07/2012 07:13:29 pm: Get the dataset to return in json obj...
12/07/2012 07:13:29 pm: Get the dataset to return in json obj...
12/07/2012 07:13:29 pm: Query has run: <CALL USP_GetAccounts();>.
12/07/2012 07:13:29 pm: ... Got dataset to return in json obj
12/07/2012 07:13:29 pm: Query has run: <CALL USP_GetPayees();>.
12/07/2012 07:13:29 pm: ... Got dataset to return in json obj
12/07/2012 07:13:29 pm: Query has run: <CALL USP_GetCategories2();>.
12/07/2012 07:13:29 pm: ... Got dataset to return in json obj
12/07/2012 07:13:29 pm: Query has run: <CALL USP_GetCategories();>.
12/07/2012 07:13:29 pm: ... Got dataset to return in json obj
12/07/2012 07:13:30 pm: Get the dataset to return in json obj...
12/07/2012 07:13:30 pm: Get the dataset to return in json obj...
12/07/2012 07:13:30 pm: Get the dataset to return in json obj...
12/07/2012 07:13:30 pm: Get the dataset to return in json obj...
12/07/2012 07:13:30 pm: Query has run: <CALL USP_GetAccounts();>.
12/07/2012 07:13:30 pm: ... Got dataset to return in json obj
12/07/2012 07:13:30 pm: Query has run: <CALL USP_GetCategories();>.
12/07/2012 07:13:30 pm: ... Got dataset to return in json obj
12/07/2012 07:13:30 pm: Query has run: <CALL USP_GetPayees();>.
12/07/2012 07:13:30 pm: ... Got dataset to return in json obj
12/07/2012 07:13:30 pm: Query has run: <CALL USP_GetCurrencies();>.
12/07/2012 07:13:30 pm: ... Got dataset to return in json obj
12/07/2012 07:13:30 pm: Get the dataset to return in json obj...
12/07/2012 07:13:30 pm: Query has run: <CALL USP_GetCategories2();>.
12/07/2012 07:13:30 pm: ... Got dataset to return in json obj
12/07/2012 07:27:28 pm: Get the dataset to return in json obj...
12/07/2012 07:27:28 pm: Query has run: <CALL USP_GetAccounts();>.
12/07/2012 07:27:28 pm: ... Got dataset to return in json obj
12/07/2012 07:27:28 pm: Get the dataset to return in json obj...
12/07/2012 07:27:28 pm: Get the dataset to return in json obj...
12/07/2012 07:27:28 pm: Get the dataset to return in json obj...
12/07/2012 07:27:28 pm: Query has run: <CALL USP_GetCategories();>.
12/07/2012 07:27:28 pm: ... Got dataset to return in json obj
12/07/2012 07:27:28 pm: Query has run: <CALL USP_GetCurrencies();>.
12/07/2012 07:27:28 pm: Query has run: <CALL USP_GetPayees();>.
12/07/2012 07:27:28 pm: ... Got dataset to return in json obj
12/07/2012 07:27:28 pm: ... Got dataset to return in json obj
12/07/2012 07:27:28 pm: Get the dataset to return in json obj...
12/07/2012 07:27:28 pm: Query has run: <CALL USP_GetCategories2();>.
12/07/2012 07:27:28 pm: ... Got dataset to return in json obj
12/07/2012 09:04:23 pm: Get the dataset to return in json obj...
12/07/2012 09:04:23 pm: Get the dataset to return in json obj...
12/07/2012 09:04:23 pm: Query has run: <CALL USP_GetCurrencies();>.
12/07/2012 09:04:23 pm: ... Got dataset to return in json obj
12/07/2012 09:04:23 pm: Query has run: <CALL USP_GetAccounts();>.
12/07/2012 09:04:23 pm: ... Got dataset to return in json obj
12/07/2012 09:04:23 pm: Get the dataset to return in json obj...
12/07/2012 09:04:23 pm: Get the dataset to return in json obj...
12/07/2012 09:04:23 pm: Get the dataset to return in json obj...
12/07/2012 09:04:23 pm: Query has run: <CALL USP_GetPayees();>.
12/07/2012 09:04:23 pm: ... Got dataset to return in json obj
12/07/2012 09:04:23 pm: Query has run: <CALL USP_GetCategories();>.
12/07/2012 09:04:23 pm: ... Got dataset to return in json obj
12/07/2012 09:04:23 pm: Query has run: <CALL USP_GetCategories2();>.
12/07/2012 09:04:23 pm: ... Got dataset to return in json obj
12/07/2012 09:05:29 pm: Amount value: -45,98. Preg_match_all result is <1>
12/07/2012 09:05:29 pm: Currency = <3>.
12/07/2012 09:05:46 pm: Get the dataset to return in json obj...
12/07/2012 09:05:46 pm: Get the dataset to return in json obj...
12/07/2012 09:05:46 pm: Get the dataset to return in json obj...
12/07/2012 09:05:46 pm: Query has run: <CALL USP_GetAccounts();>.
12/07/2012 09:05:46 pm: ... Got dataset to return in json obj
12/07/2012 09:05:46 pm: Query has run: <CALL USP_GetCurrencies();>.
12/07/2012 09:05:46 pm: ... Got dataset to return in json obj
12/07/2012 09:05:46 pm: Query has run: <CALL USP_GetPayees();>.
12/07/2012 09:05:46 pm: ... Got dataset to return in json obj
12/07/2012 09:05:46 pm: Get the dataset to return in json obj...
12/07/2012 09:05:46 pm: Query has run: <CALL USP_GetCategories();>.
12/07/2012 09:05:46 pm: ... Got dataset to return in json obj
12/07/2012 09:05:46 pm: Get the dataset to return in json obj...
12/07/2012 09:05:46 pm: Query has run: <CALL USP_GetCategories2();>.
12/07/2012 09:05:46 pm: ... Got dataset to return in json obj
