11/06/2012 07:30:46 pm: Get the dataset to return in json obj...
11/06/2012 07:30:46 pm: Query has run: <CALL USP_GetCurrencies();>.
11/06/2012 07:30:46 pm: ... Got dataset to return in json obj
11/06/2012 07:30:47 pm: Get the dataset to return in json obj...
11/06/2012 07:30:47 pm: Query has run: <CALL USP_GetCategories2();>.
11/06/2012 07:30:47 pm: ... Got dataset to return in json obj
11/06/2012 07:30:47 pm: Get the dataset to return in json obj...
11/06/2012 07:30:47 pm: Query has run: <CALL USP_GetCategories();>.
11/06/2012 07:30:47 pm: ... Got dataset to return in json obj
11/06/2012 07:30:48 pm: Get the dataset to return in json obj...
11/06/2012 07:30:48 pm: Query has run: <CALL USP_GetAccounts();>.
11/06/2012 07:30:48 pm: ... Got dataset to return in json obj
11/06/2012 07:30:49 pm: Get the dataset to return in json obj...
11/06/2012 07:30:49 pm: Query has run: <CALL USP_GetPayees();>.
11/06/2012 07:30:49 pm: ... Got dataset to return in json obj
11/06/2012 08:06:32 pm: Query has run: <CALL USP_GetAccounts ()>.
11/06/2012 08:06:38 pm: Get the dataset to return in json obj...
11/06/2012 08:06:38 pm: Query has run: <CALL USP_GetAccounts();>.
11/06/2012 08:06:38 pm: ... Got dataset to return in json obj
11/06/2012 08:06:38 pm: Get the dataset to return in json obj...
11/06/2012 08:06:38 pm: Get the dataset to return in json obj...
11/06/2012 08:06:38 pm: Query has run: <CALL USP_GetCurrencies();>.
11/06/2012 08:06:38 pm: Get the dataset to return in json obj...
11/06/2012 08:06:38 pm: Get the dataset to return in json obj...
11/06/2012 08:06:38 pm: ... Got dataset to return in json obj
11/06/2012 08:06:38 pm: Query has run: <CALL USP_GetCategories2();>.
11/06/2012 08:06:38 pm: Query has run: <CALL USP_GetCategories();>.
11/06/2012 08:06:38 pm: ... Got dataset to return in json obj
11/06/2012 08:06:38 pm: Query has run: <CALL USP_GetPayees();>.
11/06/2012 08:06:38 pm: ... Got dataset to return in json obj
11/06/2012 08:06:38 pm: ... Got dataset to return in json obj
11/06/2012 08:07:00 pm: Line 48-> Query1 to run: <CALL USP_InsertAccount (1,'aaa test');>.
11/06/2012 08:07:00 pm: Line 50-> Query2 to run: <CALL USP_GetAccounts();>.
11/06/2012 08:07:00 pm: Start insert...
11/06/2012 08:07:00 pm: Query has run: <CALL USP_InsertAccount (1,'aaa test');>.
11/06/2012 08:07:00 pm: Query has run: <CALL USP_GetAccounts ()>.
11/06/2012 08:07:00 pm: ... End insert
11/06/2012 08:07:00 pm: Get the dataset to return in json obj...
11/06/2012 08:07:00 pm: Query has run: <CALL USP_GetAccounts();>.
11/06/2012 08:07:00 pm: ... Got dataset to return in json obj
11/06/2012 08:07:12 pm: Query has run: <CALL USP_GetAccounts ()>.
11/06/2012 08:08:20 pm: Query has run: <CALL USP_GetAccounts ()>.
11/06/2012 08:08:52 pm: Get the dataset to return in json obj...
11/06/2012 08:08:52 pm: Get the dataset to return in json obj...
11/06/2012 08:08:52 pm: Query has run: <CALL USP_GetCurrencies();>.
11/06/2012 08:08:52 pm: ... Got dataset to return in json obj
11/06/2012 08:08:52 pm: Query has run: <CALL USP_GetAccounts();>.
11/06/2012 08:08:52 pm: ... Got dataset to return in json obj
11/06/2012 08:08:52 pm: Get the dataset to return in json obj...
11/06/2012 08:08:52 pm: Query has run: <CALL USP_GetCategories();>.
11/06/2012 08:08:52 pm: ... Got dataset to return in json obj
11/06/2012 08:08:52 pm: Get the dataset to return in json obj...
11/06/2012 08:08:52 pm: Get the dataset to return in json obj...
11/06/2012 08:08:52 pm: Query has run: <CALL USP_GetCategories2();>.
11/06/2012 08:08:52 pm: ... Got dataset to return in json obj
11/06/2012 08:08:52 pm: Query has run: <CALL USP_GetPayees();>.
11/06/2012 08:08:52 pm: ... Got dataset to return in json obj
11/06/2012 08:10:01 pm: Line 48-> Query1 to run: <CALL USP_InsertAccount (1,'test');>.
11/06/2012 08:10:01 pm: Line 50-> Query2 to run: <CALL USP_GetAccounts();>.
11/06/2012 08:10:01 pm: Start insert...
11/06/2012 08:10:01 pm: Query has run: <CALL USP_InsertAccount (1,'test');>.
11/06/2012 08:10:01 pm: Query has run: <CALL USP_GetAccounts ()>.
11/06/2012 08:10:01 pm: ... End insert
11/06/2012 08:10:01 pm: Get the dataset to return in json obj...
11/06/2012 08:10:01 pm: Query has run: <CALL USP_GetAccounts();>.
11/06/2012 08:10:01 pm: ... Got dataset to return in json obj
11/06/2012 08:10:06 pm: Query has run: <CALL USP_GetAccounts ()>.
11/06/2012 08:10:21 pm: Query has run: <CALL USP_GetAccounts ()>.
11/06/2012 08:10:45 pm: Get the dataset to return in json obj...
11/06/2012 08:10:45 pm: Get the dataset to return in json obj...
11/06/2012 08:10:45 pm: Get the dataset to return in json obj...
11/06/2012 08:10:45 pm: Query has run: <CALL USP_GetCurrencies();>.
11/06/2012 08:10:45 pm: ... Got dataset to return in json obj
11/06/2012 08:10:45 pm: Query has run: <CALL USP_GetAccounts();>.
11/06/2012 08:10:45 pm: ... Got dataset to return in json obj
11/06/2012 08:10:45 pm: Query has run: <CALL USP_GetPayees();>.
11/06/2012 08:10:45 pm: ... Got dataset to return in json obj
11/06/2012 08:10:45 pm: Get the dataset to return in json obj...
11/06/2012 08:10:45 pm: Query has run: <CALL USP_GetCategories2();>.
11/06/2012 08:10:45 pm: ... Got dataset to return in json obj
11/06/2012 08:10:45 pm: Get the dataset to return in json obj...
11/06/2012 08:10:45 pm: Query has run: <CALL USP_GetCategories();>.
11/06/2012 08:10:45 pm: ... Got dataset to return in json obj
11/06/2012 08:11:11 pm: Line 48-> Query1 to run: <CALL USP_InsertAccount (1,'test');>.
11/06/2012 08:11:11 pm: Line 50-> Query2 to run: <CALL USP_GetAccounts();>.
11/06/2012 08:11:11 pm: Start insert...
11/06/2012 08:11:11 pm: Query has run: <CALL USP_InsertAccount (1,'test');>.
11/06/2012 08:11:11 pm: Query has run: <CALL USP_GetAccounts ()>.
11/06/2012 08:11:11 pm: ... End insert
11/06/2012 08:11:11 pm: Get the dataset to return in json obj...
11/06/2012 08:11:11 pm: Query has run: <CALL USP_GetAccounts();>.
11/06/2012 08:11:11 pm: ... Got dataset to return in json obj
11/06/2012 08:11:23 pm: Get the dataset to return in json obj...
11/06/2012 08:11:23 pm: Query has run: <CALL USP_GetAccounts();>.
11/06/2012 08:11:23 pm: ... Got dataset to return in json obj
11/06/2012 08:11:24 pm: Get the dataset to return in json obj...
11/06/2012 08:11:24 pm: Query has run: <CALL USP_GetCurrencies();>.
11/06/2012 08:11:24 pm: ... Got dataset to return in json obj
11/06/2012 08:11:24 pm: Get the dataset to return in json obj...
11/06/2012 08:11:24 pm: Query has run: <CALL USP_GetCategories();>.
11/06/2012 08:11:24 pm: ... Got dataset to return in json obj
11/06/2012 08:11:26 pm: Get the dataset to return in json obj...
11/06/2012 08:11:26 pm: Query has run: <CALL USP_GetPayees();>.
11/06/2012 08:11:26 pm: ... Got dataset to return in json obj
11/06/2012 08:11:27 pm: Get the dataset to return in json obj...
11/06/2012 08:11:27 pm: Query has run: <CALL USP_GetCategories2();>.
11/06/2012 08:11:27 pm: ... Got dataset to return in json obj
11/06/2012 08:12:03 pm: Query has run: <CALL USP_GetAccounts ()>.
11/06/2012 08:12:09 pm: Get the dataset to return in json obj...
11/06/2012 08:12:09 pm: Get the dataset to return in json obj...
11/06/2012 08:12:09 pm: Get the dataset to return in json obj...
11/06/2012 08:12:09 pm: Query has run: <CALL USP_GetCategories();>.
11/06/2012 08:12:09 pm: ... Got dataset to return in json obj
11/06/2012 08:12:09 pm: Get the dataset to return in json obj...
11/06/2012 08:12:09 pm: Query has run: <CALL USP_GetPayees();>.
11/06/2012 08:12:09 pm: ... Got dataset to return in json obj
11/06/2012 08:12:09 pm: Query has run: <CALL USP_GetAccounts();>.
11/06/2012 08:12:09 pm: ... Got dataset to return in json obj
11/06/2012 08:12:09 pm: Query has run: <CALL USP_GetCategories2();>.
11/06/2012 08:12:09 pm: ... Got dataset to return in json obj
11/06/2012 08:12:09 pm: Get the dataset to return in json obj...
11/06/2012 08:12:09 pm: Query has run: <CALL USP_GetCurrencies();>.
11/06/2012 08:12:09 pm: ... Got dataset to return in json obj
11/06/2012 08:12:26 pm: Get the dataset to return in json obj...
11/06/2012 08:12:26 pm: Get the dataset to return in json obj...
11/06/2012 08:12:26 pm: Get the dataset to return in json obj...
11/06/2012 08:12:26 pm: Query has run: <CALL USP_GetCurrencies();>.
11/06/2012 08:12:26 pm: ... Got dataset to return in json obj
11/06/2012 08:12:26 pm: Query has run: <CALL USP_GetAccounts();>.
11/06/2012 08:12:26 pm: ... Got dataset to return in json obj
11/06/2012 08:12:26 pm: Query has run: <CALL USP_GetPayees();>.
11/06/2012 08:12:26 pm: ... Got dataset to return in json obj
11/06/2012 08:12:26 pm: Get the dataset to return in json obj...
11/06/2012 08:12:26 pm: Get the dataset to return in json obj...
11/06/2012 08:12:26 pm: Query has run: <CALL USP_GetCategories2();>.
11/06/2012 08:12:26 pm: ... Got dataset to return in json obj
11/06/2012 08:12:26 pm: Query has run: <CALL USP_GetCategories();>.
11/06/2012 08:12:26 pm: ... Got dataset to return in json obj
11/06/2012 08:13:06 pm: Line 48-> Query1 to run: <CALL USP_InsertAccount (1,'test');>.
11/06/2012 08:13:06 pm: Line 50-> Query2 to run: <CALL USP_GetAccounts();>.
11/06/2012 08:13:06 pm: Start insert...
11/06/2012 08:13:06 pm: Query has run: <CALL USP_InsertAccount (1,'test');>.
11/06/2012 08:13:06 pm: Query has run: <CALL USP_GetAccounts ()>.
11/06/2012 08:13:06 pm: ... End insert
11/06/2012 08:13:06 pm: Get the dataset to return in json obj...
11/06/2012 08:13:06 pm: Query has run: <CALL USP_GetAccounts();>.
11/06/2012 08:13:06 pm: ... Got dataset to return in json obj
11/06/2012 08:13:16 pm: Query has run: <CALL USP_GetAccounts ()>.
11/06/2012 08:14:45 pm: Get the dataset to return in json obj...
11/06/2012 08:14:45 pm: Get the dataset to return in json obj...
11/06/2012 08:14:45 pm: Query has run: <CALL USP_GetAccounts();>.
11/06/2012 08:14:45 pm: ... Got dataset to return in json obj
11/06/2012 08:14:45 pm: Query has run: <CALL USP_GetCurrencies();>.
11/06/2012 08:14:45 pm: ... Got dataset to return in json obj
11/06/2012 08:14:45 pm: Get the dataset to return in json obj...
11/06/2012 08:14:45 pm: Get the dataset to return in json obj...
11/06/2012 08:14:45 pm: Query has run: <CALL USP_GetCategories();>.
11/06/2012 08:14:45 pm: ... Got dataset to return in json obj
11/06/2012 08:14:45 pm: Query has run: <CALL USP_GetPayees();>.
11/06/2012 08:14:45 pm: ... Got dataset to return in json obj
11/06/2012 08:14:45 pm: Get the dataset to return in json obj...
11/06/2012 08:14:45 pm: Query has run: <CALL USP_GetCategories2();>.
11/06/2012 08:14:45 pm: ... Got dataset to return in json obj
11/06/2012 08:14:56 pm: Get the dataset to return in json obj...
11/06/2012 08:14:56 pm: Query has run: <CALL USP_GetAccounts();>.
11/06/2012 08:14:56 pm: ... Got dataset to return in json obj
11/06/2012 08:14:56 pm: Get the dataset to return in json obj...
11/06/2012 08:14:56 pm: Query has run: <CALL USP_GetCurrencies();>.
11/06/2012 08:14:56 pm: ... Got dataset to return in json obj
11/06/2012 08:14:57 pm: Get the dataset to return in json obj...
11/06/2012 08:14:57 pm: Query has run: <CALL USP_GetPayees();>.
11/06/2012 08:14:57 pm: ... Got dataset to return in json obj
11/06/2012 08:14:58 pm: Get the dataset to return in json obj...
11/06/2012 08:14:58 pm: Query has run: <CALL USP_GetCategories();>.
11/06/2012 08:14:58 pm: ... Got dataset to return in json obj
11/06/2012 08:14:59 pm: Get the dataset to return in json obj...
11/06/2012 08:14:59 pm: Query has run: <CALL USP_GetCategories2();>.
11/06/2012 08:14:59 pm: ... Got dataset to return in json obj
11/06/2012 08:15:14 pm: Line 48-> Query1 to run: <CALL USP_InsertAccount (1,'test');>.
11/06/2012 08:15:14 pm: Line 50-> Query2 to run: <CALL USP_GetAccounts();>.
11/06/2012 08:15:14 pm: Start insert...
11/06/2012 08:15:14 pm: Query has run: <CALL USP_InsertAccount (1,'test');>.
11/06/2012 08:16:13 pm: Query has run: <CALL USP_GetAccounts ()>.
11/06/2012 08:16:13 pm: ... End insert
11/06/2012 08:16:13 pm: Get the dataset to return in json obj...
11/06/2012 08:16:13 pm: Query has run: <CALL USP_GetAccounts();>.
11/06/2012 08:16:13 pm: ... Got dataset to return in json obj
11/06/2012 08:16:26 pm: Get the dataset to return in json obj...
11/06/2012 08:16:26 pm: Query has run: <CALL USP_GetAccounts();>.
11/06/2012 08:16:26 pm: ... Got dataset to return in json obj
11/06/2012 08:16:26 pm: Get the dataset to return in json obj...
11/06/2012 08:16:26 pm: Query has run: <CALL USP_GetPayees();>.
11/06/2012 08:16:26 pm: ... Got dataset to return in json obj
11/06/2012 08:16:27 pm: Get the dataset to return in json obj...
11/06/2012 08:16:27 pm: Query has run: <CALL USP_GetCurrencies();>.
11/06/2012 08:16:27 pm: ... Got dataset to return in json obj
11/06/2012 08:16:28 pm: Get the dataset to return in json obj...
11/06/2012 08:16:28 pm: Query has run: <CALL USP_GetCategories();>.
11/06/2012 08:16:28 pm: ... Got dataset to return in json obj
11/06/2012 08:16:29 pm: Get the dataset to return in json obj...
11/06/2012 08:16:29 pm: Query has run: <CALL USP_GetCategories2();>.
11/06/2012 08:16:29 pm: ... Got dataset to return in json obj
11/06/2012 08:17:06 pm: Query has run: <CALL USP_GetAccounts ()>.
11/06/2012 08:17:14 pm: Line 48-> Query1 to run: <CALL USP_InsertAccount (1,'test');>.
11/06/2012 08:17:14 pm: Line 50-> Query2 to run: <CALL USP_GetAccounts();>.
11/06/2012 08:17:14 pm: Start insert...
11/06/2012 08:17:14 pm: Query has run: <CALL USP_InsertAccount (1,'test');>.
11/06/2012 08:17:14 pm: Query has run: <CALL USP_GetAccounts ()>.
11/06/2012 08:17:14 pm: ... End insert
11/06/2012 08:17:14 pm: Get the dataset to return in json obj...
11/06/2012 08:17:14 pm: Query has run: <CALL USP_GetAccounts();>.
11/06/2012 08:17:14 pm: ... Got dataset to return in json obj
11/06/2012 08:17:51 pm: Get the dataset to return in json obj...
11/06/2012 08:17:51 pm: Query has run: <CALL USP_GetAccounts();>.
11/06/2012 08:17:51 pm: ... Got dataset to return in json obj
11/06/2012 08:17:52 pm: Get the dataset to return in json obj...
11/06/2012 08:17:52 pm: Query has run: <CALL USP_GetCurrencies();>.
11/06/2012 08:17:52 pm: ... Got dataset to return in json obj
11/06/2012 08:17:52 pm: Get the dataset to return in json obj...
11/06/2012 08:17:52 pm: Query has run: <CALL USP_GetCategories();>.
11/06/2012 08:17:52 pm: ... Got dataset to return in json obj
11/06/2012 08:17:53 pm: Get the dataset to return in json obj...
11/06/2012 08:17:53 pm: Query has run: <CALL USP_GetPayees();>.
11/06/2012 08:17:53 pm: ... Got dataset to return in json obj
11/06/2012 08:17:54 pm: Get the dataset to return in json obj...
11/06/2012 08:17:54 pm: Query has run: <CALL USP_GetCategories2();>.
11/06/2012 08:17:54 pm: ... Got dataset to return in json obj
11/06/2012 08:18:43 pm: Query has run: <CALL USP_GetAccounts ()>.
11/06/2012 08:19:40 pm: Get the dataset to return in json obj...
11/06/2012 08:19:40 pm: Query has run: <CALL USP_GetCurrencies();>.
11/06/2012 08:19:40 pm: ... Got dataset to return in json obj
11/06/2012 08:19:40 pm: Get the dataset to return in json obj...
11/06/2012 08:19:40 pm: Query has run: <CALL USP_GetAccounts();>.
11/06/2012 08:19:40 pm: ... Got dataset to return in json obj
11/06/2012 08:19:40 pm: Get the dataset to return in json obj...
11/06/2012 08:19:40 pm: Query has run: <CALL USP_GetPayees();>.
11/06/2012 08:19:40 pm: ... Got dataset to return in json obj
11/06/2012 08:19:40 pm: Get the dataset to return in json obj...
11/06/2012 08:19:40 pm: Get the dataset to return in json obj...
11/06/2012 08:19:40 pm: Query has run: <CALL USP_GetCategories2();>.
11/06/2012 08:19:40 pm: ... Got dataset to return in json obj
11/06/2012 08:19:40 pm: Query has run: <CALL USP_GetCategories();>.
11/06/2012 08:19:40 pm: ... Got dataset to return in json obj
11/06/2012 08:19:49 pm: Line 48-> Query1 to run: <CALL USP_InsertAccount (1,'test');>.
11/06/2012 08:19:49 pm: Line 50-> Query2 to run: <CALL USP_GetAccounts();>.
11/06/2012 08:19:49 pm: Start insert...
11/06/2012 08:19:49 pm: Query has run: <CALL USP_InsertAccount (1,'test');>.
11/06/2012 08:19:49 pm: Query has run: <CALL USP_GetAccounts ()>.
11/06/2012 08:19:49 pm: ... End insert
11/06/2012 08:19:49 pm: Get the dataset to return in json obj...
11/06/2012 08:19:49 pm: Query has run: <CALL USP_GetAccounts();>.
11/06/2012 08:19:49 pm: ... Got dataset to return in json obj
11/06/2012 08:21:01 pm: Get the dataset to return in json obj...
11/06/2012 08:21:01 pm: Query has run: <CALL USP_GetAccounts();>.
11/06/2012 08:21:01 pm: ... Got dataset to return in json obj
11/06/2012 08:21:01 pm: Get the dataset to return in json obj...
11/06/2012 08:21:01 pm: Get the dataset to return in json obj...
11/06/2012 08:21:01 pm: Query has run: <CALL USP_GetCurrencies();>.
11/06/2012 08:21:01 pm: ... Got dataset to return in json obj
11/06/2012 08:21:01 pm: Get the dataset to return in json obj...
11/06/2012 08:21:01 pm: Query has run: <CALL USP_GetPayees();>.
11/06/2012 08:21:01 pm: ... Got dataset to return in json obj
11/06/2012 08:21:01 pm: Query has run: <CALL USP_GetCategories();>.
11/06/2012 08:21:01 pm: ... Got dataset to return in json obj
11/06/2012 08:21:01 pm: Get the dataset to return in json obj...
11/06/2012 08:21:01 pm: Query has run: <CALL USP_GetCategories2();>.
11/06/2012 08:21:01 pm: ... Got dataset to return in json obj
11/06/2012 08:21:07 pm: Line 48-> Query1 to run: <CALL USP_InsertAccount (1,'test');>.
11/06/2012 08:21:07 pm: Line 50-> Query2 to run: <CALL USP_GetAccounts();>.
11/06/2012 08:21:07 pm: Start insert...
11/06/2012 08:21:07 pm: Query has run: <CALL USP_InsertAccount (1,'test');>.
11/06/2012 08:21:07 pm: Query has run: <CALL USP_GetAccounts ()>.
11/06/2012 08:21:07 pm: ... End insert
11/06/2012 08:21:07 pm: Get the dataset to return in json obj...
11/06/2012 08:21:07 pm: Query has run: <CALL USP_GetAccounts();>.
11/06/2012 08:21:07 pm: ... Got dataset to return in json obj
11/06/2012 08:21:16 pm: Get the dataset to return in json obj...
11/06/2012 08:21:16 pm: Query has run: <CALL USP_GetAccounts();>.
11/06/2012 08:21:16 pm: ... Got dataset to return in json obj
11/06/2012 08:21:16 pm: Get the dataset to return in json obj...
11/06/2012 08:21:16 pm: Query has run: <CALL USP_GetCurrencies();>.
11/06/2012 08:21:16 pm: ... Got dataset to return in json obj
11/06/2012 08:21:17 pm: Get the dataset to return in json obj...
11/06/2012 08:21:17 pm: Query has run: <CALL USP_GetPayees();>.
11/06/2012 08:21:17 pm: ... Got dataset to return in json obj
11/06/2012 08:21:17 pm: Get the dataset to return in json obj...
11/06/2012 08:21:17 pm: Query has run: <CALL USP_GetCategories();>.
11/06/2012 08:21:17 pm: ... Got dataset to return in json obj
11/06/2012 08:21:18 pm: Get the dataset to return in json obj...
11/06/2012 08:21:18 pm: Query has run: <CALL USP_GetCategories2();>.
11/06/2012 08:21:18 pm: ... Got dataset to return in json obj
11/06/2012 08:22:29 pm: Get the dataset to return in json obj...
11/06/2012 08:22:29 pm: Get the dataset to return in json obj...
11/06/2012 08:22:29 pm: Query has run: <CALL USP_GetCurrencies();>.
11/06/2012 08:22:29 pm: ... Got dataset to return in json obj
11/06/2012 08:22:29 pm: Query has run: <CALL USP_GetAccounts();>.
11/06/2012 08:22:29 pm: ... Got dataset to return in json obj
11/06/2012 08:22:29 pm: Get the dataset to return in json obj...
11/06/2012 08:22:29 pm: Query has run: <CALL USP_GetPayees();>.
11/06/2012 08:22:29 pm: ... Got dataset to return in json obj
11/06/2012 08:22:29 pm: Get the dataset to return in json obj...
11/06/2012 08:22:29 pm: Query has run: <CALL USP_GetCategories();>.
11/06/2012 08:22:29 pm: ... Got dataset to return in json obj
11/06/2012 08:22:29 pm: Get the dataset to return in json obj...
11/06/2012 08:22:29 pm: Query has run: <CALL USP_GetCategories2();>.
11/06/2012 08:22:29 pm: ... Got dataset to return in json obj
11/06/2012 08:22:36 pm: Line 48-> Query1 to run: <CALL USP_InsertAccount (1,'test');>.
11/06/2012 08:22:36 pm: Line 50-> Query2 to run: <CALL USP_GetAccounts();>.
11/06/2012 08:22:36 pm: Start insert...
11/06/2012 08:22:36 pm: Query has run: <CALL USP_InsertAccount (1,'test');>.
11/06/2012 08:22:36 pm: Query has run: <CALL USP_GetAccounts ()>.
11/06/2012 08:22:36 pm: ... End insert
11/06/2012 08:22:36 pm: Get the dataset to return in json obj...
11/06/2012 08:22:36 pm: Query has run: <CALL USP_GetAccounts();>.
11/06/2012 08:22:36 pm: ... Got dataset to return in json obj
11/06/2012 08:28:27 pm: Get the dataset to return in json obj...
11/06/2012 08:28:27 pm: Query has run: <CALL USP_GetAccounts();>.
11/06/2012 08:28:27 pm: ... Got dataset to return in json obj
11/06/2012 08:28:27 pm: Get the dataset to return in json obj...
11/06/2012 08:28:27 pm: Query has run: <CALL USP_GetCurrencies();>.
11/06/2012 08:28:27 pm: ... Got dataset to return in json obj
11/06/2012 08:28:27 pm: Get the dataset to return in json obj...
11/06/2012 08:28:27 pm: Query has run: <CALL USP_GetCategories();>.
11/06/2012 08:28:27 pm: ... Got dataset to return in json obj
11/06/2012 08:28:27 pm: Get the dataset to return in json obj...
11/06/2012 08:28:27 pm: Query has run: <CALL USP_GetPayees();>.
11/06/2012 08:28:27 pm: ... Got dataset to return in json obj
11/06/2012 08:28:27 pm: Get the dataset to return in json obj...
11/06/2012 08:28:27 pm: Query has run: <CALL USP_GetCategories2();>.
11/06/2012 08:28:27 pm: ... Got dataset to return in json obj
11/06/2012 08:28:44 pm: Get the dataset to return in json obj...
11/06/2012 08:28:44 pm: Query has run: <CALL USP_GetCurrencies();>.
11/06/2012 08:28:44 pm: ... Got dataset to return in json obj
11/06/2012 08:28:44 pm: Get the dataset to return in json obj...
11/06/2012 08:28:44 pm: Get the dataset to return in json obj...
11/06/2012 08:28:44 pm: Query has run: <CALL USP_GetPayees();>.
11/06/2012 08:28:44 pm: ... Got dataset to return in json obj
11/06/2012 08:28:44 pm: Query has run: <CALL USP_GetCategories();>.
11/06/2012 08:28:44 pm: ... Got dataset to return in json obj
11/06/2012 08:28:44 pm: Get the dataset to return in json obj...
11/06/2012 08:28:44 pm: Get the dataset to return in json obj...
11/06/2012 08:28:44 pm: Query has run: <CALL USP_GetCategories2();>.
11/06/2012 08:28:44 pm: ... Got dataset to return in json obj
11/06/2012 08:28:44 pm: Query has run: <CALL USP_GetAccounts();>.
11/06/2012 08:28:44 pm: ... Got dataset to return in json obj
11/06/2012 08:28:58 pm: Line 65-> Query2 to run: <CALL USP_GetCategories();>.
11/06/2012 08:28:58 pm: Start insert...
11/06/2012 08:28:58 pm: Query has run: <CALL USP_InsertCategory ('atest');>.
11/06/2012 08:28:58 pm: Query has run: <CALL USP_GetCategories ()>.
11/06/2012 08:28:58 pm: ... End insert
11/06/2012 08:28:58 pm: Get the dataset to return in json obj...
11/06/2012 08:28:58 pm: Query has run: <CALL USP_GetCategories();>.
11/06/2012 08:28:58 pm: ... Got dataset to return in json obj
11/06/2012 08:29:28 pm: Get the dataset to return in json obj...
11/06/2012 08:29:28 pm: Query has run: <CALL USP_GetAccounts();>.
11/06/2012 08:29:28 pm: ... Got dataset to return in json obj
11/06/2012 08:29:29 pm: Get the dataset to return in json obj...
11/06/2012 08:29:29 pm: Query has run: <CALL USP_GetCategories();>.
11/06/2012 08:29:29 pm: ... Got dataset to return in json obj
11/06/2012 08:29:30 pm: Get the dataset to return in json obj...
11/06/2012 08:29:30 pm: Query has run: <CALL USP_GetPayees();>.
11/06/2012 08:29:30 pm: ... Got dataset to return in json obj
11/06/2012 08:29:30 pm: Get the dataset to return in json obj...
11/06/2012 08:29:30 pm: Query has run: <CALL USP_GetCurrencies();>.
11/06/2012 08:29:30 pm: ... Got dataset to return in json obj
11/06/2012 08:29:31 pm: Get the dataset to return in json obj...
11/06/2012 08:29:31 pm: Query has run: <CALL USP_GetCategories2();>.
11/06/2012 08:29:31 pm: ... Got dataset to return in json obj
11/06/2012 08:31:39 pm: Get the dataset to return in json obj...
11/06/2012 08:31:39 pm: Get the dataset to return in json obj...
11/06/2012 08:31:39 pm: Get the dataset to return in json obj...
11/06/2012 08:31:39 pm: Query has run: <CALL USP_GetAccounts();>.
11/06/2012 08:31:39 pm: ... Got dataset to return in json obj
11/06/2012 08:31:39 pm: Query has run: <CALL USP_GetCategories();>.
11/06/2012 08:31:39 pm: ... Got dataset to return in json obj
11/06/2012 08:31:39 pm: Query has run: <CALL USP_GetPayees();>.
11/06/2012 08:31:39 pm: ... Got dataset to return in json obj
11/06/2012 08:31:39 pm: Get the dataset to return in json obj...
11/06/2012 08:31:39 pm: Query has run: <CALL USP_GetCategories2();>.
11/06/2012 08:31:39 pm: ... Got dataset to return in json obj
11/06/2012 08:31:39 pm: Get the dataset to return in json obj...
11/06/2012 08:31:39 pm: Query has run: <CALL USP_GetCurrencies();>.
11/06/2012 08:31:39 pm: ... Got dataset to return in json obj
11/06/2012 08:32:17 pm: Start insert...
11/06/2012 08:32:17 pm: Query has run: <CALL USP_InsertSubCategory ('1','aTEst');>.
11/06/2012 08:32:17 pm: Query has run: <CALL USP_GetCategories2 ()>.
11/06/2012 08:32:17 pm: ... End insert
11/06/2012 08:32:17 pm: Get the dataset to return in json obj...
11/06/2012 08:32:17 pm: Query has run: <CALL USP_GetCategories2();>.
11/06/2012 08:32:17 pm: ... Got dataset to return in json obj
11/06/2012 08:32:23 pm: Query has run: <CALL USP_GetCategories2 ()>.
11/06/2012 08:32:46 pm: Start insert...
11/06/2012 08:32:46 pm: Query has run: <CALL USP_InsertSubCategory ('1','aaTest');>.
11/06/2012 08:32:46 pm: Query has run: <CALL USP_GetCategories2 ()>.
11/06/2012 08:32:46 pm: ... End insert
11/06/2012 08:32:46 pm: Get the dataset to return in json obj...
11/06/2012 08:32:46 pm: Query has run: <CALL USP_GetCategories2();>.
11/06/2012 08:32:46 pm: ... Got dataset to return in json obj
11/06/2012 08:32:55 pm: Query has run: <CALL USP_GetCategories2 ()>.
11/06/2012 08:32:59 pm: Get the dataset to return in json obj...
11/06/2012 08:32:59 pm: Query has run: <CALL USP_GetAccounts();>.
11/06/2012 08:32:59 pm: ... Got dataset to return in json obj
11/06/2012 08:32:59 pm: Get the dataset to return in json obj...
11/06/2012 08:32:59 pm: Query has run: <CALL USP_GetCurrencies();>.
11/06/2012 08:32:59 pm: ... Got dataset to return in json obj
11/06/2012 08:32:59 pm: Get the dataset to return in json obj...
11/06/2012 08:32:59 pm: Get the dataset to return in json obj...
11/06/2012 08:32:59 pm: Get the dataset to return in json obj...
11/06/2012 08:32:59 pm: Query has run: <CALL USP_GetPayees();>.
11/06/2012 08:32:59 pm: ... Got dataset to return in json obj
11/06/2012 08:32:59 pm: Query has run: <CALL USP_GetCategories();>.
11/06/2012 08:32:59 pm: ... Got dataset to return in json obj
11/06/2012 08:32:59 pm: Query has run: <CALL USP_GetCategories2();>.
11/06/2012 08:32:59 pm: ... Got dataset to return in json obj
11/06/2012 08:33:14 pm: Line 78-> Query 1 to run: <CALL USP_InsertPayee ('123456_test');>.
11/06/2012 08:33:14 pm: Line 87-> Query2 to run: <CALL USP_GetPayees();>.
11/06/2012 08:33:14 pm: Start insert...
11/06/2012 08:33:14 pm: Query has run: <CALL USP_InsertPayee ('123456_test');>.
11/06/2012 08:33:14 pm: Query has run: <CALL USP_GetPayees ()>.
11/06/2012 08:33:14 pm: ... End insert
11/06/2012 08:33:14 pm: Get the dataset to return in json obj...
11/06/2012 08:33:14 pm: Query has run: <CALL USP_GetPayees();>.
11/06/2012 08:33:14 pm: ... Got dataset to return in json obj
11/06/2012 08:33:17 pm: Query has run: <CALL USP_GetPayees ()>.
11/06/2012 08:33:52 pm: Get the dataset to return in json obj...
11/06/2012 08:33:52 pm: Get the dataset to return in json obj...
11/06/2012 08:33:52 pm: Query has run: <CALL USP_GetPayees();>.
11/06/2012 08:33:52 pm: ... Got dataset to return in json obj
11/06/2012 08:33:52 pm: Query has run: <CALL USP_GetCategories();>.
11/06/2012 08:33:52 pm: ... Got dataset to return in json obj
11/06/2012 08:33:52 pm: Get the dataset to return in json obj...
11/06/2012 08:33:52 pm: Get the dataset to return in json obj...
11/06/2012 08:33:52 pm: Query has run: <CALL USP_GetCurrencies();>.
11/06/2012 08:33:52 pm: ... Got dataset to return in json obj
11/06/2012 08:33:52 pm: Get the dataset to return in json obj...
11/06/2012 08:33:52 pm: Query has run: <CALL USP_GetCategories2();>.
11/06/2012 08:33:52 pm: ... Got dataset to return in json obj
11/06/2012 08:33:52 pm: Query has run: <CALL USP_GetAccounts();>.
11/06/2012 08:33:52 pm: ... Got dataset to return in json obj
11/06/2012 08:34:02 pm: Get the dataset to return in json obj...
11/06/2012 08:34:02 pm: Query has run: <CALL USP_GetAccounts();>.
11/06/2012 08:34:02 pm: ... Got dataset to return in json obj
11/06/2012 08:34:02 pm: Get the dataset to return in json obj...
11/06/2012 08:34:02 pm: Query has run: <CALL USP_GetCurrencies();>.
11/06/2012 08:34:02 pm: ... Got dataset to return in json obj
11/06/2012 08:34:03 pm: Get the dataset to return in json obj...
11/06/2012 08:34:03 pm: Query has run: <CALL USP_GetPayees();>.
11/06/2012 08:34:03 pm: ... Got dataset to return in json obj
11/06/2012 08:34:03 pm: Get the dataset to return in json obj...
11/06/2012 08:34:03 pm: Query has run: <CALL USP_GetCategories();>.
11/06/2012 08:34:03 pm: ... Got dataset to return in json obj
11/06/2012 08:34:04 pm: Get the dataset to return in json obj...
11/06/2012 08:34:04 pm: Query has run: <CALL USP_GetCategories2();>.
11/06/2012 08:34:04 pm: ... Got dataset to return in json obj
11/06/2012 08:35:16 pm: Get the dataset to return in json obj...
11/06/2012 08:35:16 pm: Query has run: <CALL USP_GetAccounts();>.
11/06/2012 08:35:16 pm: ... Got dataset to return in json obj
11/06/2012 08:35:16 pm: Get the dataset to return in json obj...
11/06/2012 08:35:16 pm: Query has run: <CALL USP_GetCurrencies();>.
11/06/2012 08:35:16 pm: ... Got dataset to return in json obj
11/06/2012 08:35:17 pm: Get the dataset to return in json obj...
11/06/2012 08:35:17 pm: Query has run: <CALL USP_GetPayees();>.
11/06/2012 08:35:17 pm: ... Got dataset to return in json obj
11/06/2012 08:35:17 pm: Get the dataset to return in json obj...
11/06/2012 08:35:17 pm: Query has run: <CALL USP_GetCategories();>.
11/06/2012 08:35:17 pm: ... Got dataset to return in json obj
11/06/2012 08:35:18 pm: Get the dataset to return in json obj...
11/06/2012 08:35:18 pm: Query has run: <CALL USP_GetCategories2();>.
11/06/2012 08:35:18 pm: ... Got dataset to return in json obj
11/06/2012 08:35:44 pm: Start insert...
11/06/2012 08:35:44 pm: Query has run: <CALL USP_UpdateCurrency ('1','Euro','&euro');>.
11/06/2012 08:35:47 pm: Query has run: <CALL USP_GetCurrencies ()>.
11/06/2012 08:35:47 pm: ... End insert
11/06/2012 08:35:47 pm: Get the dataset to return in json obj...
11/06/2012 08:35:47 pm: Query has run: <CALL USP_GetCurrencies();>.
11/06/2012 08:35:47 pm: ... Got dataset to return in json obj
11/06/2012 08:36:01 pm: Get the dataset to return in json obj...
11/06/2012 08:36:01 pm: Query has run: <CALL USP_GetCurrencies();>.
11/06/2012 08:36:01 pm: ... Got dataset to return in json obj
11/06/2012 08:36:01 pm: Get the dataset to return in json obj...
11/06/2012 08:36:01 pm: Query has run: <CALL USP_GetAccounts();>.
11/06/2012 08:36:01 pm: ... Got dataset to return in json obj
11/06/2012 08:36:01 pm: Get the dataset to return in json obj...
11/06/2012 08:36:01 pm: Get the dataset to return in json obj...
11/06/2012 08:36:01 pm: Get the dataset to return in json obj...
11/06/2012 08:36:01 pm: Query has run: <CALL USP_GetPayees();>.
11/06/2012 08:36:01 pm: ... Got dataset to return in json obj
11/06/2012 08:36:01 pm: Query has run: <CALL USP_GetCategories2();>.
11/06/2012 08:36:01 pm: ... Got dataset to return in json obj
11/06/2012 08:36:01 pm: Query has run: <CALL USP_GetCategories();>.
11/06/2012 08:36:01 pm: ... Got dataset to return in json obj
11/06/2012 08:37:54 pm: Line 65-> Query2 to run: <CALL USP_GetCategories();>.
11/06/2012 08:37:54 pm: Start insert...
11/06/2012 08:37:54 pm: Query has run: <CALL USP_InsertCategory ('aaaTest');>.
11/06/2012 08:37:54 pm: Query has run: <CALL USP_GetCategories ()>.
11/06/2012 08:37:54 pm: ... End insert
11/06/2012 08:37:54 pm: Get the dataset to return in json obj...
11/06/2012 08:37:54 pm: Query has run: <CALL USP_GetCategories();>.
11/06/2012 08:37:54 pm: ... Got dataset to return in json obj
11/06/2012 08:38:07 pm: Start insert...
11/06/2012 08:38:07 pm: Query has run: <CALL USP_UpdateCategory ('31','aaaTest_update');>.
11/06/2012 08:38:07 pm: Query has run: <CALL USP_GetCategories ()>.
11/06/2012 08:38:07 pm: ... End insert
11/06/2012 08:39:54 pm: Get the dataset to return in json obj...
11/06/2012 08:39:54 pm: Query has run: <CALL USP_GetAccounts();>.
11/06/2012 08:39:54 pm: ... Got dataset to return in json obj
11/06/2012 08:39:54 pm: Get the dataset to return in json obj...
11/06/2012 08:39:54 pm: Query has run: <CALL USP_GetCurrencies();>.
11/06/2012 08:39:54 pm: ... Got dataset to return in json obj
11/06/2012 08:39:54 pm: Get the dataset to return in json obj...
11/06/2012 08:39:54 pm: Get the dataset to return in json obj...
11/06/2012 08:39:54 pm: Query has run: <CALL USP_GetPayees();>.
11/06/2012 08:39:54 pm: Get the dataset to return in json obj...
11/06/2012 08:39:54 pm: Query has run: <CALL USP_GetCategories();>.
11/06/2012 08:39:54 pm: ... Got dataset to return in json obj
11/06/2012 08:39:54 pm: ... Got dataset to return in json obj
11/06/2012 08:39:54 pm: Query has run: <CALL USP_GetCategories2();>.
11/06/2012 08:39:54 pm: ... Got dataset to return in json obj
11/06/2012 08:39:58 pm: Query has run: <CALL USP_GetCategories ()>.
11/06/2012 08:40:25 pm: Start insert...
11/06/2012 08:40:25 pm: Query has run: <CALL USP_GetCategories2 ()>.
11/06/2012 08:40:53 pm: Start insert...
11/06/2012 08:40:53 pm: Query has run: <CALL USP_GetCategories2 ()>.
11/06/2012 08:41:30 pm: Get the dataset to return in json obj...
11/06/2012 08:41:30 pm: Get the dataset to return in json obj...
11/06/2012 08:41:30 pm: Get the dataset to return in json obj...
11/06/2012 08:41:30 pm: Query has run: <CALL USP_GetAccounts();>.
11/06/2012 08:41:30 pm: ... Got dataset to return in json obj
11/06/2012 08:41:30 pm: Query has run: <CALL USP_GetCategories();>.
11/06/2012 08:41:30 pm: ... Got dataset to return in json obj
11/06/2012 08:41:30 pm: Get the dataset to return in json obj...
11/06/2012 08:41:30 pm: Get the dataset to return in json obj...
11/06/2012 08:41:30 pm: Query has run: <CALL USP_GetCurrencies();>.
11/06/2012 08:41:30 pm: ... Got dataset to return in json obj
11/06/2012 08:41:30 pm: Query has run: <CALL USP_GetCategories2();>.
11/06/2012 08:41:30 pm: ... Got dataset to return in json obj
11/06/2012 08:41:30 pm: Query has run: <CALL USP_GetPayees();>.
11/06/2012 08:41:30 pm: ... Got dataset to return in json obj
11/06/2012 08:41:35 pm: Start insert...
11/06/2012 08:41:35 pm: Query has run: <CALL USP_GetPayees ()>.
11/06/2012 08:55:29 pm: Get the dataset to return in json obj...
11/06/2012 08:55:29 pm: Get the dataset to return in json obj...
11/06/2012 08:55:29 pm: Query has run: <CALL USP_GetCurrencies();>.
11/06/2012 08:55:29 pm: ... Got dataset to return in json obj
11/06/2012 08:55:29 pm: Get the dataset to return in json obj...
11/06/2012 08:55:29 pm: Query has run: <CALL USP_GetAccounts();>.
11/06/2012 08:55:29 pm: ... Got dataset to return in json obj
11/06/2012 08:55:29 pm: Query has run: <CALL USP_GetCategories2();>.
11/06/2012 08:55:29 pm: ... Got dataset to return in json obj
11/06/2012 08:55:29 pm: Get the dataset to return in json obj...
11/06/2012 08:55:29 pm: Get the dataset to return in json obj...
11/06/2012 08:55:29 pm: Query has run: <CALL USP_GetPayees();>.
11/06/2012 08:55:29 pm: ... Got dataset to return in json obj
11/06/2012 08:55:29 pm: Query has run: <CALL USP_GetCategories();>.
11/06/2012 08:55:29 pm: ... Got dataset to return in json obj
11/06/2012 08:55:55 pm: Get the dataset to return in json obj...
11/06/2012 08:55:55 pm: Query has run: <CALL USP_GetAccounts();>.
11/06/2012 08:55:55 pm: ... Got dataset to return in json obj
11/06/2012 08:55:55 pm: Get the dataset to return in json obj...
11/06/2012 08:55:55 pm: Query has run: <CALL USP_GetCurrencies();>.
11/06/2012 08:55:55 pm: ... Got dataset to return in json obj
11/06/2012 08:55:55 pm: Get the dataset to return in json obj...
11/06/2012 08:55:55 pm: Query has run: <CALL USP_GetCategories();>.
11/06/2012 08:55:55 pm: ... Got dataset to return in json obj
11/06/2012 08:55:55 pm: Get the dataset to return in json obj...
11/06/2012 08:55:55 pm: Get the dataset to return in json obj...
11/06/2012 08:55:55 pm: Query has run: <CALL USP_GetCategories2();>.
11/06/2012 08:55:55 pm: ... Got dataset to return in json obj
11/06/2012 08:55:55 pm: Query has run: <CALL USP_GetPayees();>.
11/06/2012 08:55:55 pm: ... Got dataset to return in json obj
11/06/2012 09:00:27 pm: Get the dataset to return in json obj...
11/06/2012 09:00:27 pm: Get the dataset to return in json obj...
11/06/2012 09:00:27 pm: Get the dataset to return in json obj...
11/06/2012 09:00:27 pm: Query has run: <CALL USP_GetCurrencies();>.
11/06/2012 09:00:27 pm: ... Got dataset to return in json obj
11/06/2012 09:00:27 pm: Get the dataset to return in json obj...
11/06/2012 09:00:27 pm: Query has run: <CALL USP_GetAccounts();>.
11/06/2012 09:00:27 pm: ... Got dataset to return in json obj
11/06/2012 09:00:27 pm: Query has run: <CALL USP_GetPayees();>.
11/06/2012 09:00:27 pm: ... Got dataset to return in json obj
11/06/2012 09:00:27 pm: Query has run: <CALL USP_GetCategories();>.
11/06/2012 09:00:27 pm: ... Got dataset to return in json obj
11/06/2012 09:00:27 pm: Get the dataset to return in json obj...
11/06/2012 09:00:27 pm: Query has run: <CALL USP_GetCategories2();>.
11/06/2012 09:00:27 pm: ... Got dataset to return in json obj
11/06/2012 09:00:32 pm: Get the dataset to return in json obj...
11/06/2012 09:00:32 pm: Get the dataset to return in json obj...
11/06/2012 09:00:32 pm: Query has run: <CALL USP_GetCategories2();>.
11/06/2012 09:00:32 pm: ... Got dataset to return in json obj
11/06/2012 09:00:32 pm: Query has run: <CALL USP_GetAccounts();>.
11/06/2012 09:00:32 pm: ... Got dataset to return in json obj
11/06/2012 09:00:32 pm: Get the dataset to return in json obj...
11/06/2012 09:00:32 pm: Get the dataset to return in json obj...
11/06/2012 09:00:32 pm: Get the dataset to return in json obj...
11/06/2012 09:00:32 pm: Query has run: <CALL USP_GetCategories();>.
11/06/2012 09:00:32 pm: ... Got dataset to return in json obj
11/06/2012 09:00:32 pm: Query has run: <CALL USP_GetPayees();>.
11/06/2012 09:00:32 pm: ... Got dataset to return in json obj
11/06/2012 09:00:32 pm: Query has run: <CALL USP_GetCurrencies();>.
11/06/2012 09:00:32 pm: ... Got dataset to return in json obj
