11/24/2012 04:23:06 pm: Get the dataset to return in json obj...
11/24/2012 04:23:06 pm: Get the dataset to return in json obj...
11/24/2012 04:23:06 pm: Get the dataset to return in json obj...
11/24/2012 04:23:06 pm: Get the dataset to return in json obj...
11/24/2012 04:23:06 pm: Get the dataset to return in json obj...
11/24/2012 04:23:06 pm: Query has run: <CALL USP_GetCategories();>.
11/24/2012 04:23:06 pm: ... Got dataset to return in json obj
11/24/2012 04:23:06 pm: Query has run: <CALL USP_GetCurrencies();>.
11/24/2012 04:23:06 pm: ... Got dataset to return in json obj
11/24/2012 04:23:06 pm: Query has run: <CALL USP_GetPayees();>.
11/24/2012 04:23:06 pm: Query has run: <CALL USP_GetCategories2();>.
11/24/2012 04:23:06 pm: ... Got dataset to return in json obj
11/24/2012 04:23:06 pm: ... Got dataset to return in json obj
11/24/2012 04:23:06 pm: Query has run: <CALL USP_GetAccounts();>.
11/24/2012 04:23:06 pm: ... Got dataset to return in json obj
11/24/2012 05:28:11 pm: Get the dataset to return in json obj...
11/24/2012 05:28:11 pm: Get the dataset to return in json obj...
11/24/2012 05:28:11 pm: Query has run: <CALL USP_GetPayees();>.
11/24/2012 05:28:11 pm: ... Got dataset to return in json obj
11/24/2012 05:28:11 pm: Query has run: <CALL USP_GetAccounts();>.
11/24/2012 05:28:11 pm: ... Got dataset to return in json obj
11/24/2012 05:28:11 pm: Get the dataset to return in json obj...
11/24/2012 05:28:11 pm: Query has run: <CALL USP_GetCurrencies();>.
11/24/2012 05:28:11 pm: ... Got dataset to return in json obj
11/24/2012 05:28:11 pm: Get the dataset to return in json obj...
11/24/2012 05:28:11 pm: Query has run: <CALL USP_GetCategories();>.
11/24/2012 05:28:11 pm: ... Got dataset to return in json obj
11/24/2012 05:28:11 pm: Get the dataset to return in json obj...
11/24/2012 05:28:11 pm: Query has run: <CALL USP_GetCategories2();>.
11/24/2012 05:28:11 pm: ... Got dataset to return in json obj
11/24/2012 05:28:11 pm: Get the dataset to return in json obj...
11/24/2012 05:28:11 pm: Query has run: <CALL USP_GetAccounts();>.
11/24/2012 05:28:11 pm: ... Got dataset to return in json obj
11/24/2012 05:28:11 pm: Get the dataset to return in json obj...
11/24/2012 05:28:11 pm: Get the dataset to return in json obj...
11/24/2012 05:28:11 pm: Query has run: <CALL USP_GetCurrencies();>.
11/24/2012 05:28:11 pm: ... Got dataset to return in json obj
11/24/2012 05:28:11 pm: Query has run: <CALL USP_GetPayees();>.
11/24/2012 05:28:11 pm: ... Got dataset to return in json obj
11/24/2012 05:28:11 pm: Get the dataset to return in json obj...
11/24/2012 05:28:11 pm: Get the dataset to return in json obj...
11/24/2012 05:28:11 pm: Query has run: <CALL USP_GetCategories();>.
11/24/2012 05:28:11 pm: ... Got dataset to return in json obj
11/24/2012 05:28:11 pm: Query has run: <CALL USP_GetCategories2();>.
11/24/2012 05:28:11 pm: ... Got dataset to return in json obj
11/24/2012 05:28:56 pm: Amount value: -1,5. Preg_match_all result is <1>
11/24/2012 05:28:57 pm: Currency = <1>.
11/24/2012 05:29:18 pm: Amount value: -12,03. Preg_match_all result is <1>
11/24/2012 05:29:18 pm: Currency = <1>.
11/24/2012 05:29:29 pm: Amount value: -26,35. Preg_match_all result is <1>
11/24/2012 05:29:29 pm: Currency = <1>.
11/24/2012 05:29:39 pm: Amount value: -6,78. Preg_match_all result is <1>
11/24/2012 05:29:39 pm: Currency = <1>.
11/24/2012 05:29:42 pm: Get the dataset to return in json obj...
11/24/2012 05:29:42 pm: Get the dataset to return in json obj...
11/24/2012 05:29:42 pm: Get the dataset to return in json obj...
11/24/2012 05:29:42 pm: Query has run: <CALL USP_GetAccounts();>.
11/24/2012 05:29:42 pm: ... Got dataset to return in json obj
11/24/2012 05:29:42 pm: Get the dataset to return in json obj...
11/24/2012 05:29:42 pm: Get the dataset to return in json obj...
11/24/2012 05:29:42 pm: Query has run: <CALL USP_GetPayees();>.
11/24/2012 05:29:42 pm: ... Got dataset to return in json obj
11/24/2012 05:29:42 pm: Query has run: <CALL USP_GetCategories2();>.
11/24/2012 05:29:42 pm: ... Got dataset to return in json obj
11/24/2012 05:29:42 pm: Query has run: <CALL USP_GetCurrencies();>.
11/24/2012 05:29:42 pm: ... Got dataset to return in json obj
11/24/2012 05:29:42 pm: Query has run: <CALL USP_GetCategories();>.
11/24/2012 05:29:42 pm: ... Got dataset to return in json obj
11/24/2012 09:42:04 pm: Get the dataset to return in json obj...
11/24/2012 09:42:04 pm: Get the dataset to return in json obj...
11/24/2012 09:42:04 pm: Get the dataset to return in json obj...
11/24/2012 09:42:04 pm: Get the dataset to return in json obj...
11/24/2012 09:42:04 pm: Query has run: <CALL USP_GetCategories();>.
11/24/2012 09:42:04 pm: ... Got dataset to return in json obj
11/24/2012 09:42:04 pm: Query has run: <CALL USP_GetCurrencies();>.
11/24/2012 09:42:04 pm: ... Got dataset to return in json obj
11/24/2012 09:42:04 pm: Query has run: <CALL USP_GetCategories2();>.
11/24/2012 09:42:04 pm: ... Got dataset to return in json obj
11/24/2012 09:42:04 pm: Get the dataset to return in json obj...
11/24/2012 09:42:04 pm: Query has run: <CALL USP_GetAccounts();>.
11/24/2012 09:42:04 pm: ... Got dataset to return in json obj
11/24/2012 09:42:04 pm: Query has run: <CALL USP_GetPayees();>.
11/24/2012 09:42:04 pm: ... Got dataset to return in json obj
11/24/2012 09:42:10 pm: Get the dataset to return in json obj...
11/24/2012 09:42:10 pm: Query has run: <CALL USP_GetCurrencies();>.
11/24/2012 09:42:10 pm: ... Got dataset to return in json obj
11/24/2012 09:42:10 pm: Get the dataset to return in json obj...
11/24/2012 09:42:10 pm: Query has run: <CALL USP_GetAccounts();>.
11/24/2012 09:42:10 pm: ... Got dataset to return in json obj
11/24/2012 09:42:10 pm: Get the dataset to return in json obj...
11/24/2012 09:42:10 pm: Query has run: <CALL USP_GetPayees();>.
11/24/2012 09:42:10 pm: ... Got dataset to return in json obj
11/24/2012 09:42:10 pm: Get the dataset to return in json obj...
11/24/2012 09:42:10 pm: Query has run: <CALL USP_GetCategories2();>.
11/24/2012 09:42:10 pm: ... Got dataset to return in json obj
11/24/2012 09:42:10 pm: Get the dataset to return in json obj...
11/24/2012 09:42:10 pm: Query has run: <CALL USP_GetCategories();>.
11/24/2012 09:42:10 pm: ... Got dataset to return in json obj
11/24/2012 09:44:19 pm: Get the dataset to return in json obj...
11/24/2012 09:44:19 pm: Get the dataset to return in json obj...
11/24/2012 09:44:19 pm: Query has run: <CALL USP_GetCurrencies();>.
11/24/2012 09:44:19 pm: ... Got dataset to return in json obj
11/24/2012 09:44:19 pm: Query has run: <CALL USP_GetCategories2();>.
11/24/2012 09:44:19 pm: ... Got dataset to return in json obj
11/24/2012 09:44:19 pm: Get the dataset to return in json obj...
11/24/2012 09:44:19 pm: Get the dataset to return in json obj...
11/24/2012 09:44:19 pm: Query has run: <CALL USP_GetCategories();>.
11/24/2012 09:44:19 pm: ... Got dataset to return in json obj
11/24/2012 09:44:19 pm: Query has run: <CALL USP_GetPayees();>.
11/24/2012 09:44:19 pm: ... Got dataset to return in json obj
11/24/2012 09:44:19 pm: Get the dataset to return in json obj...
11/24/2012 09:44:19 pm: Query has run: <CALL USP_GetAccounts();>.
11/24/2012 09:44:19 pm: ... Got dataset to return in json obj
11/24/2012 09:54:43 pm: Get the dataset to return in json obj...
11/24/2012 09:54:43 pm: Query has run: <CALL USP_GetAccounts();>.
11/24/2012 09:54:43 pm: ... Got dataset to return in json obj
11/24/2012 09:54:43 pm: Get the dataset to return in json obj...
11/24/2012 09:54:43 pm: Query has run: <CALL USP_GetPayees();>.
11/24/2012 09:54:43 pm: ... Got dataset to return in json obj
11/24/2012 09:54:43 pm: Get the dataset to return in json obj...
11/24/2012 09:54:43 pm: Query has run: <CALL USP_GetCurrencies();>.
11/24/2012 09:54:43 pm: ... Got dataset to return in json obj
11/24/2012 09:54:43 pm: Get the dataset to return in json obj...
11/24/2012 09:54:43 pm: Query has run: <CALL USP_GetCategories();>.
11/24/2012 09:54:43 pm: ... Got dataset to return in json obj
11/24/2012 09:54:43 pm: Get the dataset to return in json obj...
11/24/2012 09:54:43 pm: Query has run: <CALL USP_GetCategories2();>.
11/24/2012 09:54:43 pm: ... Got dataset to return in json obj
11/24/2012 10:01:59 pm: Get the dataset to return in json obj...
11/24/2012 10:01:59 pm: Query has run: <CALL USP_GetCategories();>.
11/24/2012 10:01:59 pm: ... Got dataset to return in json obj
11/24/2012 10:01:59 pm: Get the dataset to return in json obj...
11/24/2012 10:01:59 pm: Get the dataset to return in json obj...
11/24/2012 10:01:59 pm: Get the dataset to return in json obj...
11/24/2012 10:01:59 pm: Query has run: <CALL USP_GetAccounts();>.
11/24/2012 10:01:59 pm: ... Got dataset to return in json obj
11/24/2012 10:01:59 pm: Query has run: <CALL USP_GetPayees();>.
11/24/2012 10:01:59 pm: ... Got dataset to return in json obj
11/24/2012 10:01:59 pm: Query has run: <CALL USP_GetCurrencies();>.
11/24/2012 10:01:59 pm: ... Got dataset to return in json obj
11/24/2012 10:01:59 pm: Get the dataset to return in json obj...
11/24/2012 10:01:59 pm: Query has run: <CALL USP_GetCategories2();>.
11/24/2012 10:01:59 pm: ... Got dataset to return in json obj
11/24/2012 10:02:20 pm: Get the dataset to return in json obj...
11/24/2012 10:02:20 pm: Query has run: <CALL USP_GetAccounts();>.
11/24/2012 10:02:20 pm: ... Got dataset to return in json obj
11/24/2012 10:02:20 pm: Get the dataset to return in json obj...
11/24/2012 10:02:20 pm: Get the dataset to return in json obj...
11/24/2012 10:02:20 pm: Get the dataset to return in json obj...
11/24/2012 10:02:20 pm: Query has run: <CALL USP_GetCategories();>.
11/24/2012 10:02:20 pm: ... Got dataset to return in json obj
11/24/2012 10:02:20 pm: Query has run: <CALL USP_GetCurrencies();>.
11/24/2012 10:02:20 pm: ... Got dataset to return in json obj
11/24/2012 10:02:20 pm: Get the dataset to return in json obj...
11/24/2012 10:02:20 pm: Query has run: <CALL USP_GetPayees();>.
11/24/2012 10:02:20 pm: ... Got dataset to return in json obj
11/24/2012 10:02:20 pm: Query has run: <CALL USP_GetCategories2();>.
11/24/2012 10:02:20 pm: ... Got dataset to return in json obj
11/24/2012 10:05:26 pm: Get the dataset to return in json obj...
11/24/2012 10:05:26 pm: Query has run: <CALL USP_GetAccounts();>.
11/24/2012 10:05:26 pm: ... Got dataset to return in json obj
11/24/2012 10:05:26 pm: Get the dataset to return in json obj...
11/24/2012 10:05:26 pm: Query has run: <CALL USP_GetCurrencies();>.
11/24/2012 10:05:26 pm: ... Got dataset to return in json obj
11/24/2012 10:05:26 pm: Get the dataset to return in json obj...
11/24/2012 10:05:26 pm: Get the dataset to return in json obj...
11/24/2012 10:05:26 pm: Query has run: <CALL USP_GetPayees();>.
11/24/2012 10:05:26 pm: ... Got dataset to return in json obj
11/24/2012 10:05:26 pm: Query has run: <CALL USP_GetCategories2();>.
11/24/2012 10:05:26 pm: ... Got dataset to return in json obj
11/24/2012 10:05:26 pm: Get the dataset to return in json obj...
11/24/2012 10:05:26 pm: Query has run: <CALL USP_GetCategories();>.
11/24/2012 10:05:26 pm: ... Got dataset to return in json obj
11/24/2012 10:06:52 pm: Get the dataset to return in json obj...
11/24/2012 10:06:52 pm: Query has run: <CALL USP_GetCurrencies();>.
11/24/2012 10:06:52 pm: ... Got dataset to return in json obj
11/24/2012 10:06:52 pm: Get the dataset to return in json obj...
11/24/2012 10:06:52 pm: Get the dataset to return in json obj...
11/24/2012 10:06:52 pm: Get the dataset to return in json obj...
11/24/2012 10:06:52 pm: Query has run: <CALL USP_GetCategories();>.
11/24/2012 10:06:52 pm: ... Got dataset to return in json obj
11/24/2012 10:06:52 pm: Query has run: <CALL USP_GetPayees();>.
11/24/2012 10:06:52 pm: ... Got dataset to return in json obj
11/24/2012 10:06:52 pm: Query has run: <CALL USP_GetAccounts();>.
11/24/2012 10:06:52 pm: ... Got dataset to return in json obj
11/24/2012 10:06:52 pm: Get the dataset to return in json obj...
11/24/2012 10:06:52 pm: Query has run: <CALL USP_GetCategories2();>.
11/24/2012 10:06:52 pm: ... Got dataset to return in json obj
11/24/2012 10:07:14 pm: Line 48-> Query1 to run: <CALL USP_InsertAccount (1,'test');>.
11/24/2012 10:07:14 pm: Line 50-> Query2 to run: <CALL USP_GetAccounts();>.
11/24/2012 10:07:14 pm: Start insert...
11/24/2012 10:07:14 pm: Query has run: <CALL USP_InsertAccount (1,'test');>.
11/24/2012 10:07:14 pm: Query has run: <CALL USP_GetAccounts ()>.
11/24/2012 10:07:14 pm: ... End insert
11/24/2012 10:07:14 pm: Get the dataset to return in json obj...
11/24/2012 10:07:14 pm: Query has run: <CALL USP_GetAccounts();>.
11/24/2012 10:07:14 pm: ... Got dataset to return in json obj
11/24/2012 10:07:19 pm: Query has run: <CALL USP_GetAccounts ()>.
11/24/2012 10:07:38 pm: Start insert...
11/24/2012 10:07:38 pm: Query has run: <CALL USP_InsertSubCategory ('1','aaaTest');>.
11/24/2012 10:07:38 pm: Query has run: <CALL USP_GetCategories2 ()>.
11/24/2012 10:07:38 pm: ... End insert
11/24/2012 10:07:38 pm: Get the dataset to return in json obj...
11/24/2012 10:07:38 pm: Query has run: <CALL USP_GetCategories2();>.
11/24/2012 10:07:38 pm: ... Got dataset to return in json obj
11/24/2012 10:07:45 pm: Query has run: <CALL USP_GetCategories2 ()>.
11/24/2012 10:08:00 pm: Get the dataset to return in json obj...
11/24/2012 10:08:00 pm: Query has run: <CALL USP_GetAccounts();>.
11/24/2012 10:08:00 pm: ... Got dataset to return in json obj
11/24/2012 10:08:00 pm: Get the dataset to return in json obj...
11/24/2012 10:08:00 pm: Get the dataset to return in json obj...
11/24/2012 10:08:00 pm: Get the dataset to return in json obj...
11/24/2012 10:08:00 pm: Query has run: <CALL USP_GetCurrencies();>.
11/24/2012 10:08:00 pm: ... Got dataset to return in json obj
11/24/2012 10:08:00 pm: Get the dataset to return in json obj...
11/24/2012 10:08:00 pm: Query has run: <CALL USP_GetPayees();>.
11/24/2012 10:08:00 pm: ... Got dataset to return in json obj
11/24/2012 10:08:00 pm: Query has run: <CALL USP_GetCategories();>.
11/24/2012 10:08:00 pm: ... Got dataset to return in json obj
11/24/2012 10:08:00 pm: Query has run: <CALL USP_GetCategories2();>.
11/24/2012 10:08:00 pm: ... Got dataset to return in json obj
11/24/2012 10:25:19 pm: Get the dataset to return in json obj...
11/24/2012 10:25:19 pm: Get the dataset to return in json obj...
11/24/2012 10:25:19 pm: Query has run: <CALL USP_GetPayees();>.
11/24/2012 10:25:19 pm: ... Got dataset to return in json obj
11/24/2012 10:25:19 pm: Get the dataset to return in json obj...
11/24/2012 10:25:19 pm: Query has run: <CALL USP_GetCurrencies();>.
11/24/2012 10:25:19 pm: ... Got dataset to return in json obj
11/24/2012 10:25:19 pm: Query has run: <CALL USP_GetAccounts();>.
11/24/2012 10:25:19 pm: ... Got dataset to return in json obj
11/24/2012 10:25:19 pm: Get the dataset to return in json obj...
11/24/2012 10:25:19 pm: Query has run: <CALL USP_GetCategories();>.
11/24/2012 10:25:19 pm: ... Got dataset to return in json obj
11/24/2012 10:25:19 pm: Get the dataset to return in json obj...
11/24/2012 10:25:19 pm: Query has run: <CALL USP_GetCategories2();>.
11/24/2012 10:25:19 pm: ... Got dataset to return in json obj
11/24/2012 10:25:56 pm: Get the dataset to return in json obj...
11/24/2012 10:25:56 pm: Get the dataset to return in json obj...
11/24/2012 10:25:56 pm: Query has run: <CALL USP_GetPayees();>.
11/24/2012 10:25:56 pm: ... Got dataset to return in json obj
11/24/2012 10:25:56 pm: Get the dataset to return in json obj...
11/24/2012 10:25:56 pm: Query has run: <CALL USP_GetCurrencies();>.
11/24/2012 10:25:56 pm: ... Got dataset to return in json obj
11/24/2012 10:25:56 pm: Query has run: <CALL USP_GetAccounts();>.
11/24/2012 10:25:56 pm: ... Got dataset to return in json obj
11/24/2012 10:25:56 pm: Get the dataset to return in json obj...
11/24/2012 10:25:56 pm: Query has run: <CALL USP_GetCategories2();>.
11/24/2012 10:25:56 pm: ... Got dataset to return in json obj
11/24/2012 10:25:56 pm: Get the dataset to return in json obj...
11/24/2012 10:25:56 pm: Query has run: <CALL USP_GetCategories();>.
11/24/2012 10:25:56 pm: ... Got dataset to return in json obj
11/24/2012 10:27:08 pm: Get the dataset to return in json obj...
11/24/2012 10:27:08 pm: Get the dataset to return in json obj...
11/24/2012 10:27:08 pm: Query has run: <CALL USP_GetAccounts();>.
11/24/2012 10:27:08 pm: ... Got dataset to return in json obj
11/24/2012 10:27:08 pm: Query has run: <CALL USP_GetPayees();>.
11/24/2012 10:27:08 pm: ... Got dataset to return in json obj
11/24/2012 10:27:08 pm: Get the dataset to return in json obj...
11/24/2012 10:27:08 pm: Get the dataset to return in json obj...
11/24/2012 10:27:08 pm: Query has run: <CALL USP_GetCurrencies();>.
11/24/2012 10:27:08 pm: ... Got dataset to return in json obj
11/24/2012 10:27:08 pm: Query has run: <CALL USP_GetCategories();>.
11/24/2012 10:27:08 pm: ... Got dataset to return in json obj
11/24/2012 10:27:08 pm: Get the dataset to return in json obj...
11/24/2012 10:27:08 pm: Query has run: <CALL USP_GetCategories2();>.
11/24/2012 10:27:08 pm: ... Got dataset to return in json obj
11/24/2012 10:27:30 pm: Get the dataset to return in json obj...
11/24/2012 10:27:30 pm: Get the dataset to return in json obj...
11/24/2012 10:27:30 pm: Query has run: <CALL USP_GetCurrencies();>.
11/24/2012 10:27:30 pm: ... Got dataset to return in json obj
11/24/2012 10:27:30 pm: Get the dataset to return in json obj...
11/24/2012 10:27:30 pm: Query has run: <CALL USP_GetAccounts();>.
11/24/2012 10:27:30 pm: ... Got dataset to return in json obj
11/24/2012 10:27:30 pm: Query has run: <CALL USP_GetPayees();>.
11/24/2012 10:27:30 pm: ... Got dataset to return in json obj
11/24/2012 10:27:30 pm: Get the dataset to return in json obj...
11/24/2012 10:27:30 pm: Get the dataset to return in json obj...
11/24/2012 10:27:30 pm: Query has run: <CALL USP_GetCategories();>.
11/24/2012 10:27:30 pm: ... Got dataset to return in json obj
11/24/2012 10:27:30 pm: Query has run: <CALL USP_GetCategories2();>.
11/24/2012 10:27:30 pm: ... Got dataset to return in json obj
11/24/2012 10:27:32 pm: Get the dataset to return in json obj...
11/24/2012 10:27:32 pm: Get the dataset to return in json obj...
11/24/2012 10:27:32 pm: Query has run: <CALL USP_GetAccounts();>.
11/24/2012 10:27:32 pm: Query has run: <CALL USP_GetCurrencies();>.
11/24/2012 10:27:32 pm: ... Got dataset to return in json obj
11/24/2012 10:27:32 pm: ... Got dataset to return in json obj
11/24/2012 10:27:32 pm: Get the dataset to return in json obj...
11/24/2012 10:27:32 pm: Get the dataset to return in json obj...
11/24/2012 10:27:32 pm: Query has run: <CALL USP_GetCategories();>.
11/24/2012 10:27:32 pm: ... Got dataset to return in json obj
11/24/2012 10:27:32 pm: Query has run: <CALL USP_GetPayees();>.
11/24/2012 10:27:32 pm: ... Got dataset to return in json obj
11/24/2012 10:27:32 pm: Get the dataset to return in json obj...
11/24/2012 10:27:32 pm: Query has run: <CALL USP_GetCategories2();>.
11/24/2012 10:27:32 pm: ... Got dataset to return in json obj
11/24/2012 10:27:32 pm: Get the dataset to return in json obj...
11/24/2012 10:27:32 pm: Query has run: <CALL USP_GetAccounts();>.
11/24/2012 10:27:32 pm: ... Got dataset to return in json obj
11/24/2012 10:27:32 pm: Get the dataset to return in json obj...
11/24/2012 10:27:32 pm: Get the dataset to return in json obj...
11/24/2012 10:27:32 pm: Query has run: <CALL USP_GetCurrencies();>.
11/24/2012 10:27:32 pm: ... Got dataset to return in json obj
11/24/2012 10:27:32 pm: Get the dataset to return in json obj...
11/24/2012 10:27:32 pm: Query has run: <CALL USP_GetPayees();>.
11/24/2012 10:27:32 pm: ... Got dataset to return in json obj
11/24/2012 10:27:32 pm: Get the dataset to return in json obj...
11/24/2012 10:27:32 pm: Query has run: <CALL USP_GetCategories();>.
11/24/2012 10:27:32 pm: ... Got dataset to return in json obj
11/24/2012 10:27:32 pm: Query has run: <CALL USP_GetCategories2();>.
11/24/2012 10:27:32 pm: ... Got dataset to return in json obj
11/24/2012 10:27:33 pm: Get the dataset to return in json obj...
11/24/2012 10:27:33 pm: Get the dataset to return in json obj...
11/24/2012 10:27:33 pm: Query has run: <CALL USP_GetCurrencies();>.
11/24/2012 10:27:33 pm: ... Got dataset to return in json obj
11/24/2012 10:27:33 pm: Query has run: <CALL USP_GetAccounts();>.
11/24/2012 10:27:33 pm: ... Got dataset to return in json obj
11/24/2012 10:27:33 pm: Get the dataset to return in json obj...
11/24/2012 10:27:33 pm: Get the dataset to return in json obj...
11/24/2012 10:27:33 pm: Get the dataset to return in json obj...
11/24/2012 10:27:33 pm: Query has run: <CALL USP_GetPayees();>.
11/24/2012 10:27:33 pm: ... Got dataset to return in json obj
11/24/2012 10:27:33 pm: Query has run: <CALL USP_GetCategories();>.
11/24/2012 10:27:33 pm: Query has run: <CALL USP_GetCategories2();>.
11/24/2012 10:27:33 pm: ... Got dataset to return in json obj
11/24/2012 10:27:33 pm: ... Got dataset to return in json obj
11/24/2012 10:27:34 pm: Get the dataset to return in json obj...
11/24/2012 10:27:34 pm: Query has run: <CALL USP_GetCurrencies();>.
11/24/2012 10:27:34 pm: ... Got dataset to return in json obj
11/24/2012 10:27:34 pm: Get the dataset to return in json obj...
11/24/2012 10:27:34 pm: Query has run: <CALL USP_GetAccounts();>.
11/24/2012 10:27:34 pm: ... Got dataset to return in json obj
11/24/2012 10:27:34 pm: Get the dataset to return in json obj...
11/24/2012 10:27:34 pm: Get the dataset to return in json obj...
11/24/2012 10:27:34 pm: Query has run: <CALL USP_GetCategories2();>.
11/24/2012 10:27:34 pm: ... Got dataset to return in json obj
11/24/2012 10:27:34 pm: Query has run: <CALL USP_GetCategories();>.
11/24/2012 10:27:34 pm: ... Got dataset to return in json obj
11/24/2012 10:27:34 pm: Get the dataset to return in json obj...
11/24/2012 10:27:34 pm: Query has run: <CALL USP_GetPayees();>.
11/24/2012 10:27:34 pm: ... Got dataset to return in json obj
11/24/2012 10:27:35 pm: Get the dataset to return in json obj...
11/24/2012 10:27:35 pm: Get the dataset to return in json obj...
11/24/2012 10:27:35 pm: Query has run: <CALL USP_GetAccounts();>.
11/24/2012 10:27:35 pm: ... Got dataset to return in json obj
11/24/2012 10:27:35 pm: Get the dataset to return in json obj...
11/24/2012 10:27:35 pm: Query has run: <CALL USP_GetCurrencies();>.
11/24/2012 10:27:35 pm: ... Got dataset to return in json obj
11/24/2012 10:27:35 pm: Query has run: <CALL USP_GetPayees();>.
11/24/2012 10:27:35 pm: ... Got dataset to return in json obj
11/24/2012 10:27:35 pm: Get the dataset to return in json obj...
11/24/2012 10:27:35 pm: Query has run: <CALL USP_GetCategories();>.
11/24/2012 10:27:35 pm: ... Got dataset to return in json obj
11/24/2012 10:27:35 pm: Get the dataset to return in json obj...
11/24/2012 10:27:35 pm: Query has run: <CALL USP_GetCategories2();>.
11/24/2012 10:27:35 pm: ... Got dataset to return in json obj
11/24/2012 10:27:38 pm: Get the dataset to return in json obj...
11/24/2012 10:27:38 pm: Query has run: <CALL USP_GetCurrencies();>.
11/24/2012 10:27:38 pm: ... Got dataset to return in json obj
11/24/2012 10:27:38 pm: Get the dataset to return in json obj...
11/24/2012 10:27:38 pm: Get the dataset to return in json obj...
11/24/2012 10:27:38 pm: Get the dataset to return in json obj...
11/24/2012 10:27:38 pm: Query has run: <CALL USP_GetPayees();>.
11/24/2012 10:27:38 pm: ... Got dataset to return in json obj
11/24/2012 10:27:38 pm: Get the dataset to return in json obj...
11/24/2012 10:27:38 pm: Query has run: <CALL USP_GetCategories();>.
11/24/2012 10:27:38 pm: ... Got dataset to return in json obj
11/24/2012 10:27:38 pm: Query has run: <CALL USP_GetCategories2();>.
11/24/2012 10:27:38 pm: ... Got dataset to return in json obj
11/24/2012 10:27:38 pm: Query has run: <CALL USP_GetAccounts();>.
11/24/2012 10:27:38 pm: ... Got dataset to return in json obj
11/24/2012 10:30:26 pm: Get the dataset to return in json obj...
11/24/2012 10:30:26 pm: Get the dataset to return in json obj...
11/24/2012 10:30:26 pm: Query has run: <CALL USP_GetCategories();>.
11/24/2012 10:30:26 pm: Get the dataset to return in json obj...
11/24/2012 10:30:26 pm: ... Got dataset to return in json obj
11/24/2012 10:30:26 pm: Query has run: <CALL USP_GetCategories2();>.
11/24/2012 10:30:26 pm: ... Got dataset to return in json obj
11/24/2012 10:30:26 pm: Query has run: <CALL USP_GetCurrencies();>.
11/24/2012 10:30:26 pm: ... Got dataset to return in json obj
11/24/2012 10:30:26 pm: Get the dataset to return in json obj...
11/24/2012 10:30:26 pm: Get the dataset to return in json obj...
11/24/2012 10:30:26 pm: Query has run: <CALL USP_GetAccounts();>.
11/24/2012 10:30:26 pm: ... Got dataset to return in json obj
11/24/2012 10:30:26 pm: Query has run: <CALL USP_GetPayees();>.
11/24/2012 10:30:26 pm: ... Got dataset to return in json obj
11/24/2012 10:31:53 pm: Get the dataset to return in json obj...
11/24/2012 10:31:53 pm: Query has run: <CALL USP_GetAccounts();>.
11/24/2012 10:31:53 pm: ... Got dataset to return in json obj
11/24/2012 10:31:53 pm: Get the dataset to return in json obj...
11/24/2012 10:31:53 pm: Query has run: <CALL USP_GetCategories();>.
11/24/2012 10:31:53 pm: Get the dataset to return in json obj...
11/24/2012 10:31:53 pm: ... Got dataset to return in json obj
11/24/2012 10:31:53 pm: Get the dataset to return in json obj...
11/24/2012 10:31:53 pm: Query has run: <CALL USP_GetCurrencies();>.
11/24/2012 10:31:53 pm: ... Got dataset to return in json obj
11/24/2012 10:31:53 pm: Query has run: <CALL USP_GetPayees();>.
11/24/2012 10:31:53 pm: ... Got dataset to return in json obj
11/24/2012 10:31:53 pm: Get the dataset to return in json obj...
11/24/2012 10:31:53 pm: Query has run: <CALL USP_GetCategories2();>.
11/24/2012 10:31:53 pm: ... Got dataset to return in json obj
11/24/2012 10:31:54 pm: Get the dataset to return in json obj...
11/24/2012 10:31:54 pm: Query has run: <CALL USP_GetAccounts();>.
11/24/2012 10:31:54 pm: ... Got dataset to return in json obj
11/24/2012 10:31:54 pm: Get the dataset to return in json obj...
11/24/2012 10:31:54 pm: Query has run: <CALL USP_GetCurrencies();>.
11/24/2012 10:31:54 pm: ... Got dataset to return in json obj
11/24/2012 10:31:54 pm: Get the dataset to return in json obj...
11/24/2012 10:31:54 pm: Query has run: <CALL USP_GetPayees();>.
11/24/2012 10:31:54 pm: ... Got dataset to return in json obj
11/24/2012 10:31:54 pm: Get the dataset to return in json obj...
11/24/2012 10:31:54 pm: Query has run: <CALL USP_GetCategories();>.
11/24/2012 10:31:54 pm: ... Got dataset to return in json obj
11/24/2012 10:31:54 pm: Get the dataset to return in json obj...
11/24/2012 10:31:54 pm: Query has run: <CALL USP_GetCategories2();>.
11/24/2012 10:31:54 pm: ... Got dataset to return in json obj
11/24/2012 10:31:55 pm: Get the dataset to return in json obj...
11/24/2012 10:31:55 pm: Get the dataset to return in json obj...
11/24/2012 10:31:55 pm: Query has run: <CALL USP_GetAccounts();>.
11/24/2012 10:31:55 pm: ... Got dataset to return in json obj
11/24/2012 10:31:55 pm: Get the dataset to return in json obj...
11/24/2012 10:31:55 pm: Query has run: <CALL USP_GetCurrencies();>.
11/24/2012 10:31:55 pm: ... Got dataset to return in json obj
11/24/2012 10:31:55 pm: Query has run: <CALL USP_GetPayees();>.
11/24/2012 10:31:55 pm: ... Got dataset to return in json obj
11/24/2012 10:31:55 pm: Get the dataset to return in json obj...
11/24/2012 10:31:55 pm: Query has run: <CALL USP_GetCategories();>.
11/24/2012 10:31:55 pm: ... Got dataset to return in json obj
11/24/2012 10:31:55 pm: Get the dataset to return in json obj...
11/24/2012 10:31:55 pm: Query has run: <CALL USP_GetCategories2();>.
11/24/2012 10:31:55 pm: ... Got dataset to return in json obj
11/24/2012 10:32:01 pm: Get the dataset to return in json obj...
11/24/2012 10:32:01 pm: Query has run: <CALL USP_GetAccounts();>.
11/24/2012 10:32:01 pm: ... Got dataset to return in json obj
11/24/2012 10:32:01 pm: Get the dataset to return in json obj...
11/24/2012 10:32:01 pm: Get the dataset to return in json obj...
11/24/2012 10:32:01 pm: Query has run: <CALL USP_GetPayees();>.
11/24/2012 10:32:01 pm: ... Got dataset to return in json obj
11/24/2012 10:32:01 pm: Query has run: <CALL USP_GetCurrencies();>.
11/24/2012 10:32:01 pm: ... Got dataset to return in json obj
11/24/2012 10:32:01 pm: Get the dataset to return in json obj...
11/24/2012 10:32:01 pm: Get the dataset to return in json obj...
11/24/2012 10:32:01 pm: Query has run: <CALL USP_GetCategories();>.
11/24/2012 10:32:01 pm: ... Got dataset to return in json obj
11/24/2012 10:32:01 pm: Query has run: <CALL USP_GetCategories2();>.
11/24/2012 10:32:01 pm: ... Got dataset to return in json obj
11/24/2012 10:33:44 pm: Get the dataset to return in json obj...
11/24/2012 10:33:44 pm: Get the dataset to return in json obj...
11/24/2012 10:33:44 pm: Query has run: <CALL USP_GetAccounts();>.
11/24/2012 10:33:44 pm: ... Got dataset to return in json obj
11/24/2012 10:33:44 pm: Query has run: <CALL USP_GetCurrencies();>.
11/24/2012 10:33:44 pm: ... Got dataset to return in json obj
11/24/2012 10:33:44 pm: Get the dataset to return in json obj...
11/24/2012 10:33:44 pm: Query has run: <CALL USP_GetCategories();>.
11/24/2012 10:33:44 pm: ... Got dataset to return in json obj
11/24/2012 10:33:44 pm: Get the dataset to return in json obj...
11/24/2012 10:33:44 pm: Query has run: <CALL USP_GetPayees();>.
11/24/2012 10:33:44 pm: ... Got dataset to return in json obj
11/24/2012 10:33:44 pm: Get the dataset to return in json obj...
11/24/2012 10:33:44 pm: Query has run: <CALL USP_GetCategories2();>.
11/24/2012 10:33:44 pm: ... Got dataset to return in json obj
11/24/2012 10:36:14 pm: Get the dataset to return in json obj...
11/24/2012 10:36:14 pm: Query has run: <CALL USP_GetAccounts();>.
11/24/2012 10:36:14 pm: ... Got dataset to return in json obj
11/24/2012 10:36:14 pm: Get the dataset to return in json obj...
11/24/2012 10:36:14 pm: Query has run: <CALL USP_GetCurrencies();>.
11/24/2012 10:36:14 pm: ... Got dataset to return in json obj
11/24/2012 10:36:14 pm: Get the dataset to return in json obj...
11/24/2012 10:36:14 pm: Query has run: <CALL USP_GetCategories();>.
11/24/2012 10:36:14 pm: ... Got dataset to return in json obj
11/24/2012 10:36:14 pm: Get the dataset to return in json obj...
11/24/2012 10:36:14 pm: Query has run: <CALL USP_GetPayees();>.
11/24/2012 10:36:14 pm: ... Got dataset to return in json obj
11/24/2012 10:36:14 pm: Get the dataset to return in json obj...
11/24/2012 10:36:14 pm: Query has run: <CALL USP_GetCategories2();>.
11/24/2012 10:36:14 pm: ... Got dataset to return in json obj
11/24/2012 10:36:19 pm: Get the dataset to return in json obj...
11/24/2012 10:36:19 pm: Query has run: <CALL USP_GetAccounts();>.
11/24/2012 10:36:19 pm: ... Got dataset to return in json obj
11/24/2012 10:36:19 pm: Get the dataset to return in json obj...
11/24/2012 10:36:19 pm: Query has run: <CALL USP_GetCurrencies();>.
11/24/2012 10:36:19 pm: ... Got dataset to return in json obj
11/24/2012 10:36:19 pm: Get the dataset to return in json obj...
11/24/2012 10:36:19 pm: Query has run: <CALL USP_GetPayees();>.
11/24/2012 10:36:19 pm: ... Got dataset to return in json obj
11/24/2012 10:36:19 pm: Get the dataset to return in json obj...
11/24/2012 10:36:19 pm: Get the dataset to return in json obj...
11/24/2012 10:36:19 pm: Query has run: <CALL USP_GetCategories();>.
11/24/2012 10:36:19 pm: ... Got dataset to return in json obj
11/24/2012 10:36:19 pm: Query has run: <CALL USP_GetCategories2();>.
11/24/2012 10:36:19 pm: ... Got dataset to return in json obj
11/24/2012 10:36:21 pm: Get the dataset to return in json obj...
11/24/2012 10:36:21 pm: Get the dataset to return in json obj...
11/24/2012 10:36:21 pm: Query has run: <CALL USP_GetCurrencies();>.
11/24/2012 10:36:21 pm: ... Got dataset to return in json obj
11/24/2012 10:36:21 pm: Query has run: <CALL USP_GetAccounts();>.
11/24/2012 10:36:21 pm: ... Got dataset to return in json obj
11/24/2012 10:36:21 pm: Get the dataset to return in json obj...
11/24/2012 10:36:21 pm: Query has run: <CALL USP_GetPayees();>.
11/24/2012 10:36:21 pm: ... Got dataset to return in json obj
11/24/2012 10:36:21 pm: Get the dataset to return in json obj...
11/24/2012 10:36:21 pm: Get the dataset to return in json obj...
11/24/2012 10:36:21 pm: Query has run: <CALL USP_GetCategories();>.
11/24/2012 10:36:21 pm: ... Got dataset to return in json obj
11/24/2012 10:36:21 pm: Query has run: <CALL USP_GetCategories2();>.
11/24/2012 10:36:22 pm: ... Got dataset to return in json obj
11/24/2012 10:36:26 pm: Get the dataset to return in json obj...
11/24/2012 10:36:26 pm: Query has run: <CALL USP_GetAccounts();>.
11/24/2012 10:36:26 pm: ... Got dataset to return in json obj
11/24/2012 10:36:26 pm: Get the dataset to return in json obj...
11/24/2012 10:36:26 pm: Query has run: <CALL USP_GetCurrencies();>.
11/24/2012 10:36:26 pm: ... Got dataset to return in json obj
11/24/2012 10:36:26 pm: Get the dataset to return in json obj...
11/24/2012 10:36:26 pm: Get the dataset to return in json obj...
11/24/2012 10:36:26 pm: Get the dataset to return in json obj...
11/24/2012 10:36:26 pm: Query has run: <CALL USP_GetPayees();>.
11/24/2012 10:36:26 pm: ... Got dataset to return in json obj
11/24/2012 10:36:26 pm: Query has run: <CALL USP_GetCategories2();>.
11/24/2012 10:36:26 pm: ... Got dataset to return in json obj
11/24/2012 10:36:26 pm: Query has run: <CALL USP_GetCategories();>.
11/24/2012 10:36:26 pm: ... Got dataset to return in json obj
11/24/2012 10:36:33 pm: Get the dataset to return in json obj...
11/24/2012 10:36:33 pm: Get the dataset to return in json obj...
11/24/2012 10:36:33 pm: Query has run: <CALL USP_GetCurrencies();>.
11/24/2012 10:36:33 pm: ... Got dataset to return in json obj
11/24/2012 10:36:33 pm: Query has run: <CALL USP_GetCategories();>.
11/24/2012 10:36:33 pm: ... Got dataset to return in json obj
11/24/2012 10:36:33 pm: Get the dataset to return in json obj...
11/24/2012 10:36:33 pm: Query has run: <CALL USP_GetAccounts();>.
11/24/2012 10:36:33 pm: ... Got dataset to return in json obj
11/24/2012 10:36:33 pm: Get the dataset to return in json obj...
11/24/2012 10:36:33 pm: Query has run: <CALL USP_GetPayees();>.
11/24/2012 10:36:33 pm: ... Got dataset to return in json obj
11/24/2012 10:36:33 pm: Get the dataset to return in json obj...
11/24/2012 10:36:33 pm: Query has run: <CALL USP_GetCategories2();>.
11/24/2012 10:36:33 pm: ... Got dataset to return in json obj
11/24/2012 10:37:46 pm: Get the dataset to return in json obj...
11/24/2012 10:37:46 pm: Get the dataset to return in json obj...
11/24/2012 10:37:46 pm: Get the dataset to return in json obj...
11/24/2012 10:37:46 pm: Query has run: <CALL USP_GetPayees();>.
11/24/2012 10:37:46 pm: ... Got dataset to return in json obj
11/24/2012 10:37:46 pm: Query has run: <CALL USP_GetAccounts();>.
11/24/2012 10:37:46 pm: ... Got dataset to return in json obj
11/24/2012 10:37:46 pm: Query has run: <CALL USP_GetCurrencies();>.
11/24/2012 10:37:46 pm: ... Got dataset to return in json obj
11/24/2012 10:37:46 pm: Get the dataset to return in json obj...
11/24/2012 10:37:46 pm: Get the dataset to return in json obj...
11/24/2012 10:37:46 pm: Query has run: <CALL USP_GetCategories2();>.
11/24/2012 10:37:46 pm: ... Got dataset to return in json obj
11/24/2012 10:37:46 pm: Query has run: <CALL USP_GetCategories();>.
11/24/2012 10:37:46 pm: ... Got dataset to return in json obj
11/24/2012 10:48:26 pm: Get the dataset to return in json obj...
11/24/2012 10:48:26 pm: Query has run: <CALL USP_GetCurrencies();>.
11/24/2012 10:48:26 pm: Get the dataset to return in json obj...
11/24/2012 10:48:26 pm: ... Got dataset to return in json obj
11/24/2012 10:48:26 pm: Query has run: <CALL USP_GetAccounts();>.
11/24/2012 10:48:26 pm: ... Got dataset to return in json obj
11/24/2012 10:48:26 pm: Get the dataset to return in json obj...
11/24/2012 10:48:26 pm: Query has run: <CALL USP_GetPayees();>.
11/24/2012 10:48:26 pm: ... Got dataset to return in json obj
11/24/2012 10:48:26 pm: Get the dataset to return in json obj...
11/24/2012 10:48:26 pm: Get the dataset to return in json obj...
11/24/2012 10:48:26 pm: Query has run: <CALL USP_GetCategories();>.
11/24/2012 10:48:26 pm: ... Got dataset to return in json obj
11/24/2012 10:48:26 pm: Query has run: <CALL USP_GetCategories2();>.
11/24/2012 10:48:26 pm: ... Got dataset to return in json obj
