11/21/2012 07:51:35 pm: Get the dataset to return in json obj...
11/21/2012 07:51:35 pm: Get the dataset to return in json obj...
11/21/2012 07:51:35 pm: Get the dataset to return in json obj...
11/21/2012 07:51:35 pm: Get the dataset to return in json obj...
11/21/2012 07:51:35 pm: Get the dataset to return in json obj...
11/21/2012 07:51:35 pm: Query has run: <CALL USP_GetCurrencies();>.
11/21/2012 07:51:35 pm: ... Got dataset to return in json obj
11/21/2012 07:51:35 pm: Query has run: <CALL USP_GetCategories();>.
11/21/2012 07:51:35 pm: ... Got dataset to return in json obj
11/21/2012 07:51:35 pm: Query has run: <CALL USP_GetPayees();>.
11/21/2012 07:51:35 pm: ... Got dataset to return in json obj
11/21/2012 07:51:35 pm: Query has run: <CALL USP_GetAccounts();>.
11/21/2012 07:51:35 pm: ... Got dataset to return in json obj
11/21/2012 07:51:35 pm: Query has run: <CALL USP_GetCategories2();>.
11/21/2012 07:51:35 pm: ... Got dataset to return in json obj
11/21/2012 07:51:36 pm: Get the dataset to return in json obj...
11/21/2012 07:51:36 pm: Get the dataset to return in json obj...
11/21/2012 07:51:36 pm: Query has run: <CALL USP_GetCurrencies();>.
11/21/2012 07:51:36 pm: ... Got dataset to return in json obj
11/21/2012 07:51:36 pm: Query has run: <CALL USP_GetAccounts();>.
11/21/2012 07:51:36 pm: ... Got dataset to return in json obj
11/21/2012 07:51:36 pm: Get the dataset to return in json obj...
11/21/2012 07:51:36 pm: Get the dataset to return in json obj...
11/21/2012 07:51:36 pm: Query has run: <CALL USP_GetCategories();>.
11/21/2012 07:51:36 pm: ... Got dataset to return in json obj
11/21/2012 07:51:36 pm: Query has run: <CALL USP_GetPayees();>.
11/21/2012 07:51:36 pm: ... Got dataset to return in json obj
11/21/2012 07:51:36 pm: Get the dataset to return in json obj...
11/21/2012 07:51:36 pm: Query has run: <CALL USP_GetCategories2();>.
11/21/2012 07:51:36 pm: ... Got dataset to return in json obj
11/21/2012 07:53:58 pm: Amount value: -53,3. Preg_match_all result is <1>
11/21/2012 07:53:58 pm: Currency = <1>.
11/21/2012 07:54:10 pm: Get the dataset to return in json obj...
11/21/2012 07:54:10 pm: Query has run: <CALL USP_GetCategories();>.
11/21/2012 07:54:10 pm: Get the dataset to return in json obj...
11/21/2012 07:54:10 pm: ... Got dataset to return in json obj
11/21/2012 07:54:10 pm: Get the dataset to return in json obj...
11/21/2012 07:54:10 pm: Query has run: <CALL USP_GetAccounts();>.
11/21/2012 07:54:10 pm: ... Got dataset to return in json obj
11/21/2012 07:54:10 pm: Query has run: <CALL USP_GetPayees();>.
11/21/2012 07:54:10 pm: ... Got dataset to return in json obj
11/21/2012 07:54:10 pm: Get the dataset to return in json obj...
11/21/2012 07:54:10 pm: Get the dataset to return in json obj...
11/21/2012 07:54:10 pm: Query has run: <CALL USP_GetCurrencies();>.
11/21/2012 07:54:10 pm: ... Got dataset to return in json obj
11/21/2012 07:54:10 pm: Query has run: <CALL USP_GetCategories2();>.
11/21/2012 07:54:10 pm: ... Got dataset to return in json obj
11/21/2012 07:56:34 pm: Get the dataset to return in json obj...
11/21/2012 07:56:34 pm: Query has run: <CALL USP_GetCurrencies();>.
11/21/2012 07:56:34 pm: ... Got dataset to return in json obj
11/21/2012 07:56:34 pm: Get the dataset to return in json obj...
11/21/2012 07:56:34 pm: Get the dataset to return in json obj...
11/21/2012 07:56:34 pm: Query has run: <CALL USP_GetCategories();>.
11/21/2012 07:56:34 pm: ... Got dataset to return in json obj
11/21/2012 07:56:34 pm: Query has run: <CALL USP_GetCategories2();>.
11/21/2012 07:56:34 pm: ... Got dataset to return in json obj
11/21/2012 07:56:34 pm: Get the dataset to return in json obj...
11/21/2012 07:56:34 pm: Get the dataset to return in json obj...
11/21/2012 07:56:34 pm: Query has run: <CALL USP_GetAccounts();>.
11/21/2012 07:56:34 pm: ... Got dataset to return in json obj
11/21/2012 07:56:34 pm: Query has run: <CALL USP_GetPayees();>.
11/21/2012 07:56:34 pm: ... Got dataset to return in json obj
11/21/2012 07:57:05 pm: Get the dataset to return in json obj...
11/21/2012 07:57:05 pm: Query has run: <CALL USP_GetAccounts();>.
11/21/2012 07:57:05 pm: ... Got dataset to return in json obj
11/21/2012 07:57:05 pm: Get the dataset to return in json obj...
11/21/2012 07:57:05 pm: Get the dataset to return in json obj...
11/21/2012 07:57:05 pm: Query has run: <CALL USP_GetCurrencies();>.
11/21/2012 07:57:05 pm: ... Got dataset to return in json obj
11/21/2012 07:57:05 pm: Get the dataset to return in json obj...
11/21/2012 07:57:05 pm: Get the dataset to return in json obj...
11/21/2012 07:57:05 pm: Query has run: <CALL USP_GetCategories2();>.
11/21/2012 07:57:05 pm: ... Got dataset to return in json obj
11/21/2012 07:57:05 pm: Query has run: <CALL USP_GetCategories();>.
11/21/2012 07:57:05 pm: ... Got dataset to return in json obj
11/21/2012 07:57:05 pm: Query has run: <CALL USP_GetPayees();>.
11/21/2012 07:57:05 pm: ... Got dataset to return in json obj
11/21/2012 07:58:28 pm: Get the dataset to return in json obj...
11/21/2012 07:58:28 pm: Query has run: <CALL USP_GetAccounts();>.
11/21/2012 07:58:28 pm: ... Got dataset to return in json obj
11/21/2012 07:58:28 pm: Get the dataset to return in json obj...
11/21/2012 07:58:28 pm: Query has run: <CALL USP_GetCurrencies();>.
11/21/2012 07:58:28 pm: ... Got dataset to return in json obj
11/21/2012 07:58:28 pm: Get the dataset to return in json obj...
11/21/2012 07:58:28 pm: Query has run: <CALL USP_GetPayees();>.
11/21/2012 07:58:28 pm: ... Got dataset to return in json obj
11/21/2012 07:58:28 pm: Get the dataset to return in json obj...
11/21/2012 07:58:28 pm: Query has run: <CALL USP_GetCategories();>.
11/21/2012 07:58:28 pm: ... Got dataset to return in json obj
11/21/2012 07:58:28 pm: Get the dataset to return in json obj...
11/21/2012 07:58:28 pm: Query has run: <CALL USP_GetCategories2();>.
11/21/2012 07:58:28 pm: ... Got dataset to return in json obj
11/21/2012 08:08:02 pm: Get the dataset to return in json obj...
11/21/2012 08:08:02 pm: Get the dataset to return in json obj...
11/21/2012 08:08:02 pm: Query has run: <CALL USP_GetAccounts();>.
11/21/2012 08:08:02 pm: ... Got dataset to return in json obj
11/21/2012 08:08:02 pm: Query has run: <CALL USP_GetCurrencies();>.
11/21/2012 08:08:02 pm: ... Got dataset to return in json obj
11/21/2012 08:08:02 pm: Get the dataset to return in json obj...
11/21/2012 08:08:02 pm: Query has run: <CALL USP_GetPayees();>.
11/21/2012 08:08:02 pm: ... Got dataset to return in json obj
11/21/2012 08:08:02 pm: Get the dataset to return in json obj...
11/21/2012 08:08:02 pm: Query has run: <CALL USP_GetCategories();>.
11/21/2012 08:08:02 pm: ... Got dataset to return in json obj
11/21/2012 08:08:02 pm: Get the dataset to return in json obj...
11/21/2012 08:08:02 pm: Query has run: <CALL USP_GetCategories2();>.
11/21/2012 08:08:02 pm: ... Got dataset to return in json obj
11/21/2012 08:11:31 pm: Get the dataset to return in json obj...
11/21/2012 08:11:31 pm: Get the dataset to return in json obj...
11/21/2012 08:11:31 pm: Query has run: <CALL USP_GetCurrencies();>.
11/21/2012 08:11:31 pm: ... Got dataset to return in json obj
11/21/2012 08:11:31 pm: Query has run: <CALL USP_GetAccounts();>.
11/21/2012 08:11:31 pm: ... Got dataset to return in json obj
11/21/2012 08:11:31 pm: Get the dataset to return in json obj...
11/21/2012 08:11:31 pm: Get the dataset to return in json obj...
11/21/2012 08:11:31 pm: Query has run: <CALL USP_GetCategories();>.
11/21/2012 08:11:31 pm: ... Got dataset to return in json obj
11/21/2012 08:11:31 pm: Query has run: <CALL USP_GetCategories2();>.
11/21/2012 08:11:31 pm: ... Got dataset to return in json obj
11/21/2012 08:11:31 pm: Get the dataset to return in json obj...
11/21/2012 08:11:31 pm: Query has run: <CALL USP_GetPayees();>.
11/21/2012 08:11:31 pm: ... Got dataset to return in json obj
11/21/2012 09:02:09 pm: Get the dataset to return in json obj...
11/21/2012 09:02:09 pm: Query has run: <CALL USP_GetAccounts();>.
11/21/2012 09:02:09 pm: ... Got dataset to return in json obj
11/21/2012 09:02:09 pm: Get the dataset to return in json obj...
11/21/2012 09:02:09 pm: Query has run: <CALL USP_GetPayees();>.
11/21/2012 09:02:09 pm: ... Got dataset to return in json obj
11/21/2012 09:02:09 pm: Get the dataset to return in json obj...
11/21/2012 09:02:09 pm: Query has run: <CALL USP_GetCurrencies();>.
11/21/2012 09:02:09 pm: ... Got dataset to return in json obj
11/21/2012 09:02:09 pm: Get the dataset to return in json obj...
11/21/2012 09:02:10 pm: Query has run: <CALL USP_GetCategories2();>.
11/21/2012 09:02:10 pm: ... Got dataset to return in json obj
11/21/2012 09:02:10 pm: Get the dataset to return in json obj...
11/21/2012 09:02:10 pm: Query has run: <CALL USP_GetCategories();>.
11/21/2012 09:02:10 pm: ... Got dataset to return in json obj
11/21/2012 09:06:36 pm: Query has run: <CALL USP_GetAccounts ()>.
11/21/2012 09:08:31 pm: Get the dataset to return in json obj...
11/21/2012 09:08:31 pm: Query has run: <CALL USP_GetAccounts();>.
11/21/2012 09:08:31 pm: ... Got dataset to return in json obj
11/21/2012 09:08:31 pm: Get the dataset to return in json obj...
11/21/2012 09:08:31 pm: Get the dataset to return in json obj...
11/21/2012 09:08:31 pm: Get the dataset to return in json obj...
11/21/2012 09:08:31 pm: Query has run: <CALL USP_GetCategories2();>.
11/21/2012 09:08:31 pm: ... Got dataset to return in json obj
11/21/2012 09:08:31 pm: Query has run: <CALL USP_GetCurrencies();>.
11/21/2012 09:08:31 pm: ... Got dataset to return in json obj
11/21/2012 09:08:31 pm: Query has run: <CALL USP_GetPayees();>.
11/21/2012 09:08:31 pm: ... Got dataset to return in json obj
11/21/2012 09:08:31 pm: Get the dataset to return in json obj...
11/21/2012 09:08:31 pm: Query has run: <CALL USP_GetCategories();>.
11/21/2012 09:08:31 pm: ... Got dataset to return in json obj
11/21/2012 09:09:59 pm: Get the dataset to return in json obj...
11/21/2012 09:09:59 pm: Get the dataset to return in json obj...
11/21/2012 09:09:59 pm: Get the dataset to return in json obj...
11/21/2012 09:09:59 pm: Get the dataset to return in json obj...
11/21/2012 09:09:59 pm: Query has run: <CALL USP_GetAccounts();>.
11/21/2012 09:09:59 pm: Query has run: <CALL USP_GetCurrencies();>.
11/21/2012 09:09:59 pm: ... Got dataset to return in json obj
11/21/2012 09:09:59 pm: ... Got dataset to return in json obj
11/21/2012 09:09:59 pm: Query has run: <CALL USP_GetCategories2();>.
11/21/2012 09:09:59 pm: ... Got dataset to return in json obj
11/21/2012 09:09:59 pm: Query has run: <CALL USP_GetPayees();>.
11/21/2012 09:09:59 pm: ... Got dataset to return in json obj
11/21/2012 09:09:59 pm: Get the dataset to return in json obj...
11/21/2012 09:09:59 pm: Query has run: <CALL USP_GetCategories();>.
11/21/2012 09:09:59 pm: ... Got dataset to return in json obj
11/21/2012 09:10:28 pm: Get the dataset to return in json obj...
11/21/2012 09:10:28 pm: Get the dataset to return in json obj...
11/21/2012 09:10:28 pm: Get the dataset to return in json obj...
11/21/2012 09:10:28 pm: Get the dataset to return in json obj...
11/21/2012 09:10:28 pm: Query has run: <CALL USP_GetAccounts();>.
11/21/2012 09:10:28 pm: Query has run: <CALL USP_GetCurrencies();>.
11/21/2012 09:10:28 pm: ... Got dataset to return in json obj
11/21/2012 09:10:28 pm: ... Got dataset to return in json obj
11/21/2012 09:10:28 pm: Query has run: <CALL USP_GetCategories2();>.
11/21/2012 09:10:28 pm: ... Got dataset to return in json obj
11/21/2012 09:10:28 pm: Query has run: <CALL USP_GetPayees();>.
11/21/2012 09:10:28 pm: ... Got dataset to return in json obj
11/21/2012 09:10:28 pm: Get the dataset to return in json obj...
11/21/2012 09:10:28 pm: Query has run: <CALL USP_GetCategories();>.
11/21/2012 09:10:28 pm: ... Got dataset to return in json obj
11/21/2012 09:11:02 pm: Get the dataset to return in json obj...
11/21/2012 09:11:02 pm: Query has run: <CALL USP_GetAccounts();>.
11/21/2012 09:11:02 pm: ... Got dataset to return in json obj
11/21/2012 09:11:02 pm: Get the dataset to return in json obj...
11/21/2012 09:11:02 pm: Query has run: <CALL USP_GetCurrencies();>.
11/21/2012 09:11:02 pm: ... Got dataset to return in json obj
11/21/2012 09:11:02 pm: Get the dataset to return in json obj...
11/21/2012 09:11:02 pm: Query has run: <CALL USP_GetPayees();>.
11/21/2012 09:11:02 pm: ... Got dataset to return in json obj
11/21/2012 09:11:02 pm: Get the dataset to return in json obj...
11/21/2012 09:11:02 pm: Query has run: <CALL USP_GetCategories();>.
11/21/2012 09:11:02 pm: ... Got dataset to return in json obj
11/21/2012 09:11:02 pm: Get the dataset to return in json obj...
11/21/2012 09:11:02 pm: Query has run: <CALL USP_GetCategories2();>.
11/21/2012 09:11:02 pm: ... Got dataset to return in json obj
11/21/2012 09:11:03 pm: Query has run: <CALL USP_GetAccounts ()>.
11/21/2012 09:11:13 pm: Get the dataset to return in json obj...
11/21/2012 09:11:13 pm: Get the dataset to return in json obj...
11/21/2012 09:11:13 pm: Get the dataset to return in json obj...
11/21/2012 09:11:13 pm: Get the dataset to return in json obj...
11/21/2012 09:11:13 pm: Query has run: <CALL USP_GetCurrencies();>.
11/21/2012 09:11:13 pm: ... Got dataset to return in json obj
11/21/2012 09:11:13 pm: Query has run: <CALL USP_GetCategories();>.
11/21/2012 09:11:13 pm: ... Got dataset to return in json obj
11/21/2012 09:11:13 pm: Get the dataset to return in json obj...
11/21/2012 09:11:13 pm: Query has run: <CALL USP_GetPayees();>.
11/21/2012 09:11:13 pm: ... Got dataset to return in json obj
11/21/2012 09:11:13 pm: Query has run: <CALL USP_GetCategories2();>.
11/21/2012 09:11:13 pm: ... Got dataset to return in json obj
11/21/2012 09:11:13 pm: Query has run: <CALL USP_GetAccounts();>.
11/21/2012 09:11:13 pm: ... Got dataset to return in json obj
11/21/2012 09:12:47 pm: Get the dataset to return in json obj...
11/21/2012 09:12:47 pm: Get the dataset to return in json obj...
11/21/2012 09:12:47 pm: Get the dataset to return in json obj...
11/21/2012 09:12:47 pm: Query has run: <CALL USP_GetAccounts();>.
11/21/2012 09:12:47 pm: ... Got dataset to return in json obj
11/21/2012 09:12:47 pm: Get the dataset to return in json obj...
11/21/2012 09:12:47 pm: Query has run: <CALL USP_GetCategories();>.
11/21/2012 09:12:47 pm: ... Got dataset to return in json obj
11/21/2012 09:12:47 pm: Query has run: <CALL USP_GetCurrencies();>.
11/21/2012 09:12:47 pm: Get the dataset to return in json obj...
11/21/2012 09:12:47 pm: ... Got dataset to return in json obj
11/21/2012 09:12:47 pm: Query has run: <CALL USP_GetPayees();>.
11/21/2012 09:12:47 pm: ... Got dataset to return in json obj
11/21/2012 09:12:47 pm: Query has run: <CALL USP_GetCategories2();>.
11/21/2012 09:12:47 pm: ... Got dataset to return in json obj
11/21/2012 09:15:51 pm: Get the dataset to return in json obj...
11/21/2012 09:15:51 pm: Query has run: <CALL USP_GetCurrencies();>.
11/21/2012 09:15:51 pm: ... Got dataset to return in json obj
11/21/2012 09:15:51 pm: Get the dataset to return in json obj...
11/21/2012 09:15:51 pm: Query has run: <CALL USP_GetAccounts();>.
11/21/2012 09:15:51 pm: ... Got dataset to return in json obj
11/21/2012 09:15:51 pm: Get the dataset to return in json obj...
11/21/2012 09:15:51 pm: Get the dataset to return in json obj...
11/21/2012 09:15:51 pm: Query has run: <CALL USP_GetCategories();>.
11/21/2012 09:15:51 pm: ... Got dataset to return in json obj
11/21/2012 09:15:51 pm: Query has run: <CALL USP_GetPayees();>.
11/21/2012 09:15:51 pm: ... Got dataset to return in json obj
11/21/2012 09:15:51 pm: Get the dataset to return in json obj...
11/21/2012 09:15:51 pm: Query has run: <CALL USP_GetCategories2();>.
11/21/2012 09:15:51 pm: ... Got dataset to return in json obj
11/21/2012 09:15:54 pm: Query has run: <CALL USP_GetTransactionTypes ()>.
11/21/2012 09:17:56 pm: Query has run: <CALL USP_GetPayees ()>.
11/21/2012 09:18:51 pm: Query has run: <CALL USP_GetCurrencies ()>.
11/21/2012 09:19:26 pm: Query has run: <CALL USP_GetCategories ()>.
11/21/2012 09:20:15 pm: Get the dataset to return in json obj...
11/21/2012 09:20:15 pm: Query has run: <CALL USP_GetAccounts();>.
11/21/2012 09:20:15 pm: ... Got dataset to return in json obj
11/21/2012 09:20:15 pm: Get the dataset to return in json obj...
11/21/2012 09:20:15 pm: Query has run: <CALL USP_GetCurrencies();>.
11/21/2012 09:20:15 pm: ... Got dataset to return in json obj
11/21/2012 09:20:15 pm: Get the dataset to return in json obj...
11/21/2012 09:20:15 pm: Get the dataset to return in json obj...
11/21/2012 09:20:15 pm: Query has run: <CALL USP_GetCategories();>.
11/21/2012 09:20:15 pm: ... Got dataset to return in json obj
11/21/2012 09:20:15 pm: Query has run: <CALL USP_GetPayees();>.
11/21/2012 09:20:15 pm: ... Got dataset to return in json obj
11/21/2012 09:20:15 pm: Get the dataset to return in json obj...
11/21/2012 09:20:15 pm: Query has run: <CALL USP_GetCategories2();>.
11/21/2012 09:20:15 pm: ... Got dataset to return in json obj
11/21/2012 09:20:17 pm: Query has run: <CALL USP_GetCategories2 ()>.
11/21/2012 09:20:42 pm: Get the dataset to return in json obj...
11/21/2012 09:20:42 pm: Get the dataset to return in json obj...
11/21/2012 09:20:42 pm: Query has run: <CALL USP_GetAccounts();>.
11/21/2012 09:20:42 pm: ... Got dataset to return in json obj
11/21/2012 09:20:42 pm: Query has run: <CALL USP_GetPayees();>.
11/21/2012 09:20:42 pm: ... Got dataset to return in json obj
11/21/2012 09:20:42 pm: Get the dataset to return in json obj...
11/21/2012 09:20:42 pm: Query has run: <CALL USP_GetCurrencies();>.
11/21/2012 09:20:42 pm: ... Got dataset to return in json obj
11/21/2012 09:20:42 pm: Get the dataset to return in json obj...
11/21/2012 09:20:42 pm: Get the dataset to return in json obj...
11/21/2012 09:20:42 pm: Query has run: <CALL USP_GetCategories();>.
11/21/2012 09:20:42 pm: ... Got dataset to return in json obj
11/21/2012 09:20:42 pm: Query has run: <CALL USP_GetCategories2();>.
11/21/2012 09:20:42 pm: ... Got dataset to return in json obj
11/21/2012 09:21:17 pm: Amount value: 0. Preg_match_all result is <1>
11/21/2012 09:21:17 pm: Currency = <1>.
11/21/2012 09:21:27 pm: Amount value: 0. Preg_match_all result is <1>
11/21/2012 09:21:27 pm: Currency = <1>.
11/21/2012 09:22:12 pm: Amount value: 0. Preg_match_all result is <1>
11/21/2012 09:22:12 pm: Currency = <1>.
11/21/2012 09:22:20 pm: Get the dataset to return in json obj...
11/21/2012 09:22:20 pm: Query has run: <CALL USP_GetAccounts();>.
11/21/2012 09:22:20 pm: ... Got dataset to return in json obj
11/21/2012 09:22:20 pm: Get the dataset to return in json obj...
11/21/2012 09:22:20 pm: Query has run: <CALL USP_GetCurrencies();>.
11/21/2012 09:22:20 pm: ... Got dataset to return in json obj
11/21/2012 09:22:20 pm: Get the dataset to return in json obj...
11/21/2012 09:22:20 pm: Get the dataset to return in json obj...
11/21/2012 09:22:20 pm: Query has run: <CALL USP_GetCategories();>.
11/21/2012 09:22:20 pm: ... Got dataset to return in json obj
11/21/2012 09:22:20 pm: Query has run: <CALL USP_GetPayees();>.
11/21/2012 09:22:20 pm: ... Got dataset to return in json obj
11/21/2012 09:22:20 pm: Get the dataset to return in json obj...
11/21/2012 09:22:20 pm: Query has run: <CALL USP_GetCategories2();>.
11/21/2012 09:22:20 pm: ... Got dataset to return in json obj
11/21/2012 09:22:41 pm: Get the dataset to return in json obj...
11/21/2012 09:22:41 pm: Query has run: <CALL USP_GetAccounts();>.
11/21/2012 09:22:41 pm: ... Got dataset to return in json obj
11/21/2012 09:22:41 pm: Get the dataset to return in json obj...
11/21/2012 09:22:41 pm: Query has run: <CALL USP_GetCurrencies();>.
11/21/2012 09:22:41 pm: ... Got dataset to return in json obj
11/21/2012 09:22:41 pm: Get the dataset to return in json obj...
11/21/2012 09:22:41 pm: Query has run: <CALL USP_GetPayees();>.
11/21/2012 09:22:41 pm: ... Got dataset to return in json obj
11/21/2012 09:22:41 pm: Get the dataset to return in json obj...
11/21/2012 09:22:41 pm: Get the dataset to return in json obj...
11/21/2012 09:22:41 pm: Query has run: <CALL USP_GetCategories2();>.
11/21/2012 09:22:41 pm: ... Got dataset to return in json obj
11/21/2012 09:22:42 pm: Query has run: <CALL USP_GetCategories();>.
11/21/2012 09:22:42 pm: ... Got dataset to return in json obj
11/21/2012 09:27:31 pm: Get the dataset to return in json obj...
11/21/2012 09:27:31 pm: Query has run: <CALL USP_GetAccounts();>.
11/21/2012 09:27:31 pm: ... Got dataset to return in json obj
11/21/2012 09:27:31 pm: Get the dataset to return in json obj...
11/21/2012 09:27:31 pm: Query has run: <CALL USP_GetCurrencies();>.
11/21/2012 09:27:31 pm: ... Got dataset to return in json obj
11/21/2012 09:27:31 pm: Get the dataset to return in json obj...
11/21/2012 09:27:31 pm: Query has run: <CALL USP_GetPayees();>.
11/21/2012 09:27:31 pm: ... Got dataset to return in json obj
11/21/2012 09:27:31 pm: Get the dataset to return in json obj...
11/21/2012 09:27:31 pm: Query has run: <CALL USP_GetCategories();>.
11/21/2012 09:27:31 pm: ... Got dataset to return in json obj
11/21/2012 09:27:31 pm: Get the dataset to return in json obj...
11/21/2012 09:27:31 pm: Query has run: <CALL USP_GetCategories2();>.
11/21/2012 09:27:31 pm: ... Got dataset to return in json obj
11/21/2012 09:29:11 pm: Get the dataset to return in json obj...
11/21/2012 09:29:11 pm: Query has run: <CALL USP_GetAccounts();>.
11/21/2012 09:29:11 pm: ... Got dataset to return in json obj
11/21/2012 09:29:11 pm: Get the dataset to return in json obj...
11/21/2012 09:29:11 pm: Query has run: <CALL USP_GetCurrencies();>.
11/21/2012 09:29:11 pm: ... Got dataset to return in json obj
11/21/2012 09:29:11 pm: Get the dataset to return in json obj...
11/21/2012 09:29:11 pm: Get the dataset to return in json obj...
11/21/2012 09:29:11 pm: Get the dataset to return in json obj...
11/21/2012 09:29:11 pm: Query has run: <CALL USP_GetCategories2();>.
11/21/2012 09:29:11 pm: ... Got dataset to return in json obj
11/21/2012 09:29:11 pm: Query has run: <CALL USP_GetPayees();>.
11/21/2012 09:29:11 pm: ... Got dataset to return in json obj
11/21/2012 09:29:11 pm: Query has run: <CALL USP_GetCategories();>.
11/21/2012 09:29:11 pm: ... Got dataset to return in json obj
11/21/2012 09:32:09 pm: Get the dataset to return in json obj...
11/21/2012 09:32:09 pm: Get the dataset to return in json obj...
11/21/2012 09:32:09 pm: Query has run: <CALL USP_GetCategories();>.
11/21/2012 09:32:09 pm: ... Got dataset to return in json obj
11/21/2012 09:32:09 pm: Get the dataset to return in json obj...
11/21/2012 09:32:09 pm: Query has run: <CALL USP_GetCurrencies();>.
11/21/2012 09:32:09 pm: ... Got dataset to return in json obj
11/21/2012 09:32:09 pm: Get the dataset to return in json obj...
11/21/2012 09:32:09 pm: Query has run: <CALL USP_GetAccounts();>.
11/21/2012 09:32:09 pm: ... Got dataset to return in json obj
11/21/2012 09:32:09 pm: Query has run: <CALL USP_GetPayees();>.
11/21/2012 09:32:09 pm: ... Got dataset to return in json obj
11/21/2012 09:32:09 pm: Get the dataset to return in json obj...
11/21/2012 09:32:09 pm: Query has run: <CALL USP_GetCategories2();>.
11/21/2012 09:32:09 pm: ... Got dataset to return in json obj
11/21/2012 09:33:08 pm: Get the dataset to return in json obj...
11/21/2012 09:33:08 pm: Query has run: <CALL USP_GetAccounts();>.
11/21/2012 09:33:08 pm: ... Got dataset to return in json obj
11/21/2012 09:33:08 pm: Get the dataset to return in json obj...
11/21/2012 09:33:08 pm: Get the dataset to return in json obj...
11/21/2012 09:33:08 pm: Get the dataset to return in json obj...
11/21/2012 09:33:08 pm: Get the dataset to return in json obj...
11/21/2012 09:33:08 pm: Query has run: <CALL USP_GetCurrencies();>.
11/21/2012 09:33:08 pm: ... Got dataset to return in json obj
11/21/2012 09:33:08 pm: Query has run: <CALL USP_GetPayees();>.
11/21/2012 09:33:08 pm: ... Got dataset to return in json obj
11/21/2012 09:33:08 pm: Query has run: <CALL USP_GetCategories2();>.
11/21/2012 09:33:08 pm: ... Got dataset to return in json obj
11/21/2012 09:33:08 pm: Query has run: <CALL USP_GetCategories();>.
11/21/2012 09:33:08 pm: ... Got dataset to return in json obj
11/21/2012 09:34:32 pm: Get the dataset to return in json obj...
11/21/2012 09:34:32 pm: Query has run: <CALL USP_GetAccounts();>.
11/21/2012 09:34:32 pm: ... Got dataset to return in json obj
11/21/2012 09:34:32 pm: Get the dataset to return in json obj...
11/21/2012 09:34:32 pm: Query has run: <CALL USP_GetCurrencies();>.
11/21/2012 09:34:32 pm: ... Got dataset to return in json obj
11/21/2012 09:34:32 pm: Get the dataset to return in json obj...
11/21/2012 09:34:32 pm: Query has run: <CALL USP_GetPayees();>.
11/21/2012 09:34:32 pm: ... Got dataset to return in json obj
11/21/2012 09:34:32 pm: Get the dataset to return in json obj...
11/21/2012 09:34:32 pm: Get the dataset to return in json obj...
11/21/2012 09:34:32 pm: Query has run: <CALL USP_GetCategories();>.
11/21/2012 09:34:32 pm: ... Got dataset to return in json obj
11/21/2012 09:34:32 pm: Query has run: <CALL USP_GetCategories2();>.
11/21/2012 09:34:32 pm: ... Got dataset to return in json obj
