12/04/2012 08:46:01 am: Get the dataset to return in json obj...
12/04/2012 08:46:01 am: Get the dataset to return in json obj...
12/04/2012 08:46:01 am: Get the dataset to return in json obj...
12/04/2012 08:46:01 am: Get the dataset to return in json obj...
12/04/2012 08:46:01 am: Query has run: <CALL USP_GetPayees();>.
12/04/2012 08:46:01 am: ... Got dataset to return in json obj
12/04/2012 08:46:01 am: Query has run: <CALL USP_GetCurrencies();>.
12/04/2012 08:46:01 am: ... Got dataset to return in json obj
12/04/2012 08:46:01 am: Query has run: <CALL USP_GetCategories2();>.
12/04/2012 08:46:01 am: ... Got dataset to return in json obj
12/04/2012 08:46:01 am: Query has run: <CALL USP_GetCategories();>.
12/04/2012 08:46:01 am: ... Got dataset to return in json obj
12/04/2012 08:46:01 am: Query has run: <CALL USP_GetAccounts();>.
12/04/2012 08:46:01 am: ... Got dataset to return in json obj
12/04/2012 02:43:50 pm: Get the dataset to return in json obj...
12/04/2012 02:43:50 pm: Get the dataset to return in json obj...
12/04/2012 02:43:50 pm: Get the dataset to return in json obj...
12/04/2012 02:43:50 pm: Get the dataset to return in json obj...
12/04/2012 02:43:50 pm: Get the dataset to return in json obj...
12/04/2012 02:43:50 pm: Query has run: <CALL USP_GetCategories();>.
12/04/2012 02:43:50 pm: ... Got dataset to return in json obj
12/04/2012 02:43:50 pm: Query has run: <CALL USP_GetCurrencies();>.
12/04/2012 02:43:50 pm: ... Got dataset to return in json obj
12/04/2012 02:43:50 pm: Query has run: <CALL USP_GetCategories2();>.
12/04/2012 02:43:50 pm: ... Got dataset to return in json obj
12/04/2012 02:43:50 pm: Query has run: <CALL USP_GetAccounts();>.
12/04/2012 02:43:50 pm: ... Got dataset to return in json obj
12/04/2012 02:43:50 pm: Query has run: <CALL USP_GetPayees();>.
12/04/2012 02:43:50 pm: ... Got dataset to return in json obj
12/04/2012 02:44:22 pm: Amount value: -32,55. Preg_match_all result is <1>
12/04/2012 02:44:22 pm: Currency = <3>.
12/04/2012 02:44:29 pm: Get the dataset to return in json obj...
12/04/2012 02:44:29 pm: Query has run: <CALL USP_GetAccounts();>.
12/04/2012 02:44:29 pm: Get the dataset to return in json obj...
12/04/2012 02:44:29 pm: ... Got dataset to return in json obj
12/04/2012 02:44:29 pm: Get the dataset to return in json obj...
12/04/2012 02:44:29 pm: Query has run: <CALL USP_GetCurrencies();>.
12/04/2012 02:44:29 pm: ... Got dataset to return in json obj
12/04/2012 02:44:29 pm: Get the dataset to return in json obj...
12/04/2012 02:44:29 pm: Query has run: <CALL USP_GetPayees();>.
12/04/2012 02:44:29 pm: ... Got dataset to return in json obj
12/04/2012 02:44:29 pm: Query has run: <CALL USP_GetCategories();>.
12/04/2012 02:44:29 pm: ... Got dataset to return in json obj
12/04/2012 02:44:29 pm: Get the dataset to return in json obj...
12/04/2012 02:44:29 pm: Query has run: <CALL USP_GetCategories2();>.
12/04/2012 02:44:29 pm: ... Got dataset to return in json obj
12/04/2012 02:49:43 pm: Get the dataset to return in json obj...
12/04/2012 02:49:43 pm: Query has run: <CALL USP_GetCurrencies();>.
12/04/2012 02:49:43 pm: ... Got dataset to return in json obj
12/04/2012 02:49:43 pm: Get the dataset to return in json obj...
12/04/2012 02:49:43 pm: Get the dataset to return in json obj...
12/04/2012 02:49:44 pm: Query has run: <CALL USP_GetAccounts();>.
12/04/2012 02:49:44 pm: Query has run: <CALL USP_GetPayees();>.
12/04/2012 02:49:44 pm: ... Got dataset to return in json obj
12/04/2012 02:49:44 pm: ... Got dataset to return in json obj
12/04/2012 02:49:44 pm: Get the dataset to return in json obj...
12/04/2012 02:49:44 pm: Get the dataset to return in json obj...
12/04/2012 02:49:44 pm: Query has run: <CALL USP_GetCategories2();>.
12/04/2012 02:49:44 pm: ... Got dataset to return in json obj
12/04/2012 02:49:44 pm: Query has run: <CALL USP_GetCategories();>.
12/04/2012 02:49:44 pm: ... Got dataset to return in json obj
12/04/2012 02:49:52 pm: Amount value: -32,55. Preg_match_all result is <1>
12/04/2012 02:49:52 pm: Currency = <3>.
12/04/2012 02:53:06 pm: Amount value: -13,5. Preg_match_all result is <1>
12/04/2012 02:53:06 pm: Currency = <3>.
12/04/2012 02:53:09 pm: Get the dataset to return in json obj...
12/04/2012 02:53:09 pm: Query has run: <CALL USP_GetAccounts();>.
12/04/2012 02:53:09 pm: ... Got dataset to return in json obj
12/04/2012 02:53:09 pm: Get the dataset to return in json obj...
12/04/2012 02:53:09 pm: Query has run: <CALL USP_GetCategories();>.
12/04/2012 02:53:09 pm: ... Got dataset to return in json obj
12/04/2012 02:53:09 pm: Get the dataset to return in json obj...
12/04/2012 02:53:09 pm: Get the dataset to return in json obj...
12/04/2012 02:53:09 pm: Query has run: <CALL USP_GetPayees();>.
12/04/2012 02:53:09 pm: ... Got dataset to return in json obj
12/04/2012 02:53:09 pm: Query has run: <CALL USP_GetCurrencies();>.
12/04/2012 02:53:09 pm: ... Got dataset to return in json obj
12/04/2012 02:53:09 pm: Get the dataset to return in json obj...
12/04/2012 02:53:09 pm: Query has run: <CALL USP_GetCategories2();>.
12/04/2012 02:53:09 pm: ... Got dataset to return in json obj
12/04/2012 03:48:30 pm: Get the dataset to return in json obj...
12/04/2012 03:48:30 pm: Query has run: <CALL USP_GetCategories2();>.
12/04/2012 03:48:30 pm: ... Got dataset to return in json obj
12/04/2012 03:48:30 pm: Get the dataset to return in json obj...
12/04/2012 03:48:30 pm: Get the dataset to return in json obj...
12/04/2012 03:48:30 pm: Get the dataset to return in json obj...
12/04/2012 03:48:30 pm: Query has run: <CALL USP_GetPayees();>.
12/04/2012 03:48:30 pm: ... Got dataset to return in json obj
12/04/2012 03:48:30 pm: Get the dataset to return in json obj...
12/04/2012 03:48:30 pm: Query has run: <CALL USP_GetAccounts();>.
12/04/2012 03:48:30 pm: ... Got dataset to return in json obj
12/04/2012 03:48:30 pm: Query has run: <CALL USP_GetCategories();>.
12/04/2012 03:48:30 pm: ... Got dataset to return in json obj
12/04/2012 03:48:30 pm: Query has run: <CALL USP_GetCurrencies();>.
12/04/2012 03:48:30 pm: ... Got dataset to return in json obj
12/04/2012 03:48:53 pm: Get the dataset to return in json obj...
12/04/2012 03:48:53 pm: Query has run: <CALL USP_GetAccounts();>.
12/04/2012 03:48:53 pm: ... Got dataset to return in json obj
12/04/2012 03:48:53 pm: Get the dataset to return in json obj...
12/04/2012 03:48:53 pm: Query has run: <CALL USP_GetCurrencies();>.
12/04/2012 03:48:53 pm: Get the dataset to return in json obj...
12/04/2012 03:48:53 pm: ... Got dataset to return in json obj
12/04/2012 03:48:53 pm: Get the dataset to return in json obj...
12/04/2012 03:48:53 pm: Query has run: <CALL USP_GetCategories();>.
12/04/2012 03:48:53 pm: ... Got dataset to return in json obj
12/04/2012 03:48:53 pm: Get the dataset to return in json obj...
12/04/2012 03:48:53 pm: Query has run: <CALL USP_GetCategories2();>.
12/04/2012 03:48:53 pm: ... Got dataset to return in json obj
12/04/2012 03:48:53 pm: Query has run: <CALL USP_GetPayees();>.
12/04/2012 03:48:53 pm: ... Got dataset to return in json obj
12/04/2012 03:49:02 pm: Get the dataset to return in json obj...
12/04/2012 03:49:02 pm: Get the dataset to return in json obj...
12/04/2012 03:49:02 pm: Get the dataset to return in json obj...
12/04/2012 03:49:02 pm: Query has run: <CALL USP_GetAccounts();>.
12/04/2012 03:49:02 pm: ... Got dataset to return in json obj
12/04/2012 03:49:02 pm: Get the dataset to return in json obj...
12/04/2012 03:49:02 pm: Get the dataset to return in json obj...
12/04/2012 03:49:02 pm: Query has run: <CALL USP_GetPayees();>.
12/04/2012 03:49:02 pm: ... Got dataset to return in json obj
12/04/2012 03:49:02 pm: Query has run: <CALL USP_GetCategories();>.
12/04/2012 03:49:02 pm: ... Got dataset to return in json obj
12/04/2012 03:49:02 pm: Query has run: <CALL USP_GetCategories2();>.
12/04/2012 03:49:02 pm: ... Got dataset to return in json obj
12/04/2012 03:49:02 pm: Query has run: <CALL USP_GetCurrencies();>.
12/04/2012 03:49:02 pm: ... Got dataset to return in json obj
12/04/2012 04:00:45 pm: Get the dataset to return in json obj...
12/04/2012 04:00:45 pm: Query has run: <CALL USP_GetAccounts();>.
12/04/2012 04:00:45 pm: ... Got dataset to return in json obj
12/04/2012 04:00:45 pm: Get the dataset to return in json obj...
12/04/2012 04:00:45 pm: Query has run: <CALL USP_GetCurrencies();>.
12/04/2012 04:00:45 pm: ... Got dataset to return in json obj
12/04/2012 04:00:45 pm: Get the dataset to return in json obj...
12/04/2012 04:00:45 pm: Query has run: <CALL USP_GetPayees();>.
12/04/2012 04:00:45 pm: ... Got dataset to return in json obj
12/04/2012 04:00:45 pm: Get the dataset to return in json obj...
12/04/2012 04:00:45 pm: Query has run: <CALL USP_GetCategories();>.
12/04/2012 04:00:45 pm: ... Got dataset to return in json obj
12/04/2012 04:00:45 pm: Get the dataset to return in json obj...
12/04/2012 04:00:45 pm: Query has run: <CALL USP_GetCategories2();>.
12/04/2012 04:00:45 pm: ... Got dataset to return in json obj
12/04/2012 04:00:54 pm: Get the dataset to return in json obj...
12/04/2012 04:00:54 pm: Query has run: <CALL USP_GetCurrencies();>.
12/04/2012 04:00:54 pm: ... Got dataset to return in json obj
12/04/2012 04:00:54 pm: Get the dataset to return in json obj...
12/04/2012 04:00:54 pm: Get the dataset to return in json obj...
12/04/2012 04:00:54 pm: Get the dataset to return in json obj...
12/04/2012 04:00:54 pm: Get the dataset to return in json obj...
12/04/2012 04:00:54 pm: Query has run: <CALL USP_GetPayees();>.
12/04/2012 04:00:54 pm: ... Got dataset to return in json obj
12/04/2012 04:00:54 pm: Query has run: <CALL USP_GetCategories2();>.
12/04/2012 04:00:54 pm: ... Got dataset to return in json obj
12/04/2012 04:00:54 pm: Query has run: <CALL USP_GetCategories();>.
12/04/2012 04:00:54 pm: ... Got dataset to return in json obj
12/04/2012 04:00:54 pm: Query has run: <CALL USP_GetAccounts();>.
12/04/2012 04:00:54 pm: ... Got dataset to return in json obj
12/04/2012 04:02:45 pm: Get the dataset to return in json obj...
12/04/2012 04:02:45 pm: Query has run: <CALL USP_GetAccounts();>.
12/04/2012 04:02:45 pm: ... Got dataset to return in json obj
12/04/2012 04:02:45 pm: Get the dataset to return in json obj...
12/04/2012 04:02:45 pm: Query has run: <CALL USP_GetCurrencies();>.
12/04/2012 04:02:45 pm: ... Got dataset to return in json obj
12/04/2012 04:02:45 pm: Get the dataset to return in json obj...
12/04/2012 04:02:45 pm: Query has run: <CALL USP_GetPayees();>.
12/04/2012 04:02:45 pm: ... Got dataset to return in json obj
12/04/2012 04:02:45 pm: Get the dataset to return in json obj...
12/04/2012 04:02:45 pm: Query has run: <CALL USP_GetCategories();>.
12/04/2012 04:02:45 pm: ... Got dataset to return in json obj
12/04/2012 04:02:45 pm: Get the dataset to return in json obj...
12/04/2012 04:02:45 pm: Query has run: <CALL USP_GetCategories2();>.
12/04/2012 04:02:45 pm: ... Got dataset to return in json obj
12/04/2012 04:05:54 pm: Get the dataset to return in json obj...
12/04/2012 04:05:54 pm: Query has run: <CALL USP_GetPayees();>.
12/04/2012 04:05:54 pm: ... Got dataset to return in json obj
12/04/2012 04:05:54 pm: Get the dataset to return in json obj...
12/04/2012 04:05:54 pm: Get the dataset to return in json obj...
12/04/2012 04:05:54 pm: Query has run: <CALL USP_GetAccounts();>.
12/04/2012 04:05:54 pm: ... Got dataset to return in json obj
12/04/2012 04:05:54 pm: Query has run: <CALL USP_GetCurrencies();>.
12/04/2012 04:05:54 pm: ... Got dataset to return in json obj
12/04/2012 04:05:54 pm: Get the dataset to return in json obj...
12/04/2012 04:05:54 pm: Query has run: <CALL USP_GetCategories2();>.
12/04/2012 04:05:54 pm: ... Got dataset to return in json obj
12/04/2012 04:05:54 pm: Get the dataset to return in json obj...
12/04/2012 04:05:54 pm: Query has run: <CALL USP_GetCategories();>.
12/04/2012 04:05:54 pm: ... Got dataset to return in json obj
12/04/2012 04:08:55 pm: Get the dataset to return in json obj...
12/04/2012 04:08:55 pm: Get the dataset to return in json obj...
12/04/2012 04:08:55 pm: Get the dataset to return in json obj...
12/04/2012 04:08:55 pm: Query has run: <CALL USP_GetCurrencies();>.
12/04/2012 04:08:55 pm: ... Got dataset to return in json obj
12/04/2012 04:08:55 pm: Get the dataset to return in json obj...
12/04/2012 04:08:55 pm: Query has run: <CALL USP_GetPayees();>.
12/04/2012 04:08:55 pm: ... Got dataset to return in json obj
12/04/2012 04:08:55 pm: Query has run: <CALL USP_GetCategories();>.
12/04/2012 04:08:55 pm: ... Got dataset to return in json obj
12/04/2012 04:08:55 pm: Query has run: <CALL USP_GetAccounts();>.
12/04/2012 04:08:55 pm: ... Got dataset to return in json obj
12/04/2012 04:08:55 pm: Get the dataset to return in json obj...
12/04/2012 04:08:55 pm: Query has run: <CALL USP_GetCategories2();>.
12/04/2012 04:08:55 pm: ... Got dataset to return in json obj
12/04/2012 04:09:02 pm: Get the dataset to return in json obj...
12/04/2012 04:09:02 pm: Get the dataset to return in json obj...
12/04/2012 04:09:02 pm: Query has run: <CALL USP_GetAccounts();>.
12/04/2012 04:09:02 pm: ... Got dataset to return in json obj
12/04/2012 04:09:02 pm: Query has run: <CALL USP_GetCurrencies();>.
12/04/2012 04:09:02 pm: ... Got dataset to return in json obj
12/04/2012 04:09:02 pm: Get the dataset to return in json obj...
12/04/2012 04:09:02 pm: Query has run: <CALL USP_GetPayees();>.
12/04/2012 04:09:02 pm: ... Got dataset to return in json obj
12/04/2012 04:09:02 pm: Get the dataset to return in json obj...
12/04/2012 04:09:02 pm: Query has run: <CALL USP_GetCategories();>.
12/04/2012 04:09:02 pm: ... Got dataset to return in json obj
12/04/2012 04:09:02 pm: Get the dataset to return in json obj...
12/04/2012 04:09:02 pm: Query has run: <CALL USP_GetCategories2();>.
12/04/2012 04:09:02 pm: ... Got dataset to return in json obj
12/04/2012 04:14:49 pm: Get the dataset to return in json obj...
12/04/2012 04:14:49 pm: Query has run: <CALL USP_GetCurrencies();>.
12/04/2012 04:14:49 pm: ... Got dataset to return in json obj
12/04/2012 04:14:49 pm: Get the dataset to return in json obj...
12/04/2012 04:14:49 pm: Get the dataset to return in json obj...
12/04/2012 04:14:49 pm: Get the dataset to return in json obj...
12/04/2012 04:14:49 pm: Query has run: <CALL USP_GetCategories();>.
12/04/2012 04:14:49 pm: ... Got dataset to return in json obj
12/04/2012 04:14:49 pm: Query has run: <CALL USP_GetCategories2();>.
12/04/2012 04:14:49 pm: ... Got dataset to return in json obj
12/04/2012 04:14:49 pm: Query has run: <CALL USP_GetPayees();>.
12/04/2012 04:14:49 pm: ... Got dataset to return in json obj
12/04/2012 04:14:49 pm: Get the dataset to return in json obj...
12/04/2012 04:14:49 pm: Query has run: <CALL USP_GetAccounts();>.
12/04/2012 04:14:49 pm: ... Got dataset to return in json obj
12/04/2012 04:15:47 pm: Get the dataset to return in json obj...
12/04/2012 04:15:47 pm: Get the dataset to return in json obj...
12/04/2012 04:15:47 pm: Query has run: <CALL USP_GetAccounts();>.
12/04/2012 04:15:47 pm: ... Got dataset to return in json obj
12/04/2012 04:15:47 pm: Query has run: <CALL USP_GetCategories2();>.
12/04/2012 04:15:47 pm: ... Got dataset to return in json obj
12/04/2012 04:15:47 pm: Get the dataset to return in json obj...
12/04/2012 04:15:47 pm: Get the dataset to return in json obj...
12/04/2012 04:15:47 pm: Get the dataset to return in json obj...
12/04/2012 04:15:47 pm: Query has run: <CALL USP_GetCurrencies();>.
12/04/2012 04:15:47 pm: ... Got dataset to return in json obj
12/04/2012 04:15:47 pm: Query has run: <CALL USP_GetCategories();>.
12/04/2012 04:15:47 pm: ... Got dataset to return in json obj
12/04/2012 04:15:47 pm: Query has run: <CALL USP_GetPayees();>.
12/04/2012 04:15:47 pm: ... Got dataset to return in json obj
12/04/2012 04:16:06 pm: Get the dataset to return in json obj...
12/04/2012 04:16:06 pm: Query has run: <CALL USP_GetAccounts();>.
12/04/2012 04:16:06 pm: ... Got dataset to return in json obj
12/04/2012 04:16:06 pm: Get the dataset to return in json obj...
12/04/2012 04:16:06 pm: Query has run: <CALL USP_GetCurrencies();>.
12/04/2012 04:16:06 pm: ... Got dataset to return in json obj
12/04/2012 04:16:06 pm: Get the dataset to return in json obj...
12/04/2012 04:16:06 pm: Query has run: <CALL USP_GetPayees();>.
12/04/2012 04:16:06 pm: ... Got dataset to return in json obj
12/04/2012 04:16:06 pm: Get the dataset to return in json obj...
12/04/2012 04:16:06 pm: Query has run: <CALL USP_GetCategories();>.
12/04/2012 04:16:06 pm: ... Got dataset to return in json obj
12/04/2012 04:16:06 pm: Get the dataset to return in json obj...
12/04/2012 04:16:06 pm: Query has run: <CALL USP_GetCategories2();>.
12/04/2012 04:16:06 pm: ... Got dataset to return in json obj
12/04/2012 04:19:49 pm: Get the dataset to return in json obj...
12/04/2012 04:19:49 pm: Query has run: <CALL USP_GetAccounts();>.
12/04/2012 04:19:49 pm: ... Got dataset to return in json obj
12/04/2012 04:19:49 pm: Get the dataset to return in json obj...
12/04/2012 04:19:49 pm: Query has run: <CALL USP_GetCurrencies();>.
12/04/2012 04:19:49 pm: ... Got dataset to return in json obj
12/04/2012 04:19:49 pm: Get the dataset to return in json obj...
12/04/2012 04:19:49 pm: Query has run: <CALL USP_GetPayees();>.
12/04/2012 04:19:49 pm: ... Got dataset to return in json obj
12/04/2012 04:19:49 pm: Get the dataset to return in json obj...
12/04/2012 04:19:49 pm: Get the dataset to return in json obj...
12/04/2012 04:19:49 pm: Query has run: <CALL USP_GetCategories();>.
12/04/2012 04:19:49 pm: ... Got dataset to return in json obj
12/04/2012 04:19:49 pm: Query has run: <CALL USP_GetCategories2();>.
12/04/2012 04:19:49 pm: ... Got dataset to return in json obj
12/04/2012 04:20:18 pm: Get the dataset to return in json obj...
12/04/2012 04:20:18 pm: Get the dataset to return in json obj...
12/04/2012 04:20:18 pm: Get the dataset to return in json obj...
12/04/2012 04:20:18 pm: Get the dataset to return in json obj...
12/04/2012 04:20:18 pm: Query has run: <CALL USP_GetCategories();>.
12/04/2012 04:20:18 pm: Query has run: <CALL USP_GetCategories2();>.
12/04/2012 04:20:18 pm: ... Got dataset to return in json obj
12/04/2012 04:20:18 pm: Query has run: <CALL USP_GetCurrencies();>.
12/04/2012 04:20:18 pm: Query has run: <CALL USP_GetPayees();>.
12/04/2012 04:20:18 pm: ... Got dataset to return in json obj
12/04/2012 04:20:18 pm: ... Got dataset to return in json obj
12/04/2012 04:20:18 pm: ... Got dataset to return in json obj
12/04/2012 04:20:18 pm: Get the dataset to return in json obj...
12/04/2012 04:20:18 pm: Query has run: <CALL USP_GetAccounts();>.
12/04/2012 04:20:18 pm: ... Got dataset to return in json obj
12/04/2012 04:20:31 pm: Get the dataset to return in json obj...
12/04/2012 04:20:31 pm: Query has run: <CALL USP_GetAccounts();>.
12/04/2012 04:20:31 pm: ... Got dataset to return in json obj
12/04/2012 04:20:31 pm: Get the dataset to return in json obj...
12/04/2012 04:20:31 pm: Query has run: <CALL USP_GetCurrencies();>.
12/04/2012 04:20:31 pm: ... Got dataset to return in json obj
12/04/2012 04:20:31 pm: Get the dataset to return in json obj...
12/04/2012 04:20:31 pm: Query has run: <CALL USP_GetPayees();>.
12/04/2012 04:20:31 pm: ... Got dataset to return in json obj
12/04/2012 04:20:31 pm: Get the dataset to return in json obj...
12/04/2012 04:20:31 pm: Query has run: <CALL USP_GetCategories();>.
12/04/2012 04:20:31 pm: ... Got dataset to return in json obj
12/04/2012 04:20:31 pm: Get the dataset to return in json obj...
12/04/2012 04:20:31 pm: Query has run: <CALL USP_GetCategories2();>.
12/04/2012 04:20:31 pm: ... Got dataset to return in json obj
12/04/2012 04:21:18 pm: Get the dataset to return in json obj...
12/04/2012 04:21:18 pm: Query has run: <CALL USP_GetCurrencies();>.
12/04/2012 04:21:18 pm: ... Got dataset to return in json obj
12/04/2012 04:21:18 pm: Get the dataset to return in json obj...
12/04/2012 04:21:18 pm: Get the dataset to return in json obj...
12/04/2012 04:21:18 pm: Query has run: <CALL USP_GetAccounts();>.
12/04/2012 04:21:18 pm: ... Got dataset to return in json obj
12/04/2012 04:21:18 pm: Get the dataset to return in json obj...
12/04/2012 04:21:18 pm: Query has run: <CALL USP_GetCategories();>.
12/04/2012 04:21:18 pm: ... Got dataset to return in json obj
12/04/2012 04:21:18 pm: Get the dataset to return in json obj...
12/04/2012 04:21:18 pm: Query has run: <CALL USP_GetCategories2();>.
12/04/2012 04:21:18 pm: ... Got dataset to return in json obj
12/04/2012 04:21:18 pm: Query has run: <CALL USP_GetPayees();>.
12/04/2012 04:21:18 pm: ... Got dataset to return in json obj
12/04/2012 04:21:34 pm: Get the dataset to return in json obj...
12/04/2012 04:21:34 pm: Query has run: <CALL USP_GetAccounts();>.
12/04/2012 04:21:34 pm: ... Got dataset to return in json obj
12/04/2012 04:21:34 pm: Get the dataset to return in json obj...
12/04/2012 04:21:34 pm: Query has run: <CALL USP_GetCurrencies();>.
12/04/2012 04:21:34 pm: ... Got dataset to return in json obj
12/04/2012 04:21:34 pm: Get the dataset to return in json obj...
12/04/2012 04:21:34 pm: Query has run: <CALL USP_GetPayees();>.
12/04/2012 04:21:34 pm: ... Got dataset to return in json obj
12/04/2012 04:21:34 pm: Get the dataset to return in json obj...
12/04/2012 04:21:34 pm: Query has run: <CALL USP_GetCategories();>.
12/04/2012 04:21:34 pm: ... Got dataset to return in json obj
12/04/2012 04:21:34 pm: Get the dataset to return in json obj...
12/04/2012 04:21:34 pm: Query has run: <CALL USP_GetCategories2();>.
12/04/2012 04:21:34 pm: ... Got dataset to return in json obj
12/04/2012 04:21:41 pm: Get the dataset to return in json obj...
12/04/2012 04:21:41 pm: Query has run: <CALL USP_GetPayees();>.
12/04/2012 04:21:41 pm: ... Got dataset to return in json obj
12/04/2012 04:21:41 pm: Get the dataset to return in json obj...
12/04/2012 04:21:41 pm: Get the dataset to return in json obj...
12/04/2012 04:21:41 pm: Get the dataset to return in json obj...
12/04/2012 04:21:41 pm: Query has run: <CALL USP_GetCategories();>.
12/04/2012 04:21:41 pm: ... Got dataset to return in json obj
12/04/2012 04:21:41 pm: Query has run: <CALL USP_GetCategories2();>.
12/04/2012 04:21:41 pm: ... Got dataset to return in json obj
12/04/2012 04:21:41 pm: Query has run: <CALL USP_GetAccounts();>.
12/04/2012 04:21:41 pm: ... Got dataset to return in json obj
12/04/2012 04:21:41 pm: Get the dataset to return in json obj...
12/04/2012 04:21:41 pm: Query has run: <CALL USP_GetCurrencies();>.
12/04/2012 04:21:41 pm: ... Got dataset to return in json obj
12/04/2012 04:21:45 pm: Get the dataset to return in json obj...
12/04/2012 04:21:45 pm: Query has run: <CALL USP_GetAccounts();>.
12/04/2012 04:21:45 pm: Get the dataset to return in json obj...
12/04/2012 04:21:45 pm: ... Got dataset to return in json obj
12/04/2012 04:21:45 pm: Query has run: <CALL USP_GetCurrencies();>.
12/04/2012 04:21:45 pm: ... Got dataset to return in json obj
12/04/2012 04:21:45 pm: Get the dataset to return in json obj...
12/04/2012 04:21:45 pm: Query has run: <CALL USP_GetPayees();>.
12/04/2012 04:21:45 pm: ... Got dataset to return in json obj
12/04/2012 04:21:45 pm: Get the dataset to return in json obj...
12/04/2012 04:21:45 pm: Query has run: <CALL USP_GetCategories();>.
12/04/2012 04:21:45 pm: ... Got dataset to return in json obj
12/04/2012 04:21:45 pm: Get the dataset to return in json obj...
12/04/2012 04:21:45 pm: Query has run: <CALL USP_GetCategories2();>.
12/04/2012 04:21:45 pm: ... Got dataset to return in json obj
12/04/2012 04:21:49 pm: Get the dataset to return in json obj...
12/04/2012 04:21:49 pm: Query has run: <CALL USP_GetAccounts();>.
12/04/2012 04:21:49 pm: ... Got dataset to return in json obj
12/04/2012 04:21:49 pm: Get the dataset to return in json obj...
12/04/2012 04:21:49 pm: Query has run: <CALL USP_GetCurrencies();>.
12/04/2012 04:21:49 pm: ... Got dataset to return in json obj
12/04/2012 04:21:49 pm: Get the dataset to return in json obj...
12/04/2012 04:21:49 pm: Get the dataset to return in json obj...
12/04/2012 04:21:49 pm: Query has run: <CALL USP_GetPayees();>.
12/04/2012 04:21:49 pm: ... Got dataset to return in json obj
12/04/2012 04:21:49 pm: Query has run: <CALL USP_GetCategories();>.
12/04/2012 04:21:49 pm: ... Got dataset to return in json obj
12/04/2012 04:21:49 pm: Get the dataset to return in json obj...
12/04/2012 04:21:49 pm: Query has run: <CALL USP_GetCategories2();>.
12/04/2012 04:21:49 pm: ... Got dataset to return in json obj
12/04/2012 04:38:28 pm: Get the dataset to return in json obj...
12/04/2012 04:38:28 pm: Get the dataset to return in json obj...
12/04/2012 04:38:28 pm: Get the dataset to return in json obj...
12/04/2012 04:38:28 pm: Query has run: <CALL USP_GetAccounts();>.
12/04/2012 04:38:28 pm: ... Got dataset to return in json obj
12/04/2012 04:38:28 pm: Query has run: <CALL USP_GetCategories();>.
12/04/2012 04:38:28 pm: ... Got dataset to return in json obj
12/04/2012 04:38:28 pm: Get the dataset to return in json obj...
12/04/2012 04:38:28 pm: Query has run: <CALL USP_GetPayees();>.
12/04/2012 04:38:28 pm: ... Got dataset to return in json obj
12/04/2012 04:38:28 pm: Get the dataset to return in json obj...
12/04/2012 04:38:28 pm: Query has run: <CALL USP_GetCategories2();>.
12/04/2012 04:38:28 pm: ... Got dataset to return in json obj
12/04/2012 04:38:28 pm: Query has run: <CALL USP_GetCurrencies();>.
12/04/2012 04:38:28 pm: ... Got dataset to return in json obj
12/04/2012 04:39:23 pm: Get the dataset to return in json obj...
12/04/2012 04:39:23 pm: Get the dataset to return in json obj...
12/04/2012 04:39:23 pm: Get the dataset to return in json obj...
12/04/2012 04:39:23 pm: Get the dataset to return in json obj...
12/04/2012 04:39:23 pm: Query has run: <CALL USP_GetCategories();>.
12/04/2012 04:39:23 pm: ... Got dataset to return in json obj
12/04/2012 04:39:23 pm: Query has run: <CALL USP_GetCategories2();>.
12/04/2012 04:39:23 pm: ... Got dataset to return in json obj
12/04/2012 04:39:23 pm: Query has run: <CALL USP_GetAccounts();>.
12/04/2012 04:39:23 pm: ... Got dataset to return in json obj
12/04/2012 04:39:23 pm: Query has run: <CALL USP_GetPayees();>.
12/04/2012 04:39:23 pm: ... Got dataset to return in json obj
12/04/2012 04:39:23 pm: Get the dataset to return in json obj...
12/04/2012 04:39:23 pm: Query has run: <CALL USP_GetCurrencies();>.
12/04/2012 04:39:23 pm: ... Got dataset to return in json obj
12/04/2012 04:40:52 pm: Get the dataset to return in json obj...
12/04/2012 04:40:52 pm: Query has run: <CALL USP_GetAccounts();>.
12/04/2012 04:40:52 pm: ... Got dataset to return in json obj
12/04/2012 04:40:52 pm: Get the dataset to return in json obj...
12/04/2012 04:40:52 pm: Query has run: <CALL USP_GetCurrencies();>.
12/04/2012 04:40:52 pm: ... Got dataset to return in json obj
12/04/2012 04:40:52 pm: Get the dataset to return in json obj...
12/04/2012 04:40:52 pm: Query has run: <CALL USP_GetPayees();>.
12/04/2012 04:40:52 pm: ... Got dataset to return in json obj
12/04/2012 04:40:52 pm: Get the dataset to return in json obj...
12/04/2012 04:40:52 pm: Query has run: <CALL USP_GetCategories();>.
12/04/2012 04:40:52 pm: ... Got dataset to return in json obj
12/04/2012 04:40:52 pm: Get the dataset to return in json obj...
12/04/2012 04:40:52 pm: Query has run: <CALL USP_GetCategories2();>.
12/04/2012 04:40:52 pm: ... Got dataset to return in json obj
