12/28/2012 05:15:05 pm: Get the dataset to return in json obj...
12/28/2012 05:15:05 pm: Get the dataset to return in json obj...
12/28/2012 05:15:05 pm: Get the dataset to return in json obj...
12/28/2012 05:15:05 pm: Get the dataset to return in json obj...
12/28/2012 05:15:05 pm: Get the dataset to return in json obj...
12/28/2012 05:15:05 pm: Query has run: <CALL USP_GetPayees();>.
12/28/2012 05:15:05 pm: ... Got dataset to return in json obj
12/28/2012 05:15:05 pm: Query has run: <CALL USP_GetCategories2();>.
12/28/2012 05:15:05 pm: Query has run: <CALL USP_GetCurrencies();>.
12/28/2012 05:15:05 pm: Query has run: <CALL USP_GetCategories();>.
12/28/2012 05:15:05 pm: ... Got dataset to return in json obj
12/28/2012 05:15:05 pm: ... Got dataset to return in json obj
12/28/2012 05:15:05 pm: Query has run: <CALL USP_GetAccounts();>.
12/28/2012 05:15:05 pm: ... Got dataset to return in json obj
12/28/2012 05:15:05 pm: ... Got dataset to return in json obj
12/28/2012 05:15:20 pm: Get the dataset to return in json obj...
12/28/2012 05:15:20 pm: Query has run: <CALL USP_GetAccounts();>.
12/28/2012 05:15:20 pm: ... Got dataset to return in json obj
12/28/2012 05:15:20 pm: Get the dataset to return in json obj...
12/28/2012 05:15:20 pm: Query has run: <CALL USP_GetCurrencies();>.
12/28/2012 05:15:20 pm: ... Got dataset to return in json obj
12/28/2012 05:15:20 pm: Get the dataset to return in json obj...
12/28/2012 05:15:20 pm: Get the dataset to return in json obj...
12/28/2012 05:15:20 pm: Query has run: <CALL USP_GetPayees();>.
12/28/2012 05:15:20 pm: Query has run: <CALL USP_GetCategories();>.
12/28/2012 05:15:20 pm: ... Got dataset to return in json obj
12/28/2012 05:15:20 pm: ... Got dataset to return in json obj
12/28/2012 05:15:20 pm: Get the dataset to return in json obj...
12/28/2012 05:15:20 pm: Query has run: <CALL USP_GetCategories2();>.
12/28/2012 05:15:20 pm: ... Got dataset to return in json obj
12/28/2012 05:15:38 pm: Amount value: -750. Preg_match_all result is <1>
12/28/2012 05:15:38 pm: Currency = <1>.
12/28/2012 05:15:42 pm: Get the dataset to return in json obj...
12/28/2012 05:15:42 pm: Query has run: <CALL USP_GetCurrencies();>.
12/28/2012 05:15:42 pm: ... Got dataset to return in json obj
12/28/2012 05:15:42 pm: Get the dataset to return in json obj...
12/28/2012 05:15:42 pm: Get the dataset to return in json obj...
12/28/2012 05:15:42 pm: Query has run: <CALL USP_GetCategories();>.
12/28/2012 05:15:42 pm: ... Got dataset to return in json obj
12/28/2012 05:15:42 pm: Query has run: <CALL USP_GetAccounts();>.
12/28/2012 05:15:42 pm: ... Got dataset to return in json obj
12/28/2012 05:15:42 pm: Get the dataset to return in json obj...
12/28/2012 05:15:42 pm: Get the dataset to return in json obj...
12/28/2012 05:15:42 pm: Query has run: <CALL USP_GetCategories2();>.
12/28/2012 05:15:42 pm: ... Got dataset to return in json obj
12/28/2012 05:15:42 pm: Query has run: <CALL USP_GetPayees();>.
12/28/2012 05:15:42 pm: ... Got dataset to return in json obj
12/28/2012 05:16:17 pm: Amount value: -51. Preg_match_all result is <1>
12/28/2012 05:16:17 pm: Currency = <3>.
12/28/2012 05:16:23 pm: Amount value: -51. Preg_match_all result is <1>
12/28/2012 05:16:23 pm: Currency = <3>.
12/28/2012 05:16:37 pm: Amount value: -87,68. Preg_match_all result is <1>
12/28/2012 05:16:37 pm: Currency = <3>.
12/28/2012 05:16:50 pm: Get the dataset to return in json obj...
12/28/2012 05:16:50 pm: Query has run: <CALL USP_GetAccounts();>.
12/28/2012 05:16:50 pm: ... Got dataset to return in json obj
12/28/2012 05:16:50 pm: Get the dataset to return in json obj...
12/28/2012 05:16:50 pm: Get the dataset to return in json obj...
12/28/2012 05:16:50 pm: Get the dataset to return in json obj...
12/28/2012 05:16:50 pm: Get the dataset to return in json obj...
12/28/2012 05:16:50 pm: Query has run: <CALL USP_GetCurrencies();>.
12/28/2012 05:16:50 pm: ... Got dataset to return in json obj
12/28/2012 05:16:50 pm: Query has run: <CALL USP_GetCategories2();>.
12/28/2012 05:16:50 pm: ... Got dataset to return in json obj
12/28/2012 05:16:50 pm: Query has run: <CALL USP_GetCategories();>.
12/28/2012 05:16:50 pm: ... Got dataset to return in json obj
12/28/2012 05:16:50 pm: Query has run: <CALL USP_GetPayees();>.
12/28/2012 05:16:50 pm: ... Got dataset to return in json obj
