08/10/2012 09:29:02 am: dates filters: start: and end:
08/10/2012 09:29:02 am: dates filters: start:1990-01-01 and end:2100-01-01
08/10/2012 09:29:03 am: totalrows=12;page=1,limit=20
08/10/2012 09:29:03 am: query string=cid=2&
08/10/2012 09:29:03 am: totalrows=12;page=1,limit=20
08/10/2012 09:29:03 am: totalrows=12;page=1,limit=20
08/10/2012 09:29:03 am: totalrows=12;page=1,limit=20;startIndex=0
08/10/2012 09:29:04 am: Hit to <getData.php>. Type: <payee>. Currency in Post=<>. currency var=<1>.
08/10/2012 09:29:04 am: Get the dataset to return in json obj...
08/10/2012 09:29:04 am: Hit to <getData.php>. Type: <acc>. Currency in Post=<2>. currency var=<2>.
08/10/2012 09:29:04 am: Hit to <getData.php>. Type: <cat>. Currency in Post=<>. currency var=<1>.
08/10/2012 09:29:04 am: Hit to <getData.php>. Type: <curr>. Currency in Post=<>. currency var=<1>.
08/10/2012 09:29:05 am: Get the dataset to return in json obj...
08/10/2012 09:29:04 am: Hit to <getData.php>. Type: <scat>. Currency in Post=<>. currency var=<1>.
08/10/2012 09:29:05 am: Get the dataset to return in json obj...
08/10/2012 09:29:05 am: Get the dataset to return in json obj...
08/10/2012 09:29:05 am: Get the dataset to return in json obj...
08/10/2012 09:29:05 am: Query has run: <CALL USP_GetCategories();>.
08/10/2012 09:29:05 am: Query has run: <CALL USP_GetPayees();>.
08/10/2012 09:29:05 am: ... Got dataset to return in json obj
08/10/2012 09:29:05 am: ... Got dataset to return in json obj
08/10/2012 09:29:05 am: Query has run: <CALL USP_GetCategories2();>.
08/10/2012 09:29:05 am: ... Got dataset to return in json obj
08/10/2012 09:29:05 am: Query has run: <CALL USP_GetAccounts();>.
08/10/2012 09:29:05 am: ... Got dataset to return in json obj
08/10/2012 09:29:05 am: Query has run: <CALL USP_GetCurrencies();>.
08/10/2012 09:29:05 am: ... Got dataset to return in json obj
08/10/2012 09:29:06 am: dates filters: start: and end:
08/10/2012 09:29:06 am: dates filters: start:1990-01-01 and end:2100-01-01
08/10/2012 09:29:06 am: totalrows=3401;page=1,limit=20
08/10/2012 09:29:06 am: query string=cid=1
08/10/2012 09:29:06 am: totalrows=3401;page=1,limit=20
08/10/2012 09:29:06 am: totalrows=3401;page=1,limit=20
08/10/2012 09:29:06 am: totalrows=3401;page=1,limit=20;startIndex=0
08/10/2012 09:29:06 am: Hit to <getData.php>. Type: <acc>. Currency in Post=<1>. currency var=<1>.
08/10/2012 09:29:06 am: Get the dataset to return in json obj...
08/10/2012 09:29:06 am: Query has run: <CALL USP_GetAccounts();>.
08/10/2012 09:29:06 am: ... Got dataset to return in json obj
08/10/2012 09:29:06 am: Hit to <getData.php>. Type: <curr>. Currency in Post=<>. currency var=<1>.
08/10/2012 09:29:06 am: Hit to <getData.php>. Type: <scat>. Currency in Post=<>. currency var=<1>.
08/10/2012 09:29:06 am: Hit to <getData.php>. Type: <cat>. Currency in Post=<>. currency var=<1>.
08/10/2012 09:29:06 am: Hit to <getData.php>. Type: <payee>. Currency in Post=<>. currency var=<1>.
08/10/2012 09:29:06 am: Get the dataset to return in json obj...
08/10/2012 09:29:06 am: Get the dataset to return in json obj...
08/10/2012 09:29:06 am: Get the dataset to return in json obj...
08/10/2012 09:29:06 am: Get the dataset to return in json obj...
08/10/2012 09:29:06 am: Query has run: <CALL USP_GetCurrencies();>.
08/10/2012 09:29:06 am: ... Got dataset to return in json obj
08/10/2012 09:29:06 am: Query has run: <CALL USP_GetPayees();>.
08/10/2012 09:29:06 am: ... Got dataset to return in json obj
08/10/2012 09:29:06 am: Query has run: <CALL USP_GetCategories2();>.
08/10/2012 09:29:06 am: ... Got dataset to return in json obj
08/10/2012 09:29:06 am: Query has run: <CALL USP_GetCategories();>.
08/10/2012 09:29:06 am: ... Got dataset to return in json obj
08/10/2012 09:29:07 am: Hit to <getData.php>. Type: <acc>. Currency in Post=<1>. currency var=<1>.
08/10/2012 09:29:07 am: Get the dataset to return in json obj...
08/10/2012 09:29:07 am: Query has run: <CALL USP_GetAccounts();>.
08/10/2012 09:29:07 am: ... Got dataset to return in json obj
08/10/2012 09:29:07 am: Hit to <getData.php>. Type: <curr>. Currency in Post=<>. currency var=<1>.
08/10/2012 09:29:07 am: Hit to <getData.php>. Type: <payee>. Currency in Post=<>. currency var=<1>.
08/10/2012 09:29:07 am: Get the dataset to return in json obj...
08/10/2012 09:29:07 am: Get the dataset to return in json obj...
08/10/2012 09:29:07 am: Query has run: <CALL USP_GetCurrencies();>.
08/10/2012 09:29:07 am: ... Got dataset to return in json obj
08/10/2012 09:29:07 am: Query has run: <CALL USP_GetPayees();>.
08/10/2012 09:29:07 am: ... Got dataset to return in json obj
08/10/2012 09:29:07 am: Hit to <getData.php>. Type: <cat>. Currency in Post=<>. currency var=<1>.
08/10/2012 09:29:07 am: Get the dataset to return in json obj...
08/10/2012 09:29:07 am: Query has run: <CALL USP_GetCategories();>.
08/10/2012 09:29:07 am: ... Got dataset to return in json obj
08/10/2012 09:29:07 am: Hit to <getData.php>. Type: <scat>. Currency in Post=<>. currency var=<1>.
08/10/2012 09:29:07 am: Get the dataset to return in json obj...
08/10/2012 09:29:07 am: Query has run: <CALL USP_GetCategories2();>.
08/10/2012 09:29:07 am: ... Got dataset to return in json obj
08/10/2012 09:29:11 am: Hit to <getData.php>. Type: <acc>. Currency in Post=<1>. currency var=<1>.
08/10/2012 09:29:11 am: Hit to <getData.php>. Type: <curr>. Currency in Post=<>. currency var=<1>.
08/10/2012 09:29:11 am: Hit to <getData.php>. Type: <payee>. Currency in Post=<>. currency var=<1>.
08/10/2012 09:29:11 am: Get the dataset to return in json obj...
08/10/2012 09:29:11 am: Hit to <getData.php>. Type: <scat>. Currency in Post=<>. currency var=<1>.
08/10/2012 09:29:11 am: Hit to <getData.php>. Type: <cat>. Currency in Post=<>. currency var=<1>.
08/10/2012 09:29:11 am: Query has run: <CALL USP_GetAccounts();>.
08/10/2012 09:29:11 am: ... Got dataset to return in json obj
08/10/2012 09:29:11 am: Get the dataset to return in json obj...
08/10/2012 09:29:11 am: Get the dataset to return in json obj...
08/10/2012 09:29:11 am: Get the dataset to return in json obj...
08/10/2012 09:29:11 am: Query has run: <CALL USP_GetCurrencies();>.
08/10/2012 09:29:11 am: Query has run: <CALL USP_GetCategories2();>.
08/10/2012 09:29:11 am: ... Got dataset to return in json obj
08/10/2012 09:29:11 am: ... Got dataset to return in json obj
08/10/2012 09:29:11 am: Get the dataset to return in json obj...
08/10/2012 09:29:11 am: Query has run: <CALL USP_GetPayees();>.
08/10/2012 09:29:11 am: ... Got dataset to return in json obj
08/10/2012 09:29:11 am: Query has run: <CALL USP_GetCategories();>.
08/10/2012 09:29:11 am: ... Got dataset to return in json obj
08/10/2012 09:29:41 am: Amount value: -15. Preg_match_all result is <1>
08/10/2012 09:29:56 am: Amount value: -10. Preg_match_all result is <1>
08/10/2012 09:30:04 am: Hit to <getData.php>. Type: <acc>. Currency in Post=<1>. currency var=<1>.
08/10/2012 09:30:04 am: Get the dataset to return in json obj...
08/10/2012 09:30:04 am: Query has run: <CALL USP_GetAccounts();>.
08/10/2012 09:30:04 am: ... Got dataset to return in json obj
08/10/2012 09:30:04 am: Hit to <getData.php>. Type: <payee>. Currency in Post=<>. currency var=<1>.
08/10/2012 09:30:04 am: Hit to <getData.php>. Type: <cat>. Currency in Post=<>. currency var=<1>.
08/10/2012 09:30:04 am: Hit to <getData.php>. Type: <scat>. Currency in Post=<>. currency var=<1>.
08/10/2012 09:30:04 am: Get the dataset to return in json obj...
08/10/2012 09:30:04 am: Get the dataset to return in json obj...
08/10/2012 09:30:04 am: Query has run: <CALL USP_GetCategories2();>.
08/10/2012 09:30:04 am: ... Got dataset to return in json obj
08/10/2012 09:30:04 am: Hit to <getData.php>. Type: <curr>. Currency in Post=<>. currency var=<1>.
08/10/2012 09:30:04 am: Get the dataset to return in json obj...
08/10/2012 09:30:04 am: Query has run: <CALL USP_GetCategories();>.
08/10/2012 09:30:04 am: ... Got dataset to return in json obj
08/10/2012 09:30:04 am: Query has run: <CALL USP_GetPayees();>.
08/10/2012 09:30:04 am: ... Got dataset to return in json obj
08/10/2012 09:30:04 am: Get the dataset to return in json obj...
08/10/2012 09:30:04 am: Query has run: <CALL USP_GetCurrencies();>.
08/10/2012 09:30:04 am: ... Got dataset to return in json obj
08/10/2012 09:30:09 am: Hit to <getData.php>. Type: <curr>. Currency in Post=<>. currency var=<1>.
08/10/2012 09:30:09 am: Get the dataset to return in json obj...
08/10/2012 09:30:09 am: Hit to <getData.php>. Type: <acc>. Currency in Post=<1>. currency var=<1>.
08/10/2012 09:30:09 am: Query has run: <CALL USP_GetCurrencies();>.
08/10/2012 09:30:09 am: Get the dataset to return in json obj...
08/10/2012 09:30:09 am: Hit to <getData.php>. Type: <payee>. Currency in Post=<>. currency var=<1>.
08/10/2012 09:30:09 am: Hit to <getData.php>. Type: <cat>. Currency in Post=<>. currency var=<1>.
08/10/2012 09:30:09 am: ... Got dataset to return in json obj
08/10/2012 09:30:09 am: Hit to <getData.php>. Type: <scat>. Currency in Post=<>. currency var=<1>.
08/10/2012 09:30:09 am: Get the dataset to return in json obj...
08/10/2012 09:30:09 am: Get the dataset to return in json obj...
08/10/2012 09:30:09 am: Query has run: <CALL USP_GetAccounts();>.
08/10/2012 09:30:09 am: ... Got dataset to return in json obj
08/10/2012 09:30:09 am: Get the dataset to return in json obj...
08/10/2012 09:30:09 am: Query has run: <CALL USP_GetCategories2();>.
08/10/2012 09:30:09 am: ... Got dataset to return in json obj
08/10/2012 09:30:09 am: Query has run: <CALL USP_GetPayees();>.
08/10/2012 09:30:09 am: ... Got dataset to return in json obj
08/10/2012 09:30:09 am: Query has run: <CALL USP_GetCategories();>.
08/10/2012 09:30:09 am: ... Got dataset to return in json obj
08/10/2012 09:30:16 am: Hit to <getData.php>. Type: <acc>. Currency in Post=<1>. currency var=<1>.
08/10/2012 09:30:16 am: Get the dataset to return in json obj...
08/10/2012 09:30:16 am: Hit to <getData.php>. Type: <curr>. Currency in Post=<>. currency var=<1>.
08/10/2012 09:30:16 am: Hit to <getData.php>. Type: <payee>. Currency in Post=<>. currency var=<1>.
08/10/2012 09:30:16 am: Hit to <getData.php>. Type: <scat>. Currency in Post=<>. currency var=<1>.
08/10/2012 09:30:16 am: Get the dataset to return in json obj...
08/10/2012 09:30:16 am: Get the dataset to return in json obj...
08/10/2012 09:30:16 am: Get the dataset to return in json obj...
08/10/2012 09:30:16 am: Hit to <getData.php>. Type: <cat>. Currency in Post=<>. currency var=<1>.
08/10/2012 09:30:16 am: Query has run: <CALL USP_GetAccounts();>.
08/10/2012 09:30:16 am: ... Got dataset to return in json obj
08/10/2012 09:30:16 am: Query has run: <CALL USP_GetCategories2();>.
08/10/2012 09:30:16 am: ... Got dataset to return in json obj
08/10/2012 09:30:16 am: Get the dataset to return in json obj...
08/10/2012 09:30:16 am: Query has run: <CALL USP_GetCurrencies();>.
08/10/2012 09:30:16 am: ... Got dataset to return in json obj
08/10/2012 09:30:16 am: Query has run: <CALL USP_GetCategories();>.
08/10/2012 09:30:16 am: Query has run: <CALL USP_GetPayees();>.
08/10/2012 09:30:16 am: ... Got dataset to return in json obj
08/10/2012 09:30:16 am: ... Got dataset to return in json obj
08/10/2012 11:59:47 am: Hit to <getData.php>. Type: <acc>. Currency in Post=<1>. currency var=<1>.
08/10/2012 11:59:47 am: Hit to <getData.php>. Type: <scat>. Currency in Post=<>. currency var=<1>.
08/10/2012 11:59:47 am: Hit to <getData.php>. Type: <curr>. Currency in Post=<>. currency var=<1>.
08/10/2012 11:59:47 am: Get the dataset to return in json obj...
08/10/2012 11:59:47 am: Hit to <getData.php>. Type: <payee>. Currency in Post=<>. currency var=<1>.
08/10/2012 11:59:47 am: Hit to <getData.php>. Type: <cat>. Currency in Post=<>. currency var=<1>.
08/10/2012 11:59:47 am: Get the dataset to return in json obj...
08/10/2012 11:59:47 am: Get the dataset to return in json obj...
08/10/2012 11:59:47 am: Get the dataset to return in json obj...
08/10/2012 11:59:47 am: Query has run: <CALL USP_GetCurrencies();>.
08/10/2012 11:59:47 am: ... Got dataset to return in json obj
08/10/2012 11:59:47 am: Query has run: <CALL USP_GetCategories2();>.
08/10/2012 11:59:47 am: ... Got dataset to return in json obj
08/10/2012 11:59:47 am: Query has run: <CALL USP_GetCategories();>.
08/10/2012 11:59:47 am: ... Got dataset to return in json obj
08/10/2012 11:59:47 am: Query has run: <CALL USP_GetPayees();>.
08/10/2012 11:59:47 am: ... Got dataset to return in json obj
08/10/2012 11:59:47 am: Get the dataset to return in json obj...
08/10/2012 11:59:47 am: Query has run: <CALL USP_GetAccounts();>.
08/10/2012 11:59:47 am: ... Got dataset to return in json obj
08/10/2012 11:59:50 am: Hit to <getData.php>. Type: <curr>. Currency in Post=<>. currency var=<1>.
08/10/2012 11:59:50 am: Hit to <getData.php>. Type: <acc>. Currency in Post=<1>. currency var=<1>.
08/10/2012 11:59:50 am: Hit to <getData.php>. Type: <payee>. Currency in Post=<>. currency var=<1>.
08/10/2012 11:59:50 am: Hit to <getData.php>. Type: <cat>. Currency in Post=<>. currency var=<1>.
08/10/2012 11:59:50 am: Hit to <getData.php>. Type: <scat>. Currency in Post=<>. currency var=<1>.
08/10/2012 11:59:50 am: Get the dataset to return in json obj...
08/10/2012 11:59:50 am: Get the dataset to return in json obj...
08/10/2012 11:59:50 am: Get the dataset to return in json obj...
08/10/2012 11:59:50 am: Query has run: <CALL USP_GetAccounts();>.
08/10/2012 11:59:50 am: ... Got dataset to return in json obj
08/10/2012 11:59:50 am: Get the dataset to return in json obj...
08/10/2012 11:59:50 am: Get the dataset to return in json obj...
08/10/2012 11:59:50 am: Query has run: <CALL USP_GetCategories();>.
08/10/2012 11:59:50 am: ... Got dataset to return in json obj
08/10/2012 11:59:50 am: Query has run: <CALL USP_GetPayees();>.
08/10/2012 11:59:50 am: ... Got dataset to return in json obj
08/10/2012 11:59:50 am: Query has run: <CALL USP_GetCurrencies();>.
08/10/2012 11:59:50 am: ... Got dataset to return in json obj
08/10/2012 11:59:50 am: Query has run: <CALL USP_GetCategories2();>.
08/10/2012 11:59:50 am: ... Got dataset to return in json obj
08/10/2012 01:22:37 pm: Hit to <getData.php>. Type: <cat>. Currency in Post=<>. currency var=<1>.
08/10/2012 01:22:37 pm: Hit to <getData.php>. Type: <curr>. Currency in Post=<>. currency var=<1>.
08/10/2012 01:22:37 pm: Hit to <getData.php>. Type: <acc>. Currency in Post=<2>. currency var=<2>.
08/10/2012 01:22:37 pm: Hit to <getData.php>. Type: <scat>. Currency in Post=<>. currency var=<1>.
08/10/2012 01:22:37 pm: Get the dataset to return in json obj...
08/10/2012 01:22:37 pm: Get the dataset to return in json obj...
08/10/2012 01:22:37 pm: Get the dataset to return in json obj...
08/10/2012 01:22:37 pm: Query has run: <CALL USP_GetAccounts();>.
08/10/2012 01:22:37 pm: ... Got dataset to return in json obj
08/10/2012 01:22:37 pm: Query has run: <CALL USP_GetCategories2();>.
08/10/2012 01:22:37 pm: ... Got dataset to return in json obj
08/10/2012 01:22:37 pm: Query has run: <CALL USP_GetCategories();>.
08/10/2012 01:22:37 pm: ... Got dataset to return in json obj
08/10/2012 01:22:37 pm: Get the dataset to return in json obj...
08/10/2012 01:22:38 pm: Query has run: <CALL USP_GetCurrencies();>.
08/10/2012 01:22:38 pm: ... Got dataset to return in json obj
08/10/2012 01:22:37 pm: Hit to <getData.php>. Type: <payee>. Currency in Post=<>. currency var=<1>.
08/10/2012 01:22:38 pm: Get the dataset to return in json obj...
08/10/2012 01:22:38 pm: Query has run: <CALL USP_GetPayees();>.
08/10/2012 01:22:38 pm: ... Got dataset to return in json obj
08/10/2012 01:22:46 pm: Hit to <getData.php>. Type: <acc>. Currency in Post=<2>. currency var=<2>.
08/10/2012 01:22:46 pm: Hit to <getData.php>. Type: <payee>. Currency in Post=<>. currency var=<1>.
08/10/2012 01:22:46 pm: Hit to <getData.php>. Type: <scat>. Currency in Post=<>. currency var=<1>.
08/10/2012 01:22:46 pm: Hit to <getData.php>. Type: <curr>. Currency in Post=<>. currency var=<1>.
08/10/2012 01:22:46 pm: Hit to <getData.php>. Type: <cat>. Currency in Post=<>. currency var=<1>.
08/10/2012 01:22:46 pm: Get the dataset to return in json obj...
08/10/2012 01:22:46 pm: Get the dataset to return in json obj...
08/10/2012 01:22:46 pm: Get the dataset to return in json obj...
08/10/2012 01:22:46 pm: Get the dataset to return in json obj...
08/10/2012 01:22:46 pm: Get the dataset to return in json obj...
08/10/2012 01:22:46 pm: Query has run: <CALL USP_GetAccounts();>.
08/10/2012 01:22:46 pm: ... Got dataset to return in json obj
08/10/2012 01:22:46 pm: Query has run: <CALL USP_GetPayees();>.
08/10/2012 01:22:46 pm: ... Got dataset to return in json obj
08/10/2012 01:22:46 pm: Query has run: <CALL USP_GetCategories2();>.
08/10/2012 01:22:46 pm: Query has run: <CALL USP_GetCurrencies();>.
08/10/2012 01:22:46 pm: ... Got dataset to return in json obj
08/10/2012 01:22:46 pm: ... Got dataset to return in json obj
08/10/2012 01:22:46 pm: Query has run: <CALL USP_GetCategories();>.
08/10/2012 01:22:46 pm: ... Got dataset to return in json obj
08/10/2012 01:22:50 pm: Hit to <getData.php>. Type: <acc>. Currency in Post=<1>. currency var=<1>.
08/10/2012 01:22:50 pm: Hit to <getData.php>. Type: <payee>. Currency in Post=<>. currency var=<1>.
08/10/2012 01:22:50 pm: Get the dataset to return in json obj...
08/10/2012 01:22:50 pm: Get the dataset to return in json obj...
08/10/2012 01:22:50 pm: Hit to <getData.php>. Type: <curr>. Currency in Post=<>. currency var=<1>.
08/10/2012 01:22:50 pm: Query has run: <CALL USP_GetAccounts();>.
08/10/2012 01:22:50 pm: ... Got dataset to return in json obj
08/10/2012 01:22:50 pm: Hit to <getData.php>. Type: <cat>. Currency in Post=<>. currency var=<1>.
08/10/2012 01:22:50 pm: Hit to <getData.php>. Type: <scat>. Currency in Post=<>. currency var=<1>.
08/10/2012 01:22:50 pm: Get the dataset to return in json obj...
08/10/2012 01:22:50 pm: Query has run: <CALL USP_GetPayees();>.
08/10/2012 01:22:50 pm: ... Got dataset to return in json obj
08/10/2012 01:22:50 pm: Get the dataset to return in json obj...
08/10/2012 01:22:50 pm: Get the dataset to return in json obj...
08/10/2012 01:22:50 pm: Query has run: <CALL USP_GetCategories2();>.
08/10/2012 01:22:50 pm: Query has run: <CALL USP_GetCategories();>.
08/10/2012 01:22:50 pm: ... Got dataset to return in json obj
08/10/2012 01:22:50 pm: ... Got dataset to return in json obj
08/10/2012 01:22:50 pm: Query has run: <CALL USP_GetCurrencies();>.
08/10/2012 01:22:50 pm: ... Got dataset to return in json obj
08/10/2012 01:32:09 pm: Hit to <getData.php>. Type: <acc>. Currency in Post=<1>. currency var=<1>.
08/10/2012 01:32:09 pm: Get the dataset to return in json obj...
08/10/2012 01:32:09 pm: Query has run: <CALL USP_GetAccounts();>.
08/10/2012 01:32:09 pm: ... Got dataset to return in json obj
08/10/2012 01:32:09 pm: Hit to <getData.php>. Type: <payee>. Currency in Post=<>. currency var=<1>.
08/10/2012 01:32:09 pm: Hit to <getData.php>. Type: <cat>. Currency in Post=<>. currency var=<1>.
08/10/2012 01:32:09 pm: Hit to <getData.php>. Type: <curr>. Currency in Post=<>. currency var=<1>.
08/10/2012 01:32:09 pm: Hit to <getData.php>. Type: <scat>. Currency in Post=<>. currency var=<1>.
08/10/2012 01:32:09 pm: Get the dataset to return in json obj...
08/10/2012 01:32:09 pm: Get the dataset to return in json obj...
08/10/2012 01:32:09 pm: Get the dataset to return in json obj...
08/10/2012 01:32:09 pm: Get the dataset to return in json obj...
08/10/2012 01:32:09 pm: Query has run: <CALL USP_GetPayees();>.
08/10/2012 01:32:09 pm: ... Got dataset to return in json obj
08/10/2012 01:32:09 pm: Query has run: <CALL USP_GetCategories();>.
08/10/2012 01:32:09 pm: ... Got dataset to return in json obj
08/10/2012 01:32:09 pm: Query has run: <CALL USP_GetCategories2();>.
08/10/2012 01:32:09 pm: ... Got dataset to return in json obj
08/10/2012 01:32:09 pm: Query has run: <CALL USP_GetCurrencies();>.
08/10/2012 01:32:09 pm: ... Got dataset to return in json obj
08/10/2012 01:32:56 pm: Hit to <getData.php>. Type: <acc>. Currency in Post=<1>. currency var=<1>.
08/10/2012 01:32:56 pm: Get the dataset to return in json obj...
08/10/2012 01:32:56 pm: Hit to <getData.php>. Type: <payee>. Currency in Post=<>. currency var=<1>.
08/10/2012 01:32:56 pm: Hit to <getData.php>. Type: <curr>. Currency in Post=<>. currency var=<1>.
08/10/2012 01:32:56 pm: Hit to <getData.php>. Type: <scat>. Currency in Post=<>. currency var=<1>.
08/10/2012 01:32:56 pm: Query has run: <CALL USP_GetAccounts();>.
08/10/2012 01:32:56 pm: ... Got dataset to return in json obj
08/10/2012 01:32:56 pm: Get the dataset to return in json obj...
08/10/2012 01:32:56 pm: Get the dataset to return in json obj...
08/10/2012 01:32:56 pm: Hit to <getData.php>. Type: <cat>. Currency in Post=<>. currency var=<1>.
08/10/2012 01:32:56 pm: Query has run: <CALL USP_GetPayees();>.
08/10/2012 01:32:56 pm: ... Got dataset to return in json obj
08/10/2012 01:32:56 pm: Get the dataset to return in json obj...
08/10/2012 01:32:56 pm: Get the dataset to return in json obj...
08/10/2012 01:32:56 pm: Query has run: <CALL USP_GetCurrencies();>.
08/10/2012 01:32:56 pm: ... Got dataset to return in json obj
08/10/2012 01:32:56 pm: Query has run: <CALL USP_GetCategories();>.
08/10/2012 01:32:56 pm: ... Got dataset to return in json obj
08/10/2012 01:32:56 pm: Query has run: <CALL USP_GetCategories2();>.
08/10/2012 01:32:56 pm: ... Got dataset to return in json obj
08/10/2012 01:35:13 pm: Hit to <getData.php>. Type: <acc>. Currency in Post=<1>. currency var=<1>.
08/10/2012 01:35:13 pm: Hit to <getData.php>. Type: <curr>. Currency in Post=<>. currency var=<1>.
08/10/2012 01:35:13 pm: Get the dataset to return in json obj...
08/10/2012 01:35:13 pm: Hit to <getData.php>. Type: <payee>. Currency in Post=<>. currency var=<1>.
08/10/2012 01:35:13 pm: Query has run: <CALL USP_GetAccounts();>.
08/10/2012 01:35:13 pm: ... Got dataset to return in json obj
08/10/2012 01:35:13 pm: Get the dataset to return in json obj...
08/10/2012 01:35:13 pm: Hit to <getData.php>. Type: <scat>. Currency in Post=<>. currency var=<1>.
08/10/2012 01:35:13 pm: Hit to <getData.php>. Type: <cat>. Currency in Post=<>. currency var=<1>.
08/10/2012 01:35:13 pm: Get the dataset to return in json obj...
08/10/2012 01:35:13 pm: Get the dataset to return in json obj...
08/10/2012 01:35:13 pm: Query has run: <CALL USP_GetPayees();>.
08/10/2012 01:35:13 pm: ... Got dataset to return in json obj
08/10/2012 01:35:13 pm: Get the dataset to return in json obj...
08/10/2012 01:35:13 pm: Query has run: <CALL USP_GetCurrencies();>.
08/10/2012 01:35:13 pm: ... Got dataset to return in json obj
08/10/2012 01:35:13 pm: Query has run: <CALL USP_GetCategories2();>.
08/10/2012 01:35:13 pm: ... Got dataset to return in json obj
08/10/2012 01:35:13 pm: Query has run: <CALL USP_GetCategories();>.
08/10/2012 01:35:13 pm: ... Got dataset to return in json obj
08/10/2012 01:35:46 pm: Amount value: 29,76. Preg_match_all result is <1>
08/10/2012 01:35:48 pm: Hit to <getData.php>. Type: <acc>. Currency in Post=<1>. currency var=<1>.
08/10/2012 01:35:48 pm: Hit to <getData.php>. Type: <curr>. Currency in Post=<>. currency var=<1>.
08/10/2012 01:35:48 pm: Hit to <getData.php>. Type: <cat>. Currency in Post=<>. currency var=<1>.
08/10/2012 01:35:48 pm: Get the dataset to return in json obj...
08/10/2012 01:35:48 pm: Get the dataset to return in json obj...
08/10/2012 01:35:48 pm: Get the dataset to return in json obj...
08/10/2012 01:35:48 pm: Query has run: <CALL USP_GetAccounts();>.
08/10/2012 01:35:48 pm: ... Got dataset to return in json obj
08/10/2012 01:35:48 pm: Hit to <getData.php>. Type: <payee>. Currency in Post=<>. currency var=<1>.
08/10/2012 01:35:48 pm: Hit to <getData.php>. Type: <scat>. Currency in Post=<>. currency var=<1>.
08/10/2012 01:35:48 pm: Query has run: <CALL USP_GetCurrencies();>.
08/10/2012 01:35:48 pm: ... Got dataset to return in json obj
08/10/2012 01:35:48 pm: Query has run: <CALL USP_GetCategories();>.
08/10/2012 01:35:48 pm: ... Got dataset to return in json obj
08/10/2012 01:35:48 pm: Get the dataset to return in json obj...
08/10/2012 01:35:48 pm: Get the dataset to return in json obj...
08/10/2012 01:35:48 pm: Query has run: <CALL USP_GetCategories2();>.
08/10/2012 01:35:48 pm: ... Got dataset to return in json obj
08/10/2012 01:35:48 pm: Query has run: <CALL USP_GetPayees();>.
08/10/2012 01:35:48 pm: ... Got dataset to return in json obj
08/10/2012 01:35:58 pm: Hit to <getData.php>. Type: <acc>. Currency in Post=<1>. currency var=<1>.
08/10/2012 01:35:58 pm: Get the dataset to return in json obj...
08/10/2012 01:35:58 pm: Hit to <getData.php>. Type: <curr>. Currency in Post=<>. currency var=<1>.
08/10/2012 01:35:58 pm: Hit to <getData.php>. Type: <scat>. Currency in Post=<>. currency var=<1>.
08/10/2012 01:35:58 pm: Hit to <getData.php>. Type: <payee>. Currency in Post=<>. currency var=<1>.
08/10/2012 01:35:58 pm: Hit to <getData.php>. Type: <cat>. Currency in Post=<>. currency var=<1>.
08/10/2012 01:35:58 pm: Get the dataset to return in json obj...
08/10/2012 01:35:58 pm: Get the dataset to return in json obj...
08/10/2012 01:35:58 pm: Get the dataset to return in json obj...
08/10/2012 01:35:58 pm: Query has run: <CALL USP_GetAccounts();>.
08/10/2012 01:35:58 pm: Query has run: <CALL USP_GetCategories2();>.
08/10/2012 01:35:58 pm: ... Got dataset to return in json obj
08/10/2012 01:35:58 pm: ... Got dataset to return in json obj
08/10/2012 01:35:58 pm: Get the dataset to return in json obj...
08/10/2012 01:35:58 pm: Query has run: <CALL USP_GetCurrencies();>.
08/10/2012 01:35:58 pm: ... Got dataset to return in json obj
08/10/2012 01:35:58 pm: Query has run: <CALL USP_GetPayees();>.
08/10/2012 01:35:58 pm: ... Got dataset to return in json obj
08/10/2012 01:35:58 pm: Query has run: <CALL USP_GetCategories();>.
08/10/2012 01:35:59 pm: ... Got dataset to return in json obj
08/10/2012 01:36:05 pm: Hit to <getData.php>. Type: <acc>. Currency in Post=<1>. currency var=<1>.
08/10/2012 01:36:05 pm: Get the dataset to return in json obj...
08/10/2012 01:36:05 pm: Query has run: <CALL USP_GetAccounts();>.
08/10/2012 01:36:05 pm: ... Got dataset to return in json obj
08/10/2012 01:36:05 pm: Hit to <getData.php>. Type: <curr>. Currency in Post=<>. currency var=<1>.
08/10/2012 01:36:05 pm: Hit to <getData.php>. Type: <payee>. Currency in Post=<>. currency var=<1>.
08/10/2012 01:36:05 pm: Get the dataset to return in json obj...
08/10/2012 01:36:05 pm: Hit to <getData.php>. Type: <cat>. Currency in Post=<>. currency var=<1>.
08/10/2012 01:36:05 pm: Hit to <getData.php>. Type: <scat>. Currency in Post=<>. currency var=<1>.
08/10/2012 01:36:05 pm: Get the dataset to return in json obj...
08/10/2012 01:36:05 pm: Query has run: <CALL USP_GetCurrencies();>.
08/10/2012 01:36:05 pm: ... Got dataset to return in json obj
08/10/2012 01:36:05 pm: Get the dataset to return in json obj...
08/10/2012 01:36:05 pm: Get the dataset to return in json obj...
08/10/2012 01:36:05 pm: Query has run: <CALL USP_GetPayees();>.
08/10/2012 01:36:05 pm: ... Got dataset to return in json obj
08/10/2012 01:36:05 pm: Query has run: <CALL USP_GetCategories();>.
08/10/2012 01:36:05 pm: ... Got dataset to return in json obj
08/10/2012 01:36:05 pm: Query has run: <CALL USP_GetCategories2();>.
08/10/2012 01:36:05 pm: ... Got dataset to return in json obj
08/10/2012 01:36:57 pm: Hit to <getData.php>. Type: <acc>. Currency in Post=<1>. currency var=<1>.
08/10/2012 01:36:57 pm: Get the dataset to return in json obj...
08/10/2012 01:36:57 pm: Query has run: <CALL USP_GetAccounts();>.
08/10/2012 01:36:57 pm: ... Got dataset to return in json obj
08/10/2012 01:36:57 pm: Hit to <getData.php>. Type: <payee>. Currency in Post=<>. currency var=<1>.
08/10/2012 01:36:57 pm: Hit to <getData.php>. Type: <cat>. Currency in Post=<>. currency var=<1>.
08/10/2012 01:36:57 pm: Hit to <getData.php>. Type: <scat>. Currency in Post=<>. currency var=<1>.
08/10/2012 01:36:57 pm: Hit to <getData.php>. Type: <curr>. Currency in Post=<>. currency var=<1>.
08/10/2012 01:36:57 pm: Get the dataset to return in json obj...
08/10/2012 01:36:57 pm: Get the dataset to return in json obj...
08/10/2012 01:36:57 pm: Get the dataset to return in json obj...
08/10/2012 01:36:57 pm: Get the dataset to return in json obj...
08/10/2012 01:36:57 pm: Query has run: <CALL USP_GetCategories();>.
08/10/2012 01:36:57 pm: ... Got dataset to return in json obj
08/10/2012 01:36:57 pm: Query has run: <CALL USP_GetCurrencies();>.
08/10/2012 01:36:57 pm: ... Got dataset to return in json obj
08/10/2012 01:36:57 pm: Query has run: <CALL USP_GetCategories2();>.
08/10/2012 01:36:57 pm: Query has run: <CALL USP_GetPayees();>.
08/10/2012 01:36:57 pm: ... Got dataset to return in json obj
08/10/2012 01:36:57 pm: ... Got dataset to return in json obj
08/10/2012 01:37:07 pm: Hit to <getData.php>. Type: <acc>. Currency in Post=<1>. currency var=<1>.
08/10/2012 01:37:07 pm: Hit to <getData.php>. Type: <curr>. Currency in Post=<>. currency var=<1>.
08/10/2012 01:37:07 pm: Get the dataset to return in json obj...
08/10/2012 01:37:07 pm: Get the dataset to return in json obj...
08/10/2012 01:37:07 pm: Hit to <getData.php>. Type: <payee>. Currency in Post=<>. currency var=<1>.
08/10/2012 01:37:07 pm: Query has run: <CALL USP_GetAccounts();>.
08/10/2012 01:37:07 pm: ... Got dataset to return in json obj
08/10/2012 01:37:07 pm: Query has run: <CALL USP_GetCurrencies();>.
08/10/2012 01:37:07 pm: ... Got dataset to return in json obj
08/10/2012 01:37:07 pm: Hit to <getData.php>. Type: <scat>. Currency in Post=<>. currency var=<1>.
08/10/2012 01:37:07 pm: Hit to <getData.php>. Type: <cat>. Currency in Post=<>. currency var=<1>.
08/10/2012 01:37:07 pm: Get the dataset to return in json obj...
08/10/2012 01:37:07 pm: Get the dataset to return in json obj...
08/10/2012 01:37:07 pm: Get the dataset to return in json obj...
08/10/2012 01:37:07 pm: Query has run: <CALL USP_GetCategories();>.
08/10/2012 01:37:07 pm: ... Got dataset to return in json obj
08/10/2012 01:37:07 pm: Query has run: <CALL USP_GetPayees();>.
08/10/2012 01:37:07 pm: ... Got dataset to return in json obj
08/10/2012 01:37:07 pm: Query has run: <CALL USP_GetCategories2();>.
08/10/2012 01:37:07 pm: ... Got dataset to return in json obj
08/10/2012 01:37:17 pm: Hit to <getData.php>. Type: <acc>. Currency in Post=<1>. currency var=<1>.
08/10/2012 01:37:17 pm: Hit to <getData.php>. Type: <curr>. Currency in Post=<>. currency var=<1>.
08/10/2012 01:37:17 pm: Hit to <getData.php>. Type: <payee>. Currency in Post=<>. currency var=<1>.
08/10/2012 01:37:17 pm: Get the dataset to return in json obj...
08/10/2012 01:37:17 pm: Get the dataset to return in json obj...
08/10/2012 01:37:17 pm: Get the dataset to return in json obj...
08/10/2012 01:37:17 pm: Hit to <getData.php>. Type: <cat>. Currency in Post=<>. currency var=<1>.
08/10/2012 01:37:17 pm: Hit to <getData.php>. Type: <scat>. Currency in Post=<>. currency var=<1>.
08/10/2012 01:37:17 pm: Query has run: <CALL USP_GetCurrencies();>.
08/10/2012 01:37:17 pm: ... Got dataset to return in json obj
08/10/2012 01:37:17 pm: Query has run: <CALL USP_GetAccounts();>.
08/10/2012 01:37:17 pm: ... Got dataset to return in json obj
08/10/2012 01:37:17 pm: Get the dataset to return in json obj...
08/10/2012 01:37:17 pm: Get the dataset to return in json obj...
08/10/2012 01:37:17 pm: Query has run: <CALL USP_GetCategories();>.
08/10/2012 01:37:17 pm: ... Got dataset to return in json obj
08/10/2012 01:37:17 pm: Query has run: <CALL USP_GetPayees();>.
08/10/2012 01:37:17 pm: ... Got dataset to return in json obj
08/10/2012 01:37:17 pm: Query has run: <CALL USP_GetCategories2();>.
08/10/2012 01:37:17 pm: ... Got dataset to return in json obj
08/10/2012 01:48:46 pm: dates filters: start: and end:
08/10/2012 01:48:46 pm: dates filters: start:1990-01-01 and end:2100-01-01
08/10/2012 01:48:46 pm: totalrows=3404;page=1,limit=20
08/10/2012 01:48:46 pm: query string=cid=1&
08/10/2012 01:48:47 pm: totalrows=3404;page=1,limit=20
08/10/2012 01:48:47 pm: totalrows=3404;page=1,limit=20
08/10/2012 01:48:47 pm: totalrows=3404;page=1,limit=20;startIndex=0
08/10/2012 01:48:47 pm: Hit to <getData.php>. Type: <acc>. Currency in Post=<1>. currency var=<1>.
08/10/2012 01:48:47 pm: Get the dataset to return in json obj...
08/10/2012 01:48:47 pm: Query has run: <CALL USP_GetAccounts();>.
08/10/2012 01:48:47 pm: ... Got dataset to return in json obj
08/10/2012 01:48:47 pm: Hit to <getData.php>. Type: <curr>. Currency in Post=<>. currency var=<1>.
08/10/2012 01:48:47 pm: Get the dataset to return in json obj...
08/10/2012 01:48:47 pm: Query has run: <CALL USP_GetCurrencies();>.
08/10/2012 01:48:47 pm: ... Got dataset to return in json obj
08/10/2012 01:48:47 pm: Hit to <getData.php>. Type: <payee>. Currency in Post=<>. currency var=<1>.
08/10/2012 01:48:47 pm: Hit to <getData.php>. Type: <cat>. Currency in Post=<>. currency var=<1>.
08/10/2012 01:48:47 pm: Hit to <getData.php>. Type: <scat>. Currency in Post=<>. currency var=<1>.
08/10/2012 01:48:47 pm: Get the dataset to return in json obj...
08/10/2012 01:48:47 pm: Get the dataset to return in json obj...
08/10/2012 01:48:47 pm: Query has run: <CALL USP_GetCategories();>.
08/10/2012 01:48:47 pm: ... Got dataset to return in json obj
08/10/2012 01:48:47 pm: Query has run: <CALL USP_GetPayees();>.
08/10/2012 01:48:47 pm: ... Got dataset to return in json obj
08/10/2012 01:48:47 pm: Get the dataset to return in json obj...
08/10/2012 01:48:47 pm: Query has run: <CALL USP_GetCategories2();>.
08/10/2012 01:48:47 pm: ... Got dataset to return in json obj
08/10/2012 01:48:48 pm: Hit to <getData.php>. Type: <scat>. Currency in Post=<>. currency var=<1>.
08/10/2012 01:48:48 pm: Hit to <getData.php>. Type: <acc>. Currency in Post=<1>. currency var=<1>.
08/10/2012 01:48:48 pm: Hit to <getData.php>. Type: <curr>. Currency in Post=<>. currency var=<1>.
08/10/2012 01:48:48 pm: Get the dataset to return in json obj...
08/10/2012 01:48:48 pm: Hit to <getData.php>. Type: <payee>. Currency in Post=<>. currency var=<1>.
08/10/2012 01:48:48 pm: Hit to <getData.php>. Type: <cat>. Currency in Post=<>. currency var=<1>.
08/10/2012 01:48:48 pm: Query has run: <CALL USP_GetAccounts();>.
08/10/2012 01:48:48 pm: ... Got dataset to return in json obj
08/10/2012 01:48:48 pm: Get the dataset to return in json obj...
08/10/2012 01:48:48 pm: Get the dataset to return in json obj...
08/10/2012 01:48:48 pm: Get the dataset to return in json obj...
08/10/2012 01:48:48 pm: Get the dataset to return in json obj...
08/10/2012 01:48:48 pm: Query has run: <CALL USP_GetPayees();>.
08/10/2012 01:48:48 pm: ... Got dataset to return in json obj
08/10/2012 01:48:48 pm: Query has run: <CALL USP_GetCurrencies();>.
08/10/2012 01:48:48 pm: ... Got dataset to return in json obj
08/10/2012 01:48:48 pm: Query has run: <CALL USP_GetCategories();>.
08/10/2012 01:48:48 pm: ... Got dataset to return in json obj
08/10/2012 01:48:48 pm: Query has run: <CALL USP_GetCategories2();>.
08/10/2012 01:48:48 pm: ... Got dataset to return in json obj
08/10/2012 01:49:13 pm: Amount value: 0. Preg_match_all result is <1>
08/10/2012 01:51:37 pm: Amount value: 0. Preg_match_all result is <1>
08/10/2012 01:53:38 pm: Amount value: 0. Preg_match_all result is <1>
08/10/2012 01:55:35 pm: Hit to <getData.php>. Type: <acc>. Currency in Post=<1>. currency var=<1>.
08/10/2012 01:55:35 pm: Get the dataset to return in json obj...
08/10/2012 01:55:35 pm: Hit to <getData.php>. Type: <curr>. Currency in Post=<>. currency var=<1>.
08/10/2012 01:55:35 pm: Hit to <getData.php>. Type: <cat>. Currency in Post=<>. currency var=<1>.
08/10/2012 01:55:35 pm: Hit to <getData.php>. Type: <payee>. Currency in Post=<>. currency var=<1>.
08/10/2012 01:55:35 pm: Hit to <getData.php>. Type: <scat>. Currency in Post=<>. currency var=<1>.
08/10/2012 01:55:35 pm: Get the dataset to return in json obj...
08/10/2012 01:55:35 pm: Get the dataset to return in json obj...
08/10/2012 01:55:35 pm: Get the dataset to return in json obj...
08/10/2012 01:55:35 pm: Get the dataset to return in json obj...
08/10/2012 01:55:35 pm: Query has run: <CALL USP_GetCategories();>.
08/10/2012 01:55:35 pm: ... Got dataset to return in json obj
08/10/2012 01:55:35 pm: Query has run: <CALL USP_GetPayees();>.
08/10/2012 01:55:35 pm: ... Got dataset to return in json obj
08/10/2012 01:55:35 pm: Query has run: <CALL USP_GetAccounts();>.
08/10/2012 01:55:35 pm: ... Got dataset to return in json obj
08/10/2012 01:55:35 pm: Query has run: <CALL USP_GetCategories2();>.
08/10/2012 01:55:35 pm: ... Got dataset to return in json obj
08/10/2012 01:55:35 pm: Query has run: <CALL USP_GetCurrencies();>.
08/10/2012 01:55:35 pm: ... Got dataset to return in json obj
