11/25/2012 07:26:54 am: Get the dataset to return in json obj...
11/25/2012 07:26:54 am: Get the dataset to return in json obj...
11/25/2012 07:26:54 am: Get the dataset to return in json obj...
11/25/2012 07:26:54 am: Get the dataset to return in json obj...
11/25/2012 07:26:54 am: Get the dataset to return in json obj...
11/25/2012 07:26:55 am: Query has run: <CALL USP_GetCurrencies();>.
11/25/2012 07:26:55 am: ... Got dataset to return in json obj
11/25/2012 07:26:55 am: Query has run: <CALL USP_GetAccounts();>.
11/25/2012 07:26:55 am: ... Got dataset to return in json obj
11/25/2012 07:26:55 am: Query has run: <CALL USP_GetCategories();>.
11/25/2012 07:26:55 am: ... Got dataset to return in json obj
11/25/2012 07:26:55 am: Query has run: <CALL USP_GetPayees();>.
11/25/2012 07:26:55 am: ... Got dataset to return in json obj
11/25/2012 07:26:55 am: Query has run: <CALL USP_GetCategories2();>.
11/25/2012 07:26:55 am: ... Got dataset to return in json obj
11/25/2012 07:26:59 am: Get the dataset to return in json obj...
11/25/2012 07:26:59 am: Get the dataset to return in json obj...
11/25/2012 07:26:59 am: Get the dataset to return in json obj...
11/25/2012 07:26:59 am: Query has run: <CALL USP_GetCurrencies();>.
11/25/2012 07:26:59 am: ... Got dataset to return in json obj
11/25/2012 07:26:59 am: Get the dataset to return in json obj...
11/25/2012 07:26:59 am: Query has run: <CALL USP_GetPayees();>.
11/25/2012 07:26:59 am: ... Got dataset to return in json obj
11/25/2012 07:26:59 am: Get the dataset to return in json obj...
11/25/2012 07:26:59 am: Query has run: <CALL USP_GetAccounts();>.
11/25/2012 07:26:59 am: ... Got dataset to return in json obj
11/25/2012 07:26:59 am: Query has run: <CALL USP_GetCategories();>.
11/25/2012 07:26:59 am: ... Got dataset to return in json obj
11/25/2012 07:26:59 am: Query has run: <CALL USP_GetCategories2();>.
11/25/2012 07:26:59 am: ... Got dataset to return in json obj
11/25/2012 07:28:22 am: Get the dataset to return in json obj...
11/25/2012 07:28:22 am: Query has run: <CALL USP_GetAccounts();>.
11/25/2012 07:28:22 am: ... Got dataset to return in json obj
11/25/2012 07:28:22 am: Get the dataset to return in json obj...
11/25/2012 07:28:22 am: Query has run: <CALL USP_GetCurrencies();>.
11/25/2012 07:28:22 am: ... Got dataset to return in json obj
11/25/2012 07:28:22 am: Get the dataset to return in json obj...
11/25/2012 07:28:22 am: Get the dataset to return in json obj...
11/25/2012 07:28:22 am: Query has run: <CALL USP_GetCategories2();>.
11/25/2012 07:28:22 am: ... Got dataset to return in json obj
11/25/2012 07:28:22 am: Query has run: <CALL USP_GetPayees();>.
11/25/2012 07:28:22 am: ... Got dataset to return in json obj
11/25/2012 07:28:22 am: Get the dataset to return in json obj...
11/25/2012 07:28:22 am: Query has run: <CALL USP_GetCategories();>.
11/25/2012 07:28:22 am: ... Got dataset to return in json obj
11/25/2012 07:28:29 am: Get the dataset to return in json obj...
11/25/2012 07:28:29 am: Get the dataset to return in json obj...
11/25/2012 07:28:29 am: Get the dataset to return in json obj...
11/25/2012 07:28:29 am: Query has run: <CALL USP_GetCategories();>.
11/25/2012 07:28:29 am: Get the dataset to return in json obj...
11/25/2012 07:28:29 am: Get the dataset to return in json obj...
11/25/2012 07:28:29 am: ... Got dataset to return in json obj
11/25/2012 07:28:29 am: Query has run: <CALL USP_GetAccounts();>.
11/25/2012 07:28:29 am: ... Got dataset to return in json obj
11/25/2012 07:28:29 am: Query has run: <CALL USP_GetCurrencies();>.
11/25/2012 07:28:29 am: ... Got dataset to return in json obj
11/25/2012 07:28:29 am: Query has run: <CALL USP_GetPayees();>.
11/25/2012 07:28:29 am: ... Got dataset to return in json obj
11/25/2012 07:28:29 am: Query has run: <CALL USP_GetCategories2();>.
11/25/2012 07:28:29 am: ... Got dataset to return in json obj
11/25/2012 07:28:30 am: Get the dataset to return in json obj...
11/25/2012 07:28:30 am: Get the dataset to return in json obj...
11/25/2012 07:28:30 am: Query has run: <CALL USP_GetCurrencies();>.
11/25/2012 07:28:30 am: ... Got dataset to return in json obj
11/25/2012 07:28:30 am: Get the dataset to return in json obj...
11/25/2012 07:28:30 am: Query has run: <CALL USP_GetAccounts();>.
11/25/2012 07:28:30 am: ... Got dataset to return in json obj
11/25/2012 07:28:30 am: Query has run: <CALL USP_GetCategories2();>.
11/25/2012 07:28:30 am: ... Got dataset to return in json obj
11/25/2012 07:28:30 am: Get the dataset to return in json obj...
11/25/2012 07:28:30 am: Query has run: <CALL USP_GetPayees();>.
11/25/2012 07:28:30 am: ... Got dataset to return in json obj
11/25/2012 07:28:30 am: Get the dataset to return in json obj...
11/25/2012 07:28:30 am: Query has run: <CALL USP_GetCategories();>.
11/25/2012 07:28:30 am: ... Got dataset to return in json obj
11/25/2012 07:28:35 am: Get the dataset to return in json obj...
11/25/2012 07:28:35 am: Get the dataset to return in json obj...
11/25/2012 07:28:35 am: Query has run: <CALL USP_GetAccounts();>.
11/25/2012 07:28:35 am: ... Got dataset to return in json obj
11/25/2012 07:28:35 am: Query has run: <CALL USP_GetCurrencies();>.
11/25/2012 07:28:35 am: ... Got dataset to return in json obj
11/25/2012 07:28:35 am: Get the dataset to return in json obj...
11/25/2012 07:28:35 am: Query has run: <CALL USP_GetPayees();>.
11/25/2012 07:28:35 am: ... Got dataset to return in json obj
11/25/2012 07:28:35 am: Get the dataset to return in json obj...
11/25/2012 07:28:35 am: Query has run: <CALL USP_GetCategories2();>.
11/25/2012 07:28:35 am: ... Got dataset to return in json obj
11/25/2012 07:28:35 am: Get the dataset to return in json obj...
11/25/2012 07:28:35 am: Query has run: <CALL USP_GetCategories();>.
11/25/2012 07:28:35 am: ... Got dataset to return in json obj
11/25/2012 07:28:37 am: Get the dataset to return in json obj...
11/25/2012 07:28:37 am: Get the dataset to return in json obj...
11/25/2012 07:28:37 am: Get the dataset to return in json obj...
11/25/2012 07:28:37 am: Get the dataset to return in json obj...
11/25/2012 07:28:37 am: Query has run: <CALL USP_GetAccounts();>.
11/25/2012 07:28:37 am: ... Got dataset to return in json obj
11/25/2012 07:28:37 am: Query has run: <CALL USP_GetCurrencies();>.
11/25/2012 07:28:37 am: ... Got dataset to return in json obj
11/25/2012 07:28:37 am: Get the dataset to return in json obj...
11/25/2012 07:28:37 am: Query has run: <CALL USP_GetPayees();>.
11/25/2012 07:28:37 am: ... Got dataset to return in json obj
11/25/2012 07:28:37 am: Query has run: <CALL USP_GetCategories();>.
11/25/2012 07:28:37 am: ... Got dataset to return in json obj
11/25/2012 07:28:37 am: Query has run: <CALL USP_GetCategories2();>.
11/25/2012 07:28:37 am: ... Got dataset to return in json obj
11/25/2012 07:28:46 am: Get the dataset to return in json obj...
11/25/2012 07:28:46 am: Query has run: <CALL USP_GetPayees();>.
11/25/2012 07:28:46 am: ... Got dataset to return in json obj
11/25/2012 07:28:46 am: Get the dataset to return in json obj...
11/25/2012 07:28:46 am: Query has run: <CALL USP_GetAccounts();>.
11/25/2012 07:28:46 am: ... Got dataset to return in json obj
11/25/2012 07:28:46 am: Get the dataset to return in json obj...
11/25/2012 07:28:46 am: Get the dataset to return in json obj...
11/25/2012 07:28:46 am: Query has run: <CALL USP_GetCurrencies();>.
11/25/2012 07:28:46 am: ... Got dataset to return in json obj
11/25/2012 07:28:46 am: Query has run: <CALL USP_GetCategories();>.
11/25/2012 07:28:46 am: ... Got dataset to return in json obj
11/25/2012 07:28:46 am: Get the dataset to return in json obj...
11/25/2012 07:28:46 am: Query has run: <CALL USP_GetCategories2();>.
11/25/2012 07:28:46 am: ... Got dataset to return in json obj
11/25/2012 07:29:01 am: Start insert...
11/25/2012 07:29:01 am: Query has run: <CALL USP_InsertSubCategory ('1','Test Refresh');>.
11/25/2012 07:29:01 am: Query has run: <CALL USP_GetCategories2 ()>.
11/25/2012 07:29:01 am: ... End insert
11/25/2012 07:29:01 am: Get the dataset to return in json obj...
11/25/2012 07:29:01 am: Query has run: <CALL USP_GetCategories2();>.
11/25/2012 07:29:01 am: ... Got dataset to return in json obj
11/25/2012 07:29:09 am: Get the dataset to return in json obj...
11/25/2012 07:29:09 am: Query has run: <CALL USP_GetAccounts();>.
11/25/2012 07:29:09 am: ... Got dataset to return in json obj
11/25/2012 07:29:09 am: Get the dataset to return in json obj...
11/25/2012 07:29:09 am: Get the dataset to return in json obj...
11/25/2012 07:29:09 am: Get the dataset to return in json obj...
11/25/2012 07:29:09 am: Get the dataset to return in json obj...
11/25/2012 07:29:09 am: Query has run: <CALL USP_GetCategories();>.
11/25/2012 07:29:09 am: ... Got dataset to return in json obj
11/25/2012 07:29:09 am: Query has run: <CALL USP_GetCategories2();>.
11/25/2012 07:29:09 am: ... Got dataset to return in json obj
11/25/2012 07:29:09 am: Query has run: <CALL USP_GetPayees();>.
11/25/2012 07:29:09 am: ... Got dataset to return in json obj
11/25/2012 07:29:09 am: Query has run: <CALL USP_GetCurrencies();>.
11/25/2012 07:29:09 am: ... Got dataset to return in json obj
11/25/2012 07:29:30 am: Get the dataset to return in json obj...
11/25/2012 07:29:30 am: Query has run: <CALL USP_GetCurrencies();>.
11/25/2012 07:29:30 am: ... Got dataset to return in json obj
11/25/2012 07:29:30 am: Get the dataset to return in json obj...
11/25/2012 07:29:30 am: Query has run: <CALL USP_GetAccounts();>.
11/25/2012 07:29:30 am: ... Got dataset to return in json obj
11/25/2012 07:29:30 am: Get the dataset to return in json obj...
11/25/2012 07:29:30 am: Get the dataset to return in json obj...
11/25/2012 07:29:30 am: Query has run: <CALL USP_GetPayees();>.
11/25/2012 07:29:30 am: ... Got dataset to return in json obj
11/25/2012 07:29:30 am: Query has run: <CALL USP_GetCategories();>.
11/25/2012 07:29:30 am: ... Got dataset to return in json obj
11/25/2012 07:29:30 am: Get the dataset to return in json obj...
11/25/2012 07:29:30 am: Query has run: <CALL USP_GetCategories2();>.
11/25/2012 07:29:30 am: ... Got dataset to return in json obj
11/25/2012 07:29:37 am: Query has run: <CALL USP_GetCategories2 ()>.
11/25/2012 03:18:02 pm: Get the dataset to return in json obj...
11/25/2012 03:18:02 pm: Get the dataset to return in json obj...
11/25/2012 03:18:02 pm: Get the dataset to return in json obj...
11/25/2012 03:18:02 pm: Get the dataset to return in json obj...
11/25/2012 03:18:02 pm: Get the dataset to return in json obj...
11/25/2012 03:18:02 pm: Query has run: <CALL USP_GetPayees();>.
11/25/2012 03:18:02 pm: Query has run: <CALL USP_GetCategories();>.
11/25/2012 03:18:02 pm: ... Got dataset to return in json obj
11/25/2012 03:18:02 pm: ... Got dataset to return in json obj
11/25/2012 03:18:02 pm: Query has run: <CALL USP_GetCategories2();>.
11/25/2012 03:18:02 pm: ... Got dataset to return in json obj
11/25/2012 03:18:02 pm: Query has run: <CALL USP_GetAccounts();>.
11/25/2012 03:18:02 pm: ... Got dataset to return in json obj
11/25/2012 03:18:02 pm: Query has run: <CALL USP_GetCurrencies();>.
11/25/2012 03:18:02 pm: ... Got dataset to return in json obj
11/25/2012 03:18:05 pm: Get the dataset to return in json obj...
11/25/2012 03:18:05 pm: Get the dataset to return in json obj...
11/25/2012 03:18:05 pm: Query has run: <CALL USP_GetAccounts();>.
11/25/2012 03:18:05 pm: Get the dataset to return in json obj...
11/25/2012 03:18:05 pm: ... Got dataset to return in json obj
11/25/2012 03:18:05 pm: Get the dataset to return in json obj...
11/25/2012 03:18:05 pm: Get the dataset to return in json obj...
11/25/2012 03:18:05 pm: Query has run: <CALL USP_GetCurrencies();>.
11/25/2012 03:18:05 pm: ... Got dataset to return in json obj
11/25/2012 03:18:05 pm: Query has run: <CALL USP_GetPayees();>.
11/25/2012 03:18:05 pm: ... Got dataset to return in json obj
11/25/2012 03:18:05 pm: Query has run: <CALL USP_GetCategories();>.
11/25/2012 03:18:05 pm: ... Got dataset to return in json obj
11/25/2012 03:18:05 pm: Query has run: <CALL USP_GetCategories2();>.
11/25/2012 03:18:05 pm: ... Got dataset to return in json obj
11/25/2012 03:18:09 pm: Get the dataset to return in json obj...
11/25/2012 03:18:09 pm: Query has run: <CALL USP_GetAccounts();>.
11/25/2012 03:18:09 pm: ... Got dataset to return in json obj
11/25/2012 03:18:09 pm: Get the dataset to return in json obj...
11/25/2012 03:18:09 pm: Query has run: <CALL USP_GetCurrencies();>.
11/25/2012 03:18:09 pm: ... Got dataset to return in json obj
11/25/2012 03:18:09 pm: Get the dataset to return in json obj...
11/25/2012 03:18:09 pm: Query has run: <CALL USP_GetPayees();>.
11/25/2012 03:18:09 pm: ... Got dataset to return in json obj
11/25/2012 03:18:09 pm: Get the dataset to return in json obj...
11/25/2012 03:18:09 pm: Get the dataset to return in json obj...
11/25/2012 03:18:09 pm: Query has run: <CALL USP_GetCategories();>.
11/25/2012 03:18:09 pm: Query has run: <CALL USP_GetCategories2();>.
11/25/2012 03:18:09 pm: ... Got dataset to return in json obj
11/25/2012 03:18:09 pm: ... Got dataset to return in json obj
11/25/2012 03:18:10 pm: Get the dataset to return in json obj...
11/25/2012 03:18:10 pm: Get the dataset to return in json obj...
11/25/2012 03:18:10 pm: Get the dataset to return in json obj...
11/25/2012 03:18:10 pm: Get the dataset to return in json obj...
11/25/2012 03:18:10 pm: Query has run: <CALL USP_GetAccounts();>.
11/25/2012 03:18:10 pm: ... Got dataset to return in json obj
11/25/2012 03:18:10 pm: Query has run: <CALL USP_GetPayees();>.
11/25/2012 03:18:10 pm: ... Got dataset to return in json obj
11/25/2012 03:18:10 pm: Get the dataset to return in json obj...
11/25/2012 03:18:10 pm: Query has run: <CALL USP_GetCategories2();>.
11/25/2012 03:18:10 pm: Query has run: <CALL USP_GetCategories();>.
11/25/2012 03:18:10 pm: ... Got dataset to return in json obj
11/25/2012 03:18:10 pm: ... Got dataset to return in json obj
11/25/2012 03:18:10 pm: Query has run: <CALL USP_GetCurrencies();>.
11/25/2012 03:18:10 pm: ... Got dataset to return in json obj
11/25/2012 04:42:54 pm: Get the dataset to return in json obj...
11/25/2012 04:42:54 pm: Query has run: <CALL USP_GetCurrencies();>.
11/25/2012 04:42:54 pm: ... Got dataset to return in json obj
11/25/2012 04:42:54 pm: Get the dataset to return in json obj...
11/25/2012 04:42:54 pm: Query has run: <CALL USP_GetPayees();>.
11/25/2012 04:42:54 pm: ... Got dataset to return in json obj
11/25/2012 04:42:54 pm: Get the dataset to return in json obj...
11/25/2012 04:42:54 pm: Query has run: <CALL USP_GetAccounts();>.
11/25/2012 04:42:54 pm: ... Got dataset to return in json obj
11/25/2012 04:42:54 pm: Get the dataset to return in json obj...
11/25/2012 04:42:54 pm: Query has run: <CALL USP_GetCategories2();>.
11/25/2012 04:42:54 pm: ... Got dataset to return in json obj
11/25/2012 04:42:54 pm: Get the dataset to return in json obj...
11/25/2012 04:42:54 pm: Query has run: <CALL USP_GetCategories();>.
11/25/2012 04:42:54 pm: ... Got dataset to return in json obj
11/25/2012 04:43:01 pm: Get the dataset to return in json obj...
11/25/2012 04:43:01 pm: Get the dataset to return in json obj...
11/25/2012 04:43:01 pm: Query has run: <CALL USP_GetAccounts();>.
11/25/2012 04:43:01 pm: Get the dataset to return in json obj...
11/25/2012 04:43:01 pm: Get the dataset to return in json obj...
11/25/2012 04:43:01 pm: ... Got dataset to return in json obj
11/25/2012 04:43:01 pm: Get the dataset to return in json obj...
11/25/2012 04:43:01 pm: Query has run: <CALL USP_GetCurrencies();>.
11/25/2012 04:43:01 pm: ... Got dataset to return in json obj
11/25/2012 04:43:01 pm: Query has run: <CALL USP_GetCategories2();>.
11/25/2012 04:43:01 pm: ... Got dataset to return in json obj
11/25/2012 04:43:01 pm: Query has run: <CALL USP_GetCategories();>.
11/25/2012 04:43:01 pm: ... Got dataset to return in json obj
11/25/2012 04:43:01 pm: Query has run: <CALL USP_GetPayees();>.
11/25/2012 04:43:01 pm: ... Got dataset to return in json obj
11/25/2012 04:43:03 pm: Get the dataset to return in json obj...
11/25/2012 04:43:03 pm: Get the dataset to return in json obj...
11/25/2012 04:43:03 pm: Get the dataset to return in json obj...
11/25/2012 04:43:03 pm: Query has run: <CALL USP_GetCurrencies();>.
11/25/2012 04:43:03 pm: ... Got dataset to return in json obj
11/25/2012 04:43:03 pm: Query has run: <CALL USP_GetAccounts();>.
11/25/2012 04:43:03 pm: Query has run: <CALL USP_GetPayees();>.
11/25/2012 04:43:03 pm: ... Got dataset to return in json obj
11/25/2012 04:43:03 pm: ... Got dataset to return in json obj
11/25/2012 04:43:03 pm: Get the dataset to return in json obj...
11/25/2012 04:43:03 pm: Query has run: <CALL USP_GetCategories();>.
11/25/2012 04:43:03 pm: ... Got dataset to return in json obj
11/25/2012 04:43:03 pm: Get the dataset to return in json obj...
11/25/2012 04:43:03 pm: Query has run: <CALL USP_GetCategories2();>.
11/25/2012 04:43:03 pm: ... Got dataset to return in json obj
11/25/2012 04:43:06 pm: Get the dataset to return in json obj...
11/25/2012 04:43:06 pm: Get the dataset to return in json obj...
11/25/2012 04:43:06 pm: Get the dataset to return in json obj...
11/25/2012 04:43:06 pm: Query has run: <CALL USP_GetAccounts();>.
11/25/2012 04:43:06 pm: ... Got dataset to return in json obj
11/25/2012 04:43:06 pm: Get the dataset to return in json obj...
11/25/2012 04:43:06 pm: Query has run: <CALL USP_GetPayees();>.
11/25/2012 04:43:06 pm: ... Got dataset to return in json obj
11/25/2012 04:43:06 pm: Query has run: <CALL USP_GetCurrencies();>.
11/25/2012 04:43:06 pm: ... Got dataset to return in json obj
11/25/2012 04:43:06 pm: Query has run: <CALL USP_GetCategories();>.
11/25/2012 04:43:06 pm: ... Got dataset to return in json obj
11/25/2012 04:43:06 pm: Get the dataset to return in json obj...
11/25/2012 04:43:06 pm: Query has run: <CALL USP_GetCategories2();>.
11/25/2012 04:43:06 pm: ... Got dataset to return in json obj
11/25/2012 04:43:14 pm: Get the dataset to return in json obj...
11/25/2012 04:43:14 pm: Get the dataset to return in json obj...
11/25/2012 04:43:14 pm: Query has run: <CALL USP_GetAccounts();>.
11/25/2012 04:43:14 pm: Get the dataset to return in json obj...
11/25/2012 04:43:14 pm: ... Got dataset to return in json obj
11/25/2012 04:43:14 pm: Query has run: <CALL USP_GetCategories();>.
11/25/2012 04:43:14 pm: ... Got dataset to return in json obj
11/25/2012 04:43:14 pm: Query has run: <CALL USP_GetCurrencies();>.
11/25/2012 04:43:14 pm: ... Got dataset to return in json obj
11/25/2012 04:43:14 pm: Get the dataset to return in json obj...
11/25/2012 04:43:14 pm: Get the dataset to return in json obj...
11/25/2012 04:43:14 pm: Query has run: <CALL USP_GetPayees();>.
11/25/2012 04:43:14 pm: ... Got dataset to return in json obj
11/25/2012 04:43:14 pm: Query has run: <CALL USP_GetCategories2();>.
11/25/2012 04:43:14 pm: ... Got dataset to return in json obj
11/25/2012 04:43:21 pm: Get the dataset to return in json obj...
11/25/2012 04:43:21 pm: Query has run: <CALL USP_GetCurrencies();>.
11/25/2012 04:43:21 pm: ... Got dataset to return in json obj
11/25/2012 04:43:21 pm: Get the dataset to return in json obj...
11/25/2012 04:43:21 pm: Get the dataset to return in json obj...
11/25/2012 04:43:21 pm: Get the dataset to return in json obj...
11/25/2012 04:43:21 pm: Query has run: <CALL USP_GetCategories2();>.
11/25/2012 04:43:21 pm: ... Got dataset to return in json obj
11/25/2012 04:43:21 pm: Query has run: <CALL USP_GetCategories();>.
11/25/2012 04:43:21 pm: ... Got dataset to return in json obj
11/25/2012 04:43:21 pm: Query has run: <CALL USP_GetAccounts();>.
11/25/2012 04:43:21 pm: ... Got dataset to return in json obj
11/25/2012 04:43:21 pm: Get the dataset to return in json obj...
11/25/2012 04:43:21 pm: Query has run: <CALL USP_GetPayees();>.
11/25/2012 04:43:21 pm: ... Got dataset to return in json obj
11/25/2012 04:43:27 pm: Get the dataset to return in json obj...
11/25/2012 04:43:27 pm: Get the dataset to return in json obj...
11/25/2012 04:43:27 pm: Get the dataset to return in json obj...
11/25/2012 04:43:27 pm: Get the dataset to return in json obj...
11/25/2012 04:43:27 pm: Query has run: <CALL USP_GetAccounts();>.
11/25/2012 04:43:27 pm: ... Got dataset to return in json obj
11/25/2012 04:43:27 pm: Query has run: <CALL USP_GetCurrencies();>.
11/25/2012 04:43:27 pm: ... Got dataset to return in json obj
11/25/2012 04:43:27 pm: Query has run: <CALL USP_GetPayees();>.
11/25/2012 04:43:27 pm: ... Got dataset to return in json obj
11/25/2012 04:43:27 pm: Get the dataset to return in json obj...
11/25/2012 04:43:27 pm: Query has run: <CALL USP_GetCategories2();>.
11/25/2012 04:43:27 pm: ... Got dataset to return in json obj
11/25/2012 04:43:27 pm: Query has run: <CALL USP_GetCategories();>.
11/25/2012 04:43:27 pm: ... Got dataset to return in json obj
11/25/2012 04:43:29 pm: Get the dataset to return in json obj...
11/25/2012 04:43:29 pm: Get the dataset to return in json obj...
11/25/2012 04:43:29 pm: Get the dataset to return in json obj...
11/25/2012 04:43:29 pm: Query has run: <CALL USP_GetCurrencies();>.
11/25/2012 04:43:29 pm: ... Got dataset to return in json obj
11/25/2012 04:43:29 pm: Query has run: <CALL USP_GetAccounts();>.
11/25/2012 04:43:29 pm: Query has run: <CALL USP_GetPayees();>.
11/25/2012 04:43:29 pm: ... Got dataset to return in json obj
11/25/2012 04:43:29 pm: ... Got dataset to return in json obj
11/25/2012 04:43:29 pm: Get the dataset to return in json obj...
11/25/2012 04:43:29 pm: Get the dataset to return in json obj...
11/25/2012 04:43:29 pm: Query has run: <CALL USP_GetCategories2();>.
11/25/2012 04:43:29 pm: ... Got dataset to return in json obj
11/25/2012 04:43:29 pm: Query has run: <CALL USP_GetCategories();>.
11/25/2012 04:43:29 pm: ... Got dataset to return in json obj
11/25/2012 04:43:32 pm: Get the dataset to return in json obj...
11/25/2012 04:43:32 pm: Get the dataset to return in json obj...
11/25/2012 04:43:32 pm: Query has run: <CALL USP_GetAccounts();>.
11/25/2012 04:43:32 pm: ... Got dataset to return in json obj
11/25/2012 04:43:32 pm: Query has run: <CALL USP_GetCurrencies();>.
11/25/2012 04:43:32 pm: ... Got dataset to return in json obj
11/25/2012 04:43:32 pm: Get the dataset to return in json obj...
11/25/2012 04:43:32 pm: Get the dataset to return in json obj...
11/25/2012 04:43:32 pm: Get the dataset to return in json obj...
11/25/2012 04:43:32 pm: Query has run: <CALL USP_GetCategories();>.
11/25/2012 04:43:32 pm: ... Got dataset to return in json obj
11/25/2012 04:43:32 pm: Query has run: <CALL USP_GetPayees();>.
11/25/2012 04:43:32 pm: ... Got dataset to return in json obj
11/25/2012 04:43:32 pm: Query has run: <CALL USP_GetCategories2();>.
11/25/2012 04:43:32 pm: ... Got dataset to return in json obj
11/25/2012 04:43:45 pm: Get the dataset to return in json obj...
11/25/2012 04:43:45 pm: Query has run: <CALL USP_GetCurrencies();>.
11/25/2012 04:43:45 pm: ... Got dataset to return in json obj
11/25/2012 04:43:45 pm: Get the dataset to return in json obj...
11/25/2012 04:43:45 pm: Get the dataset to return in json obj...
11/25/2012 04:43:45 pm: Query has run: <CALL USP_GetAccounts();>.
11/25/2012 04:43:45 pm: ... Got dataset to return in json obj
11/25/2012 04:43:45 pm: Get the dataset to return in json obj...
11/25/2012 04:43:45 pm: Get the dataset to return in json obj...
11/25/2012 04:43:45 pm: Query has run: <CALL USP_GetCategories();>.
11/25/2012 04:43:45 pm: ... Got dataset to return in json obj
11/25/2012 04:43:45 pm: Query has run: <CALL USP_GetCategories2();>.
11/25/2012 04:43:45 pm: ... Got dataset to return in json obj
11/25/2012 04:43:45 pm: Query has run: <CALL USP_GetPayees();>.
11/25/2012 04:43:45 pm: ... Got dataset to return in json obj
11/25/2012 05:18:02 pm: Get the dataset to return in json obj...
11/25/2012 05:18:02 pm: Query has run: <CALL USP_GetAccounts();>.
11/25/2012 05:18:02 pm: ... Got dataset to return in json obj
11/25/2012 05:18:02 pm: Get the dataset to return in json obj...
11/25/2012 05:18:02 pm: Query has run: <CALL USP_GetCurrencies();>.
11/25/2012 05:18:02 pm: ... Got dataset to return in json obj
11/25/2012 05:18:03 pm: Get the dataset to return in json obj...
11/25/2012 05:18:03 pm: Query has run: <CALL USP_GetPayees();>.
11/25/2012 05:18:03 pm: ... Got dataset to return in json obj
11/25/2012 05:18:04 pm: Get the dataset to return in json obj...
11/25/2012 05:18:04 pm: Query has run: <CALL USP_GetCategories();>.
11/25/2012 05:18:04 pm: ... Got dataset to return in json obj
11/25/2012 05:18:05 pm: Get the dataset to return in json obj...
11/25/2012 05:18:05 pm: Query has run: <CALL USP_GetCategories2();>.
11/25/2012 05:18:05 pm: ... Got dataset to return in json obj
11/25/2012 05:18:42 pm: Get the dataset to return in json obj...
11/25/2012 05:18:42 pm: Query has run: <CALL USP_GetCategories();>.
11/25/2012 05:18:42 pm: ... Got dataset to return in json obj
11/25/2012 05:18:42 pm: Get the dataset to return in json obj...
11/25/2012 05:18:42 pm: Query has run: <CALL USP_GetAccounts();>.
11/25/2012 05:18:42 pm: ... Got dataset to return in json obj
11/25/2012 05:18:43 pm: Get the dataset to return in json obj...
11/25/2012 05:18:43 pm: Query has run: <CALL USP_GetCurrencies();>.
11/25/2012 05:18:43 pm: ... Got dataset to return in json obj
11/25/2012 05:18:43 pm: Get the dataset to return in json obj...
11/25/2012 05:18:44 pm: Query has run: <CALL USP_GetCategories2();>.
11/25/2012 05:18:44 pm: ... Got dataset to return in json obj
11/25/2012 05:18:44 pm: Get the dataset to return in json obj...
11/25/2012 05:18:44 pm: Query has run: <CALL USP_GetPayees();>.
11/25/2012 05:18:44 pm: ... Got dataset to return in json obj
11/25/2012 05:21:24 pm: Get the dataset to return in json obj...
11/25/2012 05:21:24 pm: Query has run: <CALL USP_GetCurrencies();>.
11/25/2012 05:21:24 pm: ... Got dataset to return in json obj
11/25/2012 05:21:25 pm: Get the dataset to return in json obj...
11/25/2012 05:21:25 pm: Query has run: <CALL USP_GetAccounts();>.
11/25/2012 05:21:25 pm: ... Got dataset to return in json obj
11/25/2012 05:21:25 pm: Get the dataset to return in json obj...
11/25/2012 05:21:25 pm: Query has run: <CALL USP_GetPayees();>.
11/25/2012 05:21:25 pm: ... Got dataset to return in json obj
11/25/2012 05:21:26 pm: Get the dataset to return in json obj...
11/25/2012 05:21:26 pm: Query has run: <CALL USP_GetCategories();>.
11/25/2012 05:21:26 pm: ... Got dataset to return in json obj
11/25/2012 05:21:27 pm: Get the dataset to return in json obj...
11/25/2012 05:21:27 pm: Query has run: <CALL USP_GetCategories2();>.
11/25/2012 05:21:27 pm: ... Got dataset to return in json obj
11/25/2012 05:24:14 pm: Get the dataset to return in json obj...
11/25/2012 05:24:14 pm: Get the dataset to return in json obj...
11/25/2012 05:24:14 pm: Query has run: <CALL USP_GetCurrencies();>.
11/25/2012 05:24:14 pm: ... Got dataset to return in json obj
11/25/2012 05:24:14 pm: Query has run: <CALL USP_GetAccounts();>.
11/25/2012 05:24:14 pm: ... Got dataset to return in json obj
11/25/2012 05:24:14 pm: Get the dataset to return in json obj...
11/25/2012 05:24:14 pm: Query has run: <CALL USP_GetPayees();>.
11/25/2012 05:24:14 pm: ... Got dataset to return in json obj
11/25/2012 05:24:14 pm: Get the dataset to return in json obj...
11/25/2012 05:24:14 pm: Get the dataset to return in json obj...
11/25/2012 05:24:14 pm: Query has run: <CALL USP_GetCategories();>.
11/25/2012 05:24:14 pm: ... Got dataset to return in json obj
11/25/2012 05:24:14 pm: Query has run: <CALL USP_GetCategories2();>.
11/25/2012 05:24:14 pm: ... Got dataset to return in json obj
11/25/2012 05:33:24 pm: Get the dataset to return in json obj...
11/25/2012 05:33:24 pm: Query has run: <CALL USP_GetCategories();>.
11/25/2012 05:33:24 pm: ... Got dataset to return in json obj
11/25/2012 05:33:24 pm: Get the dataset to return in json obj...
11/25/2012 05:33:24 pm: Get the dataset to return in json obj...
11/25/2012 05:33:24 pm: Get the dataset to return in json obj...
11/25/2012 05:33:24 pm: Query has run: <CALL USP_GetAccounts();>.
11/25/2012 05:33:24 pm: Query has run: <CALL USP_GetCurrencies();>.
11/25/2012 05:33:24 pm: ... Got dataset to return in json obj
11/25/2012 05:33:24 pm: ... Got dataset to return in json obj
11/25/2012 05:33:24 pm: Get the dataset to return in json obj...
11/25/2012 05:33:24 pm: Query has run: <CALL USP_GetCategories2();>.
11/25/2012 05:33:24 pm: ... Got dataset to return in json obj
11/25/2012 05:33:24 pm: Query has run: <CALL USP_GetPayees();>.
11/25/2012 05:33:24 pm: ... Got dataset to return in json obj
11/25/2012 05:33:34 pm: Get the dataset to return in json obj...
11/25/2012 05:33:34 pm: Get the dataset to return in json obj...
11/25/2012 05:33:34 pm: Query has run: <CALL USP_GetAccounts();>.
11/25/2012 05:33:34 pm: ... Got dataset to return in json obj
11/25/2012 05:33:34 pm: Query has run: <CALL USP_GetCurrencies();>.
11/25/2012 05:33:34 pm: ... Got dataset to return in json obj
11/25/2012 05:33:34 pm: Get the dataset to return in json obj...
11/25/2012 05:33:34 pm: Query has run: <CALL USP_GetCategories();>.
11/25/2012 05:33:34 pm: ... Got dataset to return in json obj
11/25/2012 05:33:34 pm: Get the dataset to return in json obj...
11/25/2012 05:33:34 pm: Query has run: <CALL USP_GetPayees();>.
11/25/2012 05:33:34 pm: ... Got dataset to return in json obj
11/25/2012 05:33:34 pm: Get the dataset to return in json obj...
11/25/2012 05:33:34 pm: Query has run: <CALL USP_GetCategories2();>.
11/25/2012 05:33:34 pm: ... Got dataset to return in json obj
11/25/2012 05:34:18 pm: Get the dataset to return in json obj...
11/25/2012 05:34:18 pm: Get the dataset to return in json obj...
11/25/2012 05:34:18 pm: Query has run: <CALL USP_GetCurrencies();>.
11/25/2012 05:34:18 pm: ... Got dataset to return in json obj
11/25/2012 05:34:18 pm: Query has run: <CALL USP_GetAccounts();>.
11/25/2012 05:34:18 pm: ... Got dataset to return in json obj
11/25/2012 05:34:18 pm: Get the dataset to return in json obj...
11/25/2012 05:34:18 pm: Query has run: <CALL USP_GetPayees();>.
11/25/2012 05:34:18 pm: Get the dataset to return in json obj...
11/25/2012 05:34:18 pm: ... Got dataset to return in json obj
11/25/2012 05:34:18 pm: Query has run: <CALL USP_GetCategories();>.
11/25/2012 05:34:18 pm: ... Got dataset to return in json obj
11/25/2012 05:34:18 pm: Get the dataset to return in json obj...
11/25/2012 05:34:18 pm: Query has run: <CALL USP_GetCategories2();>.
11/25/2012 05:34:18 pm: ... Got dataset to return in json obj
11/25/2012 05:36:57 pm: Get the dataset to return in json obj...
11/25/2012 05:36:57 pm: Get the dataset to return in json obj...
11/25/2012 05:36:57 pm: Get the dataset to return in json obj...
11/25/2012 05:36:57 pm: Get the dataset to return in json obj...
11/25/2012 05:36:57 pm: Get the dataset to return in json obj...
11/25/2012 05:36:57 pm: Query has run: <CALL USP_GetPayees();>.
11/25/2012 05:36:57 pm: Query has run: <CALL USP_GetAccounts();>.
11/25/2012 05:36:57 pm: ... Got dataset to return in json obj
11/25/2012 05:36:57 pm: ... Got dataset to return in json obj
11/25/2012 05:36:57 pm: Query has run: <CALL USP_GetCurrencies();>.
11/25/2012 05:36:57 pm: ... Got dataset to return in json obj
11/25/2012 05:36:57 pm: Query has run: <CALL USP_GetCategories();>.
11/25/2012 05:36:57 pm: ... Got dataset to return in json obj
11/25/2012 05:36:57 pm: Query has run: <CALL USP_GetCategories2();>.
11/25/2012 05:36:57 pm: ... Got dataset to return in json obj
11/25/2012 05:36:59 pm: Get the dataset to return in json obj...
11/25/2012 05:36:59 pm: Query has run: <CALL USP_GetAccounts();>.
11/25/2012 05:36:59 pm: ... Got dataset to return in json obj
11/25/2012 05:36:59 pm: Get the dataset to return in json obj...
11/25/2012 05:36:59 pm: Get the dataset to return in json obj...
11/25/2012 05:36:59 pm: Get the dataset to return in json obj...
11/25/2012 05:36:59 pm: Query has run: <CALL USP_GetCategories();>.
11/25/2012 05:36:59 pm: ... Got dataset to return in json obj
11/25/2012 05:36:59 pm: Query has run: <CALL USP_GetPayees();>.
11/25/2012 05:36:59 pm: ... Got dataset to return in json obj
11/25/2012 05:36:59 pm: Query has run: <CALL USP_GetCategories2();>.
11/25/2012 05:36:59 pm: ... Got dataset to return in json obj
11/25/2012 05:36:59 pm: Get the dataset to return in json obj...
11/25/2012 05:36:59 pm: Query has run: <CALL USP_GetCurrencies();>.
11/25/2012 05:36:59 pm: ... Got dataset to return in json obj
11/25/2012 05:41:08 pm: Get the dataset to return in json obj...
11/25/2012 05:41:08 pm: Get the dataset to return in json obj...
11/25/2012 05:41:08 pm: Query has run: <CALL USP_GetPayees();>.
11/25/2012 05:41:08 pm: ... Got dataset to return in json obj
11/25/2012 05:41:08 pm: Query has run: <CALL USP_GetCurrencies();>.
11/25/2012 05:41:08 pm: ... Got dataset to return in json obj
11/25/2012 05:41:08 pm: Get the dataset to return in json obj...
11/25/2012 05:41:08 pm: Query has run: <CALL USP_GetCategories();>.
11/25/2012 05:41:08 pm: ... Got dataset to return in json obj
11/25/2012 05:41:08 pm: Get the dataset to return in json obj...
11/25/2012 05:41:08 pm: Get the dataset to return in json obj...
11/25/2012 05:41:08 pm: Query has run: <CALL USP_GetCategories2();>.
11/25/2012 05:41:08 pm: ... Got dataset to return in json obj
11/25/2012 05:41:08 pm: Query has run: <CALL USP_GetAccounts();>.
11/25/2012 05:41:08 pm: ... Got dataset to return in json obj
11/25/2012 05:41:11 pm: Get the dataset to return in json obj...
11/25/2012 05:41:11 pm: Query has run: <CALL USP_GetAccounts();>.
11/25/2012 05:41:11 pm: ... Got dataset to return in json obj
11/25/2012 05:41:11 pm: Get the dataset to return in json obj...
11/25/2012 05:41:11 pm: Query has run: <CALL USP_GetCurrencies();>.
11/25/2012 05:41:11 pm: ... Got dataset to return in json obj
11/25/2012 05:41:12 pm: Get the dataset to return in json obj...
11/25/2012 05:41:12 pm: Query has run: <CALL USP_GetPayees();>.
11/25/2012 05:41:12 pm: ... Got dataset to return in json obj
11/25/2012 05:41:12 pm: Get the dataset to return in json obj...
11/25/2012 05:41:12 pm: Query has run: <CALL USP_GetCategories();>.
11/25/2012 05:41:12 pm: ... Got dataset to return in json obj
11/25/2012 05:41:12 pm: Get the dataset to return in json obj...
11/25/2012 05:41:12 pm: Query has run: <CALL USP_GetCategories2();>.
11/25/2012 05:41:12 pm: ... Got dataset to return in json obj
11/25/2012 05:45:16 pm: Get the dataset to return in json obj...
11/25/2012 05:45:16 pm: Get the dataset to return in json obj...
11/25/2012 05:45:16 pm: Query has run: <CALL USP_GetAccounts();>.
11/25/2012 05:45:16 pm: ... Got dataset to return in json obj
11/25/2012 05:45:16 pm: Query has run: <CALL USP_GetCurrencies();>.
11/25/2012 05:45:16 pm: ... Got dataset to return in json obj
11/25/2012 05:45:16 pm: Get the dataset to return in json obj...
11/25/2012 05:45:16 pm: Query has run: <CALL USP_GetPayees();>.
11/25/2012 05:45:16 pm: ... Got dataset to return in json obj
11/25/2012 05:45:16 pm: Get the dataset to return in json obj...
11/25/2012 05:45:16 pm: Query has run: <CALL USP_GetCategories();>.
11/25/2012 05:45:16 pm: ... Got dataset to return in json obj
11/25/2012 05:45:16 pm: Get the dataset to return in json obj...
11/25/2012 05:45:16 pm: Query has run: <CALL USP_GetCategories2();>.
11/25/2012 05:45:16 pm: ... Got dataset to return in json obj
11/25/2012 06:48:31 pm: Get the dataset to return in json obj...
11/25/2012 06:48:31 pm: Query has run: <CALL USP_GetAccounts();>.
11/25/2012 06:48:31 pm: ... Got dataset to return in json obj
11/25/2012 06:48:31 pm: Get the dataset to return in json obj...
11/25/2012 06:48:31 pm: Query has run: <CALL USP_GetPayees();>.
11/25/2012 06:48:31 pm: ... Got dataset to return in json obj
11/25/2012 06:48:31 pm: Get the dataset to return in json obj...
11/25/2012 06:48:31 pm: Query has run: <CALL USP_GetCurrencies();>.
11/25/2012 06:48:31 pm: ... Got dataset to return in json obj
11/25/2012 06:48:31 pm: Get the dataset to return in json obj...
11/25/2012 06:48:31 pm: Query has run: <CALL USP_GetCategories();>.
11/25/2012 06:48:31 pm: ... Got dataset to return in json obj
11/25/2012 06:48:31 pm: Get the dataset to return in json obj...
11/25/2012 06:48:31 pm: Query has run: <CALL USP_GetCategories2();>.
11/25/2012 06:48:31 pm: ... Got dataset to return in json obj
11/25/2012 06:59:22 pm: Get the dataset to return in json obj...
11/25/2012 06:59:22 pm: Query has run: <CALL USP_GetAccounts();>.
11/25/2012 06:59:22 pm: ... Got dataset to return in json obj
11/25/2012 06:59:22 pm: Get the dataset to return in json obj...
11/25/2012 06:59:22 pm: Query has run: <CALL USP_GetCurrencies();>.
11/25/2012 06:59:22 pm: ... Got dataset to return in json obj
11/25/2012 06:59:22 pm: Get the dataset to return in json obj...
11/25/2012 06:59:22 pm: Query has run: <CALL USP_GetPayees();>.
11/25/2012 06:59:22 pm: Get the dataset to return in json obj...
11/25/2012 06:59:22 pm: ... Got dataset to return in json obj
11/25/2012 06:59:22 pm: Get the dataset to return in json obj...
11/25/2012 06:59:22 pm: Query has run: <CALL USP_GetCategories();>.
11/25/2012 06:59:22 pm: ... Got dataset to return in json obj
11/25/2012 06:59:22 pm: Query has run: <CALL USP_GetCategories2();>.
11/25/2012 06:59:22 pm: ... Got dataset to return in json obj
11/25/2012 07:06:20 pm: Get the dataset to return in json obj...
11/25/2012 07:06:20 pm: Get the dataset to return in json obj...
11/25/2012 07:06:20 pm: Query has run: <CALL USP_GetCurrencies();>.
11/25/2012 07:06:20 pm: ... Got dataset to return in json obj
11/25/2012 07:06:20 pm: Get the dataset to return in json obj...
11/25/2012 07:06:20 pm: Get the dataset to return in json obj...
11/25/2012 07:06:20 pm: Get the dataset to return in json obj...
11/25/2012 07:06:20 pm: Query has run: <CALL USP_GetCategories();>.
11/25/2012 07:06:20 pm: ... Got dataset to return in json obj
11/25/2012 07:06:20 pm: Query has run: <CALL USP_GetAccounts();>.
11/25/2012 07:06:20 pm: ... Got dataset to return in json obj
11/25/2012 07:06:20 pm: Query has run: <CALL USP_GetCategories2();>.
11/25/2012 07:06:20 pm: ... Got dataset to return in json obj
11/25/2012 07:06:20 pm: Query has run: <CALL USP_GetPayees();>.
11/25/2012 07:06:20 pm: ... Got dataset to return in json obj
11/25/2012 07:50:13 pm: Get the dataset to return in json obj...
11/25/2012 07:50:13 pm: Query has run: <CALL USP_GetAccounts();>.
11/25/2012 07:50:13 pm: ... Got dataset to return in json obj
11/25/2012 07:50:13 pm: Get the dataset to return in json obj...
11/25/2012 07:50:13 pm: Get the dataset to return in json obj...
11/25/2012 07:50:13 pm: Query has run: <CALL USP_GetCurrencies();>.
11/25/2012 07:50:13 pm: ... Got dataset to return in json obj
11/25/2012 07:50:13 pm: Get the dataset to return in json obj...
11/25/2012 07:50:13 pm: Query has run: <CALL USP_GetPayees();>.
11/25/2012 07:50:13 pm: ... Got dataset to return in json obj
11/25/2012 07:50:13 pm: Query has run: <CALL USP_GetCategories();>.
11/25/2012 07:50:13 pm: ... Got dataset to return in json obj
11/25/2012 07:50:13 pm: Get the dataset to return in json obj...
11/25/2012 07:50:13 pm: Query has run: <CALL USP_GetCategories2();>.
11/25/2012 07:50:13 pm: ... Got dataset to return in json obj
11/25/2012 07:53:16 pm: Get the dataset to return in json obj...
11/25/2012 07:53:16 pm: Get the dataset to return in json obj...
11/25/2012 07:53:16 pm: Query has run: <CALL USP_GetAccounts();>.
11/25/2012 07:53:16 pm: ... Got dataset to return in json obj
11/25/2012 07:53:16 pm: Query has run: <CALL USP_GetCurrencies();>.
11/25/2012 07:53:16 pm: ... Got dataset to return in json obj
11/25/2012 07:53:16 pm: Get the dataset to return in json obj...
11/25/2012 07:53:16 pm: Query has run: <CALL USP_GetCategories();>.
11/25/2012 07:53:16 pm: ... Got dataset to return in json obj
11/25/2012 07:53:16 pm: Get the dataset to return in json obj...
11/25/2012 07:53:16 pm: Query has run: <CALL USP_GetCategories2();>.
11/25/2012 07:53:16 pm: ... Got dataset to return in json obj
11/25/2012 07:53:16 pm: Get the dataset to return in json obj...
11/25/2012 07:53:16 pm: Query has run: <CALL USP_GetPayees();>.
11/25/2012 07:53:16 pm: ... Got dataset to return in json obj
11/25/2012 07:54:00 pm: Get the dataset to return in json obj...
11/25/2012 07:54:00 pm: Query has run: <CALL USP_GetAccounts();>.
11/25/2012 07:54:00 pm: ... Got dataset to return in json obj
11/25/2012 07:54:00 pm: Get the dataset to return in json obj...
11/25/2012 07:54:00 pm: Query has run: <CALL USP_GetCategories();>.
11/25/2012 07:54:00 pm: ... Got dataset to return in json obj
11/25/2012 07:54:00 pm: Get the dataset to return in json obj...
11/25/2012 07:54:00 pm: Query has run: <CALL USP_GetCategories2();>.
11/25/2012 07:54:00 pm: ... Got dataset to return in json obj
11/25/2012 07:54:00 pm: Get the dataset to return in json obj...
11/25/2012 07:54:00 pm: Query has run: <CALL USP_GetCurrencies();>.
11/25/2012 07:54:00 pm: ... Got dataset to return in json obj
11/25/2012 07:54:00 pm: Get the dataset to return in json obj...
11/25/2012 07:54:00 pm: Query has run: <CALL USP_GetPayees();>.
11/25/2012 07:54:00 pm: ... Got dataset to return in json obj
11/25/2012 07:54:19 pm: Get the dataset to return in json obj...
11/25/2012 07:54:19 pm: Query has run: <CALL USP_GetAccounts();>.
11/25/2012 07:54:19 pm: ... Got dataset to return in json obj
11/25/2012 07:54:19 pm: Get the dataset to return in json obj...
11/25/2012 07:54:19 pm: Query has run: <CALL USP_GetCurrencies();>.
11/25/2012 07:54:19 pm: ... Got dataset to return in json obj
11/25/2012 07:54:19 pm: Get the dataset to return in json obj...
11/25/2012 07:54:19 pm: Query has run: <CALL USP_GetPayees();>.
11/25/2012 07:54:19 pm: ... Got dataset to return in json obj
11/25/2012 07:54:19 pm: Get the dataset to return in json obj...
11/25/2012 07:54:19 pm: Query has run: <CALL USP_GetCategories();>.
11/25/2012 07:54:19 pm: ... Got dataset to return in json obj
11/25/2012 07:54:19 pm: Get the dataset to return in json obj...
11/25/2012 07:54:19 pm: Query has run: <CALL USP_GetCategories2();>.
11/25/2012 07:54:19 pm: ... Got dataset to return in json obj
11/25/2012 07:55:42 pm: Get the dataset to return in json obj...
11/25/2012 07:55:42 pm: Get the dataset to return in json obj...
11/25/2012 07:55:42 pm: Get the dataset to return in json obj...
11/25/2012 07:55:42 pm: Get the dataset to return in json obj...
11/25/2012 07:55:42 pm: Query has run: <CALL USP_GetAccounts();>.
11/25/2012 07:55:42 pm: ... Got dataset to return in json obj
11/25/2012 07:55:42 pm: Query has run: <CALL USP_GetCurrencies();>.
11/25/2012 07:55:42 pm: ... Got dataset to return in json obj
11/25/2012 07:55:42 pm: Get the dataset to return in json obj...
11/25/2012 07:55:42 pm: Query has run: <CALL USP_GetCategories2();>.
11/25/2012 07:55:42 pm: ... Got dataset to return in json obj
11/25/2012 07:55:42 pm: Query has run: <CALL USP_GetPayees();>.
11/25/2012 07:55:42 pm: ... Got dataset to return in json obj
11/25/2012 07:55:42 pm: Query has run: <CALL USP_GetCategories();>.
11/25/2012 07:55:42 pm: ... Got dataset to return in json obj
11/25/2012 07:55:59 pm: Get the dataset to return in json obj...
11/25/2012 07:55:59 pm: Query has run: <CALL USP_GetCurrencies();>.
11/25/2012 07:55:59 pm: ... Got dataset to return in json obj
11/25/2012 07:55:59 pm: Get the dataset to return in json obj...
11/25/2012 07:55:59 pm: Get the dataset to return in json obj...
11/25/2012 07:55:59 pm: Query has run: <CALL USP_GetAccounts();>.
11/25/2012 07:55:59 pm: ... Got dataset to return in json obj
11/25/2012 07:55:59 pm: Get the dataset to return in json obj...
11/25/2012 07:55:59 pm: Query has run: <CALL USP_GetPayees();>.
11/25/2012 07:55:59 pm: ... Got dataset to return in json obj
11/25/2012 07:55:59 pm: Query has run: <CALL USP_GetCategories();>.
11/25/2012 07:55:59 pm: ... Got dataset to return in json obj
11/25/2012 07:55:59 pm: Get the dataset to return in json obj...
11/25/2012 07:55:59 pm: Query has run: <CALL USP_GetCategories2();>.
11/25/2012 07:55:59 pm: ... Got dataset to return in json obj
11/25/2012 07:57:31 pm: Get the dataset to return in json obj...
11/25/2012 07:57:31 pm: Query has run: <CALL USP_GetAccounts();>.
11/25/2012 07:57:31 pm: ... Got dataset to return in json obj
11/25/2012 07:57:31 pm: Get the dataset to return in json obj...
11/25/2012 07:57:31 pm: Query has run: <CALL USP_GetCurrencies();>.
11/25/2012 07:57:31 pm: ... Got dataset to return in json obj
11/25/2012 07:57:31 pm: Get the dataset to return in json obj...
11/25/2012 07:57:31 pm: Query has run: <CALL USP_GetPayees();>.
11/25/2012 07:57:31 pm: ... Got dataset to return in json obj
11/25/2012 07:57:31 pm: Get the dataset to return in json obj...
11/25/2012 07:57:31 pm: Get the dataset to return in json obj...
11/25/2012 07:57:31 pm: Query has run: <CALL USP_GetCategories();>.
11/25/2012 07:57:31 pm: ... Got dataset to return in json obj
11/25/2012 07:57:31 pm: Query has run: <CALL USP_GetCategories2();>.
11/25/2012 07:57:31 pm: ... Got dataset to return in json obj
11/25/2012 07:59:24 pm: Get the dataset to return in json obj...
11/25/2012 07:59:24 pm: Get the dataset to return in json obj...
11/25/2012 07:59:24 pm: Get the dataset to return in json obj...
11/25/2012 07:59:24 pm: Query has run: <CALL USP_GetCategories2();>.
11/25/2012 07:59:24 pm: ... Got dataset to return in json obj
11/25/2012 07:59:24 pm: Get the dataset to return in json obj...
11/25/2012 07:59:24 pm: Query has run: <CALL USP_GetCategories();>.
11/25/2012 07:59:24 pm: ... Got dataset to return in json obj
11/25/2012 07:59:24 pm: Query has run: <CALL USP_GetCurrencies();>.
11/25/2012 07:59:24 pm: ... Got dataset to return in json obj
11/25/2012 07:59:24 pm: Query has run: <CALL USP_GetPayees();>.
11/25/2012 07:59:24 pm: ... Got dataset to return in json obj
11/25/2012 07:59:24 pm: Get the dataset to return in json obj...
11/25/2012 07:59:24 pm: Query has run: <CALL USP_GetAccounts();>.
11/25/2012 07:59:24 pm: ... Got dataset to return in json obj
11/25/2012 08:11:23 pm: Get the dataset to return in json obj...
11/25/2012 08:11:23 pm: Query has run: <CALL USP_GetAccounts();>.
11/25/2012 08:11:23 pm: ... Got dataset to return in json obj
11/25/2012 08:11:23 pm: Get the dataset to return in json obj...
11/25/2012 08:11:23 pm: Query has run: <CALL USP_GetPayees();>.
11/25/2012 08:11:23 pm: ... Got dataset to return in json obj
11/25/2012 08:11:23 pm: Get the dataset to return in json obj...
11/25/2012 08:11:23 pm: Query has run: <CALL USP_GetCurrencies();>.
11/25/2012 08:11:23 pm: ... Got dataset to return in json obj
11/25/2012 08:11:23 pm: Get the dataset to return in json obj...
11/25/2012 08:11:23 pm: Query has run: <CALL USP_GetCategories();>.
11/25/2012 08:11:23 pm: ... Got dataset to return in json obj
11/25/2012 08:11:23 pm: Get the dataset to return in json obj...
11/25/2012 08:11:23 pm: Query has run: <CALL USP_GetCategories2();>.
11/25/2012 08:11:23 pm: ... Got dataset to return in json obj
11/25/2012 08:13:31 pm: Get the dataset to return in json obj...
11/25/2012 08:13:31 pm: Get the dataset to return in json obj...
11/25/2012 08:13:31 pm: Get the dataset to return in json obj...
11/25/2012 08:13:31 pm: Get the dataset to return in json obj...
11/25/2012 08:13:31 pm: Query has run: <CALL USP_GetCategories();>.
11/25/2012 08:13:31 pm: ... Got dataset to return in json obj
11/25/2012 08:13:31 pm: Query has run: <CALL USP_GetCategories2();>.
11/25/2012 08:13:31 pm: ... Got dataset to return in json obj
11/25/2012 08:13:31 pm: Query has run: <CALL USP_GetPayees();>.
11/25/2012 08:13:31 pm: ... Got dataset to return in json obj
11/25/2012 08:13:31 pm: Query has run: <CALL USP_GetAccounts();>.
11/25/2012 08:13:31 pm: ... Got dataset to return in json obj
11/25/2012 08:13:31 pm: Get the dataset to return in json obj...
11/25/2012 08:13:31 pm: Query has run: <CALL USP_GetCurrencies();>.
11/25/2012 08:13:31 pm: ... Got dataset to return in json obj
11/25/2012 08:14:58 pm: Get the dataset to return in json obj...
11/25/2012 08:14:58 pm: Get the dataset to return in json obj...
11/25/2012 08:14:58 pm: Get the dataset to return in json obj...
11/25/2012 08:14:58 pm: Query has run: <CALL USP_GetCategories();>.
11/25/2012 08:14:58 pm: ... Got dataset to return in json obj
11/25/2012 08:14:58 pm: Get the dataset to return in json obj...
11/25/2012 08:14:58 pm: Query has run: <CALL USP_GetPayees();>.
11/25/2012 08:14:58 pm: ... Got dataset to return in json obj
11/25/2012 08:14:58 pm: Query has run: <CALL USP_GetAccounts();>.
11/25/2012 08:14:58 pm: ... Got dataset to return in json obj
11/25/2012 08:14:58 pm: Query has run: <CALL USP_GetCategories2();>.
11/25/2012 08:14:58 pm: ... Got dataset to return in json obj
11/25/2012 08:14:58 pm: Get the dataset to return in json obj...
11/25/2012 08:14:58 pm: Query has run: <CALL USP_GetCurrencies();>.
11/25/2012 08:14:58 pm: ... Got dataset to return in json obj
11/25/2012 08:16:42 pm: Get the dataset to return in json obj...
11/25/2012 08:16:42 pm: Query has run: <CALL USP_GetAccounts();>.
11/25/2012 08:16:42 pm: ... Got dataset to return in json obj
11/25/2012 08:16:42 pm: Get the dataset to return in json obj...
11/25/2012 08:16:42 pm: Get the dataset to return in json obj...
11/25/2012 08:16:42 pm: Query has run: <CALL USP_GetPayees();>.
11/25/2012 08:16:42 pm: ... Got dataset to return in json obj
11/25/2012 08:16:42 pm: Query has run: <CALL USP_GetCurrencies();>.
11/25/2012 08:16:42 pm: ... Got dataset to return in json obj
11/25/2012 08:16:42 pm: Get the dataset to return in json obj...
11/25/2012 08:16:42 pm: Query has run: <CALL USP_GetCategories();>.
11/25/2012 08:16:42 pm: ... Got dataset to return in json obj
11/25/2012 08:16:42 pm: Get the dataset to return in json obj...
11/25/2012 08:16:42 pm: Query has run: <CALL USP_GetCategories2();>.
11/25/2012 08:16:42 pm: ... Got dataset to return in json obj
