09/13/2012 10:52:40 am: Hit to <getData.php>. Type: <acc>. Currency in Post=<1>. currency var=<1>.
09/13/2012 10:52:40 am: Hit to <getData.php>. Type: <payee>. Currency in Post=<>. currency var=<1>.
09/13/2012 10:52:40 am: Hit to <getData.php>. Type: <scat>. Currency in Post=<>. currency var=<1>.
09/13/2012 10:52:40 am: Hit to <getData.php>. Type: <cat>. Currency in Post=<>. currency var=<1>.
09/13/2012 10:52:40 am: Hit to <getData.php>. Type: <curr>. Currency in Post=<>. currency var=<1>.
09/13/2012 10:52:41 am: Get the dataset to return in json obj...
09/13/2012 10:52:41 am: Get the dataset to return in json obj...
09/13/2012 10:52:41 am: Get the dataset to return in json obj...
09/13/2012 10:52:41 am: Get the dataset to return in json obj...
09/13/2012 10:52:41 am: Get the dataset to return in json obj...
09/13/2012 10:52:42 am: Query has run: <CALL USP_GetCurrencies();>.
09/13/2012 10:52:42 am: ... Got dataset to return in json obj
09/13/2012 10:52:42 am: Query has run: <CALL USP_GetCategories();>.
09/13/2012 10:52:42 am: ... Got dataset to return in json obj
09/13/2012 10:52:42 am: Query has run: <CALL USP_GetAccounts();>.
09/13/2012 10:52:42 am: ... Got dataset to return in json obj
09/13/2012 10:52:42 am: Query has run: <CALL USP_GetCategories2();>.
09/13/2012 10:52:42 am: ... Got dataset to return in json obj
09/13/2012 10:52:42 am: Query has run: <CALL USP_GetPayees();>.
09/13/2012 10:52:42 am: ... Got dataset to return in json obj
09/13/2012 02:16:23 pm: Hit to <getData.php>. Type: <acc>. Currency in Post=<1>. currency var=<1>.
09/13/2012 02:16:24 pm: Hit to <getData.php>. Type: <scat>. Currency in Post=<>. currency var=<1>.
09/13/2012 02:16:24 pm: Hit to <getData.php>. Type: <curr>. Currency in Post=<>. currency var=<1>.
09/13/2012 02:16:24 pm: Hit to <getData.php>. Type: <cat>. Currency in Post=<>. currency var=<1>.
09/13/2012 02:16:24 pm: Get the dataset to return in json obj...
09/13/2012 02:16:24 pm: Get the dataset to return in json obj...
09/13/2012 02:16:24 pm: Get the dataset to return in json obj...
09/13/2012 02:16:24 pm: Get the dataset to return in json obj...
09/13/2012 02:16:24 pm: Query has run: <CALL USP_GetCategories();>.
09/13/2012 02:16:24 pm: ... Got dataset to return in json obj
09/13/2012 02:16:24 pm: Query has run: <CALL USP_GetAccounts();>.
09/13/2012 02:16:24 pm: ... Got dataset to return in json obj
09/13/2012 02:16:24 pm: Hit to <getData.php>. Type: <payee>. Currency in Post=<>. currency var=<1>.
09/13/2012 02:16:24 pm: Query has run: <CALL USP_GetCurrencies();>.
09/13/2012 02:16:24 pm: ... Got dataset to return in json obj
09/13/2012 02:16:24 pm: Get the dataset to return in json obj...
09/13/2012 02:16:24 pm: Query has run: <CALL USP_GetPayees();>.
09/13/2012 02:16:24 pm: ... Got dataset to return in json obj
09/13/2012 02:16:24 pm: Query has run: <CALL USP_GetCategories2();>.
09/13/2012 02:16:24 pm: ... Got dataset to return in json obj
09/13/2012 04:38:04 pm: Hit to <getData.php>. Type: <acc>. Currency in Post=<2>. currency var=<2>.
09/13/2012 04:38:04 pm: Get the dataset to return in json obj...
09/13/2012 04:38:05 pm: Hit to <getData.php>. Type: <payee>. Currency in Post=<>. currency var=<1>.
09/13/2012 04:38:05 pm: Hit to <getData.php>. Type: <scat>. Currency in Post=<>. currency var=<1>.
09/13/2012 04:38:05 pm: Get the dataset to return in json obj...
09/13/2012 04:38:05 pm: Get the dataset to return in json obj...
09/13/2012 04:38:05 pm: Hit to <getData.php>. Type: <cat>. Currency in Post=<>. currency var=<1>.
09/13/2012 04:38:05 pm: Query has run: <CALL USP_GetAccounts();>.
09/13/2012 04:38:05 pm: ... Got dataset to return in json obj
09/13/2012 04:38:05 pm: Get the dataset to return in json obj...
09/13/2012 04:38:05 pm: Query has run: <CALL USP_GetCategories2();>.
09/13/2012 04:38:05 pm: ... Got dataset to return in json obj
09/13/2012 04:38:05 pm: Query has run: <CALL USP_GetPayees();>.
09/13/2012 04:38:05 pm: ... Got dataset to return in json obj
09/13/2012 04:38:05 pm: Query has run: <CALL USP_GetCategories();>.
09/13/2012 04:38:05 pm: ... Got dataset to return in json obj
09/13/2012 04:38:05 pm: Hit to <getData.php>. Type: <curr>. Currency in Post=<>. currency var=<1>.
09/13/2012 04:38:06 pm: Get the dataset to return in json obj...
09/13/2012 04:38:06 pm: Query has run: <CALL USP_GetCurrencies();>.
09/13/2012 04:38:06 pm: ... Got dataset to return in json obj
09/13/2012 04:38:31 pm: Amount value: -10. Preg_match_all result is <1>
09/13/2012 04:38:32 pm: Currency = <2>.
09/13/2012 04:40:27 pm: Hit to <getData.php>. Type: <acc>. Currency in Post=<2>. currency var=<2>.
09/13/2012 04:40:27 pm: Get the dataset to return in json obj...
09/13/2012 04:40:27 pm: Hit to <getData.php>. Type: <scat>. Currency in Post=<>. currency var=<1>.
09/13/2012 04:40:27 pm: Hit to <getData.php>. Type: <cat>. Currency in Post=<>. currency var=<1>.
09/13/2012 04:40:27 pm: Get the dataset to return in json obj...
09/13/2012 04:40:27 pm: Hit to <getData.php>. Type: <curr>. Currency in Post=<>. currency var=<1>.
09/13/2012 04:40:27 pm: Get the dataset to return in json obj...
09/13/2012 04:40:27 pm: Get the dataset to return in json obj...
09/13/2012 04:40:27 pm: Hit to <getData.php>. Type: <payee>. Currency in Post=<>. currency var=<1>.
09/13/2012 04:40:27 pm: Query has run: <CALL USP_GetCategories();>.
09/13/2012 04:40:27 pm: ... Got dataset to return in json obj
09/13/2012 04:40:27 pm: Get the dataset to return in json obj...
09/13/2012 04:40:27 pm: Query has run: <CALL USP_GetCurrencies();>.
09/13/2012 04:40:27 pm: ... Got dataset to return in json obj
09/13/2012 04:40:27 pm: Query has run: <CALL USP_GetAccounts();>.
09/13/2012 04:40:27 pm: ... Got dataset to return in json obj
09/13/2012 04:40:27 pm: Query has run: <CALL USP_GetCategories2();>.
09/13/2012 04:40:27 pm: ... Got dataset to return in json obj
09/13/2012 04:40:27 pm: Query has run: <CALL USP_GetPayees();>.
09/13/2012 04:40:27 pm: ... Got dataset to return in json obj
09/13/2012 04:40:44 pm: Amount value: -10. Preg_match_all result is <1>
09/13/2012 07:55:44 pm: Hit to <getData.php>. Type: <acc>. Currency in Post=<1>. currency var=<1>.
09/13/2012 07:55:44 pm: Hit to <getData.php>. Type: <scat>. Currency in Post=<>. currency var=<1>.
09/13/2012 07:55:44 pm: Hit to <getData.php>. Type: <cat>. Currency in Post=<>. currency var=<1>.
09/13/2012 07:55:44 pm: Hit to <getData.php>. Type: <payee>. Currency in Post=<>. currency var=<1>.
09/13/2012 07:55:44 pm: Hit to <getData.php>. Type: <curr>. Currency in Post=<>. currency var=<1>.
09/13/2012 07:55:44 pm: Get the dataset to return in json obj...
09/13/2012 07:55:44 pm: Get the dataset to return in json obj...
09/13/2012 07:55:44 pm: Get the dataset to return in json obj...
09/13/2012 07:55:44 pm: Get the dataset to return in json obj...
09/13/2012 07:55:44 pm: Get the dataset to return in json obj...
09/13/2012 07:55:44 pm: Query has run: <CALL USP_GetCurrencies();>.
09/13/2012 07:55:44 pm: ... Got dataset to return in json obj
09/13/2012 07:55:44 pm: Query has run: <CALL USP_GetPayees();>.
09/13/2012 07:55:45 pm: ... Got dataset to return in json obj
09/13/2012 07:55:45 pm: Query has run: <CALL USP_GetCategories();>.
09/13/2012 07:55:45 pm: ... Got dataset to return in json obj
09/13/2012 07:55:45 pm: Query has run: <CALL USP_GetCategories2();>.
09/13/2012 07:55:45 pm: ... Got dataset to return in json obj
09/13/2012 07:55:45 pm: Query has run: <CALL USP_GetAccounts();>.
09/13/2012 07:55:45 pm: ... Got dataset to return in json obj
09/13/2012 07:55:46 pm: Hit to <getData.php>. Type: <acc>. Currency in Post=<1>. currency var=<1>.
09/13/2012 07:55:46 pm: Get the dataset to return in json obj...
09/13/2012 07:55:46 pm: Query has run: <CALL USP_GetAccounts();>.
09/13/2012 07:55:46 pm: ... Got dataset to return in json obj
09/13/2012 07:55:49 pm: Hit to <getData.php>. Type: <curr>. Currency in Post=<>. currency var=<1>.
09/13/2012 07:55:49 pm: Get the dataset to return in json obj...
09/13/2012 07:55:49 pm: Hit to <getData.php>. Type: <payee>. Currency in Post=<>. currency var=<1>.
09/13/2012 07:55:49 pm: Query has run: <CALL USP_GetCurrencies();>.
09/13/2012 07:55:49 pm: ... Got dataset to return in json obj
09/13/2012 07:55:49 pm: Hit to <getData.php>. Type: <cat>. Currency in Post=<>. currency var=<1>.
09/13/2012 07:55:49 pm: Hit to <getData.php>. Type: <scat>. Currency in Post=<>. currency var=<1>.
09/13/2012 07:55:49 pm: Get the dataset to return in json obj...
09/13/2012 07:55:49 pm: Get the dataset to return in json obj...
09/13/2012 07:55:49 pm: Get the dataset to return in json obj...
09/13/2012 07:55:49 pm: Query has run: <CALL USP_GetCategories();>.
09/13/2012 07:55:49 pm: Query has run: <CALL USP_GetCategories2();>.
09/13/2012 07:55:49 pm: ... Got dataset to return in json obj
09/13/2012 07:55:49 pm: ... Got dataset to return in json obj
09/13/2012 07:55:49 pm: Query has run: <CALL USP_GetPayees();>.
09/13/2012 07:55:49 pm: ... Got dataset to return in json obj
09/13/2012 07:55:51 pm: Hit to <getData.php>. Type: <acc>. Currency in Post=<1>. currency var=<1>.
09/13/2012 07:55:51 pm: Get the dataset to return in json obj...
09/13/2012 07:55:51 pm: Query has run: <CALL USP_GetAccounts();>.
09/13/2012 07:55:51 pm: ... Got dataset to return in json obj
09/13/2012 07:55:51 pm: Hit to <getData.php>. Type: <curr>. Currency in Post=<>. currency var=<1>.
09/13/2012 07:55:51 pm: Hit to <getData.php>. Type: <cat>. Currency in Post=<>. currency var=<1>.
09/13/2012 07:55:51 pm: Hit to <getData.php>. Type: <payee>. Currency in Post=<>. currency var=<1>.
09/13/2012 07:55:51 pm: Hit to <getData.php>. Type: <scat>. Currency in Post=<>. currency var=<1>.
09/13/2012 07:55:51 pm: Get the dataset to return in json obj...
09/13/2012 07:55:51 pm: Get the dataset to return in json obj...
09/13/2012 07:55:51 pm: Get the dataset to return in json obj...
09/13/2012 07:55:51 pm: Get the dataset to return in json obj...
09/13/2012 07:55:51 pm: Query has run: <CALL USP_GetCurrencies();>.
09/13/2012 07:55:51 pm: Query has run: <CALL USP_GetCategories();>.
09/13/2012 07:55:51 pm: ... Got dataset to return in json obj
09/13/2012 07:55:51 pm: Query has run: <CALL USP_GetPayees();>.
09/13/2012 07:55:51 pm: ... Got dataset to return in json obj
09/13/2012 07:55:51 pm: ... Got dataset to return in json obj
09/13/2012 07:55:51 pm: Query has run: <CALL USP_GetCategories2();>.
09/13/2012 07:55:51 pm: ... Got dataset to return in json obj
09/13/2012 07:55:52 pm: Hit to <getData.php>. Type: <acc>. Currency in Post=<1>. currency var=<1>.
09/13/2012 07:55:52 pm: Get the dataset to return in json obj...
09/13/2012 07:55:52 pm: Hit to <getData.php>. Type: <scat>. Currency in Post=<>. currency var=<1>.
09/13/2012 07:55:52 pm: Hit to <getData.php>. Type: <curr>. Currency in Post=<>. currency var=<1>.
09/13/2012 07:55:52 pm: Hit to <getData.php>. Type: <payee>. Currency in Post=<>. currency var=<1>.
09/13/2012 07:55:52 pm: Hit to <getData.php>. Type: <cat>. Currency in Post=<>. currency var=<1>.
09/13/2012 07:55:52 pm: Get the dataset to return in json obj...
09/13/2012 07:55:52 pm: Get the dataset to return in json obj...
09/13/2012 07:55:52 pm: Get the dataset to return in json obj...
09/13/2012 07:55:52 pm: Query has run: <CALL USP_GetAccounts();>.
09/13/2012 07:55:52 pm: ... Got dataset to return in json obj
09/13/2012 07:55:52 pm: Get the dataset to return in json obj...
09/13/2012 07:55:52 pm: Query has run: <CALL USP_GetCurrencies();>.
09/13/2012 07:55:52 pm: ... Got dataset to return in json obj
09/13/2012 07:55:52 pm: Query has run: <CALL USP_GetCategories2();>.
09/13/2012 07:55:52 pm: ... Got dataset to return in json obj
09/13/2012 07:55:52 pm: Query has run: <CALL USP_GetCategories();>.
09/13/2012 07:55:52 pm: ... Got dataset to return in json obj
09/13/2012 07:55:52 pm: Query has run: <CALL USP_GetPayees();>.
09/13/2012 07:55:52 pm: ... Got dataset to return in json obj
09/13/2012 07:55:55 pm: Hit to <getData.php>. Type: <acc>. Currency in Post=<1>. currency var=<1>.
09/13/2012 07:55:55 pm: Hit to <getData.php>. Type: <curr>. Currency in Post=<>. currency var=<1>.
09/13/2012 07:55:55 pm: Get the dataset to return in json obj...
09/13/2012 07:55:55 pm: Get the dataset to return in json obj...
09/13/2012 07:55:55 pm: Hit to <getData.php>. Type: <payee>. Currency in Post=<>. currency var=<1>.
09/13/2012 07:55:55 pm: Hit to <getData.php>. Type: <cat>. Currency in Post=<>. currency var=<1>.
09/13/2012 07:55:55 pm: Query has run: <CALL USP_GetCurrencies();>.
09/13/2012 07:55:55 pm: ... Got dataset to return in json obj
09/13/2012 07:55:55 pm: Query has run: <CALL USP_GetAccounts();>.
09/13/2012 07:55:55 pm: ... Got dataset to return in json obj
09/13/2012 07:55:55 pm: Hit to <getData.php>. Type: <scat>. Currency in Post=<>. currency var=<1>.
09/13/2012 07:55:55 pm: Get the dataset to return in json obj...
09/13/2012 07:55:55 pm: Get the dataset to return in json obj...
09/13/2012 07:55:55 pm: Get the dataset to return in json obj...
09/13/2012 07:55:55 pm: Query has run: <CALL USP_GetPayees();>.
09/13/2012 07:55:55 pm: ... Got dataset to return in json obj
09/13/2012 07:55:55 pm: Query has run: <CALL USP_GetCategories();>.
09/13/2012 07:55:55 pm: ... Got dataset to return in json obj
09/13/2012 07:55:55 pm: Query has run: <CALL USP_GetCategories2();>.
09/13/2012 07:55:55 pm: ... Got dataset to return in json obj
09/13/2012 07:55:59 pm: Hit to <getData.php>. Type: <acc>. Currency in Post=<1>. currency var=<1>.
09/13/2012 07:55:59 pm: Hit to <getData.php>. Type: <curr>. Currency in Post=<>. currency var=<1>.
09/13/2012 07:55:59 pm: Hit to <getData.php>. Type: <payee>. Currency in Post=<>. currency var=<1>.
09/13/2012 07:55:59 pm: Get the dataset to return in json obj...
09/13/2012 07:55:59 pm: Get the dataset to return in json obj...
09/13/2012 07:55:59 pm: Get the dataset to return in json obj...
09/13/2012 07:55:59 pm: Query has run: <CALL USP_GetAccounts();>.
09/13/2012 07:55:59 pm: ... Got dataset to return in json obj
09/13/2012 07:55:59 pm: Query has run: <CALL USP_GetPayees();>.
09/13/2012 07:55:59 pm: ... Got dataset to return in json obj
09/13/2012 07:55:59 pm: Query has run: <CALL USP_GetCurrencies();>.
09/13/2012 07:55:59 pm: ... Got dataset to return in json obj
09/13/2012 07:55:59 pm: Hit to <getData.php>. Type: <cat>. Currency in Post=<>. currency var=<1>.
09/13/2012 07:55:59 pm: Get the dataset to return in json obj...
09/13/2012 07:55:59 pm: Hit to <getData.php>. Type: <scat>. Currency in Post=<>. currency var=<1>.
09/13/2012 07:55:59 pm: Query has run: <CALL USP_GetCategories();>.
09/13/2012 07:55:59 pm: ... Got dataset to return in json obj
09/13/2012 07:55:59 pm: Get the dataset to return in json obj...
09/13/2012 07:55:59 pm: Query has run: <CALL USP_GetCategories2();>.
09/13/2012 07:55:59 pm: ... Got dataset to return in json obj
09/13/2012 07:56:01 pm: Hit to <getData.php>. Type: <curr>. Currency in Post=<>. currency var=<1>.
09/13/2012 07:56:01 pm: Get the dataset to return in json obj...
09/13/2012 07:56:01 pm: Query has run: <CALL USP_GetCurrencies();>.
09/13/2012 07:56:01 pm: ... Got dataset to return in json obj
09/13/2012 07:56:01 pm: Hit to <getData.php>. Type: <acc>. Currency in Post=<1>. currency var=<1>.
09/13/2012 07:56:01 pm: Get the dataset to return in json obj...
09/13/2012 07:56:01 pm: Query has run: <CALL USP_GetAccounts();>.
09/13/2012 07:56:01 pm: ... Got dataset to return in json obj
09/13/2012 07:56:01 pm: Hit to <getData.php>. Type: <payee>. Currency in Post=<>. currency var=<1>.
09/13/2012 07:56:01 pm: Get the dataset to return in json obj...
09/13/2012 07:56:01 pm: Query has run: <CALL USP_GetPayees();>.
09/13/2012 07:56:01 pm: ... Got dataset to return in json obj
09/13/2012 07:56:01 pm: Hit to <getData.php>. Type: <cat>. Currency in Post=<>. currency var=<1>.
09/13/2012 07:56:01 pm: Hit to <getData.php>. Type: <scat>. Currency in Post=<>. currency var=<1>.
09/13/2012 07:56:01 pm: Get the dataset to return in json obj...
09/13/2012 07:56:01 pm: Get the dataset to return in json obj...
09/13/2012 07:56:01 pm: Query has run: <CALL USP_GetCategories();>.
09/13/2012 07:56:01 pm: ... Got dataset to return in json obj
09/13/2012 07:56:01 pm: Query has run: <CALL USP_GetCategories2();>.
09/13/2012 07:56:01 pm: ... Got dataset to return in json obj
09/13/2012 07:56:02 pm: Hit to <getData.php>. Type: <acc>. Currency in Post=<1>. currency var=<1>.
09/13/2012 07:56:02 pm: Get the dataset to return in json obj...
09/13/2012 07:56:02 pm: Hit to <getData.php>. Type: <payee>. Currency in Post=<>. currency var=<1>.
09/13/2012 07:56:02 pm: Hit to <getData.php>. Type: <cat>. Currency in Post=<>. currency var=<1>.
09/13/2012 07:56:02 pm: Hit to <getData.php>. Type: <scat>. Currency in Post=<>. currency var=<1>.
09/13/2012 07:56:02 pm: Hit to <getData.php>. Type: <curr>. Currency in Post=<>. currency var=<1>.
09/13/2012 07:56:02 pm: Get the dataset to return in json obj...
09/13/2012 07:56:02 pm: Get the dataset to return in json obj...
09/13/2012 07:56:02 pm: Get the dataset to return in json obj...
09/13/2012 07:56:02 pm: Get the dataset to return in json obj...
09/13/2012 07:56:02 pm: Query has run: <CALL USP_GetPayees();>.
09/13/2012 07:56:02 pm: ... Got dataset to return in json obj
09/13/2012 07:56:02 pm: Query has run: <CALL USP_GetCategories();>.
09/13/2012 07:56:02 pm: ... Got dataset to return in json obj
09/13/2012 07:56:02 pm: Query has run: <CALL USP_GetAccounts();>.
09/13/2012 07:56:02 pm: ... Got dataset to return in json obj
09/13/2012 07:56:02 pm: Query has run: <CALL USP_GetCurrencies();>.
09/13/2012 07:56:02 pm: ... Got dataset to return in json obj
09/13/2012 07:56:02 pm: Query has run: <CALL USP_GetCategories2();>.
09/13/2012 07:56:02 pm: ... Got dataset to return in json obj
09/13/2012 07:56:03 pm: Hit to <getData.php>. Type: <acc>. Currency in Post=<1>. currency var=<1>.
09/13/2012 07:56:03 pm: Get the dataset to return in json obj...
09/13/2012 07:56:03 pm: Query has run: <CALL USP_GetAccounts();>.
09/13/2012 07:56:03 pm: ... Got dataset to return in json obj
09/13/2012 07:56:03 pm: Hit to <getData.php>. Type: <curr>. Currency in Post=<>. currency var=<1>.
09/13/2012 07:56:03 pm: Hit to <getData.php>. Type: <payee>. Currency in Post=<>. currency var=<1>.
09/13/2012 07:56:03 pm: Hit to <getData.php>. Type: <cat>. Currency in Post=<>. currency var=<1>.
09/13/2012 07:56:03 pm: Hit to <getData.php>. Type: <scat>. Currency in Post=<>. currency var=<1>.
09/13/2012 07:56:03 pm: Get the dataset to return in json obj...
09/13/2012 07:56:03 pm: Get the dataset to return in json obj...
09/13/2012 07:56:03 pm: Query has run: <CALL USP_GetCurrencies();>.
09/13/2012 07:56:03 pm: ... Got dataset to return in json obj
09/13/2012 07:56:03 pm: Get the dataset to return in json obj...
09/13/2012 07:56:03 pm: Get the dataset to return in json obj...
09/13/2012 07:56:03 pm: Query has run: <CALL USP_GetPayees();>.
09/13/2012 07:56:03 pm: ... Got dataset to return in json obj
09/13/2012 07:56:03 pm: Query has run: <CALL USP_GetCategories();>.
09/13/2012 07:56:03 pm: ... Got dataset to return in json obj
09/13/2012 07:56:03 pm: Query has run: <CALL USP_GetCategories2();>.
09/13/2012 07:56:03 pm: ... Got dataset to return in json obj
09/13/2012 08:24:30 pm: Hit to <getData.php>. Type: <cat>. Currency in Post=<>. currency var=<1>.
09/13/2012 08:24:30 pm: Hit to <getData.php>. Type: <acc>. Currency in Post=<1>. currency var=<1>.
09/13/2012 08:24:30 pm: Hit to <getData.php>. Type: <scat>. Currency in Post=<>. currency var=<1>.
09/13/2012 08:24:30 pm: Hit to <getData.php>. Type: <curr>. Currency in Post=<>. currency var=<1>.
09/13/2012 08:24:30 pm: Get the dataset to return in json obj...
09/13/2012 08:24:30 pm: Get the dataset to return in json obj...
09/13/2012 08:24:30 pm: Get the dataset to return in json obj...
09/13/2012 08:24:30 pm: Get the dataset to return in json obj...
09/13/2012 08:24:30 pm: Query has run: <CALL USP_GetCategories();>.
09/13/2012 08:24:30 pm: ... Got dataset to return in json obj
09/13/2012 08:24:30 pm: Hit to <getData.php>. Type: <payee>. Currency in Post=<>. currency var=<1>.
09/13/2012 08:24:30 pm: Query has run: <CALL USP_GetAccounts();>.
09/13/2012 08:24:30 pm: ... Got dataset to return in json obj
09/13/2012 08:24:30 pm: Query has run: <CALL USP_GetCategories2();>.
09/13/2012 08:24:30 pm: ... Got dataset to return in json obj
09/13/2012 08:24:30 pm: Get the dataset to return in json obj...
09/13/2012 08:24:31 pm: Query has run: <CALL USP_GetCurrencies();>.
09/13/2012 08:24:31 pm: ... Got dataset to return in json obj
09/13/2012 08:24:31 pm: Query has run: <CALL USP_GetPayees();>.
09/13/2012 08:24:31 pm: ... Got dataset to return in json obj
09/13/2012 08:24:33 pm: Hit to <getData.php>. Type: <acc>. Currency in Post=<1>. currency var=<1>.
09/13/2012 08:24:33 pm: Hit to <getData.php>. Type: <curr>. Currency in Post=<>. currency var=<1>.
09/13/2012 08:24:33 pm: Get the dataset to return in json obj...
09/13/2012 08:24:33 pm: Get the dataset to return in json obj...
09/13/2012 08:24:33 pm: Query has run: <CALL USP_GetCurrencies();>.
09/13/2012 08:24:33 pm: ... Got dataset to return in json obj
09/13/2012 08:24:33 pm: Hit to <getData.php>. Type: <cat>. Currency in Post=<>. currency var=<1>.
09/13/2012 08:24:33 pm: Hit to <getData.php>. Type: <payee>. Currency in Post=<>. currency var=<1>.
09/13/2012 08:24:33 pm: Hit to <getData.php>. Type: <scat>. Currency in Post=<>. currency var=<1>.
09/13/2012 08:24:33 pm: Query has run: <CALL USP_GetAccounts();>.
09/13/2012 08:24:33 pm: ... Got dataset to return in json obj
09/13/2012 08:24:33 pm: Get the dataset to return in json obj...
09/13/2012 08:24:33 pm: Get the dataset to return in json obj...
09/13/2012 08:24:33 pm: Get the dataset to return in json obj...
09/13/2012 08:24:33 pm: Query has run: <CALL USP_GetCategories();>.
09/13/2012 08:24:33 pm: ... Got dataset to return in json obj
09/13/2012 08:24:33 pm: Query has run: <CALL USP_GetPayees();>.
09/13/2012 08:24:33 pm: ... Got dataset to return in json obj
09/13/2012 08:24:33 pm: Query has run: <CALL USP_GetCategories2();>.
09/13/2012 08:24:33 pm: ... Got dataset to return in json obj
09/13/2012 08:24:35 pm: Hit to <getData.php>. Type: <acc>. Currency in Post=<1>. currency var=<1>.
09/13/2012 08:24:35 pm: Hit to <getData.php>. Type: <curr>. Currency in Post=<>. currency var=<1>.
09/13/2012 08:24:35 pm: Hit to <getData.php>. Type: <scat>. Currency in Post=<>. currency var=<1>.
09/13/2012 08:24:35 pm: Hit to <getData.php>. Type: <payee>. Currency in Post=<>. currency var=<1>.
09/13/2012 08:24:35 pm: Get the dataset to return in json obj...
09/13/2012 08:24:35 pm: Hit to <getData.php>. Type: <cat>. Currency in Post=<>. currency var=<1>.
09/13/2012 08:24:35 pm: Get the dataset to return in json obj...
09/13/2012 08:24:35 pm: Get the dataset to return in json obj...
09/13/2012 08:24:35 pm: Get the dataset to return in json obj...
09/13/2012 08:24:35 pm: Get the dataset to return in json obj...
09/13/2012 08:24:35 pm: Query has run: <CALL USP_GetAccounts();>.
09/13/2012 08:24:35 pm: ... Got dataset to return in json obj
09/13/2012 08:24:35 pm: Query has run: <CALL USP_GetCurrencies();>.
09/13/2012 08:24:35 pm: ... Got dataset to return in json obj
09/13/2012 08:24:35 pm: Query has run: <CALL USP_GetCategories2();>.
09/13/2012 08:24:35 pm: ... Got dataset to return in json obj
09/13/2012 08:24:35 pm: Query has run: <CALL USP_GetPayees();>.
09/13/2012 08:24:35 pm: ... Got dataset to return in json obj
09/13/2012 08:24:35 pm: Query has run: <CALL USP_GetCategories();>.
09/13/2012 08:24:35 pm: ... Got dataset to return in json obj
09/13/2012 08:25:11 pm: Hit to <getData.php>. Type: <acc>. Currency in Post=<1>. currency var=<1>.
09/13/2012 08:25:11 pm: Hit to <getData.php>. Type: <curr>. Currency in Post=<>. currency var=<1>.
09/13/2012 08:25:11 pm: Hit to <getData.php>. Type: <payee>. Currency in Post=<>. currency var=<1>.
09/13/2012 08:25:11 pm: Hit to <getData.php>. Type: <cat>. Currency in Post=<>. currency var=<1>.
09/13/2012 08:25:11 pm: Get the dataset to return in json obj...
09/13/2012 08:25:11 pm: Get the dataset to return in json obj...
09/13/2012 08:25:11 pm: Query has run: <CALL USP_GetCurrencies();>.
09/13/2012 08:25:11 pm: ... Got dataset to return in json obj
09/13/2012 08:25:11 pm: Get the dataset to return in json obj...
09/13/2012 08:25:11 pm: Query has run: <CALL USP_GetAccounts();>.
09/13/2012 08:25:11 pm: ... Got dataset to return in json obj
09/13/2012 08:25:11 pm: Hit to <getData.php>. Type: <scat>. Currency in Post=<>. currency var=<1>.
09/13/2012 08:25:11 pm: Query has run: <CALL USP_GetCategories();>.
09/13/2012 08:25:11 pm: ... Got dataset to return in json obj
09/13/2012 08:25:11 pm: Get the dataset to return in json obj...
09/13/2012 08:25:11 pm: Query has run: <CALL USP_GetPayees();>.
09/13/2012 08:25:11 pm: ... Got dataset to return in json obj
09/13/2012 08:25:11 pm: Get the dataset to return in json obj...
09/13/2012 08:25:11 pm: Query has run: <CALL USP_GetCategories2();>.
09/13/2012 08:25:11 pm: ... Got dataset to return in json obj
09/13/2012 08:25:14 pm: Hit to <getData.php>. Type: <acc>. Currency in Post=<1>. currency var=<1>.
09/13/2012 08:25:14 pm: Hit to <getData.php>. Type: <payee>. Currency in Post=<>. currency var=<1>.
09/13/2012 08:25:14 pm: Hit to <getData.php>. Type: <curr>. Currency in Post=<>. currency var=<1>.
09/13/2012 08:25:14 pm: Hit to <getData.php>. Type: <scat>. Currency in Post=<>. currency var=<1>.
09/13/2012 08:25:14 pm: Hit to <getData.php>. Type: <cat>. Currency in Post=<>. currency var=<1>.
09/13/2012 08:25:14 pm: Get the dataset to return in json obj...
09/13/2012 08:25:14 pm: Get the dataset to return in json obj...
09/13/2012 08:25:14 pm: Get the dataset to return in json obj...
09/13/2012 08:25:14 pm: Query has run: <CALL USP_GetPayees();>.
09/13/2012 08:25:14 pm: ... Got dataset to return in json obj
09/13/2012 08:25:14 pm: Query has run: <CALL USP_GetCategories();>.
09/13/2012 08:25:14 pm: ... Got dataset to return in json obj
09/13/2012 08:25:14 pm: Get the dataset to return in json obj...
09/13/2012 08:25:14 pm: Query has run: <CALL USP_GetCategories2();>.
09/13/2012 08:25:14 pm: ... Got dataset to return in json obj
09/13/2012 08:25:14 pm: Get the dataset to return in json obj...
09/13/2012 08:25:14 pm: Query has run: <CALL USP_GetCurrencies();>.
09/13/2012 08:25:14 pm: ... Got dataset to return in json obj
09/13/2012 08:25:14 pm: Query has run: <CALL USP_GetAccounts();>.
09/13/2012 08:25:14 pm: ... Got dataset to return in json obj
09/13/2012 08:25:16 pm: Hit to <getData.php>. Type: <acc>. Currency in Post=<2>. currency var=<2>.
09/13/2012 08:25:16 pm: Get the dataset to return in json obj...
09/13/2012 08:25:16 pm: Hit to <getData.php>. Type: <curr>. Currency in Post=<>. currency var=<1>.
09/13/2012 08:25:16 pm: Hit to <getData.php>. Type: <cat>. Currency in Post=<>. currency var=<1>.
09/13/2012 08:25:16 pm: Hit to <getData.php>. Type: <payee>. Currency in Post=<>. currency var=<1>.
09/13/2012 08:25:16 pm: Hit to <getData.php>. Type: <scat>. Currency in Post=<>. currency var=<1>.
09/13/2012 08:25:16 pm: Query has run: <CALL USP_GetAccounts();>.
09/13/2012 08:25:16 pm: ... Got dataset to return in json obj
09/13/2012 08:25:16 pm: Get the dataset to return in json obj...
09/13/2012 08:25:16 pm: Get the dataset to return in json obj...
09/13/2012 08:25:16 pm: Get the dataset to return in json obj...
09/13/2012 08:25:16 pm: Get the dataset to return in json obj...
09/13/2012 08:25:16 pm: Query has run: <CALL USP_GetCategories();>.
09/13/2012 08:25:16 pm: ... Got dataset to return in json obj
09/13/2012 08:25:16 pm: Query has run: <CALL USP_GetCurrencies();>.
09/13/2012 08:25:16 pm: ... Got dataset to return in json obj
09/13/2012 08:25:16 pm: Query has run: <CALL USP_GetPayees();>.
09/13/2012 08:25:16 pm: ... Got dataset to return in json obj
09/13/2012 08:25:16 pm: Query has run: <CALL USP_GetCategories2();>.
09/13/2012 08:25:16 pm: ... Got dataset to return in json obj
09/13/2012 08:25:18 pm: Hit to <getData.php>. Type: <acc>. Currency in Post=<2>. currency var=<2>.
09/13/2012 08:25:18 pm: Hit to <getData.php>. Type: <cat>. Currency in Post=<>. currency var=<1>.
09/13/2012 08:25:18 pm: Hit to <getData.php>. Type: <scat>. Currency in Post=<>. currency var=<1>.
09/13/2012 08:25:18 pm: Hit to <getData.php>. Type: <curr>. Currency in Post=<>. currency var=<1>.
09/13/2012 08:25:18 pm: Hit to <getData.php>. Type: <payee>. Currency in Post=<>. currency var=<1>.
09/13/2012 08:25:18 pm: Get the dataset to return in json obj...
09/13/2012 08:25:18 pm: Get the dataset to return in json obj...
09/13/2012 08:25:18 pm: Get the dataset to return in json obj...
09/13/2012 08:25:18 pm: Get the dataset to return in json obj...
09/13/2012 08:25:18 pm: Query has run: <CALL USP_GetCategories2();>.
09/13/2012 08:25:18 pm: ... Got dataset to return in json obj
09/13/2012 08:25:18 pm: Query has run: <CALL USP_GetCurrencies();>.
09/13/2012 08:25:18 pm: ... Got dataset to return in json obj
09/13/2012 08:25:18 pm: Query has run: <CALL USP_GetPayees();>.
09/13/2012 08:25:18 pm: ... Got dataset to return in json obj
09/13/2012 08:25:18 pm: Get the dataset to return in json obj...
09/13/2012 08:25:18 pm: Query has run: <CALL USP_GetAccounts();>.
09/13/2012 08:25:18 pm: ... Got dataset to return in json obj
09/13/2012 08:25:18 pm: Query has run: <CALL USP_GetCategories();>.
09/13/2012 08:25:18 pm: ... Got dataset to return in json obj
09/13/2012 08:27:15 pm: Hit to <getData.php>. Type: <curr>. Currency in Post=<>. currency var=<1>.
09/13/2012 08:27:15 pm: Hit to <getData.php>. Type: <payee>. Currency in Post=<>. currency var=<1>.
09/13/2012 08:27:15 pm: Hit to <getData.php>. Type: <acc>. Currency in Post=<2>. currency var=<2>.
09/13/2012 08:27:15 pm: Get the dataset to return in json obj...
09/13/2012 08:27:15 pm: Get the dataset to return in json obj...
09/13/2012 08:27:15 pm: Query has run: <CALL USP_GetPayees();>.
09/13/2012 08:27:15 pm: ... Got dataset to return in json obj
09/13/2012 08:27:15 pm: Get the dataset to return in json obj...
09/13/2012 08:27:15 pm: Query has run: <CALL USP_GetAccounts();>.
09/13/2012 08:27:15 pm: ... Got dataset to return in json obj
09/13/2012 08:27:15 pm: Hit to <getData.php>. Type: <cat>. Currency in Post=<>. currency var=<1>.
09/13/2012 08:27:15 pm: Hit to <getData.php>. Type: <scat>. Currency in Post=<>. currency var=<1>.
09/13/2012 08:27:15 pm: Query has run: <CALL USP_GetCurrencies();>.
09/13/2012 08:27:15 pm: ... Got dataset to return in json obj
09/13/2012 08:27:15 pm: Get the dataset to return in json obj...
09/13/2012 08:27:15 pm: Get the dataset to return in json obj...
09/13/2012 08:27:15 pm: Query has run: <CALL USP_GetCategories();>.
09/13/2012 08:27:15 pm: ... Got dataset to return in json obj
09/13/2012 08:27:15 pm: Query has run: <CALL USP_GetCategories2();>.
09/13/2012 08:27:15 pm: ... Got dataset to return in json obj
09/13/2012 08:27:40 pm: Amount value: -7,65. Preg_match_all result is <1>
09/13/2012 08:27:46 pm: Hit to <getData.php>. Type: <acc>. Currency in Post=<2>. currency var=<2>.
09/13/2012 08:27:46 pm: Hit to <getData.php>. Type: <curr>. Currency in Post=<>. currency var=<1>.
09/13/2012 08:27:46 pm: Get the dataset to return in json obj...
09/13/2012 08:27:46 pm: Hit to <getData.php>. Type: <payee>. Currency in Post=<>. currency var=<1>.
09/13/2012 08:27:46 pm: Hit to <getData.php>. Type: <cat>. Currency in Post=<>. currency var=<1>.
09/13/2012 08:27:46 pm: Hit to <getData.php>. Type: <scat>. Currency in Post=<>. currency var=<1>.
09/13/2012 08:27:46 pm: Get the dataset to return in json obj...
09/13/2012 08:27:46 pm: Get the dataset to return in json obj...
09/13/2012 08:27:46 pm: Query has run: <CALL USP_GetAccounts();>.
09/13/2012 08:27:46 pm: ... Got dataset to return in json obj
09/13/2012 08:27:46 pm: Query has run: <CALL USP_GetCurrencies();>.
09/13/2012 08:27:46 pm: ... Got dataset to return in json obj
09/13/2012 08:27:46 pm: Get the dataset to return in json obj...
09/13/2012 08:27:46 pm: Query has run: <CALL USP_GetPayees();>.
09/13/2012 08:27:46 pm: ... Got dataset to return in json obj
09/13/2012 08:27:46 pm: Get the dataset to return in json obj...
09/13/2012 08:27:46 pm: Query has run: <CALL USP_GetCategories2();>.
09/13/2012 08:27:46 pm: ... Got dataset to return in json obj
09/13/2012 08:27:46 pm: Query has run: <CALL USP_GetCategories();>.
09/13/2012 08:27:46 pm: ... Got dataset to return in json obj
09/13/2012 08:27:58 pm: Hit to <getData.php>. Type: <curr>. Currency in Post=<>. currency var=<1>.
09/13/2012 08:27:58 pm: Hit to <getData.php>. Type: <acc>. Currency in Post=<2>. currency var=<2>.
09/13/2012 08:27:58 pm: Get the dataset to return in json obj...
09/13/2012 08:27:58 pm: Hit to <getData.php>. Type: <payee>. Currency in Post=<>. currency var=<1>.
09/13/2012 08:27:58 pm: Hit to <getData.php>. Type: <cat>. Currency in Post=<>. currency var=<1>.
09/13/2012 08:27:58 pm: Hit to <getData.php>. Type: <scat>. Currency in Post=<>. currency var=<1>.
09/13/2012 08:27:58 pm: Get the dataset to return in json obj...
09/13/2012 08:27:58 pm: Get the dataset to return in json obj...
09/13/2012 08:27:58 pm: Get the dataset to return in json obj...
09/13/2012 08:27:58 pm: Get the dataset to return in json obj...
09/13/2012 08:27:58 pm: Query has run: <CALL USP_GetCurrencies();>.
09/13/2012 08:27:58 pm: ... Got dataset to return in json obj
09/13/2012 08:27:58 pm: Query has run: <CALL USP_GetAccounts();>.
09/13/2012 08:27:58 pm: ... Got dataset to return in json obj
09/13/2012 08:27:58 pm: Query has run: <CALL USP_GetPayees();>.
09/13/2012 08:27:58 pm: Query has run: <CALL USP_GetCategories();>.
09/13/2012 08:27:58 pm: ... Got dataset to return in json obj
09/13/2012 08:27:58 pm: ... Got dataset to return in json obj
09/13/2012 08:27:58 pm: Query has run: <CALL USP_GetCategories2();>.
09/13/2012 08:27:58 pm: ... Got dataset to return in json obj
09/13/2012 08:27:58 pm: Hit to <getData.php>. Type: <acc>. Currency in Post=<2>. currency var=<2>.
09/13/2012 08:27:58 pm: Hit to <getData.php>. Type: <curr>. Currency in Post=<>. currency var=<1>.
09/13/2012 08:27:58 pm: Get the dataset to return in json obj...
09/13/2012 08:27:58 pm: Hit to <getData.php>. Type: <payee>. Currency in Post=<>. currency var=<1>.
09/13/2012 08:27:59 pm: Get the dataset to return in json obj...
09/13/2012 08:27:59 pm: Hit to <getData.php>. Type: <cat>. Currency in Post=<>. currency var=<1>.
09/13/2012 08:27:59 pm: Query has run: <CALL USP_GetAccounts();>.
09/13/2012 08:27:59 pm: Get the dataset to return in json obj...
09/13/2012 08:27:59 pm: ... Got dataset to return in json obj
09/13/2012 08:27:59 pm: Query has run: <CALL USP_GetCurrencies();>.
09/13/2012 08:27:59 pm: ... Got dataset to return in json obj
09/13/2012 08:27:59 pm: Query has run: <CALL USP_GetPayees();>.
09/13/2012 08:27:59 pm: ... Got dataset to return in json obj
09/13/2012 08:27:59 pm: Get the dataset to return in json obj...
09/13/2012 08:27:59 pm: Hit to <getData.php>. Type: <scat>. Currency in Post=<>. currency var=<1>.
09/13/2012 08:27:59 pm: Query has run: <CALL USP_GetCategories();>.
09/13/2012 08:27:59 pm: ... Got dataset to return in json obj
09/13/2012 08:27:59 pm: Get the dataset to return in json obj...
09/13/2012 08:27:59 pm: Query has run: <CALL USP_GetCategories2();>.
09/13/2012 08:27:59 pm: ... Got dataset to return in json obj
09/13/2012 08:27:59 pm: Hit to <getData.php>. Type: <curr>. Currency in Post=<>. currency var=<1>.
09/13/2012 08:27:59 pm: Hit to <getData.php>. Type: <acc>. Currency in Post=<2>. currency var=<2>.
09/13/2012 08:27:59 pm: Get the dataset to return in json obj...
09/13/2012 08:27:59 pm: Get the dataset to return in json obj...
09/13/2012 08:27:59 pm: Query has run: <CALL USP_GetCurrencies();>.
09/13/2012 08:27:59 pm: ... Got dataset to return in json obj
09/13/2012 08:27:59 pm: Query has run: <CALL USP_GetAccounts();>.
09/13/2012 08:27:59 pm: ... Got dataset to return in json obj
09/13/2012 08:27:59 pm: Hit to <getData.php>. Type: <payee>. Currency in Post=<>. currency var=<1>.
09/13/2012 08:27:59 pm: Hit to <getData.php>. Type: <cat>. Currency in Post=<>. currency var=<1>.
09/13/2012 08:27:59 pm: Hit to <getData.php>. Type: <scat>. Currency in Post=<>. currency var=<1>.
09/13/2012 08:27:59 pm: Get the dataset to return in json obj...
09/13/2012 08:27:59 pm: Get the dataset to return in json obj...
09/13/2012 08:27:59 pm: Query has run: <CALL USP_GetCategories();>.
09/13/2012 08:27:59 pm: ... Got dataset to return in json obj
09/13/2012 08:27:59 pm: Get the dataset to return in json obj...
09/13/2012 08:27:59 pm: Query has run: <CALL USP_GetCategories2();>.
09/13/2012 08:27:59 pm: ... Got dataset to return in json obj
09/13/2012 08:27:59 pm: Query has run: <CALL USP_GetPayees();>.
09/13/2012 08:27:59 pm: ... Got dataset to return in json obj
09/13/2012 08:28:28 pm: Hit to <getData.php>. Type: <acc>. Currency in Post=<2>. currency var=<2>.
09/13/2012 08:28:28 pm: Hit to <getData.php>. Type: <cat>. Currency in Post=<>. currency var=<1>.
09/13/2012 08:28:28 pm: Hit to <getData.php>. Type: <curr>. Currency in Post=<>. currency var=<1>.
09/13/2012 08:28:28 pm: Hit to <getData.php>. Type: <scat>. Currency in Post=<>. currency var=<1>.
09/13/2012 08:28:28 pm: Hit to <getData.php>. Type: <payee>. Currency in Post=<>. currency var=<1>.
09/13/2012 08:28:28 pm: Get the dataset to return in json obj...
09/13/2012 08:28:28 pm: Get the dataset to return in json obj...
09/13/2012 08:28:28 pm: Get the dataset to return in json obj...
09/13/2012 08:28:28 pm: Get the dataset to return in json obj...
09/13/2012 08:28:28 pm: Query has run: <CALL USP_GetPayees();>.
09/13/2012 08:28:28 pm: ... Got dataset to return in json obj
09/13/2012 08:28:28 pm: Query has run: <CALL USP_GetCurrencies();>.
09/13/2012 08:28:28 pm: ... Got dataset to return in json obj
09/13/2012 08:28:28 pm: Get the dataset to return in json obj...
09/13/2012 08:28:28 pm: Query has run: <CALL USP_GetCategories2();>.
09/13/2012 08:28:28 pm: ... Got dataset to return in json obj
09/13/2012 08:28:28 pm: Query has run: <CALL USP_GetCategories();>.
09/13/2012 08:28:28 pm: ... Got dataset to return in json obj
09/13/2012 08:28:28 pm: Query has run: <CALL USP_GetAccounts();>.
09/13/2012 08:28:28 pm: ... Got dataset to return in json obj
09/13/2012 08:28:53 pm: Amount value: -7,65. Preg_match_all result is <1>
09/13/2012 08:28:53 pm: Currency = <2>.
09/13/2012 08:28:56 pm: Hit to <getData.php>. Type: <acc>. Currency in Post=<2>. currency var=<2>.
09/13/2012 08:28:56 pm: Hit to <getData.php>. Type: <payee>. Currency in Post=<>. currency var=<1>.
09/13/2012 08:28:56 pm: Hit to <getData.php>. Type: <cat>. Currency in Post=<>. currency var=<1>.
09/13/2012 08:28:56 pm: Hit to <getData.php>. Type: <curr>. Currency in Post=<>. currency var=<1>.
09/13/2012 08:28:56 pm: Hit to <getData.php>. Type: <scat>. Currency in Post=<>. currency var=<1>.
09/13/2012 08:28:56 pm: Get the dataset to return in json obj...
09/13/2012 08:28:56 pm: Get the dataset to return in json obj...
09/13/2012 08:28:56 pm: Get the dataset to return in json obj...
09/13/2012 08:28:56 pm: Get the dataset to return in json obj...
09/13/2012 08:28:56 pm: Get the dataset to return in json obj...
09/13/2012 08:28:56 pm: Query has run: <CALL USP_GetCurrencies();>.
09/13/2012 08:28:56 pm: ... Got dataset to return in json obj
09/13/2012 08:28:56 pm: Query has run: <CALL USP_GetCategories();>.
09/13/2012 08:28:56 pm: ... Got dataset to return in json obj
09/13/2012 08:28:56 pm: Query has run: <CALL USP_GetAccounts();>.
09/13/2012 08:28:56 pm: ... Got dataset to return in json obj
09/13/2012 08:28:56 pm: Query has run: <CALL USP_GetPayees();>.
09/13/2012 08:28:56 pm: ... Got dataset to return in json obj
09/13/2012 08:28:56 pm: Query has run: <CALL USP_GetCategories2();>.
09/13/2012 08:28:56 pm: ... Got dataset to return in json obj
09/13/2012 08:38:12 pm: Hit to <getData.php>. Type: <acc>. Currency in Post=<2>. currency var=<2>.
09/13/2012 08:38:12 pm: Hit to <getData.php>. Type: <curr>. Currency in Post=<>. currency var=<1>.
09/13/2012 08:38:12 pm: Hit to <getData.php>. Type: <payee>. Currency in Post=<>. currency var=<1>.
09/13/2012 08:38:12 pm: Get the dataset to return in json obj...
09/13/2012 08:38:12 pm: Hit to <getData.php>. Type: <cat>. Currency in Post=<>. currency var=<1>.
09/13/2012 08:38:12 pm: Get the dataset to return in json obj...
09/13/2012 08:38:12 pm: Hit to <getData.php>. Type: <scat>. Currency in Post=<>. currency var=<1>.
09/13/2012 08:38:12 pm: Query has run: <CALL USP_GetCurrencies();>.
09/13/2012 08:38:12 pm: ... Got dataset to return in json obj
09/13/2012 08:38:12 pm: Query has run: <CALL USP_GetAccounts();>.
09/13/2012 08:38:12 pm: ... Got dataset to return in json obj
09/13/2012 08:38:12 pm: Get the dataset to return in json obj...
09/13/2012 08:38:12 pm: Get the dataset to return in json obj...
09/13/2012 08:38:12 pm: Get the dataset to return in json obj...
09/13/2012 08:38:12 pm: Query has run: <CALL USP_GetCategories();>.
09/13/2012 08:38:12 pm: ... Got dataset to return in json obj
09/13/2012 08:38:12 pm: Query has run: <CALL USP_GetCategories2();>.
09/13/2012 08:38:12 pm: ... Got dataset to return in json obj
09/13/2012 08:38:12 pm: Query has run: <CALL USP_GetPayees();>.
09/13/2012 08:38:12 pm: ... Got dataset to return in json obj
09/13/2012 08:38:13 pm: Hit to <getData.php>. Type: <acc>. Currency in Post=<1>. currency var=<1>.
09/13/2012 08:38:13 pm: Hit to <getData.php>. Type: <curr>. Currency in Post=<>. currency var=<1>.
09/13/2012 08:38:13 pm: Get the dataset to return in json obj...
09/13/2012 08:38:13 pm: Get the dataset to return in json obj...
09/13/2012 08:38:13 pm: Query has run: <CALL USP_GetAccounts();>.
09/13/2012 08:38:13 pm: ... Got dataset to return in json obj
09/13/2012 08:38:13 pm: Query has run: <CALL USP_GetCurrencies();>.
09/13/2012 08:38:13 pm: ... Got dataset to return in json obj
09/13/2012 08:38:13 pm: Hit to <getData.php>. Type: <payee>. Currency in Post=<>. currency var=<1>.
09/13/2012 08:38:13 pm: Get the dataset to return in json obj...
09/13/2012 08:38:13 pm: Hit to <getData.php>. Type: <cat>. Currency in Post=<>. currency var=<1>.
09/13/2012 08:38:13 pm: Query has run: <CALL USP_GetPayees();>.
09/13/2012 08:38:13 pm: ... Got dataset to return in json obj
09/13/2012 08:38:13 pm: Get the dataset to return in json obj...
09/13/2012 08:38:13 pm: Query has run: <CALL USP_GetCategories();>.
09/13/2012 08:38:13 pm: ... Got dataset to return in json obj
09/13/2012 08:38:13 pm: Hit to <getData.php>. Type: <scat>. Currency in Post=<>. currency var=<1>.
09/13/2012 08:38:13 pm: Get the dataset to return in json obj...
09/13/2012 08:38:13 pm: Query has run: <CALL USP_GetCategories2();>.
09/13/2012 08:38:13 pm: ... Got dataset to return in json obj
09/13/2012 08:39:14 pm: Amount value: -24,99. Preg_match_all result is <1>
09/13/2012 08:39:14 pm: Currency = <1>.
09/13/2012 08:39:39 pm: Amount value: -4,5. Preg_match_all result is <1>
09/13/2012 08:39:39 pm: Currency = <1>.
09/13/2012 08:40:14 pm: Amount value: -7,96. Preg_match_all result is <1>
09/13/2012 08:40:14 pm: Currency = <1>.
09/13/2012 08:40:26 pm: Amount value: -3,89. Preg_match_all result is <1>
09/13/2012 08:40:26 pm: Currency = <1>.
09/13/2012 08:45:16 pm: Hit to <getData.php>. Type: <curr>. Currency in Post=<>. currency var=<1>.
09/13/2012 08:45:16 pm: Hit to <getData.php>. Type: <acc>. Currency in Post=<1>. currency var=<1>.
09/13/2012 08:45:16 pm: Hit to <getData.php>. Type: <cat>. Currency in Post=<>. currency var=<1>.
09/13/2012 08:45:16 pm: Hit to <getData.php>. Type: <payee>. Currency in Post=<>. currency var=<1>.
09/13/2012 08:45:16 pm: Get the dataset to return in json obj...
09/13/2012 08:45:16 pm: Get the dataset to return in json obj...
09/13/2012 08:45:16 pm: Get the dataset to return in json obj...
09/13/2012 08:45:16 pm: Query has run: <CALL USP_GetAccounts();>.
09/13/2012 08:45:16 pm: ... Got dataset to return in json obj
09/13/2012 08:45:16 pm: Hit to <getData.php>. Type: <scat>. Currency in Post=<>. currency var=<1>.
09/13/2012 08:45:16 pm: Query has run: <CALL USP_GetCategories();>.
09/13/2012 08:45:16 pm: Get the dataset to return in json obj...
09/13/2012 08:45:16 pm: ... Got dataset to return in json obj
09/13/2012 08:45:16 pm: Get the dataset to return in json obj...
09/13/2012 08:45:16 pm: Query has run: <CALL USP_GetPayees();>.
09/13/2012 08:45:16 pm: ... Got dataset to return in json obj
09/13/2012 08:45:16 pm: Query has run: <CALL USP_GetCurrencies();>.
09/13/2012 08:45:16 pm: ... Got dataset to return in json obj
09/13/2012 08:45:16 pm: Query has run: <CALL USP_GetCategories2();>.
09/13/2012 08:45:16 pm: ... Got dataset to return in json obj
09/13/2012 08:45:52 pm: Hit to <getData.php>. Type: <acc>. Currency in Post=<1>. currency var=<1>.
09/13/2012 08:45:52 pm: Hit to <getData.php>. Type: <curr>. Currency in Post=<>. currency var=<1>.
09/13/2012 08:45:52 pm: Get the dataset to return in json obj...
09/13/2012 08:45:52 pm: Get the dataset to return in json obj...
09/13/2012 08:45:52 pm: Hit to <getData.php>. Type: <payee>. Currency in Post=<>. currency var=<1>.
09/13/2012 08:45:52 pm: Query has run: <CALL USP_GetAccounts();>.
09/13/2012 08:45:52 pm: ... Got dataset to return in json obj
09/13/2012 08:45:52 pm: Get the dataset to return in json obj...
09/13/2012 08:45:52 pm: Query has run: <CALL USP_GetCurrencies();>.
09/13/2012 08:45:52 pm: ... Got dataset to return in json obj
09/13/2012 08:45:52 pm: Hit to <getData.php>. Type: <cat>. Currency in Post=<>. currency var=<1>.
09/13/2012 08:45:52 pm: Query has run: <CALL USP_GetPayees();>.
09/13/2012 08:45:52 pm: ... Got dataset to return in json obj
09/13/2012 08:45:52 pm: Get the dataset to return in json obj...
09/13/2012 08:45:52 pm: Query has run: <CALL USP_GetCategories();>.
09/13/2012 08:45:52 pm: ... Got dataset to return in json obj
09/13/2012 08:45:52 pm: Hit to <getData.php>. Type: <scat>. Currency in Post=<>. currency var=<1>.
09/13/2012 08:45:52 pm: Get the dataset to return in json obj...
09/13/2012 08:45:52 pm: Query has run: <CALL USP_GetCategories2();>.
09/13/2012 08:45:52 pm: ... Got dataset to return in json obj
09/13/2012 09:05:31 pm: Hit to <getData.php>. Type: <payee>. Currency in Post=<>. currency var=<1>.
09/13/2012 09:05:31 pm: Hit to <getData.php>. Type: <cat>. Currency in Post=<>. currency var=<1>.
09/13/2012 09:05:31 pm: Hit to <getData.php>. Type: <scat>. Currency in Post=<>. currency var=<1>.
09/13/2012 09:05:31 pm: Hit to <getData.php>. Type: <acc>. Currency in Post=<1>. currency var=<1>.
09/13/2012 09:05:31 pm: Get the dataset to return in json obj...
09/13/2012 09:05:31 pm: Get the dataset to return in json obj...
09/13/2012 09:05:31 pm: Hit to <getData.php>. Type: <curr>. Currency in Post=<>. currency var=<1>.
09/13/2012 09:05:31 pm: Get the dataset to return in json obj...
09/13/2012 09:05:31 pm: Query has run: <CALL USP_GetPayees();>.
09/13/2012 09:05:31 pm: ... Got dataset to return in json obj
09/13/2012 09:05:31 pm: Get the dataset to return in json obj...
09/13/2012 09:05:31 pm: Get the dataset to return in json obj...
09/13/2012 09:05:31 pm: Query has run: <CALL USP_GetCategories();>.
09/13/2012 09:05:31 pm: ... Got dataset to return in json obj
09/13/2012 09:05:31 pm: Query has run: <CALL USP_GetCategories2();>.
09/13/2012 09:05:31 pm: ... Got dataset to return in json obj
09/13/2012 09:05:31 pm: Query has run: <CALL USP_GetAccounts();>.
09/13/2012 09:05:31 pm: Query has run: <CALL USP_GetCurrencies();>.
09/13/2012 09:05:31 pm: ... Got dataset to return in json obj
09/13/2012 09:05:31 pm: ... Got dataset to return in json obj
09/13/2012 09:07:57 pm: Hit to <getData.php>. Type: <acc>. Currency in Post=<1>. currency var=<1>.
09/13/2012 09:07:57 pm: Get the dataset to return in json obj...
09/13/2012 09:07:57 pm: Hit to <getData.php>. Type: <payee>. Currency in Post=<>. currency var=<1>.
09/13/2012 09:07:57 pm: Hit to <getData.php>. Type: <curr>. Currency in Post=<>. currency var=<1>.
09/13/2012 09:07:57 pm: Hit to <getData.php>. Type: <cat>. Currency in Post=<>. currency var=<1>.
09/13/2012 09:07:57 pm: Hit to <getData.php>. Type: <scat>. Currency in Post=<>. currency var=<1>.
09/13/2012 09:07:57 pm: Get the dataset to return in json obj...
09/13/2012 09:07:57 pm: Get the dataset to return in json obj...
09/13/2012 09:07:57 pm: Query has run: <CALL USP_GetPayees();>.
09/13/2012 09:07:57 pm: ... Got dataset to return in json obj
09/13/2012 09:07:57 pm: Get the dataset to return in json obj...
09/13/2012 09:07:57 pm: Query has run: <CALL USP_GetCategories();>.
09/13/2012 09:07:57 pm: ... Got dataset to return in json obj
09/13/2012 09:07:57 pm: Get the dataset to return in json obj...
09/13/2012 09:07:57 pm: Query has run: <CALL USP_GetCategories2();>.
09/13/2012 09:07:57 pm: ... Got dataset to return in json obj
09/13/2012 09:07:57 pm: Query has run: <CALL USP_GetCurrencies();>.
09/13/2012 09:07:57 pm: ... Got dataset to return in json obj
09/13/2012 09:07:57 pm: Query has run: <CALL USP_GetAccounts();>.
09/13/2012 09:07:57 pm: ... Got dataset to return in json obj
09/13/2012 09:08:39 pm: Hit to <getData.php>. Type: <acc>. Currency in Post=<1>. currency var=<1>.
09/13/2012 09:08:39 pm: Hit to <getData.php>. Type: <curr>. Currency in Post=<>. currency var=<1>.
09/13/2012 09:08:39 pm: Get the dataset to return in json obj...
09/13/2012 09:08:39 pm: Hit to <getData.php>. Type: <payee>. Currency in Post=<>. currency var=<1>.
09/13/2012 09:08:39 pm: Get the dataset to return in json obj...
09/13/2012 09:08:39 pm: Hit to <getData.php>. Type: <cat>. Currency in Post=<>. currency var=<1>.
09/13/2012 09:08:39 pm: Query has run: <CALL USP_GetCurrencies();>.
09/13/2012 09:08:39 pm: ... Got dataset to return in json obj
09/13/2012 09:08:39 pm: Query has run: <CALL USP_GetAccounts();>.
09/13/2012 09:08:39 pm: ... Got dataset to return in json obj
09/13/2012 09:08:39 pm: Hit to <getData.php>. Type: <scat>. Currency in Post=<>. currency var=<1>.
09/13/2012 09:08:39 pm: Get the dataset to return in json obj...
09/13/2012 09:08:39 pm: Query has run: <CALL USP_GetCategories();>.
09/13/2012 09:08:39 pm: ... Got dataset to return in json obj
09/13/2012 09:08:39 pm: Get the dataset to return in json obj...
09/13/2012 09:08:39 pm: Get the dataset to return in json obj...
09/13/2012 09:08:39 pm: Query has run: <CALL USP_GetPayees();>.
09/13/2012 09:08:39 pm: ... Got dataset to return in json obj
09/13/2012 09:08:39 pm: Query has run: <CALL USP_GetCategories2();>.
09/13/2012 09:08:39 pm: ... Got dataset to return in json obj
09/13/2012 09:08:48 pm: Hit to <getData.php>. Type: <acc>. Currency in Post=<1>. currency var=<1>.
09/13/2012 09:08:48 pm: Get the dataset to return in json obj...
09/13/2012 09:08:48 pm: Query has run: <CALL USP_GetAccounts();>.
09/13/2012 09:08:48 pm: ... Got dataset to return in json obj
09/13/2012 09:08:48 pm: Hit to <getData.php>. Type: <payee>. Currency in Post=<>. currency var=<1>.
09/13/2012 09:08:48 pm: Hit to <getData.php>. Type: <cat>. Currency in Post=<>. currency var=<1>.
09/13/2012 09:08:48 pm: Hit to <getData.php>. Type: <curr>. Currency in Post=<>. currency var=<1>.
09/13/2012 09:08:48 pm: Hit to <getData.php>. Type: <scat>. Currency in Post=<>. currency var=<1>.
09/13/2012 09:08:48 pm: Get the dataset to return in json obj...
09/13/2012 09:08:48 pm: Get the dataset to return in json obj...
09/13/2012 09:08:48 pm: Get the dataset to return in json obj...
09/13/2012 09:08:48 pm: Query has run: <CALL USP_GetCategories();>.
09/13/2012 09:08:48 pm: ... Got dataset to return in json obj
09/13/2012 09:08:48 pm: Get the dataset to return in json obj...
09/13/2012 09:08:48 pm: Query has run: <CALL USP_GetPayees();>.
09/13/2012 09:08:48 pm: ... Got dataset to return in json obj
09/13/2012 09:08:48 pm: Query has run: <CALL USP_GetCategories2();>.
09/13/2012 09:08:48 pm: ... Got dataset to return in json obj
09/13/2012 09:08:48 pm: Query has run: <CALL USP_GetCurrencies();>.
09/13/2012 09:08:48 pm: ... Got dataset to return in json obj
09/13/2012 09:08:51 pm: Hit to <getData.php>. Type: <acc>. Currency in Post=<1>. currency var=<1>.
09/13/2012 09:08:51 pm: Get the dataset to return in json obj...
09/13/2012 09:08:51 pm: Hit to <getData.php>. Type: <curr>. Currency in Post=<>. currency var=<1>.
09/13/2012 09:08:51 pm: Get the dataset to return in json obj...
09/13/2012 09:08:51 pm: Query has run: <CALL USP_GetAccounts();>.
09/13/2012 09:08:51 pm: ... Got dataset to return in json obj
09/13/2012 09:08:51 pm: Query has run: <CALL USP_GetCurrencies();>.
09/13/2012 09:08:51 pm: ... Got dataset to return in json obj
09/13/2012 09:08:51 pm: Hit to <getData.php>. Type: <payee>. Currency in Post=<>. currency var=<1>.
09/13/2012 09:08:51 pm: Hit to <getData.php>. Type: <cat>. Currency in Post=<>. currency var=<1>.
09/13/2012 09:08:51 pm: Get the dataset to return in json obj...
09/13/2012 09:08:51 pm: Get the dataset to return in json obj...
09/13/2012 09:08:51 pm: Query has run: <CALL USP_GetPayees();>.
09/13/2012 09:08:51 pm: ... Got dataset to return in json obj
09/13/2012 09:08:51 pm: Query has run: <CALL USP_GetCategories();>.
09/13/2012 09:08:51 pm: ... Got dataset to return in json obj
09/13/2012 09:08:51 pm: Hit to <getData.php>. Type: <scat>. Currency in Post=<>. currency var=<1>.
09/13/2012 09:08:51 pm: Get the dataset to return in json obj...
09/13/2012 09:08:51 pm: Query has run: <CALL USP_GetCategories2();>.
09/13/2012 09:08:51 pm: ... Got dataset to return in json obj
09/13/2012 09:08:52 pm: Hit to <getData.php>. Type: <acc>. Currency in Post=<1>. currency var=<1>.
09/13/2012 09:08:52 pm: Get the dataset to return in json obj...
09/13/2012 09:08:52 pm: Query has run: <CALL USP_GetAccounts();>.
09/13/2012 09:08:52 pm: ... Got dataset to return in json obj
09/13/2012 09:08:52 pm: Hit to <getData.php>. Type: <curr>. Currency in Post=<>. currency var=<1>.
09/13/2012 09:08:52 pm: Hit to <getData.php>. Type: <payee>. Currency in Post=<>. currency var=<1>.
09/13/2012 09:08:52 pm: Get the dataset to return in json obj...
09/13/2012 09:08:52 pm: Get the dataset to return in json obj...
09/13/2012 09:08:52 pm: Query has run: <CALL USP_GetCurrencies();>.
09/13/2012 09:08:52 pm: ... Got dataset to return in json obj
09/13/2012 09:08:52 pm: Hit to <getData.php>. Type: <cat>. Currency in Post=<>. currency var=<1>.
09/13/2012 09:08:52 pm: Query has run: <CALL USP_GetPayees();>.
09/13/2012 09:08:52 pm: ... Got dataset to return in json obj
09/13/2012 09:08:52 pm: Get the dataset to return in json obj...
09/13/2012 09:08:52 pm: Query has run: <CALL USP_GetCategories();>.
09/13/2012 09:08:52 pm: ... Got dataset to return in json obj
09/13/2012 09:08:52 pm: Hit to <getData.php>. Type: <scat>. Currency in Post=<>. currency var=<1>.
09/13/2012 09:08:52 pm: Get the dataset to return in json obj...
09/13/2012 09:08:52 pm: Query has run: <CALL USP_GetCategories2();>.
09/13/2012 09:08:52 pm: ... Got dataset to return in json obj
09/13/2012 09:08:56 pm: Hit to <getData.php>. Type: <scat>. Currency in Post=<>. currency var=<1>.
09/13/2012 09:08:56 pm: Hit to <getData.php>. Type: <acc>. Currency in Post=<1>. currency var=<1>.
09/13/2012 09:08:56 pm: Hit to <getData.php>. Type: <curr>. Currency in Post=<>. currency var=<1>.
09/13/2012 09:08:56 pm: Hit to <getData.php>. Type: <payee>. Currency in Post=<>. currency var=<1>.
09/13/2012 09:08:56 pm: Hit to <getData.php>. Type: <cat>. Currency in Post=<>. currency var=<1>.
09/13/2012 09:08:56 pm: Get the dataset to return in json obj...
09/13/2012 09:08:56 pm: Query has run: <CALL USP_GetCategories2();>.
09/13/2012 09:08:56 pm: ... Got dataset to return in json obj
09/13/2012 09:08:56 pm: Get the dataset to return in json obj...
09/13/2012 09:08:56 pm: Get the dataset to return in json obj...
09/13/2012 09:08:56 pm: Query has run: <CALL USP_GetPayees();>.
09/13/2012 09:08:56 pm: ... Got dataset to return in json obj
09/13/2012 09:08:56 pm: Query has run: <CALL USP_GetCategories();>.
09/13/2012 09:08:56 pm: ... Got dataset to return in json obj
09/13/2012 09:08:56 pm: Get the dataset to return in json obj...
09/13/2012 09:08:56 pm: Get the dataset to return in json obj...
09/13/2012 09:08:56 pm: Query has run: <CALL USP_GetCurrencies();>.
09/13/2012 09:08:56 pm: ... Got dataset to return in json obj
09/13/2012 09:08:56 pm: Query has run: <CALL USP_GetAccounts();>.
09/13/2012 09:08:56 pm: ... Got dataset to return in json obj
09/13/2012 09:09:31 pm: Hit to <getData.php>. Type: <acc>. Currency in Post=<1>. currency var=<1>.
09/13/2012 09:09:31 pm: Get the dataset to return in json obj...
09/13/2012 09:09:31 pm: Hit to <getData.php>. Type: <payee>. Currency in Post=<>. currency var=<1>.
09/13/2012 09:09:31 pm: Hit to <getData.php>. Type: <curr>. Currency in Post=<>. currency var=<1>.
09/13/2012 09:09:31 pm: Get the dataset to return in json obj...
09/13/2012 09:09:31 pm: Query has run: <CALL USP_GetAccounts();>.
09/13/2012 09:09:31 pm: Get the dataset to return in json obj...
09/13/2012 09:09:31 pm: ... Got dataset to return in json obj
09/13/2012 09:09:31 pm: Query has run: <CALL USP_GetCurrencies();>.
09/13/2012 09:09:31 pm: ... Got dataset to return in json obj
09/13/2012 09:09:31 pm: Query has run: <CALL USP_GetPayees();>.
09/13/2012 09:09:31 pm: ... Got dataset to return in json obj
09/13/2012 09:09:31 pm: Hit to <getData.php>. Type: <cat>. Currency in Post=<>. currency var=<1>.
09/13/2012 09:09:31 pm: Get the dataset to return in json obj...
09/13/2012 09:09:31 pm: Query has run: <CALL USP_GetCategories();>.
09/13/2012 09:09:31 pm: ... Got dataset to return in json obj
09/13/2012 09:09:31 pm: Hit to <getData.php>. Type: <scat>. Currency in Post=<>. currency var=<1>.
09/13/2012 09:09:31 pm: Get the dataset to return in json obj...
09/13/2012 09:09:31 pm: Query has run: <CALL USP_GetCategories2();>.
09/13/2012 09:09:31 pm: ... Got dataset to return in json obj
09/13/2012 09:21:32 pm: Hit to <getData.php>. Type: <acc>. Currency in Post=<1>. currency var=<1>.
09/13/2012 09:21:32 pm: Hit to <getData.php>. Type: <curr>. Currency in Post=<>. currency var=<1>.
09/13/2012 09:21:32 pm: Get the dataset to return in json obj...
09/13/2012 09:21:32 pm: Get the dataset to return in json obj...
09/13/2012 09:21:32 pm: Query has run: <CALL USP_GetCurrencies();>.
09/13/2012 09:21:32 pm: ... Got dataset to return in json obj
09/13/2012 09:21:32 pm: Hit to <getData.php>. Type: <payee>. Currency in Post=<>. currency var=<1>.
09/13/2012 09:21:32 pm: Query has run: <CALL USP_GetAccounts();>.
09/13/2012 09:21:32 pm: ... Got dataset to return in json obj
09/13/2012 09:21:32 pm: Get the dataset to return in json obj...
09/13/2012 09:21:32 pm: Query has run: <CALL USP_GetPayees();>.
09/13/2012 09:21:32 pm: ... Got dataset to return in json obj
09/13/2012 09:21:32 pm: Hit to <getData.php>. Type: <cat>. Currency in Post=<>. currency var=<1>.
09/13/2012 09:21:32 pm: Get the dataset to return in json obj...
09/13/2012 09:21:32 pm: Query has run: <CALL USP_GetCategories();>.
09/13/2012 09:21:32 pm: ... Got dataset to return in json obj
09/13/2012 09:21:32 pm: Hit to <getData.php>. Type: <scat>. Currency in Post=<>. currency var=<1>.
09/13/2012 09:21:32 pm: Get the dataset to return in json obj...
09/13/2012 09:21:32 pm: Query has run: <CALL USP_GetCategories2();>.
09/13/2012 09:21:32 pm: ... Got dataset to return in json obj
09/13/2012 09:22:10 pm: Hit to <getData.php>. Type: <curr>. Currency in Post=<>. currency var=<1>.
09/13/2012 09:22:10 pm: Hit to <getData.php>. Type: <payee>. Currency in Post=<>. currency var=<1>.
09/13/2012 09:22:10 pm: Hit to <getData.php>. Type: <acc>. Currency in Post=<1>. currency var=<1>.
09/13/2012 09:22:10 pm: Get the dataset to return in json obj...
09/13/2012 09:22:10 pm: Query has run: <CALL USP_GetCurrencies();>.
09/13/2012 09:22:10 pm: ... Got dataset to return in json obj
09/13/2012 09:22:10 pm: Get the dataset to return in json obj...
09/13/2012 09:22:10 pm: Get the dataset to return in json obj...
09/13/2012 09:22:10 pm: Query has run: <CALL USP_GetAccounts();>.
09/13/2012 09:22:10 pm: ... Got dataset to return in json obj
09/13/2012 09:22:10 pm: Query has run: <CALL USP_GetPayees();>.
09/13/2012 09:22:10 pm: ... Got dataset to return in json obj
09/13/2012 09:22:10 pm: Hit to <getData.php>. Type: <cat>. Currency in Post=<>. currency var=<1>.
09/13/2012 09:22:10 pm: Get the dataset to return in json obj...
09/13/2012 09:22:10 pm: Hit to <getData.php>. Type: <scat>. Currency in Post=<>. currency var=<1>.
09/13/2012 09:22:10 pm: Query has run: <CALL USP_GetCategories();>.
09/13/2012 09:22:10 pm: ... Got dataset to return in json obj
09/13/2012 09:22:10 pm: Get the dataset to return in json obj...
09/13/2012 09:22:10 pm: Query has run: <CALL USP_GetCategories2();>.
09/13/2012 09:22:10 pm: ... Got dataset to return in json obj
09/13/2012 09:22:29 pm: Hit to <getData.php>. Type: <acc>. Currency in Post=<1>. currency var=<1>.
09/13/2012 09:22:29 pm: Get the dataset to return in json obj...
09/13/2012 09:22:29 pm: Query has run: <CALL USP_GetAccounts();>.
09/13/2012 09:22:29 pm: ... Got dataset to return in json obj
09/13/2012 09:22:29 pm: Hit to <getData.php>. Type: <curr>. Currency in Post=<>. currency var=<1>.
09/13/2012 09:22:29 pm: Get the dataset to return in json obj...
09/13/2012 09:22:29 pm: Query has run: <CALL USP_GetCurrencies();>.
09/13/2012 09:22:29 pm: ... Got dataset to return in json obj
09/13/2012 09:22:29 pm: Hit to <getData.php>. Type: <payee>. Currency in Post=<>. currency var=<1>.
09/13/2012 09:22:29 pm: Hit to <getData.php>. Type: <cat>. Currency in Post=<>. currency var=<1>.
09/13/2012 09:22:29 pm: Get the dataset to return in json obj...
09/13/2012 09:22:29 pm: Query has run: <CALL USP_GetCategories();>.
09/13/2012 09:22:29 pm: ... Got dataset to return in json obj
09/13/2012 09:22:29 pm: Get the dataset to return in json obj...
09/13/2012 09:22:29 pm: Hit to <getData.php>. Type: <scat>. Currency in Post=<>. currency var=<1>.
09/13/2012 09:22:29 pm: Query has run: <CALL USP_GetPayees();>.
09/13/2012 09:22:29 pm: ... Got dataset to return in json obj
09/13/2012 09:22:29 pm: Get the dataset to return in json obj...
09/13/2012 09:22:29 pm: Query has run: <CALL USP_GetCategories2();>.
09/13/2012 09:22:29 pm: ... Got dataset to return in json obj
09/13/2012 09:23:24 pm: Hit to <getData.php>. Type: <acc>. Currency in Post=<1>. currency var=<1>.
09/13/2012 09:23:24 pm: Hit to <getData.php>. Type: <curr>. Currency in Post=<>. currency var=<1>.
09/13/2012 09:23:24 pm: Hit to <getData.php>. Type: <payee>. Currency in Post=<>. currency var=<1>.
09/13/2012 09:23:24 pm: Get the dataset to return in json obj...
09/13/2012 09:23:24 pm: Get the dataset to return in json obj...
09/13/2012 09:23:24 pm: Get the dataset to return in json obj...
09/13/2012 09:23:24 pm: Query has run: <CALL USP_GetPayees();>.
09/13/2012 09:23:24 pm: ... Got dataset to return in json obj
09/13/2012 09:23:24 pm: Query has run: <CALL USP_GetCurrencies();>.
09/13/2012 09:23:24 pm: ... Got dataset to return in json obj
09/13/2012 09:23:24 pm: Query has run: <CALL USP_GetAccounts();>.
09/13/2012 09:23:24 pm: ... Got dataset to return in json obj
09/13/2012 09:23:24 pm: Hit to <getData.php>. Type: <cat>. Currency in Post=<>. currency var=<1>.
09/13/2012 09:23:24 pm: Get the dataset to return in json obj...
09/13/2012 09:23:24 pm: Query has run: <CALL USP_GetCategories();>.
09/13/2012 09:23:24 pm: ... Got dataset to return in json obj
09/13/2012 09:23:24 pm: Hit to <getData.php>. Type: <scat>. Currency in Post=<>. currency var=<1>.
09/13/2012 09:23:24 pm: Get the dataset to return in json obj...
09/13/2012 09:23:24 pm: Query has run: <CALL USP_GetCategories2();>.
09/13/2012 09:23:24 pm: ... Got dataset to return in json obj
09/13/2012 09:23:43 pm: Amount value: -120. Preg_match_all result is <1>
09/13/2012 09:23:44 pm: Currency = <1>.
09/13/2012 09:23:47 pm: Hit to <getData.php>. Type: <acc>. Currency in Post=<1>. currency var=<1>.
09/13/2012 09:23:47 pm: Get the dataset to return in json obj...
09/13/2012 09:23:47 pm: Query has run: <CALL USP_GetAccounts();>.
09/13/2012 09:23:47 pm: ... Got dataset to return in json obj
09/13/2012 09:23:47 pm: Hit to <getData.php>. Type: <payee>. Currency in Post=<>. currency var=<1>.
09/13/2012 09:23:47 pm: Hit to <getData.php>. Type: <curr>. Currency in Post=<>. currency var=<1>.
09/13/2012 09:23:47 pm: Hit to <getData.php>. Type: <cat>. Currency in Post=<>. currency var=<1>.
09/13/2012 09:23:47 pm: Hit to <getData.php>. Type: <scat>. Currency in Post=<>. currency var=<1>.
09/13/2012 09:23:47 pm: Get the dataset to return in json obj...
09/13/2012 09:23:47 pm: Get the dataset to return in json obj...
09/13/2012 09:23:47 pm: Query has run: <CALL USP_GetCategories();>.
09/13/2012 09:23:47 pm: ... Got dataset to return in json obj
09/13/2012 09:23:47 pm: Get the dataset to return in json obj...
09/13/2012 09:23:47 pm: Get the dataset to return in json obj...
09/13/2012 09:23:47 pm: Query has run: <CALL USP_GetCurrencies();>.
09/13/2012 09:23:47 pm: ... Got dataset to return in json obj
09/13/2012 09:23:47 pm: Query has run: <CALL USP_GetCategories2();>.
09/13/2012 09:23:47 pm: Query has run: <CALL USP_GetPayees();>.
09/13/2012 09:23:47 pm: ... Got dataset to return in json obj
09/13/2012 09:23:47 pm: ... Got dataset to return in json obj
09/13/2012 09:24:41 pm: Hit to <getData.php>. Type: <acc>. Currency in Post=<1>. currency var=<1>.
09/13/2012 09:24:41 pm: Hit to <getData.php>. Type: <curr>. Currency in Post=<>. currency var=<1>.
09/13/2012 09:24:41 pm: Get the dataset to return in json obj...
09/13/2012 09:24:41 pm: Query has run: <CALL USP_GetCurrencies();>.
09/13/2012 09:24:41 pm: ... Got dataset to return in json obj
09/13/2012 09:24:41 pm: Get the dataset to return in json obj...
09/13/2012 09:24:41 pm: Query has run: <CALL USP_GetAccounts();>.
09/13/2012 09:24:41 pm: ... Got dataset to return in json obj
09/13/2012 09:24:41 pm: Hit to <getData.php>. Type: <payee>. Currency in Post=<>. currency var=<1>.
09/13/2012 09:24:41 pm: Get the dataset to return in json obj...
09/13/2012 09:24:41 pm: Query has run: <CALL USP_GetPayees();>.
09/13/2012 09:24:41 pm: ... Got dataset to return in json obj
09/13/2012 09:24:41 pm: Hit to <getData.php>. Type: <cat>. Currency in Post=<>. currency var=<1>.
09/13/2012 09:24:41 pm: Get the dataset to return in json obj...
09/13/2012 09:24:41 pm: Hit to <getData.php>. Type: <scat>. Currency in Post=<>. currency var=<1>.
09/13/2012 09:24:41 pm: Query has run: <CALL USP_GetCategories();>.
09/13/2012 09:24:41 pm: ... Got dataset to return in json obj
09/13/2012 09:24:41 pm: Get the dataset to return in json obj...
09/13/2012 09:24:41 pm: Query has run: <CALL USP_GetCategories2();>.
09/13/2012 09:24:41 pm: ... Got dataset to return in json obj
09/13/2012 09:25:05 pm: Amount value: -10. Preg_match_all result is <1>
09/13/2012 09:25:05 pm: Currency = <1>.
09/13/2012 09:25:09 pm: Hit to <getData.php>. Type: <acc>. Currency in Post=<1>. currency var=<1>.
09/13/2012 09:25:09 pm: Hit to <getData.php>. Type: <curr>. Currency in Post=<>. currency var=<1>.
09/13/2012 09:25:09 pm: Get the dataset to return in json obj...
09/13/2012 09:25:09 pm: Get the dataset to return in json obj...
09/13/2012 09:25:09 pm: Query has run: <CALL USP_GetCurrencies();>.
09/13/2012 09:25:09 pm: ... Got dataset to return in json obj
09/13/2012 09:25:09 pm: Query has run: <CALL USP_GetAccounts();>.
09/13/2012 09:25:09 pm: ... Got dataset to return in json obj
09/13/2012 09:25:09 pm: Hit to <getData.php>. Type: <payee>. Currency in Post=<>. currency var=<1>.
09/13/2012 09:25:09 pm: Get the dataset to return in json obj...
09/13/2012 09:25:09 pm: Query has run: <CALL USP_GetPayees();>.
09/13/2012 09:25:09 pm: ... Got dataset to return in json obj
09/13/2012 09:25:09 pm: Hit to <getData.php>. Type: <cat>. Currency in Post=<>. currency var=<1>.
09/13/2012 09:25:09 pm: Get the dataset to return in json obj...
09/13/2012 09:25:09 pm: Query has run: <CALL USP_GetCategories();>.
09/13/2012 09:25:09 pm: ... Got dataset to return in json obj
09/13/2012 09:25:09 pm: Hit to <getData.php>. Type: <scat>. Currency in Post=<>. currency var=<1>.
09/13/2012 09:25:09 pm: Get the dataset to return in json obj...
09/13/2012 09:25:09 pm: Query has run: <CALL USP_GetCategories2();>.
09/13/2012 09:25:09 pm: ... Got dataset to return in json obj
09/13/2012 09:25:52 pm: Hit to <getData.php>. Type: <acc>. Currency in Post=<1>. currency var=<1>.
09/13/2012 09:25:52 pm: Hit to <getData.php>. Type: <curr>. Currency in Post=<>. currency var=<1>.
09/13/2012 09:25:52 pm: Get the dataset to return in json obj...
09/13/2012 09:25:52 pm: Query has run: <CALL USP_GetCurrencies();>.
09/13/2012 09:25:52 pm: ... Got dataset to return in json obj
09/13/2012 09:25:52 pm: Hit to <getData.php>. Type: <payee>. Currency in Post=<>. currency var=<1>.
09/13/2012 09:25:52 pm: Get the dataset to return in json obj...
09/13/2012 09:25:52 pm: Query has run: <CALL USP_GetAccounts();>.
09/13/2012 09:25:52 pm: Get the dataset to return in json obj...
09/13/2012 09:25:52 pm: ... Got dataset to return in json obj
09/13/2012 09:25:52 pm: Query has run: <CALL USP_GetPayees();>.
09/13/2012 09:25:52 pm: ... Got dataset to return in json obj
09/13/2012 09:25:52 pm: Hit to <getData.php>. Type: <cat>. Currency in Post=<>. currency var=<1>.
09/13/2012 09:25:52 pm: Get the dataset to return in json obj...
09/13/2012 09:25:52 pm: Query has run: <CALL USP_GetCategories();>.
09/13/2012 09:25:52 pm: ... Got dataset to return in json obj
09/13/2012 09:25:52 pm: Hit to <getData.php>. Type: <scat>. Currency in Post=<>. currency var=<1>.
09/13/2012 09:25:52 pm: Get the dataset to return in json obj...
09/13/2012 09:25:52 pm: Query has run: <CALL USP_GetCategories2();>.
09/13/2012 09:25:52 pm: ... Got dataset to return in json obj
09/13/2012 09:26:00 pm: Hit to <getData.php>. Type: <acc>. Currency in Post=<1>. currency var=<1>.
09/13/2012 09:26:00 pm: Get the dataset to return in json obj...
09/13/2012 09:26:00 pm: Query has run: <CALL USP_GetAccounts();>.
09/13/2012 09:26:00 pm: ... Got dataset to return in json obj
09/13/2012 09:26:00 pm: Hit to <getData.php>. Type: <payee>. Currency in Post=<>. currency var=<1>.
09/13/2012 09:26:00 pm: Hit to <getData.php>. Type: <curr>. Currency in Post=<>. currency var=<1>.
09/13/2012 09:26:00 pm: Get the dataset to return in json obj...
09/13/2012 09:26:00 pm: Get the dataset to return in json obj...
09/13/2012 09:26:00 pm: Query has run: <CALL USP_GetPayees();>.
09/13/2012 09:26:00 pm: ... Got dataset to return in json obj
09/13/2012 09:26:00 pm: Hit to <getData.php>. Type: <cat>. Currency in Post=<>. currency var=<1>.
09/13/2012 09:26:00 pm: Query has run: <CALL USP_GetCurrencies();>.
09/13/2012 09:26:00 pm: ... Got dataset to return in json obj
09/13/2012 09:26:00 pm: Hit to <getData.php>. Type: <scat>. Currency in Post=<>. currency var=<1>.
09/13/2012 09:26:00 pm: Get the dataset to return in json obj...
09/13/2012 09:26:00 pm: Get the dataset to return in json obj...
09/13/2012 09:26:00 pm: Query has run: <CALL USP_GetCategories();>.
09/13/2012 09:26:00 pm: ... Got dataset to return in json obj
09/13/2012 09:26:00 pm: Query has run: <CALL USP_GetCategories2();>.
09/13/2012 09:26:00 pm: ... Got dataset to return in json obj
09/13/2012 09:26:11 pm: Hit to <getData.php>. Type: <acc>. Currency in Post=<1>. currency var=<1>.
09/13/2012 09:26:11 pm: Get the dataset to return in json obj...
09/13/2012 09:26:11 pm: Hit to <getData.php>. Type: <curr>. Currency in Post=<>. currency var=<1>.
09/13/2012 09:26:11 pm: Query has run: <CALL USP_GetAccounts();>.
09/13/2012 09:26:11 pm: Get the dataset to return in json obj...
09/13/2012 09:26:11 pm: ... Got dataset to return in json obj
09/13/2012 09:26:11 pm: Query has run: <CALL USP_GetCurrencies();>.
09/13/2012 09:26:11 pm: ... Got dataset to return in json obj
09/13/2012 09:26:11 pm: Hit to <getData.php>. Type: <payee>. Currency in Post=<>. currency var=<1>.
09/13/2012 09:26:11 pm: Hit to <getData.php>. Type: <cat>. Currency in Post=<>. currency var=<1>.
09/13/2012 09:26:11 pm: Get the dataset to return in json obj...
09/13/2012 09:26:11 pm: Get the dataset to return in json obj...
09/13/2012 09:26:11 pm: Query has run: <CALL USP_GetPayees();>.
09/13/2012 09:26:11 pm: ... Got dataset to return in json obj
09/13/2012 09:26:11 pm: Query has run: <CALL USP_GetCategories();>.
09/13/2012 09:26:11 pm: ... Got dataset to return in json obj
09/13/2012 09:26:11 pm: Hit to <getData.php>. Type: <scat>. Currency in Post=<>. currency var=<1>.
09/13/2012 09:26:11 pm: Get the dataset to return in json obj...
09/13/2012 09:26:11 pm: Query has run: <CALL USP_GetCategories2();>.
09/13/2012 09:26:11 pm: ... Got dataset to return in json obj
09/13/2012 09:36:52 pm: Hit to <getData.php>. Type: <acc>. Currency in Post=<1>. currency var=<1>.
09/13/2012 09:36:52 pm: Hit to <getData.php>. Type: <payee>. Currency in Post=<>. currency var=<1>.
09/13/2012 09:36:52 pm: Hit to <getData.php>. Type: <curr>. Currency in Post=<>. currency var=<1>.
09/13/2012 09:36:52 pm: Hit to <getData.php>. Type: <scat>. Currency in Post=<>. currency var=<1>.
09/13/2012 09:36:52 pm: Hit to <getData.php>. Type: <cat>. Currency in Post=<>. currency var=<1>.
09/13/2012 09:36:52 pm: Get the dataset to return in json obj...
09/13/2012 09:36:52 pm: Query has run: <CALL USP_GetAccounts();>.
09/13/2012 09:36:52 pm: ... Got dataset to return in json obj
09/13/2012 09:36:52 pm: Get the dataset to return in json obj...
09/13/2012 09:36:52 pm: Get the dataset to return in json obj...
09/13/2012 09:36:52 pm: Get the dataset to return in json obj...
09/13/2012 09:36:52 pm: Get the dataset to return in json obj...
09/13/2012 09:36:52 pm: Query has run: <CALL USP_GetCurrencies();>.
09/13/2012 09:36:52 pm: ... Got dataset to return in json obj
09/13/2012 09:36:52 pm: Query has run: <CALL USP_GetCategories2();>.
09/13/2012 09:36:52 pm: ... Got dataset to return in json obj
09/13/2012 09:36:52 pm: Query has run: <CALL USP_GetPayees();>.
09/13/2012 09:36:52 pm: ... Got dataset to return in json obj
09/13/2012 09:36:52 pm: Query has run: <CALL USP_GetCategories();>.
09/13/2012 09:36:52 pm: ... Got dataset to return in json obj
09/13/2012 09:38:19 pm: Hit to <getData.php>. Type: <acc>. Currency in Post=<1>. currency var=<1>.
09/13/2012 09:38:19 pm: Hit to <getData.php>. Type: <curr>. Currency in Post=<>. currency var=<1>.
09/13/2012 09:38:19 pm: Get the dataset to return in json obj...
09/13/2012 09:38:19 pm: Get the dataset to return in json obj...
09/13/2012 09:38:19 pm: Query has run: <CALL USP_GetAccounts();>.
09/13/2012 09:38:19 pm: ... Got dataset to return in json obj
09/13/2012 09:38:19 pm: Hit to <getData.php>. Type: <payee>. Currency in Post=<>. currency var=<1>.
09/13/2012 09:38:19 pm: Query has run: <CALL USP_GetCurrencies();>.
09/13/2012 09:38:19 pm: ... Got dataset to return in json obj
09/13/2012 09:38:19 pm: Hit to <getData.php>. Type: <cat>. Currency in Post=<>. currency var=<1>.
09/13/2012 09:38:20 pm: Get the dataset to return in json obj...
09/13/2012 09:38:20 pm: Query has run: <CALL USP_GetPayees();>.
09/13/2012 09:38:20 pm: ... Got dataset to return in json obj
09/13/2012 09:38:20 pm: Get the dataset to return in json obj...
09/13/2012 09:38:20 pm: Query has run: <CALL USP_GetCategories();>.
09/13/2012 09:38:20 pm: ... Got dataset to return in json obj
09/13/2012 09:38:20 pm: Hit to <getData.php>. Type: <scat>. Currency in Post=<>. currency var=<1>.
09/13/2012 09:38:20 pm: Get the dataset to return in json obj...
09/13/2012 09:38:20 pm: Query has run: <CALL USP_GetCategories2();>.
09/13/2012 09:38:20 pm: ... Got dataset to return in json obj
09/13/2012 09:39:13 pm: Hit to <getData.php>. Type: <curr>. Currency in Post=<>. currency var=<1>.
09/13/2012 09:39:13 pm: Hit to <getData.php>. Type: <acc>. Currency in Post=<1>. currency var=<1>.
09/13/2012 09:39:13 pm: Get the dataset to return in json obj...
09/13/2012 09:39:13 pm: Get the dataset to return in json obj...
09/13/2012 09:39:13 pm: Query has run: <CALL USP_GetCurrencies();>.
09/13/2012 09:39:13 pm: ... Got dataset to return in json obj
09/13/2012 09:39:13 pm: Query has run: <CALL USP_GetAccounts();>.
09/13/2012 09:39:13 pm: ... Got dataset to return in json obj
09/13/2012 09:39:13 pm: Hit to <getData.php>. Type: <scat>. Currency in Post=<>. currency var=<1>.
09/13/2012 09:39:13 pm: Hit to <getData.php>. Type: <cat>. Currency in Post=<>. currency var=<1>.
09/13/2012 09:39:13 pm: Hit to <getData.php>. Type: <payee>. Currency in Post=<>. currency var=<1>.
09/13/2012 09:39:13 pm: Get the dataset to return in json obj...
09/13/2012 09:39:13 pm: Query has run: <CALL USP_GetCategories();>.
09/13/2012 09:39:13 pm: ... Got dataset to return in json obj
09/13/2012 09:39:13 pm: Get the dataset to return in json obj...
09/13/2012 09:39:13 pm: Get the dataset to return in json obj...
09/13/2012 09:39:13 pm: Query has run: <CALL USP_GetCategories2();>.
09/13/2012 09:39:13 pm: ... Got dataset to return in json obj
09/13/2012 09:39:13 pm: Query has run: <CALL USP_GetPayees();>.
09/13/2012 09:39:13 pm: ... Got dataset to return in json obj
09/13/2012 09:40:20 pm: Hit to <getData.php>. Type: <curr>. Currency in Post=<>. currency var=<1>.
09/13/2012 09:40:20 pm: Hit to <getData.php>. Type: <acc>. Currency in Post=<1>. currency var=<1>.
09/13/2012 09:40:20 pm: Hit to <getData.php>. Type: <payee>. Currency in Post=<>. currency var=<1>.
09/13/2012 09:40:20 pm: Get the dataset to return in json obj...
09/13/2012 09:40:20 pm: Get the dataset to return in json obj...
09/13/2012 09:40:20 pm: Hit to <getData.php>. Type: <cat>. Currency in Post=<>. currency var=<1>.
09/13/2012 09:40:20 pm: Get the dataset to return in json obj...
09/13/2012 09:40:20 pm: Query has run: <CALL USP_GetCurrencies();>.
09/13/2012 09:40:20 pm: ... Got dataset to return in json obj
09/13/2012 09:40:20 pm: Query has run: <CALL USP_GetPayees();>.
09/13/2012 09:40:20 pm: ... Got dataset to return in json obj
09/13/2012 09:40:20 pm: Query has run: <CALL USP_GetAccounts();>.
09/13/2012 09:40:20 pm: ... Got dataset to return in json obj
09/13/2012 09:40:20 pm: Get the dataset to return in json obj...
09/13/2012 09:40:20 pm: Hit to <getData.php>. Type: <scat>. Currency in Post=<>. currency var=<1>.
09/13/2012 09:40:20 pm: Get the dataset to return in json obj...
09/13/2012 09:40:20 pm: Query has run: <CALL USP_GetCategories();>.
09/13/2012 09:40:20 pm: ... Got dataset to return in json obj
09/13/2012 09:40:20 pm: Query has run: <CALL USP_GetCategories2();>.
09/13/2012 09:40:20 pm: ... Got dataset to return in json obj
09/13/2012 09:42:04 pm: Hit to <getData.php>. Type: <acc>. Currency in Post=<1>. currency var=<1>.
09/13/2012 09:42:04 pm: Hit to <getData.php>. Type: <curr>. Currency in Post=<>. currency var=<1>.
09/13/2012 09:42:04 pm: Hit to <getData.php>. Type: <payee>. Currency in Post=<>. currency var=<1>.
09/13/2012 09:42:04 pm: Get the dataset to return in json obj...
09/13/2012 09:42:04 pm: Get the dataset to return in json obj...
09/13/2012 09:42:04 pm: Get the dataset to return in json obj...
09/13/2012 09:42:04 pm: Query has run: <CALL USP_GetCurrencies();>.
09/13/2012 09:42:04 pm: ... Got dataset to return in json obj
09/13/2012 09:42:04 pm: Query has run: <CALL USP_GetAccounts();>.
09/13/2012 09:42:04 pm: ... Got dataset to return in json obj
09/13/2012 09:42:04 pm: Query has run: <CALL USP_GetPayees();>.
09/13/2012 09:42:04 pm: ... Got dataset to return in json obj
09/13/2012 09:42:04 pm: Hit to <getData.php>. Type: <cat>. Currency in Post=<>. currency var=<1>.
09/13/2012 09:42:04 pm: Hit to <getData.php>. Type: <scat>. Currency in Post=<>. currency var=<1>.
09/13/2012 09:42:04 pm: Get the dataset to return in json obj...
09/13/2012 09:42:04 pm: Get the dataset to return in json obj...
09/13/2012 09:42:04 pm: Query has run: <CALL USP_GetCategories();>.
09/13/2012 09:42:04 pm: ... Got dataset to return in json obj
09/13/2012 09:42:04 pm: Query has run: <CALL USP_GetCategories2();>.
09/13/2012 09:42:04 pm: ... Got dataset to return in json obj
