08/15/2012 10:21:15 am: Hit to <getData.php>. Type: <curr>. Currency in Post=<>. currency var=<1>.
08/15/2012 10:21:15 am: Hit to <getData.php>. Type: <cat>. Currency in Post=<>. currency var=<1>.
08/15/2012 10:21:15 am: Get the dataset to return in json obj...
08/15/2012 10:21:15 am: Get the dataset to return in json obj...
08/15/2012 10:21:15 am: Hit to <getData.php>. Type: <payee>. Currency in Post=<>. currency var=<1>.
08/15/2012 10:21:15 am: Get the dataset to return in json obj...
08/15/2012 10:21:16 am: Get the dataset to return in json obj...
08/15/2012 10:21:15 am: Get the dataset to return in json obj...
08/15/2012 10:21:16 am: Query has run: <CALL USP_GetCategories2();>.
08/15/2012 10:21:16 am: ... Got dataset to return in json obj
08/15/2012 10:21:16 am: Query has run: <CALL USP_GetAccounts();>.
08/15/2012 10:21:16 am: ... Got dataset to return in json obj
08/15/2012 10:21:16 am: Query has run: <CALL USP_GetCategories();>.
08/15/2012 10:21:16 am: ... Got dataset to return in json obj
08/15/2012 10:21:16 am: Query has run: <CALL USP_GetPayees();>.
08/15/2012 10:21:16 am: ... Got dataset to return in json obj
08/15/2012 10:21:16 am: Query has run: <CALL USP_GetCurrencies();>.
08/15/2012 10:21:16 am: ... Got dataset to return in json obj
08/15/2012 10:21:41 am: Hit to <getData.php>. Type: <acc>. Currency in Post=<1>. currency var=<1>.
08/15/2012 10:21:41 am: Hit to <getData.php>. Type: <payee>. Currency in Post=<>. currency var=<1>.
08/15/2012 10:21:41 am: Get the dataset to return in json obj...
08/15/2012 10:21:41 am: Hit to <getData.php>. Type: <cat>. Currency in Post=<>. currency var=<1>.
08/15/2012 10:21:41 am: Get the dataset to return in json obj...
08/15/2012 10:21:41 am: Query has run: <CALL USP_GetPayees();>.
08/15/2012 10:21:41 am: ... Got dataset to return in json obj
08/15/2012 10:21:41 am: Hit to <getData.php>. Type: <curr>. Currency in Post=<>. currency var=<1>.
08/15/2012 10:21:41 am: Query has run: <CALL USP_GetAccounts();>.
08/15/2012 10:21:41 am: ... Got dataset to return in json obj
08/15/2012 10:21:41 am: Get the dataset to return in json obj...
08/15/2012 10:21:41 am: Query has run: <CALL USP_GetCategories();>.
08/15/2012 10:21:41 am: ... Got dataset to return in json obj
08/15/2012 10:21:41 am: Hit to <getData.php>. Type: <scat>. Currency in Post=<>. currency var=<1>.
08/15/2012 10:21:41 am: Get the dataset to return in json obj...
08/15/2012 10:21:41 am: Get the dataset to return in json obj...
08/15/2012 10:21:41 am: Query has run: <CALL USP_GetCategories2();>.
08/15/2012 10:21:41 am: ... Got dataset to return in json obj
08/15/2012 10:21:41 am: Query has run: <CALL USP_GetCurrencies();>.
08/15/2012 10:21:41 am: ... Got dataset to return in json obj
08/15/2012 10:22:39 am: Amount value: -19,20. Preg_match_all result is <1>
08/15/2012 10:22:44 am: Hit to <getData.php>. Type: <acc>. Currency in Post=<1>. currency var=<1>.
08/15/2012 10:22:44 am: Hit to <getData.php>. Type: <curr>. Currency in Post=<>. currency var=<1>.
08/15/2012 10:22:44 am: Hit to <getData.php>. Type: <payee>. Currency in Post=<>. currency var=<1>.
08/15/2012 10:22:44 am: Hit to <getData.php>. Type: <cat>. Currency in Post=<>. currency var=<1>.
08/15/2012 10:22:44 am: Hit to <getData.php>. Type: <scat>. Currency in Post=<>. currency var=<1>.
08/15/2012 10:22:44 am: Get the dataset to return in json obj...
08/15/2012 10:22:44 am: Get the dataset to return in json obj...
08/15/2012 10:22:44 am: Get the dataset to return in json obj...
08/15/2012 10:22:44 am: Get the dataset to return in json obj...
08/15/2012 10:22:44 am: Get the dataset to return in json obj...
08/15/2012 10:22:44 am: Query has run: <CALL USP_GetCategories();>.
08/15/2012 10:22:44 am: ... Got dataset to return in json obj
08/15/2012 10:22:44 am: Query has run: <CALL USP_GetPayees();>.
08/15/2012 10:22:44 am: ... Got dataset to return in json obj
08/15/2012 10:22:44 am: Query has run: <CALL USP_GetAccounts();>.
08/15/2012 10:22:44 am: ... Got dataset to return in json obj
08/15/2012 10:22:44 am: Query has run: <CALL USP_GetCategories2();>.
08/15/2012 10:22:44 am: ... Got dataset to return in json obj
08/15/2012 10:22:44 am: Query has run: <CALL USP_GetCurrencies();>.
08/15/2012 10:22:44 am: ... Got dataset to return in json obj
08/15/2012 02:20:16 pm: Hit to <getData.php>. Type: <acc>. Currency in Post=<1>. currency var=<1>.
08/15/2012 02:20:16 pm: Hit to <getData.php>. Type: <curr>. Currency in Post=<>. currency var=<1>.
08/15/2012 02:20:16 pm: Get the dataset to return in json obj...
08/15/2012 02:20:16 pm: Hit to <getData.php>. Type: <payee>. Currency in Post=<>. currency var=<1>.
08/15/2012 02:20:16 pm: Query has run: <CALL USP_GetCurrencies();>.
08/15/2012 02:20:16 pm: ... Got dataset to return in json obj
08/15/2012 02:20:16 pm: Get the dataset to return in json obj...
08/15/2012 02:20:16 pm: Query has run: <CALL USP_GetAccounts();>.
08/15/2012 02:20:16 pm: ... Got dataset to return in json obj
08/15/2012 02:20:16 pm: Get the dataset to return in json obj...
08/15/2012 02:20:16 pm: Query has run: <CALL USP_GetPayees();>.
08/15/2012 02:20:16 pm: ... Got dataset to return in json obj
08/15/2012 02:20:16 pm: Hit to <getData.php>. Type: <cat>. Currency in Post=<>. currency var=<1>.
08/15/2012 02:20:16 pm: Get the dataset to return in json obj...
08/15/2012 02:20:16 pm: Hit to <getData.php>. Type: <scat>. Currency in Post=<>. currency var=<1>.
08/15/2012 02:20:16 pm: Query has run: <CALL USP_GetCategories();>.
08/15/2012 02:20:16 pm: ... Got dataset to return in json obj
08/15/2012 02:20:16 pm: Get the dataset to return in json obj...
08/15/2012 02:20:16 pm: Query has run: <CALL USP_GetCategories2();>.
08/15/2012 02:20:16 pm: ... Got dataset to return in json obj
08/15/2012 02:20:46 pm: Hit to <getData.php>. Type: <acc>. Currency in Post=<1>. currency var=<1>.
08/15/2012 02:20:46 pm: Hit to <getData.php>. Type: <curr>. Currency in Post=<>. currency var=<1>.
08/15/2012 02:20:46 pm: Hit to <getData.php>. Type: <payee>. Currency in Post=<>. currency var=<1>.
08/15/2012 02:20:46 pm: Get the dataset to return in json obj...
08/15/2012 02:20:46 pm: Get the dataset to return in json obj...
08/15/2012 02:20:46 pm: Hit to <getData.php>. Type: <scat>. Currency in Post=<>. currency var=<1>.
08/15/2012 02:20:46 pm: Query has run: <CALL USP_GetAccounts();>.
08/15/2012 02:20:46 pm: ... Got dataset to return in json obj
08/15/2012 02:20:46 pm: Get the dataset to return in json obj...
08/15/2012 02:20:46 pm: Query has run: <CALL USP_GetCurrencies();>.
08/15/2012 02:20:46 pm: ... Got dataset to return in json obj
08/15/2012 02:20:46 pm: Get the dataset to return in json obj...
08/15/2012 02:20:46 pm: Hit to <getData.php>. Type: <cat>. Currency in Post=<>. currency var=<1>.
08/15/2012 02:20:46 pm: Query has run: <CALL USP_GetPayees();>.
08/15/2012 02:20:46 pm: ... Got dataset to return in json obj
08/15/2012 02:20:46 pm: Query has run: <CALL USP_GetCategories2();>.
08/15/2012 02:20:46 pm: ... Got dataset to return in json obj
08/15/2012 02:20:46 pm: Get the dataset to return in json obj...
08/15/2012 02:20:46 pm: Query has run: <CALL USP_GetCategories();>.
08/15/2012 02:20:46 pm: ... Got dataset to return in json obj
08/15/2012 02:21:08 pm: Hit to <getData.php>. Type: <acc>. Currency in Post=<1>. currency var=<1>.
08/15/2012 02:21:08 pm: Hit to <getData.php>. Type: <curr>. Currency in Post=<>. currency var=<1>.
08/15/2012 02:21:08 pm: Get the dataset to return in json obj...
08/15/2012 02:21:08 pm: Hit to <getData.php>. Type: <cat>. Currency in Post=<>. currency var=<1>.
08/15/2012 02:21:08 pm: Hit to <getData.php>. Type: <payee>. Currency in Post=<>. currency var=<1>.
08/15/2012 02:21:08 pm: Get the dataset to return in json obj...
08/15/2012 02:21:08 pm: Get the dataset to return in json obj...
08/15/2012 02:21:08 pm: Query has run: <CALL USP_GetCurrencies();>.
08/15/2012 02:21:08 pm: ... Got dataset to return in json obj
08/15/2012 02:21:08 pm: Query has run: <CALL USP_GetAccounts();>.
08/15/2012 02:21:08 pm: ... Got dataset to return in json obj
08/15/2012 02:21:08 pm: Get the dataset to return in json obj...
08/15/2012 02:21:08 pm: Query has run: <CALL USP_GetCategories();>.
08/15/2012 02:21:08 pm: ... Got dataset to return in json obj
08/15/2012 02:21:08 pm: Query has run: <CALL USP_GetPayees();>.
08/15/2012 02:21:08 pm: ... Got dataset to return in json obj
08/15/2012 02:21:08 pm: Hit to <getData.php>. Type: <scat>. Currency in Post=<>. currency var=<1>.
08/15/2012 02:21:08 pm: Get the dataset to return in json obj...
08/15/2012 02:21:08 pm: Query has run: <CALL USP_GetCategories2();>.
08/15/2012 02:21:08 pm: ... Got dataset to return in json obj
08/15/2012 02:21:35 pm: Hit to <getData.php>. Type: <acc>. Currency in Post=<1>. currency var=<1>.
08/15/2012 02:21:35 pm: Hit to <getData.php>. Type: <curr>. Currency in Post=<>. currency var=<1>.
08/15/2012 02:21:35 pm: Get the dataset to return in json obj...
08/15/2012 02:21:35 pm: Get the dataset to return in json obj...
08/15/2012 02:21:35 pm: Hit to <getData.php>. Type: <payee>. Currency in Post=<>. currency var=<1>.
08/15/2012 02:21:35 pm: Hit to <getData.php>. Type: <cat>. Currency in Post=<>. currency var=<1>.
08/15/2012 02:21:35 pm: Query has run: <CALL USP_GetCurrencies();>.
08/15/2012 02:21:35 pm: ... Got dataset to return in json obj
08/15/2012 02:21:35 pm: Get the dataset to return in json obj...
08/15/2012 02:21:35 pm: Get the dataset to return in json obj...
08/15/2012 02:21:35 pm: Query has run: <CALL USP_GetAccounts();>.
08/15/2012 02:21:35 pm: ... Got dataset to return in json obj
08/15/2012 02:21:35 pm: Hit to <getData.php>. Type: <scat>. Currency in Post=<>. currency var=<1>.
08/15/2012 02:21:35 pm: Query has run: <CALL USP_GetCategories();>.
08/15/2012 02:21:35 pm: ... Got dataset to return in json obj
08/15/2012 02:21:35 pm: Get the dataset to return in json obj...
08/15/2012 02:21:35 pm: Query has run: <CALL USP_GetPayees();>.
08/15/2012 02:21:35 pm: ... Got dataset to return in json obj
08/15/2012 02:21:35 pm: Query has run: <CALL USP_GetCategories2();>.
08/15/2012 02:21:35 pm: ... Got dataset to return in json obj
08/15/2012 02:23:03 pm: Hit to <getData.php>. Type: <acc>. Currency in Post=<1>. currency var=<1>.
08/15/2012 02:23:03 pm: Get the dataset to return in json obj...
08/15/2012 02:23:03 pm: Hit to <getData.php>. Type: <curr>. Currency in Post=<>. currency var=<1>.
08/15/2012 02:23:03 pm: Hit to <getData.php>. Type: <payee>. Currency in Post=<>. currency var=<1>.
08/15/2012 02:23:03 pm: Hit to <getData.php>. Type: <scat>. Currency in Post=<>. currency var=<1>.
08/15/2012 02:23:03 pm: Hit to <getData.php>. Type: <cat>. Currency in Post=<>. currency var=<1>.
08/15/2012 02:23:03 pm: Query has run: <CALL USP_GetAccounts();>.
08/15/2012 02:23:03 pm: ... Got dataset to return in json obj
08/15/2012 02:23:03 pm: Get the dataset to return in json obj...
08/15/2012 02:23:03 pm: Get the dataset to return in json obj...
08/15/2012 02:23:03 pm: Get the dataset to return in json obj...
08/15/2012 02:23:03 pm: Get the dataset to return in json obj...
08/15/2012 02:23:03 pm: Query has run: <CALL USP_GetCurrencies();>.
08/15/2012 02:23:03 pm: ... Got dataset to return in json obj
08/15/2012 02:23:03 pm: Query has run: <CALL USP_GetCategories2();>.
08/15/2012 02:23:03 pm: Query has run: <CALL USP_GetCategories();>.
08/15/2012 02:23:03 pm: ... Got dataset to return in json obj
08/15/2012 02:23:03 pm: Query has run: <CALL USP_GetPayees();>.
08/15/2012 02:23:03 pm: ... Got dataset to return in json obj
08/15/2012 02:23:03 pm: ... Got dataset to return in json obj
08/15/2012 02:25:05 pm: Hit to <getData.php>. Type: <curr>. Currency in Post=<>. currency var=<1>.
08/15/2012 02:25:05 pm: Hit to <getData.php>. Type: <acc>. Currency in Post=<1>. currency var=<1>.
08/15/2012 02:25:05 pm: Hit to <getData.php>. Type: <payee>. Currency in Post=<>. currency var=<1>.
08/15/2012 02:25:05 pm: Hit to <getData.php>. Type: <cat>. Currency in Post=<>. currency var=<1>.
08/15/2012 02:25:05 pm: Hit to <getData.php>. Type: <scat>. Currency in Post=<>. currency var=<1>.
08/15/2012 02:25:05 pm: Get the dataset to return in json obj...
08/15/2012 02:25:05 pm: Get the dataset to return in json obj...
08/15/2012 02:25:05 pm: Get the dataset to return in json obj...
08/15/2012 02:25:05 pm: Get the dataset to return in json obj...
08/15/2012 02:25:05 pm: Get the dataset to return in json obj...
08/15/2012 02:25:05 pm: Query has run: <CALL USP_GetCategories2();>.
08/15/2012 02:25:05 pm: ... Got dataset to return in json obj
08/15/2012 02:25:05 pm: Query has run: <CALL USP_GetCurrencies();>.
08/15/2012 02:25:05 pm: ... Got dataset to return in json obj
08/15/2012 02:25:05 pm: Query has run: <CALL USP_GetCategories();>.
08/15/2012 02:25:05 pm: Query has run: <CALL USP_GetPayees();>.
08/15/2012 02:25:05 pm: ... Got dataset to return in json obj
08/15/2012 02:25:05 pm: Query has run: <CALL USP_GetAccounts();>.
08/15/2012 02:25:05 pm: ... Got dataset to return in json obj
08/15/2012 02:25:05 pm: ... Got dataset to return in json obj
08/15/2012 02:25:45 pm: Hit to <getData.php>. Type: <acc>. Currency in Post=<1>. currency var=<1>.
08/15/2012 02:25:45 pm: Hit to <getData.php>. Type: <scat>. Currency in Post=<>. currency var=<1>.
08/15/2012 02:25:45 pm: Hit to <getData.php>. Type: <cat>. Currency in Post=<>. currency var=<1>.
08/15/2012 02:25:45 pm: Hit to <getData.php>. Type: <curr>. Currency in Post=<>. currency var=<1>.
08/15/2012 02:25:45 pm: Get the dataset to return in json obj...
08/15/2012 02:25:45 pm: Get the dataset to return in json obj...
08/15/2012 02:25:45 pm: Get the dataset to return in json obj...
08/15/2012 02:25:45 pm: Query has run: <CALL USP_GetCategories2();>.
08/15/2012 02:25:45 pm: ... Got dataset to return in json obj
08/15/2012 02:25:45 pm: Hit to <getData.php>. Type: <payee>. Currency in Post=<>. currency var=<1>.
08/15/2012 02:25:45 pm: Get the dataset to return in json obj...
08/15/2012 02:25:45 pm: Query has run: <CALL USP_GetAccounts();>.
08/15/2012 02:25:45 pm: ... Got dataset to return in json obj
08/15/2012 02:25:45 pm: Query has run: <CALL USP_GetCategories();>.
08/15/2012 02:25:45 pm: ... Got dataset to return in json obj
08/15/2012 02:25:45 pm: Query has run: <CALL USP_GetCurrencies();>.
08/15/2012 02:25:45 pm: ... Got dataset to return in json obj
08/15/2012 02:25:45 pm: Get the dataset to return in json obj...
08/15/2012 02:25:45 pm: Query has run: <CALL USP_GetPayees();>.
08/15/2012 02:25:45 pm: ... Got dataset to return in json obj
08/15/2012 02:26:12 pm: Hit to <getData.php>. Type: <acc>. Currency in Post=<1>. currency var=<1>.
08/15/2012 02:26:12 pm: Get the dataset to return in json obj...
08/15/2012 02:26:12 pm: Query has run: <CALL USP_GetAccounts();>.
08/15/2012 02:26:12 pm: ... Got dataset to return in json obj
08/15/2012 02:26:12 pm: Hit to <getData.php>. Type: <curr>. Currency in Post=<>. currency var=<1>.
08/15/2012 02:26:12 pm: Hit to <getData.php>. Type: <payee>. Currency in Post=<>. currency var=<1>.
08/15/2012 02:26:12 pm: Hit to <getData.php>. Type: <scat>. Currency in Post=<>. currency var=<1>.
08/15/2012 02:26:12 pm: Hit to <getData.php>. Type: <cat>. Currency in Post=<>. currency var=<1>.
08/15/2012 02:26:12 pm: Get the dataset to return in json obj...
08/15/2012 02:26:12 pm: Get the dataset to return in json obj...
08/15/2012 02:26:12 pm: Get the dataset to return in json obj...
08/15/2012 02:26:12 pm: Query has run: <CALL USP_GetCurrencies();>.
08/15/2012 02:26:12 pm: ... Got dataset to return in json obj
08/15/2012 02:26:12 pm: Get the dataset to return in json obj...
08/15/2012 02:26:12 pm: Query has run: <CALL USP_GetPayees();>.
08/15/2012 02:26:12 pm: ... Got dataset to return in json obj
08/15/2012 02:26:12 pm: Query has run: <CALL USP_GetCategories2();>.
08/15/2012 02:26:12 pm: ... Got dataset to return in json obj
08/15/2012 02:26:12 pm: Query has run: <CALL USP_GetCategories();>.
08/15/2012 02:26:12 pm: ... Got dataset to return in json obj
08/15/2012 02:28:55 pm: Hit to <getData.php>. Type: <acc>. Currency in Post=<1>. currency var=<1>.
08/15/2012 02:28:55 pm: Get the dataset to return in json obj...
08/15/2012 02:28:55 pm: Hit to <getData.php>. Type: <curr>. Currency in Post=<>. currency var=<1>.
08/15/2012 02:28:55 pm: Query has run: <CALL USP_GetAccounts();>.
08/15/2012 02:28:55 pm: ... Got dataset to return in json obj
08/15/2012 02:28:55 pm: Get the dataset to return in json obj...
08/15/2012 02:28:55 pm: Hit to <getData.php>. Type: <payee>. Currency in Post=<>. currency var=<1>.
08/15/2012 02:28:55 pm: Hit to <getData.php>. Type: <cat>. Currency in Post=<>. currency var=<1>.
08/15/2012 02:28:55 pm: Query has run: <CALL USP_GetCurrencies();>.
08/15/2012 02:28:55 pm: ... Got dataset to return in json obj
08/15/2012 02:28:55 pm: Hit to <getData.php>. Type: <scat>. Currency in Post=<>. currency var=<1>.
08/15/2012 02:28:55 pm: Get the dataset to return in json obj...
08/15/2012 02:28:55 pm: Query has run: <CALL USP_GetPayees();>.
08/15/2012 02:28:55 pm: ... Got dataset to return in json obj
08/15/2012 02:28:55 pm: Get the dataset to return in json obj...
08/15/2012 02:28:55 pm: Get the dataset to return in json obj...
08/15/2012 02:28:55 pm: Query has run: <CALL USP_GetCategories();>.
08/15/2012 02:28:55 pm: ... Got dataset to return in json obj
08/15/2012 02:28:55 pm: Query has run: <CALL USP_GetCategories2();>.
08/15/2012 02:28:55 pm: ... Got dataset to return in json obj
08/15/2012 02:29:26 pm: Hit to <getData.php>. Type: <acc>. Currency in Post=<1>. currency var=<1>.
08/15/2012 02:29:26 pm: Get the dataset to return in json obj...
08/15/2012 02:29:26 pm: Query has run: <CALL USP_GetAccounts();>.
08/15/2012 02:29:26 pm: ... Got dataset to return in json obj
08/15/2012 02:29:26 pm: Hit to <getData.php>. Type: <curr>. Currency in Post=<>. currency var=<1>.
08/15/2012 02:29:26 pm: Get the dataset to return in json obj...
08/15/2012 02:29:26 pm: Query has run: <CALL USP_GetCurrencies();>.
08/15/2012 02:29:26 pm: ... Got dataset to return in json obj
08/15/2012 02:29:26 pm: Hit to <getData.php>. Type: <payee>. Currency in Post=<>. currency var=<1>.
08/15/2012 02:29:26 pm: Get the dataset to return in json obj...
08/15/2012 02:29:26 pm: Hit to <getData.php>. Type: <cat>. Currency in Post=<>. currency var=<1>.
08/15/2012 02:29:26 pm: Query has run: <CALL USP_GetPayees();>.
08/15/2012 02:29:26 pm: ... Got dataset to return in json obj
08/15/2012 02:29:26 pm: Get the dataset to return in json obj...
08/15/2012 02:29:26 pm: Query has run: <CALL USP_GetCategories();>.
08/15/2012 02:29:26 pm: ... Got dataset to return in json obj
08/15/2012 02:29:26 pm: Hit to <getData.php>. Type: <scat>. Currency in Post=<>. currency var=<1>.
08/15/2012 02:29:26 pm: Get the dataset to return in json obj...
08/15/2012 02:29:26 pm: Query has run: <CALL USP_GetCategories2();>.
08/15/2012 02:29:26 pm: ... Got dataset to return in json obj
08/15/2012 02:29:45 pm: Hit to <getData.php>. Type: <acc>. Currency in Post=<1>. currency var=<1>.
08/15/2012 02:29:45 pm: Hit to <getData.php>. Type: <curr>. Currency in Post=<>. currency var=<1>.
08/15/2012 02:29:45 pm: Hit to <getData.php>. Type: <scat>. Currency in Post=<>. currency var=<1>.
08/15/2012 02:29:45 pm: Hit to <getData.php>. Type: <cat>. Currency in Post=<>. currency var=<1>.
08/15/2012 02:29:45 pm: Get the dataset to return in json obj...
08/15/2012 02:29:45 pm: Get the dataset to return in json obj...
08/15/2012 02:29:45 pm: Query has run: <CALL USP_GetAccounts();>.
08/15/2012 02:29:45 pm: ... Got dataset to return in json obj
08/15/2012 02:29:45 pm: Get the dataset to return in json obj...
08/15/2012 02:29:45 pm: Query has run: <CALL USP_GetCurrencies();>.
08/15/2012 02:29:45 pm: ... Got dataset to return in json obj
08/15/2012 02:29:45 pm: Get the dataset to return in json obj...
08/15/2012 02:29:45 pm: Hit to <getData.php>. Type: <payee>. Currency in Post=<>. currency var=<1>.
08/15/2012 02:29:45 pm: Query has run: <CALL USP_GetCategories();>.
08/15/2012 02:29:45 pm: ... Got dataset to return in json obj
08/15/2012 02:29:45 pm: Get the dataset to return in json obj...
08/15/2012 02:29:45 pm: Query has run: <CALL USP_GetCategories2();>.
08/15/2012 02:29:45 pm: ... Got dataset to return in json obj
08/15/2012 02:29:45 pm: Query has run: <CALL USP_GetPayees();>.
08/15/2012 02:29:45 pm: ... Got dataset to return in json obj
08/15/2012 02:30:03 pm: Hit to <getData.php>. Type: <acc>. Currency in Post=<1>. currency var=<1>.
08/15/2012 02:30:03 pm: Get the dataset to return in json obj...
08/15/2012 02:30:03 pm: Query has run: <CALL USP_GetAccounts();>.
08/15/2012 02:30:03 pm: ... Got dataset to return in json obj
08/15/2012 02:30:03 pm: Hit to <getData.php>. Type: <curr>. Currency in Post=<>. currency var=<1>.
08/15/2012 02:30:03 pm: Hit to <getData.php>. Type: <cat>. Currency in Post=<>. currency var=<1>.
08/15/2012 02:30:03 pm: Hit to <getData.php>. Type: <payee>. Currency in Post=<>. currency var=<1>.
08/15/2012 02:30:03 pm: Get the dataset to return in json obj...
08/15/2012 02:30:03 pm: Query has run: <CALL USP_GetCurrencies();>.
08/15/2012 02:30:03 pm: ... Got dataset to return in json obj
08/15/2012 02:30:03 pm: Get the dataset to return in json obj...
08/15/2012 02:30:03 pm: Get the dataset to return in json obj...
08/15/2012 02:30:03 pm: Hit to <getData.php>. Type: <scat>. Currency in Post=<>. currency var=<1>.
08/15/2012 02:30:03 pm: Get the dataset to return in json obj...
08/15/2012 02:30:03 pm: Query has run: <CALL USP_GetCategories();>.
08/15/2012 02:30:03 pm: ... Got dataset to return in json obj
08/15/2012 02:30:03 pm: Query has run: <CALL USP_GetCategories2();>.
08/15/2012 02:30:03 pm: ... Got dataset to return in json obj
08/15/2012 02:30:03 pm: Query has run: <CALL USP_GetPayees();>.
08/15/2012 02:30:03 pm: ... Got dataset to return in json obj
08/15/2012 02:33:55 pm: Hit to <getData.php>. Type: <acc>. Currency in Post=<1>. currency var=<1>.
08/15/2012 02:33:55 pm: Get the dataset to return in json obj...
08/15/2012 02:33:55 pm: Hit to <getData.php>. Type: <cat>. Currency in Post=<>. currency var=<1>.
08/15/2012 02:33:55 pm: Query has run: <CALL USP_GetAccounts();>.
08/15/2012 02:33:55 pm: ... Got dataset to return in json obj
08/15/2012 02:33:55 pm: Hit to <getData.php>. Type: <curr>. Currency in Post=<>. currency var=<1>.
08/15/2012 02:33:55 pm: Hit to <getData.php>. Type: <payee>. Currency in Post=<>. currency var=<1>.
08/15/2012 02:33:55 pm: Get the dataset to return in json obj...
08/15/2012 02:33:55 pm: Query has run: <CALL USP_GetCategories();>.
08/15/2012 02:33:55 pm: ... Got dataset to return in json obj
08/15/2012 02:33:55 pm: Get the dataset to return in json obj...
08/15/2012 02:33:55 pm: Hit to <getData.php>. Type: <scat>. Currency in Post=<>. currency var=<1>.
08/15/2012 02:33:55 pm: Get the dataset to return in json obj...
08/15/2012 02:33:55 pm: Query has run: <CALL USP_GetCurrencies();>.
08/15/2012 02:33:55 pm: ... Got dataset to return in json obj
08/15/2012 02:33:55 pm: Query has run: <CALL USP_GetPayees();>.
08/15/2012 02:33:55 pm: ... Got dataset to return in json obj
08/15/2012 02:33:55 pm: Get the dataset to return in json obj...
08/15/2012 02:33:55 pm: Query has run: <CALL USP_GetCategories2();>.
08/15/2012 02:33:55 pm: ... Got dataset to return in json obj
08/15/2012 02:50:15 pm: Hit to <getData.php>. Type: <acc>. Currency in Post=<1>. currency var=<1>.
08/15/2012 02:50:15 pm: Hit to <getData.php>. Type: <curr>. Currency in Post=<>. currency var=<1>.
08/15/2012 02:50:15 pm: Get the dataset to return in json obj...
08/15/2012 02:50:15 pm: Hit to <getData.php>. Type: <cat>. Currency in Post=<>. currency var=<1>.
08/15/2012 02:50:15 pm: Get the dataset to return in json obj...
08/15/2012 02:50:15 pm: Hit to <getData.php>. Type: <payee>. Currency in Post=<>. currency var=<1>.
08/15/2012 02:50:15 pm: Hit to <getData.php>. Type: <scat>. Currency in Post=<>. currency var=<1>.
08/15/2012 02:50:15 pm: Query has run: <CALL USP_GetCurrencies();>.
08/15/2012 02:50:15 pm: ... Got dataset to return in json obj
08/15/2012 02:50:15 pm: Get the dataset to return in json obj...
08/15/2012 02:50:15 pm: Query has run: <CALL USP_GetAccounts();>.
08/15/2012 02:50:15 pm: ... Got dataset to return in json obj
08/15/2012 02:50:15 pm: Query has run: <CALL USP_GetCategories();>.
08/15/2012 02:50:15 pm: ... Got dataset to return in json obj
08/15/2012 02:50:15 pm: Get the dataset to return in json obj...
08/15/2012 02:50:15 pm: Get the dataset to return in json obj...
08/15/2012 02:50:15 pm: Query has run: <CALL USP_GetCategories2();>.
08/15/2012 02:50:15 pm: ... Got dataset to return in json obj
08/15/2012 02:50:15 pm: Query has run: <CALL USP_GetPayees();>.
08/15/2012 02:50:15 pm: ... Got dataset to return in json obj
08/15/2012 02:50:45 pm: Hit to <getData.php>. Type: <acc>. Currency in Post=<1>. currency var=<1>.
08/15/2012 02:50:45 pm: Get the dataset to return in json obj...
08/15/2012 02:50:45 pm: Query has run: <CALL USP_GetAccounts();>.
08/15/2012 02:50:45 pm: ... Got dataset to return in json obj
08/15/2012 02:50:45 pm: Hit to <getData.php>. Type: <scat>. Currency in Post=<>. currency var=<1>.
08/15/2012 02:50:45 pm: Get the dataset to return in json obj...
08/15/2012 02:50:45 pm: Hit to <getData.php>. Type: <curr>. Currency in Post=<>. currency var=<1>.
08/15/2012 02:50:45 pm: Hit to <getData.php>. Type: <payee>. Currency in Post=<>. currency var=<1>.
08/15/2012 02:50:45 pm: Hit to <getData.php>. Type: <cat>. Currency in Post=<>. currency var=<1>.
08/15/2012 02:50:45 pm: Get the dataset to return in json obj...
08/15/2012 02:50:45 pm: Get the dataset to return in json obj...
08/15/2012 02:50:45 pm: Query has run: <CALL USP_GetCategories2();>.
08/15/2012 02:50:45 pm: ... Got dataset to return in json obj
08/15/2012 02:50:45 pm: Query has run: <CALL USP_GetCategories();>.
08/15/2012 02:50:45 pm: ... Got dataset to return in json obj
08/15/2012 02:50:45 pm: Query has run: <CALL USP_GetPayees();>.
08/15/2012 02:50:45 pm: ... Got dataset to return in json obj
08/15/2012 02:50:45 pm: Get the dataset to return in json obj...
08/15/2012 02:50:45 pm: Query has run: <CALL USP_GetCurrencies();>.
08/15/2012 02:50:45 pm: ... Got dataset to return in json obj
08/15/2012 02:51:41 pm: Hit to <getData.php>. Type: <acc>. Currency in Post=<1>. currency var=<1>.
08/15/2012 02:51:41 pm: Get the dataset to return in json obj...
08/15/2012 02:51:41 pm: Query has run: <CALL USP_GetAccounts();>.
08/15/2012 02:51:41 pm: ... Got dataset to return in json obj
08/15/2012 02:51:41 pm: Hit to <getData.php>. Type: <curr>. Currency in Post=<>. currency var=<1>.
08/15/2012 02:51:41 pm: Get the dataset to return in json obj...
08/15/2012 02:51:41 pm: Hit to <getData.php>. Type: <payee>. Currency in Post=<>. currency var=<1>.
08/15/2012 02:51:41 pm: Query has run: <CALL USP_GetCurrencies();>.
08/15/2012 02:51:41 pm: ... Got dataset to return in json obj
08/15/2012 02:51:41 pm: Get the dataset to return in json obj...
08/15/2012 02:51:41 pm: Hit to <getData.php>. Type: <cat>. Currency in Post=<>. currency var=<1>.
08/15/2012 02:51:41 pm: Hit to <getData.php>. Type: <scat>. Currency in Post=<>. currency var=<1>.
08/15/2012 02:51:41 pm: Get the dataset to return in json obj...
08/15/2012 02:51:41 pm: Get the dataset to return in json obj...
08/15/2012 02:51:41 pm: Query has run: <CALL USP_GetCategories();>.
08/15/2012 02:51:41 pm: ... Got dataset to return in json obj
08/15/2012 02:51:41 pm: Query has run: <CALL USP_GetCategories2();>.
08/15/2012 02:51:41 pm: ... Got dataset to return in json obj
08/15/2012 02:51:41 pm: Query has run: <CALL USP_GetPayees();>.
08/15/2012 02:51:41 pm: ... Got dataset to return in json obj
08/15/2012 02:51:59 pm: Hit to <getData.php>. Type: <acc>. Currency in Post=<1>. currency var=<1>.
08/15/2012 02:51:59 pm: Get the dataset to return in json obj...
08/15/2012 02:51:59 pm: Query has run: <CALL USP_GetAccounts();>.
08/15/2012 02:51:59 pm: ... Got dataset to return in json obj
08/15/2012 02:51:59 pm: Hit to <getData.php>. Type: <curr>. Currency in Post=<>. currency var=<1>.
08/15/2012 02:51:59 pm: Get the dataset to return in json obj...
08/15/2012 02:51:59 pm: Hit to <getData.php>. Type: <cat>. Currency in Post=<>. currency var=<1>.
08/15/2012 02:51:59 pm: Get the dataset to return in json obj...
08/15/2012 02:51:59 pm: Hit to <getData.php>. Type: <payee>. Currency in Post=<>. currency var=<1>.
08/15/2012 02:51:59 pm: Query has run: <CALL USP_GetCategories();>.
08/15/2012 02:51:59 pm: ... Got dataset to return in json obj
08/15/2012 02:51:59 pm: Query has run: <CALL USP_GetCurrencies();>.
08/15/2012 02:51:59 pm: ... Got dataset to return in json obj
08/15/2012 02:51:59 pm: Get the dataset to return in json obj...
08/15/2012 02:51:59 pm: Query has run: <CALL USP_GetPayees();>.
08/15/2012 02:51:59 pm: ... Got dataset to return in json obj
08/15/2012 02:51:59 pm: Hit to <getData.php>. Type: <scat>. Currency in Post=<>. currency var=<1>.
08/15/2012 02:51:59 pm: Get the dataset to return in json obj...
08/15/2012 02:51:59 pm: Query has run: <CALL USP_GetCategories2();>.
08/15/2012 02:51:59 pm: ... Got dataset to return in json obj
08/15/2012 02:52:12 pm: Hit to <getData.php>. Type: <acc>. Currency in Post=<1>. currency var=<1>.
08/15/2012 02:52:12 pm: Get the dataset to return in json obj...
08/15/2012 02:52:12 pm: Hit to <getData.php>. Type: <payee>. Currency in Post=<>. currency var=<1>.
08/15/2012 02:52:12 pm: Hit to <getData.php>. Type: <curr>. Currency in Post=<>. currency var=<1>.
08/15/2012 02:52:12 pm: Query has run: <CALL USP_GetAccounts();>.
08/15/2012 02:52:12 pm: Hit to <getData.php>. Type: <cat>. Currency in Post=<>. currency var=<1>.
08/15/2012 02:52:12 pm: ... Got dataset to return in json obj
08/15/2012 02:52:12 pm: Hit to <getData.php>. Type: <scat>. Currency in Post=<>. currency var=<1>.
08/15/2012 02:52:12 pm: Get the dataset to return in json obj...
08/15/2012 02:52:12 pm: Query has run: <CALL USP_GetPayees();>.
08/15/2012 02:52:12 pm: ... Got dataset to return in json obj
08/15/2012 02:52:12 pm: Get the dataset to return in json obj...
08/15/2012 02:52:12 pm: Query has run: <CALL USP_GetCategories();>.
08/15/2012 02:52:12 pm: ... Got dataset to return in json obj
08/15/2012 02:52:12 pm: Get the dataset to return in json obj...
08/15/2012 02:52:12 pm: Get the dataset to return in json obj...
08/15/2012 02:52:12 pm: Query has run: <CALL USP_GetCategories2();>.
08/15/2012 02:52:12 pm: ... Got dataset to return in json obj
08/15/2012 02:52:12 pm: Query has run: <CALL USP_GetCurrencies();>.
08/15/2012 02:52:12 pm: ... Got dataset to return in json obj
08/15/2012 02:52:15 pm: Hit to <getData.php>. Type: <acc>. Currency in Post=<1>. currency var=<1>.
08/15/2012 02:52:15 pm: Hit to <getData.php>. Type: <curr>. Currency in Post=<>. currency var=<1>.
08/15/2012 02:52:15 pm: Hit to <getData.php>. Type: <cat>. Currency in Post=<>. currency var=<1>.
08/15/2012 02:52:15 pm: Get the dataset to return in json obj...
08/15/2012 02:52:15 pm: Get the dataset to return in json obj...
08/15/2012 02:52:15 pm: Get the dataset to return in json obj...
08/15/2012 02:52:15 pm: Hit to <getData.php>. Type: <payee>. Currency in Post=<>. currency var=<1>.
08/15/2012 02:52:15 pm: Hit to <getData.php>. Type: <scat>. Currency in Post=<>. currency var=<1>.
08/15/2012 02:52:15 pm: Query has run: <CALL USP_GetCurrencies();>.
08/15/2012 02:52:15 pm: ... Got dataset to return in json obj
08/15/2012 02:52:15 pm: Get the dataset to return in json obj...
08/15/2012 02:52:15 pm: Get the dataset to return in json obj...
08/15/2012 02:52:15 pm: Query has run: <CALL USP_GetAccounts();>.
08/15/2012 02:52:15 pm: Query has run: <CALL USP_GetCategories();>.
08/15/2012 02:52:15 pm: ... Got dataset to return in json obj
08/15/2012 02:52:15 pm: ... Got dataset to return in json obj
08/15/2012 02:52:15 pm: Query has run: <CALL USP_GetPayees();>.
08/15/2012 02:52:15 pm: ... Got dataset to return in json obj
08/15/2012 02:52:15 pm: Query has run: <CALL USP_GetCategories2();>.
08/15/2012 02:52:15 pm: ... Got dataset to return in json obj
08/15/2012 02:52:47 pm: Hit to <getData.php>. Type: <acc>. Currency in Post=<1>. currency var=<1>.
08/15/2012 02:52:47 pm: Hit to <getData.php>. Type: <curr>. Currency in Post=<>. currency var=<1>.
08/15/2012 02:52:47 pm: Hit to <getData.php>. Type: <payee>. Currency in Post=<>. currency var=<1>.
08/15/2012 02:52:47 pm: Get the dataset to return in json obj...
08/15/2012 02:52:47 pm: Query has run: <CALL USP_GetAccounts();>.
08/15/2012 02:52:47 pm: Get the dataset to return in json obj...
08/15/2012 02:52:47 pm: Query has run: <CALL USP_GetCurrencies();>.
08/15/2012 02:52:47 pm: ... Got dataset to return in json obj
08/15/2012 02:52:47 pm: Get the dataset to return in json obj...
08/15/2012 02:52:47 pm: ... Got dataset to return in json obj
08/15/2012 02:52:47 pm: Hit to <getData.php>. Type: <cat>. Currency in Post=<>. currency var=<1>.
08/15/2012 02:52:47 pm: Query has run: <CALL USP_GetPayees();>.
08/15/2012 02:52:47 pm: ... Got dataset to return in json obj
08/15/2012 02:52:47 pm: Hit to <getData.php>. Type: <scat>. Currency in Post=<>. currency var=<1>.
08/15/2012 02:52:47 pm: Get the dataset to return in json obj...
08/15/2012 02:52:47 pm: Get the dataset to return in json obj...
08/15/2012 02:52:47 pm: Query has run: <CALL USP_GetCategories();>.
08/15/2012 02:52:47 pm: ... Got dataset to return in json obj
08/15/2012 02:52:47 pm: Query has run: <CALL USP_GetCategories2();>.
08/15/2012 02:52:47 pm: ... Got dataset to return in json obj
08/15/2012 02:53:34 pm: Hit to <getData.php>. Type: <acc>. Currency in Post=<1>. currency var=<1>.
08/15/2012 02:53:34 pm: Get the dataset to return in json obj...
08/15/2012 02:53:34 pm: Query has run: <CALL USP_GetAccounts();>.
08/15/2012 02:53:34 pm: ... Got dataset to return in json obj
08/15/2012 02:53:34 pm: Hit to <getData.php>. Type: <curr>. Currency in Post=<>. currency var=<1>.
08/15/2012 02:53:34 pm: Hit to <getData.php>. Type: <payee>. Currency in Post=<>. currency var=<1>.
08/15/2012 02:53:34 pm: Get the dataset to return in json obj...
08/15/2012 02:53:34 pm: Get the dataset to return in json obj...
08/15/2012 02:53:34 pm: Query has run: <CALL USP_GetCurrencies();>.
08/15/2012 02:53:34 pm: ... Got dataset to return in json obj
08/15/2012 02:53:34 pm: Hit to <getData.php>. Type: <scat>. Currency in Post=<>. currency var=<1>.
08/15/2012 02:53:34 pm: Hit to <getData.php>. Type: <cat>. Currency in Post=<>. currency var=<1>.
08/15/2012 02:53:34 pm: Query has run: <CALL USP_GetPayees();>.
08/15/2012 02:53:34 pm: ... Got dataset to return in json obj
08/15/2012 02:53:34 pm: Get the dataset to return in json obj...
08/15/2012 02:53:34 pm: Get the dataset to return in json obj...
08/15/2012 02:53:34 pm: Query has run: <CALL USP_GetCategories();>.
08/15/2012 02:53:34 pm: ... Got dataset to return in json obj
08/15/2012 02:53:34 pm: Query has run: <CALL USP_GetCategories2();>.
08/15/2012 02:53:34 pm: ... Got dataset to return in json obj
08/15/2012 02:54:02 pm: Hit to <getData.php>. Type: <acc>. Currency in Post=<1>. currency var=<1>.
08/15/2012 02:54:02 pm: Get the dataset to return in json obj...
08/15/2012 02:54:02 pm: Hit to <getData.php>. Type: <curr>. Currency in Post=<>. currency var=<1>.
08/15/2012 02:54:02 pm: Hit to <getData.php>. Type: <payee>. Currency in Post=<>. currency var=<1>.
08/15/2012 02:54:02 pm: Query has run: <CALL USP_GetAccounts();>.
08/15/2012 02:54:02 pm: ... Got dataset to return in json obj
08/15/2012 02:54:02 pm: Get the dataset to return in json obj...
08/15/2012 02:54:02 pm: Get the dataset to return in json obj...
08/15/2012 02:54:02 pm: Query has run: <CALL USP_GetCurrencies();>.
08/15/2012 02:54:02 pm: ... Got dataset to return in json obj
08/15/2012 02:54:02 pm: Hit to <getData.php>. Type: <cat>. Currency in Post=<>. currency var=<1>.
08/15/2012 02:54:02 pm: Get the dataset to return in json obj...
08/15/2012 02:54:02 pm: Query has run: <CALL USP_GetPayees();>.
08/15/2012 02:54:02 pm: ... Got dataset to return in json obj
08/15/2012 02:54:02 pm: Hit to <getData.php>. Type: <scat>. Currency in Post=<>. currency var=<1>.
08/15/2012 02:54:02 pm: Query has run: <CALL USP_GetCategories();>.
08/15/2012 02:54:02 pm: ... Got dataset to return in json obj
08/15/2012 02:54:02 pm: Get the dataset to return in json obj...
08/15/2012 02:54:02 pm: Query has run: <CALL USP_GetCategories2();>.
08/15/2012 02:54:02 pm: ... Got dataset to return in json obj
08/15/2012 02:58:33 pm: Hit to <getData.php>. Type: <acc>. Currency in Post=<1>. currency var=<1>.
08/15/2012 02:58:33 pm: Hit to <getData.php>. Type: <curr>. Currency in Post=<>. currency var=<1>.
08/15/2012 02:58:33 pm: Get the dataset to return in json obj...
08/15/2012 02:58:33 pm: Hit to <getData.php>. Type: <scat>. Currency in Post=<>. currency var=<1>.
08/15/2012 02:58:33 pm: Hit to <getData.php>. Type: <cat>. Currency in Post=<>. currency var=<1>.
08/15/2012 02:58:33 pm: Hit to <getData.php>. Type: <payee>. Currency in Post=<>. currency var=<1>.
08/15/2012 02:58:33 pm: Get the dataset to return in json obj...
08/15/2012 02:58:33 pm: Query has run: <CALL USP_GetAccounts();>.
08/15/2012 02:58:33 pm: ... Got dataset to return in json obj
08/15/2012 02:58:33 pm: Get the dataset to return in json obj...
08/15/2012 02:58:33 pm: Get the dataset to return in json obj...
08/15/2012 02:58:33 pm: Query has run: <CALL USP_GetCurrencies();>.
08/15/2012 02:58:33 pm: ... Got dataset to return in json obj
08/15/2012 02:58:33 pm: Get the dataset to return in json obj...
08/15/2012 02:58:33 pm: Query has run: <CALL USP_GetCategories2();>.
08/15/2012 02:58:33 pm: ... Got dataset to return in json obj
08/15/2012 02:58:33 pm: Query has run: <CALL USP_GetPayees();>.
08/15/2012 02:58:33 pm: ... Got dataset to return in json obj
08/15/2012 02:58:33 pm: Query has run: <CALL USP_GetCategories();>.
08/15/2012 02:58:33 pm: ... Got dataset to return in json obj
08/15/2012 02:58:47 pm: Hit to <getData.php>. Type: <acc>. Currency in Post=<1>. currency var=<1>.
08/15/2012 02:58:47 pm: Get the dataset to return in json obj...
08/15/2012 02:58:47 pm: Hit to <getData.php>. Type: <curr>. Currency in Post=<>. currency var=<1>.
08/15/2012 02:58:47 pm: Query has run: <CALL USP_GetAccounts();>.
08/15/2012 02:58:47 pm: ... Got dataset to return in json obj
08/15/2012 02:58:47 pm: Hit to <getData.php>. Type: <payee>. Currency in Post=<>. currency var=<1>.
08/15/2012 02:58:47 pm: Get the dataset to return in json obj...
08/15/2012 02:58:47 pm: Get the dataset to return in json obj...
08/15/2012 02:58:47 pm: Hit to <getData.php>. Type: <scat>. Currency in Post=<>. currency var=<1>.
08/15/2012 02:58:47 pm: Hit to <getData.php>. Type: <cat>. Currency in Post=<>. currency var=<1>.
08/15/2012 02:58:47 pm: Get the dataset to return in json obj...
08/15/2012 02:58:47 pm: Get the dataset to return in json obj...
08/15/2012 02:58:47 pm: Query has run: <CALL USP_GetCurrencies();>.
08/15/2012 02:58:47 pm: ... Got dataset to return in json obj
08/15/2012 02:58:47 pm: Query has run: <CALL USP_GetPayees();>.
08/15/2012 02:58:47 pm: ... Got dataset to return in json obj
08/15/2012 02:58:47 pm: Query has run: <CALL USP_GetCategories();>.
08/15/2012 02:58:47 pm: ... Got dataset to return in json obj
08/15/2012 02:58:47 pm: Query has run: <CALL USP_GetCategories2();>.
08/15/2012 02:58:47 pm: ... Got dataset to return in json obj
08/15/2012 02:58:52 pm: dates filters: start: and end:
08/15/2012 02:58:52 pm: dates filters: start:1990-01-01 and end:2100-01-01
08/15/2012 02:58:52 pm: totalrows=3406;page=1,limit=20
08/15/2012 02:58:52 pm: query string=cid=1&
08/15/2012 02:58:52 pm: totalrows=3406;page=1,limit=20
08/15/2012 02:58:52 pm: totalrows=3406;page=1,limit=20
08/15/2012 02:58:52 pm: totalrows=3406;page=1,limit=20;startIndex=0
08/15/2012 02:58:53 pm: Hit to <getData.php>. Type: <acc>. Currency in Post=<1>. currency var=<1>.
08/15/2012 02:58:53 pm: Get the dataset to return in json obj...
08/15/2012 02:58:53 pm: Query has run: <CALL USP_GetAccounts();>.
08/15/2012 02:58:53 pm: ... Got dataset to return in json obj
08/15/2012 02:58:53 pm: Hit to <getData.php>. Type: <cat>. Currency in Post=<>. currency var=<1>.
08/15/2012 02:58:53 pm: Hit to <getData.php>. Type: <curr>. Currency in Post=<>. currency var=<1>.
08/15/2012 02:58:53 pm: Hit to <getData.php>. Type: <payee>. Currency in Post=<>. currency var=<1>.
08/15/2012 02:58:53 pm: Hit to <getData.php>. Type: <scat>. Currency in Post=<>. currency var=<1>.
08/15/2012 02:58:53 pm: Get the dataset to return in json obj...
08/15/2012 02:58:53 pm: Get the dataset to return in json obj...
08/15/2012 02:58:53 pm: Query has run: <CALL USP_GetCategories();>.
08/15/2012 02:58:53 pm: ... Got dataset to return in json obj
08/15/2012 02:58:53 pm: Query has run: <CALL USP_GetCurrencies();>.
08/15/2012 02:58:53 pm: ... Got dataset to return in json obj
08/15/2012 02:58:53 pm: Get the dataset to return in json obj...
08/15/2012 02:58:53 pm: Get the dataset to return in json obj...
08/15/2012 02:58:53 pm: Query has run: <CALL USP_GetPayees();>.
08/15/2012 02:58:53 pm: Query has run: <CALL USP_GetCategories2();>.
08/15/2012 02:58:53 pm: ... Got dataset to return in json obj
08/15/2012 02:58:53 pm: ... Got dataset to return in json obj
08/15/2012 02:59:01 pm: Hit to <getData.php>. Type: <acc>. Currency in Post=<1>. currency var=<1>.
08/15/2012 02:59:01 pm: Hit to <getData.php>. Type: <payee>. Currency in Post=<>. currency var=<1>.
08/15/2012 02:59:01 pm: Hit to <getData.php>. Type: <cat>. Currency in Post=<>. currency var=<1>.
08/15/2012 02:59:01 pm: Hit to <getData.php>. Type: <scat>. Currency in Post=<>. currency var=<1>.
08/15/2012 02:59:01 pm: Hit to <getData.php>. Type: <curr>. Currency in Post=<>. currency var=<1>.
08/15/2012 02:59:01 pm: Get the dataset to return in json obj...
08/15/2012 02:59:01 pm: Get the dataset to return in json obj...
08/15/2012 02:59:01 pm: Query has run: <CALL USP_GetAccounts();>.
08/15/2012 02:59:01 pm: ... Got dataset to return in json obj
08/15/2012 02:59:01 pm: Get the dataset to return in json obj...
08/15/2012 02:59:01 pm: Query has run: <CALL USP_GetCategories();>.
08/15/2012 02:59:01 pm: ... Got dataset to return in json obj
08/15/2012 02:59:01 pm: Query has run: <CALL USP_GetPayees();>.
08/15/2012 02:59:01 pm: ... Got dataset to return in json obj
08/15/2012 02:59:01 pm: Get the dataset to return in json obj...
08/15/2012 02:59:01 pm: Get the dataset to return in json obj...
08/15/2012 02:59:01 pm: Query has run: <CALL USP_GetCurrencies();>.
08/15/2012 02:59:01 pm: ... Got dataset to return in json obj
08/15/2012 02:59:01 pm: Query has run: <CALL USP_GetCategories2();>.
08/15/2012 02:59:01 pm: ... Got dataset to return in json obj
08/15/2012 02:59:06 pm: Hit to <getData.php>. Type: <acc>. Currency in Post=<1>. currency var=<1>.
08/15/2012 02:59:06 pm: Get the dataset to return in json obj...
08/15/2012 02:59:06 pm: Query has run: <CALL USP_GetAccounts();>.
08/15/2012 02:59:06 pm: ... Got dataset to return in json obj
08/15/2012 02:59:06 pm: Hit to <getData.php>. Type: <curr>. Currency in Post=<>. currency var=<1>.
08/15/2012 02:59:06 pm: Hit to <getData.php>. Type: <cat>. Currency in Post=<>. currency var=<1>.
08/15/2012 02:59:06 pm: Hit to <getData.php>. Type: <payee>. Currency in Post=<>. currency var=<1>.
08/15/2012 02:59:06 pm: Hit to <getData.php>. Type: <scat>. Currency in Post=<>. currency var=<1>.
08/15/2012 02:59:06 pm: Get the dataset to return in json obj...
08/15/2012 02:59:06 pm: Get the dataset to return in json obj...
08/15/2012 02:59:06 pm: Get the dataset to return in json obj...
08/15/2012 02:59:06 pm: Get the dataset to return in json obj...
08/15/2012 02:59:06 pm: Query has run: <CALL USP_GetCurrencies();>.
08/15/2012 02:59:06 pm: ... Got dataset to return in json obj
08/15/2012 02:59:06 pm: Query has run: <CALL USP_GetCategories2();>.
08/15/2012 02:59:06 pm: ... Got dataset to return in json obj
08/15/2012 02:59:06 pm: Query has run: <CALL USP_GetCategories();>.
08/15/2012 02:59:06 pm: ... Got dataset to return in json obj
08/15/2012 02:59:06 pm: Query has run: <CALL USP_GetPayees();>.
08/15/2012 02:59:06 pm: ... Got dataset to return in json obj
08/15/2012 10:05:43 pm: Hit to <getData.php>. Type: <acc>. Currency in Post=<1>. currency var=<1>.
08/15/2012 10:05:43 pm: Get the dataset to return in json obj...
08/15/2012 10:05:43 pm: Query has run: <CALL USP_GetAccounts();>.
08/15/2012 10:05:43 pm: ... Got dataset to return in json obj
08/15/2012 10:05:43 pm: Hit to <getData.php>. Type: <curr>. Currency in Post=<>. currency var=<1>.
08/15/2012 10:05:43 pm: Hit to <getData.php>. Type: <cat>. Currency in Post=<>. currency var=<1>.
08/15/2012 10:05:43 pm: Hit to <getData.php>. Type: <payee>. Currency in Post=<>. currency var=<1>.
08/15/2012 10:05:43 pm: Hit to <getData.php>. Type: <scat>. Currency in Post=<>. currency var=<1>.
08/15/2012 10:05:43 pm: Get the dataset to return in json obj...
08/15/2012 10:05:43 pm: Query has run: <CALL USP_GetCategories();>.
08/15/2012 10:05:43 pm: ... Got dataset to return in json obj
08/15/2012 10:05:43 pm: Get the dataset to return in json obj...
08/15/2012 10:05:43 pm: Get the dataset to return in json obj...
08/15/2012 10:05:43 pm: Query has run: <CALL USP_GetCurrencies();>.
08/15/2012 10:05:43 pm: ... Got dataset to return in json obj
08/15/2012 10:05:43 pm: Get the dataset to return in json obj...
08/15/2012 10:05:43 pm: Query has run: <CALL USP_GetCategories2();>.
08/15/2012 10:05:43 pm: ... Got dataset to return in json obj
08/15/2012 10:05:43 pm: Query has run: <CALL USP_GetPayees();>.
08/15/2012 10:05:43 pm: ... Got dataset to return in json obj
08/15/2012 10:06:12 pm: Hit to <getData.php>. Type: <acc>. Currency in Post=<1>. currency var=<1>.
08/15/2012 10:06:12 pm: Get the dataset to return in json obj...
08/15/2012 10:06:12 pm: Query has run: <CALL USP_GetAccounts();>.
08/15/2012 10:06:12 pm: ... Got dataset to return in json obj
08/15/2012 10:06:12 pm: Hit to <getData.php>. Type: <scat>. Currency in Post=<>. currency var=<1>.
08/15/2012 10:06:12 pm: Hit to <getData.php>. Type: <payee>. Currency in Post=<>. currency var=<1>.
08/15/2012 10:06:12 pm: Hit to <getData.php>. Type: <curr>. Currency in Post=<>. currency var=<1>.
08/15/2012 10:06:12 pm: Hit to <getData.php>. Type: <cat>. Currency in Post=<>. currency var=<1>.
08/15/2012 10:06:12 pm: Get the dataset to return in json obj...
08/15/2012 10:06:12 pm: Query has run: <CALL USP_GetCategories2();>.
08/15/2012 10:06:12 pm: ... Got dataset to return in json obj
08/15/2012 10:06:12 pm: Get the dataset to return in json obj...
08/15/2012 10:06:12 pm: Get the dataset to return in json obj...
08/15/2012 10:06:12 pm: Get the dataset to return in json obj...
08/15/2012 10:06:12 pm: Query has run: <CALL USP_GetPayees();>.
08/15/2012 10:06:12 pm: ... Got dataset to return in json obj
08/15/2012 10:06:12 pm: Query has run: <CALL USP_GetCurrencies();>.
08/15/2012 10:06:12 pm: ... Got dataset to return in json obj
08/15/2012 10:06:12 pm: Query has run: <CALL USP_GetCategories();>.
08/15/2012 10:06:12 pm: ... Got dataset to return in json obj
