10/12/2012 02:21:37 pm: Hit to <getData.php>. Type: <acc>. Currency in Post=<1>. currency var=<1>.
10/12/2012 02:21:38 pm: Get the dataset to return in json obj...
10/12/2012 02:21:38 pm: Get the dataset to return in json obj...
10/12/2012 02:21:38 pm: Get the dataset to return in json obj...
10/12/2012 02:21:38 pm: Get the dataset to return in json obj...
10/12/2012 02:21:38 pm: Query has run: <CALL USP_GetCurrencies();>.
10/12/2012 02:21:38 pm: ... Got dataset to return in json obj
10/12/2012 02:21:38 pm: Query has run: <CALL USP_GetPayees();>.
10/12/2012 02:21:38 pm: Query has run: <CALL USP_GetCategories2();>.
10/12/2012 02:21:38 pm: ... Got dataset to return in json obj
10/12/2012 02:21:38 pm: Query has run: <CALL USP_GetAccounts();>.
10/12/2012 02:21:38 pm: ... Got dataset to return in json obj
10/12/2012 02:21:38 pm: ... Got dataset to return in json obj
10/12/2012 02:21:38 pm: Query has run: <CALL USP_GetCategories();>.
10/12/2012 02:21:38 pm: ... Got dataset to return in json obj
10/12/2012 02:31:59 pm: Hit to <getData.php>. Type: <acc>. Currency in Post=<2>. currency var=<2>.
10/12/2012 02:31:59 pm: Get the dataset to return in json obj...
10/12/2012 02:31:59 pm: Query has run: <CALL USP_GetAccounts();>.
10/12/2012 02:31:59 pm: ... Got dataset to return in json obj
10/12/2012 02:31:59 pm: Hit to <getData.php>. Type: <curr>. Currency in Post=<>. currency var=<1>.
10/12/2012 02:31:59 pm: Hit to <getData.php>. Type: <payee>. Currency in Post=<>. currency var=<1>.
10/12/2012 02:31:59 pm: Get the dataset to return in json obj...
10/12/2012 02:31:59 pm: Hit to <getData.php>. Type: <scat>. Currency in Post=<>. currency var=<1>.
10/12/2012 02:31:59 pm: Query has run: <CALL USP_GetPayees();>.
10/12/2012 02:31:59 pm: ... Got dataset to return in json obj
10/12/2012 02:31:59 pm: Get the dataset to return in json obj...
10/12/2012 02:31:59 pm: Get the dataset to return in json obj...
10/12/2012 02:31:59 pm: Hit to <getData.php>. Type: <cat>. Currency in Post=<>. currency var=<1>.
10/12/2012 02:31:59 pm: Query has run: <CALL USP_GetCategories2();>.
10/12/2012 02:31:59 pm: ... Got dataset to return in json obj
10/12/2012 02:31:59 pm: Get the dataset to return in json obj...
10/12/2012 02:31:59 pm: Query has run: <CALL USP_GetCurrencies();>.
10/12/2012 02:31:59 pm: ... Got dataset to return in json obj
10/12/2012 02:31:59 pm: Query has run: <CALL USP_GetCategories();>.
10/12/2012 02:31:59 pm: ... Got dataset to return in json obj
10/12/2012 02:41:37 pm: Currency = <2>.
10/12/2012 02:41:42 pm: Hit to <getData.php>. Type: <acc>. Currency in Post=<2>. currency var=<2>.
10/12/2012 02:41:42 pm: Get the dataset to return in json obj...
10/12/2012 02:41:42 pm: Hit to <getData.php>. Type: <scat>. Currency in Post=<>. currency var=<1>.
10/12/2012 02:41:42 pm: Hit to <getData.php>. Type: <payee>. Currency in Post=<>. currency var=<1>.
10/12/2012 02:41:42 pm: Hit to <getData.php>. Type: <curr>. Currency in Post=<>. currency var=<1>.
10/12/2012 02:41:42 pm: Get the dataset to return in json obj...
10/12/2012 02:41:42 pm: Get the dataset to return in json obj...
10/12/2012 02:41:42 pm: Query has run: <CALL USP_GetAccounts();>.
10/12/2012 02:41:42 pm: ... Got dataset to return in json obj
10/12/2012 02:41:42 pm: Hit to <getData.php>. Type: <cat>. Currency in Post=<>. currency var=<1>.
10/12/2012 02:41:42 pm: Query has run: <CALL USP_GetCategories2();>.
10/12/2012 02:41:42 pm: ... Got dataset to return in json obj
10/12/2012 02:41:42 pm: Get the dataset to return in json obj...
10/12/2012 02:41:42 pm: Query has run: <CALL USP_GetCategories();>.
10/12/2012 02:41:42 pm: ... Got dataset to return in json obj
10/12/2012 02:41:42 pm: Query has run: <CALL USP_GetPayees();>.
10/12/2012 02:41:42 pm: ... Got dataset to return in json obj
10/12/2012 02:41:42 pm: Get the dataset to return in json obj...
10/12/2012 02:41:42 pm: Query has run: <CALL USP_GetCurrencies();>.
10/12/2012 02:41:42 pm: ... Got dataset to return in json obj
10/12/2012 02:42:15 pm: Hit to <getData.php>. Type: <acc>. Currency in Post=<2>. currency var=<2>.
10/12/2012 02:42:15 pm: Hit to <getData.php>. Type: <payee>. Currency in Post=<>. currency var=<1>.
10/12/2012 02:42:15 pm: Hit to <getData.php>. Type: <curr>. Currency in Post=<>. currency var=<1>.
10/12/2012 02:42:15 pm: Get the dataset to return in json obj...
10/12/2012 02:42:15 pm: Get the dataset to return in json obj...
10/12/2012 02:42:15 pm: Hit to <getData.php>. Type: <cat>. Currency in Post=<>. currency var=<1>.
10/12/2012 02:42:15 pm: Hit to <getData.php>. Type: <scat>. Currency in Post=<>. currency var=<1>.
10/12/2012 02:42:15 pm: Query has run: <CALL USP_GetAccounts();>.
10/12/2012 02:42:15 pm: ... Got dataset to return in json obj
10/12/2012 02:42:15 pm: Query has run: <CALL USP_GetCurrencies();>.
10/12/2012 02:42:15 pm: ... Got dataset to return in json obj
10/12/2012 02:42:15 pm: Get the dataset to return in json obj...
10/12/2012 02:42:15 pm: Get the dataset to return in json obj...
10/12/2012 02:42:15 pm: Get the dataset to return in json obj...
10/12/2012 02:42:15 pm: Query has run: <CALL USP_GetPayees();>.
10/12/2012 02:42:15 pm: ... Got dataset to return in json obj
10/12/2012 02:42:15 pm: Query has run: <CALL USP_GetCategories();>.
10/12/2012 02:42:15 pm: ... Got dataset to return in json obj
10/12/2012 02:42:15 pm: Query has run: <CALL USP_GetCategories2();>.
10/12/2012 02:42:15 pm: ... Got dataset to return in json obj
10/12/2012 02:42:16 pm: Hit to <getData.php>. Type: <acc>. Currency in Post=<2>. currency var=<2>.
10/12/2012 02:42:16 pm: Get the dataset to return in json obj...
10/12/2012 02:42:16 pm: Query has run: <CALL USP_GetAccounts();>.
10/12/2012 02:42:16 pm: ... Got dataset to return in json obj
10/12/2012 02:42:16 pm: Hit to <getData.php>. Type: <curr>. Currency in Post=<>. currency var=<1>.
10/12/2012 02:42:16 pm: Hit to <getData.php>. Type: <payee>. Currency in Post=<>. currency var=<1>.
10/12/2012 02:42:16 pm: Get the dataset to return in json obj...
10/12/2012 02:42:16 pm: Query has run: <CALL USP_GetCurrencies();>.
10/12/2012 02:42:16 pm: ... Got dataset to return in json obj
10/12/2012 02:42:16 pm: Hit to <getData.php>. Type: <cat>. Currency in Post=<>. currency var=<1>.
10/12/2012 02:42:16 pm: Get the dataset to return in json obj...
10/12/2012 02:42:16 pm: Get the dataset to return in json obj...
10/12/2012 02:42:16 pm: Query has run: <CALL USP_GetPayees();>.
10/12/2012 02:42:16 pm: ... Got dataset to return in json obj
10/12/2012 02:42:16 pm: Query has run: <CALL USP_GetCategories();>.
10/12/2012 02:42:16 pm: ... Got dataset to return in json obj
10/12/2012 02:42:16 pm: Hit to <getData.php>. Type: <scat>. Currency in Post=<>. currency var=<1>.
10/12/2012 02:42:16 pm: Get the dataset to return in json obj...
10/12/2012 02:42:16 pm: Query has run: <CALL USP_GetCategories2();>.
10/12/2012 02:42:16 pm: ... Got dataset to return in json obj
10/12/2012 02:42:17 pm: Hit to <getData.php>. Type: <acc>. Currency in Post=<2>. currency var=<2>.
10/12/2012 02:42:17 pm: Hit to <getData.php>. Type: <curr>. Currency in Post=<>. currency var=<1>.
10/12/2012 02:42:17 pm: Hit to <getData.php>. Type: <payee>. Currency in Post=<>. currency var=<1>.
10/12/2012 02:42:17 pm: Get the dataset to return in json obj...
10/12/2012 02:42:17 pm: Query has run: <CALL USP_GetCurrencies();>.
10/12/2012 02:42:17 pm: ... Got dataset to return in json obj
10/12/2012 02:42:17 pm: Hit to <getData.php>. Type: <cat>. Currency in Post=<>. currency var=<1>.
10/12/2012 02:42:17 pm: Get the dataset to return in json obj...
10/12/2012 02:42:17 pm: Get the dataset to return in json obj...
10/12/2012 02:42:17 pm: Hit to <getData.php>. Type: <scat>. Currency in Post=<>. currency var=<1>.
10/12/2012 02:42:17 pm: Query has run: <CALL USP_GetAccounts();>.
10/12/2012 02:42:17 pm: ... Got dataset to return in json obj
10/12/2012 02:42:17 pm: Get the dataset to return in json obj...
10/12/2012 02:42:17 pm: Get the dataset to return in json obj...
10/12/2012 02:42:17 pm: Query has run: <CALL USP_GetPayees();>.
10/12/2012 02:42:17 pm: ... Got dataset to return in json obj
10/12/2012 02:42:17 pm: Query has run: <CALL USP_GetCategories();>.
10/12/2012 02:42:17 pm: ... Got dataset to return in json obj
10/12/2012 02:42:17 pm: Query has run: <CALL USP_GetCategories2();>.
10/12/2012 02:42:17 pm: ... Got dataset to return in json obj
10/12/2012 02:42:40 pm: Hit to <getData.php>. Type: <acc>. Currency in Post=<2>. currency var=<2>.
10/12/2012 02:42:40 pm: Hit to <getData.php>. Type: <curr>. Currency in Post=<>. currency var=<1>.
10/12/2012 02:42:40 pm: Hit to <getData.php>. Type: <payee>. Currency in Post=<>. currency var=<1>.
10/12/2012 02:42:40 pm: Get the dataset to return in json obj...
10/12/2012 02:42:40 pm: Get the dataset to return in json obj...
10/12/2012 02:42:40 pm: Get the dataset to return in json obj...
10/12/2012 02:42:40 pm: Hit to <getData.php>. Type: <cat>. Currency in Post=<>. currency var=<1>.
10/12/2012 02:42:40 pm: Hit to <getData.php>. Type: <scat>. Currency in Post=<>. currency var=<1>.
10/12/2012 02:42:40 pm: Query has run: <CALL USP_GetAccounts();>.
10/12/2012 02:42:40 pm: ... Got dataset to return in json obj
10/12/2012 02:42:40 pm: Query has run: <CALL USP_GetCurrencies();>.
10/12/2012 02:42:40 pm: ... Got dataset to return in json obj
10/12/2012 02:42:40 pm: Get the dataset to return in json obj...
10/12/2012 02:42:40 pm: Query has run: <CALL USP_GetPayees();>.
10/12/2012 02:42:40 pm: ... Got dataset to return in json obj
10/12/2012 02:42:40 pm: Get the dataset to return in json obj...
10/12/2012 02:42:40 pm: Query has run: <CALL USP_GetCategories2();>.
10/12/2012 02:42:40 pm: ... Got dataset to return in json obj
10/12/2012 02:42:40 pm: Query has run: <CALL USP_GetCategories();>.
10/12/2012 02:42:40 pm: ... Got dataset to return in json obj
10/12/2012 02:43:26 pm: Hit to <getData.php>. Type: <acc>. Currency in Post=<3>. currency var=<3>.
10/12/2012 02:43:26 pm: Hit to <getData.php>. Type: <curr>. Currency in Post=<>. currency var=<1>.
10/12/2012 02:43:26 pm: Hit to <getData.php>. Type: <cat>. Currency in Post=<>. currency var=<1>.
10/12/2012 02:43:26 pm: Hit to <getData.php>. Type: <payee>. Currency in Post=<>. currency var=<1>.
10/12/2012 02:43:26 pm: Hit to <getData.php>. Type: <scat>. Currency in Post=<>. currency var=<1>.
10/12/2012 02:43:26 pm: Get the dataset to return in json obj...
10/12/2012 02:43:26 pm: Get the dataset to return in json obj...
10/12/2012 02:43:26 pm: Query has run: <CALL USP_GetCurrencies();>.
10/12/2012 02:43:26 pm: ... Got dataset to return in json obj
10/12/2012 02:43:26 pm: Get the dataset to return in json obj...
10/12/2012 02:43:26 pm: Query has run: <CALL USP_GetCategories();>.
10/12/2012 02:43:26 pm: ... Got dataset to return in json obj
10/12/2012 02:43:26 pm: Get the dataset to return in json obj...
10/12/2012 02:43:26 pm: Get the dataset to return in json obj...
10/12/2012 02:43:26 pm: Query has run: <CALL USP_GetAccounts();>.
10/12/2012 02:43:26 pm: Query has run: <CALL USP_GetPayees();>.
10/12/2012 02:43:26 pm: ... Got dataset to return in json obj
10/12/2012 02:43:26 pm: ... Got dataset to return in json obj
10/12/2012 02:43:26 pm: Query has run: <CALL USP_GetCategories2();>.
10/12/2012 02:43:26 pm: ... Got dataset to return in json obj
10/12/2012 02:43:28 pm: Hit to <getData.php>. Type: <curr>. Currency in Post=<>. currency var=<1>.
10/12/2012 02:43:28 pm: Hit to <getData.php>. Type: <acc>. Currency in Post=<3>. currency var=<3>.
10/12/2012 02:43:28 pm: Get the dataset to return in json obj...
10/12/2012 02:43:28 pm: Get the dataset to return in json obj...
10/12/2012 02:43:28 pm: Query has run: <CALL USP_GetCurrencies();>.
10/12/2012 02:43:28 pm: ... Got dataset to return in json obj
10/12/2012 02:43:28 pm: Query has run: <CALL USP_GetAccounts();>.
10/12/2012 02:43:28 pm: ... Got dataset to return in json obj
10/12/2012 02:43:28 pm: Hit to <getData.php>. Type: <cat>. Currency in Post=<>. currency var=<1>.
10/12/2012 02:43:28 pm: Get the dataset to return in json obj...
10/12/2012 02:43:28 pm: Query has run: <CALL USP_GetCategories();>.
10/12/2012 02:43:28 pm: ... Got dataset to return in json obj
10/12/2012 02:43:28 pm: Hit to <getData.php>. Type: <scat>. Currency in Post=<>. currency var=<1>.
10/12/2012 02:43:28 pm: Hit to <getData.php>. Type: <payee>. Currency in Post=<>. currency var=<1>.
10/12/2012 02:43:28 pm: Get the dataset to return in json obj...
10/12/2012 02:43:28 pm: Get the dataset to return in json obj...
10/12/2012 02:43:28 pm: Query has run: <CALL USP_GetPayees();>.
10/12/2012 02:43:28 pm: ... Got dataset to return in json obj
10/12/2012 02:43:28 pm: Query has run: <CALL USP_GetCategories2();>.
10/12/2012 02:43:28 pm: ... Got dataset to return in json obj
10/12/2012 02:44:09 pm: Amount value: 400. Preg_match_all result is <1>
10/12/2012 02:44:10 pm: Currency = <3>.
10/12/2012 02:44:13 pm: Hit to <getData.php>. Type: <acc>. Currency in Post=<3>. currency var=<3>.
10/12/2012 02:44:13 pm: Get the dataset to return in json obj...
10/12/2012 02:44:13 pm: Hit to <getData.php>. Type: <scat>. Currency in Post=<>. currency var=<1>.
10/12/2012 02:44:13 pm: Hit to <getData.php>. Type: <cat>. Currency in Post=<>. currency var=<1>.
10/12/2012 02:44:13 pm: Hit to <getData.php>. Type: <payee>. Currency in Post=<>. currency var=<1>.
10/12/2012 02:44:13 pm: Hit to <getData.php>. Type: <curr>. Currency in Post=<>. currency var=<1>.
10/12/2012 02:44:13 pm: Query has run: <CALL USP_GetAccounts();>.
10/12/2012 02:44:13 pm: ... Got dataset to return in json obj
10/12/2012 02:44:13 pm: Get the dataset to return in json obj...
10/12/2012 02:44:13 pm: Get the dataset to return in json obj...
10/12/2012 02:44:13 pm: Query has run: <CALL USP_GetCategories2();>.
10/12/2012 02:44:13 pm: ... Got dataset to return in json obj
10/12/2012 02:44:13 pm: Get the dataset to return in json obj...
10/12/2012 02:44:13 pm: Get the dataset to return in json obj...
10/12/2012 02:44:13 pm: Query has run: <CALL USP_GetCurrencies();>.
10/12/2012 02:44:13 pm: ... Got dataset to return in json obj
10/12/2012 02:44:13 pm: Query has run: <CALL USP_GetCategories();>.
10/12/2012 02:44:13 pm: ... Got dataset to return in json obj
10/12/2012 02:44:13 pm: Query has run: <CALL USP_GetPayees();>.
10/12/2012 02:44:13 pm: ... Got dataset to return in json obj
10/12/2012 02:44:14 pm: Hit to <getData.php>. Type: <acc>. Currency in Post=<3>. currency var=<3>.
10/12/2012 02:44:14 pm: Hit to <getData.php>. Type: <curr>. Currency in Post=<>. currency var=<1>.
10/12/2012 02:44:14 pm: Hit to <getData.php>. Type: <payee>. Currency in Post=<>. currency var=<1>.
10/12/2012 02:44:14 pm: Get the dataset to return in json obj...
10/12/2012 02:44:14 pm: Query has run: <CALL USP_GetCurrencies();>.
10/12/2012 02:44:14 pm: Hit to <getData.php>. Type: <cat>. Currency in Post=<>. currency var=<1>.
10/12/2012 02:44:14 pm: Get the dataset to return in json obj...
10/12/2012 02:44:14 pm: Get the dataset to return in json obj...
10/12/2012 02:44:14 pm: ... Got dataset to return in json obj
10/12/2012 02:44:14 pm: Get the dataset to return in json obj...
10/12/2012 02:44:14 pm: Query has run: <CALL USP_GetAccounts();>.
10/12/2012 02:44:14 pm: ... Got dataset to return in json obj
10/12/2012 02:44:14 pm: Query has run: <CALL USP_GetCategories();>.
10/12/2012 02:44:14 pm: ... Got dataset to return in json obj
10/12/2012 02:44:14 pm: Query has run: <CALL USP_GetPayees();>.
10/12/2012 02:44:14 pm: ... Got dataset to return in json obj
10/12/2012 02:44:14 pm: Hit to <getData.php>. Type: <scat>. Currency in Post=<>. currency var=<1>.
10/12/2012 02:44:14 pm: Get the dataset to return in json obj...
10/12/2012 02:44:14 pm: Query has run: <CALL USP_GetCategories2();>.
10/12/2012 02:44:14 pm: ... Got dataset to return in json obj
10/12/2012 02:44:15 pm: Hit to <getData.php>. Type: <acc>. Currency in Post=<3>. currency var=<3>.
10/12/2012 02:44:15 pm: Hit to <getData.php>. Type: <scat>. Currency in Post=<>. currency var=<1>.
10/12/2012 02:44:15 pm: Hit to <getData.php>. Type: <payee>. Currency in Post=<>. currency var=<1>.
10/12/2012 02:44:15 pm: Hit to <getData.php>. Type: <curr>. Currency in Post=<>. currency var=<1>.
10/12/2012 02:44:15 pm: Hit to <getData.php>. Type: <cat>. Currency in Post=<>. currency var=<1>.
10/12/2012 02:44:15 pm: Get the dataset to return in json obj...
10/12/2012 02:44:15 pm: Get the dataset to return in json obj...
10/12/2012 02:44:15 pm: Get the dataset to return in json obj...
10/12/2012 02:44:15 pm: Get the dataset to return in json obj...
10/12/2012 02:44:15 pm: Get the dataset to return in json obj...
10/12/2012 02:44:15 pm: Query has run: <CALL USP_GetAccounts();>.
10/12/2012 02:44:15 pm: ... Got dataset to return in json obj
10/12/2012 02:44:15 pm: Query has run: <CALL USP_GetCurrencies();>.
10/12/2012 02:44:15 pm: ... Got dataset to return in json obj
10/12/2012 02:44:15 pm: Query has run: <CALL USP_GetCategories2();>.
10/12/2012 02:44:15 pm: ... Got dataset to return in json obj
10/12/2012 02:44:15 pm: Query has run: <CALL USP_GetPayees();>.
10/12/2012 02:44:15 pm: ... Got dataset to return in json obj
10/12/2012 02:44:15 pm: Query has run: <CALL USP_GetCategories();>.
10/12/2012 02:44:15 pm: ... Got dataset to return in json obj
10/12/2012 02:44:15 pm: Hit to <getData.php>. Type: <acc>. Currency in Post=<3>. currency var=<3>.
10/12/2012 02:44:15 pm: Get the dataset to return in json obj...
10/12/2012 02:44:15 pm: Query has run: <CALL USP_GetAccounts();>.
10/12/2012 02:44:15 pm: ... Got dataset to return in json obj
10/12/2012 02:44:15 pm: Hit to <getData.php>. Type: <curr>. Currency in Post=<>. currency var=<1>.
10/12/2012 02:44:15 pm: Get the dataset to return in json obj...
10/12/2012 02:44:15 pm: Hit to <getData.php>. Type: <payee>. Currency in Post=<>. currency var=<1>.
10/12/2012 02:44:15 pm: Query has run: <CALL USP_GetCurrencies();>.
10/12/2012 02:44:15 pm: ... Got dataset to return in json obj
10/12/2012 02:44:15 pm: Hit to <getData.php>. Type: <cat>. Currency in Post=<>. currency var=<1>.
10/12/2012 02:44:15 pm: Get the dataset to return in json obj...
10/12/2012 02:44:15 pm: Get the dataset to return in json obj...
10/12/2012 02:44:15 pm: Query has run: <CALL USP_GetCategories();>.
10/12/2012 02:44:15 pm: ... Got dataset to return in json obj
10/12/2012 02:44:15 pm: Query has run: <CALL USP_GetPayees();>.
10/12/2012 02:44:15 pm: ... Got dataset to return in json obj
10/12/2012 02:44:15 pm: Hit to <getData.php>. Type: <scat>. Currency in Post=<>. currency var=<1>.
10/12/2012 02:44:15 pm: Get the dataset to return in json obj...
10/12/2012 02:44:15 pm: Query has run: <CALL USP_GetCategories2();>.
10/12/2012 02:44:15 pm: ... Got dataset to return in json obj
10/12/2012 02:44:16 pm: Hit to <getData.php>. Type: <curr>. Currency in Post=<>. currency var=<1>.
10/12/2012 02:44:16 pm: Get the dataset to return in json obj...
10/12/2012 02:44:16 pm: Query has run: <CALL USP_GetCurrencies();>.
10/12/2012 02:44:16 pm: ... Got dataset to return in json obj
10/12/2012 02:44:16 pm: Hit to <getData.php>. Type: <payee>. Currency in Post=<>. currency var=<1>.
10/12/2012 02:44:16 pm: Get the dataset to return in json obj...
10/12/2012 02:44:16 pm: Hit to <getData.php>. Type: <acc>. Currency in Post=<3>. currency var=<3>.
10/12/2012 02:44:16 pm: Hit to <getData.php>. Type: <cat>. Currency in Post=<>. currency var=<1>.
10/12/2012 02:44:16 pm: Hit to <getData.php>. Type: <scat>. Currency in Post=<>. currency var=<1>.
10/12/2012 02:44:16 pm: Query has run: <CALL USP_GetPayees();>.
10/12/2012 02:44:16 pm: ... Got dataset to return in json obj
10/12/2012 02:44:16 pm: Get the dataset to return in json obj...
10/12/2012 02:44:16 pm: Get the dataset to return in json obj...
10/12/2012 02:44:16 pm: Query has run: <CALL USP_GetAccounts();>.
10/12/2012 02:44:16 pm: ... Got dataset to return in json obj
10/12/2012 02:44:16 pm: Get the dataset to return in json obj...
10/12/2012 02:44:16 pm: Query has run: <CALL USP_GetCategories2();>.
10/12/2012 02:44:16 pm: ... Got dataset to return in json obj
10/12/2012 02:44:16 pm: Query has run: <CALL USP_GetCategories();>.
10/12/2012 02:44:16 pm: ... Got dataset to return in json obj
10/12/2012 02:45:01 pm: Hit to <getData.php>. Type: <cat>. Currency in Post=<>. currency var=<1>.
10/12/2012 02:45:01 pm: Hit to <getData.php>. Type: <scat>. Currency in Post=<>. currency var=<1>.
10/12/2012 02:45:01 pm: Get the dataset to return in json obj...
10/12/2012 02:45:01 pm: Hit to <getData.php>. Type: <curr>. Currency in Post=<>. currency var=<1>.
10/12/2012 02:45:01 pm: Hit to <getData.php>. Type: <payee>. Currency in Post=<>. currency var=<1>.
10/12/2012 02:45:01 pm: Get the dataset to return in json obj...
10/12/2012 02:45:01 pm: Hit to <getData.php>. Type: <acc>. Currency in Post=<3>. currency var=<3>.
10/12/2012 02:45:01 pm: Query has run: <CALL USP_GetCategories();>.
10/12/2012 02:45:01 pm: ... Got dataset to return in json obj
10/12/2012 02:45:01 pm: Get the dataset to return in json obj...
10/12/2012 02:45:01 pm: Get the dataset to return in json obj...
10/12/2012 02:45:01 pm: Get the dataset to return in json obj...
10/12/2012 02:45:01 pm: Query has run: <CALL USP_GetCurrencies();>.
10/12/2012 02:45:01 pm: ... Got dataset to return in json obj
10/12/2012 02:45:01 pm: Query has run: <CALL USP_GetCategories2();>.
10/12/2012 02:45:01 pm: ... Got dataset to return in json obj
10/12/2012 02:45:01 pm: Query has run: <CALL USP_GetPayees();>.
10/12/2012 02:45:01 pm: ... Got dataset to return in json obj
10/12/2012 02:45:01 pm: Query has run: <CALL USP_GetAccounts();>.
10/12/2012 02:45:01 pm: ... Got dataset to return in json obj
10/12/2012 02:45:02 pm: Hit to <getData.php>. Type: <acc>. Currency in Post=<3>. currency var=<3>.
10/12/2012 02:45:02 pm: Hit to <getData.php>. Type: <curr>. Currency in Post=<>. currency var=<1>.
10/12/2012 02:45:02 pm: Hit to <getData.php>. Type: <payee>. Currency in Post=<>. currency var=<1>.
10/12/2012 02:45:02 pm: Hit to <getData.php>. Type: <cat>. Currency in Post=<>. currency var=<1>.
10/12/2012 02:45:02 pm: Get the dataset to return in json obj...
10/12/2012 02:45:02 pm: Hit to <getData.php>. Type: <scat>. Currency in Post=<>. currency var=<1>.
10/12/2012 02:45:02 pm: Get the dataset to return in json obj...
10/12/2012 02:45:02 pm: Get the dataset to return in json obj...
10/12/2012 02:45:02 pm: Get the dataset to return in json obj...
10/12/2012 02:45:02 pm: Query has run: <CALL USP_GetAccounts();>.
10/12/2012 02:45:02 pm: Query has run: <CALL USP_GetPayees();>.
10/12/2012 02:45:02 pm: ... Got dataset to return in json obj
10/12/2012 02:45:02 pm: ... Got dataset to return in json obj
10/12/2012 02:45:02 pm: Get the dataset to return in json obj...
10/12/2012 02:45:02 pm: Query has run: <CALL USP_GetCategories();>.
10/12/2012 02:45:02 pm: ... Got dataset to return in json obj
10/12/2012 02:45:02 pm: Query has run: <CALL USP_GetCategories2();>.
10/12/2012 02:45:02 pm: ... Got dataset to return in json obj
10/12/2012 02:45:02 pm: Query has run: <CALL USP_GetCurrencies();>.
10/12/2012 02:45:02 pm: ... Got dataset to return in json obj
10/12/2012 02:45:03 pm: Hit to <getData.php>. Type: <acc>. Currency in Post=<3>. currency var=<3>.
10/12/2012 02:45:03 pm: Hit to <getData.php>. Type: <curr>. Currency in Post=<>. currency var=<1>.
10/12/2012 02:45:03 pm: Hit to <getData.php>. Type: <payee>. Currency in Post=<>. currency var=<1>.
10/12/2012 02:45:03 pm: Get the dataset to return in json obj...
10/12/2012 02:45:03 pm: Get the dataset to return in json obj...
10/12/2012 02:45:03 pm: Get the dataset to return in json obj...
10/12/2012 02:45:03 pm: Query has run: <CALL USP_GetCurrencies();>.
10/12/2012 02:45:03 pm: ... Got dataset to return in json obj
10/12/2012 02:45:03 pm: Query has run: <CALL USP_GetAccounts();>.
10/12/2012 02:45:03 pm: ... Got dataset to return in json obj
10/12/2012 02:45:03 pm: Query has run: <CALL USP_GetPayees();>.
10/12/2012 02:45:03 pm: ... Got dataset to return in json obj
10/12/2012 02:45:03 pm: Hit to <getData.php>. Type: <cat>. Currency in Post=<>. currency var=<1>.
10/12/2012 02:45:03 pm: Hit to <getData.php>. Type: <scat>. Currency in Post=<>. currency var=<1>.
10/12/2012 02:45:03 pm: Get the dataset to return in json obj...
10/12/2012 02:45:03 pm: Get the dataset to return in json obj...
10/12/2012 02:45:03 pm: Query has run: <CALL USP_GetCategories();>.
10/12/2012 02:45:03 pm: ... Got dataset to return in json obj
10/12/2012 02:45:03 pm: Query has run: <CALL USP_GetCategories2();>.
10/12/2012 02:45:03 pm: ... Got dataset to return in json obj
10/12/2012 02:45:23 pm: Hit to <getData.php>. Type: <acc>. Currency in Post=<3>. currency var=<3>.
10/12/2012 02:45:23 pm: Get the dataset to return in json obj...
10/12/2012 02:45:23 pm: Hit to <getData.php>. Type: <curr>. Currency in Post=<>. currency var=<1>.
10/12/2012 02:45:23 pm: Hit to <getData.php>. Type: <payee>. Currency in Post=<>. currency var=<1>.
10/12/2012 02:45:23 pm: Get the dataset to return in json obj...
10/12/2012 02:45:23 pm: Hit to <getData.php>. Type: <cat>. Currency in Post=<>. currency var=<1>.
10/12/2012 02:45:23 pm: Hit to <getData.php>. Type: <scat>. Currency in Post=<>. currency var=<1>.
10/12/2012 02:45:23 pm: Query has run: <CALL USP_GetAccounts();>.
10/12/2012 02:45:23 pm: Get the dataset to return in json obj...
10/12/2012 02:45:23 pm: Query has run: <CALL USP_GetCurrencies();>.
10/12/2012 02:45:23 pm: ... Got dataset to return in json obj
10/12/2012 02:45:23 pm: ... Got dataset to return in json obj
10/12/2012 02:45:23 pm: Get the dataset to return in json obj...
10/12/2012 02:45:23 pm: Query has run: <CALL USP_GetCategories();>.
10/12/2012 02:45:23 pm: ... Got dataset to return in json obj
10/12/2012 02:45:23 pm: Get the dataset to return in json obj...
10/12/2012 02:45:23 pm: Query has run: <CALL USP_GetPayees();>.
10/12/2012 02:45:23 pm: ... Got dataset to return in json obj
10/12/2012 02:45:23 pm: Query has run: <CALL USP_GetCategories2();>.
10/12/2012 02:45:23 pm: ... Got dataset to return in json obj
10/12/2012 02:45:29 pm: Hit to <getData.php>. Type: <acc>. Currency in Post=<3>. currency var=<3>.
10/12/2012 02:45:29 pm: Get the dataset to return in json obj...
10/12/2012 02:45:29 pm: Hit to <getData.php>. Type: <curr>. Currency in Post=<>. currency var=<1>.
10/12/2012 02:45:29 pm: Get the dataset to return in json obj...
10/12/2012 02:45:29 pm: Hit to <getData.php>. Type: <payee>. Currency in Post=<>. currency var=<1>.
10/12/2012 02:45:29 pm: Query has run: <CALL USP_GetAccounts();>.
10/12/2012 02:45:29 pm: ... Got dataset to return in json obj
10/12/2012 02:45:29 pm: Query has run: <CALL USP_GetCurrencies();>.
10/12/2012 02:45:29 pm: ... Got dataset to return in json obj
10/12/2012 02:45:29 pm: Hit to <getData.php>. Type: <cat>. Currency in Post=<>. currency var=<1>.
10/12/2012 02:45:29 pm: Hit to <getData.php>. Type: <scat>. Currency in Post=<>. currency var=<1>.
10/12/2012 02:45:29 pm: Get the dataset to return in json obj...
10/12/2012 02:45:29 pm: Query has run: <CALL USP_GetCategories2();>.
10/12/2012 02:45:29 pm: ... Got dataset to return in json obj
10/12/2012 02:45:29 pm: Get the dataset to return in json obj...
10/12/2012 02:45:29 pm: Get the dataset to return in json obj...
10/12/2012 02:45:29 pm: Query has run: <CALL USP_GetCategories();>.
10/12/2012 02:45:29 pm: ... Got dataset to return in json obj
10/12/2012 02:45:29 pm: Query has run: <CALL USP_GetPayees();>.
10/12/2012 02:45:29 pm: ... Got dataset to return in json obj
10/12/2012 02:45:34 pm: Hit to <getData.php>. Type: <acc>. Currency in Post=<3>. currency var=<3>.
10/12/2012 02:45:34 pm: Hit to <getData.php>. Type: <payee>. Currency in Post=<>. currency var=<1>.
10/12/2012 02:45:34 pm: Get the dataset to return in json obj...
10/12/2012 02:45:34 pm: Hit to <getData.php>. Type: <cat>. Currency in Post=<>. currency var=<1>.
10/12/2012 02:45:34 pm: Hit to <getData.php>. Type: <curr>. Currency in Post=<>. currency var=<1>.
10/12/2012 02:45:34 pm: Get the dataset to return in json obj...
10/12/2012 02:45:34 pm: Hit to <getData.php>. Type: <scat>. Currency in Post=<>. currency var=<1>.
10/12/2012 02:45:34 pm: Query has run: <CALL USP_GetAccounts();>.
10/12/2012 02:45:34 pm: ... Got dataset to return in json obj
10/12/2012 02:45:34 pm: Query has run: <CALL USP_GetPayees();>.
10/12/2012 02:45:34 pm: ... Got dataset to return in json obj
10/12/2012 02:45:34 pm: Get the dataset to return in json obj...
10/12/2012 02:45:34 pm: Get the dataset to return in json obj...
10/12/2012 02:45:34 pm: Get the dataset to return in json obj...
10/12/2012 02:45:34 pm: Query has run: <CALL USP_GetCategories();>.
10/12/2012 02:45:34 pm: ... Got dataset to return in json obj
10/12/2012 02:45:34 pm: Query has run: <CALL USP_GetCurrencies();>.
10/12/2012 02:45:34 pm: ... Got dataset to return in json obj
10/12/2012 02:45:34 pm: Query has run: <CALL USP_GetCategories2();>.
10/12/2012 02:45:34 pm: ... Got dataset to return in json obj
10/12/2012 02:45:36 pm: Hit to <getData.php>. Type: <acc>. Currency in Post=<3>. currency var=<3>.
10/12/2012 02:45:36 pm: Get the dataset to return in json obj...
10/12/2012 02:45:36 pm: Hit to <getData.php>. Type: <curr>. Currency in Post=<>. currency var=<1>.
10/12/2012 02:45:36 pm: Query has run: <CALL USP_GetAccounts();>.
10/12/2012 02:45:36 pm: ... Got dataset to return in json obj
10/12/2012 02:45:36 pm: Get the dataset to return in json obj...
10/12/2012 02:45:36 pm: Hit to <getData.php>. Type: <payee>. Currency in Post=<>. currency var=<1>.
10/12/2012 02:45:36 pm: Hit to <getData.php>. Type: <cat>. Currency in Post=<>. currency var=<1>.
10/12/2012 02:45:36 pm: Hit to <getData.php>. Type: <scat>. Currency in Post=<>. currency var=<1>.
10/12/2012 02:45:36 pm: Query has run: <CALL USP_GetCurrencies();>.
10/12/2012 02:45:36 pm: ... Got dataset to return in json obj
10/12/2012 02:45:36 pm: Get the dataset to return in json obj...
10/12/2012 02:45:36 pm: Get the dataset to return in json obj...
10/12/2012 02:45:36 pm: Get the dataset to return in json obj...
10/12/2012 02:45:36 pm: Query has run: <CALL USP_GetCategories2();>.
10/12/2012 02:45:36 pm: ... Got dataset to return in json obj
10/12/2012 02:45:36 pm: Query has run: <CALL USP_GetPayees();>.
10/12/2012 02:45:36 pm: ... Got dataset to return in json obj
10/12/2012 02:45:36 pm: Query has run: <CALL USP_GetCategories();>.
10/12/2012 02:45:36 pm: ... Got dataset to return in json obj
10/12/2012 02:45:37 pm: Hit to <getData.php>. Type: <curr>. Currency in Post=<>. currency var=<1>.
10/12/2012 02:45:37 pm: Hit to <getData.php>. Type: <acc>. Currency in Post=<3>. currency var=<3>.
10/12/2012 02:45:37 pm: Get the dataset to return in json obj...
10/12/2012 02:45:37 pm: Query has run: <CALL USP_GetCurrencies();>.
10/12/2012 02:45:37 pm: ... Got dataset to return in json obj
10/12/2012 02:45:37 pm: Get the dataset to return in json obj...
10/12/2012 02:45:37 pm: Query has run: <CALL USP_GetAccounts();>.
10/12/2012 02:45:37 pm: ... Got dataset to return in json obj
10/12/2012 02:45:37 pm: Hit to <getData.php>. Type: <payee>. Currency in Post=<>. currency var=<1>.
10/12/2012 02:45:37 pm: Get the dataset to return in json obj...
10/12/2012 02:45:38 pm: Hit to <getData.php>. Type: <cat>. Currency in Post=<>. currency var=<1>.
10/12/2012 02:45:38 pm: Hit to <getData.php>. Type: <scat>. Currency in Post=<>. currency var=<1>.
10/12/2012 02:45:38 pm: Query has run: <CALL USP_GetPayees();>.
10/12/2012 02:45:38 pm: ... Got dataset to return in json obj
10/12/2012 02:45:38 pm: Get the dataset to return in json obj...
10/12/2012 02:45:38 pm: Get the dataset to return in json obj...
10/12/2012 02:45:38 pm: Query has run: <CALL USP_GetCategories2();>.
10/12/2012 02:45:38 pm: ... Got dataset to return in json obj
10/12/2012 02:45:38 pm: Query has run: <CALL USP_GetCategories();>.
10/12/2012 02:45:38 pm: ... Got dataset to return in json obj
10/12/2012 02:45:59 pm: Hit to <getData.php>. Type: <curr>. Currency in Post=<>. currency var=<1>.
10/12/2012 02:45:59 pm: Get the dataset to return in json obj...
10/12/2012 02:45:59 pm: Hit to <getData.php>. Type: <acc>. Currency in Post=<3>. currency var=<3>.
10/12/2012 02:45:59 pm: Hit to <getData.php>. Type: <payee>. Currency in Post=<>. currency var=<1>.
10/12/2012 02:45:59 pm: Hit to <getData.php>. Type: <scat>. Currency in Post=<>. currency var=<1>.
10/12/2012 02:45:59 pm: Query has run: <CALL USP_GetCurrencies();>.
10/12/2012 02:45:59 pm: ... Got dataset to return in json obj
10/12/2012 02:45:59 pm: Get the dataset to return in json obj...
10/12/2012 02:45:59 pm: Get the dataset to return in json obj...
10/12/2012 02:45:59 pm: Hit to <getData.php>. Type: <cat>. Currency in Post=<>. currency var=<1>.
10/12/2012 02:45:59 pm: Query has run: <CALL USP_GetAccounts();>.
10/12/2012 02:45:59 pm: ... Got dataset to return in json obj
10/12/2012 02:45:59 pm: Get the dataset to return in json obj...
10/12/2012 02:45:59 pm: Get the dataset to return in json obj...
10/12/2012 02:45:59 pm: Query has run: <CALL USP_GetPayees();>.
10/12/2012 02:45:59 pm: ... Got dataset to return in json obj
10/12/2012 02:45:59 pm: Query has run: <CALL USP_GetCategories2();>.
10/12/2012 02:45:59 pm: ... Got dataset to return in json obj
10/12/2012 02:45:59 pm: Query has run: <CALL USP_GetCategories();>.
10/12/2012 02:45:59 pm: ... Got dataset to return in json obj
10/12/2012 02:46:24 pm: Amount value: 0. Preg_match_all result is <1>
10/12/2012 02:46:24 pm: Currency = <3>.
10/12/2012 02:46:26 pm: Hit to <getData.php>. Type: <curr>. Currency in Post=<>. currency var=<1>.
10/12/2012 02:46:26 pm: Hit to <getData.php>. Type: <acc>. Currency in Post=<3>. currency var=<3>.
10/12/2012 02:46:26 pm: Hit to <getData.php>. Type: <payee>. Currency in Post=<>. currency var=<1>.
10/12/2012 02:46:26 pm: Hit to <getData.php>. Type: <cat>. Currency in Post=<>. currency var=<1>.
10/12/2012 02:46:26 pm: Hit to <getData.php>. Type: <scat>. Currency in Post=<>. currency var=<1>.
10/12/2012 02:46:26 pm: Get the dataset to return in json obj...
10/12/2012 02:46:26 pm: Get the dataset to return in json obj...
10/12/2012 02:46:26 pm: Get the dataset to return in json obj...
10/12/2012 02:46:26 pm: Get the dataset to return in json obj...
10/12/2012 02:46:26 pm: Query has run: <CALL USP_GetCurrencies();>.
10/12/2012 02:46:26 pm: ... Got dataset to return in json obj
10/12/2012 02:46:26 pm: Query has run: <CALL USP_GetCategories();>.
10/12/2012 02:46:26 pm: ... Got dataset to return in json obj
10/12/2012 02:46:26 pm: Get the dataset to return in json obj...
10/12/2012 02:46:26 pm: Query has run: <CALL USP_GetCategories2();>.
10/12/2012 02:46:26 pm: ... Got dataset to return in json obj
10/12/2012 02:46:26 pm: Query has run: <CALL USP_GetPayees();>.
10/12/2012 02:46:26 pm: ... Got dataset to return in json obj
10/12/2012 02:46:26 pm: Query has run: <CALL USP_GetAccounts();>.
10/12/2012 02:46:26 pm: ... Got dataset to return in json obj
10/12/2012 02:46:27 pm: Hit to <getData.php>. Type: <acc>. Currency in Post=<3>. currency var=<3>.
10/12/2012 02:46:27 pm: Hit to <getData.php>. Type: <curr>. Currency in Post=<>. currency var=<1>.
10/12/2012 02:46:27 pm: Get the dataset to return in json obj...
10/12/2012 02:46:27 pm: Hit to <getData.php>. Type: <payee>. Currency in Post=<>. currency var=<1>.
10/12/2012 02:46:27 pm: Hit to <getData.php>. Type: <scat>. Currency in Post=<>. currency var=<1>.
10/12/2012 02:46:27 pm: Hit to <getData.php>. Type: <cat>. Currency in Post=<>. currency var=<1>.
10/12/2012 02:46:27 pm: Query has run: <CALL USP_GetAccounts();>.
10/12/2012 02:46:27 pm: ... Got dataset to return in json obj
10/12/2012 02:46:27 pm: Get the dataset to return in json obj...
10/12/2012 02:46:27 pm: Get the dataset to return in json obj...
10/12/2012 02:46:27 pm: Get the dataset to return in json obj...
10/12/2012 02:46:27 pm: Get the dataset to return in json obj...
10/12/2012 02:46:27 pm: Query has run: <CALL USP_GetCurrencies();>.
10/12/2012 02:46:27 pm: ... Got dataset to return in json obj
10/12/2012 02:46:27 pm: Query has run: <CALL USP_GetPayees();>.
10/12/2012 02:46:27 pm: ... Got dataset to return in json obj
10/12/2012 02:46:27 pm: Query has run: <CALL USP_GetCategories();>.
10/12/2012 02:46:27 pm: ... Got dataset to return in json obj
10/12/2012 02:46:27 pm: Query has run: <CALL USP_GetCategories2();>.
10/12/2012 02:46:27 pm: ... Got dataset to return in json obj
10/12/2012 02:46:28 pm: Hit to <getData.php>. Type: <acc>. Currency in Post=<3>. currency var=<3>.
10/12/2012 02:46:28 pm: Get the dataset to return in json obj...
10/12/2012 02:46:28 pm: Hit to <getData.php>. Type: <curr>. Currency in Post=<>. currency var=<1>.
10/12/2012 02:46:28 pm: Hit to <getData.php>. Type: <payee>. Currency in Post=<>. currency var=<1>.
10/12/2012 02:46:28 pm: Get the dataset to return in json obj...
10/12/2012 02:46:28 pm: Query has run: <CALL USP_GetAccounts();>.
10/12/2012 02:46:28 pm: ... Got dataset to return in json obj
10/12/2012 02:46:28 pm: Get the dataset to return in json obj...
10/12/2012 02:46:28 pm: Query has run: <CALL USP_GetCurrencies();>.
10/12/2012 02:46:28 pm: ... Got dataset to return in json obj
10/12/2012 02:46:28 pm: Query has run: <CALL USP_GetPayees();>.
10/12/2012 02:46:28 pm: ... Got dataset to return in json obj
10/12/2012 02:46:28 pm: Hit to <getData.php>. Type: <cat>. Currency in Post=<>. currency var=<1>.
10/12/2012 02:46:28 pm: Hit to <getData.php>. Type: <scat>. Currency in Post=<>. currency var=<1>.
10/12/2012 02:46:28 pm: Get the dataset to return in json obj...
10/12/2012 02:46:28 pm: Get the dataset to return in json obj...
10/12/2012 02:46:28 pm: Query has run: <CALL USP_GetCategories();>.
10/12/2012 02:46:28 pm: ... Got dataset to return in json obj
10/12/2012 02:46:28 pm: Query has run: <CALL USP_GetCategories2();>.
10/12/2012 02:46:28 pm: ... Got dataset to return in json obj
10/12/2012 02:46:28 pm: Hit to <getData.php>. Type: <acc>. Currency in Post=<3>. currency var=<3>.
10/12/2012 02:46:28 pm: Hit to <getData.php>. Type: <curr>. Currency in Post=<>. currency var=<1>.
10/12/2012 02:46:28 pm: Hit to <getData.php>. Type: <payee>. Currency in Post=<>. currency var=<1>.
10/12/2012 02:46:28 pm: Hit to <getData.php>. Type: <scat>. Currency in Post=<>. currency var=<1>.
10/12/2012 02:46:28 pm: Hit to <getData.php>. Type: <cat>. Currency in Post=<>. currency var=<1>.
10/12/2012 02:46:28 pm: Get the dataset to return in json obj...
10/12/2012 02:46:28 pm: Get the dataset to return in json obj...
10/12/2012 02:46:28 pm: Get the dataset to return in json obj...
10/12/2012 02:46:28 pm: Get the dataset to return in json obj...
10/12/2012 02:46:28 pm: Get the dataset to return in json obj...
10/12/2012 02:46:28 pm: Query has run: <CALL USP_GetCategories();>.
10/12/2012 02:46:28 pm: ... Got dataset to return in json obj
10/12/2012 02:46:28 pm: Query has run: <CALL USP_GetAccounts();>.
10/12/2012 02:46:28 pm: ... Got dataset to return in json obj
10/12/2012 02:46:28 pm: Query has run: <CALL USP_GetCurrencies();>.
10/12/2012 02:46:28 pm: ... Got dataset to return in json obj
10/12/2012 02:46:28 pm: Query has run: <CALL USP_GetPayees();>.
10/12/2012 02:46:28 pm: ... Got dataset to return in json obj
10/12/2012 02:46:28 pm: Query has run: <CALL USP_GetCategories2();>.
10/12/2012 02:46:28 pm: ... Got dataset to return in json obj
10/12/2012 02:46:29 pm: Hit to <getData.php>. Type: <acc>. Currency in Post=<3>. currency var=<3>.
10/12/2012 02:46:29 pm: Get the dataset to return in json obj...
10/12/2012 02:46:29 pm: Query has run: <CALL USP_GetAccounts();>.
10/12/2012 02:46:29 pm: ... Got dataset to return in json obj
10/12/2012 02:46:29 pm: Hit to <getData.php>. Type: <curr>. Currency in Post=<>. currency var=<1>.
10/12/2012 02:46:29 pm: Hit to <getData.php>. Type: <payee>. Currency in Post=<>. currency var=<1>.
10/12/2012 02:46:29 pm: Get the dataset to return in json obj...
10/12/2012 02:46:29 pm: Get the dataset to return in json obj...
10/12/2012 02:46:29 pm: Query has run: <CALL USP_GetCurrencies();>.
10/12/2012 02:46:29 pm: ... Got dataset to return in json obj
10/12/2012 02:46:29 pm: Query has run: <CALL USP_GetPayees();>.
10/12/2012 02:46:29 pm: ... Got dataset to return in json obj
10/12/2012 02:46:29 pm: Hit to <getData.php>. Type: <cat>. Currency in Post=<>. currency var=<1>.
10/12/2012 02:46:29 pm: Get the dataset to return in json obj...
10/12/2012 02:46:29 pm: Query has run: <CALL USP_GetCategories();>.
10/12/2012 02:46:29 pm: ... Got dataset to return in json obj
10/12/2012 02:46:29 pm: Hit to <getData.php>. Type: <scat>. Currency in Post=<>. currency var=<1>.
10/12/2012 02:46:29 pm: Get the dataset to return in json obj...
10/12/2012 02:46:29 pm: Query has run: <CALL USP_GetCategories2();>.
10/12/2012 02:46:29 pm: ... Got dataset to return in json obj
10/12/2012 02:46:29 pm: Hit to <getData.php>. Type: <acc>. Currency in Post=<3>. currency var=<3>.
10/12/2012 02:46:29 pm: Hit to <getData.php>. Type: <curr>. Currency in Post=<>. currency var=<1>.
10/12/2012 02:46:29 pm: Get the dataset to return in json obj...
10/12/2012 02:46:29 pm: Get the dataset to return in json obj...
10/12/2012 02:46:29 pm: Hit to <getData.php>. Type: <payee>. Currency in Post=<>. currency var=<1>.
10/12/2012 02:46:29 pm: Hit to <getData.php>. Type: <cat>. Currency in Post=<>. currency var=<1>.
10/12/2012 02:46:29 pm: Hit to <getData.php>. Type: <scat>. Currency in Post=<>. currency var=<1>.
10/12/2012 02:46:29 pm: Query has run: <CALL USP_GetAccounts();>.
10/12/2012 02:46:29 pm: ... Got dataset to return in json obj
10/12/2012 02:46:29 pm: Query has run: <CALL USP_GetCurrencies();>.
10/12/2012 02:46:29 pm: ... Got dataset to return in json obj
10/12/2012 02:46:29 pm: Get the dataset to return in json obj...
10/12/2012 02:46:29 pm: Get the dataset to return in json obj...
10/12/2012 02:46:29 pm: Get the dataset to return in json obj...
10/12/2012 02:46:29 pm: Query has run: <CALL USP_GetPayees();>.
10/12/2012 02:46:29 pm: ... Got dataset to return in json obj
10/12/2012 02:46:29 pm: Query has run: <CALL USP_GetCategories2();>.
10/12/2012 02:46:29 pm: ... Got dataset to return in json obj
10/12/2012 02:46:29 pm: Query has run: <CALL USP_GetCategories();>.
10/12/2012 02:46:29 pm: ... Got dataset to return in json obj
10/12/2012 02:46:30 pm: Hit to <getData.php>. Type: <acc>. Currency in Post=<3>. currency var=<3>.
10/12/2012 02:46:30 pm: Hit to <getData.php>. Type: <curr>. Currency in Post=<>. currency var=<1>.
10/12/2012 02:46:30 pm: Hit to <getData.php>. Type: <payee>. Currency in Post=<>. currency var=<1>.
10/12/2012 02:46:30 pm: Get the dataset to return in json obj...
10/12/2012 02:46:30 pm: Get the dataset to return in json obj...
10/12/2012 02:46:30 pm: Query has run: <CALL USP_GetAccounts();>.
10/12/2012 02:46:30 pm: ... Got dataset to return in json obj
10/12/2012 02:46:30 pm: Query has run: <CALL USP_GetCurrencies();>.
10/12/2012 02:46:30 pm: ... Got dataset to return in json obj
10/12/2012 02:46:30 pm: Get the dataset to return in json obj...
10/12/2012 02:46:30 pm: Hit to <getData.php>. Type: <scat>. Currency in Post=<>. currency var=<1>.
10/12/2012 02:46:30 pm: Hit to <getData.php>. Type: <cat>. Currency in Post=<>. currency var=<1>.
10/12/2012 02:46:30 pm: Get the dataset to return in json obj...
10/12/2012 02:46:30 pm: Query has run: <CALL USP_GetPayees();>.
10/12/2012 02:46:30 pm: ... Got dataset to return in json obj
10/12/2012 02:46:30 pm: Query has run: <CALL USP_GetCategories();>.
10/12/2012 02:46:30 pm: ... Got dataset to return in json obj
10/12/2012 02:46:30 pm: Get the dataset to return in json obj...
10/12/2012 02:46:30 pm: Query has run: <CALL USP_GetCategories2();>.
10/12/2012 02:46:30 pm: ... Got dataset to return in json obj
10/12/2012 02:46:30 pm: Hit to <getData.php>. Type: <curr>. Currency in Post=<>. currency var=<1>.
10/12/2012 02:46:30 pm: Get the dataset to return in json obj...
10/12/2012 02:46:30 pm: Query has run: <CALL USP_GetCurrencies();>.
10/12/2012 02:46:30 pm: ... Got dataset to return in json obj
10/12/2012 02:46:30 pm: Hit to <getData.php>. Type: <acc>. Currency in Post=<3>. currency var=<3>.
10/12/2012 02:46:30 pm: Hit to <getData.php>. Type: <payee>. Currency in Post=<>. currency var=<1>.
10/12/2012 02:46:30 pm: Get the dataset to return in json obj...
10/12/2012 02:46:30 pm: Get the dataset to return in json obj...
10/12/2012 02:46:30 pm: Query has run: <CALL USP_GetAccounts();>.
10/12/2012 02:46:30 pm: ... Got dataset to return in json obj
10/12/2012 02:46:30 pm: Query has run: <CALL USP_GetPayees();>.
10/12/2012 02:46:30 pm: ... Got dataset to return in json obj
10/12/2012 02:46:30 pm: Hit to <getData.php>. Type: <cat>. Currency in Post=<>. currency var=<1>.
10/12/2012 02:46:30 pm: Get the dataset to return in json obj...
10/12/2012 02:46:30 pm: Query has run: <CALL USP_GetCategories();>.
10/12/2012 02:46:30 pm: ... Got dataset to return in json obj
10/12/2012 02:46:30 pm: Hit to <getData.php>. Type: <scat>. Currency in Post=<>. currency var=<1>.
10/12/2012 02:46:30 pm: Get the dataset to return in json obj...
10/12/2012 02:46:30 pm: Query has run: <CALL USP_GetCategories2();>.
10/12/2012 02:46:30 pm: ... Got dataset to return in json obj
10/12/2012 02:46:31 pm: Hit to <getData.php>. Type: <acc>. Currency in Post=<3>. currency var=<3>.
10/12/2012 02:46:31 pm: Hit to <getData.php>. Type: <curr>. Currency in Post=<>. currency var=<1>.
10/12/2012 02:46:31 pm: Hit to <getData.php>. Type: <payee>. Currency in Post=<>. currency var=<1>.
10/12/2012 02:46:31 pm: Hit to <getData.php>. Type: <cat>. Currency in Post=<>. currency var=<1>.
10/12/2012 02:46:31 pm: Hit to <getData.php>. Type: <scat>. Currency in Post=<>. currency var=<1>.
10/12/2012 02:46:31 pm: Get the dataset to return in json obj...
10/12/2012 02:46:31 pm: Get the dataset to return in json obj...
10/12/2012 02:46:31 pm: Get the dataset to return in json obj...
10/12/2012 02:46:31 pm: Get the dataset to return in json obj...
10/12/2012 02:46:31 pm: Get the dataset to return in json obj...
10/12/2012 02:46:31 pm: Query has run: <CALL USP_GetAccounts();>.
10/12/2012 02:46:31 pm: ... Got dataset to return in json obj
10/12/2012 02:46:31 pm: Query has run: <CALL USP_GetCurrencies();>.
10/12/2012 02:46:31 pm: ... Got dataset to return in json obj
10/12/2012 02:46:31 pm: Query has run: <CALL USP_GetPayees();>.
10/12/2012 02:46:31 pm: ... Got dataset to return in json obj
10/12/2012 02:46:31 pm: Query has run: <CALL USP_GetCategories();>.
10/12/2012 02:46:31 pm: ... Got dataset to return in json obj
10/12/2012 02:46:31 pm: Query has run: <CALL USP_GetCategories2();>.
10/12/2012 02:46:31 pm: ... Got dataset to return in json obj
10/12/2012 02:46:31 pm: Hit to <getData.php>. Type: <acc>. Currency in Post=<3>. currency var=<3>.
10/12/2012 02:46:31 pm: Hit to <getData.php>. Type: <curr>. Currency in Post=<>. currency var=<1>.
10/12/2012 02:46:31 pm: Get the dataset to return in json obj...
10/12/2012 02:46:31 pm: Get the dataset to return in json obj...
10/12/2012 02:46:31 pm: Query has run: <CALL USP_GetAccounts();>.
10/12/2012 02:46:31 pm: ... Got dataset to return in json obj
10/12/2012 02:46:31 pm: Query has run: <CALL USP_GetCurrencies();>.
10/12/2012 02:46:31 pm: ... Got dataset to return in json obj
10/12/2012 02:46:31 pm: Hit to <getData.php>. Type: <payee>. Currency in Post=<>. currency var=<1>.
10/12/2012 02:46:31 pm: Hit to <getData.php>. Type: <scat>. Currency in Post=<>. currency var=<1>.
10/12/2012 02:46:31 pm: Hit to <getData.php>. Type: <cat>. Currency in Post=<>. currency var=<1>.
10/12/2012 02:46:31 pm: Get the dataset to return in json obj...
10/12/2012 02:46:31 pm: Get the dataset to return in json obj...
10/12/2012 02:46:31 pm: Get the dataset to return in json obj...
10/12/2012 02:46:31 pm: Query has run: <CALL USP_GetPayees();>.
10/12/2012 02:46:31 pm: ... Got dataset to return in json obj
10/12/2012 02:46:31 pm: Query has run: <CALL USP_GetCategories();>.
10/12/2012 02:46:31 pm: ... Got dataset to return in json obj
10/12/2012 02:46:31 pm: Query has run: <CALL USP_GetCategories2();>.
10/12/2012 02:46:31 pm: ... Got dataset to return in json obj
10/12/2012 02:46:32 pm: Hit to <getData.php>. Type: <acc>. Currency in Post=<3>. currency var=<3>.
10/12/2012 02:46:32 pm: Hit to <getData.php>. Type: <cat>. Currency in Post=<>. currency var=<1>.
10/12/2012 02:46:32 pm: Hit to <getData.php>. Type: <scat>. Currency in Post=<>. currency var=<1>.
10/12/2012 02:46:32 pm: Hit to <getData.php>. Type: <curr>. Currency in Post=<>. currency var=<1>.
10/12/2012 02:46:32 pm: Hit to <getData.php>. Type: <payee>. Currency in Post=<>. currency var=<1>.
10/12/2012 02:46:32 pm: Get the dataset to return in json obj...
10/12/2012 02:46:32 pm: Query has run: <CALL USP_GetCategories();>.
10/12/2012 02:46:32 pm: ... Got dataset to return in json obj
10/12/2012 02:46:32 pm: Get the dataset to return in json obj...
10/12/2012 02:46:32 pm: Get the dataset to return in json obj...
10/12/2012 02:46:32 pm: Get the dataset to return in json obj...
10/12/2012 02:46:32 pm: Get the dataset to return in json obj...
10/12/2012 02:46:32 pm: Query has run: <CALL USP_GetCategories2();>.
10/12/2012 02:46:32 pm: ... Got dataset to return in json obj
10/12/2012 02:46:32 pm: Query has run: <CALL USP_GetPayees();>.
10/12/2012 02:46:32 pm: ... Got dataset to return in json obj
10/12/2012 02:46:32 pm: Query has run: <CALL USP_GetAccounts();>.
10/12/2012 02:46:32 pm: ... Got dataset to return in json obj
10/12/2012 02:46:32 pm: Query has run: <CALL USP_GetCurrencies();>.
10/12/2012 02:46:32 pm: ... Got dataset to return in json obj
10/12/2012 02:47:03 pm: Hit to <getData.php>. Type: <acc>. Currency in Post=<2>. currency var=<2>.
10/12/2012 02:47:03 pm: Hit to <getData.php>. Type: <curr>. Currency in Post=<>. currency var=<1>.
10/12/2012 02:47:03 pm: Hit to <getData.php>. Type: <cat>. Currency in Post=<>. currency var=<1>.
10/12/2012 02:47:03 pm: Get the dataset to return in json obj...
10/12/2012 02:47:03 pm: Get the dataset to return in json obj...
10/12/2012 02:47:03 pm: Hit to <getData.php>. Type: <payee>. Currency in Post=<>. currency var=<1>.
10/12/2012 02:47:03 pm: Hit to <getData.php>. Type: <scat>. Currency in Post=<>. currency var=<1>.
10/12/2012 02:47:03 pm: Get the dataset to return in json obj...
10/12/2012 02:47:03 pm: Query has run: <CALL USP_GetAccounts();>.
10/12/2012 02:47:03 pm: ... Got dataset to return in json obj
10/12/2012 02:47:03 pm: Query has run: <CALL USP_GetCurrencies();>.
10/12/2012 02:47:03 pm: ... Got dataset to return in json obj
10/12/2012 02:47:03 pm: Query has run: <CALL USP_GetCategories();>.
10/12/2012 02:47:03 pm: ... Got dataset to return in json obj
10/12/2012 02:47:03 pm: Get the dataset to return in json obj...
10/12/2012 02:47:03 pm: Get the dataset to return in json obj...
10/12/2012 02:47:03 pm: Query has run: <CALL USP_GetCategories2();>.
10/12/2012 02:47:03 pm: ... Got dataset to return in json obj
10/12/2012 02:47:03 pm: Query has run: <CALL USP_GetPayees();>.
10/12/2012 02:47:03 pm: ... Got dataset to return in json obj
10/12/2012 02:47:06 pm: Hit to <getData.php>. Type: <curr>. Currency in Post=<>. currency var=<1>.
10/12/2012 02:47:06 pm: Hit to <getData.php>. Type: <acc>. Currency in Post=<1>. currency var=<1>.
10/12/2012 02:47:06 pm: Get the dataset to return in json obj...
10/12/2012 02:47:06 pm: Hit to <getData.php>. Type: <payee>. Currency in Post=<>. currency var=<1>.
10/12/2012 02:47:06 pm: Hit to <getData.php>. Type: <cat>. Currency in Post=<>. currency var=<1>.
10/12/2012 02:47:06 pm: Hit to <getData.php>. Type: <scat>. Currency in Post=<>. currency var=<1>.
10/12/2012 02:47:06 pm: Get the dataset to return in json obj...
10/12/2012 02:47:06 pm: Get the dataset to return in json obj...
10/12/2012 02:47:06 pm: Get the dataset to return in json obj...
10/12/2012 02:47:06 pm: Get the dataset to return in json obj...
10/12/2012 02:47:06 pm: Query has run: <CALL USP_GetCurrencies();>.
10/12/2012 02:47:06 pm: Query has run: <CALL USP_GetCategories2();>.
10/12/2012 02:47:06 pm: ... Got dataset to return in json obj
10/12/2012 02:47:06 pm: ... Got dataset to return in json obj
10/12/2012 02:47:06 pm: Query has run: <CALL USP_GetAccounts();>.
10/12/2012 02:47:06 pm: ... Got dataset to return in json obj
10/12/2012 02:47:06 pm: Query has run: <CALL USP_GetCategories();>.
10/12/2012 02:47:07 pm: ... Got dataset to return in json obj
10/12/2012 02:47:06 pm: Query has run: <CALL USP_GetPayees();>.
10/12/2012 02:47:07 pm: ... Got dataset to return in json obj
10/12/2012 02:48:18 pm: Hit to <getData.php>. Type: <curr>. Currency in Post=<>. currency var=<1>.
10/12/2012 02:48:18 pm: Hit to <getData.php>. Type: <scat>. Currency in Post=<>. currency var=<1>.
10/12/2012 02:48:18 pm: Hit to <getData.php>. Type: <acc>. Currency in Post=<1>. currency var=<1>.
10/12/2012 02:48:18 pm: Hit to <getData.php>. Type: <cat>. Currency in Post=<>. currency var=<1>.
10/12/2012 02:48:18 pm: Hit to <getData.php>. Type: <payee>. Currency in Post=<>. currency var=<1>.
10/12/2012 02:48:18 pm: Get the dataset to return in json obj...
10/12/2012 02:48:18 pm: Get the dataset to return in json obj...
10/12/2012 02:48:18 pm: Get the dataset to return in json obj...
10/12/2012 02:48:18 pm: Get the dataset to return in json obj...
10/12/2012 02:48:18 pm: Get the dataset to return in json obj...
10/12/2012 02:48:18 pm: Query has run: <CALL USP_GetCurrencies();>.
10/12/2012 02:48:18 pm: ... Got dataset to return in json obj
10/12/2012 02:48:18 pm: Query has run: <CALL USP_GetCategories();>.
10/12/2012 02:48:18 pm: ... Got dataset to return in json obj
10/12/2012 02:48:18 pm: Query has run: <CALL USP_GetAccounts();>.
10/12/2012 02:48:18 pm: ... Got dataset to return in json obj
10/12/2012 02:48:18 pm: Query has run: <CALL USP_GetCategories2();>.
10/12/2012 02:48:18 pm: ... Got dataset to return in json obj
10/12/2012 02:48:18 pm: Query has run: <CALL USP_GetPayees();>.
10/12/2012 02:48:18 pm: ... Got dataset to return in json obj
10/12/2012 02:48:47 pm: Amount value: -4,48. Preg_match_all result is <1>
10/12/2012 02:48:47 pm: Currency = <1>.
10/12/2012 02:49:12 pm: Amount value: -15,51. Preg_match_all result is <1>
10/12/2012 02:49:12 pm: Currency = <1>.
10/12/2012 02:49:27 pm: Amount value: -7,14. Preg_match_all result is <1>
10/12/2012 02:49:27 pm: Currency = <1>.
10/12/2012 02:49:37 pm: Amount value: -15,18. Preg_match_all result is <1>
10/12/2012 02:49:37 pm: Currency = <1>.
10/12/2012 02:49:41 pm: Hit to <getData.php>. Type: <curr>. Currency in Post=<>. currency var=<1>.
10/12/2012 02:49:41 pm: Hit to <getData.php>. Type: <payee>. Currency in Post=<>. currency var=<1>.
10/12/2012 02:49:41 pm: Hit to <getData.php>. Type: <acc>. Currency in Post=<1>. currency var=<1>.
10/12/2012 02:49:41 pm: Hit to <getData.php>. Type: <cat>. Currency in Post=<>. currency var=<1>.
10/12/2012 02:49:41 pm: Get the dataset to return in json obj...
10/12/2012 02:49:41 pm: Get the dataset to return in json obj...
10/12/2012 02:49:41 pm: Get the dataset to return in json obj...
10/12/2012 02:49:41 pm: Get the dataset to return in json obj...
10/12/2012 02:49:41 pm: Query has run: <CALL USP_GetCategories();>.
10/12/2012 02:49:41 pm: ... Got dataset to return in json obj
10/12/2012 02:49:41 pm: Hit to <getData.php>. Type: <scat>. Currency in Post=<>. currency var=<1>.
10/12/2012 02:49:41 pm: Query has run: <CALL USP_GetAccounts();>.
10/12/2012 02:49:41 pm: ... Got dataset to return in json obj
10/12/2012 02:49:41 pm: Get the dataset to return in json obj...
10/12/2012 02:49:41 pm: Query has run: <CALL USP_GetCurrencies();>.
10/12/2012 02:49:41 pm: ... Got dataset to return in json obj
10/12/2012 02:49:41 pm: Query has run: <CALL USP_GetPayees();>.
10/12/2012 02:49:41 pm: ... Got dataset to return in json obj
10/12/2012 02:49:41 pm: Query has run: <CALL USP_GetCategories2();>.
10/12/2012 02:49:41 pm: ... Got dataset to return in json obj
10/12/2012 02:49:48 pm: Hit to <getData.php>. Type: <acc>. Currency in Post=<1>. currency var=<1>.
10/12/2012 02:49:48 pm: Hit to <getData.php>. Type: <curr>. Currency in Post=<>. currency var=<1>.
10/12/2012 02:49:48 pm: Get the dataset to return in json obj...
10/12/2012 02:49:48 pm: Get the dataset to return in json obj...
10/12/2012 02:49:48 pm: Hit to <getData.php>. Type: <payee>. Currency in Post=<>. currency var=<1>.
10/12/2012 02:49:48 pm: Query has run: <CALL USP_GetAccounts();>.
10/12/2012 02:49:48 pm: ... Got dataset to return in json obj
10/12/2012 02:49:48 pm: Get the dataset to return in json obj...
10/12/2012 02:49:48 pm: Query has run: <CALL USP_GetCurrencies();>.
10/12/2012 02:49:48 pm: ... Got dataset to return in json obj
10/12/2012 02:49:48 pm: Hit to <getData.php>. Type: <cat>. Currency in Post=<>. currency var=<1>.
10/12/2012 02:49:48 pm: Hit to <getData.php>. Type: <scat>. Currency in Post=<>. currency var=<1>.
10/12/2012 02:49:48 pm: Get the dataset to return in json obj...
10/12/2012 02:49:48 pm: Get the dataset to return in json obj...
10/12/2012 02:49:48 pm: Query has run: <CALL USP_GetPayees();>.
10/12/2012 02:49:48 pm: ... Got dataset to return in json obj
10/12/2012 02:49:48 pm: Query has run: <CALL USP_GetCategories();>.
10/12/2012 02:49:48 pm: ... Got dataset to return in json obj
10/12/2012 02:49:48 pm: Query has run: <CALL USP_GetCategories2();>.
10/12/2012 02:49:48 pm: ... Got dataset to return in json obj
10/12/2012 02:51:35 pm: Hit to <getData.php>. Type: <acc>. Currency in Post=<1>. currency var=<1>.
10/12/2012 02:51:36 pm: Hit to <getData.php>. Type: <curr>. Currency in Post=<>. currency var=<1>.
10/12/2012 02:51:36 pm: Hit to <getData.php>. Type: <cat>. Currency in Post=<>. currency var=<1>.
10/12/2012 02:51:36 pm: Hit to <getData.php>. Type: <payee>. Currency in Post=<>. currency var=<1>.
10/12/2012 02:51:36 pm: Hit to <getData.php>. Type: <scat>. Currency in Post=<>. currency var=<1>.
10/12/2012 02:51:36 pm: Get the dataset to return in json obj...
10/12/2012 02:51:36 pm: Get the dataset to return in json obj...
10/12/2012 02:51:36 pm: Get the dataset to return in json obj...
10/12/2012 02:51:36 pm: Get the dataset to return in json obj...
10/12/2012 02:51:36 pm: Query has run: <CALL USP_GetCurrencies();>.
10/12/2012 02:51:36 pm: ... Got dataset to return in json obj
10/12/2012 02:51:36 pm: Query has run: <CALL USP_GetCategories();>.
10/12/2012 02:51:36 pm: ... Got dataset to return in json obj
10/12/2012 02:51:36 pm: Query has run: <CALL USP_GetAccounts();>.
10/12/2012 02:51:36 pm: Get the dataset to return in json obj...
10/12/2012 02:51:36 pm: ... Got dataset to return in json obj
10/12/2012 02:51:36 pm: Query has run: <CALL USP_GetCategories2();>.
10/12/2012 02:51:36 pm: ... Got dataset to return in json obj
10/12/2012 02:51:36 pm: Query has run: <CALL USP_GetPayees();>.
10/12/2012 02:51:36 pm: ... Got dataset to return in json obj
10/12/2012 03:03:23 pm: Hit to <getData.php>. Type: <scat>. Currency in Post=<>. currency var=<1>.
10/12/2012 03:03:23 pm: Hit to <getData.php>. Type: <acc>. Currency in Post=<3>. currency var=<3>.
10/12/2012 03:03:23 pm: Hit to <getData.php>. Type: <payee>. Currency in Post=<>. currency var=<1>.
10/12/2012 03:03:23 pm: Hit to <getData.php>. Type: <curr>. Currency in Post=<>. currency var=<1>.
10/12/2012 03:03:23 pm: Hit to <getData.php>. Type: <cat>. Currency in Post=<>. currency var=<1>.
10/12/2012 03:03:23 pm: Get the dataset to return in json obj...
10/12/2012 03:03:23 pm: Get the dataset to return in json obj...
10/12/2012 03:03:23 pm: Get the dataset to return in json obj...
10/12/2012 03:03:23 pm: Get the dataset to return in json obj...
10/12/2012 03:03:23 pm: Query has run: <CALL USP_GetCategories2();>.
10/12/2012 03:03:23 pm: ... Got dataset to return in json obj
10/12/2012 03:03:23 pm: Get the dataset to return in json obj...
10/12/2012 03:03:23 pm: Query has run: <CALL USP_GetAccounts();>.
10/12/2012 03:03:23 pm: ... Got dataset to return in json obj
10/12/2012 03:03:23 pm: Query has run: <CALL USP_GetPayees();>.
10/12/2012 03:03:23 pm: ... Got dataset to return in json obj
10/12/2012 03:03:23 pm: Query has run: <CALL USP_GetCategories();>.
10/12/2012 03:03:23 pm: ... Got dataset to return in json obj
10/12/2012 03:03:23 pm: Query has run: <CALL USP_GetCurrencies();>.
10/12/2012 03:03:23 pm: ... Got dataset to return in json obj
10/12/2012 03:03:25 pm: Hit to <getData.php>. Type: <cat>. Currency in Post=<>. currency var=<1>.
10/12/2012 03:03:25 pm: Hit to <getData.php>. Type: <acc>. Currency in Post=<3>. currency var=<3>.
10/12/2012 03:03:25 pm: Hit to <getData.php>. Type: <curr>. Currency in Post=<>. currency var=<1>.
10/12/2012 03:03:25 pm: Get the dataset to return in json obj...
10/12/2012 03:03:25 pm: Get the dataset to return in json obj...
10/12/2012 03:03:25 pm: Hit to <getData.php>. Type: <payee>. Currency in Post=<>. currency var=<1>.
10/12/2012 03:03:25 pm: Hit to <getData.php>. Type: <scat>. Currency in Post=<>. currency var=<1>.
10/12/2012 03:03:25 pm: Get the dataset to return in json obj...
10/12/2012 03:03:25 pm: Query has run: <CALL USP_GetAccounts();>.
10/12/2012 03:03:25 pm: ... Got dataset to return in json obj
10/12/2012 03:03:25 pm: Query has run: <CALL USP_GetCategories();>.
10/12/2012 03:03:25 pm: ... Got dataset to return in json obj
10/12/2012 03:03:25 pm: Get the dataset to return in json obj...
10/12/2012 03:03:25 pm: Query has run: <CALL USP_GetPayees();>.
10/12/2012 03:03:25 pm: ... Got dataset to return in json obj
10/12/2012 03:03:25 pm: Get the dataset to return in json obj...
10/12/2012 03:03:25 pm: Query has run: <CALL USP_GetCurrencies();>.
10/12/2012 03:03:25 pm: ... Got dataset to return in json obj
10/12/2012 03:03:25 pm: Query has run: <CALL USP_GetCategories2();>.
10/12/2012 03:03:25 pm: ... Got dataset to return in json obj
10/12/2012 03:03:26 pm: Hit to <getData.php>. Type: <acc>. Currency in Post=<3>. currency var=<3>.
10/12/2012 03:03:26 pm: Hit to <getData.php>. Type: <curr>. Currency in Post=<>. currency var=<1>.
10/12/2012 03:03:26 pm: Get the dataset to return in json obj...
10/12/2012 03:03:26 pm: Query has run: <CALL USP_GetAccounts();>.
10/12/2012 03:03:26 pm: ... Got dataset to return in json obj
10/12/2012 03:03:26 pm: Get the dataset to return in json obj...
10/12/2012 03:03:26 pm: Hit to <getData.php>. Type: <payee>. Currency in Post=<>. currency var=<1>.
10/12/2012 03:03:26 pm: Hit to <getData.php>. Type: <cat>. Currency in Post=<>. currency var=<1>.
10/12/2012 03:03:26 pm: Hit to <getData.php>. Type: <scat>. Currency in Post=<>. currency var=<1>.
10/12/2012 03:03:26 pm: Query has run: <CALL USP_GetCurrencies();>.
10/12/2012 03:03:26 pm: ... Got dataset to return in json obj
10/12/2012 03:03:26 pm: Get the dataset to return in json obj...
10/12/2012 03:03:26 pm: Get the dataset to return in json obj...
10/12/2012 03:03:26 pm: Get the dataset to return in json obj...
10/12/2012 03:03:26 pm: Query has run: <CALL USP_GetPayees();>.
10/12/2012 03:03:26 pm: ... Got dataset to return in json obj
10/12/2012 03:03:26 pm: Query has run: <CALL USP_GetCategories2();>.
10/12/2012 03:03:26 pm: ... Got dataset to return in json obj
10/12/2012 03:03:26 pm: Query has run: <CALL USP_GetCategories();>.
10/12/2012 03:03:26 pm: ... Got dataset to return in json obj
10/12/2012 03:03:44 pm: Hit to <getData.php>. Type: <acc>. Currency in Post=<3>. currency var=<3>.
10/12/2012 03:03:44 pm: Hit to <getData.php>. Type: <curr>. Currency in Post=<>. currency var=<1>.
10/12/2012 03:03:44 pm: Get the dataset to return in json obj...
10/12/2012 03:03:44 pm: Get the dataset to return in json obj...
10/12/2012 03:03:44 pm: Query has run: <CALL USP_GetAccounts();>.
10/12/2012 03:03:44 pm: ... Got dataset to return in json obj
10/12/2012 03:03:44 pm: Query has run: <CALL USP_GetCurrencies();>.
10/12/2012 03:03:44 pm: ... Got dataset to return in json obj
10/12/2012 03:03:44 pm: Hit to <getData.php>. Type: <payee>. Currency in Post=<>. currency var=<1>.
10/12/2012 03:03:44 pm: Hit to <getData.php>. Type: <cat>. Currency in Post=<>. currency var=<1>.
10/12/2012 03:03:44 pm: Get the dataset to return in json obj...
10/12/2012 03:03:44 pm: Get the dataset to return in json obj...
10/12/2012 03:03:44 pm: Query has run: <CALL USP_GetPayees();>.
10/12/2012 03:03:44 pm: ... Got dataset to return in json obj
10/12/2012 03:03:44 pm: Query has run: <CALL USP_GetCategories();>.
10/12/2012 03:03:44 pm: ... Got dataset to return in json obj
10/12/2012 03:03:44 pm: Hit to <getData.php>. Type: <scat>. Currency in Post=<>. currency var=<1>.
10/12/2012 03:03:44 pm: Get the dataset to return in json obj...
10/12/2012 03:03:44 pm: Query has run: <CALL USP_GetCategories2();>.
10/12/2012 03:03:44 pm: ... Got dataset to return in json obj
10/12/2012 03:05:40 pm: Hit to <getData.php>. Type: <acc>. Currency in Post=<2>. currency var=<2>.
10/12/2012 03:05:40 pm: Hit to <getData.php>. Type: <curr>. Currency in Post=<>. currency var=<1>.
10/12/2012 03:05:40 pm: Hit to <getData.php>. Type: <payee>. Currency in Post=<>. currency var=<1>.
10/12/2012 03:05:40 pm: Get the dataset to return in json obj...
10/12/2012 03:05:40 pm: Get the dataset to return in json obj...
10/12/2012 03:05:40 pm: Query has run: <CALL USP_GetAccounts();>.
10/12/2012 03:05:40 pm: ... Got dataset to return in json obj
10/12/2012 03:05:40 pm: Hit to <getData.php>. Type: <cat>. Currency in Post=<>. currency var=<1>.
10/12/2012 03:05:40 pm: Get the dataset to return in json obj...
10/12/2012 03:05:40 pm: Query has run: <CALL USP_GetPayees();>.
10/12/2012 03:05:40 pm: Query has run: <CALL USP_GetCurrencies();>.
10/12/2012 03:05:40 pm: ... Got dataset to return in json obj
10/12/2012 03:05:40 pm: ... Got dataset to return in json obj
10/12/2012 03:05:40 pm: Hit to <getData.php>. Type: <scat>. Currency in Post=<>. currency var=<1>.
10/12/2012 03:05:40 pm: Get the dataset to return in json obj...
10/12/2012 03:05:40 pm: Get the dataset to return in json obj...
10/12/2012 03:05:40 pm: Query has run: <CALL USP_GetCategories2();>.
10/12/2012 03:05:40 pm: ... Got dataset to return in json obj
10/12/2012 03:05:40 pm: Query has run: <CALL USP_GetCategories();>.
10/12/2012 03:05:40 pm: ... Got dataset to return in json obj
10/12/2012 03:05:43 pm: Hit to <getData.php>. Type: <acc>. Currency in Post=<3>. currency var=<3>.
10/12/2012 03:05:43 pm: Hit to <getData.php>. Type: <curr>. Currency in Post=<>. currency var=<1>.
10/12/2012 03:05:43 pm: Get the dataset to return in json obj...
10/12/2012 03:05:43 pm: Hit to <getData.php>. Type: <payee>. Currency in Post=<>. currency var=<1>.
10/12/2012 03:05:43 pm: Get the dataset to return in json obj...
10/12/2012 03:05:43 pm: Hit to <getData.php>. Type: <scat>. Currency in Post=<>. currency var=<1>.
10/12/2012 03:05:43 pm: Get the dataset to return in json obj...
10/12/2012 03:05:43 pm: Query has run: <CALL USP_GetCurrencies();>.
10/12/2012 03:05:43 pm: Hit to <getData.php>. Type: <cat>. Currency in Post=<>. currency var=<1>.
10/12/2012 03:05:43 pm: ... Got dataset to return in json obj
10/12/2012 03:05:43 pm: Get the dataset to return in json obj...
10/12/2012 03:05:43 pm: Query has run: <CALL USP_GetAccounts();>.
10/12/2012 03:05:43 pm: ... Got dataset to return in json obj
10/12/2012 03:05:43 pm: Get the dataset to return in json obj...
10/12/2012 03:05:43 pm: Query has run: <CALL USP_GetPayees();>.
10/12/2012 03:05:43 pm: ... Got dataset to return in json obj
10/12/2012 03:05:43 pm: Query has run: <CALL USP_GetCategories();>.
10/12/2012 03:05:43 pm: ... Got dataset to return in json obj
10/12/2012 03:05:43 pm: Query has run: <CALL USP_GetCategories2();>.
10/12/2012 03:05:43 pm: ... Got dataset to return in json obj
10/12/2012 03:05:45 pm: Hit to <getData.php>. Type: <acc>. Currency in Post=<1>. currency var=<1>.
10/12/2012 03:05:45 pm: Hit to <getData.php>. Type: <scat>. Currency in Post=<>. currency var=<1>.
10/12/2012 03:05:45 pm: Hit to <getData.php>. Type: <cat>. Currency in Post=<>. currency var=<1>.
10/12/2012 03:05:45 pm: Get the dataset to return in json obj...
10/12/2012 03:05:45 pm: Get the dataset to return in json obj...
10/12/2012 03:05:45 pm: Hit to <getData.php>. Type: <curr>. Currency in Post=<>. currency var=<1>.
10/12/2012 03:05:45 pm: Query has run: <CALL USP_GetCategories();>.
10/12/2012 03:05:45 pm: ... Got dataset to return in json obj
10/12/2012 03:05:45 pm: Get the dataset to return in json obj...
10/12/2012 03:05:45 pm: Hit to <getData.php>. Type: <payee>. Currency in Post=<>. currency var=<1>.
10/12/2012 03:05:45 pm: Query has run: <CALL USP_GetAccounts();>.
10/12/2012 03:05:45 pm: Get the dataset to return in json obj...
10/12/2012 03:05:45 pm: Get the dataset to return in json obj...
10/12/2012 03:05:45 pm: Query has run: <CALL USP_GetCategories2();>.
10/12/2012 03:05:45 pm: Query has run: <CALL USP_GetCurrencies();>.
10/12/2012 03:05:45 pm: ... Got dataset to return in json obj
10/12/2012 03:05:45 pm: ... Got dataset to return in json obj
10/12/2012 03:05:45 pm: ... Got dataset to return in json obj
10/12/2012 03:05:45 pm: Query has run: <CALL USP_GetPayees();>.
10/12/2012 03:05:45 pm: ... Got dataset to return in json obj
