12/03/2012 02:45:38 pm: Get the dataset to return in json obj...
12/03/2012 02:45:38 pm: Get the dataset to return in json obj...
12/03/2012 02:45:38 pm: Get the dataset to return in json obj...
12/03/2012 02:45:38 pm: Get the dataset to return in json obj...
12/03/2012 02:45:38 pm: Query has run: <CALL USP_GetCurrencies();>.
12/03/2012 02:45:38 pm: ... Got dataset to return in json obj
12/03/2012 02:45:38 pm: Query has run: <CALL USP_GetPayees();>.
12/03/2012 02:45:38 pm: ... Got dataset to return in json obj
12/03/2012 02:45:38 pm: Query has run: <CALL USP_GetCategories2();>.
12/03/2012 02:45:38 pm: ... Got dataset to return in json obj
12/03/2012 02:45:38 pm: Query has run: <CALL USP_GetCategories();>.
12/03/2012 02:45:38 pm: ... Got dataset to return in json obj
12/03/2012 02:45:38 pm: Query has run: <CALL USP_GetAccounts();>.
12/03/2012 02:45:38 pm: ... Got dataset to return in json obj
12/03/2012 02:45:48 pm: Get the dataset to return in json obj...
12/03/2012 02:45:48 pm: Query has run: <CALL USP_GetAccounts();>.
12/03/2012 02:45:48 pm: ... Got dataset to return in json obj
12/03/2012 02:45:48 pm: Get the dataset to return in json obj...
12/03/2012 02:45:48 pm: Query has run: <CALL USP_GetCurrencies();>.
12/03/2012 02:45:48 pm: ... Got dataset to return in json obj
12/03/2012 02:45:48 pm: Get the dataset to return in json obj...
12/03/2012 02:45:48 pm: Get the dataset to return in json obj...
12/03/2012 02:45:48 pm: Query has run: <CALL USP_GetCategories2();>.
12/03/2012 02:45:48 pm: ... Got dataset to return in json obj
12/03/2012 02:45:48 pm: Get the dataset to return in json obj...
12/03/2012 02:45:48 pm: Query has run: <CALL USP_GetCategories();>.
12/03/2012 02:45:48 pm: ... Got dataset to return in json obj
12/03/2012 02:45:48 pm: Query has run: <CALL USP_GetPayees();>.
12/03/2012 02:45:48 pm: ... Got dataset to return in json obj
12/03/2012 02:46:30 pm: Get the dataset to return in json obj...
12/03/2012 02:46:30 pm: Get the dataset to return in json obj...
12/03/2012 02:46:30 pm: Query has run: <CALL USP_GetPayees();>.
12/03/2012 02:46:30 pm: ... Got dataset to return in json obj
12/03/2012 02:46:30 pm: Get the dataset to return in json obj...
12/03/2012 02:46:30 pm: Get the dataset to return in json obj...
12/03/2012 02:46:30 pm: Get the dataset to return in json obj...
12/03/2012 02:46:30 pm: Query has run: <CALL USP_GetAccounts();>.
12/03/2012 02:46:30 pm: ... Got dataset to return in json obj
12/03/2012 02:46:30 pm: Query has run: <CALL USP_GetCurrencies();>.
12/03/2012 02:46:30 pm: ... Got dataset to return in json obj
12/03/2012 02:46:30 pm: Query has run: <CALL USP_GetCategories();>.
12/03/2012 02:46:30 pm: ... Got dataset to return in json obj
12/03/2012 02:46:30 pm: Query has run: <CALL USP_GetCategories2();>.
12/03/2012 02:46:30 pm: ... Got dataset to return in json obj
12/03/2012 02:47:16 pm: Get the dataset to return in json obj...
12/03/2012 02:47:16 pm: Query has run: <CALL USP_GetAccounts();>.
12/03/2012 02:47:16 pm: ... Got dataset to return in json obj
12/03/2012 02:47:16 pm: Get the dataset to return in json obj...
12/03/2012 02:47:16 pm: Get the dataset to return in json obj...
12/03/2012 02:47:16 pm: Get the dataset to return in json obj...
12/03/2012 02:47:16 pm: Query has run: <CALL USP_GetPayees();>.
12/03/2012 02:47:16 pm: ... Got dataset to return in json obj
12/03/2012 02:47:16 pm: Query has run: <CALL USP_GetCategories();>.
12/03/2012 02:47:16 pm: ... Got dataset to return in json obj
12/03/2012 02:47:16 pm: Query has run: <CALL USP_GetCategories2();>.
12/03/2012 02:47:16 pm: ... Got dataset to return in json obj
12/03/2012 02:47:16 pm: Get the dataset to return in json obj...
12/03/2012 02:47:16 pm: Query has run: <CALL USP_GetCurrencies();>.
12/03/2012 02:47:16 pm: ... Got dataset to return in json obj
12/03/2012 02:47:43 pm: Get the dataset to return in json obj...
12/03/2012 02:47:43 pm: Get the dataset to return in json obj...
12/03/2012 02:47:43 pm: Get the dataset to return in json obj...
12/03/2012 02:47:43 pm: Get the dataset to return in json obj...
12/03/2012 02:47:43 pm: Query has run: <CALL USP_GetCurrencies();>.
12/03/2012 02:47:43 pm: ... Got dataset to return in json obj
12/03/2012 02:47:43 pm: Query has run: <CALL USP_GetCategories();>.
12/03/2012 02:47:43 pm: ... Got dataset to return in json obj
12/03/2012 02:47:43 pm: Query has run: <CALL USP_GetCategories2();>.
12/03/2012 02:47:43 pm: ... Got dataset to return in json obj
12/03/2012 02:47:43 pm: Query has run: <CALL USP_GetPayees();>.
12/03/2012 02:47:43 pm: ... Got dataset to return in json obj
12/03/2012 02:47:43 pm: Get the dataset to return in json obj...
12/03/2012 02:47:43 pm: Query has run: <CALL USP_GetAccounts();>.
12/03/2012 02:47:43 pm: ... Got dataset to return in json obj
12/03/2012 02:47:44 pm: Get the dataset to return in json obj...
12/03/2012 02:47:44 pm: Query has run: <CALL USP_GetAccounts();>.
12/03/2012 02:47:44 pm: ... Got dataset to return in json obj
12/03/2012 02:47:44 pm: Get the dataset to return in json obj...
12/03/2012 02:47:44 pm: Get the dataset to return in json obj...
12/03/2012 02:47:44 pm: Get the dataset to return in json obj...
12/03/2012 02:47:44 pm: Query has run: <CALL USP_GetCategories();>.
12/03/2012 02:47:44 pm: ... Got dataset to return in json obj
12/03/2012 02:47:44 pm: Query has run: <CALL USP_GetPayees();>.
12/03/2012 02:47:44 pm: Query has run: <CALL USP_GetCategories2();>.
12/03/2012 02:47:44 pm: ... Got dataset to return in json obj
12/03/2012 02:47:44 pm: ... Got dataset to return in json obj
12/03/2012 02:47:44 pm: Get the dataset to return in json obj...
12/03/2012 02:47:44 pm: Query has run: <CALL USP_GetCurrencies();>.
12/03/2012 02:47:44 pm: ... Got dataset to return in json obj
12/03/2012 02:48:12 pm: Amount value: -43,29. Preg_match_all result is <1>
12/03/2012 02:48:12 pm: Currency = <1>.
12/03/2012 02:48:18 pm: Get the dataset to return in json obj...
12/03/2012 02:48:18 pm: Query has run: <CALL USP_GetPayees();>.
12/03/2012 02:48:18 pm: ... Got dataset to return in json obj
12/03/2012 02:48:18 pm: Get the dataset to return in json obj...
12/03/2012 02:48:18 pm: Get the dataset to return in json obj...
12/03/2012 02:48:18 pm: Get the dataset to return in json obj...
12/03/2012 02:48:18 pm: Get the dataset to return in json obj...
12/03/2012 02:48:18 pm: Query has run: <CALL USP_GetCurrencies();>.
12/03/2012 02:48:18 pm: ... Got dataset to return in json obj
12/03/2012 02:48:18 pm: Query has run: <CALL USP_GetCategories();>.
12/03/2012 02:48:18 pm: ... Got dataset to return in json obj
12/03/2012 02:48:18 pm: Query has run: <CALL USP_GetCategories2();>.
12/03/2012 02:48:18 pm: ... Got dataset to return in json obj
12/03/2012 02:48:18 pm: Query has run: <CALL USP_GetAccounts();>.
12/03/2012 02:48:18 pm: ... Got dataset to return in json obj
12/03/2012 02:48:51 pm: Amount value: -11,08. Preg_match_all result is <1>
12/03/2012 02:48:51 pm: Currency = <3>.
12/03/2012 02:48:58 pm: Amount value: -11,08. Preg_match_all result is <1>
12/03/2012 02:48:58 pm: Currency = <3>.
12/03/2012 02:49:04 pm: Amount value: -11,08. Preg_match_all result is <1>
12/03/2012 02:49:04 pm: Currency = <3>.
12/03/2012 02:49:13 pm: Amount value: -11,08. Preg_match_all result is <1>
12/03/2012 02:49:13 pm: Currency = <3>.
12/03/2012 02:49:25 pm: Get the dataset to return in json obj...
12/03/2012 02:49:25 pm: Query has run: <CALL USP_GetCurrencies();>.
12/03/2012 02:49:25 pm: ... Got dataset to return in json obj
12/03/2012 02:49:25 pm: Get the dataset to return in json obj...
12/03/2012 02:49:25 pm: Get the dataset to return in json obj...
12/03/2012 02:49:25 pm: Get the dataset to return in json obj...
12/03/2012 02:49:25 pm: Get the dataset to return in json obj...
12/03/2012 02:49:25 pm: Query has run: <CALL USP_GetCategories();>.
12/03/2012 02:49:25 pm: ... Got dataset to return in json obj
12/03/2012 02:49:25 pm: Query has run: <CALL USP_GetPayees();>.
12/03/2012 02:49:25 pm: ... Got dataset to return in json obj
12/03/2012 02:49:25 pm: Query has run: <CALL USP_GetAccounts();>.
12/03/2012 02:49:25 pm: ... Got dataset to return in json obj
12/03/2012 02:49:25 pm: Query has run: <CALL USP_GetCategories2();>.
12/03/2012 02:49:25 pm: ... Got dataset to return in json obj
12/03/2012 02:49:38 pm: Line 78-> Query 1 to run: <CALL USP_InsertPayee ('Sprouts market');>.
12/03/2012 02:49:38 pm: Line 87-> Query2 to run: <CALL USP_GetPayees();>.
12/03/2012 02:49:38 pm: Start insert...
12/03/2012 02:49:38 pm: Query has run: <CALL USP_InsertPayee ('Sprouts market');>.
12/03/2012 02:49:38 pm: Query has run: <CALL USP_GetPayees ()>.
12/03/2012 02:49:38 pm: ... End insert
12/03/2012 02:49:38 pm: Get the dataset to return in json obj...
12/03/2012 02:49:38 pm: Query has run: <CALL USP_GetPayees();>.
12/03/2012 02:49:38 pm: ... Got dataset to return in json obj
12/03/2012 02:49:46 pm: Line 78-> Query 1 to run: <CALL USP_InsertPayee ('Trader Joe's');>.
12/03/2012 02:49:46 pm: Line 87-> Query2 to run: <CALL USP_GetPayees();>.
12/03/2012 02:49:46 pm: Start insert...
12/03/2012 02:49:46 pm: - Error in query: CALL USP_InsertPayee ('Trader Joe's');<br/>- Error: You have an error in your SQL syntax; check the manual that corresponds to your MySQL server version for the right syntax to use near 's')' at line 1 (Error #1064)<br/>- File: /Volumes/DATA/Dropbox/DEV/Web/FinanceApp/php/insert.php.<br/>
12/03/2012 02:49:46 pm: ... End insert
12/03/2012 02:49:46 pm: Get the dataset to return in json obj...
12/03/2012 02:49:46 pm: Query has run: <CALL USP_GetPayees();>.
12/03/2012 02:49:46 pm: ... Got dataset to return in json obj
12/03/2012 02:50:00 pm: Line 78-> Query 1 to run: <CALL USP_InsertPayee ('Trader Joe's');>.
12/03/2012 02:50:00 pm: Line 87-> Query2 to run: <CALL USP_GetPayees();>.
12/03/2012 02:50:00 pm: Start insert...
12/03/2012 02:50:00 pm: - Error in query: CALL USP_InsertPayee ('Trader Joe's');<br/>- Error: You have an error in your SQL syntax; check the manual that corresponds to your MySQL server version for the right syntax to use near 's')' at line 1 (Error #1064)<br/>- File: /Volumes/DATA/Dropbox/DEV/Web/FinanceApp/php/insert.php.<br/>
12/03/2012 02:50:00 pm: ... End insert
12/03/2012 02:50:00 pm: Get the dataset to return in json obj...
12/03/2012 02:50:00 pm: Query has run: <CALL USP_GetPayees();>.
12/03/2012 02:50:00 pm: ... Got dataset to return in json obj
12/03/2012 02:50:12 pm: Line 78-> Query 1 to run: <CALL USP_InsertPayee ('Trader Joe');>.
12/03/2012 02:50:12 pm: Line 87-> Query2 to run: <CALL USP_GetPayees();>.
12/03/2012 02:50:12 pm: Start insert...
12/03/2012 02:50:12 pm: Query has run: <CALL USP_InsertPayee ('Trader Joe');>.
12/03/2012 02:50:12 pm: Query has run: <CALL USP_GetPayees ()>.
12/03/2012 02:50:12 pm: ... End insert
12/03/2012 02:50:12 pm: Get the dataset to return in json obj...
12/03/2012 02:50:12 pm: Query has run: <CALL USP_GetPayees();>.
12/03/2012 02:50:12 pm: ... Got dataset to return in json obj
12/03/2012 02:50:29 pm: Line 78-> Query 1 to run: <CALL USP_InsertPayee ('Whole food market');>.
12/03/2012 02:50:29 pm: Line 87-> Query2 to run: <CALL USP_GetPayees();>.
12/03/2012 02:50:29 pm: Start insert...
12/03/2012 02:50:29 pm: Query has run: <CALL USP_InsertPayee ('Whole food market');>.
12/03/2012 02:50:29 pm: Query has run: <CALL USP_GetPayees ()>.
12/03/2012 02:50:29 pm: ... End insert
12/03/2012 02:50:29 pm: Get the dataset to return in json obj...
12/03/2012 02:50:29 pm: Query has run: <CALL USP_GetPayees();>.
12/03/2012 02:50:29 pm: ... Got dataset to return in json obj
12/03/2012 02:50:37 pm: Line 78-> Query 1 to run: <CALL USP_InsertPayee ('Fry shop');>.
12/03/2012 02:50:37 pm: Line 87-> Query2 to run: <CALL USP_GetPayees();>.
12/03/2012 02:50:38 pm: Start insert...
12/03/2012 02:50:38 pm: Query has run: <CALL USP_InsertPayee ('Fry shop');>.
12/03/2012 02:50:38 pm: Query has run: <CALL USP_GetPayees ()>.
12/03/2012 02:50:38 pm: ... End insert
12/03/2012 02:50:38 pm: Get the dataset to return in json obj...
12/03/2012 02:50:38 pm: Query has run: <CALL USP_GetPayees();>.
12/03/2012 02:50:38 pm: ... Got dataset to return in json obj
12/03/2012 02:50:41 pm: Line 78-> Query 1 to run: <CALL USP_InsertPayee ('Safeway');>.
12/03/2012 02:50:41 pm: Line 87-> Query2 to run: <CALL USP_GetPayees();>.
12/03/2012 02:50:41 pm: Start insert...
12/03/2012 02:50:41 pm: Query has run: <CALL USP_InsertPayee ('Safeway');>.
12/03/2012 02:50:41 pm: Query has run: <CALL USP_GetPayees ()>.
12/03/2012 02:50:41 pm: ... End insert
12/03/2012 02:50:41 pm: Get the dataset to return in json obj...
12/03/2012 02:50:41 pm: Query has run: <CALL USP_GetPayees();>.
12/03/2012 02:50:41 pm: ... Got dataset to return in json obj
12/03/2012 02:50:46 pm: Get the dataset to return in json obj...
12/03/2012 02:50:46 pm: Get the dataset to return in json obj...
12/03/2012 02:50:46 pm: Query has run: <CALL USP_GetCurrencies();>.
12/03/2012 02:50:46 pm: ... Got dataset to return in json obj
12/03/2012 02:50:46 pm: Query has run: <CALL USP_GetAccounts();>.
12/03/2012 02:50:46 pm: ... Got dataset to return in json obj
12/03/2012 02:50:46 pm: Get the dataset to return in json obj...
12/03/2012 02:50:46 pm: Get the dataset to return in json obj...
12/03/2012 02:50:46 pm: Query has run: <CALL USP_GetPayees();>.
12/03/2012 02:50:46 pm: ... Got dataset to return in json obj
12/03/2012 02:50:46 pm: Query has run: <CALL USP_GetCategories2();>.
12/03/2012 02:50:46 pm: ... Got dataset to return in json obj
12/03/2012 02:50:46 pm: Get the dataset to return in json obj...
12/03/2012 02:50:46 pm: Query has run: <CALL USP_GetCategories();>.
12/03/2012 02:50:46 pm: ... Got dataset to return in json obj
12/03/2012 02:51:07 pm: Get the dataset to return in json obj...
12/03/2012 02:51:07 pm: Get the dataset to return in json obj...
12/03/2012 02:51:07 pm: Query has run: <CALL USP_GetAccounts();>.
12/03/2012 02:51:07 pm: ... Got dataset to return in json obj
12/03/2012 02:51:07 pm: Get the dataset to return in json obj...
12/03/2012 02:51:07 pm: Get the dataset to return in json obj...
12/03/2012 02:51:07 pm: Query has run: <CALL USP_GetCategories2();>.
12/03/2012 02:51:07 pm: ... Got dataset to return in json obj
12/03/2012 02:51:07 pm: Query has run: <CALL USP_GetCurrencies();>.
12/03/2012 02:51:07 pm: ... Got dataset to return in json obj
12/03/2012 02:51:07 pm: Get the dataset to return in json obj...
12/03/2012 02:51:07 pm: Query has run: <CALL USP_GetPayees();>.
12/03/2012 02:51:07 pm: ... Got dataset to return in json obj
12/03/2012 02:51:07 pm: Query has run: <CALL USP_GetCategories();>.
12/03/2012 02:51:07 pm: ... Got dataset to return in json obj
12/03/2012 02:51:10 pm: Query has run: <CALL USP_GetCategories2 ()>.
12/03/2012 02:51:12 pm: Get the dataset to return in json obj...
12/03/2012 02:51:12 pm: Get the dataset to return in json obj...
12/03/2012 02:51:12 pm: Query has run: <CALL USP_GetAccounts();>.
12/03/2012 02:51:12 pm: ... Got dataset to return in json obj
12/03/2012 02:51:12 pm: Query has run: <CALL USP_GetCategories2();>.
12/03/2012 02:51:12 pm: ... Got dataset to return in json obj
12/03/2012 02:51:12 pm: Get the dataset to return in json obj...
12/03/2012 02:51:12 pm: Query has run: <CALL USP_GetPayees();>.
12/03/2012 02:51:12 pm: ... Got dataset to return in json obj
12/03/2012 02:51:12 pm: Get the dataset to return in json obj...
12/03/2012 02:51:12 pm: Query has run: <CALL USP_GetCategories();>.
12/03/2012 02:51:12 pm: ... Got dataset to return in json obj
12/03/2012 02:51:12 pm: Get the dataset to return in json obj...
12/03/2012 02:51:12 pm: Query has run: <CALL USP_GetCurrencies();>.
12/03/2012 02:51:12 pm: ... Got dataset to return in json obj
12/03/2012 02:51:20 pm: Get the dataset to return in json obj...
12/03/2012 02:51:20 pm: Get the dataset to return in json obj...
12/03/2012 02:51:20 pm: Query has run: <CALL USP_GetCurrencies();>.
12/03/2012 02:51:20 pm: ... Got dataset to return in json obj
12/03/2012 02:51:20 pm: Query has run: <CALL USP_GetAccounts();>.
12/03/2012 02:51:20 pm: ... Got dataset to return in json obj
12/03/2012 02:51:20 pm: Get the dataset to return in json obj...
12/03/2012 02:51:20 pm: Get the dataset to return in json obj...
12/03/2012 02:51:20 pm: Query has run: <CALL USP_GetPayees();>.
12/03/2012 02:51:20 pm: ... Got dataset to return in json obj
12/03/2012 02:51:20 pm: Get the dataset to return in json obj...
12/03/2012 02:51:20 pm: Query has run: <CALL USP_GetCategories();>.
12/03/2012 02:51:20 pm: ... Got dataset to return in json obj
12/03/2012 02:51:20 pm: Query has run: <CALL USP_GetCategories2();>.
12/03/2012 02:51:20 pm: ... Got dataset to return in json obj
12/03/2012 02:52:15 pm: Get the dataset to return in json obj...
12/03/2012 02:52:15 pm: Get the dataset to return in json obj...
12/03/2012 02:52:15 pm: Query has run: <CALL USP_GetAccounts();>.
12/03/2012 02:52:15 pm: ... Got dataset to return in json obj
12/03/2012 02:52:15 pm: Query has run: <CALL USP_GetCurrencies();>.
12/03/2012 02:52:15 pm: ... Got dataset to return in json obj
12/03/2012 02:52:15 pm: Get the dataset to return in json obj...
12/03/2012 02:52:15 pm: Query has run: <CALL USP_GetPayees();>.
12/03/2012 02:52:15 pm: ... Got dataset to return in json obj
12/03/2012 02:52:15 pm: Get the dataset to return in json obj...
12/03/2012 02:52:15 pm: Query has run: <CALL USP_GetCategories2();>.
12/03/2012 02:52:15 pm: ... Got dataset to return in json obj
12/03/2012 02:52:15 pm: Get the dataset to return in json obj...
12/03/2012 02:52:15 pm: Query has run: <CALL USP_GetCategories();>.
12/03/2012 02:52:15 pm: ... Got dataset to return in json obj
12/03/2012 03:00:18 pm: Get the dataset to return in json obj...
12/03/2012 03:00:18 pm: Get the dataset to return in json obj...
12/03/2012 03:00:18 pm: Get the dataset to return in json obj...
12/03/2012 03:00:18 pm: Query has run: <CALL USP_GetPayees();>.
12/03/2012 03:00:18 pm: ... Got dataset to return in json obj
12/03/2012 03:00:18 pm: Get the dataset to return in json obj...
12/03/2012 03:00:18 pm: Query has run: <CALL USP_GetCategories();>.
12/03/2012 03:00:18 pm: ... Got dataset to return in json obj
12/03/2012 03:00:18 pm: Get the dataset to return in json obj...
12/03/2012 03:00:18 pm: Query has run: <CALL USP_GetAccounts();>.
12/03/2012 03:00:18 pm: ... Got dataset to return in json obj
12/03/2012 03:00:18 pm: Query has run: <CALL USP_GetCategories2();>.
12/03/2012 03:00:18 pm: Query has run: <CALL USP_GetCurrencies();>.
12/03/2012 03:00:18 pm: ... Got dataset to return in json obj
12/03/2012 03:00:18 pm: ... Got dataset to return in json obj
12/03/2012 04:03:13 pm: Get the dataset to return in json obj...
12/03/2012 04:03:13 pm: Get the dataset to return in json obj...
12/03/2012 04:03:13 pm: Get the dataset to return in json obj...
12/03/2012 04:03:13 pm: Query has run: <CALL USP_GetCategories2();>.
12/03/2012 04:03:13 pm: ... Got dataset to return in json obj
12/03/2012 04:03:13 pm: Get the dataset to return in json obj...
12/03/2012 04:03:13 pm: Get the dataset to return in json obj...
12/03/2012 04:03:13 pm: Query has run: <CALL USP_GetCurrencies();>.
12/03/2012 04:03:13 pm: ... Got dataset to return in json obj
12/03/2012 04:03:13 pm: Query has run: <CALL USP_GetAccounts();>.
12/03/2012 04:03:13 pm: ... Got dataset to return in json obj
12/03/2012 04:03:13 pm: Query has run: <CALL USP_GetCategories();>.
12/03/2012 04:03:13 pm: ... Got dataset to return in json obj
12/03/2012 04:03:13 pm: Query has run: <CALL USP_GetPayees();>.
12/03/2012 04:03:13 pm: ... Got dataset to return in json obj
12/03/2012 04:03:39 pm: Amount value: -25. Preg_match_all result is <1>
12/03/2012 04:03:39 pm: Currency = <3>.
12/03/2012 04:23:00 pm: Amount value: -25. Preg_match_all result is <1>
12/03/2012 04:23:00 pm: Currency = <3>.
12/03/2012 04:23:03 pm: Get the dataset to return in json obj...
12/03/2012 04:23:03 pm: Get the dataset to return in json obj...
12/03/2012 04:23:03 pm: Get the dataset to return in json obj...
12/03/2012 04:23:03 pm: Query has run: <CALL USP_GetCurrencies();>.
12/03/2012 04:23:03 pm: ... Got dataset to return in json obj
12/03/2012 04:23:03 pm: Get the dataset to return in json obj...
12/03/2012 04:23:03 pm: Query has run: <CALL USP_GetAccounts();>.
12/03/2012 04:23:03 pm: ... Got dataset to return in json obj
12/03/2012 04:23:03 pm: Query has run: <CALL USP_GetPayees();>.
12/03/2012 04:23:03 pm: ... Got dataset to return in json obj
12/03/2012 04:23:03 pm: Get the dataset to return in json obj...
12/03/2012 04:23:03 pm: Query has run: <CALL USP_GetCategories();>.
12/03/2012 04:23:03 pm: ... Got dataset to return in json obj
12/03/2012 04:23:03 pm: Query has run: <CALL USP_GetCategories2();>.
12/03/2012 04:23:03 pm: ... Got dataset to return in json obj
12/03/2012 04:23:10 pm: Get the dataset to return in json obj...
12/03/2012 04:23:10 pm: Get the dataset to return in json obj...
12/03/2012 04:23:10 pm: Query has run: <CALL USP_GetPayees();>.
12/03/2012 04:23:10 pm: ... Got dataset to return in json obj
12/03/2012 04:23:10 pm: Query has run: <CALL USP_GetAccounts();>.
12/03/2012 04:23:10 pm: ... Got dataset to return in json obj
12/03/2012 04:23:10 pm: Get the dataset to return in json obj...
12/03/2012 04:23:10 pm: Get the dataset to return in json obj...
12/03/2012 04:23:10 pm: Get the dataset to return in json obj...
12/03/2012 04:23:10 pm: Query has run: <CALL USP_GetCurrencies();>.
12/03/2012 04:23:10 pm: ... Got dataset to return in json obj
12/03/2012 04:23:10 pm: Query has run: <CALL USP_GetCategories();>.
12/03/2012 04:23:10 pm: ... Got dataset to return in json obj
12/03/2012 04:23:10 pm: Query has run: <CALL USP_GetCategories2();>.
12/03/2012 04:23:10 pm: ... Got dataset to return in json obj
12/03/2012 04:36:36 pm: Get the dataset to return in json obj...
12/03/2012 04:36:36 pm: Get the dataset to return in json obj...
12/03/2012 04:36:36 pm: Get the dataset to return in json obj...
12/03/2012 04:36:36 pm: Query has run: <CALL USP_GetCurrencies();>.
12/03/2012 04:36:36 pm: ... Got dataset to return in json obj
12/03/2012 04:36:36 pm: Query has run: <CALL USP_GetPayees();>.
12/03/2012 04:36:36 pm: ... Got dataset to return in json obj
12/03/2012 04:36:36 pm: Query has run: <CALL USP_GetAccounts();>.
12/03/2012 04:36:36 pm: ... Got dataset to return in json obj
12/03/2012 04:36:36 pm: Get the dataset to return in json obj...
12/03/2012 04:36:36 pm: Query has run: <CALL USP_GetCategories();>.
12/03/2012 04:36:36 pm: ... Got dataset to return in json obj
12/03/2012 04:36:36 pm: Get the dataset to return in json obj...
12/03/2012 04:36:36 pm: Query has run: <CALL USP_GetCategories2();>.
12/03/2012 04:36:36 pm: ... Got dataset to return in json obj
12/03/2012 04:37:53 pm: Amount value: -60,91. Preg_match_all result is <1>
12/03/2012 04:37:53 pm: Currency = <3>.
12/03/2012 04:37:55 pm: Get the dataset to return in json obj...
12/03/2012 04:37:55 pm: Get the dataset to return in json obj...
12/03/2012 04:37:55 pm: Get the dataset to return in json obj...
12/03/2012 04:37:55 pm: Query has run: <CALL USP_GetCurrencies();>.
12/03/2012 04:37:55 pm: ... Got dataset to return in json obj
12/03/2012 04:37:55 pm: Query has run: <CALL USP_GetAccounts();>.
12/03/2012 04:37:55 pm: ... Got dataset to return in json obj
12/03/2012 04:37:55 pm: Query has run: <CALL USP_GetPayees();>.
12/03/2012 04:37:56 pm: ... Got dataset to return in json obj
12/03/2012 04:37:56 pm: Get the dataset to return in json obj...
12/03/2012 04:37:56 pm: Query has run: <CALL USP_GetCategories();>.
12/03/2012 04:37:56 pm: ... Got dataset to return in json obj
12/03/2012 04:37:56 pm: Get the dataset to return in json obj...
12/03/2012 04:37:56 pm: Query has run: <CALL USP_GetCategories2();>.
12/03/2012 04:37:56 pm: ... Got dataset to return in json obj
12/03/2012 04:38:11 pm: Get the dataset to return in json obj...
12/03/2012 04:38:11 pm: Get the dataset to return in json obj...
12/03/2012 04:38:11 pm: Get the dataset to return in json obj...
12/03/2012 04:38:11 pm: Get the dataset to return in json obj...
12/03/2012 04:38:11 pm: Get the dataset to return in json obj...
12/03/2012 04:38:11 pm: Query has run: <CALL USP_GetCategories();>.
12/03/2012 04:38:11 pm: ... Got dataset to return in json obj
12/03/2012 04:38:11 pm: Query has run: <CALL USP_GetCurrencies();>.
12/03/2012 04:38:11 pm: ... Got dataset to return in json obj
12/03/2012 04:38:11 pm: Query has run: <CALL USP_GetCategories2();>.
12/03/2012 04:38:11 pm: ... Got dataset to return in json obj
12/03/2012 04:38:11 pm: Query has run: <CALL USP_GetAccounts();>.
12/03/2012 04:38:11 pm: ... Got dataset to return in json obj
12/03/2012 04:38:11 pm: Query has run: <CALL USP_GetPayees();>.
12/03/2012 04:38:11 pm: ... Got dataset to return in json obj
12/03/2012 04:52:45 pm: Get the dataset to return in json obj...
12/03/2012 04:52:45 pm: Get the dataset to return in json obj...
12/03/2012 04:52:45 pm: Get the dataset to return in json obj...
12/03/2012 04:52:45 pm: Query has run: <CALL USP_GetAccounts();>.
12/03/2012 04:52:45 pm: ... Got dataset to return in json obj
12/03/2012 04:52:45 pm: Query has run: <CALL USP_GetCategories2();>.
12/03/2012 04:52:45 pm: ... Got dataset to return in json obj
12/03/2012 04:52:45 pm: Get the dataset to return in json obj...
12/03/2012 04:52:45 pm: Get the dataset to return in json obj...
12/03/2012 04:52:45 pm: Query has run: <CALL USP_GetPayees();>.
12/03/2012 04:52:45 pm: ... Got dataset to return in json obj
12/03/2012 04:52:45 pm: Query has run: <CALL USP_GetCurrencies();>.
12/03/2012 04:52:45 pm: ... Got dataset to return in json obj
12/03/2012 04:52:45 pm: Query has run: <CALL USP_GetCategories();>.
12/03/2012 04:52:45 pm: ... Got dataset to return in json obj
12/03/2012 04:53:03 pm: Get the dataset to return in json obj...
12/03/2012 04:53:03 pm: Get the dataset to return in json obj...
12/03/2012 04:53:03 pm: Get the dataset to return in json obj...
12/03/2012 04:53:03 pm: Query has run: <CALL USP_GetCurrencies();>.
12/03/2012 04:53:03 pm: ... Got dataset to return in json obj
12/03/2012 04:53:03 pm: Query has run: <CALL USP_GetAccounts();>.
12/03/2012 04:53:03 pm: ... Got dataset to return in json obj
12/03/2012 04:53:03 pm: Query has run: <CALL USP_GetPayees();>.
12/03/2012 04:53:03 pm: ... Got dataset to return in json obj
12/03/2012 04:53:03 pm: Get the dataset to return in json obj...
12/03/2012 04:53:03 pm: Query has run: <CALL USP_GetCategories();>.
12/03/2012 04:53:03 pm: ... Got dataset to return in json obj
12/03/2012 04:53:03 pm: Get the dataset to return in json obj...
12/03/2012 04:53:03 pm: Query has run: <CALL USP_GetCategories2();>.
12/03/2012 04:53:03 pm: ... Got dataset to return in json obj
12/03/2012 04:53:14 pm: Get the dataset to return in json obj...
12/03/2012 04:53:14 pm: Query has run: <CALL USP_GetAccounts();>.
12/03/2012 04:53:14 pm: ... Got dataset to return in json obj
12/03/2012 04:53:14 pm: Get the dataset to return in json obj...
12/03/2012 04:53:14 pm: Get the dataset to return in json obj...
12/03/2012 04:53:14 pm: Query has run: <CALL USP_GetCurrencies();>.
12/03/2012 04:53:14 pm: ... Got dataset to return in json obj
12/03/2012 04:53:14 pm: Get the dataset to return in json obj...
12/03/2012 04:53:14 pm: Query has run: <CALL USP_GetPayees();>.
12/03/2012 04:53:14 pm: ... Got dataset to return in json obj
12/03/2012 04:53:14 pm: Get the dataset to return in json obj...
12/03/2012 04:53:14 pm: Query has run: <CALL USP_GetCategories();>.
12/03/2012 04:53:14 pm: ... Got dataset to return in json obj
12/03/2012 04:53:14 pm: Query has run: <CALL USP_GetCategories2();>.
12/03/2012 04:53:14 pm: ... Got dataset to return in json obj
12/03/2012 04:54:21 pm: Amount value: -25,27. Preg_match_all result is <1>
12/03/2012 04:54:21 pm: Currency = <1>.
12/03/2012 04:54:24 pm: Get the dataset to return in json obj...
12/03/2012 04:54:24 pm: Get the dataset to return in json obj...
12/03/2012 04:54:24 pm: Query has run: <CALL USP_GetAccounts();>.
12/03/2012 04:54:24 pm: ... Got dataset to return in json obj
12/03/2012 04:54:24 pm: Query has run: <CALL USP_GetCurrencies();>.
12/03/2012 04:54:24 pm: ... Got dataset to return in json obj
12/03/2012 04:54:24 pm: Get the dataset to return in json obj...
12/03/2012 04:54:24 pm: Query has run: <CALL USP_GetCategories();>.
12/03/2012 04:54:24 pm: ... Got dataset to return in json obj
12/03/2012 04:54:24 pm: Get the dataset to return in json obj...
12/03/2012 04:54:24 pm: Query has run: <CALL USP_GetPayees();>.
12/03/2012 04:54:24 pm: ... Got dataset to return in json obj
12/03/2012 04:54:24 pm: Get the dataset to return in json obj...
12/03/2012 04:54:24 pm: Query has run: <CALL USP_GetCategories2();>.
12/03/2012 04:54:24 pm: ... Got dataset to return in json obj
12/03/2012 04:54:31 pm: Get the dataset to return in json obj...
12/03/2012 04:54:31 pm: Get the dataset to return in json obj...
12/03/2012 04:54:31 pm: Query has run: <CALL USP_GetAccounts();>.
12/03/2012 04:54:31 pm: ... Got dataset to return in json obj
12/03/2012 04:54:31 pm: Get the dataset to return in json obj...
12/03/2012 04:54:31 pm: Get the dataset to return in json obj...
12/03/2012 04:54:31 pm: Get the dataset to return in json obj...
12/03/2012 04:54:31 pm: Query has run: <CALL USP_GetCurrencies();>.
12/03/2012 04:54:31 pm: ... Got dataset to return in json obj
12/03/2012 04:54:31 pm: Query has run: <CALL USP_GetCategories2();>.
12/03/2012 04:54:31 pm: ... Got dataset to return in json obj
12/03/2012 04:54:31 pm: Query has run: <CALL USP_GetPayees();>.
12/03/2012 04:54:31 pm: Query has run: <CALL USP_GetCategories();>.
12/03/2012 04:54:31 pm: ... Got dataset to return in json obj
12/03/2012 04:54:31 pm: ... Got dataset to return in json obj
12/03/2012 04:54:34 pm: Get the dataset to return in json obj...
12/03/2012 04:54:34 pm: Get the dataset to return in json obj...
12/03/2012 04:54:34 pm: Query has run: <CALL USP_GetCurrencies();>.
12/03/2012 04:54:34 pm: ... Got dataset to return in json obj
12/03/2012 04:54:34 pm: Query has run: <CALL USP_GetCategories();>.
12/03/2012 04:54:34 pm: ... Got dataset to return in json obj
12/03/2012 04:54:34 pm: Get the dataset to return in json obj...
12/03/2012 04:54:34 pm: Get the dataset to return in json obj...
12/03/2012 04:54:34 pm: Get the dataset to return in json obj...
12/03/2012 04:54:34 pm: Query has run: <CALL USP_GetAccounts();>.
12/03/2012 04:54:34 pm: Query has run: <CALL USP_GetCategories2();>.
12/03/2012 04:54:34 pm: ... Got dataset to return in json obj
12/03/2012 04:54:34 pm: ... Got dataset to return in json obj
12/03/2012 04:54:34 pm: Query has run: <CALL USP_GetPayees();>.
12/03/2012 04:54:34 pm: ... Got dataset to return in json obj
