11/27/2012 08:14:15 pm: Get the dataset to return in json obj...
11/27/2012 08:14:15 pm: Get the dataset to return in json obj...
11/27/2012 08:14:15 pm: Get the dataset to return in json obj...
11/27/2012 08:14:15 pm: Get the dataset to return in json obj...
11/27/2012 08:14:15 pm: Query has run: <CALL USP_GetCategories();>.
11/27/2012 08:14:15 pm: ... Got dataset to return in json obj
11/27/2012 08:14:15 pm: Query has run: <CALL USP_GetCategories2();>.
11/27/2012 08:14:15 pm: ... Got dataset to return in json obj
11/27/2012 08:14:15 pm: Query has run: <CALL USP_GetPayees();>.
11/27/2012 08:14:15 pm: ... Got dataset to return in json obj
11/27/2012 08:14:15 pm: Query has run: <CALL USP_GetAccounts();>.
11/27/2012 08:14:15 pm: ... Got dataset to return in json obj
11/27/2012 08:14:15 pm: Query has run: <CALL USP_GetCurrencies();>.
11/27/2012 08:14:15 pm: ... Got dataset to return in json obj
11/27/2012 08:19:57 pm: Get the dataset to return in json obj...
11/27/2012 08:19:57 pm: Query has run: <CALL USP_GetAccounts();>.
11/27/2012 08:19:57 pm: ... Got dataset to return in json obj
11/27/2012 08:19:57 pm: Get the dataset to return in json obj...
11/27/2012 08:19:57 pm: Get the dataset to return in json obj...
11/27/2012 08:19:57 pm: Query has run: <CALL USP_GetPayees();>.
11/27/2012 08:19:57 pm: ... Got dataset to return in json obj
11/27/2012 08:19:57 pm: Get the dataset to return in json obj...
11/27/2012 08:19:57 pm: Query has run: <CALL USP_GetCategories2();>.
11/27/2012 08:19:57 pm: ... Got dataset to return in json obj
11/27/2012 08:19:57 pm: Query has run: <CALL USP_GetCurrencies();>.
11/27/2012 08:19:57 pm: ... Got dataset to return in json obj
11/27/2012 08:19:57 pm: Get the dataset to return in json obj...
11/27/2012 08:19:57 pm: Query has run: <CALL USP_GetCategories();>.
11/27/2012 08:19:57 pm: ... Got dataset to return in json obj
11/27/2012 08:20:15 pm: Amount value: -125. Preg_match_all result is <1>
11/27/2012 08:20:15 pm: Currency = <1>.
11/27/2012 08:20:23 pm: Amount value: -750. Preg_match_all result is <1>
11/27/2012 08:20:23 pm: Currency = <1>.
11/27/2012 08:21:05 pm: Get the dataset to return in json obj...
11/27/2012 08:21:05 pm: Get the dataset to return in json obj...
11/27/2012 08:21:05 pm: Get the dataset to return in json obj...
11/27/2012 08:21:05 pm: Get the dataset to return in json obj...
11/27/2012 08:21:05 pm: Query has run: <CALL USP_GetCategories();>.
11/27/2012 08:21:05 pm: ... Got dataset to return in json obj
11/27/2012 08:21:05 pm: Get the dataset to return in json obj...
11/27/2012 08:21:05 pm: Query has run: <CALL USP_GetCategories2();>.
11/27/2012 08:21:05 pm: ... Got dataset to return in json obj
11/27/2012 08:21:05 pm: Query has run: <CALL USP_GetAccounts();>.
11/27/2012 08:21:05 pm: ... Got dataset to return in json obj
11/27/2012 08:21:05 pm: Query has run: <CALL USP_GetPayees();>.
11/27/2012 08:21:05 pm: ... Got dataset to return in json obj
11/27/2012 08:21:05 pm: Query has run: <CALL USP_GetCurrencies();>.
11/27/2012 08:21:05 pm: ... Got dataset to return in json obj
11/27/2012 08:21:35 pm: Get the dataset to return in json obj...
11/27/2012 08:21:35 pm: Get the dataset to return in json obj...
11/27/2012 08:21:35 pm: Get the dataset to return in json obj...
11/27/2012 08:21:35 pm: Get the dataset to return in json obj...
11/27/2012 08:21:35 pm: Query has run: <CALL USP_GetCurrencies();>.
11/27/2012 08:21:35 pm: ... Got dataset to return in json obj
11/27/2012 08:21:35 pm: Query has run: <CALL USP_GetPayees();>.
11/27/2012 08:21:35 pm: ... Got dataset to return in json obj
11/27/2012 08:21:35 pm: Query has run: <CALL USP_GetCategories();>.
11/27/2012 08:21:35 pm: ... Got dataset to return in json obj
11/27/2012 08:21:35 pm: Query has run: <CALL USP_GetAccounts();>.
11/27/2012 08:21:35 pm: ... Got dataset to return in json obj
11/27/2012 08:21:35 pm: Get the dataset to return in json obj...
11/27/2012 08:21:35 pm: Query has run: <CALL USP_GetCategories2();>.
11/27/2012 08:21:35 pm: ... Got dataset to return in json obj
11/27/2012 08:21:43 pm: Get the dataset to return in json obj...
11/27/2012 08:21:43 pm: Get the dataset to return in json obj...
11/27/2012 08:21:43 pm: Query has run: <CALL USP_GetPayees();>.
11/27/2012 08:21:43 pm: ... Got dataset to return in json obj
11/27/2012 08:21:43 pm: Query has run: <CALL USP_GetCategories2();>.
11/27/2012 08:21:43 pm: ... Got dataset to return in json obj
11/27/2012 08:21:43 pm: Get the dataset to return in json obj...
11/27/2012 08:21:43 pm: Get the dataset to return in json obj...
11/27/2012 08:21:43 pm: Get the dataset to return in json obj...
11/27/2012 08:21:43 pm: Query has run: <CALL USP_GetCurrencies();>.
11/27/2012 08:21:43 pm: ... Got dataset to return in json obj
11/27/2012 08:21:43 pm: Query has run: <CALL USP_GetCategories();>.
11/27/2012 08:21:43 pm: ... Got dataset to return in json obj
11/27/2012 08:21:43 pm: Query has run: <CALL USP_GetAccounts();>.
11/27/2012 08:21:43 pm: ... Got dataset to return in json obj
11/27/2012 08:22:04 pm: Amount value: 14,44. Preg_match_all result is <1>
11/27/2012 08:22:04 pm: Currency = <1>.
11/27/2012 08:22:13 pm: Amount value: 2,78. Preg_match_all result is <1>
11/27/2012 08:22:13 pm: Currency = <1>.
11/27/2012 08:22:19 pm: Get the dataset to return in json obj...
11/27/2012 08:22:19 pm: Query has run: <CALL USP_GetAccounts();>.
11/27/2012 08:22:19 pm: ... Got dataset to return in json obj
11/27/2012 08:22:19 pm: Get the dataset to return in json obj...
11/27/2012 08:22:19 pm: Get the dataset to return in json obj...
11/27/2012 08:22:19 pm: Get the dataset to return in json obj...
11/27/2012 08:22:19 pm: Get the dataset to return in json obj...
11/27/2012 08:22:19 pm: Query has run: <CALL USP_GetCategories();>.
11/27/2012 08:22:19 pm: ... Got dataset to return in json obj
11/27/2012 08:22:19 pm: Query has run: <CALL USP_GetCategories2();>.
11/27/2012 08:22:19 pm: ... Got dataset to return in json obj
11/27/2012 08:22:19 pm: Query has run: <CALL USP_GetCurrencies();>.
11/27/2012 08:22:19 pm: Query has run: <CALL USP_GetPayees();>.
11/27/2012 08:22:19 pm: ... Got dataset to return in json obj
11/27/2012 08:22:19 pm: ... Got dataset to return in json obj
11/27/2012 08:23:44 pm: Get the dataset to return in json obj...
11/27/2012 08:23:44 pm: Get the dataset to return in json obj...
11/27/2012 08:23:44 pm: Get the dataset to return in json obj...
11/27/2012 08:23:44 pm: Get the dataset to return in json obj...
11/27/2012 08:23:44 pm: Query has run: <CALL USP_GetCategories();>.
11/27/2012 08:23:44 pm: ... Got dataset to return in json obj
11/27/2012 08:23:44 pm: Query has run: <CALL USP_GetAccounts();>.
11/27/2012 08:23:44 pm: ... Got dataset to return in json obj
11/27/2012 08:23:44 pm: Query has run: <CALL USP_GetCategories2();>.
11/27/2012 08:23:44 pm: ... Got dataset to return in json obj
11/27/2012 08:23:44 pm: Query has run: <CALL USP_GetPayees();>.
11/27/2012 08:23:44 pm: ... Got dataset to return in json obj
11/27/2012 08:23:44 pm: Get the dataset to return in json obj...
11/27/2012 08:23:44 pm: Query has run: <CALL USP_GetCurrencies();>.
11/27/2012 08:23:44 pm: ... Got dataset to return in json obj
11/27/2012 08:26:53 pm: Get the dataset to return in json obj...
11/27/2012 08:26:53 pm: Query has run: <CALL USP_GetAccounts();>.
11/27/2012 08:26:53 pm: ... Got dataset to return in json obj
11/27/2012 08:26:53 pm: Get the dataset to return in json obj...
11/27/2012 08:26:53 pm: Query has run: <CALL USP_GetCurrencies();>.
11/27/2012 08:26:53 pm: Get the dataset to return in json obj...
11/27/2012 08:26:53 pm: ... Got dataset to return in json obj
11/27/2012 08:26:53 pm: Get the dataset to return in json obj...
11/27/2012 08:26:53 pm: Query has run: <CALL USP_GetCategories();>.
11/27/2012 08:26:53 pm: ... Got dataset to return in json obj
11/27/2012 08:26:53 pm: Query has run: <CALL USP_GetPayees();>.
11/27/2012 08:26:53 pm: ... Got dataset to return in json obj
11/27/2012 08:26:53 pm: Get the dataset to return in json obj...
11/27/2012 08:26:53 pm: Query has run: <CALL USP_GetCategories2();>.
11/27/2012 08:26:53 pm: ... Got dataset to return in json obj
11/27/2012 08:27:32 pm: Get the dataset to return in json obj...
11/27/2012 08:27:32 pm: Query has run: <CALL USP_GetPayees();>.
11/27/2012 08:27:32 pm: ... Got dataset to return in json obj
11/27/2012 08:27:32 pm: Get the dataset to return in json obj...
11/27/2012 08:27:32 pm: Get the dataset to return in json obj...
11/27/2012 08:27:32 pm: Get the dataset to return in json obj...
11/27/2012 08:27:32 pm: Query has run: <CALL USP_GetAccounts();>.
11/27/2012 08:27:32 pm: ... Got dataset to return in json obj
11/27/2012 08:27:32 pm: Query has run: <CALL USP_GetCategories();>.
11/27/2012 08:27:32 pm: ... Got dataset to return in json obj
11/27/2012 08:27:32 pm: Query has run: <CALL USP_GetCurrencies();>.
11/27/2012 08:27:32 pm: ... Got dataset to return in json obj
11/27/2012 08:27:32 pm: Get the dataset to return in json obj...
11/27/2012 08:27:32 pm: Query has run: <CALL USP_GetCategories2();>.
11/27/2012 08:27:32 pm: ... Got dataset to return in json obj
11/27/2012 08:28:29 pm: Get the dataset to return in json obj...
11/27/2012 08:28:29 pm: Query has run: <CALL USP_GetAccounts();>.
11/27/2012 08:28:29 pm: ... Got dataset to return in json obj
11/27/2012 08:28:29 pm: Get the dataset to return in json obj...
11/27/2012 08:28:29 pm: Query has run: <CALL USP_GetCurrencies();>.
11/27/2012 08:28:29 pm: ... Got dataset to return in json obj
11/27/2012 08:28:29 pm: Get the dataset to return in json obj...
11/27/2012 08:28:29 pm: Query has run: <CALL USP_GetPayees();>.
11/27/2012 08:28:29 pm: ... Got dataset to return in json obj
11/27/2012 08:28:29 pm: Get the dataset to return in json obj...
11/27/2012 08:28:29 pm: Get the dataset to return in json obj...
11/27/2012 08:28:29 pm: Query has run: <CALL USP_GetCategories();>.
11/27/2012 08:28:29 pm: ... Got dataset to return in json obj
11/27/2012 08:28:29 pm: Query has run: <CALL USP_GetCategories2();>.
11/27/2012 08:28:29 pm: ... Got dataset to return in json obj
11/27/2012 08:30:11 pm: Get the dataset to return in json obj...
11/27/2012 08:30:11 pm: Query has run: <CALL USP_GetAccounts();>.
11/27/2012 08:30:11 pm: ... Got dataset to return in json obj
11/27/2012 08:30:11 pm: Get the dataset to return in json obj...
11/27/2012 08:30:11 pm: Query has run: <CALL USP_GetCurrencies();>.
11/27/2012 08:30:11 pm: ... Got dataset to return in json obj
11/27/2012 08:30:11 pm: Get the dataset to return in json obj...
11/27/2012 08:30:11 pm: Query has run: <CALL USP_GetPayees();>.
11/27/2012 08:30:11 pm: ... Got dataset to return in json obj
11/27/2012 08:30:11 pm: Get the dataset to return in json obj...
11/27/2012 08:30:11 pm: Get the dataset to return in json obj...
11/27/2012 08:30:11 pm: Query has run: <CALL USP_GetCategories();>.
11/27/2012 08:30:11 pm: ... Got dataset to return in json obj
11/27/2012 08:30:11 pm: Query has run: <CALL USP_GetCategories2();>.
11/27/2012 08:30:11 pm: ... Got dataset to return in json obj
11/27/2012 08:30:17 pm: Get the dataset to return in json obj...
11/27/2012 08:30:17 pm: Query has run: <CALL USP_GetCurrencies();>.
11/27/2012 08:30:17 pm: ... Got dataset to return in json obj
11/27/2012 08:30:17 pm: Get the dataset to return in json obj...
11/27/2012 08:30:17 pm: Get the dataset to return in json obj...
11/27/2012 08:30:17 pm: Query has run: <CALL USP_GetCategories();>.
11/27/2012 08:30:17 pm: Get the dataset to return in json obj...
11/27/2012 08:30:17 pm: ... Got dataset to return in json obj
11/27/2012 08:30:17 pm: Query has run: <CALL USP_GetPayees();>.
11/27/2012 08:30:17 pm: ... Got dataset to return in json obj
11/27/2012 08:30:17 pm: Get the dataset to return in json obj...
11/27/2012 08:30:17 pm: Query has run: <CALL USP_GetAccounts();>.
11/27/2012 08:30:17 pm: ... Got dataset to return in json obj
11/27/2012 08:30:17 pm: Query has run: <CALL USP_GetCategories2();>.
11/27/2012 08:30:17 pm: ... Got dataset to return in json obj
11/27/2012 08:35:44 pm: Get the dataset to return in json obj...
11/27/2012 08:35:44 pm: Query has run: <CALL USP_GetCategories();>.
11/27/2012 08:35:44 pm: ... Got dataset to return in json obj
11/27/2012 08:35:44 pm: Get the dataset to return in json obj...
11/27/2012 08:35:44 pm: Get the dataset to return in json obj...
11/27/2012 08:35:44 pm: Query has run: <CALL USP_GetAccounts();>.
11/27/2012 08:35:44 pm: ... Got dataset to return in json obj
11/27/2012 08:35:44 pm: Query has run: <CALL USP_GetCurrencies();>.
11/27/2012 08:35:44 pm: ... Got dataset to return in json obj
11/27/2012 08:35:44 pm: Get the dataset to return in json obj...
11/27/2012 08:35:44 pm: Get the dataset to return in json obj...
11/27/2012 08:35:44 pm: Query has run: <CALL USP_GetCategories2();>.
11/27/2012 08:35:44 pm: ... Got dataset to return in json obj
11/27/2012 08:35:44 pm: Query has run: <CALL USP_GetPayees();>.
11/27/2012 08:35:44 pm: ... Got dataset to return in json obj
11/27/2012 08:37:03 pm: Get the dataset to return in json obj...
11/27/2012 08:37:03 pm: Query has run: <CALL USP_GetAccounts();>.
11/27/2012 08:37:03 pm: ... Got dataset to return in json obj
11/27/2012 08:37:03 pm: Get the dataset to return in json obj...
11/27/2012 08:37:03 pm: Query has run: <CALL USP_GetCurrencies();>.
11/27/2012 08:37:03 pm: ... Got dataset to return in json obj
11/27/2012 08:37:03 pm: Get the dataset to return in json obj...
11/27/2012 08:37:03 pm: Query has run: <CALL USP_GetPayees();>.
11/27/2012 08:37:03 pm: ... Got dataset to return in json obj
11/27/2012 08:37:03 pm: Get the dataset to return in json obj...
11/27/2012 08:37:03 pm: Get the dataset to return in json obj...
11/27/2012 08:37:03 pm: Query has run: <CALL USP_GetCategories();>.
11/27/2012 08:37:03 pm: ... Got dataset to return in json obj
11/27/2012 08:37:03 pm: Query has run: <CALL USP_GetCategories2();>.
11/27/2012 08:37:03 pm: ... Got dataset to return in json obj
11/27/2012 08:38:32 pm: Get the dataset to return in json obj...
11/27/2012 08:38:32 pm: Query has run: <CALL USP_GetAccounts();>.
11/27/2012 08:38:32 pm: ... Got dataset to return in json obj
11/27/2012 08:38:32 pm: Get the dataset to return in json obj...
11/27/2012 08:38:32 pm: Query has run: <CALL USP_GetPayees();>.
11/27/2012 08:38:32 pm: ... Got dataset to return in json obj
11/27/2012 08:38:32 pm: Get the dataset to return in json obj...
11/27/2012 08:38:32 pm: Query has run: <CALL USP_GetCurrencies();>.
11/27/2012 08:38:32 pm: ... Got dataset to return in json obj
11/27/2012 08:38:32 pm: Get the dataset to return in json obj...
11/27/2012 08:38:32 pm: Query has run: <CALL USP_GetCategories();>.
11/27/2012 08:38:32 pm: ... Got dataset to return in json obj
11/27/2012 08:38:32 pm: Get the dataset to return in json obj...
11/27/2012 08:38:32 pm: Query has run: <CALL USP_GetCategories2();>.
11/27/2012 08:38:32 pm: ... Got dataset to return in json obj
11/27/2012 08:39:52 pm: Get the dataset to return in json obj...
11/27/2012 08:39:52 pm: Query has run: <CALL USP_GetAccounts();>.
11/27/2012 08:39:52 pm: ... Got dataset to return in json obj
11/27/2012 08:39:52 pm: Get the dataset to return in json obj...
11/27/2012 08:39:52 pm: Get the dataset to return in json obj...
11/27/2012 08:39:52 pm: Get the dataset to return in json obj...
11/27/2012 08:39:52 pm: Get the dataset to return in json obj...
11/27/2012 08:39:52 pm: Query has run: <CALL USP_GetCategories2();>.
11/27/2012 08:39:52 pm: ... Got dataset to return in json obj
11/27/2012 08:39:52 pm: Query has run: <CALL USP_GetPayees();>.
11/27/2012 08:39:52 pm: ... Got dataset to return in json obj
11/27/2012 08:39:52 pm: Query has run: <CALL USP_GetCurrencies();>.
11/27/2012 08:39:52 pm: ... Got dataset to return in json obj
11/27/2012 08:39:52 pm: Query has run: <CALL USP_GetCategories();>.
11/27/2012 08:39:52 pm: ... Got dataset to return in json obj
11/27/2012 09:03:49 pm: Get the dataset to return in json obj...
11/27/2012 09:03:49 pm: Get the dataset to return in json obj...
11/27/2012 09:03:49 pm: Get the dataset to return in json obj...
11/27/2012 09:03:49 pm: Get the dataset to return in json obj...
11/27/2012 09:03:49 pm: Query has run: <CALL USP_GetAccounts();>.
11/27/2012 09:03:49 pm: ... Got dataset to return in json obj
11/27/2012 09:03:49 pm: Query has run: <CALL USP_GetCategories2();>.
11/27/2012 09:03:49 pm: ... Got dataset to return in json obj
11/27/2012 09:03:49 pm: Query has run: <CALL USP_GetCurrencies();>.
11/27/2012 09:03:49 pm: ... Got dataset to return in json obj
11/27/2012 09:03:49 pm: Query has run: <CALL USP_GetCategories();>.
11/27/2012 09:03:49 pm: ... Got dataset to return in json obj
11/27/2012 09:03:49 pm: Get the dataset to return in json obj...
11/27/2012 09:03:49 pm: Query has run: <CALL USP_GetPayees();>.
11/27/2012 09:03:49 pm: ... Got dataset to return in json obj
11/27/2012 09:06:08 pm: Get the dataset to return in json obj...
11/27/2012 09:06:08 pm: Get the dataset to return in json obj...
11/27/2012 09:06:08 pm: Query has run: <CALL USP_GetPayees();>.
11/27/2012 09:06:08 pm: ... Got dataset to return in json obj
11/27/2012 09:06:08 pm: Query has run: <CALL USP_GetAccounts();>.
11/27/2012 09:06:08 pm: ... Got dataset to return in json obj
11/27/2012 09:06:08 pm: Get the dataset to return in json obj...
11/27/2012 09:06:08 pm: Query has run: <CALL USP_GetCurrencies();>.
11/27/2012 09:06:08 pm: ... Got dataset to return in json obj
11/27/2012 09:06:08 pm: Get the dataset to return in json obj...
11/27/2012 09:06:08 pm: Get the dataset to return in json obj...
11/27/2012 09:06:08 pm: Query has run: <CALL USP_GetCategories();>.
11/27/2012 09:06:08 pm: ... Got dataset to return in json obj
11/27/2012 09:06:08 pm: Query has run: <CALL USP_GetCategories2();>.
11/27/2012 09:06:08 pm: ... Got dataset to return in json obj
11/27/2012 09:07:34 pm: Get the dataset to return in json obj...
11/27/2012 09:07:34 pm: Get the dataset to return in json obj...
11/27/2012 09:07:34 pm: Query has run: <CALL USP_GetCurrencies();>.
11/27/2012 09:07:34 pm: ... Got dataset to return in json obj
11/27/2012 09:07:34 pm: Query has run: <CALL USP_GetAccounts();>.
11/27/2012 09:07:34 pm: ... Got dataset to return in json obj
11/27/2012 09:07:34 pm: Get the dataset to return in json obj...
11/27/2012 09:07:34 pm: Query has run: <CALL USP_GetPayees();>.
11/27/2012 09:07:34 pm: ... Got dataset to return in json obj
11/27/2012 09:07:34 pm: Get the dataset to return in json obj...
11/27/2012 09:07:34 pm: Query has run: <CALL USP_GetCategories();>.
11/27/2012 09:07:34 pm: ... Got dataset to return in json obj
11/27/2012 09:07:34 pm: Get the dataset to return in json obj...
11/27/2012 09:07:34 pm: Query has run: <CALL USP_GetCategories2();>.
11/27/2012 09:07:34 pm: ... Got dataset to return in json obj
11/27/2012 09:08:37 pm: Get the dataset to return in json obj...
11/27/2012 09:08:37 pm: Get the dataset to return in json obj...
11/27/2012 09:08:37 pm: Get the dataset to return in json obj...
11/27/2012 09:08:37 pm: Query has run: <CALL USP_GetAccounts();>.
11/27/2012 09:08:37 pm: ... Got dataset to return in json obj
11/27/2012 09:08:37 pm: Query has run: <CALL USP_GetPayees();>.
11/27/2012 09:08:37 pm: ... Got dataset to return in json obj
11/27/2012 09:08:37 pm: Query has run: <CALL USP_GetCategories();>.
11/27/2012 09:08:37 pm: ... Got dataset to return in json obj
11/27/2012 09:08:37 pm: Get the dataset to return in json obj...
11/27/2012 09:08:37 pm: Query has run: <CALL USP_GetCurrencies();>.
11/27/2012 09:08:37 pm: ... Got dataset to return in json obj
11/27/2012 09:08:37 pm: Get the dataset to return in json obj...
11/27/2012 09:08:37 pm: Query has run: <CALL USP_GetCategories2();>.
11/27/2012 09:08:37 pm: ... Got dataset to return in json obj
11/27/2012 09:10:29 pm: Get the dataset to return in json obj...
11/27/2012 09:10:29 pm: Query has run: <CALL USP_GetAccounts();>.
11/27/2012 09:10:29 pm: ... Got dataset to return in json obj
11/27/2012 09:10:29 pm: Get the dataset to return in json obj...
11/27/2012 09:10:29 pm: Query has run: <CALL USP_GetCurrencies();>.
11/27/2012 09:10:29 pm: ... Got dataset to return in json obj
11/27/2012 09:10:29 pm: Get the dataset to return in json obj...
11/27/2012 09:10:29 pm: Get the dataset to return in json obj...
11/27/2012 09:10:29 pm: Query has run: <CALL USP_GetCategories();>.
11/27/2012 09:10:29 pm: ... Got dataset to return in json obj
11/27/2012 09:10:29 pm: Query has run: <CALL USP_GetPayees();>.
11/27/2012 09:10:29 pm: ... Got dataset to return in json obj
11/27/2012 09:10:29 pm: Get the dataset to return in json obj...
11/27/2012 09:10:29 pm: Query has run: <CALL USP_GetCategories2();>.
11/27/2012 09:10:29 pm: ... Got dataset to return in json obj
11/27/2012 09:13:31 pm: Get the dataset to return in json obj...
11/27/2012 09:13:31 pm: Get the dataset to return in json obj...
11/27/2012 09:13:31 pm: Query has run: <CALL USP_GetAccounts();>.
11/27/2012 09:13:31 pm: ... Got dataset to return in json obj
11/27/2012 09:13:31 pm: Query has run: <CALL USP_GetCurrencies();>.
11/27/2012 09:13:31 pm: ... Got dataset to return in json obj
11/27/2012 09:13:31 pm: Get the dataset to return in json obj...
11/27/2012 09:13:31 pm: Get the dataset to return in json obj...
11/27/2012 09:13:31 pm: Query has run: <CALL USP_GetCategories();>.
11/27/2012 09:13:31 pm: ... Got dataset to return in json obj
11/27/2012 09:13:31 pm: Query has run: <CALL USP_GetPayees();>.
11/27/2012 09:13:31 pm: ... Got dataset to return in json obj
11/27/2012 09:13:31 pm: Get the dataset to return in json obj...
11/27/2012 09:13:31 pm: Query has run: <CALL USP_GetCategories2();>.
11/27/2012 09:13:31 pm: ... Got dataset to return in json obj
11/27/2012 09:22:23 pm: Get the dataset to return in json obj...
11/27/2012 09:22:23 pm: Query has run: <CALL USP_GetAccounts();>.
11/27/2012 09:22:23 pm: ... Got dataset to return in json obj
11/27/2012 09:22:23 pm: Get the dataset to return in json obj...
11/27/2012 09:22:23 pm: Query has run: <CALL USP_GetCurrencies();>.
11/27/2012 09:22:23 pm: ... Got dataset to return in json obj
11/27/2012 09:22:23 pm: Get the dataset to return in json obj...
11/27/2012 09:22:23 pm: Query has run: <CALL USP_GetCategories();>.
11/27/2012 09:22:23 pm: ... Got dataset to return in json obj
11/27/2012 09:22:23 pm: Get the dataset to return in json obj...
11/27/2012 09:22:23 pm: Query has run: <CALL USP_GetPayees();>.
11/27/2012 09:22:23 pm: ... Got dataset to return in json obj
11/27/2012 09:22:23 pm: Get the dataset to return in json obj...
11/27/2012 09:22:23 pm: Query has run: <CALL USP_GetCategories2();>.
11/27/2012 09:22:23 pm: ... Got dataset to return in json obj
11/27/2012 09:28:21 pm: Get the dataset to return in json obj...
11/27/2012 09:28:21 pm: Get the dataset to return in json obj...
11/27/2012 09:28:21 pm: Get the dataset to return in json obj...
11/27/2012 09:28:21 pm: Query has run: <CALL USP_GetCategories2();>.
11/27/2012 09:28:21 pm: ... Got dataset to return in json obj
11/27/2012 09:28:21 pm: Query has run: <CALL USP_GetPayees();>.
11/27/2012 09:28:21 pm: ... Got dataset to return in json obj
11/27/2012 09:28:21 pm: Get the dataset to return in json obj...
11/27/2012 09:28:21 pm: Query has run: <CALL USP_GetCurrencies();>.
11/27/2012 09:28:21 pm: ... Got dataset to return in json obj
11/27/2012 09:28:21 pm: Get the dataset to return in json obj...
11/27/2012 09:28:21 pm: Query has run: <CALL USP_GetCategories();>.
11/27/2012 09:28:21 pm: ... Got dataset to return in json obj
11/27/2012 09:28:21 pm: Query has run: <CALL USP_GetAccounts();>.
11/27/2012 09:28:21 pm: ... Got dataset to return in json obj
11/27/2012 09:28:35 pm: Get the dataset to return in json obj...
11/27/2012 09:28:35 pm: Query has run: <CALL USP_GetAccounts();>.
11/27/2012 09:28:35 pm: ... Got dataset to return in json obj
11/27/2012 09:28:35 pm: Get the dataset to return in json obj...
11/27/2012 09:28:35 pm: Get the dataset to return in json obj...
11/27/2012 09:28:35 pm: Get the dataset to return in json obj...
11/27/2012 09:28:35 pm: Get the dataset to return in json obj...
11/27/2012 09:28:35 pm: Query has run: <CALL USP_GetCategories();>.
11/27/2012 09:28:35 pm: ... Got dataset to return in json obj
11/27/2012 09:28:35 pm: Query has run: <CALL USP_GetPayees();>.
11/27/2012 09:28:35 pm: ... Got dataset to return in json obj
11/27/2012 09:28:35 pm: Query has run: <CALL USP_GetCategories2();>.
11/27/2012 09:28:35 pm: ... Got dataset to return in json obj
11/27/2012 09:28:35 pm: Query has run: <CALL USP_GetCurrencies();>.
11/27/2012 09:28:35 pm: ... Got dataset to return in json obj
11/27/2012 09:32:53 pm: Get the dataset to return in json obj...
11/27/2012 09:32:53 pm: Get the dataset to return in json obj...
11/27/2012 09:32:53 pm: Query has run: <CALL USP_GetAccounts();>.
11/27/2012 09:32:53 pm: ... Got dataset to return in json obj
11/27/2012 09:32:53 pm: Get the dataset to return in json obj...
11/27/2012 09:32:53 pm: Query has run: <CALL USP_GetCurrencies();>.
11/27/2012 09:32:53 pm: ... Got dataset to return in json obj
11/27/2012 09:32:53 pm: Query has run: <CALL USP_GetPayees();>.
11/27/2012 09:32:53 pm: ... Got dataset to return in json obj
11/27/2012 09:32:53 pm: Get the dataset to return in json obj...
11/27/2012 09:32:53 pm: Query has run: <CALL USP_GetCategories2();>.
11/27/2012 09:32:53 pm: ... Got dataset to return in json obj
11/27/2012 09:32:53 pm: Get the dataset to return in json obj...
11/27/2012 09:32:53 pm: Query has run: <CALL USP_GetCategories();>.
11/27/2012 09:32:53 pm: ... Got dataset to return in json obj
