12/06/2012 12:25:04 am: Get the dataset to return in json obj...
12/06/2012 12:25:04 am: Query has run: <CALL USP_GetAccounts();>.
12/06/2012 12:25:04 am: ... Got dataset to return in json obj
12/06/2012 12:25:04 am: Get the dataset to return in json obj...
12/06/2012 12:25:04 am: Get the dataset to return in json obj...
12/06/2012 12:25:04 am: Query has run: <CALL USP_GetCurrencies();>.
12/06/2012 12:25:04 am: ... Got dataset to return in json obj
12/06/2012 12:25:04 am: Query has run: <CALL USP_GetPayees();>.
12/06/2012 12:25:04 am: ... Got dataset to return in json obj
12/06/2012 12:25:04 am: Get the dataset to return in json obj...
12/06/2012 12:25:04 am: Query has run: <CALL USP_GetCategories();>.
12/06/2012 12:25:04 am: ... Got dataset to return in json obj
12/06/2012 12:25:04 am: Get the dataset to return in json obj...
12/06/2012 12:25:04 am: Query has run: <CALL USP_GetCategories2();>.
12/06/2012 12:25:04 am: ... Got dataset to return in json obj
12/06/2012 12:25:22 am: Get the dataset to return in json obj...
12/06/2012 12:25:22 am: Query has run: <CALL USP_GetAccounts();>.
12/06/2012 12:25:22 am: ... Got dataset to return in json obj
12/06/2012 12:25:22 am: Get the dataset to return in json obj...
12/06/2012 12:25:22 am: Query has run: <CALL USP_GetCurrencies();>.
12/06/2012 12:25:22 am: ... Got dataset to return in json obj
12/06/2012 12:25:22 am: Get the dataset to return in json obj...
12/06/2012 12:25:22 am: Get the dataset to return in json obj...
12/06/2012 12:25:22 am: Get the dataset to return in json obj...
12/06/2012 12:25:22 am: Query has run: <CALL USP_GetCategories2();>.
12/06/2012 12:25:22 am: ... Got dataset to return in json obj
12/06/2012 12:25:22 am: Query has run: <CALL USP_GetCategories();>.
12/06/2012 12:25:22 am: ... Got dataset to return in json obj
12/06/2012 12:25:22 am: Query has run: <CALL USP_GetPayees();>.
12/06/2012 12:25:22 am: ... Got dataset to return in json obj
12/06/2012 01:06:32 am: Get the dataset to return in json obj...
12/06/2012 01:06:32 am: Query has run: <CALL USP_GetAccounts();>.
12/06/2012 01:06:32 am: ... Got dataset to return in json obj
12/06/2012 01:06:32 am: Get the dataset to return in json obj...
12/06/2012 01:06:32 am: Query has run: <CALL USP_GetCategories();>.
12/06/2012 01:06:32 am: ... Got dataset to return in json obj
12/06/2012 01:06:32 am: Get the dataset to return in json obj...
12/06/2012 01:06:32 am: Get the dataset to return in json obj...
12/06/2012 01:06:32 am: Get the dataset to return in json obj...
12/06/2012 01:06:32 am: Query has run: <CALL USP_GetPayees();>.
12/06/2012 01:06:32 am: ... Got dataset to return in json obj
12/06/2012 01:06:32 am: Query has run: <CALL USP_GetCategories2();>.
12/06/2012 01:06:32 am: ... Got dataset to return in json obj
12/06/2012 01:06:32 am: Query has run: <CALL USP_GetCurrencies();>.
12/06/2012 01:06:32 am: ... Got dataset to return in json obj
12/06/2012 01:06:33 am: Get the dataset to return in json obj...
12/06/2012 01:06:33 am: Get the dataset to return in json obj...
12/06/2012 01:06:33 am: Query has run: <CALL USP_GetCurrencies();>.
12/06/2012 01:06:33 am: ... Got dataset to return in json obj
12/06/2012 01:06:33 am: Get the dataset to return in json obj...
12/06/2012 01:06:33 am: Get the dataset to return in json obj...
12/06/2012 01:06:33 am: Query has run: <CALL USP_GetPayees();>.
12/06/2012 01:06:33 am: ... Got dataset to return in json obj
12/06/2012 01:06:33 am: Get the dataset to return in json obj...
12/06/2012 01:06:33 am: Query has run: <CALL USP_GetAccounts();>.
12/06/2012 01:06:33 am: ... Got dataset to return in json obj
12/06/2012 01:06:33 am: Query has run: <CALL USP_GetCategories();>.
12/06/2012 01:06:33 am: ... Got dataset to return in json obj
12/06/2012 01:06:33 am: Query has run: <CALL USP_GetCategories2();>.
12/06/2012 01:06:33 am: ... Got dataset to return in json obj
12/06/2012 01:06:40 am: Get the dataset to return in json obj...
12/06/2012 01:06:40 am: Get the dataset to return in json obj...
12/06/2012 01:06:40 am: Get the dataset to return in json obj...
12/06/2012 01:06:40 am: Get the dataset to return in json obj...
12/06/2012 01:06:40 am: Query has run: <CALL USP_GetCurrencies();>.
12/06/2012 01:06:40 am: ... Got dataset to return in json obj
12/06/2012 01:06:40 am: Query has run: <CALL USP_GetPayees();>.
12/06/2012 01:06:40 am: ... Got dataset to return in json obj
12/06/2012 01:06:40 am: Get the dataset to return in json obj...
12/06/2012 01:06:40 am: Query has run: <CALL USP_GetAccounts();>.
12/06/2012 01:06:40 am: ... Got dataset to return in json obj
12/06/2012 01:06:40 am: Query has run: <CALL USP_GetCategories2();>.
12/06/2012 01:06:40 am: ... Got dataset to return in json obj
12/06/2012 01:06:40 am: Query has run: <CALL USP_GetCategories();>.
12/06/2012 01:06:40 am: ... Got dataset to return in json obj
12/06/2012 01:07:02 am: Get the dataset to return in json obj...
12/06/2012 01:07:02 am: Get the dataset to return in json obj...
12/06/2012 01:07:02 am: Query has run: <CALL USP_GetAccounts();>.
12/06/2012 01:07:02 am: ... Got dataset to return in json obj
12/06/2012 01:07:02 am: Get the dataset to return in json obj...
12/06/2012 01:07:02 am: Get the dataset to return in json obj...
12/06/2012 01:07:02 am: Query has run: <CALL USP_GetCurrencies();>.
12/06/2012 01:07:02 am: ... Got dataset to return in json obj
12/06/2012 01:07:02 am: Query has run: <CALL USP_GetPayees();>.
12/06/2012 01:07:02 am: ... Got dataset to return in json obj
12/06/2012 01:07:02 am: Query has run: <CALL USP_GetCategories();>.
12/06/2012 01:07:02 am: ... Got dataset to return in json obj
12/06/2012 01:07:02 am: Get the dataset to return in json obj...
12/06/2012 01:07:02 am: Query has run: <CALL USP_GetCategories2();>.
12/06/2012 01:07:02 am: ... Got dataset to return in json obj
12/06/2012 01:09:50 am: Get the dataset to return in json obj...
12/06/2012 01:09:50 am: Get the dataset to return in json obj...
12/06/2012 01:09:50 am: Query has run: <CALL USP_GetCurrencies();>.
12/06/2012 01:09:50 am: ... Got dataset to return in json obj
12/06/2012 01:09:50 am: Get the dataset to return in json obj...
12/06/2012 01:09:50 am: Query has run: <CALL USP_GetPayees();>.
12/06/2012 01:09:50 am: ... Got dataset to return in json obj
12/06/2012 01:09:50 am: Get the dataset to return in json obj...
12/06/2012 01:09:50 am: Query has run: <CALL USP_GetCategories();>.
12/06/2012 01:09:50 am: ... Got dataset to return in json obj
12/06/2012 01:09:50 am: Query has run: <CALL USP_GetAccounts();>.
12/06/2012 01:09:50 am: ... Got dataset to return in json obj
12/06/2012 01:09:50 am: Get the dataset to return in json obj...
12/06/2012 01:09:50 am: Query has run: <CALL USP_GetCategories2();>.
12/06/2012 01:09:50 am: ... Got dataset to return in json obj
12/06/2012 01:09:56 am: Get the dataset to return in json obj...
12/06/2012 01:09:56 am: Get the dataset to return in json obj...
12/06/2012 01:09:56 am: Get the dataset to return in json obj...
12/06/2012 01:09:56 am: Get the dataset to return in json obj...
12/06/2012 01:09:56 am: Get the dataset to return in json obj...
12/06/2012 01:09:56 am: Query has run: <CALL USP_GetCurrencies();>.
12/06/2012 01:09:56 am: Query has run: <CALL USP_GetAccounts();>.
12/06/2012 01:09:56 am: ... Got dataset to return in json obj
12/06/2012 01:09:56 am: ... Got dataset to return in json obj
12/06/2012 01:09:56 am: Query has run: <CALL USP_GetCategories();>.
12/06/2012 01:09:56 am: ... Got dataset to return in json obj
12/06/2012 01:09:56 am: Query has run: <CALL USP_GetCategories2();>.
12/06/2012 01:09:56 am: ... Got dataset to return in json obj
12/06/2012 01:09:56 am: Query has run: <CALL USP_GetPayees();>.
12/06/2012 01:09:56 am: ... Got dataset to return in json obj
12/06/2012 07:49:23 am: Get the dataset to return in json obj...
12/06/2012 07:49:23 am: Get the dataset to return in json obj...
12/06/2012 07:49:23 am: Get the dataset to return in json obj...
12/06/2012 07:49:23 am: Get the dataset to return in json obj...
12/06/2012 07:49:23 am: Get the dataset to return in json obj...
12/06/2012 07:49:23 am: Query has run: <CALL USP_GetCurrencies();>.
12/06/2012 07:49:23 am: ... Got dataset to return in json obj
12/06/2012 07:49:23 am: Query has run: <CALL USP_GetPayees();>.
12/06/2012 07:49:23 am: Query has run: <CALL USP_GetCategories();>.
12/06/2012 07:49:23 am: ... Got dataset to return in json obj
12/06/2012 07:49:23 am: ... Got dataset to return in json obj
12/06/2012 07:49:23 am: Query has run: <CALL USP_GetCategories2();>.
12/06/2012 07:49:23 am: ... Got dataset to return in json obj
12/06/2012 07:49:23 am: Query has run: <CALL USP_GetAccounts();>.
12/06/2012 07:49:23 am: ... Got dataset to return in json obj
12/06/2012 07:49:26 am: Get the dataset to return in json obj...
12/06/2012 07:49:26 am: Get the dataset to return in json obj...
12/06/2012 07:49:26 am: Query has run: <CALL USP_GetAccounts();>.
12/06/2012 07:49:26 am: ... Got dataset to return in json obj
12/06/2012 07:49:26 am: Query has run: <CALL USP_GetCurrencies();>.
12/06/2012 07:49:26 am: ... Got dataset to return in json obj
12/06/2012 07:49:26 am: Get the dataset to return in json obj...
12/06/2012 07:49:26 am: Query has run: <CALL USP_GetPayees();>.
12/06/2012 07:49:26 am: ... Got dataset to return in json obj
12/06/2012 07:49:26 am: Get the dataset to return in json obj...
12/06/2012 07:49:26 am: Get the dataset to return in json obj...
12/06/2012 07:49:26 am: Query has run: <CALL USP_GetCategories();>.
12/06/2012 07:49:26 am: ... Got dataset to return in json obj
12/06/2012 07:49:26 am: Query has run: <CALL USP_GetCategories2();>.
12/06/2012 07:49:26 am: ... Got dataset to return in json obj
12/06/2012 07:49:34 am: Get the dataset to return in json obj...
12/06/2012 07:49:34 am: Query has run: <CALL USP_GetCategories();>.
12/06/2012 07:49:34 am: ... Got dataset to return in json obj
12/06/2012 07:49:34 am: Get the dataset to return in json obj...
12/06/2012 07:49:34 am: Get the dataset to return in json obj...
12/06/2012 07:49:34 am: Query has run: <CALL USP_GetCategories2();>.
12/06/2012 07:49:34 am: ... Got dataset to return in json obj
12/06/2012 07:49:34 am: Query has run: <CALL USP_GetPayees();>.
12/06/2012 07:49:34 am: ... Got dataset to return in json obj
12/06/2012 07:49:34 am: Get the dataset to return in json obj...
12/06/2012 07:49:34 am: Get the dataset to return in json obj...
12/06/2012 07:49:34 am: Query has run: <CALL USP_GetCurrencies();>.
12/06/2012 07:49:34 am: ... Got dataset to return in json obj
12/06/2012 07:49:34 am: Query has run: <CALL USP_GetAccounts();>.
12/06/2012 07:49:34 am: ... Got dataset to return in json obj
12/06/2012 07:50:09 am: Amount value: -18. Preg_match_all result is <1>
12/06/2012 07:50:10 am: Currency = <3>.
12/06/2012 07:50:13 am: Get the dataset to return in json obj...
12/06/2012 07:50:13 am: Get the dataset to return in json obj...
12/06/2012 07:50:13 am: Get the dataset to return in json obj...
12/06/2012 07:50:13 am: Query has run: <CALL USP_GetAccounts();>.
12/06/2012 07:50:13 am: ... Got dataset to return in json obj
12/06/2012 07:50:13 am: Query has run: <CALL USP_GetCurrencies();>.
12/06/2012 07:50:13 am: ... Got dataset to return in json obj
12/06/2012 07:50:13 am: Get the dataset to return in json obj...
12/06/2012 07:50:13 am: Query has run: <CALL USP_GetPayees();>.
12/06/2012 07:50:13 am: ... Got dataset to return in json obj
12/06/2012 07:50:13 am: Query has run: <CALL USP_GetCategories();>.
12/06/2012 07:50:13 am: ... Got dataset to return in json obj
12/06/2012 07:50:13 am: Get the dataset to return in json obj...
12/06/2012 07:50:13 am: Query has run: <CALL USP_GetCategories2();>.
12/06/2012 07:50:13 am: ... Got dataset to return in json obj
12/06/2012 07:50:17 am: Get the dataset to return in json obj...
12/06/2012 07:50:17 am: Get the dataset to return in json obj...
12/06/2012 07:50:17 am: Get the dataset to return in json obj...
12/06/2012 07:50:17 am: Query has run: <CALL USP_GetAccounts();>.
12/06/2012 07:50:17 am: ... Got dataset to return in json obj
12/06/2012 07:50:17 am: Get the dataset to return in json obj...
12/06/2012 07:50:17 am: Get the dataset to return in json obj...
12/06/2012 07:50:17 am: Query has run: <CALL USP_GetCategories();>.
12/06/2012 07:50:17 am: ... Got dataset to return in json obj
12/06/2012 07:50:17 am: Query has run: <CALL USP_GetPayees();>.
12/06/2012 07:50:17 am: ... Got dataset to return in json obj
12/06/2012 07:50:17 am: Query has run: <CALL USP_GetCurrencies();>.
12/06/2012 07:50:17 am: ... Got dataset to return in json obj
12/06/2012 07:50:17 am: Query has run: <CALL USP_GetCategories2();>.
12/06/2012 07:50:17 am: ... Got dataset to return in json obj
