11/28/2012 06:36:52 pm: Get the dataset to return in json obj...
11/28/2012 06:36:52 pm: Get the dataset to return in json obj...
11/28/2012 06:36:52 pm: Get the dataset to return in json obj...
11/28/2012 06:36:52 pm: Get the dataset to return in json obj...
11/28/2012 06:36:52 pm: Query has run: <CALL USP_GetCategories();>.
11/28/2012 06:36:52 pm: ... Got dataset to return in json obj
11/28/2012 06:36:52 pm: Query has run: <CALL USP_GetCategories2();>.
11/28/2012 06:36:52 pm: Query has run: <CALL USP_GetCurrencies();>.
11/28/2012 06:36:52 pm: ... Got dataset to return in json obj
11/28/2012 06:36:52 pm: ... Got dataset to return in json obj
11/28/2012 06:36:52 pm: Query has run: <CALL USP_GetPayees();>.
11/28/2012 06:36:52 pm: Query has run: <CALL USP_GetAccounts();>.
11/28/2012 06:36:52 pm: ... Got dataset to return in json obj
11/28/2012 06:36:52 pm: ... Got dataset to return in json obj
11/28/2012 06:37:00 pm: Get the dataset to return in json obj...
11/28/2012 06:37:00 pm: Query has run: <CALL USP_GetAccounts();>.
11/28/2012 06:37:00 pm: ... Got dataset to return in json obj
11/28/2012 06:37:00 pm: Get the dataset to return in json obj...
11/28/2012 06:37:00 pm: Query has run: <CALL USP_GetCurrencies();>.
11/28/2012 06:37:00 pm: ... Got dataset to return in json obj
11/28/2012 06:37:00 pm: Get the dataset to return in json obj...
11/28/2012 06:37:00 pm: Get the dataset to return in json obj...
11/28/2012 06:37:00 pm: Query has run: <CALL USP_GetCategories();>.
11/28/2012 06:37:00 pm: ... Got dataset to return in json obj
11/28/2012 06:37:00 pm: Get the dataset to return in json obj...
11/28/2012 06:37:00 pm: Query has run: <CALL USP_GetPayees();>.
11/28/2012 06:37:00 pm: ... Got dataset to return in json obj
11/28/2012 06:37:00 pm: Query has run: <CALL USP_GetCategories2();>.
11/28/2012 06:37:00 pm: ... Got dataset to return in json obj
11/28/2012 06:37:26 pm: Get the dataset to return in json obj...
11/28/2012 06:37:26 pm: Query has run: <CALL USP_GetCurrencies();>.
11/28/2012 06:37:26 pm: ... Got dataset to return in json obj
11/28/2012 06:37:26 pm: Get the dataset to return in json obj...
11/28/2012 06:37:26 pm: Query has run: <CALL USP_GetAccounts();>.
11/28/2012 06:37:26 pm: ... Got dataset to return in json obj
11/28/2012 06:37:26 pm: Get the dataset to return in json obj...
11/28/2012 06:37:26 pm: Query has run: <CALL USP_GetCategories();>.
11/28/2012 06:37:26 pm: ... Got dataset to return in json obj
11/28/2012 06:37:26 pm: Get the dataset to return in json obj...
11/28/2012 06:37:26 pm: Get the dataset to return in json obj...
11/28/2012 06:37:26 pm: Query has run: <CALL USP_GetCategories2();>.
11/28/2012 06:37:26 pm: ... Got dataset to return in json obj
11/28/2012 06:37:26 pm: Query has run: <CALL USP_GetPayees();>.
11/28/2012 06:37:26 pm: ... Got dataset to return in json obj
11/28/2012 06:37:33 pm: Get the dataset to return in json obj...
11/28/2012 06:37:33 pm: Get the dataset to return in json obj...
11/28/2012 06:37:33 pm: Query has run: <CALL USP_GetCurrencies();>.
11/28/2012 06:37:33 pm: ... Got dataset to return in json obj
11/28/2012 06:37:33 pm: Get the dataset to return in json obj...
11/28/2012 06:37:33 pm: Get the dataset to return in json obj...
11/28/2012 06:37:33 pm: Get the dataset to return in json obj...
11/28/2012 06:37:33 pm: Query has run: <CALL USP_GetCategories();>.
11/28/2012 06:37:33 pm: ... Got dataset to return in json obj
11/28/2012 06:37:33 pm: Query has run: <CALL USP_GetAccounts();>.
11/28/2012 06:37:33 pm: ... Got dataset to return in json obj
11/28/2012 06:37:33 pm: Query has run: <CALL USP_GetCategories2();>.
11/28/2012 06:37:33 pm: ... Got dataset to return in json obj
11/28/2012 06:37:33 pm: Query has run: <CALL USP_GetPayees();>.
11/28/2012 06:37:33 pm: ... Got dataset to return in json obj
11/28/2012 06:37:38 pm: Get the dataset to return in json obj...
11/28/2012 06:37:38 pm: Get the dataset to return in json obj...
11/28/2012 06:37:38 pm: Get the dataset to return in json obj...
11/28/2012 06:37:38 pm: Get the dataset to return in json obj...
11/28/2012 06:37:38 pm: Query has run: <CALL USP_GetCategories();>.
11/28/2012 06:37:38 pm: ... Got dataset to return in json obj
11/28/2012 06:37:38 pm: Query has run: <CALL USP_GetCategories2();>.
11/28/2012 06:37:38 pm: ... Got dataset to return in json obj
11/28/2012 06:37:38 pm: Query has run: <CALL USP_GetPayees();>.
11/28/2012 06:37:38 pm: ... Got dataset to return in json obj
11/28/2012 06:37:38 pm: Query has run: <CALL USP_GetAccounts();>.
11/28/2012 06:37:38 pm: ... Got dataset to return in json obj
11/28/2012 06:37:38 pm: Get the dataset to return in json obj...
11/28/2012 06:37:38 pm: Query has run: <CALL USP_GetCurrencies();>.
11/28/2012 06:37:38 pm: ... Got dataset to return in json obj
11/28/2012 06:37:44 pm: Get the dataset to return in json obj...
11/28/2012 06:37:44 pm: Get the dataset to return in json obj...
11/28/2012 06:37:44 pm: Query has run: <CALL USP_GetAccounts();>.
11/28/2012 06:37:44 pm: ... Got dataset to return in json obj
11/28/2012 06:37:44 pm: Get the dataset to return in json obj...
11/28/2012 06:37:44 pm: Query has run: <CALL USP_GetCategories2();>.
11/28/2012 06:37:44 pm: ... Got dataset to return in json obj
11/28/2012 06:37:44 pm: Get the dataset to return in json obj...
11/28/2012 06:37:44 pm: Get the dataset to return in json obj...
11/28/2012 06:37:44 pm: Query has run: <CALL USP_GetPayees();>.
11/28/2012 06:37:44 pm: ... Got dataset to return in json obj
11/28/2012 06:37:44 pm: Query has run: <CALL USP_GetCurrencies();>.
11/28/2012 06:37:44 pm: Query has run: <CALL USP_GetCategories();>.
11/28/2012 06:37:44 pm: ... Got dataset to return in json obj
11/28/2012 06:37:44 pm: ... Got dataset to return in json obj
11/28/2012 06:40:35 pm: Get the dataset to return in json obj...
11/28/2012 06:40:35 pm: Query has run: <CALL USP_GetAccounts();>.
11/28/2012 06:40:35 pm: ... Got dataset to return in json obj
11/28/2012 06:40:35 pm: Get the dataset to return in json obj...
11/28/2012 06:40:35 pm: Query has run: <CALL USP_GetCurrencies();>.
11/28/2012 06:40:35 pm: ... Got dataset to return in json obj
11/28/2012 06:40:35 pm: Get the dataset to return in json obj...
11/28/2012 06:40:35 pm: Get the dataset to return in json obj...
11/28/2012 06:40:35 pm: Query has run: <CALL USP_GetCategories();>.
11/28/2012 06:40:35 pm: ... Got dataset to return in json obj
11/28/2012 06:40:35 pm: Query has run: <CALL USP_GetPayees();>.
11/28/2012 06:40:35 pm: ... Got dataset to return in json obj
11/28/2012 06:40:35 pm: Get the dataset to return in json obj...
11/28/2012 06:40:35 pm: Query has run: <CALL USP_GetCategories2();>.
11/28/2012 06:40:35 pm: ... Got dataset to return in json obj
11/28/2012 06:40:43 pm: Get the dataset to return in json obj...
11/28/2012 06:40:43 pm: Get the dataset to return in json obj...
11/28/2012 06:40:43 pm: Get the dataset to return in json obj...
11/28/2012 06:40:43 pm: Query has run: <CALL USP_GetCurrencies();>.
11/28/2012 06:40:43 pm: ... Got dataset to return in json obj
11/28/2012 06:40:43 pm: Query has run: <CALL USP_GetAccounts();>.
11/28/2012 06:40:43 pm: ... Got dataset to return in json obj
11/28/2012 06:40:43 pm: Query has run: <CALL USP_GetPayees();>.
11/28/2012 06:40:43 pm: ... Got dataset to return in json obj
11/28/2012 06:40:43 pm: Get the dataset to return in json obj...
11/28/2012 06:40:43 pm: Get the dataset to return in json obj...
11/28/2012 06:40:43 pm: Query has run: <CALL USP_GetCategories();>.
11/28/2012 06:40:43 pm: ... Got dataset to return in json obj
11/28/2012 06:40:43 pm: Query has run: <CALL USP_GetCategories2();>.
11/28/2012 06:40:43 pm: ... Got dataset to return in json obj
11/28/2012 06:40:46 pm: Currency = <1>.
11/28/2012 06:40:56 pm: Currency = <1>.
11/28/2012 06:40:59 pm: Get the dataset to return in json obj...
11/28/2012 06:40:59 pm: Query has run: <CALL USP_GetAccounts();>.
11/28/2012 06:40:59 pm: ... Got dataset to return in json obj
11/28/2012 06:40:59 pm: Get the dataset to return in json obj...
11/28/2012 06:40:59 pm: Query has run: <CALL USP_GetCurrencies();>.
11/28/2012 06:40:59 pm: Get the dataset to return in json obj...
11/28/2012 06:40:59 pm: ... Got dataset to return in json obj
11/28/2012 06:40:59 pm: Query has run: <CALL USP_GetPayees();>.
11/28/2012 06:40:59 pm: ... Got dataset to return in json obj
11/28/2012 06:40:59 pm: Get the dataset to return in json obj...
11/28/2012 06:40:59 pm: Query has run: <CALL USP_GetCategories();>.
11/28/2012 06:40:59 pm: ... Got dataset to return in json obj
11/28/2012 06:40:59 pm: Get the dataset to return in json obj...
11/28/2012 06:40:59 pm: Query has run: <CALL USP_GetCategories2();>.
11/28/2012 06:40:59 pm: ... Got dataset to return in json obj
11/28/2012 06:41:01 pm: Currency = <1>.
11/28/2012 06:41:02 pm: Currency = <1>.
11/28/2012 06:41:12 pm: Get the dataset to return in json obj...
11/28/2012 06:41:12 pm: Get the dataset to return in json obj...
11/28/2012 06:41:12 pm: Query has run: <CALL USP_GetPayees();>.
11/28/2012 06:41:12 pm: ... Got dataset to return in json obj
11/28/2012 06:41:12 pm: Get the dataset to return in json obj...
11/28/2012 06:41:12 pm: Get the dataset to return in json obj...
11/28/2012 06:41:12 pm: Get the dataset to return in json obj...
11/28/2012 06:41:13 pm: Query has run: <CALL USP_GetCurrencies();>.
11/28/2012 06:41:13 pm: ... Got dataset to return in json obj
11/28/2012 06:41:13 pm: Query has run: <CALL USP_GetAccounts();>.
11/28/2012 06:41:13 pm: ... Got dataset to return in json obj
11/28/2012 06:41:13 pm: Query has run: <CALL USP_GetCategories();>.
11/28/2012 06:41:13 pm: ... Got dataset to return in json obj
11/28/2012 06:41:13 pm: Query has run: <CALL USP_GetCategories2();>.
11/28/2012 06:41:13 pm: ... Got dataset to return in json obj
11/28/2012 06:41:23 pm: Currency = <1>.
11/28/2012 06:41:45 pm: Get the dataset to return in json obj...
11/28/2012 06:41:45 pm: Get the dataset to return in json obj...
11/28/2012 06:41:45 pm: Get the dataset to return in json obj...
11/28/2012 06:41:45 pm: Get the dataset to return in json obj...
11/28/2012 06:41:45 pm: Get the dataset to return in json obj...
11/28/2012 06:41:45 pm: Query has run: <CALL USP_GetCategories();>.
11/28/2012 06:41:45 pm: ... Got dataset to return in json obj
11/28/2012 06:41:45 pm: Query has run: <CALL USP_GetPayees();>.
11/28/2012 06:41:45 pm: ... Got dataset to return in json obj
11/28/2012 06:41:45 pm: Query has run: <CALL USP_GetAccounts();>.
11/28/2012 06:41:45 pm: ... Got dataset to return in json obj
11/28/2012 06:41:45 pm: Query has run: <CALL USP_GetCurrencies();>.
11/28/2012 06:41:45 pm: Query has run: <CALL USP_GetCategories2();>.
11/28/2012 06:41:45 pm: ... Got dataset to return in json obj
11/28/2012 06:41:45 pm: ... Got dataset to return in json obj
11/28/2012 06:41:54 pm: Get the dataset to return in json obj...
11/28/2012 06:41:54 pm: Get the dataset to return in json obj...
11/28/2012 06:41:54 pm: Query has run: <CALL USP_GetCategories2();>.
11/28/2012 06:41:54 pm: ... Got dataset to return in json obj
11/28/2012 06:41:54 pm: Query has run: <CALL USP_GetCurrencies();>.
11/28/2012 06:41:54 pm: ... Got dataset to return in json obj
11/28/2012 06:41:54 pm: Get the dataset to return in json obj...
11/28/2012 06:41:54 pm: Get the dataset to return in json obj...
11/28/2012 06:41:54 pm: Query has run: <CALL USP_GetAccounts();>.
11/28/2012 06:41:54 pm: ... Got dataset to return in json obj
11/28/2012 06:41:54 pm: Get the dataset to return in json obj...
11/28/2012 06:41:54 pm: Query has run: <CALL USP_GetCategories();>.
11/28/2012 06:41:54 pm: ... Got dataset to return in json obj
11/28/2012 06:41:54 pm: Query has run: <CALL USP_GetPayees();>.
11/28/2012 06:41:54 pm: ... Got dataset to return in json obj
11/28/2012 06:42:13 pm: Get the dataset to return in json obj...
11/28/2012 06:42:13 pm: Get the dataset to return in json obj...
11/28/2012 06:42:13 pm: Query has run: <CALL USP_GetAccounts();>.
11/28/2012 06:42:13 pm: ... Got dataset to return in json obj
11/28/2012 06:42:13 pm: Query has run: <CALL USP_GetPayees();>.
11/28/2012 06:42:13 pm: ... Got dataset to return in json obj
11/28/2012 06:42:13 pm: Get the dataset to return in json obj...
11/28/2012 06:42:13 pm: Get the dataset to return in json obj...
11/28/2012 06:42:13 pm: Query has run: <CALL USP_GetCategories();>.
11/28/2012 06:42:13 pm: ... Got dataset to return in json obj
11/28/2012 06:42:13 pm: Get the dataset to return in json obj...
11/28/2012 06:42:13 pm: Query has run: <CALL USP_GetCurrencies();>.
11/28/2012 06:42:13 pm: ... Got dataset to return in json obj
11/28/2012 06:42:13 pm: Query has run: <CALL USP_GetCategories2();>.
11/28/2012 06:42:13 pm: ... Got dataset to return in json obj
11/28/2012 06:42:19 pm: Get the dataset to return in json obj...
11/28/2012 06:42:19 pm: Get the dataset to return in json obj...
11/28/2012 06:42:19 pm: Query has run: <CALL USP_GetPayees();>.
11/28/2012 06:42:19 pm: ... Got dataset to return in json obj
11/28/2012 06:42:19 pm: Query has run: <CALL USP_GetCurrencies();>.
11/28/2012 06:42:19 pm: ... Got dataset to return in json obj
11/28/2012 06:42:19 pm: Get the dataset to return in json obj...
11/28/2012 06:42:19 pm: Get the dataset to return in json obj...
11/28/2012 06:42:19 pm: Get the dataset to return in json obj...
11/28/2012 06:42:19 pm: Query has run: <CALL USP_GetCategories();>.
11/28/2012 06:42:19 pm: ... Got dataset to return in json obj
11/28/2012 06:42:19 pm: Query has run: <CALL USP_GetAccounts();>.
11/28/2012 06:42:19 pm: ... Got dataset to return in json obj
11/28/2012 06:42:19 pm: Query has run: <CALL USP_GetCategories2();>.
11/28/2012 06:42:19 pm: ... Got dataset to return in json obj
11/28/2012 09:00:26 pm: Get the dataset to return in json obj...
11/28/2012 09:00:26 pm: Get the dataset to return in json obj...
11/28/2012 09:00:26 pm: Query has run: <CALL USP_GetCurrencies();>.
11/28/2012 09:00:26 pm: ... Got dataset to return in json obj
11/28/2012 09:00:26 pm: Get the dataset to return in json obj...
11/28/2012 09:00:26 pm: Query has run: <CALL USP_GetCategories();>.
11/28/2012 09:00:26 pm: ... Got dataset to return in json obj
11/28/2012 09:00:26 pm: Get the dataset to return in json obj...
11/28/2012 09:00:26 pm: Get the dataset to return in json obj...
11/28/2012 09:00:26 pm: Query has run: <CALL USP_GetAccounts();>.
11/28/2012 09:00:26 pm: ... Got dataset to return in json obj
11/28/2012 09:00:26 pm: Query has run: <CALL USP_GetCategories2();>.
11/28/2012 09:00:26 pm: ... Got dataset to return in json obj
11/28/2012 09:00:26 pm: Query has run: <CALL USP_GetPayees();>.
11/28/2012 09:00:26 pm: ... Got dataset to return in json obj
