11/05/2012 07:42:45 pm: Get the dataset to return in json obj...
11/05/2012 07:42:45 pm: Get the dataset to return in json obj...
11/05/2012 07:42:45 pm: Get the dataset to return in json obj...
11/05/2012 07:42:45 pm: Get the dataset to return in json obj...
11/05/2012 07:42:45 pm: Query has run: <CALL USP_GetCurrencies();>.
11/05/2012 07:42:45 pm: ... Got dataset to return in json obj
11/05/2012 07:42:45 pm: Query has run: <CALL USP_GetPayees();>.
11/05/2012 07:42:45 pm: ... Got dataset to return in json obj
11/05/2012 07:42:45 pm: Query has run: <CALL USP_GetCategories();>.
11/05/2012 07:42:45 pm: ... Got dataset to return in json obj
11/05/2012 07:42:45 pm: Query has run: <CALL USP_GetCategories2();>.
11/05/2012 07:42:45 pm: ... Got dataset to return in json obj
11/05/2012 07:42:45 pm: Query has run: <CALL USP_GetAccounts();>.
11/05/2012 07:42:45 pm: ... Got dataset to return in json obj
11/05/2012 07:42:48 pm: Get the dataset to return in json obj...
11/05/2012 07:42:48 pm: Get the dataset to return in json obj...
11/05/2012 07:42:48 pm: Query has run: <CALL USP_GetPayees();>.
11/05/2012 07:42:48 pm: ... Got dataset to return in json obj
11/05/2012 07:42:48 pm: Query has run: <CALL USP_GetCurrencies();>.
11/05/2012 07:42:48 pm: ... Got dataset to return in json obj
11/05/2012 07:42:48 pm: Get the dataset to return in json obj...
11/05/2012 07:42:48 pm: Query has run: <CALL USP_GetAccounts();>.
11/05/2012 07:42:48 pm: ... Got dataset to return in json obj
11/05/2012 07:42:48 pm: Get the dataset to return in json obj...
11/05/2012 07:42:48 pm: Get the dataset to return in json obj...
11/05/2012 07:42:48 pm: Query has run: <CALL USP_GetCategories();>.
11/05/2012 07:42:48 pm: ... Got dataset to return in json obj
11/05/2012 07:42:48 pm: Query has run: <CALL USP_GetCategories2();>.
11/05/2012 07:42:48 pm: ... Got dataset to return in json obj
11/05/2012 07:50:07 pm: Get the dataset to return in json obj...
11/05/2012 07:50:07 pm: Query has run: <CALL USP_GetAccounts();>.
11/05/2012 07:50:07 pm: ... Got dataset to return in json obj
11/05/2012 07:50:07 pm: Get the dataset to return in json obj...
11/05/2012 07:50:07 pm: Query has run: <CALL USP_GetCategories2();>.
11/05/2012 07:50:07 pm: ... Got dataset to return in json obj
11/05/2012 07:50:07 pm: Get the dataset to return in json obj...
11/05/2012 07:50:07 pm: Get the dataset to return in json obj...
11/05/2012 07:50:07 pm: Get the dataset to return in json obj...
11/05/2012 07:50:07 pm: Query has run: <CALL USP_GetCurrencies();>.
11/05/2012 07:50:07 pm: ... Got dataset to return in json obj
11/05/2012 07:50:07 pm: Query has run: <CALL USP_GetCategories();>.
11/05/2012 07:50:07 pm: ... Got dataset to return in json obj
11/05/2012 07:50:07 pm: Query has run: <CALL USP_GetPayees();>.
11/05/2012 07:50:07 pm: ... Got dataset to return in json obj
11/05/2012 07:50:32 pm: Get the dataset to return in json obj...
11/05/2012 07:50:32 pm: Query has run: <CALL USP_GetAccounts();>.
11/05/2012 07:50:32 pm: ... Got dataset to return in json obj
11/05/2012 07:50:32 pm: Get the dataset to return in json obj...
11/05/2012 07:50:32 pm: Get the dataset to return in json obj...
11/05/2012 07:50:32 pm: Get the dataset to return in json obj...
11/05/2012 07:50:32 pm: Query has run: <CALL USP_GetCurrencies();>.
11/05/2012 07:50:32 pm: ... Got dataset to return in json obj
11/05/2012 07:50:32 pm: Query has run: <CALL USP_GetCategories();>.
11/05/2012 07:50:32 pm: ... Got dataset to return in json obj
11/05/2012 07:50:32 pm: Get the dataset to return in json obj...
11/05/2012 07:50:32 pm: Query has run: <CALL USP_GetPayees();>.
11/05/2012 07:50:32 pm: ... Got dataset to return in json obj
11/05/2012 07:50:32 pm: Query has run: <CALL USP_GetCategories2();>.
11/05/2012 07:50:32 pm: ... Got dataset to return in json obj
11/05/2012 07:52:26 pm: Get the dataset to return in json obj...
11/05/2012 07:52:26 pm: Get the dataset to return in json obj...
11/05/2012 07:52:26 pm: Query has run: <CALL USP_GetAccounts();>.
11/05/2012 07:52:26 pm: ... Got dataset to return in json obj
11/05/2012 07:52:26 pm: Get the dataset to return in json obj...
11/05/2012 07:52:26 pm: Query has run: <CALL USP_GetCurrencies();>.
11/05/2012 07:52:26 pm: ... Got dataset to return in json obj
11/05/2012 07:52:26 pm: Query has run: <CALL USP_GetCategories();>.
11/05/2012 07:52:26 pm: ... Got dataset to return in json obj
11/05/2012 07:52:26 pm: Get the dataset to return in json obj...
11/05/2012 07:52:26 pm: Query has run: <CALL USP_GetCategories2();>.
11/05/2012 07:52:26 pm: ... Got dataset to return in json obj
11/05/2012 07:52:26 pm: Get the dataset to return in json obj...
11/05/2012 07:52:26 pm: Query has run: <CALL USP_GetPayees();>.
11/05/2012 07:52:26 pm: ... Got dataset to return in json obj
11/05/2012 07:52:47 pm: Get the dataset to return in json obj...
11/05/2012 07:52:47 pm: Query has run: <CALL USP_GetCurrencies();>.
11/05/2012 07:52:47 pm: ... Got dataset to return in json obj
11/05/2012 07:52:47 pm: Get the dataset to return in json obj...
11/05/2012 07:52:47 pm: Get the dataset to return in json obj...
11/05/2012 07:52:47 pm: Query has run: <CALL USP_GetCategories();>.
11/05/2012 07:52:47 pm: ... Got dataset to return in json obj
11/05/2012 07:52:47 pm: Get the dataset to return in json obj...
11/05/2012 07:52:47 pm: Query has run: <CALL USP_GetAccounts();>.
11/05/2012 07:52:47 pm: ... Got dataset to return in json obj
11/05/2012 07:52:47 pm: Query has run: <CALL USP_GetCategories2();>.
11/05/2012 07:52:47 pm: ... Got dataset to return in json obj
11/05/2012 07:52:48 pm: Get the dataset to return in json obj...
11/05/2012 07:52:48 pm: Query has run: <CALL USP_GetPayees();>.
11/05/2012 07:52:48 pm: ... Got dataset to return in json obj
11/05/2012 07:55:19 pm: Get the dataset to return in json obj...
11/05/2012 07:55:19 pm: Get the dataset to return in json obj...
11/05/2012 07:55:19 pm: Get the dataset to return in json obj...
11/05/2012 07:55:19 pm: Get the dataset to return in json obj...
11/05/2012 07:55:19 pm: Query has run: <CALL USP_GetCategories();>.
11/05/2012 07:55:19 pm: ... Got dataset to return in json obj
11/05/2012 07:55:19 pm: Query has run: <CALL USP_GetCategories2();>.
11/05/2012 07:55:19 pm: ... Got dataset to return in json obj
11/05/2012 07:55:19 pm: Query has run: <CALL USP_GetAccounts();>.
11/05/2012 07:55:19 pm: ... Got dataset to return in json obj
11/05/2012 07:55:19 pm: Query has run: <CALL USP_GetCurrencies();>.
11/05/2012 07:55:19 pm: ... Got dataset to return in json obj
11/05/2012 07:55:19 pm: Get the dataset to return in json obj...
11/05/2012 07:55:19 pm: Query has run: <CALL USP_GetPayees();>.
11/05/2012 07:55:19 pm: ... Got dataset to return in json obj
11/05/2012 07:56:15 pm: Get the dataset to return in json obj...
11/05/2012 07:56:15 pm: Get the dataset to return in json obj...
11/05/2012 07:56:15 pm: Get the dataset to return in json obj...
11/05/2012 07:56:15 pm: Query has run: <CALL USP_GetCurrencies();>.
11/05/2012 07:56:15 pm: ... Got dataset to return in json obj
11/05/2012 07:56:15 pm: Query has run: <CALL USP_GetAccounts();>.
11/05/2012 07:56:15 pm: ... Got dataset to return in json obj
11/05/2012 07:56:15 pm: Query has run: <CALL USP_GetPayees();>.
11/05/2012 07:56:15 pm: ... Got dataset to return in json obj
11/05/2012 07:56:15 pm: Get the dataset to return in json obj...
11/05/2012 07:56:15 pm: Query has run: <CALL USP_GetCategories2();>.
11/05/2012 07:56:15 pm: Get the dataset to return in json obj...
11/05/2012 07:56:15 pm: ... Got dataset to return in json obj
11/05/2012 07:56:15 pm: Query has run: <CALL USP_GetCategories();>.
11/05/2012 07:56:15 pm: ... Got dataset to return in json obj
11/05/2012 07:56:25 pm: Get the dataset to return in json obj...
11/05/2012 07:56:25 pm: Get the dataset to return in json obj...
11/05/2012 07:56:25 pm: Query has run: <CALL USP_GetCurrencies();>.
11/05/2012 07:56:25 pm: ... Got dataset to return in json obj
11/05/2012 07:56:25 pm: Query has run: <CALL USP_GetPayees();>.
11/05/2012 07:56:25 pm: ... Got dataset to return in json obj
11/05/2012 07:56:25 pm: Get the dataset to return in json obj...
11/05/2012 07:56:25 pm: Query has run: <CALL USP_GetAccounts();>.
11/05/2012 07:56:25 pm: ... Got dataset to return in json obj
11/05/2012 07:56:25 pm: Get the dataset to return in json obj...
11/05/2012 07:56:25 pm: Query has run: <CALL USP_GetCategories();>.
11/05/2012 07:56:25 pm: ... Got dataset to return in json obj
11/05/2012 07:56:25 pm: Get the dataset to return in json obj...
11/05/2012 07:56:25 pm: Query has run: <CALL USP_GetCategories2();>.
11/05/2012 07:56:25 pm: ... Got dataset to return in json obj
11/05/2012 07:56:32 pm: Get the dataset to return in json obj...
11/05/2012 07:56:32 pm: Get the dataset to return in json obj...
11/05/2012 07:56:32 pm: Query has run: <CALL USP_GetAccounts();>.
11/05/2012 07:56:32 pm: ... Got dataset to return in json obj
11/05/2012 07:56:32 pm: Get the dataset to return in json obj...
11/05/2012 07:56:32 pm: Get the dataset to return in json obj...
11/05/2012 07:56:32 pm: Query has run: <CALL USP_GetCategories();>.
11/05/2012 07:56:32 pm: ... Got dataset to return in json obj
11/05/2012 07:56:32 pm: Query has run: <CALL USP_GetPayees();>.
11/05/2012 07:56:32 pm: ... Got dataset to return in json obj
11/05/2012 07:56:32 pm: Query has run: <CALL USP_GetCurrencies();>.
11/05/2012 07:56:32 pm: ... Got dataset to return in json obj
11/05/2012 07:56:32 pm: Get the dataset to return in json obj...
11/05/2012 07:56:32 pm: Query has run: <CALL USP_GetCategories2();>.
11/05/2012 07:56:32 pm: ... Got dataset to return in json obj
11/05/2012 07:57:02 pm: Get the dataset to return in json obj...
11/05/2012 07:57:02 pm: Query has run: <CALL USP_GetAccounts();>.
11/05/2012 07:57:02 pm: ... Got dataset to return in json obj
11/05/2012 07:57:02 pm: Get the dataset to return in json obj...
11/05/2012 07:57:02 pm: Query has run: <CALL USP_GetCurrencies();>.
11/05/2012 07:57:02 pm: ... Got dataset to return in json obj
11/05/2012 07:57:02 pm: Get the dataset to return in json obj...
11/05/2012 07:57:02 pm: Query has run: <CALL USP_GetPayees();>.
11/05/2012 07:57:02 pm: ... Got dataset to return in json obj
11/05/2012 07:57:02 pm: Get the dataset to return in json obj...
11/05/2012 07:57:02 pm: Query has run: <CALL USP_GetCategories();>.
11/05/2012 07:57:02 pm: ... Got dataset to return in json obj
11/05/2012 07:57:02 pm: Get the dataset to return in json obj...
11/05/2012 07:57:02 pm: Query has run: <CALL USP_GetCategories2();>.
11/05/2012 07:57:02 pm: ... Got dataset to return in json obj
11/05/2012 07:59:55 pm: Get the dataset to return in json obj...
11/05/2012 07:59:55 pm: Get the dataset to return in json obj...
11/05/2012 07:59:55 pm: Query has run: <CALL USP_GetCurrencies();>.
11/05/2012 07:59:55 pm: ... Got dataset to return in json obj
11/05/2012 07:59:55 pm: Query has run: <CALL USP_GetAccounts();>.
11/05/2012 07:59:55 pm: ... Got dataset to return in json obj
11/05/2012 07:59:55 pm: Get the dataset to return in json obj...
11/05/2012 07:59:55 pm: Query has run: <CALL USP_GetPayees();>.
11/05/2012 07:59:55 pm: ... Got dataset to return in json obj
11/05/2012 07:59:55 pm: Get the dataset to return in json obj...
11/05/2012 07:59:55 pm: Get the dataset to return in json obj...
11/05/2012 07:59:55 pm: Query has run: <CALL USP_GetCategories();>.
11/05/2012 07:59:55 pm: ... Got dataset to return in json obj
11/05/2012 07:59:55 pm: Query has run: <CALL USP_GetCategories2();>.
11/05/2012 07:59:55 pm: ... Got dataset to return in json obj
11/05/2012 08:00:14 pm: Get the dataset to return in json obj...
11/05/2012 08:00:14 pm: Query has run: <CALL USP_GetCategories2();>.
11/05/2012 08:00:14 pm: ... Got dataset to return in json obj
11/05/2012 08:00:14 pm: Get the dataset to return in json obj...
11/05/2012 08:00:14 pm: Get the dataset to return in json obj...
11/05/2012 08:00:14 pm: Get the dataset to return in json obj...
11/05/2012 08:00:14 pm: Get the dataset to return in json obj...
11/05/2012 08:00:14 pm: Query has run: <CALL USP_GetCategories();>.
11/05/2012 08:00:14 pm: ... Got dataset to return in json obj
11/05/2012 08:00:14 pm: Query has run: <CALL USP_GetAccounts();>.
11/05/2012 08:00:14 pm: ... Got dataset to return in json obj
11/05/2012 08:00:14 pm: Query has run: <CALL USP_GetCurrencies();>.
11/05/2012 08:00:14 pm: ... Got dataset to return in json obj
11/05/2012 08:00:14 pm: Query has run: <CALL USP_GetPayees();>.
11/05/2012 08:00:14 pm: ... Got dataset to return in json obj
11/05/2012 08:08:43 pm: Get the dataset to return in json obj...
11/05/2012 08:08:43 pm: Query has run: <CALL USP_GetAccounts();>.
11/05/2012 08:08:43 pm: ... Got dataset to return in json obj
11/05/2012 08:08:43 pm: Get the dataset to return in json obj...
11/05/2012 08:08:43 pm: Query has run: <CALL USP_GetCategories();>.
11/05/2012 08:08:43 pm: Get the dataset to return in json obj...
11/05/2012 08:08:43 pm: ... Got dataset to return in json obj
11/05/2012 08:08:43 pm: Get the dataset to return in json obj...
11/05/2012 08:08:43 pm: Get the dataset to return in json obj...
11/05/2012 08:08:43 pm: Query has run: <CALL USP_GetPayees();>.
11/05/2012 08:08:43 pm: ... Got dataset to return in json obj
11/05/2012 08:08:43 pm: Query has run: <CALL USP_GetCategories2();>.
11/05/2012 08:08:43 pm: Query has run: <CALL USP_GetCurrencies();>.
11/05/2012 08:08:43 pm: ... Got dataset to return in json obj
11/05/2012 08:08:43 pm: ... Got dataset to return in json obj
11/05/2012 08:10:57 pm: Get the dataset to return in json obj...
11/05/2012 08:10:57 pm: Query has run: <CALL USP_GetCurrencies();>.
11/05/2012 08:10:57 pm: ... Got dataset to return in json obj
11/05/2012 08:10:57 pm: Get the dataset to return in json obj...
11/05/2012 08:10:57 pm: Get the dataset to return in json obj...
11/05/2012 08:10:57 pm: Get the dataset to return in json obj...
11/05/2012 08:10:57 pm: Query has run: <CALL USP_GetAccounts();>.
11/05/2012 08:10:57 pm: ... Got dataset to return in json obj
11/05/2012 08:10:57 pm: Query has run: <CALL USP_GetPayees();>.
11/05/2012 08:10:57 pm: ... Got dataset to return in json obj
11/05/2012 08:10:57 pm: Query has run: <CALL USP_GetCategories2();>.
11/05/2012 08:10:57 pm: ... Got dataset to return in json obj
11/05/2012 08:10:57 pm: Get the dataset to return in json obj...
11/05/2012 08:10:57 pm: Query has run: <CALL USP_GetCategories();>.
11/05/2012 08:10:57 pm: ... Got dataset to return in json obj
11/05/2012 08:11:08 pm: Get the dataset to return in json obj...
11/05/2012 08:11:08 pm: Get the dataset to return in json obj...
11/05/2012 08:11:08 pm: Query has run: <CALL USP_GetAccounts();>.
11/05/2012 08:11:08 pm: ... Got dataset to return in json obj
11/05/2012 08:11:08 pm: Query has run: <CALL USP_GetCurrencies();>.
11/05/2012 08:11:08 pm: ... Got dataset to return in json obj
11/05/2012 08:11:08 pm: Get the dataset to return in json obj...
11/05/2012 08:11:08 pm: Query has run: <CALL USP_GetPayees();>.
11/05/2012 08:11:08 pm: ... Got dataset to return in json obj
11/05/2012 08:11:08 pm: Get the dataset to return in json obj...
11/05/2012 08:11:08 pm: Query has run: <CALL USP_GetCategories();>.
11/05/2012 08:11:08 pm: ... Got dataset to return in json obj
11/05/2012 08:11:08 pm: Get the dataset to return in json obj...
11/05/2012 08:11:08 pm: Query has run: <CALL USP_GetCategories2();>.
11/05/2012 08:11:08 pm: ... Got dataset to return in json obj
11/05/2012 08:11:36 pm: Get the dataset to return in json obj...
11/05/2012 08:11:36 pm: Query has run: <CALL USP_GetAccounts();>.
11/05/2012 08:11:36 pm: ... Got dataset to return in json obj
11/05/2012 08:11:36 pm: Get the dataset to return in json obj...
11/05/2012 08:11:36 pm: Query has run: <CALL USP_GetCurrencies();>.
11/05/2012 08:11:36 pm: ... Got dataset to return in json obj
11/05/2012 08:11:36 pm: Get the dataset to return in json obj...
11/05/2012 08:11:36 pm: Get the dataset to return in json obj...
11/05/2012 08:11:36 pm: Query has run: <CALL USP_GetCategories();>.
11/05/2012 08:11:36 pm: ... Got dataset to return in json obj
11/05/2012 08:11:36 pm: Query has run: <CALL USP_GetPayees();>.
11/05/2012 08:11:36 pm: ... Got dataset to return in json obj
11/05/2012 08:11:36 pm: Get the dataset to return in json obj...
11/05/2012 08:11:36 pm: Query has run: <CALL USP_GetCategories2();>.
11/05/2012 08:11:36 pm: ... Got dataset to return in json obj
11/05/2012 08:12:11 pm: Get the dataset to return in json obj...
11/05/2012 08:12:11 pm: Get the dataset to return in json obj...
11/05/2012 08:12:11 pm: Get the dataset to return in json obj...
11/05/2012 08:12:11 pm: Query has run: <CALL USP_GetCurrencies();>.
11/05/2012 08:12:11 pm: ... Got dataset to return in json obj
11/05/2012 08:12:11 pm: Query has run: <CALL USP_GetAccounts();>.
11/05/2012 08:12:11 pm: ... Got dataset to return in json obj
11/05/2012 08:12:11 pm: Query has run: <CALL USP_GetPayees();>.
11/05/2012 08:12:11 pm: ... Got dataset to return in json obj
11/05/2012 08:12:11 pm: Get the dataset to return in json obj...
11/05/2012 08:12:11 pm: Query has run: <CALL USP_GetCategories2();>.
11/05/2012 08:12:11 pm: ... Got dataset to return in json obj
11/05/2012 08:12:11 pm: Get the dataset to return in json obj...
11/05/2012 08:12:11 pm: Query has run: <CALL USP_GetCategories();>.
11/05/2012 08:12:11 pm: ... Got dataset to return in json obj
11/05/2012 08:12:40 pm: Get the dataset to return in json obj...
11/05/2012 08:12:40 pm: Get the dataset to return in json obj...
11/05/2012 08:12:40 pm: Query has run: <CALL USP_GetAccounts();>.
11/05/2012 08:12:40 pm: ... Got dataset to return in json obj
11/05/2012 08:12:40 pm: Query has run: <CALL USP_GetCurrencies();>.
11/05/2012 08:12:40 pm: ... Got dataset to return in json obj
11/05/2012 08:12:40 pm: Get the dataset to return in json obj...
11/05/2012 08:12:40 pm: Get the dataset to return in json obj...
11/05/2012 08:12:40 pm: Query has run: <CALL USP_GetCategories();>.
11/05/2012 08:12:40 pm: ... Got dataset to return in json obj
11/05/2012 08:12:40 pm: Query has run: <CALL USP_GetPayees();>.
11/05/2012 08:12:40 pm: ... Got dataset to return in json obj
11/05/2012 08:12:40 pm: Get the dataset to return in json obj...
11/05/2012 08:12:40 pm: Query has run: <CALL USP_GetCategories2();>.
11/05/2012 08:12:40 pm: ... Got dataset to return in json obj
11/05/2012 08:15:49 pm: Get the dataset to return in json obj...
11/05/2012 08:15:49 pm: Query has run: <CALL USP_GetAccounts();>.
11/05/2012 08:15:49 pm: ... Got dataset to return in json obj
11/05/2012 08:15:49 pm: Get the dataset to return in json obj...
11/05/2012 08:15:49 pm: Get the dataset to return in json obj...
11/05/2012 08:15:49 pm: Query has run: <CALL USP_GetCurrencies();>.
11/05/2012 08:15:49 pm: ... Got dataset to return in json obj
11/05/2012 08:15:49 pm: Get the dataset to return in json obj...
11/05/2012 08:15:49 pm: Query has run: <CALL USP_GetCategories();>.
11/05/2012 08:15:49 pm: ... Got dataset to return in json obj
11/05/2012 08:15:49 pm: Query has run: <CALL USP_GetPayees();>.
11/05/2012 08:15:49 pm: ... Got dataset to return in json obj
11/05/2012 08:15:49 pm: Get the dataset to return in json obj...
11/05/2012 08:15:49 pm: Query has run: <CALL USP_GetCategories2();>.
11/05/2012 08:15:49 pm: ... Got dataset to return in json obj
11/05/2012 08:18:21 pm: Get the dataset to return in json obj...
11/05/2012 08:18:21 pm: Get the dataset to return in json obj...
11/05/2012 08:18:21 pm: Query has run: <CALL USP_GetAccounts();>.
11/05/2012 08:18:21 pm: ... Got dataset to return in json obj
11/05/2012 08:18:21 pm: Query has run: <CALL USP_GetPayees();>.
11/05/2012 08:18:21 pm: ... Got dataset to return in json obj
11/05/2012 08:18:21 pm: Get the dataset to return in json obj...
11/05/2012 08:18:21 pm: Get the dataset to return in json obj...
11/05/2012 08:18:21 pm: Query has run: <CALL USP_GetCategories();>.
11/05/2012 08:18:21 pm: ... Got dataset to return in json obj
11/05/2012 08:18:21 pm: Query has run: <CALL USP_GetCurrencies();>.
11/05/2012 08:18:21 pm: ... Got dataset to return in json obj
11/05/2012 08:18:21 pm: Get the dataset to return in json obj...
11/05/2012 08:18:21 pm: Query has run: <CALL USP_GetCategories2();>.
11/05/2012 08:18:21 pm: ... Got dataset to return in json obj
11/05/2012 08:20:21 pm: Get the dataset to return in json obj...
11/05/2012 08:20:21 pm: Query has run: <CALL USP_GetAccounts();>.
11/05/2012 08:20:21 pm: ... Got dataset to return in json obj
11/05/2012 08:20:21 pm: Get the dataset to return in json obj...
11/05/2012 08:20:21 pm: Get the dataset to return in json obj...
11/05/2012 08:20:21 pm: Get the dataset to return in json obj...
11/05/2012 08:20:21 pm: Query has run: <CALL USP_GetCategories2();>.
11/05/2012 08:20:21 pm: Query has run: <CALL USP_GetCurrencies();>.
11/05/2012 08:20:21 pm: Query has run: <CALL USP_GetCategories();>.
11/05/2012 08:20:21 pm: ... Got dataset to return in json obj
11/05/2012 08:20:21 pm: ... Got dataset to return in json obj
11/05/2012 08:20:21 pm: ... Got dataset to return in json obj
11/05/2012 08:20:21 pm: Get the dataset to return in json obj...
11/05/2012 08:20:21 pm: Query has run: <CALL USP_GetPayees();>.
11/05/2012 08:20:21 pm: ... Got dataset to return in json obj
11/05/2012 08:20:47 pm: Get the dataset to return in json obj...
11/05/2012 08:20:47 pm: Get the dataset to return in json obj...
11/05/2012 08:20:47 pm: Query has run: <CALL USP_GetPayees();>.
11/05/2012 08:20:47 pm: ... Got dataset to return in json obj
11/05/2012 08:20:47 pm: Query has run: <CALL USP_GetCurrencies();>.
11/05/2012 08:20:47 pm: ... Got dataset to return in json obj
11/05/2012 08:20:47 pm: Get the dataset to return in json obj...
11/05/2012 08:20:47 pm: Query has run: <CALL USP_GetAccounts();>.
11/05/2012 08:20:47 pm: ... Got dataset to return in json obj
11/05/2012 08:20:47 pm: Get the dataset to return in json obj...
11/05/2012 08:20:47 pm: Get the dataset to return in json obj...
11/05/2012 08:20:47 pm: Query has run: <CALL USP_GetCategories2();>.
11/05/2012 08:20:47 pm: ... Got dataset to return in json obj
11/05/2012 08:20:47 pm: Query has run: <CALL USP_GetCategories();>.
11/05/2012 08:20:47 pm: ... Got dataset to return in json obj
11/05/2012 08:21:28 pm: Get the dataset to return in json obj...
11/05/2012 08:21:28 pm: Get the dataset to return in json obj...
11/05/2012 08:21:28 pm: Query has run: <CALL USP_GetCurrencies();>.
11/05/2012 08:21:28 pm: ... Got dataset to return in json obj
11/05/2012 08:21:28 pm: Query has run: <CALL USP_GetPayees();>.
11/05/2012 08:21:28 pm: ... Got dataset to return in json obj
11/05/2012 08:21:28 pm: Get the dataset to return in json obj...
11/05/2012 08:21:28 pm: Query has run: <CALL USP_GetCategories2();>.
11/05/2012 08:21:28 pm: ... Got dataset to return in json obj
11/05/2012 08:21:28 pm: Get the dataset to return in json obj...
11/05/2012 08:21:28 pm: Get the dataset to return in json obj...
11/05/2012 08:21:28 pm: Query has run: <CALL USP_GetCategories();>.
11/05/2012 08:21:28 pm: ... Got dataset to return in json obj
11/05/2012 08:21:28 pm: Query has run: <CALL USP_GetAccounts();>.
11/05/2012 08:21:28 pm: ... Got dataset to return in json obj
11/05/2012 08:24:11 pm: Get the dataset to return in json obj...
11/05/2012 08:24:11 pm: Query has run: <CALL USP_GetCurrencies();>.
11/05/2012 08:24:11 pm: ... Got dataset to return in json obj
11/05/2012 08:24:12 pm: Get the dataset to return in json obj...
11/05/2012 08:24:12 pm: Query has run: <CALL USP_GetAccounts();>.
11/05/2012 08:24:12 pm: ... Got dataset to return in json obj
11/05/2012 08:24:13 pm: Get the dataset to return in json obj...
11/05/2012 08:24:13 pm: Query has run: <CALL USP_GetCategories2();>.
11/05/2012 08:24:13 pm: ... Got dataset to return in json obj
11/05/2012 08:24:13 pm: Get the dataset to return in json obj...
11/05/2012 08:24:13 pm: Query has run: <CALL USP_GetPayees();>.
11/05/2012 08:24:13 pm: ... Got dataset to return in json obj
11/05/2012 08:24:14 pm: Get the dataset to return in json obj...
11/05/2012 08:24:14 pm: Query has run: <CALL USP_GetCategories();>.
11/05/2012 08:24:14 pm: ... Got dataset to return in json obj
11/05/2012 08:25:00 pm: Get the dataset to return in json obj...
11/05/2012 08:25:00 pm: Query has run: <CALL USP_GetCurrencies();>.
11/05/2012 08:25:00 pm: ... Got dataset to return in json obj
11/05/2012 08:25:00 pm: Get the dataset to return in json obj...
11/05/2012 08:25:00 pm: Query has run: <CALL USP_GetPayees();>.
11/05/2012 08:25:00 pm: ... Got dataset to return in json obj
11/05/2012 08:25:01 pm: Get the dataset to return in json obj...
11/05/2012 08:25:01 pm: Query has run: <CALL USP_GetCategories();>.
11/05/2012 08:25:01 pm: ... Got dataset to return in json obj
11/05/2012 08:25:02 pm: Get the dataset to return in json obj...
11/05/2012 08:25:02 pm: Query has run: <CALL USP_GetCategories2();>.
11/05/2012 08:25:02 pm: ... Got dataset to return in json obj
11/05/2012 08:25:03 pm: Get the dataset to return in json obj...
11/05/2012 08:25:03 pm: Query has run: <CALL USP_GetAccounts();>.
11/05/2012 08:25:03 pm: ... Got dataset to return in json obj
11/05/2012 08:25:18 pm: Get the dataset to return in json obj...
11/05/2012 08:25:18 pm: Query has run: <CALL USP_GetAccounts();>.
11/05/2012 08:25:18 pm: ... Got dataset to return in json obj
11/05/2012 08:25:19 pm: Get the dataset to return in json obj...
11/05/2012 08:25:19 pm: Query has run: <CALL USP_GetCurrencies();>.
11/05/2012 08:25:19 pm: ... Got dataset to return in json obj
11/05/2012 08:25:19 pm: Get the dataset to return in json obj...
11/05/2012 08:25:19 pm: Query has run: <CALL USP_GetPayees();>.
11/05/2012 08:25:19 pm: ... Got dataset to return in json obj
11/05/2012 08:25:20 pm: Get the dataset to return in json obj...
11/05/2012 08:25:20 pm: Query has run: <CALL USP_GetCategories();>.
11/05/2012 08:25:20 pm: ... Got dataset to return in json obj
11/05/2012 08:25:21 pm: Get the dataset to return in json obj...
11/05/2012 08:25:21 pm: Query has run: <CALL USP_GetCategories2();>.
11/05/2012 08:25:21 pm: ... Got dataset to return in json obj
11/05/2012 08:36:53 pm: Get the dataset to return in json obj...
11/05/2012 08:36:53 pm: Query has run: <CALL USP_GetAccounts();>.
11/05/2012 08:36:53 pm: ... Got dataset to return in json obj
11/05/2012 08:36:53 pm: Get the dataset to return in json obj...
11/05/2012 08:36:53 pm: Query has run: <CALL USP_GetCurrencies();>.
11/05/2012 08:36:53 pm: ... Got dataset to return in json obj
11/05/2012 08:36:54 pm: Get the dataset to return in json obj...
11/05/2012 08:36:54 pm: Query has run: <CALL USP_GetPayees();>.
11/05/2012 08:36:54 pm: ... Got dataset to return in json obj
11/05/2012 08:36:55 pm: Get the dataset to return in json obj...
11/05/2012 08:36:55 pm: Query has run: <CALL USP_GetCategories();>.
11/05/2012 08:36:55 pm: ... Got dataset to return in json obj
11/05/2012 08:36:55 pm: Get the dataset to return in json obj...
11/05/2012 08:36:55 pm: Query has run: <CALL USP_GetCategories2();>.
11/05/2012 08:36:55 pm: ... Got dataset to return in json obj
11/05/2012 08:39:47 pm: Line 48-> Query1 to run: <CALL USP_InsertAccount (1,'test');>.
11/05/2012 08:39:47 pm: Line 50-> Query2 to run: <CALL USP_GetAccounts();>.
11/05/2012 08:39:47 pm: Start insert...
11/05/2012 08:39:47 pm: Query has run: <CALL USP_InsertAccount (1,'test');>.
11/05/2012 08:40:00 pm: Line 48-> Query1 to run: <CALL USP_InsertAccount (1,'test');>.
11/05/2012 08:40:00 pm: Line 50-> Query2 to run: <CALL USP_GetAccounts();>.
11/05/2012 08:40:00 pm: Query has run: <CALL USP_GetAccounts ()>.
11/05/2012 08:40:00 pm: Start insert...
11/05/2012 08:40:00 pm: - Error in query: CALL USP_InsertAccount (1,'test');<br/>- Error: Duplicate entry '1-test' for key 'uc_cID_accountName' (Error #1062)<br/>- File: /Volumes/DATA/Dropbox/DEV/Web/FinanceApp/php/insert.php.<br/>
11/05/2012 08:40:00 pm: ... End insert
11/05/2012 08:40:00 pm: Get the dataset to return in json obj...
11/05/2012 08:40:00 pm: Query has run: <CALL USP_GetAccounts();>.
11/05/2012 08:40:00 pm: ... Got dataset to return in json obj
11/05/2012 08:40:00 pm: ... End insert
11/05/2012 08:40:00 pm: Get the dataset to return in json obj...
11/05/2012 08:40:00 pm: Query has run: <CALL USP_GetAccounts();>.
11/05/2012 08:40:00 pm: ... Got dataset to return in json obj
11/05/2012 08:42:42 pm: Get the dataset to return in json obj...
11/05/2012 08:42:42 pm: Query has run: <CALL USP_GetCurrencies();>.
11/05/2012 08:42:42 pm: ... Got dataset to return in json obj
11/05/2012 08:42:43 pm: Get the dataset to return in json obj...
11/05/2012 08:42:43 pm: Query has run: <CALL USP_GetCategories();>.
11/05/2012 08:42:43 pm: ... Got dataset to return in json obj
11/05/2012 08:42:44 pm: Get the dataset to return in json obj...
11/05/2012 08:42:44 pm: Query has run: <CALL USP_GetAccounts();>.
11/05/2012 08:42:44 pm: ... Got dataset to return in json obj
11/05/2012 08:42:44 pm: Get the dataset to return in json obj...
11/05/2012 08:42:44 pm: Query has run: <CALL USP_GetCategories2();>.
11/05/2012 08:42:44 pm: ... Got dataset to return in json obj
11/05/2012 08:42:45 pm: Get the dataset to return in json obj...
11/05/2012 08:42:45 pm: Query has run: <CALL USP_GetPayees();>.
11/05/2012 08:42:45 pm: ... Got dataset to return in json obj
11/05/2012 08:52:42 pm: Get the dataset to return in json obj...
11/05/2012 08:52:42 pm: Query has run: <CALL USP_GetCurrencies();>.
11/05/2012 08:52:42 pm: ... Got dataset to return in json obj
11/05/2012 08:52:43 pm: Get the dataset to return in json obj...
11/05/2012 08:52:43 pm: Query has run: <CALL USP_GetAccounts();>.
11/05/2012 08:52:43 pm: ... Got dataset to return in json obj
11/05/2012 08:52:43 pm: Get the dataset to return in json obj...
11/05/2012 08:52:43 pm: Query has run: <CALL USP_GetPayees();>.
11/05/2012 08:52:43 pm: ... Got dataset to return in json obj
11/05/2012 08:52:44 pm: Get the dataset to return in json obj...
11/05/2012 08:52:44 pm: Query has run: <CALL USP_GetCategories();>.
11/05/2012 08:52:44 pm: ... Got dataset to return in json obj
11/05/2012 08:52:45 pm: Get the dataset to return in json obj...
11/05/2012 08:52:45 pm: Query has run: <CALL USP_GetCategories2();>.
11/05/2012 08:52:45 pm: ... Got dataset to return in json obj
11/05/2012 09:30:23 pm: Get the dataset to return in json obj...
11/05/2012 09:30:23 pm: Query has run: <CALL USP_GetAccounts();>.
11/05/2012 09:30:23 pm: ... Got dataset to return in json obj
11/05/2012 09:30:24 pm: Get the dataset to return in json obj...
11/05/2012 09:30:24 pm: Query has run: <CALL USP_GetPayees();>.
11/05/2012 09:30:24 pm: ... Got dataset to return in json obj
11/05/2012 09:30:24 pm: Get the dataset to return in json obj...
11/05/2012 09:30:24 pm: Query has run: <CALL USP_GetCurrencies();>.
11/05/2012 09:30:24 pm: ... Got dataset to return in json obj
11/05/2012 09:30:25 pm: Get the dataset to return in json obj...
11/05/2012 09:30:25 pm: Query has run: <CALL USP_GetCategories();>.
11/05/2012 09:30:25 pm: ... Got dataset to return in json obj
11/05/2012 09:30:25 pm: Get the dataset to return in json obj...
11/05/2012 09:30:25 pm: Query has run: <CALL USP_GetCategories2();>.
11/05/2012 09:30:25 pm: ... Got dataset to return in json obj
11/05/2012 09:30:43 pm: Get the dataset to return in json obj...
11/05/2012 09:30:43 pm: Get the dataset to return in json obj...
11/05/2012 09:30:43 pm: Get the dataset to return in json obj...
11/05/2012 09:30:43 pm: Query has run: <CALL USP_GetAccounts();>.
11/05/2012 09:30:43 pm: ... Got dataset to return in json obj
11/05/2012 09:30:43 pm: Query has run: <CALL USP_GetPayees();>.
11/05/2012 09:30:43 pm: ... Got dataset to return in json obj
11/05/2012 09:30:43 pm: Get the dataset to return in json obj...
11/05/2012 09:30:43 pm: Query has run: <CALL USP_GetCurrencies();>.
11/05/2012 09:30:43 pm: ... Got dataset to return in json obj
11/05/2012 09:30:43 pm: Query has run: <CALL USP_GetCategories2();>.
11/05/2012 09:30:43 pm: ... Got dataset to return in json obj
11/05/2012 09:30:43 pm: Get the dataset to return in json obj...
11/05/2012 09:30:43 pm: Query has run: <CALL USP_GetCategories();>.
11/05/2012 09:30:43 pm: ... Got dataset to return in json obj
11/05/2012 09:31:06 pm: Amount value: -3550. Preg_match_all result is <1>
11/05/2012 09:31:06 pm: Currency = <1>.
11/05/2012 09:31:57 pm: Get the dataset to return in json obj...
11/05/2012 09:31:57 pm: Get the dataset to return in json obj...
11/05/2012 09:31:57 pm: Get the dataset to return in json obj...
11/05/2012 09:31:57 pm: Query has run: <CALL USP_GetCategories2();>.
11/05/2012 09:31:57 pm: ... Got dataset to return in json obj
11/05/2012 09:31:57 pm: Query has run: <CALL USP_GetPayees();>.
11/05/2012 09:31:57 pm: ... Got dataset to return in json obj
11/05/2012 09:31:57 pm: Query has run: <CALL USP_GetCurrencies();>.
11/05/2012 09:31:57 pm: ... Got dataset to return in json obj
11/05/2012 09:31:57 pm: Get the dataset to return in json obj...
11/05/2012 09:31:57 pm: Get the dataset to return in json obj...
11/05/2012 09:31:57 pm: Query has run: <CALL USP_GetAccounts();>.
11/05/2012 09:31:57 pm: ... Got dataset to return in json obj
11/05/2012 09:31:57 pm: Query has run: <CALL USP_GetCategories();>.
11/05/2012 09:31:57 pm: ... Got dataset to return in json obj
11/05/2012 09:31:58 pm: Currency = <1>.
11/05/2012 09:32:14 pm: Get the dataset to return in json obj...
11/05/2012 09:32:14 pm: Query has run: <CALL USP_GetCurrencies();>.
11/05/2012 09:32:14 pm: ... Got dataset to return in json obj
11/05/2012 09:32:14 pm: Get the dataset to return in json obj...
11/05/2012 09:32:14 pm: Get the dataset to return in json obj...
11/05/2012 09:32:14 pm: Query has run: <CALL USP_GetAccounts();>.
11/05/2012 09:32:14 pm: ... Got dataset to return in json obj
11/05/2012 09:32:14 pm: Query has run: <CALL USP_GetCategories();>.
11/05/2012 09:32:14 pm: ... Got dataset to return in json obj
11/05/2012 09:32:14 pm: Get the dataset to return in json obj...
11/05/2012 09:32:14 pm: Query has run: <CALL USP_GetPayees();>.
11/05/2012 09:32:14 pm: ... Got dataset to return in json obj
11/05/2012 09:32:14 pm: Get the dataset to return in json obj...
11/05/2012 09:32:14 pm: Query has run: <CALL USP_GetCategories2();>.
11/05/2012 09:32:14 pm: ... Got dataset to return in json obj
11/05/2012 09:32:52 pm: Get the dataset to return in json obj...
11/05/2012 09:32:52 pm: Get the dataset to return in json obj...
11/05/2012 09:32:52 pm: Query has run: <CALL USP_GetAccounts();>.
11/05/2012 09:32:52 pm: ... Got dataset to return in json obj
11/05/2012 09:32:52 pm: Query has run: <CALL USP_GetCurrencies();>.
11/05/2012 09:32:52 pm: ... Got dataset to return in json obj
11/05/2012 09:32:52 pm: Get the dataset to return in json obj...
11/05/2012 09:32:52 pm: Get the dataset to return in json obj...
11/05/2012 09:32:52 pm: Get the dataset to return in json obj...
11/05/2012 09:32:52 pm: Query has run: <CALL USP_GetPayees();>.
11/05/2012 09:32:52 pm: ... Got dataset to return in json obj
11/05/2012 09:32:52 pm: Query has run: <CALL USP_GetCategories2();>.
11/05/2012 09:32:52 pm: ... Got dataset to return in json obj
11/05/2012 09:32:52 pm: Query has run: <CALL USP_GetCategories();>.
11/05/2012 09:32:52 pm: ... Got dataset to return in json obj
11/05/2012 09:32:54 pm: Currency = <1>.
