07/31/2012 09:09:59 am: Hit to <getData.php>. Type: <acc>. Currency in Post=<1>. currency var=<1>.
07/31/2012 09:09:59 am: Hit to <getData.php>. Type: <cat>. Currency in Post=<>. currency var=<1>.
07/31/2012 09:09:59 am: Hit to <getData.php>. Type: <scat>. Currency in Post=<>. currency var=<1>.
07/31/2012 09:09:59 am: Hit to <getData.php>. Type: <curr>. Currency in Post=<>. currency var=<1>.
07/31/2012 09:09:59 am: Hit to <getData.php>. Type: <payee>. Currency in Post=<>. currency var=<1>.
07/31/2012 09:09:59 am: Get the dataset to return in json obj...
07/31/2012 09:09:59 am: Get the dataset to return in json obj...
07/31/2012 09:09:59 am: Get the dataset to return in json obj...
07/31/2012 09:09:59 am: Get the dataset to return in json obj...
07/31/2012 09:09:59 am: Get the dataset to return in json obj...
07/31/2012 09:09:59 am: Query has run: <CALL USP_GetCurrencies();>.
07/31/2012 09:09:59 am: ... Got dataset to return in json obj
07/31/2012 09:09:59 am: Query has run: <CALL USP_GetCategories();>.
07/31/2012 09:09:59 am: ... Got dataset to return in json obj
07/31/2012 09:09:59 am: Query has run: <CALL USP_GetCategories2();>.
07/31/2012 09:09:59 am: ... Got dataset to return in json obj
07/31/2012 09:09:59 am: Query has run: <CALL USP_GetPayees();>.
07/31/2012 09:09:59 am: ... Got dataset to return in json obj
07/31/2012 09:09:59 am: Query has run: <CALL USP_GetAccounts();>.
07/31/2012 09:09:59 am: ... Got dataset to return in json obj
07/31/2012 09:10:04 am: Hit to <getData.php>. Type: <acc>. Currency in Post=<1>. currency var=<1>.
07/31/2012 09:10:04 am: Hit to <getData.php>. Type: <curr>. Currency in Post=<>. currency var=<1>.
07/31/2012 09:10:04 am: Hit to <getData.php>. Type: <cat>. Currency in Post=<>. currency var=<1>.
07/31/2012 09:10:04 am: Get the dataset to return in json obj...
07/31/2012 09:10:04 am: Get the dataset to return in json obj...
07/31/2012 09:10:04 am: Get the dataset to return in json obj...
07/31/2012 09:10:04 am: Hit to <getData.php>. Type: <payee>. Currency in Post=<>. currency var=<1>.
07/31/2012 09:10:04 am: Hit to <getData.php>. Type: <scat>. Currency in Post=<>. currency var=<1>.
07/31/2012 09:10:04 am: Query has run: <CALL USP_GetCategories();>.
07/31/2012 09:10:04 am: ... Got dataset to return in json obj
07/31/2012 09:10:04 am: Query has run: <CALL USP_GetCurrencies();>.
07/31/2012 09:10:04 am: ... Got dataset to return in json obj
07/31/2012 09:10:04 am: Get the dataset to return in json obj...
07/31/2012 09:10:04 am: Get the dataset to return in json obj...
07/31/2012 09:10:04 am: Query has run: <CALL USP_GetAccounts();>.
07/31/2012 09:10:04 am: ... Got dataset to return in json obj
07/31/2012 09:10:04 am: Query has run: <CALL USP_GetPayees();>.
07/31/2012 09:10:04 am: ... Got dataset to return in json obj
07/31/2012 09:10:04 am: Query has run: <CALL USP_GetCategories2();>.
07/31/2012 09:10:04 am: ... Got dataset to return in json obj
07/31/2012 05:16:15 pm: Hit to <getData.php>. Type: <acc>. Currency in Post=<1>. currency var=<1>.
07/31/2012 05:16:15 pm: Hit to <getData.php>. Type: <curr>. Currency in Post=<>. currency var=<1>.
07/31/2012 05:16:15 pm: Hit to <getData.php>. Type: <cat>. Currency in Post=<>. currency var=<1>.
07/31/2012 05:16:15 pm: Hit to <getData.php>. Type: <payee>. Currency in Post=<>. currency var=<1>.
07/31/2012 05:16:15 pm: Hit to <getData.php>. Type: <scat>. Currency in Post=<>. currency var=<1>.
07/31/2012 05:16:15 pm: Get the dataset to return in json obj...
07/31/2012 05:16:15 pm: Get the dataset to return in json obj...
07/31/2012 05:16:15 pm: Get the dataset to return in json obj...
07/31/2012 05:16:15 pm: Get the dataset to return in json obj...
07/31/2012 05:16:15 pm: Get the dataset to return in json obj...
07/31/2012 05:16:15 pm: Query has run: <CALL USP_GetAccounts();>.
07/31/2012 05:16:15 pm: ... Got dataset to return in json obj
07/31/2012 05:16:15 pm: Query has run: <CALL USP_GetCategories();>.
07/31/2012 05:16:15 pm: Query has run: <CALL USP_GetCategories2();>.
07/31/2012 05:16:15 pm: ... Got dataset to return in json obj
07/31/2012 05:16:15 pm: ... Got dataset to return in json obj
07/31/2012 05:16:15 pm: Query has run: <CALL USP_GetPayees();>.
07/31/2012 05:16:15 pm: ... Got dataset to return in json obj
07/31/2012 05:16:15 pm: Query has run: <CALL USP_GetCurrencies();>.
07/31/2012 05:16:15 pm: ... Got dataset to return in json obj
07/31/2012 05:16:36 pm: Amount value: -495. Preg_match_all result is <1>
07/31/2012 08:36:09 pm: Hit to <getData.php>. Type: <acc>. Currency in Post=<1>. currency var=<1>.
07/31/2012 08:36:09 pm: Get the dataset to return in json obj...
07/31/2012 08:36:09 pm: Hit to <getData.php>. Type: <curr>. Currency in Post=<>. currency var=<1>.
07/31/2012 08:36:09 pm: Hit to <getData.php>. Type: <scat>. Currency in Post=<>. currency var=<1>.
07/31/2012 08:36:09 pm: Get the dataset to return in json obj...
07/31/2012 08:36:09 pm: Hit to <getData.php>. Type: <cat>. Currency in Post=<>. currency var=<1>.
07/31/2012 08:36:09 pm: Query has run: <CALL USP_GetCategories2();>.
07/31/2012 08:36:09 pm: ... Got dataset to return in json obj
07/31/2012 08:36:09 pm: Get the dataset to return in json obj...
07/31/2012 08:36:09 pm: Query has run: <CALL USP_GetCategories();>.
07/31/2012 08:36:09 pm: ... Got dataset to return in json obj
07/31/2012 08:36:09 pm: Hit to <getData.php>. Type: <payee>. Currency in Post=<>. currency var=<1>.
07/31/2012 08:36:09 pm: Get the dataset to return in json obj...
07/31/2012 08:36:09 pm: Get the dataset to return in json obj...
07/31/2012 08:36:09 pm: Query has run: <CALL USP_GetPayees();>.
07/31/2012 08:36:09 pm: ... Got dataset to return in json obj
07/31/2012 08:36:09 pm: Query has run: <CALL USP_GetCurrencies();>.
07/31/2012 08:36:09 pm: ... Got dataset to return in json obj
07/31/2012 08:36:09 pm: Query has run: <CALL USP_GetAccounts();>.
07/31/2012 08:36:09 pm: ... Got dataset to return in json obj
07/31/2012 08:43:42 pm: Hit to <getData.php>. Type: <acc>. Currency in Post=<1>. currency var=<1>.
07/31/2012 08:43:42 pm: Hit to <getData.php>. Type: <cat>. Currency in Post=<>. currency var=<1>.
07/31/2012 08:43:42 pm: Hit to <getData.php>. Type: <payee>. Currency in Post=<>. currency var=<1>.
07/31/2012 08:43:42 pm: Hit to <getData.php>. Type: <scat>. Currency in Post=<>. currency var=<1>.
07/31/2012 08:43:42 pm: Get the dataset to return in json obj...
07/31/2012 08:43:42 pm: Query has run: <CALL USP_GetAccounts();>.
07/31/2012 08:43:42 pm: Hit to <getData.php>. Type: <curr>. Currency in Post=<>. currency var=<1>.
07/31/2012 08:43:42 pm: ... Got dataset to return in json obj
07/31/2012 08:43:42 pm: Get the dataset to return in json obj...
07/31/2012 08:43:42 pm: Get the dataset to return in json obj...
07/31/2012 08:43:42 pm: Get the dataset to return in json obj...
07/31/2012 08:43:42 pm: Query has run: <CALL USP_GetCategories();>.
07/31/2012 08:43:42 pm: ... Got dataset to return in json obj
07/31/2012 08:43:42 pm: Query has run: <CALL USP_GetPayees();>.
07/31/2012 08:43:42 pm: ... Got dataset to return in json obj
07/31/2012 08:43:42 pm: Query has run: <CALL USP_GetCategories2();>.
07/31/2012 08:43:42 pm: ... Got dataset to return in json obj
07/31/2012 08:43:42 pm: Get the dataset to return in json obj...
07/31/2012 08:43:42 pm: Query has run: <CALL USP_GetCurrencies();>.
07/31/2012 08:43:42 pm: ... Got dataset to return in json obj
07/31/2012 09:59:31 pm: Amount value: 10. Preg_match_all result is <1>
07/31/2012 10:03:37 pm: Amount value: 10. Preg_match_all result is <1>
07/31/2012 10:05:16 pm: Amount value: 10. Preg_match_all result is <1>
07/31/2012 10:08:45 pm: Amount value: 10. Preg_match_all result is <1>
07/31/2012 10:08:52 pm: Amount value: 10. Preg_match_all result is <1>
07/31/2012 10:08:53 pm: Amount value: 10. Preg_match_all result is <1>
07/31/2012 10:08:53 pm: Amount value: 10. Preg_match_all result is <1>
07/31/2012 10:09:15 pm: Amount value: 10. Preg_match_all result is <1>
07/31/2012 10:09:30 pm: Amount value: 10. Preg_match_all result is <1>
07/31/2012 10:10:48 pm: Amount value: 10. Preg_match_all result is <1>
