09/08/2012 09:32:50 pm: Hit to <getData.php>. Type: <acc>. Currency in Post=<1>. currency var=<1>.
09/08/2012 09:32:50 pm: Hit to <getData.php>. Type: <curr>. Currency in Post=<>. currency var=<1>.
09/08/2012 09:32:50 pm: Hit to <getData.php>. Type: <payee>. Currency in Post=<>. currency var=<1>.
09/08/2012 09:32:50 pm: Hit to <getData.php>. Type: <cat>. Currency in Post=<>. currency var=<1>.
09/08/2012 09:32:50 pm: Hit to <getData.php>. Type: <scat>. Currency in Post=<>. currency var=<1>.
09/08/2012 09:32:50 pm: Get the dataset to return in json obj...
09/08/2012 09:32:50 pm: Get the dataset to return in json obj...
09/08/2012 09:32:50 pm: Get the dataset to return in json obj...
09/08/2012 09:32:50 pm: Get the dataset to return in json obj...
09/08/2012 09:32:50 pm: Query has run: <CALL USP_GetPayees();>.
09/08/2012 09:32:50 pm: ... Got dataset to return in json obj
09/08/2012 09:32:50 pm: Get the dataset to return in json obj...
09/08/2012 09:32:50 pm: Query has run: <CALL USP_GetAccounts();>.
09/08/2012 09:32:50 pm: ... Got dataset to return in json obj
09/08/2012 09:32:50 pm: Query has run: <CALL USP_GetCategories2();>.
09/08/2012 09:32:50 pm: ... Got dataset to return in json obj
09/08/2012 09:32:50 pm: Query has run: <CALL USP_GetCategories();>.
09/08/2012 09:32:50 pm: ... Got dataset to return in json obj
09/08/2012 09:32:50 pm: Query has run: <CALL USP_GetCurrencies();>.
09/08/2012 09:32:50 pm: ... Got dataset to return in json obj
09/08/2012 09:39:15 pm: Hit to <getData.php>. Type: <acc>. Currency in Post=<1>. currency var=<1>.
09/08/2012 09:39:15 pm: Hit to <getData.php>. Type: <curr>. Currency in Post=<>. currency var=<1>.
09/08/2012 09:39:15 pm: Hit to <getData.php>. Type: <scat>. Currency in Post=<>. currency var=<1>.
09/08/2012 09:39:15 pm: Get the dataset to return in json obj...
09/08/2012 09:39:15 pm: Hit to <getData.php>. Type: <cat>. Currency in Post=<>. currency var=<1>.
09/08/2012 09:39:15 pm: Query has run: <CALL USP_GetCurrencies();>.
09/08/2012 09:39:15 pm: ... Got dataset to return in json obj
09/08/2012 09:39:15 pm: Hit to <getData.php>. Type: <payee>. Currency in Post=<>. currency var=<1>.
09/08/2012 09:39:15 pm: Get the dataset to return in json obj...
09/08/2012 09:39:15 pm: Get the dataset to return in json obj...
09/08/2012 09:39:15 pm: Query has run: <CALL USP_GetAccounts();>.
09/08/2012 09:39:15 pm: ... Got dataset to return in json obj
09/08/2012 09:39:15 pm: Query has run: <CALL USP_GetCategories();>.
09/08/2012 09:39:15 pm: ... Got dataset to return in json obj
09/08/2012 09:39:15 pm: Get the dataset to return in json obj...
09/08/2012 09:39:15 pm: Get the dataset to return in json obj...
09/08/2012 09:39:15 pm: Query has run: <CALL USP_GetCategories2();>.
09/08/2012 09:39:15 pm: ... Got dataset to return in json obj
09/08/2012 09:39:15 pm: Query has run: <CALL USP_GetPayees();>.
09/08/2012 09:39:15 pm: ... Got dataset to return in json obj
09/08/2012 10:50:48 pm: Hit to <getData.php>. Type: <acc>. Currency in Post=<2>. currency var=<2>.
09/08/2012 10:50:48 pm: Get the dataset to return in json obj...
09/08/2012 10:50:48 pm: ... Got dataset to return in json obj
09/08/2012 10:50:48 pm: Hit to <getData.php>. Type: <curr>. Currency in Post=<>. currency var=<1>.
09/08/2012 10:50:48 pm: Get the dataset to return in json obj...
09/08/2012 10:50:48 pm: ... Got dataset to return in json obj
09/08/2012 10:50:48 pm: Hit to <getData.php>. Type: <payee>. Currency in Post=<>. currency var=<1>.
09/08/2012 10:50:48 pm: Get the dataset to return in json obj...
09/08/2012 10:50:48 pm: ... Got dataset to return in json obj
09/08/2012 10:50:48 pm: Hit to <getData.php>. Type: <cat>. Currency in Post=<>. currency var=<1>.
09/08/2012 10:50:48 pm: Get the dataset to return in json obj...
09/08/2012 10:50:48 pm: ... Got dataset to return in json obj
09/08/2012 10:50:48 pm: Hit to <getData.php>. Type: <scat>. Currency in Post=<>. currency var=<1>.
09/08/2012 10:50:48 pm: Get the dataset to return in json obj...
09/08/2012 10:50:48 pm: ... Got dataset to return in json obj
09/08/2012 10:51:28 pm: Hit to <getData.php>. Type: <acc>. Currency in Post=<1>. currency var=<1>.
09/08/2012 10:51:28 pm: Get the dataset to return in json obj...
09/08/2012 10:51:28 pm: ... Got dataset to return in json obj
09/08/2012 10:51:28 pm: Hit to <getData.php>. Type: <payee>. Currency in Post=<>. currency var=<1>.
09/08/2012 10:51:28 pm: Get the dataset to return in json obj...
09/08/2012 10:51:28 pm: ... Got dataset to return in json obj
09/08/2012 10:51:28 pm: Hit to <getData.php>. Type: <cat>. Currency in Post=<>. currency var=<1>.
09/08/2012 10:51:28 pm: Get the dataset to return in json obj...
09/08/2012 10:51:28 pm: ... Got dataset to return in json obj
09/08/2012 10:51:28 pm: Hit to <getData.php>. Type: <curr>. Currency in Post=<>. currency var=<1>.
09/08/2012 10:51:28 pm: Get the dataset to return in json obj...
09/08/2012 10:51:28 pm: ... Got dataset to return in json obj
09/08/2012 10:51:28 pm: Hit to <getData.php>. Type: <scat>. Currency in Post=<>. currency var=<1>.
09/08/2012 10:51:28 pm: Get the dataset to return in json obj...
09/08/2012 10:51:28 pm: ... Got dataset to return in json obj
09/08/2012 10:52:13 pm: dates filters: start: and end:
09/08/2012 10:52:13 pm: dates filters: start:1990-01-01 and end:2100-01-01
09/08/2012 10:52:13 pm: totalrows=0;page=1,limit=10
09/08/2012 10:52:13 pm: query string=cid=2&
09/08/2012 10:52:13 pm: totalrows=0;page=1,limit=10
09/08/2012 10:52:13 pm: totalrows=0;page=1,limit=10
09/08/2012 10:52:13 pm: totalrows=0;page=1,limit=10;startIndex=0
09/08/2012 10:52:15 pm: Hit to <getData.php>. Type: <acc>. Currency in Post=<2>. currency var=<2>.
09/08/2012 10:52:15 pm: Get the dataset to return in json obj...
09/08/2012 10:52:15 pm: ... Got dataset to return in json obj
09/08/2012 10:52:15 pm: Hit to <getData.php>. Type: <curr>. Currency in Post=<>. currency var=<1>.
09/08/2012 10:52:15 pm: Get the dataset to return in json obj...
09/08/2012 10:52:15 pm: ... Got dataset to return in json obj
09/08/2012 10:52:15 pm: Hit to <getData.php>. Type: <payee>. Currency in Post=<>. currency var=<1>.
09/08/2012 10:52:15 pm: Get the dataset to return in json obj...
09/08/2012 10:52:15 pm: ... Got dataset to return in json obj
09/08/2012 10:52:15 pm: Hit to <getData.php>. Type: <cat>. Currency in Post=<>. currency var=<1>.
09/08/2012 10:52:15 pm: Get the dataset to return in json obj...
09/08/2012 10:52:15 pm: ... Got dataset to return in json obj
09/08/2012 10:52:15 pm: Hit to <getData.php>. Type: <scat>. Currency in Post=<>. currency var=<1>.
09/08/2012 10:52:15 pm: Get the dataset to return in json obj...
09/08/2012 10:52:15 pm: ... Got dataset to return in json obj
09/08/2012 10:53:04 pm: Hit to <getData.php>. Type: <payee>. Currency in Post=<>. currency var=<1>.
09/08/2012 10:53:04 pm: Get the dataset to return in json obj...
09/08/2012 10:53:04 pm: ... Got dataset to return in json obj
09/08/2012 10:53:04 pm: Hit to <getData.php>. Type: <cat>. Currency in Post=<>. currency var=<1>.
09/08/2012 10:53:04 pm: Get the dataset to return in json obj...
09/08/2012 10:53:04 pm: ... Got dataset to return in json obj
09/08/2012 10:53:04 pm: Hit to <getData.php>. Type: <scat>. Currency in Post=<>. currency var=<1>.
09/08/2012 10:53:04 pm: Get the dataset to return in json obj...
09/08/2012 10:53:04 pm: ... Got dataset to return in json obj
09/08/2012 10:53:04 pm: Hit to <getData.php>. Type: <acc>. Currency in Post=<1>. currency var=<1>.
09/08/2012 10:53:04 pm: Get the dataset to return in json obj...
09/08/2012 10:53:04 pm: ... Got dataset to return in json obj
09/08/2012 10:53:04 pm: Hit to <getData.php>. Type: <curr>. Currency in Post=<>. currency var=<1>.
09/08/2012 10:53:04 pm: Get the dataset to return in json obj...
09/08/2012 10:53:04 pm: ... Got dataset to return in json obj
09/08/2012 10:54:15 pm: Hit to <getData.php>. Type: <acc>. Currency in Post=<1>. currency var=<1>.
09/08/2012 10:54:15 pm: Get the dataset to return in json obj...
09/08/2012 10:54:15 pm: ... Got dataset to return in json obj
09/08/2012 10:54:15 pm: Hit to <getData.php>. Type: <curr>. Currency in Post=<>. currency var=<1>.
09/08/2012 10:54:15 pm: Get the dataset to return in json obj...
09/08/2012 10:54:15 pm: ... Got dataset to return in json obj
09/08/2012 10:54:15 pm: Hit to <getData.php>. Type: <payee>. Currency in Post=<>. currency var=<1>.
09/08/2012 10:54:15 pm: Get the dataset to return in json obj...
09/08/2012 10:54:15 pm: ... Got dataset to return in json obj
09/08/2012 10:54:15 pm: Hit to <getData.php>. Type: <cat>. Currency in Post=<>. currency var=<1>.
09/08/2012 10:54:15 pm: Get the dataset to return in json obj...
09/08/2012 10:54:15 pm: ... Got dataset to return in json obj
09/08/2012 10:54:15 pm: Hit to <getData.php>. Type: <scat>. Currency in Post=<>. currency var=<1>.
09/08/2012 10:54:15 pm: Get the dataset to return in json obj...
09/08/2012 10:54:15 pm: ... Got dataset to return in json obj
09/08/2012 10:55:39 pm: Hit to <getData.php>. Type: <acc>. Currency in Post=<1>. currency var=<1>.
09/08/2012 10:55:39 pm: Get the dataset to return in json obj...
09/08/2012 10:55:39 pm: ... Got dataset to return in json obj
09/08/2012 10:55:39 pm: Hit to <getData.php>. Type: <curr>. Currency in Post=<>. currency var=<1>.
09/08/2012 10:55:39 pm: Get the dataset to return in json obj...
09/08/2012 10:55:39 pm: ... Got dataset to return in json obj
09/08/2012 10:55:39 pm: Hit to <getData.php>. Type: <payee>. Currency in Post=<>. currency var=<1>.
09/08/2012 10:55:39 pm: Get the dataset to return in json obj...
09/08/2012 10:55:39 pm: ... Got dataset to return in json obj
09/08/2012 10:55:39 pm: Hit to <getData.php>. Type: <cat>. Currency in Post=<>. currency var=<1>.
09/08/2012 10:55:39 pm: Get the dataset to return in json obj...
09/08/2012 10:55:39 pm: ... Got dataset to return in json obj
09/08/2012 10:55:39 pm: Hit to <getData.php>. Type: <scat>. Currency in Post=<>. currency var=<1>.
09/08/2012 10:55:39 pm: Get the dataset to return in json obj...
09/08/2012 10:55:39 pm: ... Got dataset to return in json obj
09/08/2012 11:04:44 pm: Hit to <getData.php>. Type: <acc>. Currency in Post=<1>. currency var=<1>.
09/08/2012 11:04:44 pm: Get the dataset to return in json obj...
09/08/2012 11:04:44 pm: ... Got dataset to return in json obj
09/08/2012 11:04:44 pm: Hit to <getData.php>. Type: <curr>. Currency in Post=<>. currency var=<1>.
09/08/2012 11:04:44 pm: Get the dataset to return in json obj...
09/08/2012 11:04:44 pm: ... Got dataset to return in json obj
09/08/2012 11:04:44 pm: Hit to <getData.php>. Type: <payee>. Currency in Post=<>. currency var=<1>.
09/08/2012 11:04:44 pm: Get the dataset to return in json obj...
09/08/2012 11:04:44 pm: ... Got dataset to return in json obj
09/08/2012 11:04:44 pm: Hit to <getData.php>. Type: <cat>. Currency in Post=<>. currency var=<1>.
09/08/2012 11:04:44 pm: Get the dataset to return in json obj...
09/08/2012 11:04:44 pm: ... Got dataset to return in json obj
09/08/2012 11:04:44 pm: Hit to <getData.php>. Type: <scat>. Currency in Post=<>. currency var=<1>.
09/08/2012 11:04:44 pm: Get the dataset to return in json obj...
09/08/2012 11:04:44 pm: ... Got dataset to return in json obj
09/08/2012 11:06:01 pm: Hit to <getData.php>. Type: <acc>. Currency in Post=<1>. currency var=<1>.
09/08/2012 11:06:01 pm: Get the dataset to return in json obj...
09/08/2012 11:06:01 pm: ... Got dataset to return in json obj
09/08/2012 11:06:01 pm: Hit to <getData.php>. Type: <curr>. Currency in Post=<>. currency var=<1>.
09/08/2012 11:06:01 pm: Get the dataset to return in json obj...
09/08/2012 11:06:01 pm: ... Got dataset to return in json obj
09/08/2012 11:06:01 pm: Hit to <getData.php>. Type: <cat>. Currency in Post=<>. currency var=<1>.
09/08/2012 11:06:01 pm: Get the dataset to return in json obj...
09/08/2012 11:06:01 pm: ... Got dataset to return in json obj
09/08/2012 11:06:01 pm: Hit to <getData.php>. Type: <scat>. Currency in Post=<>. currency var=<1>.
09/08/2012 11:06:01 pm: Get the dataset to return in json obj...
09/08/2012 11:06:01 pm: ... Got dataset to return in json obj
09/08/2012 11:06:02 pm: Hit to <getData.php>. Type: <payee>. Currency in Post=<>. currency var=<1>.
09/08/2012 11:06:02 pm: Get the dataset to return in json obj...
09/08/2012 11:06:02 pm: ... Got dataset to return in json obj
09/08/2012 11:07:15 pm: Hit to <getData.php>. Type: <acc>. Currency in Post=<1>. currency var=<1>.
09/08/2012 11:07:15 pm: Get the dataset to return in json obj...
09/08/2012 11:07:15 pm: ... Got dataset to return in json obj
09/08/2012 11:07:15 pm: Hit to <getData.php>. Type: <curr>. Currency in Post=<>. currency var=<1>.
09/08/2012 11:07:15 pm: Get the dataset to return in json obj...
09/08/2012 11:07:15 pm: ... Got dataset to return in json obj
09/08/2012 11:07:15 pm: Hit to <getData.php>. Type: <payee>. Currency in Post=<>. currency var=<1>.
09/08/2012 11:07:15 pm: Get the dataset to return in json obj...
09/08/2012 11:07:15 pm: ... Got dataset to return in json obj
09/08/2012 11:07:15 pm: Hit to <getData.php>. Type: <cat>. Currency in Post=<>. currency var=<1>.
09/08/2012 11:07:15 pm: Get the dataset to return in json obj...
09/08/2012 11:07:15 pm: ... Got dataset to return in json obj
09/08/2012 11:07:15 pm: Hit to <getData.php>. Type: <scat>. Currency in Post=<>. currency var=<1>.
09/08/2012 11:07:15 pm: Get the dataset to return in json obj...
09/08/2012 11:07:15 pm: ... Got dataset to return in json obj
09/08/2012 11:09:25 pm: Hit to <getData.php>. Type: <curr>. Currency in Post=<>. currency var=<1>.
09/08/2012 11:09:25 pm: Get the dataset to return in json obj...
09/08/2012 11:09:25 pm: ... Got dataset to return in json obj
09/08/2012 11:09:25 pm: Hit to <getData.php>. Type: <payee>. Currency in Post=<>. currency var=<1>.
09/08/2012 11:09:25 pm: Get the dataset to return in json obj...
09/08/2012 11:09:25 pm: ... Got dataset to return in json obj
09/08/2012 11:09:25 pm: Hit to <getData.php>. Type: <acc>. Currency in Post=<1>. currency var=<1>.
09/08/2012 11:09:25 pm: Get the dataset to return in json obj...
09/08/2012 11:09:25 pm: ... Got dataset to return in json obj
09/08/2012 11:09:25 pm: Hit to <getData.php>. Type: <cat>. Currency in Post=<>. currency var=<1>.
09/08/2012 11:09:25 pm: Get the dataset to return in json obj...
09/08/2012 11:09:25 pm: ... Got dataset to return in json obj
09/08/2012 11:09:25 pm: Hit to <getData.php>. Type: <scat>. Currency in Post=<>. currency var=<1>.
09/08/2012 11:09:25 pm: Get the dataset to return in json obj...
09/08/2012 11:09:25 pm: ... Got dataset to return in json obj
09/08/2012 11:09:27 pm: Hit to <getData.php>. Type: <acc>. Currency in Post=<1>. currency var=<1>.
09/08/2012 11:09:27 pm: Get the dataset to return in json obj...
09/08/2012 11:09:27 pm: ... Got dataset to return in json obj
09/08/2012 11:09:27 pm: Hit to <getData.php>. Type: <curr>. Currency in Post=<>. currency var=<1>.
09/08/2012 11:09:27 pm: Get the dataset to return in json obj...
09/08/2012 11:09:27 pm: ... Got dataset to return in json obj
09/08/2012 11:09:27 pm: Hit to <getData.php>. Type: <payee>. Currency in Post=<>. currency var=<1>.
09/08/2012 11:09:27 pm: Get the dataset to return in json obj...
09/08/2012 11:09:27 pm: ... Got dataset to return in json obj
09/08/2012 11:09:27 pm: Hit to <getData.php>. Type: <cat>. Currency in Post=<>. currency var=<1>.
09/08/2012 11:09:27 pm: Get the dataset to return in json obj...
09/08/2012 11:09:27 pm: ... Got dataset to return in json obj
09/08/2012 11:09:27 pm: Hit to <getData.php>. Type: <scat>. Currency in Post=<>. currency var=<1>.
09/08/2012 11:09:27 pm: Get the dataset to return in json obj...
09/08/2012 11:09:27 pm: ... Got dataset to return in json obj
09/08/2012 11:09:42 pm: Hit to <getData.php>. Type: <curr>. Currency in Post=<>. currency var=<1>.
09/08/2012 11:09:42 pm: Get the dataset to return in json obj...
09/08/2012 11:09:42 pm: ... Got dataset to return in json obj
09/08/2012 11:09:42 pm: Hit to <getData.php>. Type: <payee>. Currency in Post=<>. currency var=<1>.
09/08/2012 11:09:42 pm: Get the dataset to return in json obj...
09/08/2012 11:09:42 pm: ... Got dataset to return in json obj
09/08/2012 11:09:42 pm: Hit to <getData.php>. Type: <acc>. Currency in Post=<1>. currency var=<1>.
09/08/2012 11:09:42 pm: Get the dataset to return in json obj...
09/08/2012 11:09:42 pm: ... Got dataset to return in json obj
09/08/2012 11:09:42 pm: Hit to <getData.php>. Type: <cat>. Currency in Post=<>. currency var=<1>.
09/08/2012 11:09:42 pm: Get the dataset to return in json obj...
09/08/2012 11:09:42 pm: ... Got dataset to return in json obj
09/08/2012 11:09:42 pm: Hit to <getData.php>. Type: <scat>. Currency in Post=<>. currency var=<1>.
09/08/2012 11:09:42 pm: Get the dataset to return in json obj...
09/08/2012 11:09:42 pm: ... Got dataset to return in json obj
09/08/2012 11:09:54 pm: Hit to <getData.php>. Type: <acc>. Currency in Post=<1>. currency var=<1>.
09/08/2012 11:09:54 pm: Get the dataset to return in json obj...
09/08/2012 11:09:54 pm: ... Got dataset to return in json obj
09/08/2012 11:09:54 pm: Hit to <getData.php>. Type: <curr>. Currency in Post=<>. currency var=<1>.
09/08/2012 11:09:54 pm: Get the dataset to return in json obj...
09/08/2012 11:09:54 pm: ... Got dataset to return in json obj
09/08/2012 11:09:54 pm: Hit to <getData.php>. Type: <payee>. Currency in Post=<>. currency var=<1>.
09/08/2012 11:09:54 pm: Get the dataset to return in json obj...
09/08/2012 11:09:54 pm: ... Got dataset to return in json obj
09/08/2012 11:09:54 pm: Hit to <getData.php>. Type: <cat>. Currency in Post=<>. currency var=<1>.
09/08/2012 11:09:54 pm: Get the dataset to return in json obj...
09/08/2012 11:09:54 pm: ... Got dataset to return in json obj
09/08/2012 11:09:54 pm: Hit to <getData.php>. Type: <scat>. Currency in Post=<>. currency var=<1>.
09/08/2012 11:09:54 pm: Get the dataset to return in json obj...
09/08/2012 11:09:54 pm: ... Got dataset to return in json obj
09/08/2012 11:10:44 pm: Hit to <getData.php>. Type: <acc>. Currency in Post=<1>. currency var=<1>.
09/08/2012 11:10:44 pm: Get the dataset to return in json obj...
09/08/2012 11:10:44 pm: ... Got dataset to return in json obj
09/08/2012 11:10:44 pm: Hit to <getData.php>. Type: <curr>. Currency in Post=<>. currency var=<1>.
09/08/2012 11:10:44 pm: Get the dataset to return in json obj...
09/08/2012 11:10:44 pm: ... Got dataset to return in json obj
09/08/2012 11:10:44 pm: Hit to <getData.php>. Type: <payee>. Currency in Post=<>. currency var=<1>.
09/08/2012 11:10:44 pm: Get the dataset to return in json obj...
09/08/2012 11:10:44 pm: ... Got dataset to return in json obj
09/08/2012 11:10:44 pm: Hit to <getData.php>. Type: <cat>. Currency in Post=<>. currency var=<1>.
09/08/2012 11:10:44 pm: Get the dataset to return in json obj...
09/08/2012 11:10:44 pm: ... Got dataset to return in json obj
09/08/2012 11:10:44 pm: Hit to <getData.php>. Type: <scat>. Currency in Post=<>. currency var=<1>.
09/08/2012 11:10:44 pm: Get the dataset to return in json obj...
09/08/2012 11:10:44 pm: ... Got dataset to return in json obj
09/08/2012 11:11:37 pm: Hit to <getData.php>. Type: <acc>. Currency in Post=<1>. currency var=<1>.
09/08/2012 11:11:37 pm: Get the dataset to return in json obj...
09/08/2012 11:11:37 pm: ... Got dataset to return in json obj
09/08/2012 11:11:37 pm: Hit to <getData.php>. Type: <curr>. Currency in Post=<>. currency var=<1>.
09/08/2012 11:11:37 pm: Get the dataset to return in json obj...
09/08/2012 11:11:37 pm: ... Got dataset to return in json obj
09/08/2012 11:11:37 pm: Hit to <getData.php>. Type: <payee>. Currency in Post=<>. currency var=<1>.
09/08/2012 11:11:37 pm: Get the dataset to return in json obj...
09/08/2012 11:11:37 pm: ... Got dataset to return in json obj
09/08/2012 11:11:37 pm: Hit to <getData.php>. Type: <cat>. Currency in Post=<>. currency var=<1>.
09/08/2012 11:11:37 pm: Get the dataset to return in json obj...
09/08/2012 11:11:37 pm: ... Got dataset to return in json obj
09/08/2012 11:11:37 pm: Hit to <getData.php>. Type: <scat>. Currency in Post=<>. currency var=<1>.
09/08/2012 11:11:37 pm: Get the dataset to return in json obj...
09/08/2012 11:11:37 pm: ... Got dataset to return in json obj
09/08/2012 11:12:08 pm: Hit to <getData.php>. Type: <acc>. Currency in Post=<1>. currency var=<1>.
09/08/2012 11:12:08 pm: Get the dataset to return in json obj...
09/08/2012 11:12:08 pm: ... Got dataset to return in json obj
09/08/2012 11:12:08 pm: Hit to <getData.php>. Type: <curr>. Currency in Post=<>. currency var=<1>.
09/08/2012 11:12:08 pm: Get the dataset to return in json obj...
09/08/2012 11:12:08 pm: ... Got dataset to return in json obj
09/08/2012 11:12:08 pm: Hit to <getData.php>. Type: <payee>. Currency in Post=<>. currency var=<1>.
09/08/2012 11:12:08 pm: Get the dataset to return in json obj...
09/08/2012 11:12:08 pm: ... Got dataset to return in json obj
09/08/2012 11:12:08 pm: Hit to <getData.php>. Type: <cat>. Currency in Post=<>. currency var=<1>.
09/08/2012 11:12:08 pm: Get the dataset to return in json obj...
09/08/2012 11:12:08 pm: ... Got dataset to return in json obj
09/08/2012 11:12:08 pm: Hit to <getData.php>. Type: <scat>. Currency in Post=<>. currency var=<1>.
09/08/2012 11:12:08 pm: Get the dataset to return in json obj...
09/08/2012 11:12:08 pm: ... Got dataset to return in json obj
09/08/2012 11:12:09 pm: Hit to <getData.php>. Type: <curr>. Currency in Post=<>. currency var=<1>.
09/08/2012 11:12:09 pm: Get the dataset to return in json obj...
09/08/2012 11:12:09 pm: ... Got dataset to return in json obj
09/08/2012 11:12:09 pm: Hit to <getData.php>. Type: <payee>. Currency in Post=<>. currency var=<1>.
09/08/2012 11:12:09 pm: Get the dataset to return in json obj...
09/08/2012 11:12:09 pm: ... Got dataset to return in json obj
09/08/2012 11:12:09 pm: Hit to <getData.php>. Type: <acc>. Currency in Post=<1>. currency var=<1>.
09/08/2012 11:12:09 pm: Get the dataset to return in json obj...
09/08/2012 11:12:09 pm: ... Got dataset to return in json obj
09/08/2012 11:12:09 pm: Hit to <getData.php>. Type: <cat>. Currency in Post=<>. currency var=<1>.
09/08/2012 11:12:09 pm: Get the dataset to return in json obj...
09/08/2012 11:12:09 pm: ... Got dataset to return in json obj
09/08/2012 11:12:09 pm: Hit to <getData.php>. Type: <scat>. Currency in Post=<>. currency var=<1>.
09/08/2012 11:12:09 pm: Get the dataset to return in json obj...
09/08/2012 11:12:09 pm: ... Got dataset to return in json obj
09/08/2012 11:12:11 pm: Hit to <getData.php>. Type: <acc>. Currency in Post=<1>. currency var=<1>.
09/08/2012 11:12:11 pm: Get the dataset to return in json obj...
09/08/2012 11:12:11 pm: ... Got dataset to return in json obj
09/08/2012 11:12:11 pm: Hit to <getData.php>. Type: <curr>. Currency in Post=<>. currency var=<1>.
09/08/2012 11:12:11 pm: Get the dataset to return in json obj...
09/08/2012 11:12:11 pm: ... Got dataset to return in json obj
09/08/2012 11:12:11 pm: Hit to <getData.php>. Type: <payee>. Currency in Post=<>. currency var=<1>.
09/08/2012 11:12:11 pm: Get the dataset to return in json obj...
09/08/2012 11:12:11 pm: ... Got dataset to return in json obj
09/08/2012 11:12:11 pm: Hit to <getData.php>. Type: <cat>. Currency in Post=<>. currency var=<1>.
09/08/2012 11:12:11 pm: Get the dataset to return in json obj...
09/08/2012 11:12:11 pm: ... Got dataset to return in json obj
09/08/2012 11:12:11 pm: Hit to <getData.php>. Type: <scat>. Currency in Post=<>. currency var=<1>.
09/08/2012 11:12:11 pm: Get the dataset to return in json obj...
09/08/2012 11:12:11 pm: ... Got dataset to return in json obj
09/08/2012 11:12:12 pm: Hit to <getData.php>. Type: <acc>. Currency in Post=<1>. currency var=<1>.
09/08/2012 11:12:12 pm: Get the dataset to return in json obj...
09/08/2012 11:12:12 pm: ... Got dataset to return in json obj
09/08/2012 11:12:12 pm: Hit to <getData.php>. Type: <curr>. Currency in Post=<>. currency var=<1>.
09/08/2012 11:12:12 pm: Get the dataset to return in json obj...
09/08/2012 11:12:12 pm: ... Got dataset to return in json obj
09/08/2012 11:12:12 pm: Hit to <getData.php>. Type: <payee>. Currency in Post=<>. currency var=<1>.
09/08/2012 11:12:12 pm: Get the dataset to return in json obj...
09/08/2012 11:12:12 pm: ... Got dataset to return in json obj
09/08/2012 11:12:12 pm: Hit to <getData.php>. Type: <cat>. Currency in Post=<>. currency var=<1>.
09/08/2012 11:12:12 pm: Get the dataset to return in json obj...
09/08/2012 11:12:12 pm: ... Got dataset to return in json obj
09/08/2012 11:12:12 pm: Hit to <getData.php>. Type: <scat>. Currency in Post=<>. currency var=<1>.
09/08/2012 11:12:12 pm: Get the dataset to return in json obj...
09/08/2012 11:12:12 pm: ... Got dataset to return in json obj
09/08/2012 11:12:21 pm: Hit to <getData.php>. Type: <curr>. Currency in Post=<>. currency var=<1>.
09/08/2012 11:12:21 pm: Get the dataset to return in json obj...
09/08/2012 11:12:21 pm: ... Got dataset to return in json obj
09/08/2012 11:12:21 pm: Hit to <getData.php>. Type: <payee>. Currency in Post=<>. currency var=<1>.
09/08/2012 11:12:21 pm: Get the dataset to return in json obj...
09/08/2012 11:12:21 pm: ... Got dataset to return in json obj
09/08/2012 11:12:21 pm: Hit to <getData.php>. Type: <acc>. Currency in Post=<1>. currency var=<1>.
09/08/2012 11:12:21 pm: Get the dataset to return in json obj...
09/08/2012 11:12:21 pm: ... Got dataset to return in json obj
09/08/2012 11:12:21 pm: Hit to <getData.php>. Type: <cat>. Currency in Post=<>. currency var=<1>.
09/08/2012 11:12:21 pm: Get the dataset to return in json obj...
09/08/2012 11:12:21 pm: ... Got dataset to return in json obj
09/08/2012 11:12:21 pm: Hit to <getData.php>. Type: <scat>. Currency in Post=<>. currency var=<1>.
09/08/2012 11:12:21 pm: Get the dataset to return in json obj...
09/08/2012 11:12:21 pm: ... Got dataset to return in json obj
09/08/2012 11:14:04 pm: Hit to <getData.php>. Type: <acc>. Currency in Post=<1>. currency var=<1>.
09/08/2012 11:14:04 pm: Get the dataset to return in json obj...
09/08/2012 11:14:04 pm: ... Got dataset to return in json obj
09/08/2012 11:14:04 pm: Hit to <getData.php>. Type: <curr>. Currency in Post=<>. currency var=<1>.
09/08/2012 11:14:04 pm: Get the dataset to return in json obj...
09/08/2012 11:14:04 pm: ... Got dataset to return in json obj
09/08/2012 11:14:04 pm: Hit to <getData.php>. Type: <payee>. Currency in Post=<>. currency var=<1>.
09/08/2012 11:14:04 pm: Get the dataset to return in json obj...
09/08/2012 11:14:04 pm: ... Got dataset to return in json obj
09/08/2012 11:14:04 pm: Hit to <getData.php>. Type: <cat>. Currency in Post=<>. currency var=<1>.
09/08/2012 11:14:04 pm: Get the dataset to return in json obj...
09/08/2012 11:14:04 pm: ... Got dataset to return in json obj
09/08/2012 11:14:04 pm: Hit to <getData.php>. Type: <scat>. Currency in Post=<>. currency var=<1>.
09/08/2012 11:14:04 pm: Get the dataset to return in json obj...
09/08/2012 11:14:04 pm: ... Got dataset to return in json obj
09/08/2012 10:14:54 pm: Hit to <getData.php>. Type: <acc>. Currency in Post=<1>. currency var=<1>.
09/08/2012 10:14:54 pm: Get the dataset to return in json obj...
09/08/2012 10:14:54 pm: Query has run: <CALL USP_GetAccounts();>.
09/08/2012 10:14:54 pm: ... Got dataset to return in json obj
09/08/2012 10:14:54 pm: Hit to <getData.php>. Type: <payee>. Currency in Post=<>. currency var=<1>.
09/08/2012 10:14:54 pm: Hit to <getData.php>. Type: <curr>. Currency in Post=<>. currency var=<1>.
09/08/2012 10:14:54 pm: Hit to <getData.php>. Type: <scat>. Currency in Post=<>. currency var=<1>.
09/08/2012 10:14:54 pm: Hit to <getData.php>. Type: <cat>. Currency in Post=<>. currency var=<1>.
09/08/2012 10:14:54 pm: Get the dataset to return in json obj...
09/08/2012 10:14:54 pm: Query has run: <CALL USP_GetCurrencies();>.
09/08/2012 10:14:54 pm: ... Got dataset to return in json obj
09/08/2012 10:14:54 pm: Get the dataset to return in json obj...
09/08/2012 10:14:54 pm: Get the dataset to return in json obj...
09/08/2012 10:14:54 pm: Get the dataset to return in json obj...
09/08/2012 10:14:54 pm: Query has run: <CALL USP_GetPayees();>.
09/08/2012 10:14:54 pm: ... Got dataset to return in json obj
09/08/2012 10:14:54 pm: Query has run: <CALL USP_GetCategories2();>.
09/08/2012 10:14:54 pm: Query has run: <CALL USP_GetCategories();>.
09/08/2012 10:14:54 pm: ... Got dataset to return in json obj
09/08/2012 10:14:54 pm: ... Got dataset to return in json obj
09/08/2012 10:15:16 pm: Hit to <getData.php>. Type: <acc>. Currency in Post=<1>. currency var=<1>.
09/08/2012 10:15:16 pm: Get the dataset to return in json obj...
09/08/2012 10:15:16 pm: Query has run: <CALL USP_GetAccounts();>.
09/08/2012 10:15:16 pm: ... Got dataset to return in json obj
09/08/2012 10:15:16 pm: Hit to <getData.php>. Type: <curr>. Currency in Post=<>. currency var=<1>.
09/08/2012 10:15:16 pm: Hit to <getData.php>. Type: <payee>. Currency in Post=<>. currency var=<1>.
09/08/2012 10:15:16 pm: Hit to <getData.php>. Type: <scat>. Currency in Post=<>. currency var=<1>.
09/08/2012 10:15:16 pm: Get the dataset to return in json obj...
09/08/2012 10:15:16 pm: Get the dataset to return in json obj...
09/08/2012 10:15:16 pm: Get the dataset to return in json obj...
09/08/2012 10:15:16 pm: Query has run: <CALL USP_GetCurrencies();>.
09/08/2012 10:15:16 pm: ... Got dataset to return in json obj
09/08/2012 10:15:17 pm: Query has run: <CALL USP_GetPayees();>.
09/08/2012 10:15:17 pm: ... Got dataset to return in json obj
09/08/2012 10:15:17 pm: Query has run: <CALL USP_GetCategories2();>.
09/08/2012 10:15:17 pm: ... Got dataset to return in json obj
09/08/2012 10:15:17 pm: Hit to <getData.php>. Type: <cat>. Currency in Post=<>. currency var=<1>.
09/08/2012 10:15:17 pm: Get the dataset to return in json obj...
09/08/2012 10:15:17 pm: Query has run: <CALL USP_GetCategories();>.
09/08/2012 10:15:17 pm: ... Got dataset to return in json obj
09/08/2012 10:16:43 pm: Hit to <getData.php>. Type: <acc>. Currency in Post=<1>. currency var=<1>.
09/08/2012 10:16:43 pm: Hit to <getData.php>. Type: <curr>. Currency in Post=<>. currency var=<1>.
09/08/2012 10:16:43 pm: Get the dataset to return in json obj...
09/08/2012 10:16:43 pm: Get the dataset to return in json obj...
09/08/2012 10:16:43 pm: Query has run: <CALL USP_GetAccounts();>.
09/08/2012 10:16:43 pm: ... Got dataset to return in json obj
09/08/2012 10:16:43 pm: Query has run: <CALL USP_GetCurrencies();>.
09/08/2012 10:16:43 pm: ... Got dataset to return in json obj
09/08/2012 10:16:43 pm: Hit to <getData.php>. Type: <payee>. Currency in Post=<>. currency var=<1>.
09/08/2012 10:16:43 pm: Get the dataset to return in json obj...
09/08/2012 10:16:43 pm: Query has run: <CALL USP_GetPayees();>.
09/08/2012 10:16:43 pm: ... Got dataset to return in json obj
09/08/2012 10:16:43 pm: Hit to <getData.php>. Type: <cat>. Currency in Post=<>. currency var=<1>.
09/08/2012 10:16:43 pm: Get the dataset to return in json obj...
09/08/2012 10:16:43 pm: Query has run: <CALL USP_GetCategories();>.
09/08/2012 10:16:43 pm: ... Got dataset to return in json obj
09/08/2012 10:16:43 pm: Hit to <getData.php>. Type: <scat>. Currency in Post=<>. currency var=<1>.
09/08/2012 10:16:43 pm: Get the dataset to return in json obj...
09/08/2012 10:16:43 pm: Query has run: <CALL USP_GetCategories2();>.
09/08/2012 10:16:43 pm: ... Got dataset to return in json obj
09/08/2012 10:16:45 pm: Hit to <getData.php>. Type: <acc>. Currency in Post=<1>. currency var=<1>.
09/08/2012 10:16:45 pm: Get the dataset to return in json obj...
09/08/2012 10:16:45 pm: Query has run: <CALL USP_GetAccounts();>.
09/08/2012 10:16:45 pm: ... Got dataset to return in json obj
09/08/2012 10:16:45 pm: Hit to <getData.php>. Type: <curr>. Currency in Post=<>. currency var=<1>.
09/08/2012 10:16:45 pm: Get the dataset to return in json obj...
09/08/2012 10:16:45 pm: Query has run: <CALL USP_GetCurrencies();>.
09/08/2012 10:16:45 pm: ... Got dataset to return in json obj
09/08/2012 10:16:45 pm: Hit to <getData.php>. Type: <payee>. Currency in Post=<>. currency var=<1>.
09/08/2012 10:16:45 pm: Get the dataset to return in json obj...
09/08/2012 10:16:45 pm: Query has run: <CALL USP_GetPayees();>.
09/08/2012 10:16:45 pm: ... Got dataset to return in json obj
09/08/2012 10:16:45 pm: Hit to <getData.php>. Type: <scat>. Currency in Post=<>. currency var=<1>.
09/08/2012 10:16:45 pm: Hit to <getData.php>. Type: <cat>. Currency in Post=<>. currency var=<1>.
09/08/2012 10:16:45 pm: Get the dataset to return in json obj...
09/08/2012 10:16:45 pm: Get the dataset to return in json obj...
09/08/2012 10:16:45 pm: Query has run: <CALL USP_GetCategories2();>.
09/08/2012 10:16:45 pm: ... Got dataset to return in json obj
09/08/2012 10:16:45 pm: Query has run: <CALL USP_GetCategories();>.
09/08/2012 10:16:45 pm: ... Got dataset to return in json obj
09/08/2012 10:16:47 pm: Hit to <getData.php>. Type: <acc>. Currency in Post=<1>. currency var=<1>.
09/08/2012 10:16:47 pm: Hit to <getData.php>. Type: <curr>. Currency in Post=<>. currency var=<1>.
09/08/2012 10:16:47 pm: Hit to <getData.php>. Type: <payee>. Currency in Post=<>. currency var=<1>.
09/08/2012 10:16:47 pm: Get the dataset to return in json obj...
09/08/2012 10:16:47 pm: Hit to <getData.php>. Type: <cat>. Currency in Post=<>. currency var=<1>.
09/08/2012 10:16:47 pm: Query has run: <CALL USP_GetPayees();>.
09/08/2012 10:16:47 pm: ... Got dataset to return in json obj
09/08/2012 10:16:47 pm: Get the dataset to return in json obj...
09/08/2012 10:16:47 pm: Get the dataset to return in json obj...
09/08/2012 10:16:47 pm: Query has run: <CALL USP_GetCategories();>.
09/08/2012 10:16:47 pm: ... Got dataset to return in json obj
09/08/2012 10:16:47 pm: Hit to <getData.php>. Type: <scat>. Currency in Post=<>. currency var=<1>.
09/08/2012 10:16:47 pm: Get the dataset to return in json obj...
09/08/2012 10:16:47 pm: Query has run: <CALL USP_GetAccounts();>.
09/08/2012 10:16:47 pm: ... Got dataset to return in json obj
09/08/2012 10:16:47 pm: Query has run: <CALL USP_GetCurrencies();>.
09/08/2012 10:16:47 pm: ... Got dataset to return in json obj
09/08/2012 10:16:47 pm: Get the dataset to return in json obj...
09/08/2012 10:16:47 pm: Query has run: <CALL USP_GetCategories2();>.
09/08/2012 10:16:47 pm: ... Got dataset to return in json obj
09/08/2012 10:16:48 pm: Hit to <getData.php>. Type: <acc>. Currency in Post=<1>. currency var=<1>.
09/08/2012 10:16:48 pm: Get the dataset to return in json obj...
09/08/2012 10:16:48 pm: Hit to <getData.php>. Type: <curr>. Currency in Post=<>. currency var=<1>.
09/08/2012 10:16:48 pm: Hit to <getData.php>. Type: <payee>. Currency in Post=<>. currency var=<1>.
09/08/2012 10:16:48 pm: Query has run: <CALL USP_GetAccounts();>.
09/08/2012 10:16:48 pm: ... Got dataset to return in json obj
09/08/2012 10:16:48 pm: Get the dataset to return in json obj...
09/08/2012 10:16:48 pm: Get the dataset to return in json obj...
09/08/2012 10:16:48 pm: Query has run: <CALL USP_GetCurrencies();>.
09/08/2012 10:16:48 pm: ... Got dataset to return in json obj
09/08/2012 10:16:48 pm: Query has run: <CALL USP_GetPayees();>.
09/08/2012 10:16:48 pm: ... Got dataset to return in json obj
09/08/2012 10:16:48 pm: Hit to <getData.php>. Type: <cat>. Currency in Post=<>. currency var=<1>.
09/08/2012 10:16:48 pm: Hit to <getData.php>. Type: <scat>. Currency in Post=<>. currency var=<1>.
09/08/2012 10:16:48 pm: Get the dataset to return in json obj...
09/08/2012 10:16:48 pm: Get the dataset to return in json obj...
09/08/2012 10:16:48 pm: Query has run: <CALL USP_GetCategories();>.
09/08/2012 10:16:48 pm: ... Got dataset to return in json obj
09/08/2012 10:16:48 pm: Query has run: <CALL USP_GetCategories2();>.
09/08/2012 10:16:48 pm: ... Got dataset to return in json obj
09/08/2012 10:16:49 pm: Hit to <getData.php>. Type: <acc>. Currency in Post=<1>. currency var=<1>.
09/08/2012 10:16:49 pm: Hit to <getData.php>. Type: <curr>. Currency in Post=<>. currency var=<1>.
09/08/2012 10:16:49 pm: Get the dataset to return in json obj...
09/08/2012 10:16:49 pm: Get the dataset to return in json obj...
09/08/2012 10:16:49 pm: Query has run: <CALL USP_GetAccounts();>.
09/08/2012 10:16:49 pm: ... Got dataset to return in json obj
09/08/2012 10:16:49 pm: Query has run: <CALL USP_GetCurrencies();>.
09/08/2012 10:16:49 pm: ... Got dataset to return in json obj
09/08/2012 10:16:49 pm: Hit to <getData.php>. Type: <payee>. Currency in Post=<>. currency var=<1>.
09/08/2012 10:16:49 pm: Hit to <getData.php>. Type: <cat>. Currency in Post=<>. currency var=<1>.
09/08/2012 10:16:49 pm: Get the dataset to return in json obj...
09/08/2012 10:16:49 pm: Get the dataset to return in json obj...
09/08/2012 10:16:49 pm: Query has run: <CALL USP_GetPayees();>.
09/08/2012 10:16:49 pm: ... Got dataset to return in json obj
09/08/2012 10:16:49 pm: Hit to <getData.php>. Type: <scat>. Currency in Post=<>. currency var=<1>.
09/08/2012 10:16:49 pm: Query has run: <CALL USP_GetCategories();>.
09/08/2012 10:16:49 pm: ... Got dataset to return in json obj
09/08/2012 10:16:49 pm: Get the dataset to return in json obj...
09/08/2012 10:16:49 pm: Query has run: <CALL USP_GetCategories2();>.
09/08/2012 10:16:49 pm: ... Got dataset to return in json obj
09/08/2012 10:16:51 pm: Hit to <getData.php>. Type: <acc>. Currency in Post=<1>. currency var=<1>.
09/08/2012 10:16:51 pm: Get the dataset to return in json obj...
09/08/2012 10:16:51 pm: Query has run: <CALL USP_GetAccounts();>.
09/08/2012 10:16:51 pm: ... Got dataset to return in json obj
09/08/2012 10:16:51 pm: Hit to <getData.php>. Type: <curr>. Currency in Post=<>. currency var=<1>.
09/08/2012 10:16:51 pm: Get the dataset to return in json obj...
09/08/2012 10:16:51 pm: Query has run: <CALL USP_GetCurrencies();>.
09/08/2012 10:16:51 pm: ... Got dataset to return in json obj
09/08/2012 10:16:51 pm: Hit to <getData.php>. Type: <payee>. Currency in Post=<>. currency var=<1>.
09/08/2012 10:16:51 pm: Get the dataset to return in json obj...
09/08/2012 10:16:51 pm: Query has run: <CALL USP_GetPayees();>.
09/08/2012 10:16:51 pm: ... Got dataset to return in json obj
09/08/2012 10:16:51 pm: Hit to <getData.php>. Type: <cat>. Currency in Post=<>. currency var=<1>.
09/08/2012 10:16:51 pm: Get the dataset to return in json obj...
09/08/2012 10:16:51 pm: Query has run: <CALL USP_GetCategories();>.
09/08/2012 10:16:51 pm: ... Got dataset to return in json obj
09/08/2012 10:16:51 pm: Hit to <getData.php>. Type: <scat>. Currency in Post=<>. currency var=<1>.
09/08/2012 10:16:51 pm: Get the dataset to return in json obj...
09/08/2012 10:16:51 pm: Query has run: <CALL USP_GetCategories2();>.
09/08/2012 10:16:51 pm: ... Got dataset to return in json obj
09/08/2012 10:18:25 pm: Hit to <getData.php>. Type: <acc>. Currency in Post=<1>. currency var=<1>.
09/08/2012 10:18:25 pm: Get the dataset to return in json obj...
09/08/2012 10:18:25 pm: Hit to <getData.php>. Type: <curr>. Currency in Post=<>. currency var=<1>.
09/08/2012 10:18:25 pm: Query has run: <CALL USP_GetAccounts();>.
09/08/2012 10:18:25 pm: ... Got dataset to return in json obj
09/08/2012 10:18:25 pm: Get the dataset to return in json obj...
09/08/2012 10:18:25 pm: Query has run: <CALL USP_GetCurrencies();>.
09/08/2012 10:18:25 pm: ... Got dataset to return in json obj
09/08/2012 10:18:25 pm: Hit to <getData.php>. Type: <payee>. Currency in Post=<>. currency var=<1>.
09/08/2012 10:18:25 pm: Hit to <getData.php>. Type: <cat>. Currency in Post=<>. currency var=<1>.
09/08/2012 10:18:25 pm: Get the dataset to return in json obj...
09/08/2012 10:18:25 pm: Query has run: <CALL USP_GetPayees();>.
09/08/2012 10:18:25 pm: ... Got dataset to return in json obj
09/08/2012 10:18:25 pm: Hit to <getData.php>. Type: <scat>. Currency in Post=<>. currency var=<1>.
09/08/2012 10:18:25 pm: Get the dataset to return in json obj...
09/08/2012 10:18:25 pm: Get the dataset to return in json obj...
09/08/2012 10:18:25 pm: Query has run: <CALL USP_GetCategories();>.
09/08/2012 10:18:25 pm: ... Got dataset to return in json obj
09/08/2012 10:18:25 pm: Query has run: <CALL USP_GetCategories2();>.
09/08/2012 10:18:25 pm: ... Got dataset to return in json obj
09/08/2012 10:18:52 pm: Hit to <getData.php>. Type: <acc>. Currency in Post=<1>. currency var=<1>.
09/08/2012 10:18:52 pm: Get the dataset to return in json obj...
09/08/2012 10:18:52 pm: Hit to <getData.php>. Type: <curr>. Currency in Post=<>. currency var=<1>.
09/08/2012 10:18:52 pm: Query has run: <CALL USP_GetAccounts();>.
09/08/2012 10:18:52 pm: Get the dataset to return in json obj...
09/08/2012 10:18:52 pm: ... Got dataset to return in json obj
09/08/2012 10:18:52 pm: Query has run: <CALL USP_GetCurrencies();>.
09/08/2012 10:18:52 pm: ... Got dataset to return in json obj
09/08/2012 10:18:52 pm: Hit to <getData.php>. Type: <payee>. Currency in Post=<>. currency var=<1>.
09/08/2012 10:18:52 pm: Hit to <getData.php>. Type: <cat>. Currency in Post=<>. currency var=<1>.
09/08/2012 10:18:52 pm: Get the dataset to return in json obj...
09/08/2012 10:18:52 pm: Query has run: <CALL USP_GetCategories();>.
09/08/2012 10:18:52 pm: ... Got dataset to return in json obj
09/08/2012 10:18:52 pm: Get the dataset to return in json obj...
09/08/2012 10:18:53 pm: Query has run: <CALL USP_GetPayees();>.
09/08/2012 10:18:53 pm: ... Got dataset to return in json obj
09/08/2012 10:18:53 pm: Hit to <getData.php>. Type: <scat>. Currency in Post=<>. currency var=<1>.
09/08/2012 10:18:53 pm: Get the dataset to return in json obj...
09/08/2012 10:18:53 pm: Query has run: <CALL USP_GetCategories2();>.
09/08/2012 10:18:53 pm: ... Got dataset to return in json obj
09/08/2012 10:19:09 pm: Hit to <getData.php>. Type: <acc>. Currency in Post=<1>. currency var=<1>.
09/08/2012 10:19:09 pm: Get the dataset to return in json obj...
09/08/2012 10:19:09 pm: Hit to <getData.php>. Type: <curr>. Currency in Post=<>. currency var=<1>.
09/08/2012 10:19:09 pm: Query has run: <CALL USP_GetAccounts();>.
09/08/2012 10:19:09 pm: ... Got dataset to return in json obj
09/08/2012 10:19:09 pm: Hit to <getData.php>. Type: <cat>. Currency in Post=<>. currency var=<1>.
09/08/2012 10:19:09 pm: Get the dataset to return in json obj...
09/08/2012 10:19:09 pm: Query has run: <CALL USP_GetCategories();>.
09/08/2012 10:19:09 pm: ... Got dataset to return in json obj
09/08/2012 10:19:09 pm: Hit to <getData.php>. Type: <payee>. Currency in Post=<>. currency var=<1>.
09/08/2012 10:19:09 pm: Get the dataset to return in json obj...
09/08/2012 10:19:09 pm: Query has run: <CALL USP_GetCurrencies();>.
09/08/2012 10:19:09 pm: ... Got dataset to return in json obj
09/08/2012 10:19:09 pm: Get the dataset to return in json obj...
09/08/2012 10:19:09 pm: Hit to <getData.php>. Type: <scat>. Currency in Post=<>. currency var=<1>.
09/08/2012 10:19:09 pm: Query has run: <CALL USP_GetPayees();>.
09/08/2012 10:19:09 pm: ... Got dataset to return in json obj
09/08/2012 10:19:09 pm: Get the dataset to return in json obj...
09/08/2012 10:19:09 pm: Query has run: <CALL USP_GetCategories2();>.
09/08/2012 10:19:09 pm: ... Got dataset to return in json obj
09/08/2012 10:19:10 pm: Hit to <getData.php>. Type: <acc>. Currency in Post=<1>. currency var=<1>.
09/08/2012 10:19:10 pm: Hit to <getData.php>. Type: <curr>. Currency in Post=<>. currency var=<1>.
09/08/2012 10:19:10 pm: Get the dataset to return in json obj...
09/08/2012 10:19:10 pm: Hit to <getData.php>. Type: <payee>. Currency in Post=<>. currency var=<1>.
09/08/2012 10:19:10 pm: Query has run: <CALL USP_GetAccounts();>.
09/08/2012 10:19:10 pm: ... Got dataset to return in json obj
09/08/2012 10:19:10 pm: Hit to <getData.php>. Type: <cat>. Currency in Post=<>. currency var=<1>.
09/08/2012 10:19:10 pm: Get the dataset to return in json obj...
09/08/2012 10:19:10 pm: Get the dataset to return in json obj...
09/08/2012 10:19:10 pm: Query has run: <CALL USP_GetCurrencies();>.
09/08/2012 10:19:10 pm: ... Got dataset to return in json obj
09/08/2012 10:19:10 pm: Get the dataset to return in json obj...
09/08/2012 10:19:10 pm: Query has run: <CALL USP_GetPayees();>.
09/08/2012 10:19:10 pm: ... Got dataset to return in json obj
09/08/2012 10:19:10 pm: Hit to <getData.php>. Type: <scat>. Currency in Post=<>. currency var=<1>.
09/08/2012 10:19:10 pm: Query has run: <CALL USP_GetCategories();>.
09/08/2012 10:19:10 pm: ... Got dataset to return in json obj
09/08/2012 10:19:10 pm: Get the dataset to return in json obj...
09/08/2012 10:19:10 pm: Query has run: <CALL USP_GetCategories2();>.
09/08/2012 10:19:10 pm: ... Got dataset to return in json obj
09/08/2012 10:19:11 pm: Hit to <getData.php>. Type: <acc>. Currency in Post=<1>. currency var=<1>.
09/08/2012 10:19:11 pm: Hit to <getData.php>. Type: <curr>. Currency in Post=<>. currency var=<1>.
09/08/2012 10:19:11 pm: Get the dataset to return in json obj...
09/08/2012 10:19:11 pm: Get the dataset to return in json obj...
09/08/2012 10:19:11 pm: Hit to <getData.php>. Type: <payee>. Currency in Post=<>. currency var=<1>.
09/08/2012 10:19:11 pm: Query has run: <CALL USP_GetCurrencies();>.
09/08/2012 10:19:11 pm: ... Got dataset to return in json obj
09/08/2012 10:19:11 pm: Query has run: <CALL USP_GetAccounts();>.
09/08/2012 10:19:11 pm: Get the dataset to return in json obj...
09/08/2012 10:19:11 pm: ... Got dataset to return in json obj
09/08/2012 10:19:11 pm: Query has run: <CALL USP_GetPayees();>.
09/08/2012 10:19:11 pm: ... Got dataset to return in json obj
09/08/2012 10:19:11 pm: Hit to <getData.php>. Type: <cat>. Currency in Post=<>. currency var=<1>.
09/08/2012 10:19:11 pm: Get the dataset to return in json obj...
09/08/2012 10:19:11 pm: Query has run: <CALL USP_GetCategories();>.
09/08/2012 10:19:11 pm: ... Got dataset to return in json obj
09/08/2012 10:19:11 pm: Hit to <getData.php>. Type: <scat>. Currency in Post=<>. currency var=<1>.
09/08/2012 10:19:11 pm: Get the dataset to return in json obj...
09/08/2012 10:19:11 pm: Query has run: <CALL USP_GetCategories2();>.
09/08/2012 10:19:11 pm: ... Got dataset to return in json obj
09/08/2012 10:19:35 pm: Hit to <getData.php>. Type: <acc>. Currency in Post=<1>. currency var=<1>.
09/08/2012 10:19:35 pm: Get the dataset to return in json obj...
09/08/2012 10:19:35 pm: Query has run: <CALL USP_GetAccounts();>.
09/08/2012 10:19:35 pm: ... Got dataset to return in json obj
09/08/2012 10:19:35 pm: Hit to <getData.php>. Type: <curr>. Currency in Post=<>. currency var=<1>.
09/08/2012 10:19:35 pm: Get the dataset to return in json obj...
09/08/2012 10:19:35 pm: Query has run: <CALL USP_GetCurrencies();>.
09/08/2012 10:19:35 pm: ... Got dataset to return in json obj
09/08/2012 10:19:35 pm: Hit to <getData.php>. Type: <payee>. Currency in Post=<>. currency var=<1>.
09/08/2012 10:19:35 pm: Hit to <getData.php>. Type: <cat>. Currency in Post=<>. currency var=<1>.
09/08/2012 10:19:35 pm: Hit to <getData.php>. Type: <scat>. Currency in Post=<>. currency var=<1>.
09/08/2012 10:19:35 pm: Get the dataset to return in json obj...
09/08/2012 10:19:35 pm: Get the dataset to return in json obj...
09/08/2012 10:19:35 pm: Get the dataset to return in json obj...
09/08/2012 10:19:35 pm: Query has run: <CALL USP_GetCategories();>.
09/08/2012 10:19:35 pm: ... Got dataset to return in json obj
09/08/2012 10:19:35 pm: Query has run: <CALL USP_GetCategories2();>.
09/08/2012 10:19:35 pm: ... Got dataset to return in json obj
09/08/2012 10:19:35 pm: Query has run: <CALL USP_GetPayees();>.
09/08/2012 10:19:35 pm: ... Got dataset to return in json obj
09/08/2012 10:19:37 pm: Hit to <getData.php>. Type: <acc>. Currency in Post=<1>. currency var=<1>.
09/08/2012 10:19:37 pm: Hit to <getData.php>. Type: <curr>. Currency in Post=<>. currency var=<1>.
09/08/2012 10:19:37 pm: Get the dataset to return in json obj...
09/08/2012 10:19:37 pm: Get the dataset to return in json obj...
09/08/2012 10:19:37 pm: Query has run: <CALL USP_GetCurrencies();>.
09/08/2012 10:19:37 pm: ... Got dataset to return in json obj
09/08/2012 10:19:37 pm: Hit to <getData.php>. Type: <cat>. Currency in Post=<>. currency var=<1>.
09/08/2012 10:19:37 pm: Query has run: <CALL USP_GetAccounts();>.
09/08/2012 10:19:37 pm: ... Got dataset to return in json obj
09/08/2012 10:19:37 pm: Hit to <getData.php>. Type: <payee>. Currency in Post=<>. currency var=<1>.
09/08/2012 10:19:37 pm: Get the dataset to return in json obj...
09/08/2012 10:19:37 pm: Get the dataset to return in json obj...
09/08/2012 10:19:37 pm: Query has run: <CALL USP_GetCategories();>.
09/08/2012 10:19:37 pm: ... Got dataset to return in json obj
09/08/2012 10:19:37 pm: Query has run: <CALL USP_GetPayees();>.
09/08/2012 10:19:37 pm: ... Got dataset to return in json obj
09/08/2012 10:19:37 pm: Hit to <getData.php>. Type: <scat>. Currency in Post=<>. currency var=<1>.
09/08/2012 10:19:37 pm: Get the dataset to return in json obj...
09/08/2012 10:19:37 pm: Query has run: <CALL USP_GetCategories2();>.
09/08/2012 10:19:37 pm: ... Got dataset to return in json obj
09/08/2012 10:20:18 pm: Hit to <getData.php>. Type: <acc>. Currency in Post=<1>. currency var=<1>.
09/08/2012 10:20:18 pm: Hit to <getData.php>. Type: <curr>. Currency in Post=<>. currency var=<1>.
09/08/2012 10:20:18 pm: Hit to <getData.php>. Type: <payee>. Currency in Post=<>. currency var=<1>.
09/08/2012 10:20:18 pm: Get the dataset to return in json obj...
09/08/2012 10:20:18 pm: Hit to <getData.php>. Type: <cat>. Currency in Post=<>. currency var=<1>.
09/08/2012 10:20:18 pm: Hit to <getData.php>. Type: <scat>. Currency in Post=<>. currency var=<1>.
09/08/2012 10:20:18 pm: Get the dataset to return in json obj...
09/08/2012 10:20:18 pm: Get the dataset to return in json obj...
09/08/2012 10:20:18 pm: Query has run: <CALL USP_GetCurrencies();>.
09/08/2012 10:20:18 pm: ... Got dataset to return in json obj
09/08/2012 10:20:18 pm: Query has run: <CALL USP_GetPayees();>.
09/08/2012 10:20:18 pm: ... Got dataset to return in json obj
09/08/2012 10:20:18 pm: Get the dataset to return in json obj...
09/08/2012 10:20:18 pm: Query has run: <CALL USP_GetAccounts();>.
09/08/2012 10:20:18 pm: ... Got dataset to return in json obj
09/08/2012 10:20:18 pm: Query has run: <CALL USP_GetCategories2();>.
09/08/2012 10:20:18 pm: ... Got dataset to return in json obj
09/08/2012 10:20:18 pm: Get the dataset to return in json obj...
09/08/2012 10:20:18 pm: Query has run: <CALL USP_GetCategories();>.
09/08/2012 10:20:18 pm: ... Got dataset to return in json obj
09/08/2012 10:21:45 pm: Hit to <getData.php>. Type: <acc>. Currency in Post=<1>. currency var=<1>.
09/08/2012 10:21:45 pm: Get the dataset to return in json obj...
09/08/2012 10:21:45 pm: Query has run: <CALL USP_GetAccounts();>.
09/08/2012 10:21:45 pm: ... Got dataset to return in json obj
09/08/2012 10:21:45 pm: Hit to <getData.php>. Type: <curr>. Currency in Post=<>. currency var=<1>.
09/08/2012 10:21:45 pm: Hit to <getData.php>. Type: <cat>. Currency in Post=<>. currency var=<1>.
09/08/2012 10:21:45 pm: Hit to <getData.php>. Type: <scat>. Currency in Post=<>. currency var=<1>.
09/08/2012 10:21:45 pm: Get the dataset to return in json obj...
09/08/2012 10:21:45 pm: Query has run: <CALL USP_GetCurrencies();>.
09/08/2012 10:21:45 pm: ... Got dataset to return in json obj
09/08/2012 10:21:45 pm: Hit to <getData.php>. Type: <payee>. Currency in Post=<>. currency var=<1>.
09/08/2012 10:21:45 pm: Get the dataset to return in json obj...
09/08/2012 10:21:45 pm: Get the dataset to return in json obj...
09/08/2012 10:21:45 pm: Get the dataset to return in json obj...
09/08/2012 10:21:45 pm: Query has run: <CALL USP_GetCategories2();>.
09/08/2012 10:21:45 pm: ... Got dataset to return in json obj
09/08/2012 10:21:45 pm: Query has run: <CALL USP_GetPayees();>.
09/08/2012 10:21:45 pm: ... Got dataset to return in json obj
09/08/2012 10:21:45 pm: Query has run: <CALL USP_GetCategories();>.
09/08/2012 10:21:45 pm: ... Got dataset to return in json obj
09/08/2012 10:21:46 pm: Hit to <getData.php>. Type: <acc>. Currency in Post=<1>. currency var=<1>.
09/08/2012 10:21:46 pm: Get the dataset to return in json obj...
09/08/2012 10:21:46 pm: Hit to <getData.php>. Type: <curr>. Currency in Post=<>. currency var=<1>.
09/08/2012 10:21:46 pm: Query has run: <CALL USP_GetAccounts();>.
09/08/2012 10:21:46 pm: ... Got dataset to return in json obj
09/08/2012 10:21:46 pm: Get the dataset to return in json obj...
09/08/2012 10:21:46 pm: Hit to <getData.php>. Type: <payee>. Currency in Post=<>. currency var=<1>.
09/08/2012 10:21:46 pm: Query has run: <CALL USP_GetCurrencies();>.
09/08/2012 10:21:46 pm: ... Got dataset to return in json obj
09/08/2012 10:21:46 pm: Get the dataset to return in json obj...
09/08/2012 10:21:46 pm: Query has run: <CALL USP_GetPayees();>.
09/08/2012 10:21:46 pm: ... Got dataset to return in json obj
09/08/2012 10:21:46 pm: Hit to <getData.php>. Type: <cat>. Currency in Post=<>. currency var=<1>.
09/08/2012 10:21:46 pm: Get the dataset to return in json obj...
09/08/2012 10:21:46 pm: Query has run: <CALL USP_GetCategories();>.
09/08/2012 10:21:46 pm: ... Got dataset to return in json obj
09/08/2012 10:21:46 pm: Hit to <getData.php>. Type: <scat>. Currency in Post=<>. currency var=<1>.
09/08/2012 10:21:46 pm: Get the dataset to return in json obj...
09/08/2012 10:21:46 pm: Query has run: <CALL USP_GetCategories2();>.
09/08/2012 10:21:46 pm: ... Got dataset to return in json obj
09/08/2012 10:22:27 pm: Hit to <getData.php>. Type: <acc>. Currency in Post=<1>. currency var=<1>.
09/08/2012 10:22:27 pm: Get the dataset to return in json obj...
09/08/2012 10:22:27 pm: Query has run: <CALL USP_GetAccounts();>.
09/08/2012 10:22:27 pm: ... Got dataset to return in json obj
09/08/2012 10:22:27 pm: Hit to <getData.php>. Type: <curr>. Currency in Post=<>. currency var=<1>.
09/08/2012 10:22:27 pm: Get the dataset to return in json obj...
09/08/2012 10:22:27 pm: Query has run: <CALL USP_GetCurrencies();>.
09/08/2012 10:22:27 pm: ... Got dataset to return in json obj
09/08/2012 10:22:27 pm: Hit to <getData.php>. Type: <payee>. Currency in Post=<>. currency var=<1>.
09/08/2012 10:22:27 pm: Get the dataset to return in json obj...
09/08/2012 10:22:27 pm: Query has run: <CALL USP_GetPayees();>.
09/08/2012 10:22:27 pm: ... Got dataset to return in json obj
09/08/2012 10:22:27 pm: Hit to <getData.php>. Type: <cat>. Currency in Post=<>. currency var=<1>.
09/08/2012 10:22:27 pm: Get the dataset to return in json obj...
09/08/2012 10:22:27 pm: Hit to <getData.php>. Type: <scat>. Currency in Post=<>. currency var=<1>.
09/08/2012 10:22:27 pm: Query has run: <CALL USP_GetCategories();>.
09/08/2012 10:22:27 pm: ... Got dataset to return in json obj
09/08/2012 10:22:27 pm: Get the dataset to return in json obj...
09/08/2012 10:22:27 pm: Query has run: <CALL USP_GetCategories2();>.
09/08/2012 10:22:27 pm: ... Got dataset to return in json obj
09/08/2012 10:22:41 pm: Hit to <getData.php>. Type: <acc>. Currency in Post=<1>. currency var=<1>.
09/08/2012 10:22:41 pm: Hit to <getData.php>. Type: <payee>. Currency in Post=<>. currency var=<1>.
09/08/2012 10:22:41 pm: Get the dataset to return in json obj...
09/08/2012 10:22:41 pm: Hit to <getData.php>. Type: <curr>. Currency in Post=<>. currency var=<1>.
09/08/2012 10:22:41 pm: Hit to <getData.php>. Type: <cat>. Currency in Post=<>. currency var=<1>.
09/08/2012 10:22:41 pm: Hit to <getData.php>. Type: <scat>. Currency in Post=<>. currency var=<1>.
09/08/2012 10:22:41 pm: Get the dataset to return in json obj...
09/08/2012 10:22:41 pm: Get the dataset to return in json obj...
09/08/2012 10:22:41 pm: Get the dataset to return in json obj...
09/08/2012 10:22:41 pm: Get the dataset to return in json obj...
09/08/2012 10:22:41 pm: Query has run: <CALL USP_GetAccounts();>.
09/08/2012 10:22:41 pm: ... Got dataset to return in json obj
09/08/2012 10:22:41 pm: Query has run: <CALL USP_GetPayees();>.
09/08/2012 10:22:41 pm: ... Got dataset to return in json obj
09/08/2012 10:22:41 pm: Query has run: <CALL USP_GetCurrencies();>.
09/08/2012 10:22:41 pm: ... Got dataset to return in json obj
09/08/2012 10:22:41 pm: Query has run: <CALL USP_GetCategories();>.
09/08/2012 10:22:41 pm: ... Got dataset to return in json obj
09/08/2012 10:22:41 pm: Query has run: <CALL USP_GetCategories2();>.
09/08/2012 10:22:41 pm: ... Got dataset to return in json obj
09/08/2012 10:23:04 pm: Hit to <getData.php>. Type: <acc>. Currency in Post=<1>. currency var=<1>.
09/08/2012 10:23:04 pm: Get the dataset to return in json obj...
09/08/2012 10:23:04 pm: Hit to <getData.php>. Type: <payee>. Currency in Post=<>. currency var=<1>.
09/08/2012 10:23:04 pm: Hit to <getData.php>. Type: <curr>. Currency in Post=<>. currency var=<1>.
09/08/2012 10:23:04 pm: Query has run: <CALL USP_GetAccounts();>.
09/08/2012 10:23:04 pm: ... Got dataset to return in json obj
09/08/2012 10:23:04 pm: Get the dataset to return in json obj...
09/08/2012 10:23:04 pm: Get the dataset to return in json obj...
09/08/2012 10:23:04 pm: Hit to <getData.php>. Type: <cat>. Currency in Post=<>. currency var=<1>.
09/08/2012 10:23:04 pm: Query has run: <CALL USP_GetPayees();>.
09/08/2012 10:23:04 pm: ... Got dataset to return in json obj
09/08/2012 10:23:04 pm: Hit to <getData.php>. Type: <scat>. Currency in Post=<>. currency var=<1>.
09/08/2012 10:23:04 pm: Get the dataset to return in json obj...
09/08/2012 10:23:04 pm: Get the dataset to return in json obj...
09/08/2012 10:23:04 pm: Query has run: <CALL USP_GetCurrencies();>.
09/08/2012 10:23:04 pm: ... Got dataset to return in json obj
09/08/2012 10:23:04 pm: Query has run: <CALL USP_GetCategories();>.
09/08/2012 10:23:04 pm: ... Got dataset to return in json obj
09/08/2012 10:23:04 pm: Query has run: <CALL USP_GetCategories2();>.
09/08/2012 10:23:04 pm: ... Got dataset to return in json obj
09/08/2012 10:24:46 pm: Hit to <getData.php>. Type: <acc>. Currency in Post=<1>. currency var=<1>.
09/08/2012 10:24:46 pm: Get the dataset to return in json obj...
09/08/2012 10:24:46 pm: Query has run: <CALL USP_GetAccounts();>.
09/08/2012 10:24:46 pm: ... Got dataset to return in json obj
09/08/2012 10:24:46 pm: Hit to <getData.php>. Type: <payee>. Currency in Post=<>. currency var=<1>.
09/08/2012 10:24:46 pm: Hit to <getData.php>. Type: <cat>. Currency in Post=<>. currency var=<1>.
09/08/2012 10:24:46 pm: Hit to <getData.php>. Type: <scat>. Currency in Post=<>. currency var=<1>.
09/08/2012 10:24:46 pm: Hit to <getData.php>. Type: <curr>. Currency in Post=<>. currency var=<1>.
09/08/2012 10:24:46 pm: Get the dataset to return in json obj...
09/08/2012 10:24:46 pm: Get the dataset to return in json obj...
09/08/2012 10:24:46 pm: Get the dataset to return in json obj...
09/08/2012 10:24:46 pm: Get the dataset to return in json obj...
09/08/2012 10:24:46 pm: Query has run: <CALL USP_GetCategories();>.
09/08/2012 10:24:46 pm: ... Got dataset to return in json obj
09/08/2012 10:24:46 pm: Query has run: <CALL USP_GetPayees();>.
09/08/2012 10:24:46 pm: ... Got dataset to return in json obj
09/08/2012 10:24:46 pm: Query has run: <CALL USP_GetCategories2();>.
09/08/2012 10:24:46 pm: Query has run: <CALL USP_GetCurrencies();>.
09/08/2012 10:24:46 pm: ... Got dataset to return in json obj
09/08/2012 10:24:46 pm: ... Got dataset to return in json obj
09/08/2012 10:25:10 pm: Hit to <getData.php>. Type: <acc>. Currency in Post=<1>. currency var=<1>.
09/08/2012 10:25:10 pm: Hit to <getData.php>. Type: <curr>. Currency in Post=<>. currency var=<1>.
09/08/2012 10:25:10 pm: Hit to <getData.php>. Type: <scat>. Currency in Post=<>. currency var=<1>.
09/08/2012 10:25:10 pm: Hit to <getData.php>. Type: <payee>. Currency in Post=<>. currency var=<1>.
09/08/2012 10:25:10 pm: Hit to <getData.php>. Type: <cat>. Currency in Post=<>. currency var=<1>.
09/08/2012 10:25:10 pm: Get the dataset to return in json obj...
09/08/2012 10:25:10 pm: Get the dataset to return in json obj...
09/08/2012 10:25:10 pm: Get the dataset to return in json obj...
09/08/2012 10:25:10 pm: Get the dataset to return in json obj...
09/08/2012 10:25:10 pm: Get the dataset to return in json obj...
09/08/2012 10:25:10 pm: Query has run: <CALL USP_GetPayees();>.
09/08/2012 10:25:10 pm: Query has run: <CALL USP_GetAccounts();>.
09/08/2012 10:25:10 pm: ... Got dataset to return in json obj
09/08/2012 10:25:10 pm: ... Got dataset to return in json obj
09/08/2012 10:25:10 pm: Query has run: <CALL USP_GetCurrencies();>.
09/08/2012 10:25:10 pm: ... Got dataset to return in json obj
09/08/2012 10:25:10 pm: Query has run: <CALL USP_GetCategories();>.
09/08/2012 10:25:10 pm: ... Got dataset to return in json obj
09/08/2012 10:25:10 pm: Query has run: <CALL USP_GetCategories2();>.
09/08/2012 10:25:10 pm: ... Got dataset to return in json obj
09/08/2012 10:25:24 pm: Hit to <getData.php>. Type: <acc>. Currency in Post=<1>. currency var=<1>.
09/08/2012 10:25:24 pm: Hit to <getData.php>. Type: <cat>. Currency in Post=<>. currency var=<1>.
09/08/2012 10:25:24 pm: Hit to <getData.php>. Type: <scat>. Currency in Post=<>. currency var=<1>.
09/08/2012 10:25:24 pm: Get the dataset to return in json obj...
09/08/2012 10:25:24 pm: Hit to <getData.php>. Type: <payee>. Currency in Post=<>. currency var=<1>.
09/08/2012 10:25:24 pm: Hit to <getData.php>. Type: <curr>. Currency in Post=<>. currency var=<1>.
09/08/2012 10:25:24 pm: Query has run: <CALL USP_GetAccounts();>.
09/08/2012 10:25:24 pm: Get the dataset to return in json obj...
09/08/2012 10:25:24 pm: ... Got dataset to return in json obj
09/08/2012 10:25:24 pm: Get the dataset to return in json obj...
09/08/2012 10:25:24 pm: Query has run: <CALL USP_GetCategories2();>.
09/08/2012 10:25:24 pm: ... Got dataset to return in json obj
09/08/2012 10:25:24 pm: Query has run: <CALL USP_GetCategories();>.
09/08/2012 10:25:24 pm: ... Got dataset to return in json obj
09/08/2012 10:25:24 pm: Get the dataset to return in json obj...
09/08/2012 10:25:24 pm: Get the dataset to return in json obj...
09/08/2012 10:25:24 pm: Query has run: <CALL USP_GetCurrencies();>.
09/08/2012 10:25:24 pm: ... Got dataset to return in json obj
09/08/2012 10:25:24 pm: Query has run: <CALL USP_GetPayees();>.
09/08/2012 10:25:24 pm: ... Got dataset to return in json obj
09/08/2012 10:26:32 pm: Hit to <getData.php>. Type: <acc>. Currency in Post=<1>. currency var=<1>.
09/08/2012 10:26:32 pm: Get the dataset to return in json obj...
09/08/2012 10:26:32 pm: Hit to <getData.php>. Type: <curr>. Currency in Post=<>. currency var=<1>.
09/08/2012 10:26:32 pm: Hit to <getData.php>. Type: <payee>. Currency in Post=<>. currency var=<1>.
09/08/2012 10:26:32 pm: Query has run: <CALL USP_GetAccounts();>.
09/08/2012 10:26:32 pm: ... Got dataset to return in json obj
09/08/2012 10:26:32 pm: Get the dataset to return in json obj...
09/08/2012 10:26:32 pm: Get the dataset to return in json obj...
09/08/2012 10:26:32 pm: Query has run: <CALL USP_GetCurrencies();>.
09/08/2012 10:26:32 pm: ... Got dataset to return in json obj
09/08/2012 10:26:32 pm: Query has run: <CALL USP_GetPayees();>.
09/08/2012 10:26:32 pm: ... Got dataset to return in json obj
09/08/2012 10:26:32 pm: Hit to <getData.php>. Type: <cat>. Currency in Post=<>. currency var=<1>.
09/08/2012 10:26:32 pm: Get the dataset to return in json obj...
09/08/2012 10:26:32 pm: Hit to <getData.php>. Type: <scat>. Currency in Post=<>. currency var=<1>.
09/08/2012 10:26:32 pm: Get the dataset to return in json obj...
09/08/2012 10:26:32 pm: Query has run: <CALL USP_GetCategories();>.
09/08/2012 10:26:32 pm: ... Got dataset to return in json obj
09/08/2012 10:26:32 pm: Query has run: <CALL USP_GetCategories2();>.
09/08/2012 10:26:32 pm: ... Got dataset to return in json obj
09/08/2012 10:26:57 pm: Hit to <getData.php>. Type: <acc>. Currency in Post=<1>. currency var=<1>.
09/08/2012 10:26:57 pm: Get the dataset to return in json obj...
09/08/2012 10:26:57 pm: Query has run: <CALL USP_GetAccounts();>.
09/08/2012 10:26:57 pm: ... Got dataset to return in json obj
09/08/2012 10:26:57 pm: Hit to <getData.php>. Type: <payee>. Currency in Post=<>. currency var=<1>.
09/08/2012 10:26:57 pm: Hit to <getData.php>. Type: <cat>. Currency in Post=<>. currency var=<1>.
09/08/2012 10:26:57 pm: Get the dataset to return in json obj...
09/08/2012 10:26:57 pm: Hit to <getData.php>. Type: <curr>. Currency in Post=<>. currency var=<1>.
09/08/2012 10:26:57 pm: Query has run: <CALL USP_GetCategories();>.
09/08/2012 10:26:57 pm: ... Got dataset to return in json obj
09/08/2012 10:26:57 pm: Get the dataset to return in json obj...
09/08/2012 10:26:57 pm: Hit to <getData.php>. Type: <scat>. Currency in Post=<>. currency var=<1>.
09/08/2012 10:26:57 pm: Query has run: <CALL USP_GetPayees();>.
09/08/2012 10:26:57 pm: ... Got dataset to return in json obj
09/08/2012 10:26:57 pm: Get the dataset to return in json obj...
09/08/2012 10:26:57 pm: Query has run: <CALL USP_GetCategories2();>.
09/08/2012 10:26:57 pm: ... Got dataset to return in json obj
09/08/2012 10:26:57 pm: Get the dataset to return in json obj...
09/08/2012 10:26:57 pm: Query has run: <CALL USP_GetCurrencies();>.
09/08/2012 10:26:57 pm: ... Got dataset to return in json obj
09/08/2012 10:27:47 pm: Hit to <getData.php>. Type: <acc>. Currency in Post=<1>. currency var=<1>.
09/08/2012 10:27:47 pm: Hit to <getData.php>. Type: <curr>. Currency in Post=<>. currency var=<1>.
09/08/2012 10:27:47 pm: Hit to <getData.php>. Type: <cat>. Currency in Post=<>. currency var=<1>.
09/08/2012 10:27:47 pm: Get the dataset to return in json obj...
09/08/2012 10:27:47 pm: Query has run: <CALL USP_GetCategories();>.
09/08/2012 10:27:47 pm: ... Got dataset to return in json obj
09/08/2012 10:27:47 pm: Hit to <getData.php>. Type: <payee>. Currency in Post=<>. currency var=<1>.
09/08/2012 10:27:47 pm: Get the dataset to return in json obj...
09/08/2012 10:27:47 pm: Query has run: <CALL USP_GetCurrencies();>.
09/08/2012 10:27:47 pm: ... Got dataset to return in json obj
09/08/2012 10:27:47 pm: Get the dataset to return in json obj...
09/08/2012 10:27:47 pm: Get the dataset to return in json obj...
09/08/2012 10:27:47 pm: Query has run: <CALL USP_GetAccounts();>.
09/08/2012 10:27:47 pm: ... Got dataset to return in json obj
09/08/2012 10:27:47 pm: Query has run: <CALL USP_GetPayees();>.
09/08/2012 10:27:47 pm: ... Got dataset to return in json obj
09/08/2012 10:27:47 pm: Hit to <getData.php>. Type: <scat>. Currency in Post=<>. currency var=<1>.
09/08/2012 10:27:47 pm: Get the dataset to return in json obj...
09/08/2012 10:27:47 pm: Query has run: <CALL USP_GetCategories2();>.
09/08/2012 10:27:47 pm: ... Got dataset to return in json obj
09/08/2012 10:28:04 pm: Hit to <getData.php>. Type: <acc>. Currency in Post=<1>. currency var=<1>.
09/08/2012 10:28:04 pm: Get the dataset to return in json obj...
09/08/2012 10:28:04 pm: Query has run: <CALL USP_GetAccounts();>.
09/08/2012 10:28:04 pm: ... Got dataset to return in json obj
09/08/2012 10:28:04 pm: Hit to <getData.php>. Type: <curr>. Currency in Post=<>. currency var=<1>.
09/08/2012 10:28:04 pm: Get the dataset to return in json obj...
09/08/2012 10:28:04 pm: Query has run: <CALL USP_GetCurrencies();>.
09/08/2012 10:28:04 pm: ... Got dataset to return in json obj
09/08/2012 10:28:04 pm: Hit to <getData.php>. Type: <payee>. Currency in Post=<>. currency var=<1>.
09/08/2012 10:28:04 pm: Hit to <getData.php>. Type: <cat>. Currency in Post=<>. currency var=<1>.
09/08/2012 10:28:04 pm: Get the dataset to return in json obj...
09/08/2012 10:28:04 pm: Query has run: <CALL USP_GetPayees();>.
09/08/2012 10:28:04 pm: ... Got dataset to return in json obj
09/08/2012 10:28:04 pm: Get the dataset to return in json obj...
09/08/2012 10:28:04 pm: Hit to <getData.php>. Type: <scat>. Currency in Post=<>. currency var=<1>.
09/08/2012 10:28:04 pm: Get the dataset to return in json obj...
09/08/2012 10:28:04 pm: Query has run: <CALL USP_GetCategories();>.
09/08/2012 10:28:04 pm: ... Got dataset to return in json obj
09/08/2012 10:28:04 pm: Query has run: <CALL USP_GetCategories2();>.
09/08/2012 10:28:04 pm: ... Got dataset to return in json obj
09/08/2012 10:29:04 pm: Hit to <getData.php>. Type: <acc>. Currency in Post=<1>. currency var=<1>.
09/08/2012 10:29:04 pm: Hit to <getData.php>. Type: <curr>. Currency in Post=<>. currency var=<1>.
09/08/2012 10:29:04 pm: Get the dataset to return in json obj...
09/08/2012 10:29:04 pm: Get the dataset to return in json obj...
09/08/2012 10:29:04 pm: Query has run: <CALL USP_GetCurrencies();>.
09/08/2012 10:29:04 pm: ... Got dataset to return in json obj
09/08/2012 10:29:04 pm: Query has run: <CALL USP_GetAccounts();>.
09/08/2012 10:29:04 pm: ... Got dataset to return in json obj
09/08/2012 10:29:04 pm: Hit to <getData.php>. Type: <payee>. Currency in Post=<>. currency var=<1>.
09/08/2012 10:29:04 pm: Get the dataset to return in json obj...
09/08/2012 10:29:04 pm: Query has run: <CALL USP_GetPayees();>.
09/08/2012 10:29:04 pm: ... Got dataset to return in json obj
09/08/2012 10:29:04 pm: Hit to <getData.php>. Type: <cat>. Currency in Post=<>. currency var=<1>.
09/08/2012 10:29:04 pm: Hit to <getData.php>. Type: <scat>. Currency in Post=<>. currency var=<1>.
09/08/2012 10:29:04 pm: Get the dataset to return in json obj...
09/08/2012 10:29:04 pm: Get the dataset to return in json obj...
09/08/2012 10:29:04 pm: Query has run: <CALL USP_GetCategories2();>.
09/08/2012 10:29:04 pm: ... Got dataset to return in json obj
09/08/2012 10:29:04 pm: Query has run: <CALL USP_GetCategories();>.
09/08/2012 10:29:04 pm: ... Got dataset to return in json obj
09/08/2012 10:29:16 pm: Hit to <getData.php>. Type: <acc>. Currency in Post=<1>. currency var=<1>.
09/08/2012 10:29:16 pm: Get the dataset to return in json obj...
09/08/2012 10:29:16 pm: Query has run: <CALL USP_GetAccounts();>.
09/08/2012 10:29:16 pm: ... Got dataset to return in json obj
09/08/2012 10:29:16 pm: Hit to <getData.php>. Type: <curr>. Currency in Post=<>. currency var=<1>.
09/08/2012 10:29:16 pm: Get the dataset to return in json obj...
09/08/2012 10:29:16 pm: Query has run: <CALL USP_GetCurrencies();>.
09/08/2012 10:29:16 pm: ... Got dataset to return in json obj
09/08/2012 10:29:16 pm: Hit to <getData.php>. Type: <payee>. Currency in Post=<>. currency var=<1>.
09/08/2012 10:29:16 pm: Hit to <getData.php>. Type: <cat>. Currency in Post=<>. currency var=<1>.
09/08/2012 10:29:16 pm: Get the dataset to return in json obj...
09/08/2012 10:29:16 pm: Query has run: <CALL USP_GetCategories();>.
09/08/2012 10:29:16 pm: ... Got dataset to return in json obj
09/08/2012 10:29:16 pm: Get the dataset to return in json obj...
09/08/2012 10:29:16 pm: Query has run: <CALL USP_GetPayees();>.
09/08/2012 10:29:16 pm: Hit to <getData.php>. Type: <scat>. Currency in Post=<>. currency var=<1>.
09/08/2012 10:29:16 pm: Get the dataset to return in json obj...
09/08/2012 10:29:16 pm: Query has run: <CALL USP_GetCategories2();>.
09/08/2012 10:29:16 pm: ... Got dataset to return in json obj
09/08/2012 10:29:16 pm: ... Got dataset to return in json obj
09/08/2012 10:29:23 pm: Hit to <getData.php>. Type: <acc>. Currency in Post=<1>. currency var=<1>.
09/08/2012 10:29:23 pm: Hit to <getData.php>. Type: <curr>. Currency in Post=<>. currency var=<1>.
09/08/2012 10:29:23 pm: Hit to <getData.php>. Type: <payee>. Currency in Post=<>. currency var=<1>.
09/08/2012 10:29:23 pm: Hit to <getData.php>. Type: <cat>. Currency in Post=<>. currency var=<1>.
09/08/2012 10:29:23 pm: Hit to <getData.php>. Type: <scat>. Currency in Post=<>. currency var=<1>.
09/08/2012 10:29:24 pm: Get the dataset to return in json obj...
09/08/2012 10:29:24 pm: Get the dataset to return in json obj...
09/08/2012 10:29:24 pm: Get the dataset to return in json obj...
09/08/2012 10:29:24 pm: Get the dataset to return in json obj...
09/08/2012 10:29:24 pm: Query has run: <CALL USP_GetCurrencies();>.
09/08/2012 10:29:24 pm: ... Got dataset to return in json obj
09/08/2012 10:29:24 pm: Get the dataset to return in json obj...
09/08/2012 10:29:24 pm: Query has run: <CALL USP_GetCategories();>.
09/08/2012 10:29:24 pm: ... Got dataset to return in json obj
09/08/2012 10:29:24 pm: Query has run: <CALL USP_GetAccounts();>.
09/08/2012 10:29:24 pm: ... Got dataset to return in json obj
09/08/2012 10:29:24 pm: Query has run: <CALL USP_GetCategories2();>.
09/08/2012 10:29:24 pm: ... Got dataset to return in json obj
09/08/2012 10:29:24 pm: Query has run: <CALL USP_GetPayees();>.
09/08/2012 10:29:24 pm: ... Got dataset to return in json obj
09/08/2012 10:29:33 pm: Hit to <getData.php>. Type: <acc>. Currency in Post=<1>. currency var=<1>.
09/08/2012 10:29:33 pm: Hit to <getData.php>. Type: <curr>. Currency in Post=<>. currency var=<1>.
09/08/2012 10:29:33 pm: Get the dataset to return in json obj...
09/08/2012 10:29:33 pm: Query has run: <CALL USP_GetAccounts();>.
09/08/2012 10:29:33 pm: ... Got dataset to return in json obj
09/08/2012 10:29:33 pm: Hit to <getData.php>. Type: <cat>. Currency in Post=<>. currency var=<1>.
09/08/2012 10:29:33 pm: Hit to <getData.php>. Type: <payee>. Currency in Post=<>. currency var=<1>.
09/08/2012 10:29:33 pm: Get the dataset to return in json obj...
09/08/2012 10:29:33 pm: Get the dataset to return in json obj...
09/08/2012 10:29:33 pm: Query has run: <CALL USP_GetCurrencies();>.
09/08/2012 10:29:33 pm: Query has run: <CALL USP_GetCategories();>.
09/08/2012 10:29:33 pm: ... Got dataset to return in json obj
09/08/2012 10:29:33 pm: ... Got dataset to return in json obj
09/08/2012 10:29:33 pm: Get the dataset to return in json obj...
09/08/2012 10:29:33 pm: Query has run: <CALL USP_GetPayees();>.
09/08/2012 10:29:33 pm: ... Got dataset to return in json obj
09/08/2012 10:29:33 pm: Hit to <getData.php>. Type: <scat>. Currency in Post=<>. currency var=<1>.
09/08/2012 10:29:33 pm: Get the dataset to return in json obj...
09/08/2012 10:29:33 pm: Query has run: <CALL USP_GetCategories2();>.
09/08/2012 10:29:33 pm: ... Got dataset to return in json obj
09/08/2012 10:29:40 pm: Hit to <getData.php>. Type: <acc>. Currency in Post=<1>. currency var=<1>.
09/08/2012 10:29:40 pm: Get the dataset to return in json obj...
09/08/2012 10:29:40 pm: Hit to <getData.php>. Type: <curr>. Currency in Post=<>. currency var=<1>.
09/08/2012 10:29:40 pm: Query has run: <CALL USP_GetAccounts();>.
09/08/2012 10:29:40 pm: ... Got dataset to return in json obj
09/08/2012 10:29:40 pm: Get the dataset to return in json obj...
09/08/2012 10:29:40 pm: Query has run: <CALL USP_GetCurrencies();>.
09/08/2012 10:29:40 pm: ... Got dataset to return in json obj
09/08/2012 10:29:40 pm: Hit to <getData.php>. Type: <payee>. Currency in Post=<>. currency var=<1>.
09/08/2012 10:29:40 pm: Get the dataset to return in json obj...
09/08/2012 10:29:40 pm: Query has run: <CALL USP_GetPayees();>.
09/08/2012 10:29:40 pm: ... Got dataset to return in json obj
09/08/2012 10:29:40 pm: Hit to <getData.php>. Type: <cat>. Currency in Post=<>. currency var=<1>.
09/08/2012 10:29:40 pm: Get the dataset to return in json obj...
09/08/2012 10:29:40 pm: Query has run: <CALL USP_GetCategories();>.
09/08/2012 10:29:40 pm: ... Got dataset to return in json obj
09/08/2012 10:29:40 pm: Hit to <getData.php>. Type: <scat>. Currency in Post=<>. currency var=<1>.
09/08/2012 10:29:40 pm: Get the dataset to return in json obj...
09/08/2012 10:29:40 pm: Query has run: <CALL USP_GetCategories2();>.
09/08/2012 10:29:40 pm: ... Got dataset to return in json obj
09/08/2012 10:29:46 pm: Hit to <getData.php>. Type: <acc>. Currency in Post=<1>. currency var=<1>.
09/08/2012 10:29:46 pm: Get the dataset to return in json obj...
09/08/2012 10:29:46 pm: Query has run: <CALL USP_GetAccounts();>.
09/08/2012 10:29:46 pm: ... Got dataset to return in json obj
09/08/2012 10:29:46 pm: Hit to <getData.php>. Type: <curr>. Currency in Post=<>. currency var=<1>.
09/08/2012 10:29:46 pm: Get the dataset to return in json obj...
09/08/2012 10:29:46 pm: Query has run: <CALL USP_GetCurrencies();>.
09/08/2012 10:29:46 pm: ... Got dataset to return in json obj
09/08/2012 10:29:46 pm: Hit to <getData.php>. Type: <payee>. Currency in Post=<>. currency var=<1>.
09/08/2012 10:29:46 pm: Get the dataset to return in json obj...
09/08/2012 10:29:46 pm: Query has run: <CALL USP_GetPayees();>.
09/08/2012 10:29:46 pm: ... Got dataset to return in json obj
09/08/2012 10:29:46 pm: Hit to <getData.php>. Type: <cat>. Currency in Post=<>. currency var=<1>.
09/08/2012 10:29:46 pm: Get the dataset to return in json obj...
09/08/2012 10:29:46 pm: Hit to <getData.php>. Type: <scat>. Currency in Post=<>. currency var=<1>.
09/08/2012 10:29:46 pm: Query has run: <CALL USP_GetCategories();>.
09/08/2012 10:29:46 pm: ... Got dataset to return in json obj
09/08/2012 10:29:46 pm: Get the dataset to return in json obj...
09/08/2012 10:29:46 pm: Query has run: <CALL USP_GetCategories2();>.
09/08/2012 10:29:46 pm: ... Got dataset to return in json obj
09/08/2012 10:30:55 pm: Hit to <getData.php>. Type: <acc>. Currency in Post=<1>. currency var=<1>.
09/08/2012 10:30:55 pm: Get the dataset to return in json obj...
09/08/2012 10:30:55 pm: Hit to <getData.php>. Type: <payee>. Currency in Post=<>. currency var=<1>.
09/08/2012 10:30:55 pm: Hit to <getData.php>. Type: <cat>. Currency in Post=<>. currency var=<1>.
09/08/2012 10:30:55 pm: Hit to <getData.php>. Type: <curr>. Currency in Post=<>. currency var=<1>.
09/08/2012 10:30:55 pm: Hit to <getData.php>. Type: <scat>. Currency in Post=<>. currency var=<1>.
09/08/2012 10:30:55 pm: Query has run: <CALL USP_GetAccounts();>.
09/08/2012 10:30:55 pm: ... Got dataset to return in json obj
09/08/2012 10:30:55 pm: Get the dataset to return in json obj...
09/08/2012 10:30:55 pm: Get the dataset to return in json obj...
09/08/2012 10:30:55 pm: Get the dataset to return in json obj...
09/08/2012 10:30:55 pm: Query has run: <CALL USP_GetPayees();>.
09/08/2012 10:30:55 pm: ... Got dataset to return in json obj
09/08/2012 10:30:55 pm: Get the dataset to return in json obj...
09/08/2012 10:30:55 pm: Query has run: <CALL USP_GetCategories();>.
09/08/2012 10:30:55 pm: ... Got dataset to return in json obj
09/08/2012 10:30:55 pm: Query has run: <CALL USP_GetCurrencies();>.
09/08/2012 10:30:55 pm: ... Got dataset to return in json obj
09/08/2012 10:30:55 pm: Query has run: <CALL USP_GetCategories2();>.
09/08/2012 10:30:55 pm: ... Got dataset to return in json obj
09/08/2012 10:31:34 pm: Hit to <getData.php>. Type: <acc>. Currency in Post=<1>. currency var=<1>.
09/08/2012 10:31:34 pm: Hit to <getData.php>. Type: <curr>. Currency in Post=<>. currency var=<1>.
09/08/2012 10:31:34 pm: Get the dataset to return in json obj...
09/08/2012 10:31:34 pm: Get the dataset to return in json obj...
09/08/2012 10:31:34 pm: Hit to <getData.php>. Type: <payee>. Currency in Post=<>. currency var=<1>.
09/08/2012 10:31:34 pm: Query has run: <CALL USP_GetCurrencies();>.
09/08/2012 10:31:34 pm: ... Got dataset to return in json obj
09/08/2012 10:31:34 pm: Query has run: <CALL USP_GetAccounts();>.
09/08/2012 10:31:34 pm: ... Got dataset to return in json obj
09/08/2012 10:31:34 pm: Hit to <getData.php>. Type: <cat>. Currency in Post=<>. currency var=<1>.
09/08/2012 10:31:34 pm: Get the dataset to return in json obj...
09/08/2012 10:31:34 pm: Query has run: <CALL USP_GetPayees();>.
09/08/2012 10:31:34 pm: ... Got dataset to return in json obj
09/08/2012 10:31:34 pm: Hit to <getData.php>. Type: <scat>. Currency in Post=<>. currency var=<1>.
09/08/2012 10:31:34 pm: Get the dataset to return in json obj...
09/08/2012 10:31:34 pm: Query has run: <CALL USP_GetCategories();>.
09/08/2012 10:31:34 pm: ... Got dataset to return in json obj
09/08/2012 10:31:34 pm: Get the dataset to return in json obj...
09/08/2012 10:31:34 pm: Query has run: <CALL USP_GetCategories2();>.
09/08/2012 10:31:34 pm: ... Got dataset to return in json obj
09/08/2012 10:31:50 pm: Hit to <getData.php>. Type: <acc>. Currency in Post=<1>. currency var=<1>.
09/08/2012 10:31:50 pm: Hit to <getData.php>. Type: <payee>. Currency in Post=<>. currency var=<1>.
09/08/2012 10:31:50 pm: Get the dataset to return in json obj...
09/08/2012 10:31:50 pm: Get the dataset to return in json obj...
09/08/2012 10:31:50 pm: Query has run: <CALL USP_GetAccounts();>.
09/08/2012 10:31:50 pm: ... Got dataset to return in json obj
09/08/2012 10:31:50 pm: Hit to <getData.php>. Type: <curr>. Currency in Post=<>. currency var=<1>.
09/08/2012 10:31:50 pm: Query has run: <CALL USP_GetPayees();>.
09/08/2012 10:31:50 pm: ... Got dataset to return in json obj
09/08/2012 10:31:50 pm: Hit to <getData.php>. Type: <cat>. Currency in Post=<>. currency var=<1>.
09/08/2012 10:31:50 pm: Hit to <getData.php>. Type: <scat>. Currency in Post=<>. currency var=<1>.
09/08/2012 10:31:50 pm: Get the dataset to return in json obj...
09/08/2012 10:31:50 pm: Query has run: <CALL USP_GetCurrencies();>.
09/08/2012 10:31:50 pm: ... Got dataset to return in json obj
09/08/2012 10:31:50 pm: Get the dataset to return in json obj...
09/08/2012 10:31:50 pm: Get the dataset to return in json obj...
09/08/2012 10:31:50 pm: Query has run: <CALL USP_GetCategories();>.
09/08/2012 10:31:50 pm: ... Got dataset to return in json obj
09/08/2012 10:31:50 pm: Query has run: <CALL USP_GetCategories2();>.
09/08/2012 10:31:50 pm: ... Got dataset to return in json obj
09/08/2012 10:32:39 pm: Hit to <getData.php>. Type: <curr>. Currency in Post=<>. currency var=<1>.
09/08/2012 10:32:39 pm: Hit to <getData.php>. Type: <acc>. Currency in Post=<1>. currency var=<1>.
09/08/2012 10:32:39 pm: Hit to <getData.php>. Type: <payee>. Currency in Post=<>. currency var=<1>.
09/08/2012 10:32:39 pm: Hit to <getData.php>. Type: <scat>. Currency in Post=<>. currency var=<1>.
09/08/2012 10:32:39 pm: Hit to <getData.php>. Type: <cat>. Currency in Post=<>. currency var=<1>.
09/08/2012 10:32:39 pm: Get the dataset to return in json obj...
09/08/2012 10:32:39 pm: Get the dataset to return in json obj...
09/08/2012 10:32:39 pm: Get the dataset to return in json obj...
09/08/2012 10:32:39 pm: Get the dataset to return in json obj...
09/08/2012 10:32:39 pm: Query has run: <CALL USP_GetCurrencies();>.
09/08/2012 10:32:39 pm: ... Got dataset to return in json obj
09/08/2012 10:32:39 pm: Query has run: <CALL USP_GetCategories();>.
09/08/2012 10:32:39 pm: ... Got dataset to return in json obj
09/08/2012 10:32:39 pm: Query has run: <CALL USP_GetCategories2();>.
09/08/2012 10:32:39 pm: ... Got dataset to return in json obj
09/08/2012 10:32:39 pm: Query has run: <CALL USP_GetAccounts();>.
09/08/2012 10:32:39 pm: Get the dataset to return in json obj...
09/08/2012 10:32:39 pm: ... Got dataset to return in json obj
09/08/2012 10:32:39 pm: Query has run: <CALL USP_GetPayees();>.
09/08/2012 10:32:39 pm: ... Got dataset to return in json obj
09/08/2012 10:33:04 pm: Hit to <getData.php>. Type: <acc>. Currency in Post=<1>. currency var=<1>.
09/08/2012 10:33:04 pm: Hit to <getData.php>. Type: <cat>. Currency in Post=<>. currency var=<1>.
09/08/2012 10:33:04 pm: Hit to <getData.php>. Type: <scat>. Currency in Post=<>. currency var=<1>.
09/08/2012 10:33:04 pm: Get the dataset to return in json obj...
09/08/2012 10:33:04 pm: Hit to <getData.php>. Type: <curr>. Currency in Post=<>. currency var=<1>.
09/08/2012 10:33:04 pm: Get the dataset to return in json obj...
09/08/2012 10:33:04 pm: Get the dataset to return in json obj...
09/08/2012 10:33:04 pm: Query has run: <CALL USP_GetAccounts();>.
09/08/2012 10:33:04 pm: ... Got dataset to return in json obj
09/08/2012 10:33:04 pm: Query has run: <CALL USP_GetCategories();>.
09/08/2012 10:33:04 pm: ... Got dataset to return in json obj
09/08/2012 10:33:04 pm: Query has run: <CALL USP_GetCategories2();>.
09/08/2012 10:33:04 pm: ... Got dataset to return in json obj
09/08/2012 10:33:04 pm: Hit to <getData.php>. Type: <payee>. Currency in Post=<>. currency var=<1>.
09/08/2012 10:33:04 pm: Get the dataset to return in json obj...
09/08/2012 10:33:04 pm: Query has run: <CALL USP_GetCurrencies();>.
09/08/2012 10:33:04 pm: ... Got dataset to return in json obj
09/08/2012 10:33:04 pm: Get the dataset to return in json obj...
09/08/2012 10:33:04 pm: Query has run: <CALL USP_GetPayees();>.
09/08/2012 10:33:04 pm: ... Got dataset to return in json obj
09/08/2012 11:34:46 pm: dates filters: start: and end:
09/08/2012 11:34:46 pm: dates filters: start:1990-01-01 and end:2100-01-01
09/08/2012 11:34:46 pm: totalrows=0;page=1,limit=10
09/08/2012 11:34:46 pm: query string=cid=2&
09/08/2012 11:34:46 pm: totalrows=0;page=1,limit=10
09/08/2012 11:34:46 pm: totalrows=0;page=1,limit=10
09/08/2012 11:34:46 pm: totalrows=0;page=1,limit=10;startIndex=0
09/08/2012 11:34:50 pm: Hit to <getData.php>. Type: <acc>. Currency in Post=<2>. currency var=<2>.
09/08/2012 11:34:50 pm: Get the dataset to return in json obj...
09/08/2012 11:34:50 pm: ... Got dataset to return in json obj
09/08/2012 11:34:50 pm: Hit to <getData.php>. Type: <curr>. Currency in Post=<>. currency var=<1>.
09/08/2012 11:34:50 pm: Get the dataset to return in json obj...
09/08/2012 11:34:50 pm: ... Got dataset to return in json obj
09/08/2012 11:34:50 pm: Hit to <getData.php>. Type: <payee>. Currency in Post=<>. currency var=<1>.
09/08/2012 11:34:50 pm: Get the dataset to return in json obj...
09/08/2012 11:34:50 pm: ... Got dataset to return in json obj
09/08/2012 11:34:50 pm: Hit to <getData.php>. Type: <cat>. Currency in Post=<>. currency var=<1>.
09/08/2012 11:34:50 pm: Get the dataset to return in json obj...
09/08/2012 11:34:50 pm: ... Got dataset to return in json obj
09/08/2012 11:34:50 pm: Hit to <getData.php>. Type: <scat>. Currency in Post=<>. currency var=<1>.
09/08/2012 11:34:50 pm: Get the dataset to return in json obj...
09/08/2012 11:34:50 pm: ... Got dataset to return in json obj
09/08/2012 11:34:53 pm: dates filters: start: and end:
09/08/2012 11:34:53 pm: dates filters: start:1990-01-01 and end:2100-01-01
09/08/2012 11:34:53 pm: totalrows=0;page=1,limit=10
09/08/2012 11:34:53 pm: query string=cid=2&
09/08/2012 11:34:53 pm: totalrows=0;page=1,limit=10
09/08/2012 11:34:53 pm: totalrows=0;page=1,limit=10
09/08/2012 11:34:53 pm: totalrows=0;page=1,limit=10;startIndex=0
09/08/2012 11:34:54 pm: Hit to <getData.php>. Type: <acc>. Currency in Post=<2>. currency var=<2>.
09/08/2012 11:34:54 pm: Get the dataset to return in json obj...
09/08/2012 11:34:54 pm: ... Got dataset to return in json obj
09/08/2012 11:34:54 pm: Hit to <getData.php>. Type: <curr>. Currency in Post=<>. currency var=<1>.
09/08/2012 11:34:54 pm: Get the dataset to return in json obj...
09/08/2012 11:34:54 pm: ... Got dataset to return in json obj
09/08/2012 11:34:54 pm: Hit to <getData.php>. Type: <payee>. Currency in Post=<>. currency var=<1>.
09/08/2012 11:34:54 pm: Get the dataset to return in json obj...
09/08/2012 11:34:54 pm: ... Got dataset to return in json obj
09/08/2012 11:34:54 pm: Hit to <getData.php>. Type: <cat>. Currency in Post=<>. currency var=<1>.
09/08/2012 11:34:54 pm: Get the dataset to return in json obj...
09/08/2012 11:34:54 pm: ... Got dataset to return in json obj
09/08/2012 11:34:54 pm: Hit to <getData.php>. Type: <scat>. Currency in Post=<>. currency var=<1>.
09/08/2012 11:34:54 pm: Get the dataset to return in json obj...
09/08/2012 11:34:54 pm: ... Got dataset to return in json obj
09/08/2012 11:35:14 pm: Hit to <getData.php>. Type: <acc>. Currency in Post=<2>. currency var=<2>.
09/08/2012 11:35:14 pm: Get the dataset to return in json obj...
09/08/2012 11:35:14 pm: ... Got dataset to return in json obj
09/08/2012 11:35:14 pm: Hit to <getData.php>. Type: <curr>. Currency in Post=<>. currency var=<1>.
09/08/2012 11:35:14 pm: Get the dataset to return in json obj...
09/08/2012 11:35:14 pm: ... Got dataset to return in json obj
09/08/2012 11:35:14 pm: Hit to <getData.php>. Type: <payee>. Currency in Post=<>. currency var=<1>.
09/08/2012 11:35:14 pm: Get the dataset to return in json obj...
09/08/2012 11:35:14 pm: ... Got dataset to return in json obj
09/08/2012 11:35:14 pm: Hit to <getData.php>. Type: <cat>. Currency in Post=<>. currency var=<1>.
09/08/2012 11:35:14 pm: Get the dataset to return in json obj...
09/08/2012 11:35:14 pm: ... Got dataset to return in json obj
09/08/2012 11:35:14 pm: Hit to <getData.php>. Type: <scat>. Currency in Post=<>. currency var=<1>.
09/08/2012 11:35:14 pm: Get the dataset to return in json obj...
09/08/2012 11:35:14 pm: ... Got dataset to return in json obj
09/08/2012 11:36:52 pm: Hit to <getData.php>. Type: <acc>. Currency in Post=<2>. currency var=<2>.
09/08/2012 11:36:52 pm: Get the dataset to return in json obj...
09/08/2012 11:36:52 pm: ... Got dataset to return in json obj
09/08/2012 11:36:52 pm: Hit to <getData.php>. Type: <curr>. Currency in Post=<>. currency var=<1>.
09/08/2012 11:36:52 pm: Get the dataset to return in json obj...
09/08/2012 11:36:52 pm: ... Got dataset to return in json obj
09/08/2012 11:36:52 pm: Hit to <getData.php>. Type: <payee>. Currency in Post=<>. currency var=<1>.
09/08/2012 11:36:52 pm: Get the dataset to return in json obj...
09/08/2012 11:36:52 pm: ... Got dataset to return in json obj
09/08/2012 11:36:52 pm: Hit to <getData.php>. Type: <cat>. Currency in Post=<>. currency var=<1>.
09/08/2012 11:36:52 pm: Get the dataset to return in json obj...
09/08/2012 11:36:52 pm: ... Got dataset to return in json obj
09/08/2012 11:36:52 pm: Hit to <getData.php>. Type: <scat>. Currency in Post=<>. currency var=<1>.
09/08/2012 11:36:52 pm: Get the dataset to return in json obj...
09/08/2012 11:36:52 pm: ... Got dataset to return in json obj
09/08/2012 11:36:57 pm: Hit to <getData.php>. Type: <acc>. Currency in Post=<2>. currency var=<2>.
09/08/2012 11:36:57 pm: Get the dataset to return in json obj...
09/08/2012 11:36:57 pm: ... Got dataset to return in json obj
09/08/2012 11:36:57 pm: Hit to <getData.php>. Type: <curr>. Currency in Post=<>. currency var=<1>.
09/08/2012 11:36:57 pm: Get the dataset to return in json obj...
09/08/2012 11:36:57 pm: ... Got dataset to return in json obj
09/08/2012 11:36:57 pm: Hit to <getData.php>. Type: <payee>. Currency in Post=<>. currency var=<1>.
09/08/2012 11:36:57 pm: Get the dataset to return in json obj...
09/08/2012 11:36:57 pm: ... Got dataset to return in json obj
09/08/2012 11:36:57 pm: Hit to <getData.php>. Type: <cat>. Currency in Post=<>. currency var=<1>.
09/08/2012 11:36:57 pm: Get the dataset to return in json obj...
09/08/2012 11:36:57 pm: ... Got dataset to return in json obj
09/08/2012 11:36:57 pm: Hit to <getData.php>. Type: <scat>. Currency in Post=<>. currency var=<1>.
09/08/2012 11:36:57 pm: Get the dataset to return in json obj...
09/08/2012 11:36:57 pm: ... Got dataset to return in json obj
09/08/2012 11:39:03 pm: Hit to <getData.php>. Type: <acc>. Currency in Post=<2>. currency var=<2>.
09/08/2012 11:39:03 pm: Get the dataset to return in json obj...
09/08/2012 11:39:03 pm: ... Got dataset to return in json obj
09/08/2012 11:39:03 pm: Hit to <getData.php>. Type: <curr>. Currency in Post=<>. currency var=<1>.
09/08/2012 11:39:03 pm: Get the dataset to return in json obj...
09/08/2012 11:39:03 pm: ... Got dataset to return in json obj
09/08/2012 11:39:03 pm: Hit to <getData.php>. Type: <payee>. Currency in Post=<>. currency var=<1>.
09/08/2012 11:39:03 pm: Get the dataset to return in json obj...
09/08/2012 11:39:03 pm: ... Got dataset to return in json obj
09/08/2012 11:39:03 pm: Hit to <getData.php>. Type: <cat>. Currency in Post=<>. currency var=<1>.
09/08/2012 11:39:03 pm: Get the dataset to return in json obj...
09/08/2012 11:39:03 pm: ... Got dataset to return in json obj
09/08/2012 11:39:03 pm: Hit to <getData.php>. Type: <scat>. Currency in Post=<>. currency var=<1>.
09/08/2012 11:39:03 pm: Get the dataset to return in json obj...
09/08/2012 11:39:03 pm: ... Got dataset to return in json obj
