11/26/2012 07:26:47 pm: Get the dataset to return in json obj...
11/26/2012 07:26:47 pm: Get the dataset to return in json obj...
11/26/2012 07:26:47 pm: Get the dataset to return in json obj...
11/26/2012 07:26:48 pm: Get the dataset to return in json obj...
11/26/2012 07:26:48 pm: Get the dataset to return in json obj...
11/26/2012 07:26:48 pm: Query has run: <CALL USP_GetCurrencies();>.
11/26/2012 07:26:48 pm: ... Got dataset to return in json obj
11/26/2012 07:26:48 pm: Query has run: <CALL USP_GetPayees();>.
11/26/2012 07:26:48 pm: ... Got dataset to return in json obj
11/26/2012 07:26:48 pm: Query has run: <CALL USP_GetCategories();>.
11/26/2012 07:26:48 pm: Query has run: <CALL USP_GetCategories2();>.
11/26/2012 07:26:48 pm: ... Got dataset to return in json obj
11/26/2012 07:26:48 pm: ... Got dataset to return in json obj
11/26/2012 07:26:48 pm: Query has run: <CALL USP_GetAccounts();>.
11/26/2012 07:26:48 pm: ... Got dataset to return in json obj
11/26/2012 07:27:29 pm: Amount value: 43,28. Preg_match_all result is <1>
11/26/2012 07:27:30 pm: Currency = <1>.
11/26/2012 07:27:36 pm: Amount value: 43,28. Preg_match_all result is <1>
11/26/2012 07:27:36 pm: Currency = <1>.
11/26/2012 07:28:30 pm: Amount value: -21,04. Preg_match_all result is <1>
11/26/2012 07:28:30 pm: Currency = <1>.
11/26/2012 07:35:31 pm: Get the dataset to return in json obj...
11/26/2012 07:35:31 pm: Get the dataset to return in json obj...
11/26/2012 07:35:31 pm: Query has run: <CALL USP_GetAccounts();>.
11/26/2012 07:35:31 pm: ... Got dataset to return in json obj
11/26/2012 07:35:31 pm: Get the dataset to return in json obj...
11/26/2012 07:35:31 pm: Query has run: <CALL USP_GetPayees();>.
11/26/2012 07:35:31 pm: ... Got dataset to return in json obj
11/26/2012 07:35:31 pm: Query has run: <CALL USP_GetCurrencies();>.
11/26/2012 07:35:31 pm: ... Got dataset to return in json obj
11/26/2012 07:35:31 pm: Get the dataset to return in json obj...
11/26/2012 07:35:31 pm: Query has run: <CALL USP_GetCategories();>.
11/26/2012 07:35:31 pm: ... Got dataset to return in json obj
11/26/2012 07:35:31 pm: Get the dataset to return in json obj...
11/26/2012 07:35:31 pm: Query has run: <CALL USP_GetCategories2();>.
11/26/2012 07:35:31 pm: ... Got dataset to return in json obj
11/26/2012 07:37:22 pm: Get the dataset to return in json obj...
11/26/2012 07:37:22 pm: Query has run: <CALL USP_GetCurrencies();>.
11/26/2012 07:37:22 pm: ... Got dataset to return in json obj
11/26/2012 07:37:22 pm: Get the dataset to return in json obj...
11/26/2012 07:37:22 pm: Query has run: <CALL USP_GetAccounts();>.
11/26/2012 07:37:22 pm: ... Got dataset to return in json obj
11/26/2012 07:37:22 pm: Get the dataset to return in json obj...
11/26/2012 07:37:22 pm: Query has run: <CALL USP_GetPayees();>.
11/26/2012 07:37:22 pm: ... Got dataset to return in json obj
11/26/2012 07:37:22 pm: Get the dataset to return in json obj...
11/26/2012 07:37:22 pm: Query has run: <CALL USP_GetCategories();>.
11/26/2012 07:37:22 pm: ... Got dataset to return in json obj
11/26/2012 07:37:22 pm: Get the dataset to return in json obj...
11/26/2012 07:37:22 pm: Query has run: <CALL USP_GetCategories2();>.
11/26/2012 07:37:22 pm: ... Got dataset to return in json obj
11/26/2012 07:37:25 pm: Currency = <1>.
11/26/2012 07:37:30 pm: Get the dataset to return in json obj...
11/26/2012 07:37:30 pm: Query has run: <CALL USP_GetCurrencies();>.
11/26/2012 07:37:30 pm: ... Got dataset to return in json obj
11/26/2012 07:37:30 pm: Get the dataset to return in json obj...
11/26/2012 07:37:30 pm: Query has run: <CALL USP_GetAccounts();>.
11/26/2012 07:37:30 pm: ... Got dataset to return in json obj
11/26/2012 07:37:30 pm: Get the dataset to return in json obj...
11/26/2012 07:37:30 pm: Get the dataset to return in json obj...
11/26/2012 07:37:30 pm: Query has run: <CALL USP_GetPayees();>.
11/26/2012 07:37:30 pm: ... Got dataset to return in json obj
11/26/2012 07:37:30 pm: Query has run: <CALL USP_GetCategories();>.
11/26/2012 07:37:30 pm: ... Got dataset to return in json obj
11/26/2012 07:37:30 pm: Get the dataset to return in json obj...
11/26/2012 07:37:30 pm: Query has run: <CALL USP_GetCategories2();>.
11/26/2012 07:37:30 pm: ... Got dataset to return in json obj
11/26/2012 07:38:22 pm: Get the dataset to return in json obj...
11/26/2012 07:38:22 pm: Query has run: <CALL USP_GetAccounts();>.
11/26/2012 07:38:22 pm: ... Got dataset to return in json obj
11/26/2012 07:38:22 pm: Get the dataset to return in json obj...
11/26/2012 07:38:22 pm: Query has run: <CALL USP_GetCurrencies();>.
11/26/2012 07:38:22 pm: ... Got dataset to return in json obj
11/26/2012 07:38:22 pm: Get the dataset to return in json obj...
11/26/2012 07:38:22 pm: Get the dataset to return in json obj...
11/26/2012 07:38:22 pm: Query has run: <CALL USP_GetPayees();>.
11/26/2012 07:38:22 pm: ... Got dataset to return in json obj
11/26/2012 07:38:22 pm: Query has run: <CALL USP_GetCategories();>.
11/26/2012 07:38:22 pm: ... Got dataset to return in json obj
11/26/2012 07:38:22 pm: Get the dataset to return in json obj...
11/26/2012 07:38:22 pm: Query has run: <CALL USP_GetCategories2();>.
11/26/2012 07:38:22 pm: ... Got dataset to return in json obj
11/26/2012 07:38:44 pm: Amount value: -11,5. Preg_match_all result is <1>
11/26/2012 07:38:44 pm: Currency = <1>.
11/26/2012 07:38:47 pm: Get the dataset to return in json obj...
11/26/2012 07:38:47 pm: Query has run: <CALL USP_GetAccounts();>.
11/26/2012 07:38:47 pm: ... Got dataset to return in json obj
11/26/2012 07:38:47 pm: Get the dataset to return in json obj...
11/26/2012 07:38:47 pm: Query has run: <CALL USP_GetCurrencies();>.
11/26/2012 07:38:47 pm: ... Got dataset to return in json obj
11/26/2012 07:38:47 pm: Get the dataset to return in json obj...
11/26/2012 07:38:47 pm: Query has run: <CALL USP_GetPayees();>.
11/26/2012 07:38:47 pm: ... Got dataset to return in json obj
11/26/2012 07:38:47 pm: Get the dataset to return in json obj...
11/26/2012 07:38:47 pm: Query has run: <CALL USP_GetCategories();>.
11/26/2012 07:38:47 pm: ... Got dataset to return in json obj
11/26/2012 07:38:47 pm: Get the dataset to return in json obj...
11/26/2012 07:38:47 pm: Query has run: <CALL USP_GetCategories2();>.
11/26/2012 07:38:47 pm: ... Got dataset to return in json obj
11/26/2012 07:39:00 pm: Get the dataset to return in json obj...
11/26/2012 07:39:00 pm: Query has run: <CALL USP_GetCategories();>.
11/26/2012 07:39:00 pm: ... Got dataset to return in json obj
11/26/2012 07:39:00 pm: Get the dataset to return in json obj...
11/26/2012 07:39:00 pm: Get the dataset to return in json obj...
11/26/2012 07:39:00 pm: Get the dataset to return in json obj...
11/26/2012 07:39:00 pm: Query has run: <CALL USP_GetPayees();>.
11/26/2012 07:39:00 pm: ... Got dataset to return in json obj
11/26/2012 07:39:00 pm: Query has run: <CALL USP_GetAccounts();>.
11/26/2012 07:39:00 pm: ... Got dataset to return in json obj
11/26/2012 07:39:00 pm: Get the dataset to return in json obj...
11/26/2012 07:39:00 pm: Query has run: <CALL USP_GetCategories2();>.
11/26/2012 07:39:00 pm: ... Got dataset to return in json obj
11/26/2012 07:39:00 pm: Query has run: <CALL USP_GetCurrencies();>.
11/26/2012 07:39:00 pm: ... Got dataset to return in json obj
11/26/2012 07:43:17 pm: Get the dataset to return in json obj...
11/26/2012 07:43:17 pm: Get the dataset to return in json obj...
11/26/2012 07:43:17 pm: Query has run: <CALL USP_GetCategories2();>.
11/26/2012 07:43:17 pm: ... Got dataset to return in json obj
11/26/2012 07:43:17 pm: Get the dataset to return in json obj...
11/26/2012 07:43:17 pm: Get the dataset to return in json obj...
11/26/2012 07:43:17 pm: Query has run: <CALL USP_GetAccounts();>.
11/26/2012 07:43:17 pm: ... Got dataset to return in json obj
11/26/2012 07:43:17 pm: Get the dataset to return in json obj...
11/26/2012 07:43:17 pm: Query has run: <CALL USP_GetPayees();>.
11/26/2012 07:43:17 pm: ... Got dataset to return in json obj
11/26/2012 07:43:17 pm: Query has run: <CALL USP_GetCategories();>.
11/26/2012 07:43:17 pm: ... Got dataset to return in json obj
11/26/2012 07:43:17 pm: Query has run: <CALL USP_GetCurrencies();>.
11/26/2012 07:43:17 pm: ... Got dataset to return in json obj
11/26/2012 07:49:47 pm: Get the dataset to return in json obj...
11/26/2012 07:49:47 pm: Get the dataset to return in json obj...
11/26/2012 07:49:47 pm: Query has run: <CALL USP_GetCurrencies();>.
11/26/2012 07:49:47 pm: ... Got dataset to return in json obj
11/26/2012 07:49:47 pm: Get the dataset to return in json obj...
11/26/2012 07:49:47 pm: Query has run: <CALL USP_GetAccounts();>.
11/26/2012 07:49:47 pm: ... Got dataset to return in json obj
11/26/2012 07:49:47 pm: Query has run: <CALL USP_GetPayees();>.
11/26/2012 07:49:47 pm: ... Got dataset to return in json obj
11/26/2012 07:49:47 pm: Get the dataset to return in json obj...
11/26/2012 07:49:47 pm: Query has run: <CALL USP_GetCategories();>.
11/26/2012 07:49:47 pm: ... Got dataset to return in json obj
11/26/2012 07:49:47 pm: Get the dataset to return in json obj...
11/26/2012 07:49:47 pm: Query has run: <CALL USP_GetCategories2();>.
11/26/2012 07:49:47 pm: ... Got dataset to return in json obj
11/26/2012 07:50:26 pm: Get the dataset to return in json obj...
11/26/2012 07:50:26 pm: Get the dataset to return in json obj...
11/26/2012 07:50:26 pm: Query has run: <CALL USP_GetAccounts();>.
11/26/2012 07:50:26 pm: Query has run: <CALL USP_GetCurrencies();>.
11/26/2012 07:50:26 pm: ... Got dataset to return in json obj
11/26/2012 07:50:26 pm: ... Got dataset to return in json obj
11/26/2012 07:50:26 pm: Get the dataset to return in json obj...
11/26/2012 07:50:26 pm: Query has run: <CALL USP_GetCategories();>.
11/26/2012 07:50:26 pm: ... Got dataset to return in json obj
11/26/2012 07:50:26 pm: Get the dataset to return in json obj...
11/26/2012 07:50:26 pm: Query has run: <CALL USP_GetCategories2();>.
11/26/2012 07:50:26 pm: ... Got dataset to return in json obj
11/26/2012 07:50:26 pm: Get the dataset to return in json obj...
11/26/2012 07:50:26 pm: Query has run: <CALL USP_GetPayees();>.
11/26/2012 07:50:26 pm: ... Got dataset to return in json obj
11/26/2012 07:55:41 pm: Get the dataset to return in json obj...
11/26/2012 07:55:41 pm: Query has run: <CALL USP_GetAccounts();>.
11/26/2012 07:55:41 pm: ... Got dataset to return in json obj
11/26/2012 07:55:41 pm: Get the dataset to return in json obj...
11/26/2012 07:55:41 pm: Query has run: <CALL USP_GetCurrencies();>.
11/26/2012 07:55:41 pm: ... Got dataset to return in json obj
11/26/2012 07:55:41 pm: Get the dataset to return in json obj...
11/26/2012 07:55:41 pm: Query has run: <CALL USP_GetPayees();>.
11/26/2012 07:55:41 pm: ... Got dataset to return in json obj
11/26/2012 07:55:41 pm: Get the dataset to return in json obj...
11/26/2012 07:55:41 pm: Query has run: <CALL USP_GetCategories();>.
11/26/2012 07:55:41 pm: ... Got dataset to return in json obj
11/26/2012 07:55:41 pm: Get the dataset to return in json obj...
11/26/2012 07:55:41 pm: Query has run: <CALL USP_GetCategories2();>.
11/26/2012 07:55:41 pm: ... Got dataset to return in json obj
11/26/2012 07:56:30 pm: Get the dataset to return in json obj...
11/26/2012 07:56:30 pm: Query has run: <CALL USP_GetAccounts();>.
11/26/2012 07:56:30 pm: ... Got dataset to return in json obj
11/26/2012 07:56:30 pm: Get the dataset to return in json obj...
11/26/2012 07:56:30 pm: Query has run: <CALL USP_GetCurrencies();>.
11/26/2012 07:56:30 pm: ... Got dataset to return in json obj
11/26/2012 07:56:30 pm: Get the dataset to return in json obj...
11/26/2012 07:56:30 pm: Query has run: <CALL USP_GetPayees();>.
11/26/2012 07:56:30 pm: ... Got dataset to return in json obj
11/26/2012 07:56:30 pm: Get the dataset to return in json obj...
11/26/2012 07:56:30 pm: Get the dataset to return in json obj...
11/26/2012 07:56:30 pm: Query has run: <CALL USP_GetCategories();>.
11/26/2012 07:56:30 pm: ... Got dataset to return in json obj
11/26/2012 07:56:30 pm: Query has run: <CALL USP_GetCategories2();>.
11/26/2012 07:56:30 pm: ... Got dataset to return in json obj
11/26/2012 07:58:00 pm: Get the dataset to return in json obj...
11/26/2012 07:58:00 pm: Get the dataset to return in json obj...
11/26/2012 07:58:00 pm: Get the dataset to return in json obj...
11/26/2012 07:58:00 pm: Query has run: <CALL USP_GetCategories();>.
11/26/2012 07:58:00 pm: ... Got dataset to return in json obj
11/26/2012 07:58:00 pm: Query has run: <CALL USP_GetCurrencies();>.
11/26/2012 07:58:00 pm: ... Got dataset to return in json obj
11/26/2012 07:58:00 pm: Query has run: <CALL USP_GetPayees();>.
11/26/2012 07:58:00 pm: ... Got dataset to return in json obj
11/26/2012 07:58:00 pm: Get the dataset to return in json obj...
11/26/2012 07:58:00 pm: Query has run: <CALL USP_GetAccounts();>.
11/26/2012 07:58:00 pm: ... Got dataset to return in json obj
11/26/2012 07:58:00 pm: Get the dataset to return in json obj...
11/26/2012 07:58:00 pm: Query has run: <CALL USP_GetCategories2();>.
11/26/2012 07:58:00 pm: ... Got dataset to return in json obj
11/26/2012 07:59:32 pm: Get the dataset to return in json obj...
11/26/2012 07:59:32 pm: Query has run: <CALL USP_GetCurrencies();>.
11/26/2012 07:59:32 pm: ... Got dataset to return in json obj
11/26/2012 07:59:32 pm: Get the dataset to return in json obj...
11/26/2012 07:59:32 pm: Get the dataset to return in json obj...
11/26/2012 07:59:32 pm: Get the dataset to return in json obj...
11/26/2012 07:59:32 pm: Query has run: <CALL USP_GetCategories();>.
11/26/2012 07:59:32 pm: ... Got dataset to return in json obj
11/26/2012 07:59:32 pm: Query has run: <CALL USP_GetPayees();>.
11/26/2012 07:59:32 pm: ... Got dataset to return in json obj
11/26/2012 07:59:32 pm: Get the dataset to return in json obj...
11/26/2012 07:59:32 pm: Query has run: <CALL USP_GetAccounts();>.
11/26/2012 07:59:32 pm: ... Got dataset to return in json obj
11/26/2012 07:59:32 pm: Query has run: <CALL USP_GetCategories2();>.
11/26/2012 07:59:32 pm: ... Got dataset to return in json obj
11/26/2012 08:06:00 pm: Get the dataset to return in json obj...
11/26/2012 08:06:00 pm: Query has run: <CALL USP_GetAccounts();>.
11/26/2012 08:06:00 pm: ... Got dataset to return in json obj
11/26/2012 08:06:00 pm: Get the dataset to return in json obj...
11/26/2012 08:06:00 pm: Get the dataset to return in json obj...
11/26/2012 08:06:00 pm: Query has run: <CALL USP_GetPayees();>.
11/26/2012 08:06:00 pm: ... Got dataset to return in json obj
11/26/2012 08:06:00 pm: Query has run: <CALL USP_GetCategories();>.
11/26/2012 08:06:00 pm: ... Got dataset to return in json obj
11/26/2012 08:06:00 pm: Get the dataset to return in json obj...
11/26/2012 08:06:00 pm: Query has run: <CALL USP_GetCurrencies();>.
11/26/2012 08:06:00 pm: ... Got dataset to return in json obj
11/26/2012 08:06:00 pm: Get the dataset to return in json obj...
11/26/2012 08:06:00 pm: Query has run: <CALL USP_GetCategories2();>.
11/26/2012 08:06:00 pm: ... Got dataset to return in json obj
11/26/2012 08:12:19 pm: Get the dataset to return in json obj...
11/26/2012 08:12:19 pm: Get the dataset to return in json obj...
11/26/2012 08:12:19 pm: Query has run: <CALL USP_GetAccounts();>.
11/26/2012 08:12:19 pm: ... Got dataset to return in json obj
11/26/2012 08:12:19 pm: Query has run: <CALL USP_GetCurrencies();>.
11/26/2012 08:12:19 pm: ... Got dataset to return in json obj
11/26/2012 08:12:19 pm: Get the dataset to return in json obj...
11/26/2012 08:12:19 pm: Query has run: <CALL USP_GetPayees();>.
11/26/2012 08:12:19 pm: ... Got dataset to return in json obj
11/26/2012 08:12:19 pm: Get the dataset to return in json obj...
11/26/2012 08:12:19 pm: Query has run: <CALL USP_GetCategories2();>.
11/26/2012 08:12:19 pm: ... Got dataset to return in json obj
11/26/2012 08:12:19 pm: Get the dataset to return in json obj...
11/26/2012 08:12:19 pm: Query has run: <CALL USP_GetCategories();>.
11/26/2012 08:12:19 pm: ... Got dataset to return in json obj
11/26/2012 08:12:53 pm: Get the dataset to return in json obj...
11/26/2012 08:12:53 pm: Get the dataset to return in json obj...
11/26/2012 08:12:53 pm: Query has run: <CALL USP_GetCurrencies();>.
11/26/2012 08:12:53 pm: ... Got dataset to return in json obj
11/26/2012 08:12:53 pm: Query has run: <CALL USP_GetPayees();>.
11/26/2012 08:12:53 pm: ... Got dataset to return in json obj
11/26/2012 08:12:53 pm: Get the dataset to return in json obj...
11/26/2012 08:12:53 pm: Query has run: <CALL USP_GetAccounts();>.
11/26/2012 08:12:53 pm: ... Got dataset to return in json obj
11/26/2012 08:12:53 pm: Get the dataset to return in json obj...
11/26/2012 08:12:53 pm: Query has run: <CALL USP_GetCategories();>.
11/26/2012 08:12:53 pm: ... Got dataset to return in json obj
11/26/2012 08:12:53 pm: Get the dataset to return in json obj...
11/26/2012 08:12:53 pm: Query has run: <CALL USP_GetCategories2();>.
11/26/2012 08:12:53 pm: ... Got dataset to return in json obj
11/26/2012 08:13:34 pm: Get the dataset to return in json obj...
11/26/2012 08:13:34 pm: Get the dataset to return in json obj...
11/26/2012 08:13:34 pm: Get the dataset to return in json obj...
11/26/2012 08:13:34 pm: Query has run: <CALL USP_GetCurrencies();>.
11/26/2012 08:13:34 pm: ... Got dataset to return in json obj
11/26/2012 08:13:34 pm: Query has run: <CALL USP_GetAccounts();>.
11/26/2012 08:13:34 pm: ... Got dataset to return in json obj
11/26/2012 08:13:34 pm: Query has run: <CALL USP_GetPayees();>.
11/26/2012 08:13:34 pm: ... Got dataset to return in json obj
11/26/2012 08:13:34 pm: Get the dataset to return in json obj...
11/26/2012 08:13:34 pm: Query has run: <CALL USP_GetCategories();>.
11/26/2012 08:13:34 pm: ... Got dataset to return in json obj
11/26/2012 08:13:34 pm: Get the dataset to return in json obj...
11/26/2012 08:13:34 pm: Query has run: <CALL USP_GetCategories2();>.
11/26/2012 08:13:34 pm: ... Got dataset to return in json obj
11/26/2012 08:14:03 pm: Get the dataset to return in json obj...
11/26/2012 08:14:03 pm: Get the dataset to return in json obj...
11/26/2012 08:14:03 pm: Query has run: <CALL USP_GetAccounts();>.
11/26/2012 08:14:03 pm: ... Got dataset to return in json obj
11/26/2012 08:14:03 pm: Get the dataset to return in json obj...
11/26/2012 08:14:03 pm: Get the dataset to return in json obj...
11/26/2012 08:14:03 pm: Query has run: <CALL USP_GetPayees();>.
11/26/2012 08:14:03 pm: ... Got dataset to return in json obj
11/26/2012 08:14:03 pm: Query has run: <CALL USP_GetCurrencies();>.
11/26/2012 08:14:03 pm: Query has run: <CALL USP_GetCategories();>.
11/26/2012 08:14:03 pm: ... Got dataset to return in json obj
11/26/2012 08:14:03 pm: ... Got dataset to return in json obj
11/26/2012 08:14:03 pm: Get the dataset to return in json obj...
11/26/2012 08:14:03 pm: Query has run: <CALL USP_GetCategories2();>.
11/26/2012 08:14:03 pm: ... Got dataset to return in json obj
11/26/2012 08:14:40 pm: Get the dataset to return in json obj...
11/26/2012 08:14:40 pm: Get the dataset to return in json obj...
11/26/2012 08:14:40 pm: Get the dataset to return in json obj...
11/26/2012 08:14:40 pm: Get the dataset to return in json obj...
11/26/2012 08:14:40 pm: Get the dataset to return in json obj...
11/26/2012 08:14:40 pm: Query has run: <CALL USP_GetAccounts();>.
11/26/2012 08:14:40 pm: ... Got dataset to return in json obj
11/26/2012 08:14:40 pm: Query has run: <CALL USP_GetPayees();>.
11/26/2012 08:14:40 pm: ... Got dataset to return in json obj
11/26/2012 08:14:40 pm: Query has run: <CALL USP_GetCategories();>.
11/26/2012 08:14:40 pm: ... Got dataset to return in json obj
11/26/2012 08:14:40 pm: Query has run: <CALL USP_GetCurrencies();>.
11/26/2012 08:14:40 pm: ... Got dataset to return in json obj
11/26/2012 08:14:40 pm: Query has run: <CALL USP_GetCategories2();>.
11/26/2012 08:14:40 pm: ... Got dataset to return in json obj
11/26/2012 08:15:20 pm: Get the dataset to return in json obj...
11/26/2012 08:15:20 pm: Query has run: <CALL USP_GetAccounts();>.
11/26/2012 08:15:20 pm: ... Got dataset to return in json obj
11/26/2012 08:15:20 pm: Get the dataset to return in json obj...
11/26/2012 08:15:20 pm: Query has run: <CALL USP_GetCurrencies();>.
11/26/2012 08:15:20 pm: ... Got dataset to return in json obj
11/26/2012 08:15:20 pm: Get the dataset to return in json obj...
11/26/2012 08:15:20 pm: Query has run: <CALL USP_GetPayees();>.
11/26/2012 08:15:20 pm: ... Got dataset to return in json obj
11/26/2012 08:15:20 pm: Get the dataset to return in json obj...
11/26/2012 08:15:20 pm: Query has run: <CALL USP_GetCategories();>.
11/26/2012 08:15:20 pm: ... Got dataset to return in json obj
11/26/2012 08:15:20 pm: Get the dataset to return in json obj...
11/26/2012 08:15:20 pm: Query has run: <CALL USP_GetCategories2();>.
11/26/2012 08:15:20 pm: ... Got dataset to return in json obj
11/26/2012 08:21:11 pm: Get the dataset to return in json obj...
11/26/2012 08:21:11 pm: Query has run: <CALL USP_GetAccounts();>.
11/26/2012 08:21:11 pm: ... Got dataset to return in json obj
11/26/2012 08:21:11 pm: Get the dataset to return in json obj...
11/26/2012 08:21:11 pm: Query has run: <CALL USP_GetCurrencies();>.
11/26/2012 08:21:11 pm: ... Got dataset to return in json obj
11/26/2012 08:21:11 pm: Get the dataset to return in json obj...
11/26/2012 08:21:11 pm: Query has run: <CALL USP_GetPayees();>.
11/26/2012 08:21:11 pm: ... Got dataset to return in json obj
11/26/2012 08:21:11 pm: Get the dataset to return in json obj...
11/26/2012 08:21:11 pm: Query has run: <CALL USP_GetCategories();>.
11/26/2012 08:21:11 pm: ... Got dataset to return in json obj
11/26/2012 08:21:11 pm: Get the dataset to return in json obj...
11/26/2012 08:21:11 pm: Query has run: <CALL USP_GetCategories2();>.
11/26/2012 08:21:11 pm: ... Got dataset to return in json obj
11/26/2012 08:29:26 pm: Get the dataset to return in json obj...
11/26/2012 08:29:26 pm: Get the dataset to return in json obj...
11/26/2012 08:29:26 pm: Get the dataset to return in json obj...
11/26/2012 08:29:26 pm: Query has run: <CALL USP_GetCategories();>.
11/26/2012 08:29:26 pm: ... Got dataset to return in json obj
11/26/2012 08:29:26 pm: Query has run: <CALL USP_GetAccounts();>.
11/26/2012 08:29:26 pm: ... Got dataset to return in json obj
11/26/2012 08:29:26 pm: Get the dataset to return in json obj...
11/26/2012 08:29:26 pm: Query has run: <CALL USP_GetPayees();>.
11/26/2012 08:29:26 pm: ... Got dataset to return in json obj
11/26/2012 08:29:26 pm: Query has run: <CALL USP_GetCurrencies();>.
11/26/2012 08:29:26 pm: ... Got dataset to return in json obj
11/26/2012 08:29:26 pm: Get the dataset to return in json obj...
11/26/2012 08:29:26 pm: Query has run: <CALL USP_GetCategories2();>.
11/26/2012 08:29:26 pm: ... Got dataset to return in json obj
11/26/2012 08:30:39 pm: Get the dataset to return in json obj...
11/26/2012 08:30:39 pm: Query has run: <CALL USP_GetAccounts();>.
11/26/2012 08:30:39 pm: ... Got dataset to return in json obj
11/26/2012 08:30:39 pm: Get the dataset to return in json obj...
11/26/2012 08:30:39 pm: Query has run: <CALL USP_GetCurrencies();>.
11/26/2012 08:30:39 pm: ... Got dataset to return in json obj
11/26/2012 08:30:39 pm: Get the dataset to return in json obj...
11/26/2012 08:30:39 pm: Query has run: <CALL USP_GetPayees();>.
11/26/2012 08:30:39 pm: ... Got dataset to return in json obj
11/26/2012 08:30:39 pm: Get the dataset to return in json obj...
11/26/2012 08:30:39 pm: Query has run: <CALL USP_GetCategories();>.
11/26/2012 08:30:39 pm: ... Got dataset to return in json obj
11/26/2012 08:30:39 pm: Get the dataset to return in json obj...
11/26/2012 08:30:39 pm: Query has run: <CALL USP_GetCategories2();>.
11/26/2012 08:30:39 pm: ... Got dataset to return in json obj
11/26/2012 09:08:22 pm: Get the dataset to return in json obj...
11/26/2012 09:08:22 pm: Get the dataset to return in json obj...
11/26/2012 09:08:22 pm: Query has run: <CALL USP_GetAccounts();>.
11/26/2012 09:08:22 pm: ... Got dataset to return in json obj
11/26/2012 09:08:22 pm: Query has run: <CALL USP_GetCurrencies();>.
11/26/2012 09:08:22 pm: ... Got dataset to return in json obj
11/26/2012 09:08:22 pm: Get the dataset to return in json obj...
11/26/2012 09:08:22 pm: Query has run: <CALL USP_GetPayees();>.
11/26/2012 09:08:22 pm: ... Got dataset to return in json obj
11/26/2012 09:08:22 pm: Get the dataset to return in json obj...
11/26/2012 09:08:22 pm: Query has run: <CALL USP_GetCategories();>.
11/26/2012 09:08:22 pm: ... Got dataset to return in json obj
11/26/2012 09:08:22 pm: Get the dataset to return in json obj...
11/26/2012 09:08:22 pm: Query has run: <CALL USP_GetCategories2();>.
11/26/2012 09:08:22 pm: ... Got dataset to return in json obj
11/26/2012 09:19:08 pm: Get the dataset to return in json obj...
11/26/2012 09:19:08 pm: Query has run: <CALL USP_GetAccounts();>.
11/26/2012 09:19:08 pm: ... Got dataset to return in json obj
11/26/2012 09:19:08 pm: Get the dataset to return in json obj...
11/26/2012 09:19:08 pm: Query has run: <CALL USP_GetCurrencies();>.
11/26/2012 09:19:08 pm: ... Got dataset to return in json obj
11/26/2012 09:19:08 pm: Get the dataset to return in json obj...
11/26/2012 09:19:08 pm: Query has run: <CALL USP_GetPayees();>.
11/26/2012 09:19:08 pm: ... Got dataset to return in json obj
11/26/2012 09:19:08 pm: Get the dataset to return in json obj...
11/26/2012 09:19:08 pm: Query has run: <CALL USP_GetCategories();>.
11/26/2012 09:19:08 pm: ... Got dataset to return in json obj
11/26/2012 09:19:08 pm: Get the dataset to return in json obj...
11/26/2012 09:19:08 pm: Query has run: <CALL USP_GetCategories2();>.
11/26/2012 09:19:08 pm: ... Got dataset to return in json obj
11/26/2012 09:32:11 pm: Get the dataset to return in json obj...
11/26/2012 09:32:11 pm: Query has run: <CALL USP_GetAccounts();>.
11/26/2012 09:32:11 pm: ... Got dataset to return in json obj
11/26/2012 09:32:11 pm: Get the dataset to return in json obj...
11/26/2012 09:32:11 pm: Query has run: <CALL USP_GetCurrencies();>.
11/26/2012 09:32:11 pm: ... Got dataset to return in json obj
11/26/2012 09:32:11 pm: Get the dataset to return in json obj...
11/26/2012 09:32:11 pm: Get the dataset to return in json obj...
11/26/2012 09:32:11 pm: Query has run: <CALL USP_GetCategories();>.
11/26/2012 09:32:11 pm: ... Got dataset to return in json obj
11/26/2012 09:32:11 pm: Query has run: <CALL USP_GetCategories2();>.
11/26/2012 09:32:11 pm: ... Got dataset to return in json obj
11/26/2012 09:32:11 pm: Get the dataset to return in json obj...
11/26/2012 09:32:11 pm: Query has run: <CALL USP_GetPayees();>.
11/26/2012 09:32:11 pm: ... Got dataset to return in json obj
11/26/2012 09:38:04 pm: Get the dataset to return in json obj...
11/26/2012 09:38:04 pm: Query has run: <CALL USP_GetAccounts();>.
11/26/2012 09:38:04 pm: ... Got dataset to return in json obj
11/26/2012 09:38:04 pm: Get the dataset to return in json obj...
11/26/2012 09:38:05 pm: Query has run: <CALL USP_GetPayees();>.
11/26/2012 09:38:05 pm: ... Got dataset to return in json obj
11/26/2012 09:38:05 pm: Get the dataset to return in json obj...
11/26/2012 09:38:05 pm: Query has run: <CALL USP_GetCategories();>.
11/26/2012 09:38:05 pm: ... Got dataset to return in json obj
11/26/2012 09:38:05 pm: Get the dataset to return in json obj...
11/26/2012 09:38:05 pm: Query has run: <CALL USP_GetCurrencies();>.
11/26/2012 09:38:05 pm: ... Got dataset to return in json obj
11/26/2012 09:38:05 pm: Get the dataset to return in json obj...
11/26/2012 09:38:05 pm: Query has run: <CALL USP_GetCategories2();>.
11/26/2012 09:38:05 pm: ... Got dataset to return in json obj
11/26/2012 09:38:07 pm: Get the dataset to return in json obj...
11/26/2012 09:38:07 pm: Get the dataset to return in json obj...
11/26/2012 09:38:07 pm: Get the dataset to return in json obj...
11/26/2012 09:38:07 pm: Query has run: <CALL USP_GetAccounts();>.
11/26/2012 09:38:07 pm: ... Got dataset to return in json obj
11/26/2012 09:38:07 pm: Query has run: <CALL USP_GetCurrencies();>.
11/26/2012 09:38:07 pm: ... Got dataset to return in json obj
11/26/2012 09:38:07 pm: Query has run: <CALL USP_GetPayees();>.
11/26/2012 09:38:07 pm: ... Got dataset to return in json obj
11/26/2012 09:38:07 pm: Get the dataset to return in json obj...
11/26/2012 09:38:07 pm: Get the dataset to return in json obj...
11/26/2012 09:38:07 pm: Query has run: <CALL USP_GetCategories();>.
11/26/2012 09:38:07 pm: ... Got dataset to return in json obj
11/26/2012 09:38:07 pm: Query has run: <CALL USP_GetCategories2();>.
11/26/2012 09:38:07 pm: ... Got dataset to return in json obj
11/26/2012 09:38:56 pm: Get the dataset to return in json obj...
11/26/2012 09:38:56 pm: Query has run: <CALL USP_GetPayees();>.
11/26/2012 09:38:56 pm: ... Got dataset to return in json obj
11/26/2012 09:38:56 pm: Get the dataset to return in json obj...
11/26/2012 09:38:56 pm: Get the dataset to return in json obj...
11/26/2012 09:38:56 pm: Query has run: <CALL USP_GetAccounts();>.
11/26/2012 09:38:56 pm: ... Got dataset to return in json obj
11/26/2012 09:38:56 pm: Query has run: <CALL USP_GetCategories2();>.
11/26/2012 09:38:56 pm: ... Got dataset to return in json obj
11/26/2012 09:38:56 pm: Get the dataset to return in json obj...
11/26/2012 09:38:56 pm: Get the dataset to return in json obj...
11/26/2012 09:38:56 pm: Query has run: <CALL USP_GetCurrencies();>.
11/26/2012 09:38:56 pm: ... Got dataset to return in json obj
11/26/2012 09:38:56 pm: Query has run: <CALL USP_GetCategories();>.
11/26/2012 09:38:56 pm: ... Got dataset to return in json obj
11/26/2012 09:45:17 pm: Get the dataset to return in json obj...
11/26/2012 09:45:17 pm: Query has run: <CALL USP_GetAccounts();>.
11/26/2012 09:45:17 pm: ... Got dataset to return in json obj
11/26/2012 09:45:17 pm: Get the dataset to return in json obj...
11/26/2012 09:45:17 pm: Query has run: <CALL USP_GetCurrencies();>.
11/26/2012 09:45:17 pm: ... Got dataset to return in json obj
11/26/2012 09:45:17 pm: Get the dataset to return in json obj...
11/26/2012 09:45:17 pm: Get the dataset to return in json obj...
11/26/2012 09:45:17 pm: Query has run: <CALL USP_GetPayees();>.
11/26/2012 09:45:17 pm: ... Got dataset to return in json obj
11/26/2012 09:45:17 pm: Query has run: <CALL USP_GetCategories();>.
11/26/2012 09:45:17 pm: ... Got dataset to return in json obj
11/26/2012 09:45:17 pm: Get the dataset to return in json obj...
11/26/2012 09:45:17 pm: Query has run: <CALL USP_GetCategories2();>.
11/26/2012 09:45:17 pm: ... Got dataset to return in json obj
11/26/2012 09:45:50 pm: Get the dataset to return in json obj...
11/26/2012 09:45:50 pm: Query has run: <CALL USP_GetCurrencies();>.
11/26/2012 09:45:50 pm: ... Got dataset to return in json obj
11/26/2012 09:45:50 pm: Get the dataset to return in json obj...
11/26/2012 09:45:50 pm: Query has run: <CALL USP_GetPayees();>.
11/26/2012 09:45:50 pm: ... Got dataset to return in json obj
11/26/2012 09:45:50 pm: Get the dataset to return in json obj...
11/26/2012 09:45:50 pm: Get the dataset to return in json obj...
11/26/2012 09:45:50 pm: Get the dataset to return in json obj...
11/26/2012 09:45:50 pm: Query has run: <CALL USP_GetAccounts();>.
11/26/2012 09:45:50 pm: ... Got dataset to return in json obj
11/26/2012 09:45:50 pm: Query has run: <CALL USP_GetCategories2();>.
11/26/2012 09:45:50 pm: ... Got dataset to return in json obj
11/26/2012 09:45:50 pm: Query has run: <CALL USP_GetCategories();>.
11/26/2012 09:45:50 pm: ... Got dataset to return in json obj
