11/15/2012 06:41:16 pm: Get the dataset to return in json obj...
11/15/2012 06:41:16 pm: Get the dataset to return in json obj...
11/15/2012 06:41:16 pm: Get the dataset to return in json obj...
11/15/2012 06:41:16 pm: Get the dataset to return in json obj...
11/15/2012 06:41:16 pm: Get the dataset to return in json obj...
11/15/2012 06:41:16 pm: Query has run: <CALL USP_GetCurrencies();>.
11/15/2012 06:41:16 pm: ... Got dataset to return in json obj
11/15/2012 06:41:16 pm: Query has run: <CALL USP_GetAccounts();>.
11/15/2012 06:41:16 pm: ... Got dataset to return in json obj
11/15/2012 06:41:16 pm: Query has run: <CALL USP_GetCategories2();>.
11/15/2012 06:41:16 pm: ... Got dataset to return in json obj
11/15/2012 06:41:16 pm: Query has run: <CALL USP_GetCategories();>.
11/15/2012 06:41:16 pm: ... Got dataset to return in json obj
11/15/2012 06:41:16 pm: Query has run: <CALL USP_GetPayees();>.
11/15/2012 06:41:16 pm: ... Got dataset to return in json obj
11/15/2012 06:41:19 pm: Get the dataset to return in json obj...
11/15/2012 06:41:19 pm: Get the dataset to return in json obj...
11/15/2012 06:41:19 pm: Query has run: <CALL USP_GetCurrencies();>.
11/15/2012 06:41:19 pm: ... Got dataset to return in json obj
11/15/2012 06:41:19 pm: Query has run: <CALL USP_GetPayees();>.
11/15/2012 06:41:19 pm: ... Got dataset to return in json obj
11/15/2012 06:41:19 pm: Get the dataset to return in json obj...
11/15/2012 06:41:19 pm: Get the dataset to return in json obj...
11/15/2012 06:41:19 pm: Get the dataset to return in json obj...
11/15/2012 06:41:19 pm: Query has run: <CALL USP_GetCategories2();>.
11/15/2012 06:41:19 pm: ... Got dataset to return in json obj
11/15/2012 06:41:19 pm: Query has run: <CALL USP_GetCategories();>.
11/15/2012 06:41:19 pm: ... Got dataset to return in json obj
11/15/2012 06:41:19 pm: Query has run: <CALL USP_GetAccounts();>.
11/15/2012 06:41:19 pm: ... Got dataset to return in json obj
11/15/2012 06:41:34 pm: Amount value: -125. Preg_match_all result is <1>
11/15/2012 06:41:34 pm: Currency = <1>.
11/15/2012 06:41:37 pm: Get the dataset to return in json obj...
11/15/2012 06:41:37 pm: Query has run: <CALL USP_GetAccounts();>.
11/15/2012 06:41:37 pm: ... Got dataset to return in json obj
11/15/2012 06:41:37 pm: Get the dataset to return in json obj...
11/15/2012 06:41:37 pm: Query has run: <CALL USP_GetPayees();>.
11/15/2012 06:41:37 pm: ... Got dataset to return in json obj
11/15/2012 06:41:37 pm: Get the dataset to return in json obj...
11/15/2012 06:41:37 pm: Query has run: <CALL USP_GetCurrencies();>.
11/15/2012 06:41:37 pm: ... Got dataset to return in json obj
11/15/2012 06:41:37 pm: Get the dataset to return in json obj...
11/15/2012 06:41:37 pm: Get the dataset to return in json obj...
11/15/2012 06:41:37 pm: Query has run: <CALL USP_GetCategories();>.
11/15/2012 06:41:37 pm: Query has run: <CALL USP_GetCategories2();>.
11/15/2012 06:41:37 pm: ... Got dataset to return in json obj
11/15/2012 06:41:37 pm: ... Got dataset to return in json obj
11/15/2012 06:41:55 pm: Get the dataset to return in json obj...
11/15/2012 06:41:55 pm: Get the dataset to return in json obj...
11/15/2012 06:41:55 pm: Get the dataset to return in json obj...
11/15/2012 06:41:55 pm: Get the dataset to return in json obj...
11/15/2012 06:41:55 pm: Query has run: <CALL USP_GetAccounts();>.
11/15/2012 06:41:55 pm: ... Got dataset to return in json obj
11/15/2012 06:41:55 pm: Query has run: <CALL USP_GetCategories2();>.
11/15/2012 06:41:55 pm: ... Got dataset to return in json obj
11/15/2012 06:41:55 pm: Query has run: <CALL USP_GetCurrencies();>.
11/15/2012 06:41:55 pm: ... Got dataset to return in json obj
11/15/2012 06:41:55 pm: Get the dataset to return in json obj...
11/15/2012 06:41:55 pm: Query has run: <CALL USP_GetCategories();>.
11/15/2012 06:41:55 pm: ... Got dataset to return in json obj
11/15/2012 06:41:55 pm: Query has run: <CALL USP_GetPayees();>.
11/15/2012 06:41:55 pm: ... Got dataset to return in json obj
11/15/2012 06:41:58 pm: Get the dataset to return in json obj...
11/15/2012 06:41:58 pm: Query has run: <CALL USP_GetAccounts();>.
11/15/2012 06:41:58 pm: ... Got dataset to return in json obj
11/15/2012 06:41:58 pm: Get the dataset to return in json obj...
11/15/2012 06:41:58 pm: Query has run: <CALL USP_GetCurrencies();>.
11/15/2012 06:41:58 pm: ... Got dataset to return in json obj
11/15/2012 06:41:58 pm: Get the dataset to return in json obj...
11/15/2012 06:41:58 pm: Query has run: <CALL USP_GetPayees();>.
11/15/2012 06:41:58 pm: ... Got dataset to return in json obj
11/15/2012 06:41:58 pm: Get the dataset to return in json obj...
11/15/2012 06:41:58 pm: Query has run: <CALL USP_GetCategories2();>.
11/15/2012 06:41:58 pm: ... Got dataset to return in json obj
11/15/2012 06:41:58 pm: Get the dataset to return in json obj...
11/15/2012 06:41:58 pm: Query has run: <CALL USP_GetCategories();>.
11/15/2012 06:41:58 pm: ... Got dataset to return in json obj
11/15/2012 06:42:04 pm: Get the dataset to return in json obj...
11/15/2012 06:42:04 pm: Get the dataset to return in json obj...
11/15/2012 06:42:04 pm: Query has run: <CALL USP_GetCurrencies();>.
11/15/2012 06:42:04 pm: ... Got dataset to return in json obj
11/15/2012 06:42:04 pm: Get the dataset to return in json obj...
11/15/2012 06:42:04 pm: Query has run: <CALL USP_GetAccounts();>.
11/15/2012 06:42:04 pm: ... Got dataset to return in json obj
11/15/2012 06:42:04 pm: Query has run: <CALL USP_GetPayees();>.
11/15/2012 06:42:04 pm: ... Got dataset to return in json obj
11/15/2012 06:42:04 pm: Get the dataset to return in json obj...
11/15/2012 06:42:04 pm: Query has run: <CALL USP_GetCategories();>.
11/15/2012 06:42:04 pm: ... Got dataset to return in json obj
11/15/2012 06:42:04 pm: Get the dataset to return in json obj...
11/15/2012 06:42:04 pm: Query has run: <CALL USP_GetCategories2();>.
11/15/2012 06:42:04 pm: ... Got dataset to return in json obj
11/15/2012 07:31:01 pm: Get the dataset to return in json obj...
11/15/2012 07:31:01 pm: Get the dataset to return in json obj...
11/15/2012 07:31:01 pm: Query has run: <CALL USP_GetCurrencies();>.
11/15/2012 07:31:01 pm: ... Got dataset to return in json obj
11/15/2012 07:31:01 pm: Get the dataset to return in json obj...
11/15/2012 07:31:01 pm: Query has run: <CALL USP_GetAccounts();>.
11/15/2012 07:31:01 pm: ... Got dataset to return in json obj
11/15/2012 07:31:01 pm: Query has run: <CALL USP_GetPayees();>.
11/15/2012 07:31:01 pm: ... Got dataset to return in json obj
11/15/2012 07:31:01 pm: Get the dataset to return in json obj...
11/15/2012 07:31:01 pm: Get the dataset to return in json obj...
11/15/2012 07:31:01 pm: Query has run: <CALL USP_GetCategories();>.
11/15/2012 07:31:01 pm: ... Got dataset to return in json obj
11/15/2012 07:31:01 pm: Query has run: <CALL USP_GetCategories2();>.
11/15/2012 07:31:01 pm: ... Got dataset to return in json obj
11/15/2012 07:31:05 pm: Get the dataset to return in json obj...
11/15/2012 07:31:05 pm: Get the dataset to return in json obj...
11/15/2012 07:31:05 pm: Get the dataset to return in json obj...
11/15/2012 07:31:05 pm: Query has run: <CALL USP_GetCategories();>.
11/15/2012 07:31:05 pm: ... Got dataset to return in json obj
11/15/2012 07:31:05 pm: Query has run: <CALL USP_GetPayees();>.
11/15/2012 07:31:05 pm: ... Got dataset to return in json obj
11/15/2012 07:31:05 pm: Get the dataset to return in json obj...
11/15/2012 07:31:05 pm: Query has run: <CALL USP_GetAccounts();>.
11/15/2012 07:31:05 pm: ... Got dataset to return in json obj
11/15/2012 07:31:05 pm: Get the dataset to return in json obj...
11/15/2012 07:31:05 pm: Query has run: <CALL USP_GetCategories2();>.
11/15/2012 07:31:05 pm: ... Got dataset to return in json obj
11/15/2012 07:31:05 pm: Query has run: <CALL USP_GetCurrencies();>.
11/15/2012 07:31:05 pm: ... Got dataset to return in json obj
11/15/2012 07:31:38 pm: Get the dataset to return in json obj...
11/15/2012 07:31:38 pm: Query has run: <CALL USP_GetAccounts();>.
11/15/2012 07:31:38 pm: ... Got dataset to return in json obj
11/15/2012 07:31:38 pm: Get the dataset to return in json obj...
11/15/2012 07:31:38 pm: Query has run: <CALL USP_GetCurrencies();>.
11/15/2012 07:31:38 pm: ... Got dataset to return in json obj
11/15/2012 07:31:38 pm: Get the dataset to return in json obj...
11/15/2012 07:31:38 pm: Get the dataset to return in json obj...
11/15/2012 07:31:38 pm: Get the dataset to return in json obj...
11/15/2012 07:31:38 pm: Query has run: <CALL USP_GetCategories2();>.
11/15/2012 07:31:38 pm: ... Got dataset to return in json obj
11/15/2012 07:31:38 pm: Query has run: <CALL USP_GetCategories();>.
11/15/2012 07:31:38 pm: ... Got dataset to return in json obj
11/15/2012 07:31:38 pm: Query has run: <CALL USP_GetPayees();>.
11/15/2012 07:31:38 pm: ... Got dataset to return in json obj
11/15/2012 07:32:01 pm: Get the dataset to return in json obj...
11/15/2012 07:32:01 pm: Query has run: <CALL USP_GetAccounts();>.
11/15/2012 07:32:01 pm: ... Got dataset to return in json obj
11/15/2012 07:32:01 pm: Get the dataset to return in json obj...
11/15/2012 07:32:01 pm: Query has run: <CALL USP_GetCurrencies();>.
11/15/2012 07:32:01 pm: ... Got dataset to return in json obj
11/15/2012 07:32:01 pm: Get the dataset to return in json obj...
11/15/2012 07:32:01 pm: Get the dataset to return in json obj...
11/15/2012 07:32:01 pm: Get the dataset to return in json obj...
11/15/2012 07:32:01 pm: Query has run: <CALL USP_GetPayees();>.
11/15/2012 07:32:01 pm: ... Got dataset to return in json obj
11/15/2012 07:32:01 pm: Query has run: <CALL USP_GetCategories2();>.
11/15/2012 07:32:01 pm: ... Got dataset to return in json obj
11/15/2012 07:32:01 pm: Query has run: <CALL USP_GetCategories();>.
11/15/2012 07:32:01 pm: ... Got dataset to return in json obj
11/15/2012 07:32:21 pm: Get the dataset to return in json obj...
11/15/2012 07:32:21 pm: Query has run: <CALL USP_GetAccounts();>.
11/15/2012 07:32:21 pm: ... Got dataset to return in json obj
11/15/2012 07:32:21 pm: Get the dataset to return in json obj...
11/15/2012 07:32:21 pm: Query has run: <CALL USP_GetPayees();>.
11/15/2012 07:32:21 pm: ... Got dataset to return in json obj
11/15/2012 07:32:21 pm: Get the dataset to return in json obj...
11/15/2012 07:32:21 pm: Query has run: <CALL USP_GetCurrencies();>.
11/15/2012 07:32:21 pm: ... Got dataset to return in json obj
11/15/2012 07:32:21 pm: Get the dataset to return in json obj...
11/15/2012 07:32:21 pm: Get the dataset to return in json obj...
11/15/2012 07:32:21 pm: Query has run: <CALL USP_GetCategories2();>.
11/15/2012 07:32:21 pm: ... Got dataset to return in json obj
11/15/2012 07:32:21 pm: Query has run: <CALL USP_GetCategories();>.
11/15/2012 07:32:21 pm: ... Got dataset to return in json obj
11/15/2012 07:36:17 pm: Get the dataset to return in json obj...
11/15/2012 07:36:17 pm: Get the dataset to return in json obj...
11/15/2012 07:36:17 pm: Get the dataset to return in json obj...
11/15/2012 07:36:17 pm: Query has run: <CALL USP_GetAccounts();>.
11/15/2012 07:36:17 pm: ... Got dataset to return in json obj
11/15/2012 07:36:17 pm: Query has run: <CALL USP_GetPayees();>.
11/15/2012 07:36:17 pm: ... Got dataset to return in json obj
11/15/2012 07:36:17 pm: Query has run: <CALL USP_GetCurrencies();>.
11/15/2012 07:36:17 pm: ... Got dataset to return in json obj
11/15/2012 07:36:17 pm: Get the dataset to return in json obj...
11/15/2012 07:36:17 pm: Get the dataset to return in json obj...
11/15/2012 07:36:17 pm: Query has run: <CALL USP_GetCategories();>.
11/15/2012 07:36:17 pm: ... Got dataset to return in json obj
11/15/2012 07:36:17 pm: Query has run: <CALL USP_GetCategories2();>.
11/15/2012 07:36:17 pm: ... Got dataset to return in json obj
11/15/2012 07:41:24 pm: Get the dataset to return in json obj...
11/15/2012 07:41:24 pm: Get the dataset to return in json obj...
11/15/2012 07:41:24 pm: Get the dataset to return in json obj...
11/15/2012 07:41:24 pm: Query has run: <CALL USP_GetAccounts();>.
11/15/2012 07:41:24 pm: ... Got dataset to return in json obj
11/15/2012 07:41:24 pm: Query has run: <CALL USP_GetCurrencies();>.
11/15/2012 07:41:24 pm: ... Got dataset to return in json obj
11/15/2012 07:41:24 pm: Query has run: <CALL USP_GetPayees();>.
11/15/2012 07:41:24 pm: ... Got dataset to return in json obj
11/15/2012 07:41:24 pm: Get the dataset to return in json obj...
11/15/2012 07:41:24 pm: Query has run: <CALL USP_GetCategories();>.
11/15/2012 07:41:24 pm: ... Got dataset to return in json obj
11/15/2012 07:41:24 pm: Get the dataset to return in json obj...
11/15/2012 07:41:24 pm: Query has run: <CALL USP_GetCategories2();>.
11/15/2012 07:41:24 pm: ... Got dataset to return in json obj
11/15/2012 08:25:31 pm: Get the dataset to return in json obj...
11/15/2012 08:25:31 pm: Query has run: <CALL USP_GetAccounts();>.
11/15/2012 08:25:31 pm: ... Got dataset to return in json obj
11/15/2012 08:25:31 pm: Get the dataset to return in json obj...
11/15/2012 08:25:31 pm: Query has run: <CALL USP_GetCurrencies();>.
11/15/2012 08:25:31 pm: ... Got dataset to return in json obj
11/15/2012 08:25:31 pm: Get the dataset to return in json obj...
11/15/2012 08:25:31 pm: Query has run: <CALL USP_GetPayees();>.
11/15/2012 08:25:31 pm: ... Got dataset to return in json obj
11/15/2012 08:25:31 pm: Get the dataset to return in json obj...
11/15/2012 08:25:31 pm: Query has run: <CALL USP_GetCategories();>.
11/15/2012 08:25:31 pm: ... Got dataset to return in json obj
11/15/2012 08:25:31 pm: Get the dataset to return in json obj...
11/15/2012 08:25:31 pm: Query has run: <CALL USP_GetCategories2();>.
11/15/2012 08:25:31 pm: ... Got dataset to return in json obj
11/15/2012 08:33:23 pm: Get the dataset to return in json obj...
11/15/2012 08:33:23 pm: Query has run: <CALL USP_GetAccounts();>.
11/15/2012 08:33:23 pm: ... Got dataset to return in json obj
11/15/2012 08:33:23 pm: Get the dataset to return in json obj...
11/15/2012 08:33:23 pm: Get the dataset to return in json obj...
11/15/2012 08:33:23 pm: Query has run: <CALL USP_GetCurrencies();>.
11/15/2012 08:33:23 pm: ... Got dataset to return in json obj
11/15/2012 08:33:23 pm: Query has run: <CALL USP_GetPayees();>.
11/15/2012 08:33:23 pm: ... Got dataset to return in json obj
11/15/2012 08:33:23 pm: Get the dataset to return in json obj...
11/15/2012 08:33:23 pm: Query has run: <CALL USP_GetCategories();>.
11/15/2012 08:33:23 pm: ... Got dataset to return in json obj
11/15/2012 08:33:23 pm: Get the dataset to return in json obj...
11/15/2012 08:33:23 pm: Query has run: <CALL USP_GetCategories2();>.
11/15/2012 08:33:23 pm: ... Got dataset to return in json obj
11/15/2012 08:34:14 pm: Get the dataset to return in json obj...
11/15/2012 08:34:14 pm: Query has run: <CALL USP_GetAccounts();>.
11/15/2012 08:34:14 pm: ... Got dataset to return in json obj
11/15/2012 08:34:14 pm: Get the dataset to return in json obj...
11/15/2012 08:34:14 pm: Query has run: <CALL USP_GetCurrencies();>.
11/15/2012 08:34:14 pm: ... Got dataset to return in json obj
11/15/2012 08:34:14 pm: Get the dataset to return in json obj...
11/15/2012 08:34:14 pm: Query has run: <CALL USP_GetPayees();>.
11/15/2012 08:34:14 pm: ... Got dataset to return in json obj
11/15/2012 08:34:14 pm: Get the dataset to return in json obj...
11/15/2012 08:34:14 pm: Query has run: <CALL USP_GetCategories();>.
11/15/2012 08:34:14 pm: ... Got dataset to return in json obj
11/15/2012 08:34:14 pm: Get the dataset to return in json obj...
11/15/2012 08:34:14 pm: Query has run: <CALL USP_GetCategories2();>.
11/15/2012 08:34:14 pm: ... Got dataset to return in json obj
11/15/2012 08:37:36 pm: Get the dataset to return in json obj...
11/15/2012 08:37:36 pm: Get the dataset to return in json obj...
11/15/2012 08:37:36 pm: Query has run: <CALL USP_GetAccounts();>.
11/15/2012 08:37:36 pm: ... Got dataset to return in json obj
11/15/2012 08:37:36 pm: Query has run: <CALL USP_GetCurrencies();>.
11/15/2012 08:37:36 pm: ... Got dataset to return in json obj
11/15/2012 08:37:36 pm: Get the dataset to return in json obj...
11/15/2012 08:37:36 pm: Get the dataset to return in json obj...
11/15/2012 08:37:36 pm: Get the dataset to return in json obj...
11/15/2012 08:37:36 pm: Query has run: <CALL USP_GetCategories();>.
11/15/2012 08:37:36 pm: ... Got dataset to return in json obj
11/15/2012 08:37:36 pm: Query has run: <CALL USP_GetPayees();>.
11/15/2012 08:37:36 pm: ... Got dataset to return in json obj
11/15/2012 08:37:36 pm: Query has run: <CALL USP_GetCategories2();>.
11/15/2012 08:37:36 pm: ... Got dataset to return in json obj
11/15/2012 08:38:12 pm: Get the dataset to return in json obj...
11/15/2012 08:38:12 pm: Query has run: <CALL USP_GetAccounts();>.
11/15/2012 08:38:12 pm: ... Got dataset to return in json obj
11/15/2012 08:38:12 pm: Get the dataset to return in json obj...
11/15/2012 08:38:12 pm: Query has run: <CALL USP_GetPayees();>.
11/15/2012 08:38:12 pm: Get the dataset to return in json obj...
11/15/2012 08:38:12 pm: ... Got dataset to return in json obj
11/15/2012 08:38:12 pm: Query has run: <CALL USP_GetCategories();>.
11/15/2012 08:38:12 pm: ... Got dataset to return in json obj
11/15/2012 08:38:12 pm: Get the dataset to return in json obj...
11/15/2012 08:38:12 pm: Get the dataset to return in json obj...
11/15/2012 08:38:12 pm: Query has run: <CALL USP_GetCategories2();>.
11/15/2012 08:38:12 pm: ... Got dataset to return in json obj
11/15/2012 08:38:12 pm: Query has run: <CALL USP_GetCurrencies();>.
11/15/2012 08:38:12 pm: ... Got dataset to return in json obj
11/15/2012 09:01:26 pm: Get the dataset to return in json obj...
11/15/2012 09:01:26 pm: Query has run: <CALL USP_GetAccounts();>.
11/15/2012 09:01:26 pm: ... Got dataset to return in json obj
11/15/2012 09:01:26 pm: Get the dataset to return in json obj...
11/15/2012 09:01:26 pm: Query has run: <CALL USP_GetCurrencies();>.
11/15/2012 09:01:26 pm: ... Got dataset to return in json obj
11/15/2012 09:01:26 pm: Get the dataset to return in json obj...
11/15/2012 09:01:26 pm: Query has run: <CALL USP_GetPayees();>.
11/15/2012 09:01:26 pm: ... Got dataset to return in json obj
11/15/2012 09:01:26 pm: Get the dataset to return in json obj...
11/15/2012 09:01:26 pm: Get the dataset to return in json obj...
11/15/2012 09:01:26 pm: Query has run: <CALL USP_GetCategories();>.
11/15/2012 09:01:26 pm: Query has run: <CALL USP_GetCategories2();>.
11/15/2012 09:01:26 pm: ... Got dataset to return in json obj
11/15/2012 09:01:26 pm: ... Got dataset to return in json obj
11/15/2012 09:03:49 pm: Get the dataset to return in json obj...
11/15/2012 09:03:49 pm: Query has run: <CALL USP_GetAccounts();>.
11/15/2012 09:03:49 pm: ... Got dataset to return in json obj
11/15/2012 09:03:49 pm: Get the dataset to return in json obj...
11/15/2012 09:03:49 pm: Query has run: <CALL USP_GetCurrencies();>.
11/15/2012 09:03:49 pm: ... Got dataset to return in json obj
11/15/2012 09:03:49 pm: Get the dataset to return in json obj...
11/15/2012 09:03:49 pm: Query has run: <CALL USP_GetPayees();>.
11/15/2012 09:03:49 pm: ... Got dataset to return in json obj
11/15/2012 09:03:49 pm: Get the dataset to return in json obj...
11/15/2012 09:03:49 pm: Query has run: <CALL USP_GetCategories();>.
11/15/2012 09:03:49 pm: ... Got dataset to return in json obj
11/15/2012 09:03:49 pm: Get the dataset to return in json obj...
11/15/2012 09:03:49 pm: Query has run: <CALL USP_GetCategories2();>.
11/15/2012 09:03:49 pm: ... Got dataset to return in json obj
11/15/2012 09:34:03 pm: Get the dataset to return in json obj...
11/15/2012 09:34:03 pm: Get the dataset to return in json obj...
11/15/2012 09:34:03 pm: Query has run: <CALL USP_GetCurrencies();>.
11/15/2012 09:34:03 pm: ... Got dataset to return in json obj
11/15/2012 09:34:03 pm: Query has run: <CALL USP_GetAccounts();>.
11/15/2012 09:34:03 pm: ... Got dataset to return in json obj
11/15/2012 09:34:03 pm: Get the dataset to return in json obj...
11/15/2012 09:34:03 pm: Get the dataset to return in json obj...
11/15/2012 09:34:03 pm: Query has run: <CALL USP_GetCategories();>.
11/15/2012 09:34:03 pm: ... Got dataset to return in json obj
11/15/2012 09:34:03 pm: Query has run: <CALL USP_GetPayees();>.
11/15/2012 09:34:03 pm: ... Got dataset to return in json obj
11/15/2012 09:34:03 pm: Get the dataset to return in json obj...
11/15/2012 09:34:03 pm: Query has run: <CALL USP_GetCategories2();>.
11/15/2012 09:34:03 pm: ... Got dataset to return in json obj
11/15/2012 09:34:28 pm: Get the dataset to return in json obj...
11/15/2012 09:34:28 pm: Query has run: <CALL USP_GetAccounts();>.
11/15/2012 09:34:28 pm: ... Got dataset to return in json obj
11/15/2012 09:34:29 pm: Get the dataset to return in json obj...
11/15/2012 09:34:29 pm: Query has run: <CALL USP_GetPayees();>.
11/15/2012 09:34:29 pm: ... Got dataset to return in json obj
11/15/2012 09:34:29 pm: Get the dataset to return in json obj...
11/15/2012 09:34:29 pm: Query has run: <CALL USP_GetCurrencies();>.
11/15/2012 09:34:29 pm: ... Got dataset to return in json obj
11/15/2012 09:34:29 pm: Get the dataset to return in json obj...
11/15/2012 09:34:29 pm: Query has run: <CALL USP_GetCategories();>.
11/15/2012 09:34:29 pm: ... Got dataset to return in json obj
11/15/2012 09:34:29 pm: Get the dataset to return in json obj...
11/15/2012 09:34:29 pm: Query has run: <CALL USP_GetCategories2();>.
11/15/2012 09:34:29 pm: ... Got dataset to return in json obj
11/15/2012 09:36:27 pm: Get the dataset to return in json obj...
11/15/2012 09:36:27 pm: Query has run: <CALL USP_GetAccounts();>.
11/15/2012 09:36:27 pm: ... Got dataset to return in json obj
11/15/2012 09:36:27 pm: Get the dataset to return in json obj...
11/15/2012 09:36:27 pm: Query has run: <CALL USP_GetPayees();>.
11/15/2012 09:36:27 pm: ... Got dataset to return in json obj
11/15/2012 09:36:27 pm: Get the dataset to return in json obj...
11/15/2012 09:36:27 pm: Query has run: <CALL USP_GetCurrencies();>.
11/15/2012 09:36:27 pm: ... Got dataset to return in json obj
11/15/2012 09:36:27 pm: Get the dataset to return in json obj...
11/15/2012 09:36:27 pm: Query has run: <CALL USP_GetCategories2();>.
11/15/2012 09:36:27 pm: ... Got dataset to return in json obj
11/15/2012 09:36:27 pm: Get the dataset to return in json obj...
11/15/2012 09:36:27 pm: Query has run: <CALL USP_GetCategories();>.
11/15/2012 09:36:27 pm: ... Got dataset to return in json obj
11/15/2012 09:37:37 pm: Get the dataset to return in json obj...
11/15/2012 09:37:37 pm: Get the dataset to return in json obj...
11/15/2012 09:37:37 pm: Get the dataset to return in json obj...
11/15/2012 09:37:37 pm: Query has run: <CALL USP_GetAccounts();>.
11/15/2012 09:37:37 pm: ... Got dataset to return in json obj
11/15/2012 09:37:37 pm: Get the dataset to return in json obj...
11/15/2012 09:37:37 pm: Query has run: <CALL USP_GetCategories2();>.
11/15/2012 09:37:37 pm: ... Got dataset to return in json obj
11/15/2012 09:37:37 pm: Query has run: <CALL USP_GetCategories();>.
11/15/2012 09:37:37 pm: ... Got dataset to return in json obj
11/15/2012 09:37:37 pm: Get the dataset to return in json obj...
11/15/2012 09:37:37 pm: Query has run: <CALL USP_GetCurrencies();>.
11/15/2012 09:37:37 pm: ... Got dataset to return in json obj
11/15/2012 09:37:37 pm: Query has run: <CALL USP_GetPayees();>.
11/15/2012 09:37:37 pm: ... Got dataset to return in json obj
11/15/2012 10:13:59 pm: Get the dataset to return in json obj...
11/15/2012 10:13:59 pm: Get the dataset to return in json obj...
11/15/2012 10:13:59 pm: Query has run: <CALL USP_GetCurrencies();>.
11/15/2012 10:13:59 pm: ... Got dataset to return in json obj
11/15/2012 10:13:59 pm: Query has run: <CALL USP_GetAccounts();>.
11/15/2012 10:13:59 pm: ... Got dataset to return in json obj
11/15/2012 10:13:59 pm: Get the dataset to return in json obj...
11/15/2012 10:13:59 pm: Query has run: <CALL USP_GetPayees();>.
11/15/2012 10:13:59 pm: ... Got dataset to return in json obj
11/15/2012 10:13:59 pm: Get the dataset to return in json obj...
11/15/2012 10:13:59 pm: Get the dataset to return in json obj...
11/15/2012 10:13:59 pm: Query has run: <CALL USP_GetCategories();>.
11/15/2012 10:13:59 pm: Query has run: <CALL USP_GetCategories2();>.
11/15/2012 10:13:59 pm: ... Got dataset to return in json obj
11/15/2012 10:13:59 pm: ... Got dataset to return in json obj
11/15/2012 10:15:55 pm: Get the dataset to return in json obj...
11/15/2012 10:15:55 pm: Get the dataset to return in json obj...
11/15/2012 10:15:55 pm: Get the dataset to return in json obj...
11/15/2012 10:15:55 pm: Query has run: <CALL USP_GetCategories();>.
11/15/2012 10:15:55 pm: ... Got dataset to return in json obj
11/15/2012 10:15:55 pm: Query has run: <CALL USP_GetCategories2();>.
11/15/2012 10:15:55 pm: ... Got dataset to return in json obj
11/15/2012 10:15:55 pm: Query has run: <CALL USP_GetAccounts();>.
11/15/2012 10:15:55 pm: ... Got dataset to return in json obj
11/15/2012 10:15:56 pm: Get the dataset to return in json obj...
11/15/2012 10:15:56 pm: Get the dataset to return in json obj...
11/15/2012 10:15:56 pm: Query has run: <CALL USP_GetCurrencies();>.
11/15/2012 10:15:56 pm: ... Got dataset to return in json obj
11/15/2012 10:15:56 pm: Query has run: <CALL USP_GetPayees();>.
11/15/2012 10:15:56 pm: ... Got dataset to return in json obj
11/15/2012 10:16:20 pm: Get the dataset to return in json obj...
11/15/2012 10:16:20 pm: Get the dataset to return in json obj...
11/15/2012 10:16:20 pm: Get the dataset to return in json obj...
11/15/2012 10:16:20 pm: Query has run: <CALL USP_GetCurrencies();>.
11/15/2012 10:16:20 pm: ... Got dataset to return in json obj
11/15/2012 10:16:20 pm: Query has run: <CALL USP_GetAccounts();>.
11/15/2012 10:16:20 pm: ... Got dataset to return in json obj
11/15/2012 10:16:20 pm: Query has run: <CALL USP_GetPayees();>.
11/15/2012 10:16:20 pm: ... Got dataset to return in json obj
11/15/2012 10:16:20 pm: Get the dataset to return in json obj...
11/15/2012 10:16:20 pm: Query has run: <CALL USP_GetCategories();>.
11/15/2012 10:16:20 pm: ... Got dataset to return in json obj
11/15/2012 10:16:20 pm: Get the dataset to return in json obj...
11/15/2012 10:16:20 pm: Query has run: <CALL USP_GetCategories2();>.
11/15/2012 10:16:20 pm: ... Got dataset to return in json obj
11/15/2012 10:22:08 pm: Get the dataset to return in json obj...
11/15/2012 10:22:08 pm: Query has run: <CALL USP_GetAccounts();>.
11/15/2012 10:22:08 pm: ... Got dataset to return in json obj
11/15/2012 10:22:08 pm: Get the dataset to return in json obj...
11/15/2012 10:22:08 pm: Query has run: <CALL USP_GetCurrencies();>.
11/15/2012 10:22:08 pm: ... Got dataset to return in json obj
11/15/2012 10:22:08 pm: Get the dataset to return in json obj...
11/15/2012 10:22:08 pm: Query has run: <CALL USP_GetPayees();>.
11/15/2012 10:22:08 pm: ... Got dataset to return in json obj
11/15/2012 10:22:08 pm: Get the dataset to return in json obj...
11/15/2012 10:22:08 pm: Query has run: <CALL USP_GetCategories();>.
11/15/2012 10:22:08 pm: ... Got dataset to return in json obj
11/15/2012 10:22:08 pm: Get the dataset to return in json obj...
11/15/2012 10:22:08 pm: Query has run: <CALL USP_GetCategories2();>.
11/15/2012 10:22:08 pm: ... Got dataset to return in json obj
11/15/2012 10:22:38 pm: Get the dataset to return in json obj...
11/15/2012 10:22:38 pm: Query has run: <CALL USP_GetAccounts();>.
11/15/2012 10:22:38 pm: ... Got dataset to return in json obj
11/15/2012 10:22:38 pm: Get the dataset to return in json obj...
11/15/2012 10:22:38 pm: Query has run: <CALL USP_GetCurrencies();>.
11/15/2012 10:22:38 pm: ... Got dataset to return in json obj
11/15/2012 10:22:38 pm: Get the dataset to return in json obj...
11/15/2012 10:22:38 pm: Query has run: <CALL USP_GetPayees();>.
11/15/2012 10:22:38 pm: ... Got dataset to return in json obj
11/15/2012 10:22:38 pm: Get the dataset to return in json obj...
11/15/2012 10:22:38 pm: Query has run: <CALL USP_GetCategories();>.
11/15/2012 10:22:38 pm: ... Got dataset to return in json obj
11/15/2012 10:22:39 pm: Get the dataset to return in json obj...
11/15/2012 10:22:39 pm: Query has run: <CALL USP_GetCategories2();>.
11/15/2012 10:22:39 pm: ... Got dataset to return in json obj
11/15/2012 10:24:08 pm: Get the dataset to return in json obj...
11/15/2012 10:24:08 pm: Get the dataset to return in json obj...
11/15/2012 10:24:08 pm: Query has run: <CALL USP_GetAccounts();>.
11/15/2012 10:24:08 pm: ... Got dataset to return in json obj
11/15/2012 10:24:08 pm: Query has run: <CALL USP_GetCurrencies();>.
11/15/2012 10:24:08 pm: ... Got dataset to return in json obj
11/15/2012 10:24:08 pm: Get the dataset to return in json obj...
11/15/2012 10:24:08 pm: Query has run: <CALL USP_GetPayees();>.
11/15/2012 10:24:08 pm: ... Got dataset to return in json obj
11/15/2012 10:24:08 pm: Get the dataset to return in json obj...
11/15/2012 10:24:08 pm: Query has run: <CALL USP_GetCategories();>.
11/15/2012 10:24:08 pm: ... Got dataset to return in json obj
11/15/2012 10:24:08 pm: Get the dataset to return in json obj...
11/15/2012 10:24:08 pm: Query has run: <CALL USP_GetCategories2();>.
11/15/2012 10:24:08 pm: ... Got dataset to return in json obj
11/15/2012 10:26:46 pm: Get the dataset to return in json obj...
11/15/2012 10:26:46 pm: Query has run: <CALL USP_GetCurrencies();>.
11/15/2012 10:26:46 pm: ... Got dataset to return in json obj
11/15/2012 10:26:46 pm: Get the dataset to return in json obj...
11/15/2012 10:26:46 pm: Get the dataset to return in json obj...
11/15/2012 10:26:46 pm: Query has run: <CALL USP_GetPayees();>.
11/15/2012 10:26:46 pm: ... Got dataset to return in json obj
11/15/2012 10:26:46 pm: Query has run: <CALL USP_GetCategories();>.
11/15/2012 10:26:46 pm: ... Got dataset to return in json obj
11/15/2012 10:26:46 pm: Get the dataset to return in json obj...
11/15/2012 10:26:46 pm: Query has run: <CALL USP_GetAccounts();>.
11/15/2012 10:26:46 pm: ... Got dataset to return in json obj
11/15/2012 10:26:46 pm: Get the dataset to return in json obj...
11/15/2012 10:26:46 pm: Query has run: <CALL USP_GetCategories2();>.
11/15/2012 10:26:46 pm: ... Got dataset to return in json obj
11/15/2012 10:33:22 pm: Get the dataset to return in json obj...
11/15/2012 10:33:22 pm: Get the dataset to return in json obj...
11/15/2012 10:33:22 pm: Query has run: <CALL USP_GetCurrencies();>.
11/15/2012 10:33:22 pm: ... Got dataset to return in json obj
11/15/2012 10:33:22 pm: Query has run: <CALL USP_GetAccounts();>.
11/15/2012 10:33:22 pm: ... Got dataset to return in json obj
11/15/2012 10:33:22 pm: Get the dataset to return in json obj...
11/15/2012 10:33:22 pm: Get the dataset to return in json obj...
11/15/2012 10:33:22 pm: Query has run: <CALL USP_GetCategories();>.
11/15/2012 10:33:22 pm: ... Got dataset to return in json obj
11/15/2012 10:33:22 pm: Query has run: <CALL USP_GetPayees();>.
11/15/2012 10:33:22 pm: ... Got dataset to return in json obj
11/15/2012 10:33:22 pm: Get the dataset to return in json obj...
11/15/2012 10:33:22 pm: Query has run: <CALL USP_GetCategories2();>.
11/15/2012 10:33:22 pm: ... Got dataset to return in json obj
11/15/2012 10:33:27 pm: Get the dataset to return in json obj...
11/15/2012 10:33:27 pm: Query has run: <CALL USP_GetAccounts();>.
11/15/2012 10:33:27 pm: ... Got dataset to return in json obj
11/15/2012 10:33:27 pm: Get the dataset to return in json obj...
11/15/2012 10:33:27 pm: Query has run: <CALL USP_GetCurrencies();>.
11/15/2012 10:33:27 pm: ... Got dataset to return in json obj
11/15/2012 10:33:27 pm: Get the dataset to return in json obj...
11/15/2012 10:33:27 pm: Get the dataset to return in json obj...
11/15/2012 10:33:27 pm: Get the dataset to return in json obj...
11/15/2012 10:33:27 pm: Query has run: <CALL USP_GetCategories();>.
11/15/2012 10:33:27 pm: ... Got dataset to return in json obj
11/15/2012 10:33:27 pm: Query has run: <CALL USP_GetPayees();>.
11/15/2012 10:33:27 pm: ... Got dataset to return in json obj
11/15/2012 10:33:27 pm: Query has run: <CALL USP_GetCategories2();>.
11/15/2012 10:33:27 pm: ... Got dataset to return in json obj
11/15/2012 10:36:15 pm: Get the dataset to return in json obj...
11/15/2012 10:36:15 pm: Get the dataset to return in json obj...
11/15/2012 10:36:15 pm: Query has run: <CALL USP_GetPayees();>.
11/15/2012 10:36:15 pm: ... Got dataset to return in json obj
11/15/2012 10:36:15 pm: Query has run: <CALL USP_GetAccounts();>.
11/15/2012 10:36:15 pm: ... Got dataset to return in json obj
11/15/2012 10:36:15 pm: Get the dataset to return in json obj...
11/15/2012 10:36:15 pm: Get the dataset to return in json obj...
11/15/2012 10:36:15 pm: Get the dataset to return in json obj...
11/15/2012 10:36:15 pm: Query has run: <CALL USP_GetCategories();>.
11/15/2012 10:36:15 pm: ... Got dataset to return in json obj
11/15/2012 10:36:15 pm: Query has run: <CALL USP_GetCategories2();>.
11/15/2012 10:36:15 pm: ... Got dataset to return in json obj
11/15/2012 10:36:15 pm: Query has run: <CALL USP_GetCurrencies();>.
11/15/2012 10:36:15 pm: ... Got dataset to return in json obj
11/15/2012 10:36:18 pm: Get the dataset to return in json obj...
11/15/2012 10:36:18 pm: Query has run: <CALL USP_GetAccounts();>.
11/15/2012 10:36:18 pm: ... Got dataset to return in json obj
11/15/2012 10:36:18 pm: Get the dataset to return in json obj...
11/15/2012 10:36:18 pm: Get the dataset to return in json obj...
11/15/2012 10:36:18 pm: Query has run: <CALL USP_GetCurrencies();>.
11/15/2012 10:36:18 pm: ... Got dataset to return in json obj
11/15/2012 10:36:18 pm: Get the dataset to return in json obj...
11/15/2012 10:36:18 pm: Query has run: <CALL USP_GetCategories();>.
11/15/2012 10:36:18 pm: ... Got dataset to return in json obj
11/15/2012 10:36:18 pm: Query has run: <CALL USP_GetPayees();>.
11/15/2012 10:36:18 pm: ... Got dataset to return in json obj
11/15/2012 10:36:18 pm: Get the dataset to return in json obj...
11/15/2012 10:36:18 pm: Query has run: <CALL USP_GetCategories2();>.
11/15/2012 10:36:18 pm: ... Got dataset to return in json obj
11/15/2012 10:38:46 pm: Get the dataset to return in json obj...
11/15/2012 10:38:46 pm: Query has run: <CALL USP_GetAccounts();>.
11/15/2012 10:38:46 pm: ... Got dataset to return in json obj
11/15/2012 10:38:46 pm: Get the dataset to return in json obj...
11/15/2012 10:38:46 pm: Query has run: <CALL USP_GetCurrencies();>.
11/15/2012 10:38:46 pm: ... Got dataset to return in json obj
11/15/2012 10:38:46 pm: Get the dataset to return in json obj...
11/15/2012 10:38:46 pm: Get the dataset to return in json obj...
11/15/2012 10:38:46 pm: Query has run: <CALL USP_GetCategories();>.
11/15/2012 10:38:46 pm: ... Got dataset to return in json obj
11/15/2012 10:38:46 pm: Query has run: <CALL USP_GetPayees();>.
11/15/2012 10:38:46 pm: ... Got dataset to return in json obj
11/15/2012 10:38:46 pm: Get the dataset to return in json obj...
11/15/2012 10:38:46 pm: Query has run: <CALL USP_GetCategories2();>.
11/15/2012 10:38:46 pm: ... Got dataset to return in json obj
11/15/2012 10:39:45 pm: Get the dataset to return in json obj...
11/15/2012 10:39:45 pm: Query has run: <CALL USP_GetAccounts();>.
11/15/2012 10:39:45 pm: ... Got dataset to return in json obj
11/15/2012 10:39:45 pm: Get the dataset to return in json obj...
11/15/2012 10:39:45 pm: Get the dataset to return in json obj...
11/15/2012 10:39:45 pm: Query has run: <CALL USP_GetPayees();>.
11/15/2012 10:39:45 pm: ... Got dataset to return in json obj
11/15/2012 10:39:45 pm: Query has run: <CALL USP_GetCategories();>.
11/15/2012 10:39:45 pm: ... Got dataset to return in json obj
11/15/2012 10:39:45 pm: Get the dataset to return in json obj...
11/15/2012 10:39:45 pm: Query has run: <CALL USP_GetCurrencies();>.
11/15/2012 10:39:45 pm: ... Got dataset to return in json obj
11/15/2012 10:39:45 pm: Get the dataset to return in json obj...
11/15/2012 10:39:45 pm: Query has run: <CALL USP_GetCategories2();>.
11/15/2012 10:39:45 pm: ... Got dataset to return in json obj
11/15/2012 10:39:50 pm: Get the dataset to return in json obj...
11/15/2012 10:39:50 pm: Get the dataset to return in json obj...
11/15/2012 10:39:50 pm: Query has run: <CALL USP_GetAccounts();>.
11/15/2012 10:39:50 pm: ... Got dataset to return in json obj
11/15/2012 10:39:50 pm: Query has run: <CALL USP_GetCurrencies();>.
11/15/2012 10:39:50 pm: ... Got dataset to return in json obj
11/15/2012 10:39:50 pm: Get the dataset to return in json obj...
11/15/2012 10:39:50 pm: Query has run: <CALL USP_GetPayees();>.
11/15/2012 10:39:50 pm: ... Got dataset to return in json obj
11/15/2012 10:39:50 pm: Get the dataset to return in json obj...
11/15/2012 10:39:50 pm: Get the dataset to return in json obj...
11/15/2012 10:39:50 pm: Query has run: <CALL USP_GetCategories();>.
11/15/2012 10:39:50 pm: ... Got dataset to return in json obj
11/15/2012 10:39:50 pm: Query has run: <CALL USP_GetCategories2();>.
11/15/2012 10:39:50 pm: ... Got dataset to return in json obj
11/15/2012 10:42:27 pm: Get the dataset to return in json obj...
11/15/2012 10:42:27 pm: Get the dataset to return in json obj...
11/15/2012 10:42:27 pm: Get the dataset to return in json obj...
11/15/2012 10:42:27 pm: Get the dataset to return in json obj...
11/15/2012 10:42:27 pm: Query has run: <CALL USP_GetCurrencies();>.
11/15/2012 10:42:27 pm: ... Got dataset to return in json obj
11/15/2012 10:42:27 pm: Query has run: <CALL USP_GetPayees();>.
11/15/2012 10:42:27 pm: ... Got dataset to return in json obj
11/15/2012 10:42:27 pm: Query has run: <CALL USP_GetAccounts();>.
11/15/2012 10:42:27 pm: ... Got dataset to return in json obj
11/15/2012 10:42:27 pm: Query has run: <CALL USP_GetCategories2();>.
11/15/2012 10:42:27 pm: ... Got dataset to return in json obj
11/15/2012 10:42:27 pm: Get the dataset to return in json obj...
11/15/2012 10:42:27 pm: Query has run: <CALL USP_GetCategories();>.
11/15/2012 10:42:27 pm: ... Got dataset to return in json obj
11/15/2012 10:43:36 pm: Get the dataset to return in json obj...
11/15/2012 10:43:36 pm: Query has run: <CALL USP_GetAccounts();>.
11/15/2012 10:43:36 pm: ... Got dataset to return in json obj
11/15/2012 10:43:36 pm: Get the dataset to return in json obj...
11/15/2012 10:43:36 pm: Get the dataset to return in json obj...
11/15/2012 10:43:36 pm: Query has run: <CALL USP_GetCurrencies();>.
11/15/2012 10:43:36 pm: ... Got dataset to return in json obj
11/15/2012 10:43:36 pm: Get the dataset to return in json obj...
11/15/2012 10:43:36 pm: Query has run: <CALL USP_GetPayees();>.
11/15/2012 10:43:36 pm: ... Got dataset to return in json obj
11/15/2012 10:43:36 pm: Query has run: <CALL USP_GetCategories();>.
11/15/2012 10:43:36 pm: ... Got dataset to return in json obj
11/15/2012 10:43:36 pm: Get the dataset to return in json obj...
11/15/2012 10:43:36 pm: Query has run: <CALL USP_GetCategories2();>.
11/15/2012 10:43:36 pm: ... Got dataset to return in json obj
11/15/2012 10:44:42 pm: Get the dataset to return in json obj...
11/15/2012 10:44:42 pm: Query has run: <CALL USP_GetAccounts();>.
11/15/2012 10:44:42 pm: ... Got dataset to return in json obj
11/15/2012 10:44:42 pm: Get the dataset to return in json obj...
11/15/2012 10:44:42 pm: Query has run: <CALL USP_GetCurrencies();>.
11/15/2012 10:44:42 pm: ... Got dataset to return in json obj
11/15/2012 10:44:42 pm: Get the dataset to return in json obj...
11/15/2012 10:44:42 pm: Get the dataset to return in json obj...
11/15/2012 10:44:42 pm: Query has run: <CALL USP_GetCategories();>.
11/15/2012 10:44:42 pm: ... Got dataset to return in json obj
11/15/2012 10:44:42 pm: Query has run: <CALL USP_GetPayees();>.
11/15/2012 10:44:42 pm: ... Got dataset to return in json obj
11/15/2012 10:44:42 pm: Get the dataset to return in json obj...
11/15/2012 10:44:42 pm: Query has run: <CALL USP_GetCategories2();>.
11/15/2012 10:44:42 pm: ... Got dataset to return in json obj
11/15/2012 11:10:28 pm: Get the dataset to return in json obj...
11/15/2012 11:10:28 pm: Get the dataset to return in json obj...
11/15/2012 11:10:28 pm: Query has run: <CALL USP_GetAccounts();>.
11/15/2012 11:10:28 pm: ... Got dataset to return in json obj
11/15/2012 11:10:28 pm: Query has run: <CALL USP_GetCurrencies();>.
11/15/2012 11:10:28 pm: ... Got dataset to return in json obj
11/15/2012 11:10:28 pm: Get the dataset to return in json obj...
11/15/2012 11:10:28 pm: Query has run: <CALL USP_GetPayees();>.
11/15/2012 11:10:28 pm: ... Got dataset to return in json obj
11/15/2012 11:10:28 pm: Get the dataset to return in json obj...
11/15/2012 11:10:28 pm: Query has run: <CALL USP_GetCategories();>.
11/15/2012 11:10:28 pm: ... Got dataset to return in json obj
11/15/2012 11:10:28 pm: Get the dataset to return in json obj...
11/15/2012 11:10:28 pm: Query has run: <CALL USP_GetCategories2();>.
11/15/2012 11:10:28 pm: ... Got dataset to return in json obj
11/15/2012 11:10:47 pm: Get the dataset to return in json obj...
11/15/2012 11:10:47 pm: Get the dataset to return in json obj...
11/15/2012 11:10:47 pm: Query has run: <CALL USP_GetCurrencies();>.
11/15/2012 11:10:47 pm: ... Got dataset to return in json obj
11/15/2012 11:10:47 pm: Query has run: <CALL USP_GetAccounts();>.
11/15/2012 11:10:47 pm: ... Got dataset to return in json obj
11/15/2012 11:10:47 pm: Get the dataset to return in json obj...
11/15/2012 11:10:47 pm: Get the dataset to return in json obj...
11/15/2012 11:10:47 pm: Query has run: <CALL USP_GetCategories();>.
11/15/2012 11:10:47 pm: ... Got dataset to return in json obj
11/15/2012 11:10:47 pm: Query has run: <CALL USP_GetPayees();>.
11/15/2012 11:10:47 pm: ... Got dataset to return in json obj
11/15/2012 11:10:47 pm: Get the dataset to return in json obj...
11/15/2012 11:10:47 pm: Query has run: <CALL USP_GetCategories2();>.
11/15/2012 11:10:47 pm: ... Got dataset to return in json obj
11/15/2012 11:11:23 pm: Get the dataset to return in json obj...
11/15/2012 11:11:23 pm: Query has run: <CALL USP_GetAccounts();>.
11/15/2012 11:11:23 pm: ... Got dataset to return in json obj
11/15/2012 11:11:23 pm: Get the dataset to return in json obj...
11/15/2012 11:11:23 pm: Query has run: <CALL USP_GetCurrencies();>.
11/15/2012 11:11:23 pm: ... Got dataset to return in json obj
11/15/2012 11:11:23 pm: Get the dataset to return in json obj...
11/15/2012 11:11:23 pm: Get the dataset to return in json obj...
11/15/2012 11:11:23 pm: Query has run: <CALL USP_GetCategories();>.
11/15/2012 11:11:23 pm: ... Got dataset to return in json obj
11/15/2012 11:11:23 pm: Query has run: <CALL USP_GetPayees();>.
11/15/2012 11:11:23 pm: ... Got dataset to return in json obj
11/15/2012 11:11:23 pm: Get the dataset to return in json obj...
11/15/2012 11:11:23 pm: Query has run: <CALL USP_GetCategories2();>.
11/15/2012 11:11:23 pm: ... Got dataset to return in json obj
11/15/2012 11:11:53 pm: Get the dataset to return in json obj...
11/15/2012 11:11:53 pm: Query has run: <CALL USP_GetCurrencies();>.
11/15/2012 11:11:53 pm: ... Got dataset to return in json obj
11/15/2012 11:11:53 pm: Get the dataset to return in json obj...
11/15/2012 11:11:53 pm: Get the dataset to return in json obj...
11/15/2012 11:11:53 pm: Query has run: <CALL USP_GetAccounts();>.
11/15/2012 11:11:53 pm: ... Got dataset to return in json obj
11/15/2012 11:11:53 pm: Query has run: <CALL USP_GetPayees();>.
11/15/2012 11:11:53 pm: ... Got dataset to return in json obj
11/15/2012 11:11:53 pm: Get the dataset to return in json obj...
11/15/2012 11:11:53 pm: Query has run: <CALL USP_GetCategories();>.
11/15/2012 11:11:53 pm: ... Got dataset to return in json obj
11/15/2012 11:11:53 pm: Get the dataset to return in json obj...
11/15/2012 11:11:53 pm: Query has run: <CALL USP_GetCategories2();>.
11/15/2012 11:11:53 pm: ... Got dataset to return in json obj
11/15/2012 11:14:15 pm: Get the dataset to return in json obj...
11/15/2012 11:14:15 pm: Query has run: <CALL USP_GetAccounts();>.
11/15/2012 11:14:15 pm: ... Got dataset to return in json obj
11/15/2012 11:14:15 pm: Get the dataset to return in json obj...
11/15/2012 11:14:15 pm: Query has run: <CALL USP_GetCurrencies();>.
11/15/2012 11:14:15 pm: ... Got dataset to return in json obj
11/15/2012 11:14:15 pm: Get the dataset to return in json obj...
11/15/2012 11:14:15 pm: Get the dataset to return in json obj...
11/15/2012 11:14:15 pm: Query has run: <CALL USP_GetCategories();>.
11/15/2012 11:14:15 pm: ... Got dataset to return in json obj
11/15/2012 11:14:15 pm: Query has run: <CALL USP_GetPayees();>.
11/15/2012 11:14:15 pm: ... Got dataset to return in json obj
11/15/2012 11:14:15 pm: Get the dataset to return in json obj...
11/15/2012 11:14:15 pm: Query has run: <CALL USP_GetCategories2();>.
11/15/2012 11:14:15 pm: ... Got dataset to return in json obj
11/15/2012 11:15:15 pm: Get the dataset to return in json obj...
11/15/2012 11:15:15 pm: Query has run: <CALL USP_GetCurrencies();>.
11/15/2012 11:15:15 pm: ... Got dataset to return in json obj
11/15/2012 11:15:15 pm: Get the dataset to return in json obj...
11/15/2012 11:15:15 pm: Get the dataset to return in json obj...
11/15/2012 11:15:15 pm: Query has run: <CALL USP_GetPayees();>.
11/15/2012 11:15:15 pm: ... Got dataset to return in json obj
11/15/2012 11:15:15 pm: Query has run: <CALL USP_GetAccounts();>.
11/15/2012 11:15:15 pm: ... Got dataset to return in json obj
11/15/2012 11:15:15 pm: Get the dataset to return in json obj...
11/15/2012 11:15:15 pm: Get the dataset to return in json obj...
11/15/2012 11:15:15 pm: Query has run: <CALL USP_GetCategories();>.
11/15/2012 11:15:15 pm: ... Got dataset to return in json obj
11/15/2012 11:15:15 pm: Query has run: <CALL USP_GetCategories2();>.
11/15/2012 11:15:15 pm: ... Got dataset to return in json obj
11/15/2012 11:16:23 pm: Get the dataset to return in json obj...
11/15/2012 11:16:23 pm: Query has run: <CALL USP_GetCurrencies();>.
11/15/2012 11:16:23 pm: ... Got dataset to return in json obj
11/15/2012 11:16:23 pm: Get the dataset to return in json obj...
11/15/2012 11:16:23 pm: Get the dataset to return in json obj...
11/15/2012 11:16:23 pm: Get the dataset to return in json obj...
11/15/2012 11:16:23 pm: Query has run: <CALL USP_GetAccounts();>.
11/15/2012 11:16:23 pm: ... Got dataset to return in json obj
11/15/2012 11:16:23 pm: Query has run: <CALL USP_GetCategories();>.
11/15/2012 11:16:23 pm: ... Got dataset to return in json obj
11/15/2012 11:16:23 pm: Get the dataset to return in json obj...
11/15/2012 11:16:23 pm: Query has run: <CALL USP_GetPayees();>.
11/15/2012 11:16:23 pm: ... Got dataset to return in json obj
11/15/2012 11:16:23 pm: Query has run: <CALL USP_GetCategories2();>.
11/15/2012 11:16:23 pm: ... Got dataset to return in json obj
11/15/2012 11:19:59 pm: Get the dataset to return in json obj...
11/15/2012 11:19:59 pm: Get the dataset to return in json obj...
11/15/2012 11:19:59 pm: Get the dataset to return in json obj...
11/15/2012 11:19:59 pm: Query has run: <CALL USP_GetCategories();>.
11/15/2012 11:19:59 pm: ... Got dataset to return in json obj
11/15/2012 11:19:59 pm: Get the dataset to return in json obj...
11/15/2012 11:19:59 pm: Query has run: <CALL USP_GetCategories2();>.
11/15/2012 11:19:59 pm: ... Got dataset to return in json obj
11/15/2012 11:19:59 pm: Query has run: <CALL USP_GetAccounts();>.
11/15/2012 11:19:59 pm: ... Got dataset to return in json obj
11/15/2012 11:19:59 pm: Query has run: <CALL USP_GetPayees();>.
11/15/2012 11:19:59 pm: ... Got dataset to return in json obj
11/15/2012 11:19:59 pm: Get the dataset to return in json obj...
11/15/2012 11:19:59 pm: Query has run: <CALL USP_GetCurrencies();>.
11/15/2012 11:19:59 pm: ... Got dataset to return in json obj
11/15/2012 11:20:21 pm: Get the dataset to return in json obj...
11/15/2012 11:20:21 pm: Query has run: <CALL USP_GetAccounts();>.
11/15/2012 11:20:21 pm: ... Got dataset to return in json obj
11/15/2012 11:20:21 pm: Get the dataset to return in json obj...
11/15/2012 11:20:21 pm: Get the dataset to return in json obj...
11/15/2012 11:20:21 pm: Query has run: <CALL USP_GetCurrencies();>.
11/15/2012 11:20:21 pm: ... Got dataset to return in json obj
11/15/2012 11:20:21 pm: Get the dataset to return in json obj...
11/15/2012 11:20:21 pm: Query has run: <CALL USP_GetCategories2();>.
11/15/2012 11:20:21 pm: Get the dataset to return in json obj...
11/15/2012 11:20:21 pm: ... Got dataset to return in json obj
11/15/2012 11:20:21 pm: Query has run: <CALL USP_GetCategories();>.
11/15/2012 11:20:21 pm: ... Got dataset to return in json obj
11/15/2012 11:20:21 pm: Query has run: <CALL USP_GetPayees();>.
11/15/2012 11:20:21 pm: ... Got dataset to return in json obj
11/15/2012 11:27:09 pm: Get the dataset to return in json obj...
11/15/2012 11:27:09 pm: Query has run: <CALL USP_GetAccounts();>.
11/15/2012 11:27:09 pm: ... Got dataset to return in json obj
11/15/2012 11:27:09 pm: Get the dataset to return in json obj...
11/15/2012 11:27:09 pm: Get the dataset to return in json obj...
11/15/2012 11:27:09 pm: Query has run: <CALL USP_GetCategories();>.
11/15/2012 11:27:09 pm: ... Got dataset to return in json obj
11/15/2012 11:27:09 pm: Query has run: <CALL USP_GetCategories2();>.
11/15/2012 11:27:09 pm: ... Got dataset to return in json obj
11/15/2012 11:27:09 pm: Get the dataset to return in json obj...
11/15/2012 11:27:09 pm: Query has run: <CALL USP_GetPayees();>.
11/15/2012 11:27:09 pm: ... Got dataset to return in json obj
11/15/2012 11:27:09 pm: Get the dataset to return in json obj...
11/15/2012 11:27:09 pm: Query has run: <CALL USP_GetCurrencies();>.
11/15/2012 11:27:09 pm: ... Got dataset to return in json obj
11/15/2012 11:27:19 pm: Get the dataset to return in json obj...
11/15/2012 11:27:19 pm: Query has run: <CALL USP_GetAccounts();>.
11/15/2012 11:27:19 pm: ... Got dataset to return in json obj
11/15/2012 11:27:19 pm: Get the dataset to return in json obj...
11/15/2012 11:27:19 pm: Query has run: <CALL USP_GetCurrencies();>.
11/15/2012 11:27:19 pm: ... Got dataset to return in json obj
11/15/2012 11:27:19 pm: Get the dataset to return in json obj...
11/15/2012 11:27:19 pm: Get the dataset to return in json obj...
11/15/2012 11:27:19 pm: Query has run: <CALL USP_GetPayees();>.
11/15/2012 11:27:19 pm: ... Got dataset to return in json obj
11/15/2012 11:27:19 pm: Query has run: <CALL USP_GetCategories();>.
11/15/2012 11:27:19 pm: ... Got dataset to return in json obj
11/15/2012 11:27:19 pm: Get the dataset to return in json obj...
11/15/2012 11:27:19 pm: Query has run: <CALL USP_GetCategories2();>.
11/15/2012 11:27:19 pm: ... Got dataset to return in json obj
11/15/2012 11:27:46 pm: Get the dataset to return in json obj...
11/15/2012 11:27:46 pm: Get the dataset to return in json obj...
11/15/2012 11:27:46 pm: Query has run: <CALL USP_GetCurrencies();>.
11/15/2012 11:27:46 pm: ... Got dataset to return in json obj
11/15/2012 11:27:46 pm: Get the dataset to return in json obj...
11/15/2012 11:27:46 pm: Query has run: <CALL USP_GetAccounts();>.
11/15/2012 11:27:46 pm: ... Got dataset to return in json obj
11/15/2012 11:27:46 pm: Get the dataset to return in json obj...
11/15/2012 11:27:46 pm: Query has run: <CALL USP_GetCategories2();>.
11/15/2012 11:27:46 pm: ... Got dataset to return in json obj
11/15/2012 11:27:46 pm: Query has run: <CALL USP_GetCategories();>.
11/15/2012 11:27:46 pm: ... Got dataset to return in json obj
11/15/2012 11:27:46 pm: Get the dataset to return in json obj...
11/15/2012 11:27:46 pm: Query has run: <CALL USP_GetPayees();>.
11/15/2012 11:27:46 pm: ... Got dataset to return in json obj
11/15/2012 11:28:12 pm: Get the dataset to return in json obj...
11/15/2012 11:28:13 pm: Query has run: <CALL USP_GetPayees();>.
11/15/2012 11:28:13 pm: ... Got dataset to return in json obj
11/15/2012 11:28:13 pm: Get the dataset to return in json obj...
11/15/2012 11:28:13 pm: Query has run: <CALL USP_GetAccounts();>.
11/15/2012 11:28:13 pm: ... Got dataset to return in json obj
11/15/2012 11:28:13 pm: Get the dataset to return in json obj...
11/15/2012 11:28:13 pm: Query has run: <CALL USP_GetCategories();>.
11/15/2012 11:28:13 pm: ... Got dataset to return in json obj
11/15/2012 11:28:13 pm: Get the dataset to return in json obj...
11/15/2012 11:28:13 pm: Query has run: <CALL USP_GetCategories2();>.
11/15/2012 11:28:13 pm: ... Got dataset to return in json obj
11/15/2012 11:28:13 pm: Get the dataset to return in json obj...
11/15/2012 11:28:13 pm: Query has run: <CALL USP_GetCurrencies();>.
11/15/2012 11:28:13 pm: ... Got dataset to return in json obj
11/15/2012 11:28:21 pm: Get the dataset to return in json obj...
11/15/2012 11:28:21 pm: Get the dataset to return in json obj...
11/15/2012 11:28:21 pm: Query has run: <CALL USP_GetAccounts();>.
11/15/2012 11:28:21 pm: ... Got dataset to return in json obj
11/15/2012 11:28:21 pm: Query has run: <CALL USP_GetCurrencies();>.
11/15/2012 11:28:21 pm: ... Got dataset to return in json obj
11/15/2012 11:28:21 pm: Get the dataset to return in json obj...
11/15/2012 11:28:21 pm: Query has run: <CALL USP_GetCategories();>.
11/15/2012 11:28:21 pm: ... Got dataset to return in json obj
11/15/2012 11:28:21 pm: Get the dataset to return in json obj...
11/15/2012 11:28:21 pm: Query has run: <CALL USP_GetCategories2();>.
11/15/2012 11:28:21 pm: ... Got dataset to return in json obj
11/15/2012 11:28:21 pm: Get the dataset to return in json obj...
11/15/2012 11:28:21 pm: Query has run: <CALL USP_GetPayees();>.
11/15/2012 11:28:21 pm: ... Got dataset to return in json obj
11/15/2012 11:28:29 pm: Get the dataset to return in json obj...
11/15/2012 11:28:29 pm: Get the dataset to return in json obj...
11/15/2012 11:28:29 pm: Get the dataset to return in json obj...
11/15/2012 11:28:29 pm: Get the dataset to return in json obj...
11/15/2012 11:28:29 pm: Query has run: <CALL USP_GetCategories();>.
11/15/2012 11:28:30 pm: ... Got dataset to return in json obj
11/15/2012 11:28:30 pm: Query has run: <CALL USP_GetCurrencies();>.
11/15/2012 11:28:30 pm: ... Got dataset to return in json obj
11/15/2012 11:28:30 pm: Query has run: <CALL USP_GetAccounts();>.
11/15/2012 11:28:30 pm: ... Got dataset to return in json obj
11/15/2012 11:28:30 pm: Get the dataset to return in json obj...
11/15/2012 11:28:30 pm: Query has run: <CALL USP_GetPayees();>.
11/15/2012 11:28:30 pm: ... Got dataset to return in json obj
11/15/2012 11:28:30 pm: Query has run: <CALL USP_GetCategories2();>.
11/15/2012 11:28:30 pm: ... Got dataset to return in json obj
11/15/2012 11:29:37 pm: Get the dataset to return in json obj...
11/15/2012 11:29:37 pm: Query has run: <CALL USP_GetAccounts();>.
11/15/2012 11:29:37 pm: ... Got dataset to return in json obj
11/15/2012 11:29:37 pm: Get the dataset to return in json obj...
11/15/2012 11:29:37 pm: Query has run: <CALL USP_GetCurrencies();>.
11/15/2012 11:29:37 pm: ... Got dataset to return in json obj
11/15/2012 11:29:37 pm: Get the dataset to return in json obj...
11/15/2012 11:29:37 pm: Query has run: <CALL USP_GetPayees();>.
11/15/2012 11:29:37 pm: ... Got dataset to return in json obj
11/15/2012 11:29:37 pm: Get the dataset to return in json obj...
11/15/2012 11:29:37 pm: Query has run: <CALL USP_GetCategories();>.
11/15/2012 11:29:37 pm: ... Got dataset to return in json obj
11/15/2012 11:29:37 pm: Get the dataset to return in json obj...
11/15/2012 11:29:37 pm: Query has run: <CALL USP_GetCategories2();>.
11/15/2012 11:29:37 pm: ... Got dataset to return in json obj
