12/20/2012 10:08:43 am: Get the dataset to return in json obj...
12/20/2012 10:08:43 am: Get the dataset to return in json obj...
12/20/2012 10:08:43 am: Get the dataset to return in json obj...
12/20/2012 10:08:43 am: Get the dataset to return in json obj...
12/20/2012 10:08:43 am: Get the dataset to return in json obj...
12/20/2012 10:08:43 am: Query has run: <CALL USP_GetPayees();>.
12/20/2012 10:08:43 am: ... Got dataset to return in json obj
12/20/2012 10:08:43 am: Query has run: <CALL USP_GetCurrencies();>.
12/20/2012 10:08:43 am: ... Got dataset to return in json obj
12/20/2012 10:08:43 am: Query has run: <CALL USP_GetCategories();>.
12/20/2012 10:08:43 am: ... Got dataset to return in json obj
12/20/2012 10:08:43 am: Query has run: <CALL USP_GetAccounts();>.
12/20/2012 10:08:43 am: ... Got dataset to return in json obj
12/20/2012 10:08:43 am: Query has run: <CALL USP_GetCategories2();>.
12/20/2012 10:08:43 am: ... Got dataset to return in json obj
12/20/2012 10:09:30 am: Amount value: -7,77. Preg_match_all result is <1>
12/20/2012 10:09:31 am: Currency = <1>.
12/20/2012 10:10:10 pm: Amount value: -11,7. Preg_match_all result is <1>
12/20/2012 10:10:10 pm: Currency = <1>.
12/20/2012 10:10:33 pm: Amount value: -105,36. Preg_match_all result is <1>
12/20/2012 10:10:33 pm: Currency = <1>.
12/20/2012 10:10:39 pm: Get the dataset to return in json obj...
12/20/2012 10:10:39 pm: Get the dataset to return in json obj...
12/20/2012 10:10:39 pm: Query has run: <CALL USP_GetCurrencies();>.
12/20/2012 10:10:39 pm: ... Got dataset to return in json obj
12/20/2012 10:10:39 pm: Query has run: <CALL USP_GetAccounts();>.
12/20/2012 10:10:39 pm: ... Got dataset to return in json obj
12/20/2012 10:10:39 pm: Get the dataset to return in json obj...
12/20/2012 10:10:39 pm: Query has run: <CALL USP_GetPayees();>.
12/20/2012 10:10:39 pm: ... Got dataset to return in json obj
12/20/2012 10:10:39 pm: Get the dataset to return in json obj...
12/20/2012 10:10:39 pm: Get the dataset to return in json obj...
12/20/2012 10:10:39 pm: Query has run: <CALL USP_GetCategories();>.
12/20/2012 10:10:39 pm: ... Got dataset to return in json obj
12/20/2012 10:10:39 pm: Query has run: <CALL USP_GetCategories2();>.
12/20/2012 10:10:39 pm: ... Got dataset to return in json obj
