11/03/2012 06:14:16 pm: Hit to <getData.php>. Type: <acc>. Currency in Post=<1>. currency var=<1>.
11/03/2012 06:14:16 pm: Hit to <getData.php>. Type: <payee>. Currency in Post=<>. currency var=<1>.
11/03/2012 06:14:16 pm: Hit to <getData.php>. Type: <cat>. Currency in Post=<>. currency var=<1>.
11/03/2012 06:14:16 pm: Hit to <getData.php>. Type: <curr>. Currency in Post=<>. currency var=<1>.
11/03/2012 06:14:16 pm: Hit to <getData.php>. Type: <scat>. Currency in Post=<>. currency var=<1>.
11/03/2012 06:14:16 pm: Get the dataset to return in json obj...
11/03/2012 06:14:16 pm: Get the dataset to return in json obj...
11/03/2012 06:14:16 pm: Get the dataset to return in json obj...
11/03/2012 06:14:16 pm: Get the dataset to return in json obj...
11/03/2012 06:14:16 pm: Get the dataset to return in json obj...
11/03/2012 06:14:16 pm: Query has run: <CALL USP_GetCategories();>.
11/03/2012 06:14:16 pm: ... Got dataset to return in json obj
11/03/2012 06:14:17 pm: Query has run: <CALL USP_GetPayees();>.
11/03/2012 06:14:17 pm: ... Got dataset to return in json obj
11/03/2012 06:14:17 pm: Query has run: <CALL USP_GetCategories2();>.
11/03/2012 06:14:17 pm: ... Got dataset to return in json obj
11/03/2012 06:14:17 pm: Query has run: <CALL USP_GetCurrencies();>.
11/03/2012 06:14:17 pm: Query has run: <CALL USP_GetAccounts();>.
11/03/2012 06:14:17 pm: ... Got dataset to return in json obj
11/03/2012 06:14:17 pm: ... Got dataset to return in json obj
11/03/2012 06:14:19 pm: Hit to <insert.php>. Type in post: <acc>. catName in Post=<>. scatName in Post=<>.
11/03/2012 06:14:26 pm: Hit to <insert.php>. Type in post: <cat>. catName in Post=<>. scatName in Post=<>.
11/03/2012 06:14:35 pm: Hit to <getData.php>. Type: <acc>. Currency in Post=<1>. currency var=<1>.
11/03/2012 06:14:35 pm: Get the dataset to return in json obj...
11/03/2012 06:14:35 pm: Query has run: <CALL USP_GetAccounts();>.
11/03/2012 06:14:35 pm: ... Got dataset to return in json obj
11/03/2012 06:14:35 pm: Hit to <getData.php>. Type: <curr>. Currency in Post=<>. currency var=<1>.
11/03/2012 06:14:35 pm: Get the dataset to return in json obj...
11/03/2012 06:14:35 pm: Query has run: <CALL USP_GetCurrencies();>.
11/03/2012 06:14:35 pm: ... Got dataset to return in json obj
11/03/2012 06:14:35 pm: Hit to <getData.php>. Type: <scat>. Currency in Post=<>. currency var=<1>.
11/03/2012 06:14:35 pm: Get the dataset to return in json obj...
11/03/2012 06:14:35 pm: Query has run: <CALL USP_GetCategories2();>.
11/03/2012 06:14:35 pm: ... Got dataset to return in json obj
11/03/2012 06:14:35 pm: Hit to <getData.php>. Type: <cat>. Currency in Post=<>. currency var=<1>.
11/03/2012 06:14:35 pm: Get the dataset to return in json obj...
11/03/2012 06:14:35 pm: Query has run: <CALL USP_GetCategories();>.
11/03/2012 06:14:35 pm: ... Got dataset to return in json obj
11/03/2012 06:14:35 pm: Hit to <getData.php>. Type: <payee>. Currency in Post=<>. currency var=<1>.
11/03/2012 06:14:35 pm: Get the dataset to return in json obj...
11/03/2012 06:14:35 pm: Query has run: <CALL USP_GetPayees();>.
11/03/2012 06:14:35 pm: ... Got dataset to return in json obj
11/03/2012 06:15:26 pm: Amount value: -100. Preg_match_all result is <1>
11/03/2012 06:15:26 pm: Currency = <1>.
11/03/2012 06:15:57 pm: Amount value: -19,99. Preg_match_all result is <1>
11/03/2012 06:15:57 pm: Currency = <1>.
11/03/2012 06:16:10 pm: Amount value: -1,98. Preg_match_all result is <1>
11/03/2012 06:16:10 pm: Currency = <1>.
11/03/2012 06:16:52 pm: Amount value: -5,06. Preg_match_all result is <1>
11/03/2012 06:16:52 pm: Currency = <1>.
11/03/2012 06:17:02 pm: Amount value: -9,69. Preg_match_all result is <1>
11/03/2012 06:17:02 pm: Currency = <1>.
11/03/2012 06:17:29 pm: Amount value: -,85. Preg_match_all result is <1>
11/03/2012 06:17:29 pm: Currency = <1>.
11/03/2012 06:17:34 pm: Hit to <getData.php>. Type: <acc>. Currency in Post=<1>. currency var=<1>.
11/03/2012 06:17:34 pm: Hit to <getData.php>. Type: <curr>. Currency in Post=<>. currency var=<1>.
11/03/2012 06:17:34 pm: Hit to <getData.php>. Type: <scat>. Currency in Post=<>. currency var=<1>.
11/03/2012 06:17:34 pm: Hit to <getData.php>. Type: <cat>. Currency in Post=<>. currency var=<1>.
11/03/2012 06:17:34 pm: Get the dataset to return in json obj...
11/03/2012 06:17:34 pm: Get the dataset to return in json obj...
11/03/2012 06:17:34 pm: Get the dataset to return in json obj...
11/03/2012 06:17:34 pm: Get the dataset to return in json obj...
11/03/2012 06:17:34 pm: Hit to <getData.php>. Type: <payee>. Currency in Post=<>. currency var=<1>.
11/03/2012 06:17:34 pm: Query has run: <CALL USP_GetCurrencies();>.
11/03/2012 06:17:34 pm: ... Got dataset to return in json obj
11/03/2012 06:17:34 pm: Get the dataset to return in json obj...
11/03/2012 06:17:34 pm: Query has run: <CALL USP_GetAccounts();>.
11/03/2012 06:17:34 pm: ... Got dataset to return in json obj
11/03/2012 06:17:34 pm: Query has run: <CALL USP_GetPayees();>.
11/03/2012 06:17:34 pm: ... Got dataset to return in json obj
11/03/2012 06:17:34 pm: Query has run: <CALL USP_GetCategories2();>.
11/03/2012 06:17:34 pm: ... Got dataset to return in json obj
11/03/2012 06:17:34 pm: Query has run: <CALL USP_GetCategories();>.
11/03/2012 06:17:34 pm: ... Got dataset to return in json obj
11/03/2012 06:17:52 pm: Hit to <getData.php>. Type: <acc>. Currency in Post=<1>. currency var=<1>.
11/03/2012 06:17:52 pm: Hit to <getData.php>. Type: <curr>. Currency in Post=<>. currency var=<1>.
11/03/2012 06:17:52 pm: Get the dataset to return in json obj...
11/03/2012 06:17:52 pm: Get the dataset to return in json obj...
11/03/2012 06:17:52 pm: Hit to <getData.php>. Type: <payee>. Currency in Post=<>. currency var=<1>.
11/03/2012 06:17:52 pm: Query has run: <CALL USP_GetCurrencies();>.
11/03/2012 06:17:52 pm: Query has run: <CALL USP_GetAccounts();>.
11/03/2012 06:17:52 pm: ... Got dataset to return in json obj
11/03/2012 06:17:52 pm: ... Got dataset to return in json obj
11/03/2012 06:17:52 pm: Hit to <getData.php>. Type: <cat>. Currency in Post=<>. currency var=<1>.
11/03/2012 06:17:52 pm: Get the dataset to return in json obj...
11/03/2012 06:17:52 pm: Get the dataset to return in json obj...
11/03/2012 06:17:52 pm: Hit to <getData.php>. Type: <scat>. Currency in Post=<>. currency var=<1>.
11/03/2012 06:17:52 pm: Query has run: <CALL USP_GetPayees();>.
11/03/2012 06:17:52 pm: ... Got dataset to return in json obj
11/03/2012 06:17:52 pm: Query has run: <CALL USP_GetCategories();>.
11/03/2012 06:17:52 pm: ... Got dataset to return in json obj
11/03/2012 06:17:52 pm: Get the dataset to return in json obj...
11/03/2012 06:17:52 pm: Query has run: <CALL USP_GetCategories2();>.
11/03/2012 06:17:52 pm: ... Got dataset to return in json obj
11/03/2012 06:18:13 pm: Hit to <insert.php>. Type in post: <cat>. catName in Post=<>. scatName in Post=<>.
11/03/2012 06:19:03 pm: Hit to <getData.php>. Type: <acc>. Currency in Post=<1>. currency var=<1>.
11/03/2012 06:19:03 pm: Get the dataset to return in json obj...
11/03/2012 06:19:03 pm: Query has run: <CALL USP_GetAccounts();>.
11/03/2012 06:19:03 pm: ... Got dataset to return in json obj
11/03/2012 06:19:03 pm: Hit to <getData.php>. Type: <curr>. Currency in Post=<>. currency var=<1>.
11/03/2012 06:19:03 pm: Get the dataset to return in json obj...
11/03/2012 06:19:03 pm: Query has run: <CALL USP_GetCurrencies();>.
11/03/2012 06:19:03 pm: ... Got dataset to return in json obj
11/03/2012 06:19:03 pm: Hit to <getData.php>. Type: <payee>. Currency in Post=<>. currency var=<1>.
11/03/2012 06:19:03 pm: Get the dataset to return in json obj...
11/03/2012 06:19:03 pm: Hit to <getData.php>. Type: <cat>. Currency in Post=<>. currency var=<1>.
11/03/2012 06:19:03 pm: Get the dataset to return in json obj...
11/03/2012 06:19:03 pm: Query has run: <CALL USP_GetPayees();>.
11/03/2012 06:19:03 pm: ... Got dataset to return in json obj
11/03/2012 06:19:03 pm: Query has run: <CALL USP_GetCategories();>.
11/03/2012 06:19:03 pm: ... Got dataset to return in json obj
11/03/2012 06:19:03 pm: Hit to <getData.php>. Type: <scat>. Currency in Post=<>. currency var=<1>.
11/03/2012 06:19:03 pm: Get the dataset to return in json obj...
11/03/2012 06:19:03 pm: Query has run: <CALL USP_GetCategories2();>.
11/03/2012 06:19:03 pm: ... Got dataset to return in json obj
11/03/2012 06:19:11 pm: Hit to <insert.php>. Type in post: <cat>. catName in Post=<>. scatName in Post=<>.
11/03/2012 06:19:18 pm: Hit to <insert.php>. Type in post: <cat>. catName in Post=<>. scatName in Post=<>.
11/03/2012 06:20:07 pm: Hit to <getData.php>. Type: <acc>. Currency in Post=<1>. currency var=<1>.
11/03/2012 06:20:07 pm: Hit to <getData.php>. Type: <curr>. Currency in Post=<>. currency var=<1>.
11/03/2012 06:20:07 pm: Hit to <getData.php>. Type: <cat>. Currency in Post=<>. currency var=<1>.
11/03/2012 06:20:07 pm: Hit to <getData.php>. Type: <payee>. Currency in Post=<>. currency var=<1>.
11/03/2012 06:20:07 pm: Get the dataset to return in json obj...
11/03/2012 06:20:07 pm: Get the dataset to return in json obj...
11/03/2012 06:20:07 pm: Get the dataset to return in json obj...
11/03/2012 06:20:07 pm: Get the dataset to return in json obj...
11/03/2012 06:20:07 pm: Query has run: <CALL USP_GetCategories();>.
11/03/2012 06:20:07 pm: ... Got dataset to return in json obj
11/03/2012 06:20:07 pm: Query has run: <CALL USP_GetAccounts();>.
11/03/2012 06:20:07 pm: ... Got dataset to return in json obj
11/03/2012 06:20:07 pm: Query has run: <CALL USP_GetCurrencies();>.
11/03/2012 06:20:07 pm: ... Got dataset to return in json obj
11/03/2012 06:20:07 pm: Query has run: <CALL USP_GetPayees();>.
11/03/2012 06:20:07 pm: ... Got dataset to return in json obj
11/03/2012 06:20:07 pm: Hit to <getData.php>. Type: <scat>. Currency in Post=<>. currency var=<1>.
11/03/2012 06:20:07 pm: Get the dataset to return in json obj...
11/03/2012 06:20:07 pm: Query has run: <CALL USP_GetCategories2();>.
11/03/2012 06:20:07 pm: ... Got dataset to return in json obj
11/03/2012 06:20:12 pm: Hit to <insert.php>. Type in post: <cat>. catName in Post=<>. scatName in Post=<>.
11/03/2012 06:21:11 pm: Hit to <getData.php>. Type: <acc>. Currency in Post=<1>. currency var=<1>.
11/03/2012 06:21:11 pm: Hit to <getData.php>. Type: <payee>. Currency in Post=<>. currency var=<1>.
11/03/2012 06:21:11 pm: Hit to <getData.php>. Type: <curr>. Currency in Post=<>. currency var=<1>.
11/03/2012 06:21:11 pm: Get the dataset to return in json obj...
11/03/2012 06:21:11 pm: Get the dataset to return in json obj...
11/03/2012 06:21:11 pm: Hit to <getData.php>. Type: <cat>. Currency in Post=<>. currency var=<1>.
11/03/2012 06:21:11 pm: Get the dataset to return in json obj...
11/03/2012 06:21:11 pm: Query has run: <CALL USP_GetAccounts();>.
11/03/2012 06:21:11 pm: ... Got dataset to return in json obj
11/03/2012 06:21:11 pm: Hit to <getData.php>. Type: <scat>. Currency in Post=<>. currency var=<1>.
11/03/2012 06:21:11 pm: Query has run: <CALL USP_GetPayees();>.
11/03/2012 06:21:11 pm: ... Got dataset to return in json obj
11/03/2012 06:21:11 pm: Get the dataset to return in json obj...
11/03/2012 06:21:11 pm: Query has run: <CALL USP_GetCurrencies();>.
11/03/2012 06:21:11 pm: ... Got dataset to return in json obj
11/03/2012 06:21:11 pm: Get the dataset to return in json obj...
11/03/2012 06:21:11 pm: Query has run: <CALL USP_GetCategories();>.
11/03/2012 06:21:11 pm: ... Got dataset to return in json obj
11/03/2012 06:21:11 pm: Query has run: <CALL USP_GetCategories2();>.
11/03/2012 06:21:11 pm: ... Got dataset to return in json obj
11/03/2012 06:21:14 pm: Hit to <insert.php>. Type in post: <acc>. catName in Post=<>. scatName in Post=<>.
11/03/2012 06:21:20 pm: Hit to <insert.php>. Type in post: <cat>. catName in Post=<>. scatName in Post=<>.
11/03/2012 09:11:43 pm: Hit to <getData.php>. Type: <acc>. Currency in Post=<1>. currency var=<1>.
11/03/2012 09:11:43 pm: Get the dataset to return in json obj...
11/03/2012 09:11:43 pm: Hit to <getData.php>. Type: <cat>. Currency in Post=<>. currency var=<1>.
11/03/2012 09:11:43 pm: Query has run: <CALL USP_GetAccounts();>.
11/03/2012 09:11:43 pm: ... Got dataset to return in json obj
11/03/2012 09:11:43 pm: Get the dataset to return in json obj...
11/03/2012 09:11:43 pm: Hit to <getData.php>. Type: <payee>. Currency in Post=<>. currency var=<1>.
11/03/2012 09:11:43 pm: Query has run: <CALL USP_GetCategories();>.
11/03/2012 09:11:43 pm: ... Got dataset to return in json obj
11/03/2012 09:11:43 pm: Get the dataset to return in json obj...
11/03/2012 09:11:43 pm: Hit to <getData.php>. Type: <curr>. Currency in Post=<>. currency var=<1>.
11/03/2012 09:11:43 pm: Query has run: <CALL USP_GetPayees();>.
11/03/2012 09:11:43 pm: ... Got dataset to return in json obj
11/03/2012 09:11:43 pm: Get the dataset to return in json obj...
11/03/2012 09:11:43 pm: Query has run: <CALL USP_GetCurrencies();>.
11/03/2012 09:11:43 pm: ... Got dataset to return in json obj
11/03/2012 09:11:43 pm: Hit to <getData.php>. Type: <scat>. Currency in Post=<>. currency var=<1>.
11/03/2012 09:11:44 pm: Get the dataset to return in json obj...
11/03/2012 09:11:44 pm: Query has run: <CALL USP_GetCategories2();>.
11/03/2012 09:11:44 pm: ... Got dataset to return in json obj
11/03/2012 09:11:49 pm: Hit to <insert.php>. Type in post: <acc>. catName in Post=<>. scatName in Post=<>.
11/03/2012 09:11:49 pm: Start insert...
11/03/2012 09:11:49 pm: - Error in query: CALL USP_UpdateAccount (1,'1','AIB - Current');<br/>- Error: PROCEDURE FinanceApp.USP_UpdateAccount does not exist (Error #1305)<br/>- File: /Volumes/DATA/Dropbox/DEV/Web/FinanceApp/php/updateRow.php.<br/>
11/03/2012 09:11:49 pm: ... End insert
11/03/2012 09:11:49 pm: Get the dataset to return in json obj...
11/03/2012 09:11:49 pm: Query has run: <CALL USP_GetAccounts();>.
11/03/2012 09:11:49 pm: ... Got dataset to return in json obj
11/03/2012 09:12:04 pm: Hit to <getData.php>. Type: <acc>. Currency in Post=<1>. currency var=<1>.
11/03/2012 09:12:04 pm: Get the dataset to return in json obj...
11/03/2012 09:12:04 pm: Query has run: <CALL USP_GetAccounts();>.
11/03/2012 09:12:04 pm: ... Got dataset to return in json obj
11/03/2012 09:12:04 pm: Hit to <getData.php>. Type: <payee>. Currency in Post=<>. currency var=<1>.
11/03/2012 09:12:04 pm: Hit to <getData.php>. Type: <scat>. Currency in Post=<>. currency var=<1>.
11/03/2012 09:12:04 pm: Get the dataset to return in json obj...
11/03/2012 09:12:04 pm: Get the dataset to return in json obj...
11/03/2012 09:12:04 pm: Query has run: <CALL USP_GetPayees();>.
11/03/2012 09:12:04 pm: ... Got dataset to return in json obj
11/03/2012 09:12:04 pm: Hit to <getData.php>. Type: <curr>. Currency in Post=<>. currency var=<1>.
11/03/2012 09:12:04 pm: Query has run: <CALL USP_GetCategories2();>.
11/03/2012 09:12:04 pm: ... Got dataset to return in json obj
11/03/2012 09:12:04 pm: Hit to <getData.php>. Type: <cat>. Currency in Post=<>. currency var=<1>.
11/03/2012 09:12:04 pm: Get the dataset to return in json obj...
11/03/2012 09:12:04 pm: Query has run: <CALL USP_GetCurrencies();>.
11/03/2012 09:12:04 pm: ... Got dataset to return in json obj
11/03/2012 09:12:04 pm: Get the dataset to return in json obj...
11/03/2012 09:12:04 pm: Query has run: <CALL USP_GetCategories();>.
11/03/2012 09:12:04 pm: ... Got dataset to return in json obj
11/03/2012 09:13:01 pm: Hit to <insert.php>. Type in post: <acc>. catName in Post=<>. scatName in Post=<>.
11/03/2012 09:13:01 pm: Start insert...
11/03/2012 09:13:01 pm: - Error in query: CALL USP_UpdateAccount (1,'1','AIB - Current');<br/>- Error: PROCEDURE FinanceApp.USP_UpdateAccount does not exist (Error #1305)<br/>- File: /Volumes/DATA/Dropbox/DEV/Web/FinanceApp/php/updateRow.php.<br/>
11/03/2012 09:13:01 pm: ... End insert
11/03/2012 09:13:01 pm: Get the dataset to return in json obj...
11/03/2012 09:13:01 pm: Query has run: <CALL USP_GetAccounts();>.
11/03/2012 09:13:01 pm: ... Got dataset to return in json obj
11/03/2012 09:18:40 pm: Hit to <getData.php>. Type: <cat>. Currency in Post=<>. currency var=<1>.
11/03/2012 09:18:40 pm: Hit to <getData.php>. Type: <scat>. Currency in Post=<>. currency var=<1>.
11/03/2012 09:18:40 pm: Hit to <getData.php>. Type: <acc>. Currency in Post=<1>. currency var=<1>.
11/03/2012 09:18:40 pm: Get the dataset to return in json obj...
11/03/2012 09:18:40 pm: Get the dataset to return in json obj...
11/03/2012 09:18:40 pm: Get the dataset to return in json obj...
11/03/2012 09:18:40 pm: Query has run: <CALL USP_GetCategories();>.
11/03/2012 09:18:40 pm: ... Got dataset to return in json obj
11/03/2012 09:18:40 pm: Query has run: <CALL USP_GetCategories2();>.
11/03/2012 09:18:40 pm: ... Got dataset to return in json obj
11/03/2012 09:18:40 pm: Query has run: <CALL USP_GetAccounts();>.
11/03/2012 09:18:40 pm: ... Got dataset to return in json obj
11/03/2012 09:18:40 pm: Hit to <getData.php>. Type: <payee>. Currency in Post=<>. currency var=<1>.
11/03/2012 09:18:40 pm: Hit to <getData.php>. Type: <curr>. Currency in Post=<>. currency var=<1>.
11/03/2012 09:18:40 pm: Get the dataset to return in json obj...
11/03/2012 09:18:40 pm: Query has run: <CALL USP_GetCurrencies();>.
11/03/2012 09:18:40 pm: ... Got dataset to return in json obj
11/03/2012 09:18:40 pm: Get the dataset to return in json obj...
11/03/2012 09:18:40 pm: Query has run: <CALL USP_GetPayees();>.
11/03/2012 09:18:40 pm: ... Got dataset to return in json obj
11/03/2012 09:19:05 pm: Hit to <insert.php>. Type in post: <acc>. catName in Post=<>. scatName in Post=<>.
11/03/2012 09:19:05 pm: Start insert...
11/03/2012 09:19:05 pm: Query has run: <CALL USP_UpdateAccount (1,'1','AIB - Current test');>.
11/03/2012 09:19:05 pm: Query has run: <CALL USP_GetAccounts ()>.
11/03/2012 09:19:05 pm: ... End insert
11/03/2012 09:19:05 pm: Get the dataset to return in json obj...
11/03/2012 09:19:05 pm: Query has run: <CALL USP_GetAccounts();>.
11/03/2012 09:19:05 pm: ... Got dataset to return in json obj
11/03/2012 09:19:35 pm: Hit to <getData.php>. Type: <curr>. Currency in Post=<>. currency var=<1>.
11/03/2012 09:19:35 pm: Hit to <getData.php>. Type: <payee>. Currency in Post=<>. currency var=<1>.
11/03/2012 09:19:35 pm: Hit to <getData.php>. Type: <acc>. Currency in Post=<1>. currency var=<1>.
11/03/2012 09:19:35 pm: Get the dataset to return in json obj...
11/03/2012 09:19:35 pm: Get the dataset to return in json obj...
11/03/2012 09:19:35 pm: Query has run: <CALL USP_GetCurrencies();>.
11/03/2012 09:19:35 pm: ... Got dataset to return in json obj
11/03/2012 09:19:35 pm: Query has run: <CALL USP_GetPayees();>.
11/03/2012 09:19:35 pm: ... Got dataset to return in json obj
11/03/2012 09:19:35 pm: Get the dataset to return in json obj...
11/03/2012 09:19:35 pm: Query has run: <CALL USP_GetAccounts();>.
11/03/2012 09:19:35 pm: ... Got dataset to return in json obj
11/03/2012 09:19:35 pm: Hit to <getData.php>. Type: <cat>. Currency in Post=<>. currency var=<1>.
11/03/2012 09:19:35 pm: Get the dataset to return in json obj...
11/03/2012 09:19:35 pm: Query has run: <CALL USP_GetCategories();>.
11/03/2012 09:19:35 pm: ... Got dataset to return in json obj
11/03/2012 09:19:35 pm: Hit to <getData.php>. Type: <scat>. Currency in Post=<>. currency var=<1>.
11/03/2012 09:19:35 pm: Get the dataset to return in json obj...
11/03/2012 09:19:35 pm: Query has run: <CALL USP_GetCategories2();>.
11/03/2012 09:19:35 pm: ... Got dataset to return in json obj
11/03/2012 09:19:58 pm: Hit to <getData.php>. Type: <acc>. Currency in Post=<1>. currency var=<1>.
11/03/2012 09:19:58 pm: Get the dataset to return in json obj...
11/03/2012 09:19:58 pm: Query has run: <CALL USP_GetAccounts();>.
11/03/2012 09:19:58 pm: ... Got dataset to return in json obj
11/03/2012 09:19:59 pm: Hit to <getData.php>. Type: <curr>. Currency in Post=<>. currency var=<1>.
11/03/2012 09:19:59 pm: Get the dataset to return in json obj...
11/03/2012 09:19:59 pm: Query has run: <CALL USP_GetCurrencies();>.
11/03/2012 09:19:59 pm: ... Got dataset to return in json obj
11/03/2012 09:20:01 pm: Hit to <getData.php>. Type: <payee>. Currency in Post=<>. currency var=<1>.
11/03/2012 09:20:01 pm: Get the dataset to return in json obj...
11/03/2012 09:20:01 pm: Query has run: <CALL USP_GetPayees();>.
11/03/2012 09:20:01 pm: ... Got dataset to return in json obj
11/03/2012 09:20:01 pm: Hit to <getData.php>. Type: <scat>. Currency in Post=<>. currency var=<1>.
11/03/2012 09:20:01 pm: Get the dataset to return in json obj...
11/03/2012 09:20:01 pm: Query has run: <CALL USP_GetCategories2();>.
11/03/2012 09:20:01 pm: ... Got dataset to return in json obj
11/03/2012 09:20:02 pm: Hit to <getData.php>. Type: <cat>. Currency in Post=<>. currency var=<1>.
11/03/2012 09:20:02 pm: Get the dataset to return in json obj...
11/03/2012 09:20:02 pm: Query has run: <CALL USP_GetCategories();>.
11/03/2012 09:20:02 pm: ... Got dataset to return in json obj
11/03/2012 09:20:20 pm: Hit to <insert.php>. Type in post: <acc>. catName in Post=<>. scatName in Post=<>.
11/03/2012 09:21:56 pm: Start insert...
11/03/2012 09:21:59 pm: Query has run: <CALL USP_UpdateAccount (1,'1','AIB - Current test2');>.
11/03/2012 09:22:54 pm: Query has run: <CALL USP_GetAccounts ()>.
11/03/2012 09:22:55 pm: ... End insert
11/03/2012 09:22:55 pm: Get the dataset to return in json obj...
11/03/2012 09:22:55 pm: Query has run: <CALL USP_GetAccounts();>.
11/03/2012 09:22:55 pm: ... Got dataset to return in json obj
11/03/2012 09:23:13 pm: Hit to <getData.php>. Type: <acc>. Currency in Post=<1>. currency var=<1>.
11/03/2012 09:23:13 pm: Get the dataset to return in json obj...
11/03/2012 09:23:13 pm: Query has run: <CALL USP_GetAccounts();>.
11/03/2012 09:23:13 pm: ... Got dataset to return in json obj
11/03/2012 09:23:13 pm: Hit to <getData.php>. Type: <curr>. Currency in Post=<>. currency var=<1>.
11/03/2012 09:23:13 pm: Get the dataset to return in json obj...
11/03/2012 09:23:13 pm: Query has run: <CALL USP_GetCurrencies();>.
11/03/2012 09:23:13 pm: ... Got dataset to return in json obj
11/03/2012 09:23:14 pm: Hit to <getData.php>. Type: <payee>. Currency in Post=<>. currency var=<1>.
11/03/2012 09:23:14 pm: Get the dataset to return in json obj...
11/03/2012 09:23:14 pm: Query has run: <CALL USP_GetPayees();>.
11/03/2012 09:23:14 pm: ... Got dataset to return in json obj
11/03/2012 09:23:15 pm: Hit to <getData.php>. Type: <cat>. Currency in Post=<>. currency var=<1>.
11/03/2012 09:23:15 pm: Get the dataset to return in json obj...
11/03/2012 09:23:15 pm: Query has run: <CALL USP_GetCategories();>.
11/03/2012 09:23:15 pm: ... Got dataset to return in json obj
11/03/2012 09:23:16 pm: Hit to <getData.php>. Type: <scat>. Currency in Post=<>. currency var=<1>.
11/03/2012 09:23:16 pm: Get the dataset to return in json obj...
11/03/2012 09:23:16 pm: Query has run: <CALL USP_GetCategories2();>.
11/03/2012 09:23:16 pm: ... Got dataset to return in json obj
11/03/2012 09:23:30 pm: Hit to <insert.php>. Type in post: <acc>. catName in Post=<>. scatName in Post=<>.
11/03/2012 09:23:35 pm: Start insert...
11/03/2012 09:23:36 pm: Query has run: <CALL USP_UpdateAccount (1,'1','AIB - Current test3');>.
11/03/2012 09:24:11 pm: Query has run: <CALL USP_GetAccounts ()>.
11/03/2012 09:24:11 pm: ... End insert
11/03/2012 09:24:11 pm: Get the dataset to return in json obj...
11/03/2012 09:24:11 pm: Query has run: <CALL USP_GetAccounts();>.
11/03/2012 09:24:11 pm: ... Got dataset to return in json obj
11/03/2012 09:24:22 pm: Hit to <getData.php>. Type: <acc>. Currency in Post=<1>. currency var=<1>.
11/03/2012 09:24:22 pm: Get the dataset to return in json obj...
11/03/2012 09:24:22 pm: Query has run: <CALL USP_GetAccounts();>.
11/03/2012 09:24:22 pm: ... Got dataset to return in json obj
11/03/2012 09:24:23 pm: Hit to <getData.php>. Type: <scat>. Currency in Post=<>. currency var=<1>.
11/03/2012 09:24:23 pm: Get the dataset to return in json obj...
11/03/2012 09:24:23 pm: Query has run: <CALL USP_GetCategories2();>.
11/03/2012 09:24:23 pm: ... Got dataset to return in json obj
11/03/2012 09:24:24 pm: Hit to <getData.php>. Type: <cat>. Currency in Post=<>. currency var=<1>.
11/03/2012 09:24:24 pm: Get the dataset to return in json obj...
11/03/2012 09:24:24 pm: Query has run: <CALL USP_GetCategories();>.
11/03/2012 09:24:24 pm: ... Got dataset to return in json obj
11/03/2012 09:24:25 pm: Hit to <getData.php>. Type: <payee>. Currency in Post=<>. currency var=<1>.
11/03/2012 09:24:25 pm: Get the dataset to return in json obj...
11/03/2012 09:24:25 pm: Query has run: <CALL USP_GetPayees();>.
11/03/2012 09:24:25 pm: ... Got dataset to return in json obj
11/03/2012 09:24:26 pm: Hit to <getData.php>. Type: <curr>. Currency in Post=<>. currency var=<1>.
11/03/2012 09:24:26 pm: Get the dataset to return in json obj...
11/03/2012 09:24:26 pm: Query has run: <CALL USP_GetCurrencies();>.
11/03/2012 09:24:26 pm: ... Got dataset to return in json obj
11/03/2012 09:24:41 pm: Hit to <getData.php>. Type: <acc>. Currency in Post=<1>. currency var=<1>.
11/03/2012 09:24:41 pm: Get the dataset to return in json obj...
11/03/2012 09:24:41 pm: Query has run: <CALL USP_GetAccounts();>.
11/03/2012 09:24:41 pm: ... Got dataset to return in json obj
11/03/2012 09:24:41 pm: Hit to <getData.php>. Type: <curr>. Currency in Post=<>. currency var=<1>.
11/03/2012 09:24:41 pm: Get the dataset to return in json obj...
11/03/2012 09:24:41 pm: Query has run: <CALL USP_GetCurrencies();>.
11/03/2012 09:24:41 pm: ... Got dataset to return in json obj
11/03/2012 09:24:42 pm: Hit to <getData.php>. Type: <payee>. Currency in Post=<>. currency var=<1>.
11/03/2012 09:24:42 pm: Get the dataset to return in json obj...
11/03/2012 09:24:42 pm: Query has run: <CALL USP_GetPayees();>.
11/03/2012 09:24:42 pm: ... Got dataset to return in json obj
11/03/2012 09:24:43 pm: Hit to <getData.php>. Type: <cat>. Currency in Post=<>. currency var=<1>.
11/03/2012 09:24:43 pm: Get the dataset to return in json obj...
11/03/2012 09:24:43 pm: Query has run: <CALL USP_GetCategories();>.
11/03/2012 09:24:43 pm: ... Got dataset to return in json obj
11/03/2012 09:24:43 pm: Hit to <getData.php>. Type: <scat>. Currency in Post=<>. currency var=<1>.
11/03/2012 09:24:43 pm: Get the dataset to return in json obj...
11/03/2012 09:24:43 pm: Query has run: <CALL USP_GetCategories2();>.
11/03/2012 09:24:43 pm: ... Got dataset to return in json obj
11/03/2012 09:24:56 pm: Hit to <insert.php>. Type in post: <acc>. catName in Post=<>. scatName in Post=<>.
11/03/2012 09:25:02 pm: Start insert...
11/03/2012 09:25:03 pm: Query has run: <CALL USP_UpdateAccount (1,'1','AIB - Current test3');>.
11/03/2012 09:25:04 pm: ... End insert
11/03/2012 09:25:06 pm: Get the dataset to return in json obj...
11/03/2012 09:26:01 pm: Query has run: <CALL USP_GetAccounts();>.
11/03/2012 09:26:02 pm: ... Got dataset to return in json obj
11/03/2012 09:26:31 pm: Hit to <getData.php>. Type: <payee>. Currency in Post=<>. currency var=<1>.
11/03/2012 09:26:31 pm: Get the dataset to return in json obj...
11/03/2012 09:26:31 pm: Query has run: <CALL USP_GetPayees();>.
11/03/2012 09:26:31 pm: ... Got dataset to return in json obj
11/03/2012 09:26:31 pm: Hit to <getData.php>. Type: <curr>. Currency in Post=<>. currency var=<1>.
11/03/2012 09:26:31 pm: Hit to <getData.php>. Type: <cat>. Currency in Post=<>. currency var=<1>.
11/03/2012 09:26:31 pm: Hit to <getData.php>. Type: <scat>. Currency in Post=<>. currency var=<1>.
11/03/2012 09:26:31 pm: Get the dataset to return in json obj...
11/03/2012 09:26:31 pm: Get the dataset to return in json obj...
11/03/2012 09:26:31 pm: Get the dataset to return in json obj...
11/03/2012 09:26:31 pm: Query has run: <CALL USP_GetCategories2();>.
11/03/2012 09:26:31 pm: ... Got dataset to return in json obj
11/03/2012 09:26:31 pm: Query has run: <CALL USP_GetCategories();>.
11/03/2012 09:26:31 pm: ... Got dataset to return in json obj
11/03/2012 09:26:31 pm: Query has run: <CALL USP_GetCurrencies();>.
11/03/2012 09:26:31 pm: ... Got dataset to return in json obj
11/03/2012 09:26:40 pm: Hit to <getData.php>. Type: <curr>. Currency in Post=<>. currency var=<1>.
11/03/2012 09:26:40 pm: Hit to <getData.php>. Type: <payee>. Currency in Post=<>. currency var=<1>.
11/03/2012 09:26:40 pm: Hit to <getData.php>. Type: <scat>. Currency in Post=<>. currency var=<1>.
11/03/2012 09:26:40 pm: Hit to <getData.php>. Type: <acc>. Currency in Post=<1>. currency var=<1>.
11/03/2012 09:26:40 pm: Get the dataset to return in json obj...
11/03/2012 09:26:40 pm: Hit to <getData.php>. Type: <cat>. Currency in Post=<>. currency var=<1>.
11/03/2012 09:26:40 pm: Get the dataset to return in json obj...
11/03/2012 09:26:40 pm: Query has run: <CALL USP_GetCurrencies();>.
11/03/2012 09:26:40 pm: ... Got dataset to return in json obj
11/03/2012 09:26:40 pm: Get the dataset to return in json obj...
11/03/2012 09:26:40 pm: Get the dataset to return in json obj...
11/03/2012 09:26:40 pm: Get the dataset to return in json obj...
11/03/2012 09:26:40 pm: Query has run: <CALL USP_GetAccounts();>.
11/03/2012 09:26:40 pm: ... Got dataset to return in json obj
11/03/2012 09:26:40 pm: Query has run: <CALL USP_GetCategories();>.
11/03/2012 09:26:40 pm: ... Got dataset to return in json obj
11/03/2012 09:26:40 pm: Query has run: <CALL USP_GetPayees();>.
11/03/2012 09:26:40 pm: ... Got dataset to return in json obj
11/03/2012 09:26:40 pm: Query has run: <CALL USP_GetCategories2();>.
11/03/2012 09:26:40 pm: ... Got dataset to return in json obj
11/03/2012 09:26:46 pm: Hit to <insert.php>. Type in post: <acc>. catName in Post=<>. scatName in Post=<>.
11/03/2012 09:26:46 pm: Start insert...
11/03/2012 09:26:46 pm: Query has run: <CALL USP_UpdateAccount (1,'1','AIB - Current test3');>.
11/03/2012 09:26:46 pm: ... End insert
11/03/2012 09:26:46 pm: Get the dataset to return in json obj...
11/03/2012 09:26:46 pm: Query has run: <CALL USP_GetAccounts();>.
11/03/2012 09:26:46 pm: ... Got dataset to return in json obj
11/03/2012 09:26:50 pm: Hit to <getData.php>. Type: <curr>. Currency in Post=<>. currency var=<1>.
11/03/2012 09:26:50 pm: Hit to <getData.php>. Type: <payee>. Currency in Post=<>. currency var=<1>.
11/03/2012 09:26:50 pm: Hit to <getData.php>. Type: <acc>. Currency in Post=<1>. currency var=<1>.
11/03/2012 09:26:50 pm: Get the dataset to return in json obj...
11/03/2012 09:26:50 pm: Hit to <getData.php>. Type: <scat>. Currency in Post=<>. currency var=<1>.
11/03/2012 09:26:50 pm: Hit to <getData.php>. Type: <cat>. Currency in Post=<>. currency var=<1>.
11/03/2012 09:26:50 pm: Get the dataset to return in json obj...
11/03/2012 09:26:50 pm: Query has run: <CALL USP_GetCurrencies();>.
11/03/2012 09:26:50 pm: ... Got dataset to return in json obj
11/03/2012 09:26:50 pm: Get the dataset to return in json obj...
11/03/2012 09:26:50 pm: Get the dataset to return in json obj...
11/03/2012 09:26:50 pm: Get the dataset to return in json obj...
11/03/2012 09:26:50 pm: Query has run: <CALL USP_GetCategories();>.
11/03/2012 09:26:50 pm: ... Got dataset to return in json obj
11/03/2012 09:26:50 pm: Query has run: <CALL USP_GetPayees();>.
11/03/2012 09:26:51 pm: ... Got dataset to return in json obj
11/03/2012 09:26:50 pm: Query has run: <CALL USP_GetAccounts();>.
11/03/2012 09:26:51 pm: ... Got dataset to return in json obj
11/03/2012 09:26:50 pm: Query has run: <CALL USP_GetCategories2();>.
11/03/2012 09:26:51 pm: ... Got dataset to return in json obj
11/03/2012 09:27:19 pm: Hit to <insert.php>. Type in post: <acc>. catName in Post=<>. scatName in Post=<>.
11/03/2012 09:27:19 pm: Start insert...
11/03/2012 09:27:20 pm: Query has run: <CALL USP_UpdateAccount (1,'1','AIB - Current test1');>.
11/03/2012 09:27:20 pm: ... End insert
11/03/2012 09:27:20 pm: Get the dataset to return in json obj...
11/03/2012 09:27:20 pm: Query has run: <CALL USP_GetAccounts();>.
11/03/2012 09:27:20 pm: ... Got dataset to return in json obj
11/03/2012 09:28:18 pm: Hit to <getData.php>. Type: <acc>. Currency in Post=<1>. currency var=<1>.
11/03/2012 09:28:18 pm: Hit to <getData.php>. Type: <cat>. Currency in Post=<>. currency var=<1>.
11/03/2012 09:28:18 pm: Hit to <getData.php>. Type: <curr>. Currency in Post=<>. currency var=<1>.
11/03/2012 09:28:18 pm: Hit to <getData.php>. Type: <payee>. Currency in Post=<>. currency var=<1>.
11/03/2012 09:28:18 pm: Hit to <getData.php>. Type: <scat>. Currency in Post=<>. currency var=<1>.
11/03/2012 09:28:18 pm: Get the dataset to return in json obj...
11/03/2012 09:28:18 pm: Get the dataset to return in json obj...
11/03/2012 09:28:18 pm: Get the dataset to return in json obj...
11/03/2012 09:28:18 pm: Get the dataset to return in json obj...
11/03/2012 09:28:18 pm: Get the dataset to return in json obj...
11/03/2012 09:28:18 pm: Query has run: <CALL USP_GetAccounts();>.
11/03/2012 09:28:18 pm: ... Got dataset to return in json obj
11/03/2012 09:28:18 pm: Query has run: <CALL USP_GetCategories2();>.
11/03/2012 09:28:18 pm: ... Got dataset to return in json obj
11/03/2012 09:28:18 pm: Query has run: <CALL USP_GetPayees();>.
11/03/2012 09:28:18 pm: Query has run: <CALL USP_GetCurrencies();>.
11/03/2012 09:28:18 pm: ... Got dataset to return in json obj
11/03/2012 09:28:18 pm: Query has run: <CALL USP_GetCategories();>.
11/03/2012 09:28:18 pm: ... Got dataset to return in json obj
11/03/2012 09:28:18 pm: ... Got dataset to return in json obj
11/03/2012 09:28:44 pm: Hit to <insert.php>. Type in post: <acc>. catName in Post=<>. scatName in Post=<>.
11/03/2012 09:28:44 pm: Start insert...
11/03/2012 09:28:44 pm: Query has run: <CALL USP_UpdateAccount (1,'1','AIB - Current test');>.
11/03/2012 09:28:44 pm: ... End insert
11/03/2012 09:28:44 pm: Get the dataset to return in json obj...
11/03/2012 09:28:44 pm: Query has run: <CALL USP_GetAccounts();>.
11/03/2012 09:28:44 pm: ... Got dataset to return in json obj
11/03/2012 09:29:03 pm: Hit to <insert.php>. Type in post: <cat>. catName in Post=<>. scatName in Post=<>.
11/03/2012 09:29:03 pm: Start insert...
11/03/2012 09:29:03 pm: - Error in query: CALL USP_UpdateCategory ('1','Bike2');<br/>- Error: PROCEDURE FinanceApp.USP_UpdateCategory does not exist (Error #1305)<br/>- File: /Volumes/DATA/Dropbox/DEV/Web/FinanceApp/php/updateRow.php.<br/>
11/03/2012 09:29:03 pm: ... End insert
11/03/2012 09:29:03 pm: Get the dataset to return in json obj...
11/03/2012 09:29:03 pm: Query has run: <CALL USP_GetCategories();>.
11/03/2012 09:29:03 pm: ... Got dataset to return in json obj
11/03/2012 09:29:51 pm: Hit to <getData.php>. Type: <curr>. Currency in Post=<>. currency var=<1>.
11/03/2012 09:29:51 pm: Get the dataset to return in json obj...
11/03/2012 09:29:51 pm: Hit to <getData.php>. Type: <payee>. Currency in Post=<>. currency var=<1>.
11/03/2012 09:29:51 pm: Query has run: <CALL USP_GetCurrencies();>.
11/03/2012 09:29:51 pm: ... Got dataset to return in json obj
11/03/2012 09:29:51 pm: Get the dataset to return in json obj...
11/03/2012 09:29:51 pm: Hit to <getData.php>. Type: <acc>. Currency in Post=<1>. currency var=<1>.
11/03/2012 09:29:51 pm: Hit to <getData.php>. Type: <cat>. Currency in Post=<>. currency var=<1>.
11/03/2012 09:29:51 pm: Get the dataset to return in json obj...
11/03/2012 09:29:51 pm: Query has run: <CALL USP_GetPayees();>.
11/03/2012 09:29:51 pm: ... Got dataset to return in json obj
11/03/2012 09:29:51 pm: Query has run: <CALL USP_GetAccounts();>.
11/03/2012 09:29:51 pm: ... Got dataset to return in json obj
11/03/2012 09:29:51 pm: Get the dataset to return in json obj...
11/03/2012 09:29:51 pm: Query has run: <CALL USP_GetCategories();>.
11/03/2012 09:29:51 pm: ... Got dataset to return in json obj
11/03/2012 09:29:51 pm: Hit to <getData.php>. Type: <scat>. Currency in Post=<>. currency var=<1>.
11/03/2012 09:29:51 pm: Get the dataset to return in json obj...
11/03/2012 09:29:51 pm: Query has run: <CALL USP_GetCategories2();>.
11/03/2012 09:29:51 pm: ... Got dataset to return in json obj
11/03/2012 09:30:06 pm: Hit to <getData.php>. Type: <acc>. Currency in Post=<1>. currency var=<1>.
11/03/2012 09:30:06 pm: Get the dataset to return in json obj...
11/03/2012 09:30:06 pm: Query has run: <CALL USP_GetAccounts();>.
11/03/2012 09:30:06 pm: ... Got dataset to return in json obj
11/03/2012 09:30:06 pm: Hit to <getData.php>. Type: <payee>. Currency in Post=<>. currency var=<1>.
11/03/2012 09:30:06 pm: Get the dataset to return in json obj...
11/03/2012 09:30:06 pm: Query has run: <CALL USP_GetPayees();>.
11/03/2012 09:30:06 pm: ... Got dataset to return in json obj
11/03/2012 09:30:07 pm: Hit to <getData.php>. Type: <curr>. Currency in Post=<>. currency var=<1>.
11/03/2012 09:30:07 pm: Get the dataset to return in json obj...
11/03/2012 09:30:07 pm: Query has run: <CALL USP_GetCurrencies();>.
11/03/2012 09:30:07 pm: ... Got dataset to return in json obj
11/03/2012 09:30:08 pm: Hit to <getData.php>. Type: <scat>. Currency in Post=<>. currency var=<1>.
11/03/2012 09:30:08 pm: Get the dataset to return in json obj...
11/03/2012 09:30:08 pm: Query has run: <CALL USP_GetCategories2();>.
11/03/2012 09:30:08 pm: ... Got dataset to return in json obj
11/03/2012 09:30:09 pm: Hit to <getData.php>. Type: <cat>. Currency in Post=<>. currency var=<1>.
11/03/2012 09:30:09 pm: Get the dataset to return in json obj...
11/03/2012 09:30:09 pm: Query has run: <CALL USP_GetCategories();>.
11/03/2012 09:30:09 pm: ... Got dataset to return in json obj
11/03/2012 09:30:36 pm: Hit to <insert.php>. Type in post: <acc>. catName in Post=<>. scatName in Post=<>.
11/03/2012 09:32:13 pm: Start insert...
11/03/2012 09:32:14 pm: Query has run: <CALL USP_UpdateAccount (1,'1','AIB - Current test1');>.
11/03/2012 09:32:14 pm: ... End insert
11/03/2012 09:32:15 pm: Get the dataset to return in json obj...
11/03/2012 09:33:18 pm: Query has run: <CALL USP_GetAccounts();>.
11/03/2012 09:33:18 pm: ... Got dataset to return in json obj
11/03/2012 09:33:55 pm: Hit to <getData.php>. Type: <payee>. Currency in Post=<>. currency var=<1>.
11/03/2012 09:33:55 pm: Get the dataset to return in json obj...
11/03/2012 09:33:55 pm: Query has run: <CALL USP_GetPayees();>.
11/03/2012 09:33:55 pm: ... Got dataset to return in json obj
11/03/2012 09:33:56 pm: Hit to <getData.php>. Type: <curr>. Currency in Post=<>. currency var=<1>.
11/03/2012 09:33:56 pm: Get the dataset to return in json obj...
11/03/2012 09:33:56 pm: Query has run: <CALL USP_GetCurrencies();>.
11/03/2012 09:33:56 pm: ... Got dataset to return in json obj
11/03/2012 09:33:56 pm: Hit to <getData.php>. Type: <scat>. Currency in Post=<>. currency var=<1>.
11/03/2012 09:33:56 pm: Get the dataset to return in json obj...
11/03/2012 09:33:56 pm: Query has run: <CALL USP_GetCategories2();>.
11/03/2012 09:33:56 pm: ... Got dataset to return in json obj
11/03/2012 09:33:57 pm: Hit to <getData.php>. Type: <cat>. Currency in Post=<>. currency var=<1>.
11/03/2012 09:33:57 pm: Get the dataset to return in json obj...
11/03/2012 09:33:57 pm: Query has run: <CALL USP_GetCategories();>.
11/03/2012 09:33:57 pm: ... Got dataset to return in json obj
11/03/2012 09:33:58 pm: Hit to <getData.php>. Type: <acc>. Currency in Post=<1>. currency var=<1>.
11/03/2012 09:33:58 pm: Get the dataset to return in json obj...
11/03/2012 09:33:58 pm: Query has run: <CALL USP_GetAccounts();>.
11/03/2012 09:33:58 pm: ... Got dataset to return in json obj
11/03/2012 09:34:11 pm: Hit to <insert.php>. Type in post: <acc>. catName in Post=<>. scatName in Post=<>.
11/03/2012 09:34:17 pm: Start insert...
11/03/2012 09:34:17 pm: Query has run: <CALL USP_UpdateAccount (1,'1','AIB - Current test2');>.
11/03/2012 09:34:22 pm: Query has run: <CALL USP_GetAccounts ()>.
11/03/2012 09:34:22 pm: ... End insert
11/03/2012 09:38:22 pm: Hit to <insert.php>. Type in post: <acc>. catName in Post=<>. scatName in Post=<>.
11/03/2012 09:38:22 pm: Start insert...
11/03/2012 09:38:22 pm: Query has run: <CALL USP_UpdateAccount (1,'1','AIB - Current test1');>.
11/03/2012 09:38:22 pm: Query has run: <CALL USP_GetAccounts ()>.
11/03/2012 09:38:22 pm: ... End insert
11/03/2012 09:38:22 pm: Get the dataset to return in json obj...
11/03/2012 09:38:22 pm: Query has run: <CALL USP_GetAccounts();>.
11/03/2012 09:38:22 pm: ... Got dataset to return in json obj
11/03/2012 09:38:42 pm: Hit to <insert.php>. Type in post: <acc>. catName in Post=<>. scatName in Post=<>.
11/03/2012 09:38:42 pm: Start insert...
11/03/2012 09:38:42 pm: Query has run: <CALL USP_UpdateAccount (1,'1','AIB - Current test');>.
11/03/2012 09:38:42 pm: Query has run: <CALL USP_GetAccounts ()>.
11/03/2012 09:38:42 pm: ... End insert
11/03/2012 09:38:42 pm: Get the dataset to return in json obj...
11/03/2012 09:38:42 pm: Query has run: <CALL USP_GetAccounts();>.
11/03/2012 09:38:42 pm: ... Got dataset to return in json obj
11/03/2012 09:38:55 pm: Hit to <insert.php>. Type in post: <acc>. catName in Post=<>. scatName in Post=<>.
11/03/2012 09:38:55 pm: Start insert...
11/03/2012 09:38:55 pm: Query has run: <CALL USP_UpdateAccount (1,'2','AIB - Online notice 7-161 sooo good');>.
11/03/2012 09:38:55 pm: Query has run: <CALL USP_GetAccounts ()>.
11/03/2012 09:38:55 pm: ... End insert
11/03/2012 09:38:55 pm: Get the dataset to return in json obj...
11/03/2012 09:38:55 pm: Query has run: <CALL USP_GetAccounts();>.
11/03/2012 09:38:55 pm: ... Got dataset to return in json obj
11/03/2012 09:48:32 pm: Hit to <getData.php>. Type: <acc>. Currency in Post=<1>. currency var=<1>.
11/03/2012 09:48:32 pm: Hit to <getData.php>. Type: <curr>. Currency in Post=<>. currency var=<1>.
11/03/2012 09:48:32 pm: Get the dataset to return in json obj...
11/03/2012 09:48:32 pm: Get the dataset to return in json obj...
11/03/2012 09:48:32 pm: Query has run: <CALL USP_GetCurrencies();>.
11/03/2012 09:48:32 pm: ... Got dataset to return in json obj
11/03/2012 09:48:32 pm: Query has run: <CALL USP_GetAccounts();>.
11/03/2012 09:48:32 pm: ... Got dataset to return in json obj
11/03/2012 09:48:32 pm: Hit to <getData.php>. Type: <payee>. Currency in Post=<>. currency var=<1>.
11/03/2012 09:48:32 pm: Get the dataset to return in json obj...
11/03/2012 09:48:32 pm: Query has run: <CALL USP_GetPayees();>.
11/03/2012 09:48:32 pm: ... Got dataset to return in json obj
11/03/2012 09:48:32 pm: Hit to <getData.php>. Type: <cat>. Currency in Post=<>. currency var=<1>.
11/03/2012 09:48:32 pm: Get the dataset to return in json obj...
11/03/2012 09:48:32 pm: Query has run: <CALL USP_GetCategories();>.
11/03/2012 09:48:32 pm: ... Got dataset to return in json obj
11/03/2012 09:48:32 pm: Hit to <getData.php>. Type: <scat>. Currency in Post=<>. currency var=<1>.
11/03/2012 09:48:32 pm: Get the dataset to return in json obj...
11/03/2012 09:48:32 pm: Query has run: <CALL USP_GetCategories2();>.
11/03/2012 09:48:32 pm: ... Got dataset to return in json obj
11/03/2012 09:48:38 pm: Hit to <insert.php>. Type in post: <acc>. catName in Post=<>. scatName in Post=<>.
11/03/2012 09:48:38 pm: Start insert...
11/03/2012 09:48:38 pm: Query has run: <CALL USP_UpdateAccount (1,'1','AIB - Current');>.
11/03/2012 09:48:38 pm: Query has run: <CALL USP_GetAccounts ()>.
11/03/2012 09:48:38 pm: ... End insert
11/03/2012 09:48:38 pm: Get the dataset to return in json obj...
11/03/2012 09:48:38 pm: Query has run: <CALL USP_GetAccounts();>.
11/03/2012 09:48:38 pm: ... Got dataset to return in json obj
11/03/2012 09:48:45 pm: Hit to <insert.php>. Type in post: <cat>. catName in Post=<>. scatName in Post=<>.
11/03/2012 09:48:45 pm: Start insert...
11/03/2012 09:48:45 pm: Query has run: <CALL USP_UpdateCategory ('1','Bike2');>.
11/03/2012 09:48:45 pm: Query has run: <CALL USP_GetCategories ()>.
11/03/2012 09:48:45 pm: ... End insert
11/03/2012 09:48:45 pm: Get the dataset to return in json obj...
11/03/2012 09:48:45 pm: Query has run: <CALL USP_GetCategories();>.
11/03/2012 09:48:45 pm: ... Got dataset to return in json obj
11/03/2012 09:48:50 pm: Hit to <insert.php>. Type in post: <cat>. catName in Post=<>. scatName in Post=<>.
11/03/2012 09:48:50 pm: Start insert...
11/03/2012 09:48:50 pm: Query has run: <CALL USP_UpdateCategory ('1','Bike');>.
11/03/2012 09:48:50 pm: Query has run: <CALL USP_GetCategories ()>.
11/03/2012 09:48:50 pm: ... End insert
11/03/2012 09:48:50 pm: Get the dataset to return in json obj...
11/03/2012 09:48:50 pm: Query has run: <CALL USP_GetCategories();>.
11/03/2012 09:48:50 pm: ... Got dataset to return in json obj
11/03/2012 09:49:02 pm: Hit to <insert.php>. Type in post: <cat>. catName in Post=<>. scatName in Post=<>.
11/03/2012 09:49:02 pm: Start insert...
11/03/2012 09:49:02 pm: Query has run: <CALL USP_UpdateCategory ('1','Bike');>.
11/03/2012 09:49:02 pm: Query has run: <CALL USP_GetCategories ()>.
11/03/2012 09:49:02 pm: ... End insert
11/03/2012 09:49:02 pm: Get the dataset to return in json obj...
11/03/2012 09:49:02 pm: Query has run: <CALL USP_GetCategories();>.
11/03/2012 09:49:02 pm: ... Got dataset to return in json obj
11/03/2012 09:50:24 pm: Hit to <getData.php>. Type: <acc>. Currency in Post=<1>. currency var=<1>.
11/03/2012 09:50:24 pm: Get the dataset to return in json obj...
11/03/2012 09:50:24 pm: Query has run: <CALL USP_GetAccounts();>.
11/03/2012 09:50:24 pm: ... Got dataset to return in json obj
11/03/2012 09:50:24 pm: Hit to <getData.php>. Type: <curr>. Currency in Post=<>. currency var=<1>.
11/03/2012 09:50:24 pm: Get the dataset to return in json obj...
11/03/2012 09:50:24 pm: Query has run: <CALL USP_GetCurrencies();>.
11/03/2012 09:50:24 pm: ... Got dataset to return in json obj
11/03/2012 09:50:24 pm: Hit to <getData.php>. Type: <payee>. Currency in Post=<>. currency var=<1>.
11/03/2012 09:50:24 pm: Hit to <getData.php>. Type: <cat>. Currency in Post=<>. currency var=<1>.
11/03/2012 09:50:24 pm: Get the dataset to return in json obj...
11/03/2012 09:50:24 pm: Get the dataset to return in json obj...
11/03/2012 09:50:24 pm: Query has run: <CALL USP_GetPayees();>.
11/03/2012 09:50:24 pm: ... Got dataset to return in json obj
11/03/2012 09:50:24 pm: Query has run: <CALL USP_GetCategories();>.
11/03/2012 09:50:24 pm: ... Got dataset to return in json obj
11/03/2012 09:50:24 pm: Hit to <getData.php>. Type: <scat>. Currency in Post=<>. currency var=<1>.
11/03/2012 09:50:24 pm: Get the dataset to return in json obj...
11/03/2012 09:50:24 pm: Query has run: <CALL USP_GetCategories2();>.
11/03/2012 09:50:24 pm: ... Got dataset to return in json obj
11/03/2012 09:50:35 pm: Hit to <insert.php>. Type in post: <payee>. catName in Post=<>. scatName in Post=<>.
11/03/2012 09:50:35 pm: Start insert...
11/03/2012 09:50:35 pm: - Error in query: CALL USP_UpdatePayee ('1','53th North shop2');<br/>- Error: PROCEDURE FinanceApp.USP_UpdatePayee does not exist (Error #1305)<br/>- File: /Volumes/DATA/Dropbox/DEV/Web/FinanceApp/php/updateRow.php.<br/>
11/03/2012 09:50:35 pm: ... End insert
11/03/2012 09:50:35 pm: Get the dataset to return in json obj...
11/03/2012 09:50:35 pm: Query has run: <CALL USP_GetPayees();>.
11/03/2012 09:50:35 pm: ... Got dataset to return in json obj
11/03/2012 09:54:00 pm: Hit to <insert.php>. Type in post: <cat>. catName in Post=<>. scatName in Post=<>.
11/03/2012 09:54:00 pm: Start insert...
11/03/2012 09:54:00 pm: Query has run: <CALL USP_UpdateCategory ('1','Bike');>.
11/03/2012 09:54:00 pm: Query has run: <CALL USP_GetCategories ()>.
11/03/2012 09:54:00 pm: ... End insert
11/03/2012 09:54:00 pm: Get the dataset to return in json obj...
11/03/2012 09:54:00 pm: Query has run: <CALL USP_GetCategories();>.
11/03/2012 09:54:00 pm: ... Got dataset to return in json obj
11/03/2012 09:54:34 pm: Hit to <getData.php>. Type: <acc>. Currency in Post=<1>. currency var=<1>.
11/03/2012 09:54:34 pm: Hit to <getData.php>. Type: <curr>. Currency in Post=<>. currency var=<1>.
11/03/2012 09:54:34 pm: Get the dataset to return in json obj...
11/03/2012 09:54:34 pm: Get the dataset to return in json obj...
11/03/2012 09:54:34 pm: Query has run: <CALL USP_GetCurrencies();>.
11/03/2012 09:54:34 pm: ... Got dataset to return in json obj
11/03/2012 09:54:34 pm: Query has run: <CALL USP_GetAccounts();>.
11/03/2012 09:54:34 pm: ... Got dataset to return in json obj
11/03/2012 09:54:34 pm: Hit to <getData.php>. Type: <payee>. Currency in Post=<>. currency var=<1>.
11/03/2012 09:54:34 pm: Get the dataset to return in json obj...
11/03/2012 09:54:34 pm: Query has run: <CALL USP_GetPayees();>.
11/03/2012 09:54:34 pm: ... Got dataset to return in json obj
11/03/2012 09:54:34 pm: Hit to <getData.php>. Type: <scat>. Currency in Post=<>. currency var=<1>.
11/03/2012 09:54:34 pm: Get the dataset to return in json obj...
11/03/2012 09:54:34 pm: Query has run: <CALL USP_GetCategories2();>.
11/03/2012 09:54:34 pm: ... Got dataset to return in json obj
11/03/2012 09:54:34 pm: Hit to <getData.php>. Type: <cat>. Currency in Post=<>. currency var=<1>.
11/03/2012 09:54:34 pm: Get the dataset to return in json obj...
11/03/2012 09:54:34 pm: Query has run: <CALL USP_GetCategories();>.
11/03/2012 09:54:34 pm: ... Got dataset to return in json obj
11/03/2012 09:54:52 pm: Hit to <getData.php>. Type: <acc>. Currency in Post=<1>. currency var=<1>.
11/03/2012 09:54:52 pm: Get the dataset to return in json obj...
11/03/2012 09:54:52 pm: Query has run: <CALL USP_GetAccounts();>.
11/03/2012 09:54:52 pm: ... Got dataset to return in json obj
11/03/2012 09:54:53 pm: Hit to <getData.php>. Type: <curr>. Currency in Post=<>. currency var=<1>.
11/03/2012 09:54:53 pm: Get the dataset to return in json obj...
11/03/2012 09:54:53 pm: Query has run: <CALL USP_GetCurrencies();>.
11/03/2012 09:54:53 pm: ... Got dataset to return in json obj
11/03/2012 09:54:53 pm: Hit to <getData.php>. Type: <scat>. Currency in Post=<>. currency var=<1>.
11/03/2012 09:54:53 pm: Get the dataset to return in json obj...
11/03/2012 09:54:53 pm: Query has run: <CALL USP_GetCategories2();>.
11/03/2012 09:54:53 pm: ... Got dataset to return in json obj
11/03/2012 09:54:54 pm: Hit to <getData.php>. Type: <payee>. Currency in Post=<>. currency var=<1>.
11/03/2012 09:54:54 pm: Get the dataset to return in json obj...
11/03/2012 09:54:54 pm: Query has run: <CALL USP_GetPayees();>.
11/03/2012 09:54:54 pm: ... Got dataset to return in json obj
11/03/2012 09:54:55 pm: Hit to <getData.php>. Type: <cat>. Currency in Post=<>. currency var=<1>.
11/03/2012 09:54:55 pm: Get the dataset to return in json obj...
11/03/2012 09:54:55 pm: Query has run: <CALL USP_GetCategories();>.
11/03/2012 09:54:55 pm: ... Got dataset to return in json obj
11/03/2012 09:55:06 pm: Hit to <insert.php>. Type in post: <cat>. catName in Post=<>. scatName in Post=<>.
11/03/2012 09:57:17 pm: Start insert...
11/03/2012 09:57:17 pm: Query has run: <CALL USP_UpdateCategory ('1','Bike');>.
11/03/2012 09:57:25 pm: Query has run: <CALL USP_GetCategories ()>.
11/03/2012 09:57:25 pm: ... End insert
11/03/2012 09:57:25 pm: Get the dataset to return in json obj...
11/03/2012 09:57:25 pm: Query has run: <CALL USP_GetCategories();>.
11/03/2012 09:57:25 pm: ... Got dataset to return in json obj
11/03/2012 09:59:03 pm: Hit to <insert.php>. Type in post: <acc>. catName in Post=<>. scatName in Post=<>.
11/03/2012 09:59:03 pm: Start insert...
11/03/2012 09:59:03 pm: Query has run: <CALL USP_UpdateAccount (1,'1','AIB - Current');>.
11/03/2012 09:59:03 pm: Query has run: <CALL USP_GetAccounts ()>.
11/03/2012 09:59:03 pm: ... End insert
11/03/2012 09:59:03 pm: Get the dataset to return in json obj...
11/03/2012 09:59:03 pm: Query has run: <CALL USP_GetAccounts();>.
11/03/2012 09:59:03 pm: ... Got dataset to return in json obj
11/03/2012 10:00:04 pm: Hit to <insert.php>. Type in post: <acc>. catName in Post=<>. scatName in Post=<>.
11/03/2012 10:00:04 pm: Start insert...
11/03/2012 10:00:04 pm: Query has run: <CALL USP_UpdateAccount (1,'1','AIB - Current');>.
11/03/2012 10:00:04 pm: Query has run: <CALL USP_GetAccounts ()>.
11/03/2012 10:00:04 pm: ... End insert
11/03/2012 10:00:04 pm: Get the dataset to return in json obj...
11/03/2012 10:00:04 pm: Query has run: <CALL USP_GetAccounts();>.
11/03/2012 10:00:04 pm: ... Got dataset to return in json obj
11/03/2012 10:02:22 pm: Hit to <getData.php>. Type: <acc>. Currency in Post=<1>. currency var=<1>.
11/03/2012 10:02:22 pm: Hit to <getData.php>. Type: <payee>. Currency in Post=<>. currency var=<1>.
11/03/2012 10:02:22 pm: Get the dataset to return in json obj...
11/03/2012 10:02:22 pm: Hit to <getData.php>. Type: <cat>. Currency in Post=<>. currency var=<1>.
11/03/2012 10:02:22 pm: Hit to <getData.php>. Type: <curr>. Currency in Post=<>. currency var=<1>.
11/03/2012 10:02:22 pm: Get the dataset to return in json obj...
11/03/2012 10:02:22 pm: Query has run: <CALL USP_GetAccounts();>.
11/03/2012 10:02:22 pm: ... Got dataset to return in json obj
11/03/2012 10:02:22 pm: Hit to <getData.php>. Type: <scat>. Currency in Post=<>. currency var=<1>.
11/03/2012 10:02:22 pm: Get the dataset to return in json obj...
11/03/2012 10:02:22 pm: Get the dataset to return in json obj...
11/03/2012 10:02:22 pm: Query has run: <CALL USP_GetPayees();>.
11/03/2012 10:02:22 pm: ... Got dataset to return in json obj
11/03/2012 10:02:22 pm: Query has run: <CALL USP_GetCurrencies();>.
11/03/2012 10:02:22 pm: ... Got dataset to return in json obj
11/03/2012 10:02:22 pm: Query has run: <CALL USP_GetCategories();>.
11/03/2012 10:02:22 pm: ... Got dataset to return in json obj
11/03/2012 10:02:22 pm: Get the dataset to return in json obj...
11/03/2012 10:02:22 pm: Query has run: <CALL USP_GetCategories2();>.
11/03/2012 10:02:22 pm: ... Got dataset to return in json obj
11/03/2012 10:02:56 pm: Hit to <insert.php>. Type in post: <cat>. catName in Post=<>. scatName in Post=<>.
11/03/2012 10:02:56 pm: Start insert...
11/03/2012 10:02:56 pm: Query has run: <CALL USP_UpdateCategory ('1','Bike');>.
11/03/2012 10:02:56 pm: Query has run: <CALL USP_GetCategories ()>.
11/03/2012 10:02:57 pm: ... End insert
11/03/2012 10:02:57 pm: Get the dataset to return in json obj...
11/03/2012 10:02:57 pm: Query has run: <CALL USP_GetCategories();>.
11/03/2012 10:02:57 pm: ... Got dataset to return in json obj
11/03/2012 10:03:16 pm: Hit to <insert.php>. Type in post: <cat>. catName in Post=<>. scatName in Post=<>.
11/03/2012 10:03:16 pm: Start insert...
11/03/2012 10:03:16 pm: Query has run: <CALL USP_UpdateCategory ('1','Bike');>.
11/03/2012 10:03:16 pm: Query has run: <CALL USP_GetCategories ()>.
11/03/2012 10:03:16 pm: ... End insert
11/03/2012 10:03:16 pm: Get the dataset to return in json obj...
11/03/2012 10:03:16 pm: Query has run: <CALL USP_GetCategories();>.
11/03/2012 10:03:16 pm: ... Got dataset to return in json obj
11/03/2012 10:03:27 pm: Hit to <getData.php>. Type: <curr>. Currency in Post=<>. currency var=<1>.
11/03/2012 10:03:27 pm: Hit to <getData.php>. Type: <acc>. Currency in Post=<1>. currency var=<1>.
11/03/2012 10:03:27 pm: Get the dataset to return in json obj...
11/03/2012 10:03:27 pm: Get the dataset to return in json obj...
11/03/2012 10:03:27 pm: Hit to <getData.php>. Type: <payee>. Currency in Post=<>. currency var=<1>.
11/03/2012 10:03:27 pm: Query has run: <CALL USP_GetCurrencies();>.
11/03/2012 10:03:27 pm: ... Got dataset to return in json obj
11/03/2012 10:03:27 pm: Query has run: <CALL USP_GetAccounts();>.
11/03/2012 10:03:27 pm: ... Got dataset to return in json obj
11/03/2012 10:03:27 pm: Hit to <getData.php>. Type: <cat>. Currency in Post=<>. currency var=<1>.
11/03/2012 10:03:27 pm: Get the dataset to return in json obj...
11/03/2012 10:03:27 pm: Query has run: <CALL USP_GetPayees();>.
11/03/2012 10:03:27 pm: ... Got dataset to return in json obj
11/03/2012 10:03:27 pm: Get the dataset to return in json obj...
11/03/2012 10:03:27 pm: Query has run: <CALL USP_GetCategories();>.
11/03/2012 10:03:27 pm: ... Got dataset to return in json obj
11/03/2012 10:03:27 pm: Hit to <getData.php>. Type: <scat>. Currency in Post=<>. currency var=<1>.
11/03/2012 10:03:27 pm: Get the dataset to return in json obj...
11/03/2012 10:03:27 pm: Query has run: <CALL USP_GetCategories2();>.
11/03/2012 10:03:27 pm: ... Got dataset to return in json obj
11/03/2012 10:03:49 pm: Hit to <getData.php>. Type: <curr>. Currency in Post=<>. currency var=<1>.
11/03/2012 10:03:49 pm: Get the dataset to return in json obj...
11/03/2012 10:03:49 pm: Hit to <getData.php>. Type: <acc>. Currency in Post=<1>. currency var=<1>.
11/03/2012 10:03:49 pm: Query has run: <CALL USP_GetCurrencies();>.
11/03/2012 10:03:49 pm: ... Got dataset to return in json obj
11/03/2012 10:03:49 pm: Hit to <getData.php>. Type: <payee>. Currency in Post=<>. currency var=<1>.
11/03/2012 10:03:49 pm: Get the dataset to return in json obj...
11/03/2012 10:03:49 pm: Query has run: <CALL USP_GetAccounts();>.
11/03/2012 10:03:49 pm: ... Got dataset to return in json obj
11/03/2012 10:03:49 pm: Get the dataset to return in json obj...
11/03/2012 10:03:49 pm: Hit to <getData.php>. Type: <cat>. Currency in Post=<>. currency var=<1>.
11/03/2012 10:03:49 pm: Query has run: <CALL USP_GetPayees();>.
11/03/2012 10:03:49 pm: ... Got dataset to return in json obj
11/03/2012 10:03:49 pm: Get the dataset to return in json obj...
11/03/2012 10:03:49 pm: Query has run: <CALL USP_GetCategories();>.
11/03/2012 10:03:49 pm: ... Got dataset to return in json obj
11/03/2012 10:03:49 pm: Hit to <getData.php>. Type: <scat>. Currency in Post=<>. currency var=<1>.
11/03/2012 10:03:49 pm: Get the dataset to return in json obj...
11/03/2012 10:03:49 pm: Query has run: <CALL USP_GetCategories2();>.
11/03/2012 10:03:49 pm: ... Got dataset to return in json obj
11/03/2012 10:04:00 pm: Hit to <insert.php>. Type in post: <scat>. catName in Post=<>. scatName in Post=<>.
11/03/2012 10:05:51 pm: Hit to <insert.php>. Type in post: <scat>. catName in Post=<>. scatName in Post=<>.
11/03/2012 10:06:49 pm: Hit to <getData.php>. Type: <curr>. Currency in Post=<>. currency var=<1>.
11/03/2012 10:06:49 pm: Get the dataset to return in json obj...
11/03/2012 10:06:49 pm: Hit to <getData.php>. Type: <acc>. Currency in Post=<1>. currency var=<1>.
11/03/2012 10:06:49 pm: Hit to <getData.php>. Type: <payee>. Currency in Post=<>. currency var=<1>.
11/03/2012 10:06:49 pm: Hit to <getData.php>. Type: <cat>. Currency in Post=<>. currency var=<1>.
11/03/2012 10:06:49 pm: Hit to <getData.php>. Type: <scat>. Currency in Post=<>. currency var=<1>.
11/03/2012 10:06:49 pm: Query has run: <CALL USP_GetCurrencies();>.
11/03/2012 10:06:49 pm: ... Got dataset to return in json obj
11/03/2012 10:06:49 pm: Get the dataset to return in json obj...
11/03/2012 10:06:49 pm: Get the dataset to return in json obj...
11/03/2012 10:06:49 pm: Get the dataset to return in json obj...
11/03/2012 10:06:49 pm: Get the dataset to return in json obj...
11/03/2012 10:06:49 pm: Query has run: <CALL USP_GetCategories2();>.
11/03/2012 10:06:49 pm: ... Got dataset to return in json obj
11/03/2012 10:06:49 pm: Query has run: <CALL USP_GetPayees();>.
11/03/2012 10:06:49 pm: ... Got dataset to return in json obj
11/03/2012 10:06:49 pm: Query has run: <CALL USP_GetCategories();>.
11/03/2012 10:06:49 pm: ... Got dataset to return in json obj
11/03/2012 10:06:49 pm: Query has run: <CALL USP_GetAccounts();>.
11/03/2012 10:06:49 pm: ... Got dataset to return in json obj
11/03/2012 10:07:02 pm: Hit to <getData.php>. Type: <acc>. Currency in Post=<1>. currency var=<1>.
11/03/2012 10:07:02 pm: Get the dataset to return in json obj...
11/03/2012 10:07:02 pm: Query has run: <CALL USP_GetAccounts();>.
11/03/2012 10:07:02 pm: ... Got dataset to return in json obj
11/03/2012 10:07:03 pm: Hit to <getData.php>. Type: <payee>. Currency in Post=<>. currency var=<1>.
11/03/2012 10:07:03 pm: Get the dataset to return in json obj...
11/03/2012 10:07:03 pm: Query has run: <CALL USP_GetPayees();>.
11/03/2012 10:07:03 pm: ... Got dataset to return in json obj
11/03/2012 10:07:04 pm: Hit to <getData.php>. Type: <cat>. Currency in Post=<>. currency var=<1>.
11/03/2012 10:07:04 pm: Get the dataset to return in json obj...
11/03/2012 10:07:04 pm: Query has run: <CALL USP_GetCategories();>.
11/03/2012 10:07:04 pm: ... Got dataset to return in json obj
11/03/2012 10:07:05 pm: Hit to <getData.php>. Type: <curr>. Currency in Post=<>. currency var=<1>.
11/03/2012 10:07:05 pm: Get the dataset to return in json obj...
11/03/2012 10:07:05 pm: Query has run: <CALL USP_GetCurrencies();>.
11/03/2012 10:07:05 pm: ... Got dataset to return in json obj
11/03/2012 10:07:06 pm: Hit to <getData.php>. Type: <scat>. Currency in Post=<>. currency var=<1>.
11/03/2012 10:07:06 pm: Get the dataset to return in json obj...
11/03/2012 10:07:06 pm: Query has run: <CALL USP_GetCategories2();>.
11/03/2012 10:07:06 pm: ... Got dataset to return in json obj
11/03/2012 10:07:17 pm: Hit to <insert.php>. Type in post: <scat>. catName in Post=<>. scatName in Post=<>.
11/03/2012 10:13:43 pm: Hit to <insert.php>. Type in post: <scat>. catName in Post=<>. scatName in Post=<>.
11/03/2012 10:15:28 pm: Hit to <getData.php>. Type: <payee>. Currency in Post=<>. currency var=<1>.
11/03/2012 10:15:28 pm: Get the dataset to return in json obj...
11/03/2012 10:15:28 pm: Query has run: <CALL USP_GetPayees();>.
11/03/2012 10:15:28 pm: ... Got dataset to return in json obj
11/03/2012 10:15:29 pm: Hit to <getData.php>. Type: <cat>. Currency in Post=<>. currency var=<1>.
11/03/2012 10:15:29 pm: Get the dataset to return in json obj...
11/03/2012 10:15:29 pm: Query has run: <CALL USP_GetCategories();>.
11/03/2012 10:15:29 pm: ... Got dataset to return in json obj
11/03/2012 10:15:29 pm: Hit to <getData.php>. Type: <curr>. Currency in Post=<>. currency var=<1>.
11/03/2012 10:15:29 pm: Get the dataset to return in json obj...
11/03/2012 10:15:29 pm: Query has run: <CALL USP_GetCurrencies();>.
11/03/2012 10:15:29 pm: ... Got dataset to return in json obj
11/03/2012 10:15:30 pm: Hit to <getData.php>. Type: <scat>. Currency in Post=<>. currency var=<1>.
11/03/2012 10:15:30 pm: Get the dataset to return in json obj...
11/03/2012 10:15:30 pm: Query has run: <CALL USP_GetCategories2();>.
11/03/2012 10:15:30 pm: ... Got dataset to return in json obj
11/03/2012 10:15:31 pm: Hit to <getData.php>. Type: <acc>. Currency in Post=<1>. currency var=<1>.
11/03/2012 10:15:31 pm: Get the dataset to return in json obj...
11/03/2012 10:15:31 pm: Query has run: <CALL USP_GetAccounts();>.
11/03/2012 10:15:31 pm: ... Got dataset to return in json obj
11/03/2012 10:15:43 pm: Hit to <insert.php>. Type in post: <scat>. catName in Post=<>. scatName in Post=<>.
11/03/2012 10:17:15 pm: Hit to <getData.php>. Type: <cat>. Currency in Post=<>. currency var=<1>.
11/03/2012 10:17:15 pm: Hit to <getData.php>. Type: <scat>. Currency in Post=<>. currency var=<1>.
11/03/2012 10:17:15 pm: Hit to <getData.php>. Type: <acc>. Currency in Post=<1>. currency var=<1>.
11/03/2012 10:17:15 pm: Get the dataset to return in json obj...
11/03/2012 10:17:15 pm: Get the dataset to return in json obj...
11/03/2012 10:17:15 pm: Query has run: <CALL USP_GetCategories();>.
11/03/2012 10:17:15 pm: ... Got dataset to return in json obj
11/03/2012 10:17:15 pm: Get the dataset to return in json obj...
11/03/2012 10:17:15 pm: Query has run: <CALL USP_GetCategories2();>.
11/03/2012 10:17:15 pm: ... Got dataset to return in json obj
11/03/2012 10:17:15 pm: Query has run: <CALL USP_GetAccounts();>.
11/03/2012 10:17:15 pm: ... Got dataset to return in json obj
11/03/2012 10:17:15 pm: Hit to <getData.php>. Type: <payee>. Currency in Post=<>. currency var=<1>.
11/03/2012 10:17:15 pm: Hit to <getData.php>. Type: <curr>. Currency in Post=<>. currency var=<1>.
11/03/2012 10:17:15 pm: Get the dataset to return in json obj...
11/03/2012 10:17:15 pm: Query has run: <CALL USP_GetCurrencies();>.
11/03/2012 10:17:15 pm: ... Got dataset to return in json obj
11/03/2012 10:17:15 pm: Get the dataset to return in json obj...
11/03/2012 10:17:15 pm: Query has run: <CALL USP_GetPayees();>.
11/03/2012 10:17:15 pm: ... Got dataset to return in json obj
11/03/2012 10:17:21 pm: Hit to <insert.php>. Type in post: <scat>. catName in Post=<>. scatName in Post=<>.
11/03/2012 10:17:21 pm: Start insert...
11/03/2012 10:17:21 pm: Query has run: <CALL USP_UpdateSubCategory ('1','1','Accessories2');>.
11/03/2012 10:17:21 pm: Query has run: <CALL USP_GetCategories2 ()>.
11/03/2012 10:17:21 pm: ... End insert
11/03/2012 10:17:21 pm: Get the dataset to return in json obj...
11/03/2012 10:17:21 pm: Query has run: <CALL USP_GetCategories2();>.
11/03/2012 10:17:21 pm: ... Got dataset to return in json obj
11/03/2012 10:24:59 pm: Hit to <getData.php>. Type: <scat>. Currency in Post=<>. currency var=<1>.
11/03/2012 10:24:59 pm: Hit to <getData.php>. Type: <curr>. Currency in Post=<>. currency var=<1>.
11/03/2012 10:24:59 pm: Hit to <getData.php>. Type: <cat>. Currency in Post=<>. currency var=<1>.
11/03/2012 10:24:59 pm: Get the dataset to return in json obj...
11/03/2012 10:24:59 pm: Get the dataset to return in json obj...
11/03/2012 10:24:59 pm: Get the dataset to return in json obj...
11/03/2012 10:24:59 pm: Query has run: <CALL USP_GetCategories2();>.
11/03/2012 10:24:59 pm: ... Got dataset to return in json obj
11/03/2012 10:24:59 pm: Hit to <getData.php>. Type: <payee>. Currency in Post=<>. currency var=<1>.
11/03/2012 10:24:59 pm: Hit to <getData.php>. Type: <acc>. Currency in Post=<1>. currency var=<1>.
11/03/2012 10:24:59 pm: Query has run: <CALL USP_GetCurrencies();>.
11/03/2012 10:24:59 pm: ... Got dataset to return in json obj
11/03/2012 10:24:59 pm: Query has run: <CALL USP_GetCategories();>.
11/03/2012 10:24:59 pm: ... Got dataset to return in json obj
11/03/2012 10:24:59 pm: Get the dataset to return in json obj...
11/03/2012 10:24:59 pm: Get the dataset to return in json obj...
11/03/2012 10:24:59 pm: Query has run: <CALL USP_GetAccounts();>.
11/03/2012 10:24:59 pm: ... Got dataset to return in json obj
11/03/2012 10:24:59 pm: Query has run: <CALL USP_GetPayees();>.
11/03/2012 10:24:59 pm: ... Got dataset to return in json obj
11/03/2012 10:25:54 pm: Hit to <getData.php>. Type: <curr>. Currency in Post=<>. currency var=<1>.
11/03/2012 10:25:54 pm: Hit to <getData.php>. Type: <acc>. Currency in Post=<1>. currency var=<1>.
11/03/2012 10:25:54 pm: Get the dataset to return in json obj...
11/03/2012 10:25:54 pm: Hit to <getData.php>. Type: <payee>. Currency in Post=<>. currency var=<1>.
11/03/2012 10:25:54 pm: Query has run: <CALL USP_GetAccounts();>.
11/03/2012 10:25:54 pm: ... Got dataset to return in json obj
11/03/2012 10:25:54 pm: Get the dataset to return in json obj...
11/03/2012 10:25:54 pm: Query has run: <CALL USP_GetPayees();>.
11/03/2012 10:25:54 pm: ... Got dataset to return in json obj
11/03/2012 10:25:54 pm: Get the dataset to return in json obj...
11/03/2012 10:25:54 pm: Query has run: <CALL USP_GetCurrencies();>.
11/03/2012 10:25:54 pm: ... Got dataset to return in json obj
11/03/2012 10:25:54 pm: Hit to <getData.php>. Type: <cat>. Currency in Post=<>. currency var=<1>.
11/03/2012 10:25:54 pm: Hit to <getData.php>. Type: <scat>. Currency in Post=<>. currency var=<1>.
11/03/2012 10:25:54 pm: Get the dataset to return in json obj...
11/03/2012 10:25:54 pm: Get the dataset to return in json obj...
11/03/2012 10:25:54 pm: Query has run: <CALL USP_GetCategories();>.
11/03/2012 10:25:54 pm: ... Got dataset to return in json obj
11/03/2012 10:25:54 pm: Query has run: <CALL USP_GetCategories2();>.
11/03/2012 10:25:54 pm: ... Got dataset to return in json obj
11/03/2012 10:26:12 pm: Hit to <getData.php>. Type: <scat>. Currency in Post=<>. currency var=<1>.
11/03/2012 10:26:12 pm: Hit to <getData.php>. Type: <acc>. Currency in Post=<1>. currency var=<1>.
11/03/2012 10:26:12 pm: Hit to <getData.php>. Type: <curr>. Currency in Post=<>. currency var=<1>.
11/03/2012 10:26:12 pm: Get the dataset to return in json obj...
11/03/2012 10:26:12 pm: Get the dataset to return in json obj...
11/03/2012 10:26:12 pm: Query has run: <CALL USP_GetAccounts();>.
11/03/2012 10:26:12 pm: ... Got dataset to return in json obj
11/03/2012 10:26:12 pm: Get the dataset to return in json obj...
11/03/2012 10:26:12 pm: Hit to <getData.php>. Type: <payee>. Currency in Post=<>. currency var=<1>.
11/03/2012 10:26:12 pm: Get the dataset to return in json obj...
11/03/2012 10:26:12 pm: Hit to <getData.php>. Type: <cat>. Currency in Post=<>. currency var=<1>.
11/03/2012 10:26:12 pm: Query has run: <CALL USP_GetCategories2();>.
11/03/2012 10:26:12 pm: ... Got dataset to return in json obj
11/03/2012 10:26:12 pm: Query has run: <CALL USP_GetCurrencies();>.
11/03/2012 10:26:12 pm: ... Got dataset to return in json obj
11/03/2012 10:26:12 pm: Query has run: <CALL USP_GetPayees();>.
11/03/2012 10:26:12 pm: ... Got dataset to return in json obj
11/03/2012 10:26:12 pm: Get the dataset to return in json obj...
11/03/2012 10:26:12 pm: Query has run: <CALL USP_GetCategories();>.
11/03/2012 10:26:12 pm: ... Got dataset to return in json obj
11/03/2012 10:26:47 pm: Hit to <getData.php>. Type: <curr>. Currency in Post=<>. currency var=<1>.
11/03/2012 10:26:47 pm: Hit to <getData.php>. Type: <acc>. Currency in Post=<1>. currency var=<1>.
11/03/2012 10:26:47 pm: Get the dataset to return in json obj...
11/03/2012 10:26:47 pm: Get the dataset to return in json obj...
11/03/2012 10:26:47 pm: Query has run: <CALL USP_GetCurrencies();>.
11/03/2012 10:26:47 pm: ... Got dataset to return in json obj
11/03/2012 10:26:47 pm: Query has run: <CALL USP_GetAccounts();>.
11/03/2012 10:26:47 pm: ... Got dataset to return in json obj
11/03/2012 10:26:47 pm: Hit to <getData.php>. Type: <payee>. Currency in Post=<>. currency var=<1>.
11/03/2012 10:26:47 pm: Hit to <getData.php>. Type: <scat>. Currency in Post=<>. currency var=<1>.
11/03/2012 10:26:47 pm: Hit to <getData.php>. Type: <cat>. Currency in Post=<>. currency var=<1>.
11/03/2012 10:26:47 pm: Get the dataset to return in json obj...
11/03/2012 10:26:48 pm: Get the dataset to return in json obj...
11/03/2012 10:26:48 pm: Query has run: <CALL USP_GetPayees();>.
11/03/2012 10:26:48 pm: ... Got dataset to return in json obj
11/03/2012 10:26:48 pm: Query has run: <CALL USP_GetCategories2();>.
11/03/2012 10:26:48 pm: ... Got dataset to return in json obj
11/03/2012 10:26:48 pm: Get the dataset to return in json obj...
11/03/2012 10:26:48 pm: Query has run: <CALL USP_GetCategories();>.
11/03/2012 10:26:48 pm: ... Got dataset to return in json obj
11/03/2012 10:27:17 pm: Hit to <getData.php>. Type: <acc>. Currency in Post=<1>. currency var=<1>.
11/03/2012 10:27:17 pm: Get the dataset to return in json obj...
11/03/2012 10:27:17 pm: Hit to <getData.php>. Type: <curr>. Currency in Post=<>. currency var=<1>.
11/03/2012 10:27:17 pm: Query has run: <CALL USP_GetAccounts();>.
11/03/2012 10:27:17 pm: ... Got dataset to return in json obj
11/03/2012 10:27:17 pm: Get the dataset to return in json obj...
11/03/2012 10:27:17 pm: Hit to <getData.php>. Type: <payee>. Currency in Post=<>. currency var=<1>.
11/03/2012 10:27:17 pm: Query has run: <CALL USP_GetCurrencies();>.
11/03/2012 10:27:17 pm: Get the dataset to return in json obj...
11/03/2012 10:27:17 pm: ... Got dataset to return in json obj
11/03/2012 10:27:17 pm: Hit to <getData.php>. Type: <cat>. Currency in Post=<>. currency var=<1>.
11/03/2012 10:27:17 pm: Query has run: <CALL USP_GetPayees();>.
11/03/2012 10:27:17 pm: ... Got dataset to return in json obj
11/03/2012 10:27:17 pm: Get the dataset to return in json obj...
11/03/2012 10:27:17 pm: Query has run: <CALL USP_GetCategories();>.
11/03/2012 10:27:17 pm: ... Got dataset to return in json obj
11/03/2012 10:27:17 pm: Hit to <getData.php>. Type: <scat>. Currency in Post=<>. currency var=<1>.
11/03/2012 10:27:17 pm: Get the dataset to return in json obj...
11/03/2012 10:27:17 pm: Query has run: <CALL USP_GetCategories2();>.
11/03/2012 10:27:17 pm: ... Got dataset to return in json obj
11/03/2012 10:28:12 pm: Hit to <getData.php>. Type: <scat>. Currency in Post=<>. currency var=<1>.
11/03/2012 10:28:12 pm: Hit to <getData.php>. Type: <payee>. Currency in Post=<>. currency var=<1>.
11/03/2012 10:28:12 pm: Hit to <getData.php>. Type: <acc>. Currency in Post=<1>. currency var=<1>.
11/03/2012 10:28:12 pm: Get the dataset to return in json obj...
11/03/2012 10:28:12 pm: Hit to <getData.php>. Type: <cat>. Currency in Post=<>. currency var=<1>.
11/03/2012 10:28:12 pm: Get the dataset to return in json obj...
11/03/2012 10:28:12 pm: Hit to <getData.php>. Type: <curr>. Currency in Post=<>. currency var=<1>.
11/03/2012 10:28:12 pm: Get the dataset to return in json obj...
11/03/2012 10:28:12 pm: Query has run: <CALL USP_GetCategories2();>.
11/03/2012 10:28:12 pm: ... Got dataset to return in json obj
11/03/2012 10:28:12 pm: Query has run: <CALL USP_GetAccounts();>.
11/03/2012 10:28:12 pm: ... Got dataset to return in json obj
11/03/2012 10:28:12 pm: Query has run: <CALL USP_GetPayees();>.
11/03/2012 10:28:12 pm: ... Got dataset to return in json obj
11/03/2012 10:28:12 pm: Get the dataset to return in json obj...
11/03/2012 10:28:12 pm: Get the dataset to return in json obj...
11/03/2012 10:28:12 pm: Query has run: <CALL USP_GetCurrencies();>.
11/03/2012 10:28:12 pm: ... Got dataset to return in json obj
11/03/2012 10:28:12 pm: Query has run: <CALL USP_GetCategories();>.
11/03/2012 10:28:12 pm: ... Got dataset to return in json obj
11/03/2012 10:28:33 pm: Hit to <insert.php>. Type in post: <curr>. catName in Post=<>. scatName in Post=<>.
11/03/2012 10:28:33 pm: Start insert...
11/03/2012 10:28:33 pm: Query has run: <CALL USP_UpdateCurrency ('1','Euro2','&euro');>.
11/03/2012 10:28:33 pm: Query has run: <CALL USP_GetCurrencies ()>.
11/03/2012 10:28:33 pm: ... End insert
11/03/2012 10:28:33 pm: Get the dataset to return in json obj...
11/03/2012 10:28:33 pm: Query has run: <CALL USP_GetCurrencies();>.
11/03/2012 10:28:33 pm: ... Got dataset to return in json obj
11/03/2012 10:28:36 pm: Hit to <getData.php>. Type: <acc>. Currency in Post=<1>. currency var=<1>.
11/03/2012 10:28:36 pm: Hit to <getData.php>. Type: <curr>. Currency in Post=<>. currency var=<1>.
11/03/2012 10:28:36 pm: Hit to <getData.php>. Type: <payee>. Currency in Post=<>. currency var=<1>.
11/03/2012 10:28:36 pm: Get the dataset to return in json obj...
11/03/2012 10:28:36 pm: Get the dataset to return in json obj...
11/03/2012 10:28:36 pm: Query has run: <CALL USP_GetAccounts();>.
11/03/2012 10:28:36 pm: ... Got dataset to return in json obj
11/03/2012 10:28:36 pm: Get the dataset to return in json obj...
11/03/2012 10:28:36 pm: Query has run: <CALL USP_GetCurrencies();>.
11/03/2012 10:28:36 pm: ... Got dataset to return in json obj
11/03/2012 10:28:36 pm: Query has run: <CALL USP_GetPayees();>.
11/03/2012 10:28:36 pm: ... Got dataset to return in json obj
11/03/2012 10:28:36 pm: Hit to <getData.php>. Type: <cat>. Currency in Post=<>. currency var=<1>.
11/03/2012 10:28:36 pm: Get the dataset to return in json obj...
11/03/2012 10:28:36 pm: Query has run: <CALL USP_GetCategories();>.
11/03/2012 10:28:36 pm: ... Got dataset to return in json obj
11/03/2012 10:28:36 pm: Hit to <getData.php>. Type: <scat>. Currency in Post=<>. currency var=<1>.
11/03/2012 10:28:36 pm: Get the dataset to return in json obj...
11/03/2012 10:28:36 pm: Query has run: <CALL USP_GetCategories2();>.
11/03/2012 10:28:36 pm: ... Got dataset to return in json obj
11/03/2012 10:29:05 pm: Hit to <insert.php>. Type in post: <acc>. catName in Post=<>. scatName in Post=<>.
11/03/2012 10:29:05 pm: Start insert...
11/03/2012 10:29:05 pm: Query has run: <CALL USP_UpdateAccount (1,'1','AIB - Current2');>.
11/03/2012 10:29:05 pm: Query has run: <CALL USP_GetAccounts ()>.
11/03/2012 10:29:05 pm: ... End insert
11/03/2012 10:29:05 pm: Get the dataset to return in json obj...
11/03/2012 10:29:05 pm: Query has run: <CALL USP_GetAccounts();>.
11/03/2012 10:29:05 pm: ... Got dataset to return in json obj
11/03/2012 10:29:10 pm: Hit to <insert.php>. Type in post: <acc>. catName in Post=<>. scatName in Post=<>.
11/03/2012 10:29:10 pm: Start insert...
11/03/2012 10:29:10 pm: Query has run: <CALL USP_UpdateAccount (1,'1','AIB - Current');>.
11/03/2012 10:29:10 pm: Query has run: <CALL USP_GetAccounts ()>.
11/03/2012 10:29:10 pm: ... End insert
11/03/2012 10:29:10 pm: Get the dataset to return in json obj...
11/03/2012 10:29:10 pm: Query has run: <CALL USP_GetAccounts();>.
11/03/2012 10:29:10 pm: ... Got dataset to return in json obj
11/03/2012 10:29:16 pm: Hit to <insert.php>. Type in post: <cat>. catName in Post=<>. scatName in Post=<>.
11/03/2012 10:29:16 pm: Start insert...
11/03/2012 10:29:16 pm: Query has run: <CALL USP_UpdateCategory ('1','Bike2');>.
11/03/2012 10:29:16 pm: Query has run: <CALL USP_GetCategories ()>.
11/03/2012 10:29:16 pm: ... End insert
11/03/2012 10:29:16 pm: Get the dataset to return in json obj...
11/03/2012 10:29:16 pm: Query has run: <CALL USP_GetCategories();>.
11/03/2012 10:29:16 pm: ... Got dataset to return in json obj
11/03/2012 10:29:21 pm: Hit to <insert.php>. Type in post: <cat>. catName in Post=<>. scatName in Post=<>.
11/03/2012 10:29:21 pm: Start insert...
11/03/2012 10:29:21 pm: Query has run: <CALL USP_UpdateCategory ('1','Bike');>.
11/03/2012 10:29:21 pm: Query has run: <CALL USP_GetCategories ()>.
11/03/2012 10:29:21 pm: ... End insert
11/03/2012 10:29:21 pm: Get the dataset to return in json obj...
11/03/2012 10:29:21 pm: Query has run: <CALL USP_GetCategories();>.
11/03/2012 10:29:21 pm: ... Got dataset to return in json obj
11/03/2012 10:29:25 pm: Hit to <insert.php>. Type in post: <cat>. catName in Post=<a>. scatName in Post=<>.
11/03/2012 10:29:25 pm: Line 65-> Query2 to run: <CALL USP_GetCategories();>.
11/03/2012 10:29:25 pm: Start insert...
11/03/2012 10:29:25 pm: Query has run: <CALL USP_InsertCategory ('a');>.
11/03/2012 10:29:25 pm: Query has run: <CALL USP_GetCategories ()>.
11/03/2012 10:29:25 pm: ... End insert
11/03/2012 10:29:25 pm: Get the dataset to return in json obj...
11/03/2012 10:29:25 pm: Query has run: <CALL USP_GetCategories();>.
11/03/2012 10:29:25 pm: ... Got dataset to return in json obj
11/03/2012 10:30:38 pm: Hit to <getData.php>. Type: <acc>. Currency in Post=<1>. currency var=<1>.
11/03/2012 10:30:38 pm: Hit to <getData.php>. Type: <curr>. Currency in Post=<>. currency var=<1>.
11/03/2012 10:30:38 pm: Get the dataset to return in json obj...
11/03/2012 10:30:38 pm: Get the dataset to return in json obj...
11/03/2012 10:30:38 pm: Hit to <getData.php>. Type: <payee>. Currency in Post=<>. currency var=<1>.
11/03/2012 10:30:38 pm: Query has run: <CALL USP_GetAccounts();>.
11/03/2012 10:30:38 pm: ... Got dataset to return in json obj
11/03/2012 10:30:38 pm: Query has run: <CALL USP_GetCurrencies();>.
11/03/2012 10:30:38 pm: Hit to <getData.php>. Type: <cat>. Currency in Post=<>. currency var=<1>.
11/03/2012 10:30:38 pm: ... Got dataset to return in json obj
11/03/2012 10:30:38 pm: Get the dataset to return in json obj...
11/03/2012 10:30:38 pm: Get the dataset to return in json obj...
11/03/2012 10:30:38 pm: Query has run: <CALL USP_GetCategories();>.
11/03/2012 10:30:38 pm: ... Got dataset to return in json obj
11/03/2012 10:30:38 pm: Query has run: <CALL USP_GetPayees();>.
11/03/2012 10:30:38 pm: ... Got dataset to return in json obj
11/03/2012 10:30:38 pm: Hit to <getData.php>. Type: <scat>. Currency in Post=<>. currency var=<1>.
11/03/2012 10:30:38 pm: Get the dataset to return in json obj...
11/03/2012 10:30:38 pm: Query has run: <CALL USP_GetCategories2();>.
11/03/2012 10:30:38 pm: ... Got dataset to return in json obj
11/03/2012 10:30:44 pm: Hit to <insert.php>. Type in post: <scat>. catName in Post=<>. scatName in Post=<>.
11/03/2012 10:30:44 pm: Start insert...
11/03/2012 10:30:44 pm: Query has run: <CALL USP_UpdateSubCategory ('1','1','Accessories');>.
11/03/2012 10:30:44 pm: Query has run: <CALL USP_GetCategories2 ()>.
11/03/2012 10:30:44 pm: ... End insert
11/03/2012 10:30:44 pm: Get the dataset to return in json obj...
11/03/2012 10:30:44 pm: Query has run: <CALL USP_GetCategories2();>.
11/03/2012 10:30:44 pm: ... Got dataset to return in json obj
11/03/2012 10:30:51 pm: Hit to <insert.php>. Type in post: <payee>. catName in Post=<>. scatName in Post=<>.
11/03/2012 10:30:51 pm: Start insert...
11/03/2012 10:30:51 pm: - Error in query: CALL USP_UpdatePayee ('1','53th North shop2');<br/>- Error: PROCEDURE FinanceApp.USP_UpdatePayee does not exist (Error #1305)<br/>- File: /Volumes/DATA/Dropbox/DEV/Web/FinanceApp/php/updateRow.php.<br/>
11/03/2012 10:30:51 pm: ... End insert
11/03/2012 10:30:51 pm: Get the dataset to return in json obj...
11/03/2012 10:30:51 pm: Query has run: <CALL USP_GetPayees();>.
11/03/2012 10:30:51 pm: ... Got dataset to return in json obj
11/03/2012 10:33:54 pm: Hit to <insert.php>. Type in post: <payee>. catName in Post=<>. scatName in Post=<>.
11/03/2012 10:33:54 pm: Start insert...
11/03/2012 10:33:54 pm: Query has run: <CALL USP_UpdatePayee ('1','53th North shop2');>.
11/03/2012 10:33:54 pm: Query has run: <CALL USP_GetPayees ()>.
11/03/2012 10:33:54 pm: ... End insert
11/03/2012 10:33:54 pm: Get the dataset to return in json obj...
11/03/2012 10:33:54 pm: Query has run: <CALL USP_GetPayees();>.
11/03/2012 10:33:54 pm: ... Got dataset to return in json obj
11/03/2012 10:35:43 pm: Hit to <getData.php>. Type: <acc>. Currency in Post=<1>. currency var=<1>.
11/03/2012 10:35:43 pm: Hit to <getData.php>. Type: <curr>. Currency in Post=<>. currency var=<1>.
11/03/2012 10:35:43 pm: Get the dataset to return in json obj...
11/03/2012 10:35:43 pm: Get the dataset to return in json obj...
11/03/2012 10:35:43 pm: Query has run: <CALL USP_GetAccounts();>.
11/03/2012 10:35:43 pm: ... Got dataset to return in json obj
11/03/2012 10:35:43 pm: Query has run: <CALL USP_GetCurrencies();>.
11/03/2012 10:35:43 pm: ... Got dataset to return in json obj
11/03/2012 10:35:43 pm: Hit to <getData.php>. Type: <payee>. Currency in Post=<>. currency var=<1>.
11/03/2012 10:35:43 pm: Get the dataset to return in json obj...
11/03/2012 10:35:43 pm: Query has run: <CALL USP_GetPayees();>.
11/03/2012 10:35:43 pm: ... Got dataset to return in json obj
11/03/2012 10:35:43 pm: Hit to <getData.php>. Type: <cat>. Currency in Post=<>. currency var=<1>.
11/03/2012 10:35:43 pm: Get the dataset to return in json obj...
11/03/2012 10:35:43 pm: Query has run: <CALL USP_GetCategories();>.
11/03/2012 10:35:43 pm: ... Got dataset to return in json obj
11/03/2012 10:35:43 pm: Hit to <getData.php>. Type: <scat>. Currency in Post=<>. currency var=<1>.
11/03/2012 10:35:43 pm: Get the dataset to return in json obj...
11/03/2012 10:35:43 pm: Query has run: <CALL USP_GetCategories2();>.
11/03/2012 10:35:43 pm: ... Got dataset to return in json obj
