11/12/2012 07:49:47 pm: Get the dataset to return in json obj...
11/12/2012 07:49:47 pm: Get the dataset to return in json obj...
11/12/2012 07:49:47 pm: Get the dataset to return in json obj...
11/12/2012 07:49:47 pm: Get the dataset to return in json obj...
11/12/2012 07:49:47 pm: Get the dataset to return in json obj...
11/12/2012 07:49:47 pm: Query has run: <CALL USP_GetCurrencies();>.
11/12/2012 07:49:47 pm: ... Got dataset to return in json obj
11/12/2012 07:49:47 pm: Query has run: <CALL USP_GetCategories();>.
11/12/2012 07:49:47 pm: ... Got dataset to return in json obj
11/12/2012 07:49:47 pm: Query has run: <CALL USP_GetPayees();>.
11/12/2012 07:49:47 pm: ... Got dataset to return in json obj
11/12/2012 07:49:47 pm: Query has run: <CALL USP_GetCategories2();>.
11/12/2012 07:49:47 pm: Query has run: <CALL USP_GetAccounts();>.
11/12/2012 07:49:47 pm: ... Got dataset to return in json obj
11/12/2012 07:49:47 pm: ... Got dataset to return in json obj
11/12/2012 07:49:56 pm: Get the dataset to return in json obj...
11/12/2012 07:49:56 pm: Query has run: <CALL USP_GetCategories2();>.
11/12/2012 07:49:56 pm: ... Got dataset to return in json obj
11/12/2012 07:49:56 pm: Get the dataset to return in json obj...
11/12/2012 07:49:56 pm: Query has run: <CALL USP_GetCategories();>.
11/12/2012 07:49:56 pm: ... Got dataset to return in json obj
11/12/2012 07:49:56 pm: Get the dataset to return in json obj...
11/12/2012 07:49:56 pm: Get the dataset to return in json obj...
11/12/2012 07:49:56 pm: Query has run: <CALL USP_GetPayees();>.
11/12/2012 07:49:56 pm: ... Got dataset to return in json obj
11/12/2012 07:49:56 pm: Query has run: <CALL USP_GetAccounts();>.
11/12/2012 07:49:56 pm: Get the dataset to return in json obj...
11/12/2012 07:49:56 pm: Query has run: <CALL USP_GetCurrencies();>.
11/12/2012 07:49:56 pm: ... Got dataset to return in json obj
11/12/2012 07:49:56 pm: ... Got dataset to return in json obj
11/12/2012 07:50:16 pm: Amount value: -6. Preg_match_all result is <1>
11/12/2012 07:50:17 pm: Currency = <1>.
11/12/2012 07:50:30 pm: Amount value: -3,71. Preg_match_all result is <1>
11/12/2012 07:50:30 pm: Currency = <1>.
11/12/2012 07:50:32 pm: Get the dataset to return in json obj...
11/12/2012 07:50:32 pm: Query has run: <CALL USP_GetAccounts();>.
11/12/2012 07:50:32 pm: ... Got dataset to return in json obj
11/12/2012 07:50:32 pm: Get the dataset to return in json obj...
11/12/2012 07:50:32 pm: Query has run: <CALL USP_GetCurrencies();>.
11/12/2012 07:50:32 pm: ... Got dataset to return in json obj
11/12/2012 07:50:32 pm: Get the dataset to return in json obj...
11/12/2012 07:50:32 pm: Query has run: <CALL USP_GetPayees();>.
11/12/2012 07:50:32 pm: ... Got dataset to return in json obj
11/12/2012 07:50:32 pm: Get the dataset to return in json obj...
11/12/2012 07:50:32 pm: Query has run: <CALL USP_GetCategories();>.
11/12/2012 07:50:32 pm: ... Got dataset to return in json obj
11/12/2012 07:50:32 pm: Get the dataset to return in json obj...
11/12/2012 07:50:32 pm: Query has run: <CALL USP_GetCategories2();>.
11/12/2012 07:50:32 pm: ... Got dataset to return in json obj
11/12/2012 08:13:07 pm: Get the dataset to return in json obj...
11/12/2012 08:13:07 pm: Query has run: <CALL USP_GetCurrencies();>.
11/12/2012 08:13:07 pm: Get the dataset to return in json obj...
11/12/2012 08:13:07 pm: ... Got dataset to return in json obj
11/12/2012 08:13:07 pm: Query has run: <CALL USP_GetAccounts();>.
11/12/2012 08:13:07 pm: ... Got dataset to return in json obj
11/12/2012 08:13:07 pm: Get the dataset to return in json obj...
11/12/2012 08:13:07 pm: Get the dataset to return in json obj...
11/12/2012 08:13:07 pm: Get the dataset to return in json obj...
11/12/2012 08:13:07 pm: Query has run: <CALL USP_GetCategories();>.
11/12/2012 08:13:07 pm: ... Got dataset to return in json obj
11/12/2012 08:13:07 pm: Query has run: <CALL USP_GetPayees();>.
11/12/2012 08:13:07 pm: Query has run: <CALL USP_GetCategories2();>.
11/12/2012 08:13:07 pm: ... Got dataset to return in json obj
11/12/2012 08:13:07 pm: ... Got dataset to return in json obj
11/12/2012 08:13:23 pm: Get the dataset to return in json obj...
11/12/2012 08:13:23 pm: Query has run: <CALL USP_GetAccounts();>.
11/12/2012 08:13:23 pm: ... Got dataset to return in json obj
11/12/2012 08:13:23 pm: Get the dataset to return in json obj...
11/12/2012 08:13:23 pm: Get the dataset to return in json obj...
11/12/2012 08:13:23 pm: Query has run: <CALL USP_GetCurrencies();>.
11/12/2012 08:13:23 pm: ... Got dataset to return in json obj
11/12/2012 08:13:23 pm: Query has run: <CALL USP_GetPayees();>.
11/12/2012 08:13:23 pm: ... Got dataset to return in json obj
11/12/2012 08:13:24 pm: Get the dataset to return in json obj...
11/12/2012 08:13:24 pm: Get the dataset to return in json obj...
11/12/2012 08:13:24 pm: Query has run: <CALL USP_GetCategories();>.
11/12/2012 08:13:24 pm: ... Got dataset to return in json obj
11/12/2012 08:13:24 pm: Query has run: <CALL USP_GetCategories2();>.
11/12/2012 08:13:24 pm: ... Got dataset to return in json obj
11/12/2012 08:13:53 pm: Get the dataset to return in json obj...
11/12/2012 08:13:53 pm: Get the dataset to return in json obj...
11/12/2012 08:13:53 pm: Get the dataset to return in json obj...
11/12/2012 08:13:53 pm: Query has run: <CALL USP_GetAccounts();>.
11/12/2012 08:13:53 pm: ... Got dataset to return in json obj
11/12/2012 08:13:53 pm: Query has run: <CALL USP_GetPayees();>.
11/12/2012 08:13:53 pm: ... Got dataset to return in json obj
11/12/2012 08:13:53 pm: Query has run: <CALL USP_GetCurrencies();>.
11/12/2012 08:13:53 pm: ... Got dataset to return in json obj
11/12/2012 08:13:53 pm: Get the dataset to return in json obj...
11/12/2012 08:13:53 pm: Query has run: <CALL USP_GetCategories();>.
11/12/2012 08:13:53 pm: ... Got dataset to return in json obj
11/12/2012 08:13:53 pm: Get the dataset to return in json obj...
11/12/2012 08:13:53 pm: Query has run: <CALL USP_GetCategories2();>.
11/12/2012 08:13:53 pm: ... Got dataset to return in json obj
11/12/2012 08:17:39 pm: Get the dataset to return in json obj...
11/12/2012 08:17:39 pm: Get the dataset to return in json obj...
11/12/2012 08:17:39 pm: Query has run: <CALL USP_GetCurrencies();>.
11/12/2012 08:17:39 pm: ... Got dataset to return in json obj
11/12/2012 08:17:39 pm: Query has run: <CALL USP_GetAccounts();>.
11/12/2012 08:17:39 pm: ... Got dataset to return in json obj
11/12/2012 08:17:39 pm: Get the dataset to return in json obj...
11/12/2012 08:17:39 pm: Query has run: <CALL USP_GetPayees();>.
11/12/2012 08:17:39 pm: ... Got dataset to return in json obj
11/12/2012 08:17:39 pm: Get the dataset to return in json obj...
11/12/2012 08:17:39 pm: Query has run: <CALL USP_GetCategories();>.
11/12/2012 08:17:39 pm: ... Got dataset to return in json obj
11/12/2012 08:17:39 pm: Get the dataset to return in json obj...
11/12/2012 08:17:39 pm: Query has run: <CALL USP_GetCategories2();>.
11/12/2012 08:17:39 pm: ... Got dataset to return in json obj
11/12/2012 08:19:11 pm: Get the dataset to return in json obj...
11/12/2012 08:19:11 pm: Get the dataset to return in json obj...
11/12/2012 08:19:11 pm: Query has run: <CALL USP_GetCurrencies();>.
11/12/2012 08:19:11 pm: ... Got dataset to return in json obj
11/12/2012 08:19:11 pm: Query has run: <CALL USP_GetAccounts();>.
11/12/2012 08:19:11 pm: ... Got dataset to return in json obj
11/12/2012 08:19:11 pm: Get the dataset to return in json obj...
11/12/2012 08:19:11 pm: Get the dataset to return in json obj...
11/12/2012 08:19:11 pm: Query has run: <CALL USP_GetCategories();>.
11/12/2012 08:19:11 pm: ... Got dataset to return in json obj
11/12/2012 08:19:11 pm: Query has run: <CALL USP_GetPayees();>.
11/12/2012 08:19:11 pm: ... Got dataset to return in json obj
11/12/2012 08:19:11 pm: Get the dataset to return in json obj...
11/12/2012 08:19:11 pm: Query has run: <CALL USP_GetCategories2();>.
11/12/2012 08:19:11 pm: ... Got dataset to return in json obj
11/12/2012 08:19:26 pm: Get the dataset to return in json obj...
11/12/2012 08:19:26 pm: Query has run: <CALL USP_GetCategories();>.
11/12/2012 08:19:26 pm: ... Got dataset to return in json obj
11/12/2012 08:19:26 pm: Get the dataset to return in json obj...
11/12/2012 08:19:26 pm: Query has run: <CALL USP_GetAccounts();>.
11/12/2012 08:19:26 pm: ... Got dataset to return in json obj
11/12/2012 08:19:26 pm: Get the dataset to return in json obj...
11/12/2012 08:19:26 pm: Get the dataset to return in json obj...
11/12/2012 08:19:26 pm: Query has run: <CALL USP_GetPayees();>.
11/12/2012 08:19:26 pm: ... Got dataset to return in json obj
11/12/2012 08:19:26 pm: Query has run: <CALL USP_GetCurrencies();>.
11/12/2012 08:19:26 pm: ... Got dataset to return in json obj
11/12/2012 08:19:26 pm: Get the dataset to return in json obj...
11/12/2012 08:19:26 pm: Query has run: <CALL USP_GetCategories2();>.
11/12/2012 08:19:26 pm: ... Got dataset to return in json obj
11/12/2012 08:19:39 pm: Get the dataset to return in json obj...
11/12/2012 08:19:39 pm: Query has run: <CALL USP_GetCurrencies();>.
11/12/2012 08:19:39 pm: ... Got dataset to return in json obj
11/12/2012 08:19:39 pm: Get the dataset to return in json obj...
11/12/2012 08:19:39 pm: Get the dataset to return in json obj...
11/12/2012 08:19:39 pm: Get the dataset to return in json obj...
11/12/2012 08:19:39 pm: Query has run: <CALL USP_GetCategories();>.
11/12/2012 08:19:39 pm: ... Got dataset to return in json obj
11/12/2012 08:19:39 pm: Query has run: <CALL USP_GetCategories2();>.
11/12/2012 08:19:39 pm: Get the dataset to return in json obj...
11/12/2012 08:19:39 pm: Query has run: <CALL USP_GetPayees();>.
11/12/2012 08:19:39 pm: ... Got dataset to return in json obj
11/12/2012 08:19:39 pm: ... Got dataset to return in json obj
11/12/2012 08:19:39 pm: Query has run: <CALL USP_GetAccounts();>.
11/12/2012 08:19:39 pm: ... Got dataset to return in json obj
11/12/2012 08:20:08 pm: Get the dataset to return in json obj...
11/12/2012 08:20:08 pm: Get the dataset to return in json obj...
11/12/2012 08:20:08 pm: Query has run: <CALL USP_GetCurrencies();>.
11/12/2012 08:20:08 pm: ... Got dataset to return in json obj
11/12/2012 08:20:08 pm: Get the dataset to return in json obj...
11/12/2012 08:20:08 pm: Query has run: <CALL USP_GetAccounts();>.
11/12/2012 08:20:08 pm: ... Got dataset to return in json obj
11/12/2012 08:20:08 pm: Get the dataset to return in json obj...
11/12/2012 08:20:08 pm: Query has run: <CALL USP_GetCategories2();>.
11/12/2012 08:20:08 pm: ... Got dataset to return in json obj
11/12/2012 08:20:08 pm: Query has run: <CALL USP_GetPayees();>.
11/12/2012 08:20:08 pm: ... Got dataset to return in json obj
11/12/2012 08:20:08 pm: Get the dataset to return in json obj...
11/12/2012 08:20:08 pm: Query has run: <CALL USP_GetCategories();>.
11/12/2012 08:20:08 pm: ... Got dataset to return in json obj
11/12/2012 08:21:36 pm: Get the dataset to return in json obj...
11/12/2012 08:21:36 pm: Get the dataset to return in json obj...
11/12/2012 08:21:36 pm: Get the dataset to return in json obj...
11/12/2012 08:21:36 pm: Query has run: <CALL USP_GetPayees();>.
11/12/2012 08:21:36 pm: ... Got dataset to return in json obj
11/12/2012 08:21:36 pm: Get the dataset to return in json obj...
11/12/2012 08:21:36 pm: Query has run: <CALL USP_GetCurrencies();>.
11/12/2012 08:21:36 pm: ... Got dataset to return in json obj
11/12/2012 08:21:36 pm: Query has run: <CALL USP_GetCategories2();>.
11/12/2012 08:21:36 pm: ... Got dataset to return in json obj
11/12/2012 08:21:36 pm: Get the dataset to return in json obj...
11/12/2012 08:21:36 pm: Query has run: <CALL USP_GetAccounts();>.
11/12/2012 08:21:36 pm: ... Got dataset to return in json obj
11/12/2012 08:21:36 pm: Query has run: <CALL USP_GetCategories();>.
11/12/2012 08:21:36 pm: ... Got dataset to return in json obj
11/12/2012 08:22:58 pm: Get the dataset to return in json obj...
11/12/2012 08:22:58 pm: Get the dataset to return in json obj...
11/12/2012 08:22:58 pm: Get the dataset to return in json obj...
11/12/2012 08:22:58 pm: Get the dataset to return in json obj...
11/12/2012 08:22:58 pm: Query has run: <CALL USP_GetAccounts();>.
11/12/2012 08:22:58 pm: ... Got dataset to return in json obj
11/12/2012 08:22:58 pm: Query has run: <CALL USP_GetCurrencies();>.
11/12/2012 08:22:58 pm: Get the dataset to return in json obj...
11/12/2012 08:22:58 pm: ... Got dataset to return in json obj
11/12/2012 08:22:58 pm: Query has run: <CALL USP_GetPayees();>.
11/12/2012 08:22:58 pm: Query has run: <CALL USP_GetCategories2();>.
11/12/2012 08:22:58 pm: ... Got dataset to return in json obj
11/12/2012 08:22:58 pm: ... Got dataset to return in json obj
11/12/2012 08:22:58 pm: Query has run: <CALL USP_GetCategories();>.
11/12/2012 08:22:58 pm: ... Got dataset to return in json obj
11/12/2012 08:24:01 pm: Get the dataset to return in json obj...
11/12/2012 08:24:01 pm: Query has run: <CALL USP_GetCurrencies();>.
11/12/2012 08:24:01 pm: ... Got dataset to return in json obj
11/12/2012 08:24:01 pm: Get the dataset to return in json obj...
11/12/2012 08:24:01 pm: Get the dataset to return in json obj...
11/12/2012 08:24:01 pm: Query has run: <CALL USP_GetCategories();>.
11/12/2012 08:24:01 pm: ... Got dataset to return in json obj
11/12/2012 08:24:01 pm: Query has run: <CALL USP_GetAccounts();>.
11/12/2012 08:24:01 pm: ... Got dataset to return in json obj
11/12/2012 08:24:01 pm: Get the dataset to return in json obj...
11/12/2012 08:24:01 pm: Query has run: <CALL USP_GetPayees();>.
11/12/2012 08:24:01 pm: ... Got dataset to return in json obj
11/12/2012 08:24:01 pm: Get the dataset to return in json obj...
11/12/2012 08:24:01 pm: Query has run: <CALL USP_GetCategories2();>.
11/12/2012 08:24:01 pm: ... Got dataset to return in json obj
11/12/2012 08:28:33 pm: Get the dataset to return in json obj...
11/12/2012 08:28:33 pm: Query has run: <CALL USP_GetCurrencies();>.
11/12/2012 08:28:33 pm: ... Got dataset to return in json obj
11/12/2012 08:28:33 pm: Get the dataset to return in json obj...
11/12/2012 08:28:33 pm: Get the dataset to return in json obj...
11/12/2012 08:28:33 pm: Query has run: <CALL USP_GetCategories();>.
11/12/2012 08:28:33 pm: ... Got dataset to return in json obj
11/12/2012 08:28:33 pm: Query has run: <CALL USP_GetAccounts();>.
11/12/2012 08:28:33 pm: ... Got dataset to return in json obj
11/12/2012 08:28:33 pm: Get the dataset to return in json obj...
11/12/2012 08:28:33 pm: Query has run: <CALL USP_GetPayees();>.
11/12/2012 08:28:33 pm: ... Got dataset to return in json obj
11/12/2012 08:28:33 pm: Get the dataset to return in json obj...
11/12/2012 08:28:33 pm: Query has run: <CALL USP_GetCategories2();>.
11/12/2012 08:28:33 pm: ... Got dataset to return in json obj
11/12/2012 08:34:05 pm: Get the dataset to return in json obj...
11/12/2012 08:34:05 pm: Get the dataset to return in json obj...
11/12/2012 08:34:05 pm: Query has run: <CALL USP_GetAccounts();>.
11/12/2012 08:34:05 pm: ... Got dataset to return in json obj
11/12/2012 08:34:05 pm: Get the dataset to return in json obj...
11/12/2012 08:34:05 pm: Query has run: <CALL USP_GetPayees();>.
11/12/2012 08:34:05 pm: ... Got dataset to return in json obj
11/12/2012 08:34:05 pm: Get the dataset to return in json obj...
11/12/2012 08:34:05 pm: Query has run: <CALL USP_GetCategories2();>.
11/12/2012 08:34:05 pm: ... Got dataset to return in json obj
11/12/2012 08:34:05 pm: Query has run: <CALL USP_GetCurrencies();>.
11/12/2012 08:34:05 pm: ... Got dataset to return in json obj
11/12/2012 08:34:05 pm: Get the dataset to return in json obj...
11/12/2012 08:34:05 pm: Query has run: <CALL USP_GetCategories();>.
11/12/2012 08:34:05 pm: ... Got dataset to return in json obj
11/12/2012 08:34:41 pm: Get the dataset to return in json obj...
11/12/2012 08:34:41 pm: Query has run: <CALL USP_GetAccounts();>.
11/12/2012 08:34:41 pm: ... Got dataset to return in json obj
11/12/2012 08:34:41 pm: Get the dataset to return in json obj...
11/12/2012 08:34:41 pm: Get the dataset to return in json obj...
11/12/2012 08:34:41 pm: Get the dataset to return in json obj...
11/12/2012 08:34:41 pm: Get the dataset to return in json obj...
11/12/2012 08:34:41 pm: Query has run: <CALL USP_GetCurrencies();>.
11/12/2012 08:34:41 pm: ... Got dataset to return in json obj
11/12/2012 08:34:41 pm: Query has run: <CALL USP_GetCategories2();>.
11/12/2012 08:34:41 pm: ... Got dataset to return in json obj
11/12/2012 08:34:41 pm: Query has run: <CALL USP_GetCategories();>.
11/12/2012 08:34:41 pm: ... Got dataset to return in json obj
11/12/2012 08:34:41 pm: Query has run: <CALL USP_GetPayees();>.
11/12/2012 08:34:41 pm: ... Got dataset to return in json obj
11/12/2012 08:56:00 pm: Get the dataset to return in json obj...
11/12/2012 08:56:00 pm: Get the dataset to return in json obj...
11/12/2012 08:56:00 pm: Query has run: <CALL USP_GetCategories();>.
11/12/2012 08:56:00 pm: ... Got dataset to return in json obj
11/12/2012 08:56:00 pm: Query has run: <CALL USP_GetAccounts();>.
11/12/2012 08:56:00 pm: ... Got dataset to return in json obj
11/12/2012 08:56:00 pm: Get the dataset to return in json obj...
11/12/2012 08:56:00 pm: Query has run: <CALL USP_GetCategories2();>.
11/12/2012 08:56:00 pm: ... Got dataset to return in json obj
11/12/2012 08:56:00 pm: Get the dataset to return in json obj...
11/12/2012 08:56:00 pm: Get the dataset to return in json obj...
11/12/2012 08:56:00 pm: Query has run: <CALL USP_GetCurrencies();>.
11/12/2012 08:56:00 pm: ... Got dataset to return in json obj
11/12/2012 08:56:00 pm: Query has run: <CALL USP_GetPayees();>.
11/12/2012 08:56:00 pm: ... Got dataset to return in json obj
11/12/2012 08:56:20 pm: Get the dataset to return in json obj...
11/12/2012 08:56:20 pm: Get the dataset to return in json obj...
11/12/2012 08:56:20 pm: Get the dataset to return in json obj...
11/12/2012 08:56:20 pm: Get the dataset to return in json obj...
11/12/2012 08:56:20 pm: Get the dataset to return in json obj...
11/12/2012 08:56:20 pm: Query has run: <CALL USP_GetAccounts();>.
11/12/2012 08:56:20 pm: ... Got dataset to return in json obj
11/12/2012 08:56:20 pm: Query has run: <CALL USP_GetCategories2();>.
11/12/2012 08:56:20 pm: ... Got dataset to return in json obj
11/12/2012 08:56:20 pm: Query has run: <CALL USP_GetPayees();>.
11/12/2012 08:56:20 pm: ... Got dataset to return in json obj
11/12/2012 08:56:20 pm: Query has run: <CALL USP_GetCurrencies();>.
11/12/2012 08:56:20 pm: ... Got dataset to return in json obj
11/12/2012 08:56:20 pm: Query has run: <CALL USP_GetCategories();>.
11/12/2012 08:56:20 pm: ... Got dataset to return in json obj
11/12/2012 09:16:19 pm: Get the dataset to return in json obj...
11/12/2012 09:16:19 pm: Get the dataset to return in json obj...
11/12/2012 09:16:19 pm: Get the dataset to return in json obj...
11/12/2012 09:16:19 pm: Query has run: <CALL USP_GetCurrencies();>.
11/12/2012 09:16:19 pm: ... Got dataset to return in json obj
11/12/2012 09:16:19 pm: Query has run: <CALL USP_GetAccounts();>.
11/12/2012 09:16:19 pm: ... Got dataset to return in json obj
11/12/2012 09:16:19 pm: Get the dataset to return in json obj...
11/12/2012 09:16:19 pm: Get the dataset to return in json obj...
11/12/2012 09:16:19 pm: Query has run: <CALL USP_GetPayees();>.
11/12/2012 09:16:19 pm: ... Got dataset to return in json obj
11/12/2012 09:16:19 pm: Query has run: <CALL USP_GetCategories2();>.
11/12/2012 09:16:19 pm: ... Got dataset to return in json obj
11/12/2012 09:16:19 pm: Query has run: <CALL USP_GetCategories();>.
11/12/2012 09:16:19 pm: ... Got dataset to return in json obj
11/12/2012 09:17:31 pm: Get the dataset to return in json obj...
11/12/2012 09:17:31 pm: Query has run: <CALL USP_GetAccounts();>.
11/12/2012 09:17:31 pm: ... Got dataset to return in json obj
11/12/2012 09:17:31 pm: Get the dataset to return in json obj...
11/12/2012 09:17:31 pm: Query has run: <CALL USP_GetCurrencies();>.
11/12/2012 09:17:31 pm: ... Got dataset to return in json obj
11/12/2012 09:17:31 pm: Get the dataset to return in json obj...
11/12/2012 09:17:31 pm: Get the dataset to return in json obj...
11/12/2012 09:17:31 pm: Query has run: <CALL USP_GetCategories2();>.
11/12/2012 09:17:31 pm: ... Got dataset to return in json obj
11/12/2012 09:17:31 pm: Get the dataset to return in json obj...
11/12/2012 09:17:31 pm: Query has run: <CALL USP_GetPayees();>.
11/12/2012 09:17:31 pm: ... Got dataset to return in json obj
11/12/2012 09:17:31 pm: Query has run: <CALL USP_GetCategories();>.
11/12/2012 09:17:31 pm: ... Got dataset to return in json obj
11/12/2012 09:19:04 pm: Get the dataset to return in json obj...
11/12/2012 09:19:04 pm: Query has run: <CALL USP_GetAccounts();>.
11/12/2012 09:19:04 pm: ... Got dataset to return in json obj
11/12/2012 09:19:04 pm: Get the dataset to return in json obj...
11/12/2012 09:19:04 pm: Query has run: <CALL USP_GetCategories();>.
11/12/2012 09:19:04 pm: ... Got dataset to return in json obj
11/12/2012 09:19:04 pm: Get the dataset to return in json obj...
11/12/2012 09:19:04 pm: Get the dataset to return in json obj...
11/12/2012 09:19:04 pm: Query has run: <CALL USP_GetCurrencies();>.
11/12/2012 09:19:04 pm: ... Got dataset to return in json obj
11/12/2012 09:19:04 pm: Query has run: <CALL USP_GetPayees();>.
11/12/2012 09:19:04 pm: ... Got dataset to return in json obj
11/12/2012 09:19:04 pm: Get the dataset to return in json obj...
11/12/2012 09:19:04 pm: Query has run: <CALL USP_GetCategories2();>.
11/12/2012 09:19:04 pm: ... Got dataset to return in json obj
11/12/2012 09:19:55 pm: Get the dataset to return in json obj...
11/12/2012 09:19:55 pm: Get the dataset to return in json obj...
11/12/2012 09:19:55 pm: Get the dataset to return in json obj...
11/12/2012 09:19:55 pm: Get the dataset to return in json obj...
11/12/2012 09:19:55 pm: Get the dataset to return in json obj...
11/12/2012 09:19:55 pm: Query has run: <CALL USP_GetCategories2();>.
11/12/2012 09:19:55 pm: ... Got dataset to return in json obj
11/12/2012 09:19:55 pm: Query has run: <CALL USP_GetCurrencies();>.
11/12/2012 09:19:55 pm: ... Got dataset to return in json obj
11/12/2012 09:19:55 pm: Query has run: <CALL USP_GetCategories();>.
11/12/2012 09:19:55 pm: ... Got dataset to return in json obj
11/12/2012 09:19:55 pm: Query has run: <CALL USP_GetAccounts();>.
11/12/2012 09:19:55 pm: ... Got dataset to return in json obj
11/12/2012 09:19:55 pm: Query has run: <CALL USP_GetPayees();>.
11/12/2012 09:19:55 pm: ... Got dataset to return in json obj
11/12/2012 09:21:09 pm: Get the dataset to return in json obj...
11/12/2012 09:21:09 pm: Get the dataset to return in json obj...
11/12/2012 09:21:09 pm: Query has run: <CALL USP_GetCurrencies();>.
11/12/2012 09:21:09 pm: ... Got dataset to return in json obj
11/12/2012 09:21:09 pm: Query has run: <CALL USP_GetCategories();>.
11/12/2012 09:21:09 pm: ... Got dataset to return in json obj
11/12/2012 09:21:09 pm: Get the dataset to return in json obj...
11/12/2012 09:21:09 pm: Get the dataset to return in json obj...
11/12/2012 09:21:09 pm: Query has run: <CALL USP_GetCategories2();>.
11/12/2012 09:21:09 pm: ... Got dataset to return in json obj
11/12/2012 09:21:09 pm: Get the dataset to return in json obj...
11/12/2012 09:21:09 pm: Query has run: <CALL USP_GetPayees();>.
11/12/2012 09:21:09 pm: ... Got dataset to return in json obj
11/12/2012 09:21:09 pm: Query has run: <CALL USP_GetAccounts();>.
11/12/2012 09:21:09 pm: ... Got dataset to return in json obj
11/12/2012 09:21:50 pm: Get the dataset to return in json obj...
11/12/2012 09:21:50 pm: Get the dataset to return in json obj...
11/12/2012 09:21:50 pm: Get the dataset to return in json obj...
11/12/2012 09:21:50 pm: Query has run: <CALL USP_GetCurrencies();>.
11/12/2012 09:21:50 pm: ... Got dataset to return in json obj
11/12/2012 09:21:50 pm: Query has run: <CALL USP_GetPayees();>.
11/12/2012 09:21:50 pm: ... Got dataset to return in json obj
11/12/2012 09:21:50 pm: Get the dataset to return in json obj...
11/12/2012 09:21:50 pm: Query has run: <CALL USP_GetCategories2();>.
11/12/2012 09:21:50 pm: ... Got dataset to return in json obj
11/12/2012 09:21:50 pm: Query has run: <CALL USP_GetAccounts();>.
11/12/2012 09:21:50 pm: ... Got dataset to return in json obj
11/12/2012 09:21:50 pm: Get the dataset to return in json obj...
11/12/2012 09:21:50 pm: Query has run: <CALL USP_GetCategories();>.
11/12/2012 09:21:50 pm: ... Got dataset to return in json obj
11/12/2012 09:38:33 pm: Get the dataset to return in json obj...
11/12/2012 09:38:33 pm: Query has run: <CALL USP_GetPayees();>.
11/12/2012 09:38:33 pm: ... Got dataset to return in json obj
11/12/2012 09:38:33 pm: Get the dataset to return in json obj...
11/12/2012 09:38:33 pm: Get the dataset to return in json obj...
11/12/2012 09:38:33 pm: Query has run: <CALL USP_GetCategories();>.
11/12/2012 09:38:33 pm: ... Got dataset to return in json obj
11/12/2012 09:38:33 pm: Query has run: <CALL USP_GetAccounts();>.
11/12/2012 09:38:33 pm: ... Got dataset to return in json obj
11/12/2012 09:38:33 pm: Get the dataset to return in json obj...
11/12/2012 09:38:33 pm: Get the dataset to return in json obj...
11/12/2012 09:38:33 pm: Query has run: <CALL USP_GetCurrencies();>.
11/12/2012 09:38:33 pm: Query has run: <CALL USP_GetCategories2();>.
11/12/2012 09:38:33 pm: ... Got dataset to return in json obj
11/12/2012 09:38:33 pm: ... Got dataset to return in json obj
11/12/2012 09:41:50 pm: Get the dataset to return in json obj...
11/12/2012 09:41:50 pm: Query has run: <CALL USP_GetCurrencies();>.
11/12/2012 09:41:50 pm: ... Got dataset to return in json obj
11/12/2012 09:41:50 pm: Get the dataset to return in json obj...
11/12/2012 09:41:50 pm: Query has run: <CALL USP_GetAccounts();>.
11/12/2012 09:41:50 pm: ... Got dataset to return in json obj
11/12/2012 09:41:50 pm: Get the dataset to return in json obj...
11/12/2012 09:41:50 pm: Get the dataset to return in json obj...
11/12/2012 09:41:50 pm: Query has run: <CALL USP_GetCategories();>.
11/12/2012 09:41:50 pm: ... Got dataset to return in json obj
11/12/2012 09:41:50 pm: Query has run: <CALL USP_GetPayees();>.
11/12/2012 09:41:50 pm: ... Got dataset to return in json obj
11/12/2012 09:41:50 pm: Get the dataset to return in json obj...
11/12/2012 09:41:50 pm: Query has run: <CALL USP_GetCategories2();>.
11/12/2012 09:41:50 pm: ... Got dataset to return in json obj
11/12/2012 09:44:31 pm: Get the dataset to return in json obj...
11/12/2012 09:44:31 pm: Get the dataset to return in json obj...
11/12/2012 09:44:31 pm: Query has run: <CALL USP_GetCurrencies();>.
11/12/2012 09:44:31 pm: ... Got dataset to return in json obj
11/12/2012 09:44:31 pm: Query has run: <CALL USP_GetAccounts();>.
11/12/2012 09:44:31 pm: ... Got dataset to return in json obj
11/12/2012 09:44:31 pm: Get the dataset to return in json obj...
11/12/2012 09:44:31 pm: Get the dataset to return in json obj...
11/12/2012 09:44:31 pm: Get the dataset to return in json obj...
11/12/2012 09:44:31 pm: Query has run: <CALL USP_GetPayees();>.
11/12/2012 09:44:31 pm: ... Got dataset to return in json obj
11/12/2012 09:44:31 pm: Query has run: <CALL USP_GetCategories();>.
11/12/2012 09:44:31 pm: ... Got dataset to return in json obj
11/12/2012 09:44:31 pm: Query has run: <CALL USP_GetCategories2();>.
11/12/2012 09:44:31 pm: ... Got dataset to return in json obj
11/12/2012 09:48:27 pm: Get the dataset to return in json obj...
11/12/2012 09:48:27 pm: Get the dataset to return in json obj...
11/12/2012 09:48:27 pm: Query has run: <CALL USP_GetPayees();>.
11/12/2012 09:48:27 pm: ... Got dataset to return in json obj
11/12/2012 09:48:27 pm: Query has run: <CALL USP_GetCurrencies();>.
11/12/2012 09:48:27 pm: Get the dataset to return in json obj...
11/12/2012 09:48:27 pm: ... Got dataset to return in json obj
11/12/2012 09:48:27 pm: Query has run: <CALL USP_GetAccounts();>.
11/12/2012 09:48:27 pm: ... Got dataset to return in json obj
11/12/2012 09:48:27 pm: Get the dataset to return in json obj...
11/12/2012 09:48:27 pm: Query has run: <CALL USP_GetCategories2();>.
11/12/2012 09:48:27 pm: ... Got dataset to return in json obj
11/12/2012 09:48:27 pm: Get the dataset to return in json obj...
11/12/2012 09:48:27 pm: Query has run: <CALL USP_GetCategories();>.
11/12/2012 09:48:27 pm: ... Got dataset to return in json obj
11/12/2012 09:48:37 pm: Get the dataset to return in json obj...
11/12/2012 09:48:37 pm: Get the dataset to return in json obj...
11/12/2012 09:48:37 pm: Get the dataset to return in json obj...
11/12/2012 09:48:37 pm: Query has run: <CALL USP_GetCurrencies();>.
11/12/2012 09:48:37 pm: ... Got dataset to return in json obj
11/12/2012 09:48:37 pm: Query has run: <CALL USP_GetCategories();>.
11/12/2012 09:48:37 pm: ... Got dataset to return in json obj
11/12/2012 09:48:37 pm: Query has run: <CALL USP_GetAccounts();>.
11/12/2012 09:48:37 pm: ... Got dataset to return in json obj
11/12/2012 09:48:37 pm: Get the dataset to return in json obj...
11/12/2012 09:48:37 pm: Get the dataset to return in json obj...
11/12/2012 09:48:37 pm: Query has run: <CALL USP_GetCategories2();>.
11/12/2012 09:48:37 pm: ... Got dataset to return in json obj
11/12/2012 09:48:37 pm: Query has run: <CALL USP_GetPayees();>.
11/12/2012 09:48:37 pm: ... Got dataset to return in json obj
