09/24/2012 05:14:05 pm: Hit to <getData.php>. Type: <payee>. Currency in Post=<>. currency var=<1>.
09/24/2012 05:14:05 pm: Get the dataset to return in json obj...
09/24/2012 05:14:05 pm: Hit to <getData.php>. Type: <cat>. Currency in Post=<>. currency var=<1>.
09/24/2012 05:14:05 pm: Hit to <getData.php>. Type: <curr>. Currency in Post=<>. currency var=<1>.
09/24/2012 05:14:05 pm: Hit to <getData.php>. Type: <scat>. Currency in Post=<>. currency var=<1>.
09/24/2012 05:14:05 pm: Get the dataset to return in json obj...
09/24/2012 05:14:05 pm: Get the dataset to return in json obj...
09/24/2012 05:14:05 pm: Get the dataset to return in json obj...
09/24/2012 05:14:05 pm: Get the dataset to return in json obj...
09/24/2012 05:14:05 pm: Query has run: <CALL USP_GetCategories2();>.
09/24/2012 05:14:05 pm: Query has run: <CALL USP_GetCategories();>.
09/24/2012 05:14:05 pm: ... Got dataset to return in json obj
09/24/2012 05:14:05 pm: ... Got dataset to return in json obj
09/24/2012 05:14:05 pm: Query has run: <CALL USP_GetPayees();>.
09/24/2012 05:14:05 pm: ... Got dataset to return in json obj
09/24/2012 05:14:05 pm: Query has run: <CALL USP_GetAccounts();>.
09/24/2012 05:14:05 pm: ... Got dataset to return in json obj
09/24/2012 05:14:05 pm: Query has run: <CALL USP_GetCurrencies();>.
09/24/2012 05:14:05 pm: ... Got dataset to return in json obj
09/24/2012 05:26:19 pm: Hit to <getData.php>. Type: <acc>. Currency in Post=<1>. currency var=<1>.
09/24/2012 05:26:19 pm: Get the dataset to return in json obj...
09/24/2012 05:26:19 pm: Hit to <getData.php>. Type: <curr>. Currency in Post=<>. currency var=<1>.
09/24/2012 05:26:19 pm: Hit to <getData.php>. Type: <payee>. Currency in Post=<>. currency var=<1>.
09/24/2012 05:26:19 pm: Get the dataset to return in json obj...
09/24/2012 05:26:19 pm: Get the dataset to return in json obj...
09/24/2012 05:26:19 pm: Hit to <getData.php>. Type: <cat>. Currency in Post=<>. currency var=<1>.
09/24/2012 05:26:19 pm: Query has run: <CALL USP_GetAccounts();>.
09/24/2012 05:26:19 pm: ... Got dataset to return in json obj
09/24/2012 05:26:19 pm: Query has run: <CALL USP_GetPayees();>.
09/24/2012 05:26:19 pm: ... Got dataset to return in json obj
09/24/2012 05:26:19 pm: Hit to <getData.php>. Type: <scat>. Currency in Post=<>. currency var=<1>.
09/24/2012 05:26:19 pm: Get the dataset to return in json obj...
09/24/2012 05:26:19 pm: Get the dataset to return in json obj...
09/24/2012 05:26:19 pm: Query has run: <CALL USP_GetCurrencies();>.
09/24/2012 05:26:19 pm: ... Got dataset to return in json obj
09/24/2012 05:26:19 pm: Query has run: <CALL USP_GetCategories();>.
09/24/2012 05:26:19 pm: ... Got dataset to return in json obj
09/24/2012 05:26:19 pm: Query has run: <CALL USP_GetCategories2();>.
09/24/2012 05:26:19 pm: ... Got dataset to return in json obj
09/24/2012 05:37:17 pm: Hit to <getData.php>. Type: <acc>. Currency in Post=<1>. currency var=<1>.
09/24/2012 05:37:17 pm: Get the dataset to return in json obj...
09/24/2012 05:37:17 pm: Query has run: <CALL USP_GetAccounts();>.
09/24/2012 05:37:17 pm: ... Got dataset to return in json obj
09/24/2012 05:37:17 pm: Hit to <getData.php>. Type: <payee>. Currency in Post=<>. currency var=<1>.
09/24/2012 05:37:17 pm: Hit to <getData.php>. Type: <curr>. Currency in Post=<>. currency var=<1>.
09/24/2012 05:37:17 pm: Hit to <getData.php>. Type: <scat>. Currency in Post=<>. currency var=<1>.
09/24/2012 05:37:17 pm: Get the dataset to return in json obj...
09/24/2012 05:37:17 pm: Get the dataset to return in json obj...
09/24/2012 05:37:17 pm: Query has run: <CALL USP_GetPayees();>.
09/24/2012 05:37:17 pm: ... Got dataset to return in json obj
09/24/2012 05:37:17 pm: Hit to <getData.php>. Type: <cat>. Currency in Post=<>. currency var=<1>.
09/24/2012 05:37:17 pm: Query has run: <CALL USP_GetCategories2();>.
09/24/2012 05:37:17 pm: ... Got dataset to return in json obj
09/24/2012 05:37:17 pm: Get the dataset to return in json obj...
09/24/2012 05:37:17 pm: Get the dataset to return in json obj...
09/24/2012 05:37:17 pm: Query has run: <CALL USP_GetCurrencies();>.
09/24/2012 05:37:17 pm: ... Got dataset to return in json obj
09/24/2012 05:37:17 pm: Query has run: <CALL USP_GetCategories();>.
09/24/2012 05:37:17 pm: ... Got dataset to return in json obj
09/24/2012 05:50:04 pm: Amount value: -10,25. Preg_match_all result is <1>
09/24/2012 05:50:10 pm: TransactionID to disable: <9>
09/24/2012 05:50:10 pm: Loop: 0 // 9 vs 9.
09/24/2012 05:50:10 pm: TransactionID is found: <>
09/24/2012 05:50:10 pm: For loop exited.
09/24/2012 05:50:19 pm: Amount value: -10,25. Preg_match_all result is <1>
09/24/2012 05:50:26 pm: TransactionID to disable: <10>
09/24/2012 05:50:26 pm: Loop: 0 // 10 vs 10.
09/24/2012 05:50:26 pm: TransactionID is found: <>
09/24/2012 05:50:26 pm: For loop exited.
09/24/2012 07:13:59 pm: Hit to <getData.php>. Type: <acc>. Currency in Post=<1>. currency var=<1>.
09/24/2012 07:13:59 pm: Get the dataset to return in json obj...
09/24/2012 07:13:59 pm: Hit to <getData.php>. Type: <cat>. Currency in Post=<>. currency var=<1>.
09/24/2012 07:13:59 pm: Hit to <getData.php>. Type: <payee>. Currency in Post=<>. currency var=<1>.
09/24/2012 07:13:59 pm: Hit to <getData.php>. Type: <curr>. Currency in Post=<>. currency var=<1>.
09/24/2012 07:13:59 pm: Hit to <getData.php>. Type: <scat>. Currency in Post=<>. currency var=<1>.
09/24/2012 07:13:59 pm: Get the dataset to return in json obj...
09/24/2012 07:13:59 pm: Get the dataset to return in json obj...
09/24/2012 07:13:59 pm: Get the dataset to return in json obj...
09/24/2012 07:13:59 pm: Query has run: <CALL USP_GetCategories();>.
09/24/2012 07:13:59 pm: ... Got dataset to return in json obj
09/24/2012 07:13:59 pm: Get the dataset to return in json obj...
09/24/2012 07:13:59 pm: Query has run: <CALL USP_GetCategories2();>.
09/24/2012 07:13:59 pm: ... Got dataset to return in json obj
09/24/2012 07:13:59 pm: Query has run: <CALL USP_GetPayees();>.
09/24/2012 07:13:59 pm: ... Got dataset to return in json obj
09/24/2012 07:13:59 pm: Query has run: <CALL USP_GetCurrencies();>.
09/24/2012 07:13:59 pm: ... Got dataset to return in json obj
09/24/2012 07:13:59 pm: Query has run: <CALL USP_GetAccounts();>.
09/24/2012 07:13:59 pm: ... Got dataset to return in json obj
