12/16/2012 09:03:42 am: Get the dataset to return in json obj...
12/16/2012 09:03:42 am: Get the dataset to return in json obj...
12/16/2012 09:03:42 am: Get the dataset to return in json obj...
12/16/2012 09:03:42 am: Get the dataset to return in json obj...
12/16/2012 09:03:42 am: Query has run: <CALL USP_GetCategories();>.
12/16/2012 09:03:42 am: ... Got dataset to return in json obj
12/16/2012 09:03:42 am: Query has run: <CALL USP_GetCategories2();>.
12/16/2012 09:03:42 am: Query has run: <CALL USP_GetPayees();>.
12/16/2012 09:03:42 am: ... Got dataset to return in json obj
12/16/2012 09:03:42 am: ... Got dataset to return in json obj
12/16/2012 09:03:42 am: Query has run: <CALL USP_GetAccounts();>.
12/16/2012 09:03:42 am: ... Got dataset to return in json obj
12/16/2012 09:03:42 am: Query has run: <CALL USP_GetCurrencies();>.
12/16/2012 09:03:42 am: ... Got dataset to return in json obj
12/16/2012 09:03:49 am: Get the dataset to return in json obj...
12/16/2012 09:03:49 am: Query has run: <CALL USP_GetCurrencies();>.
12/16/2012 09:03:49 am: ... Got dataset to return in json obj
12/16/2012 09:03:49 am: Get the dataset to return in json obj...
12/16/2012 09:03:49 am: Query has run: <CALL USP_GetAccounts();>.
12/16/2012 09:03:49 am: ... Got dataset to return in json obj
12/16/2012 09:03:49 am: Get the dataset to return in json obj...
12/16/2012 09:03:49 am: Get the dataset to return in json obj...
12/16/2012 09:03:49 am: Query has run: <CALL USP_GetCategories();>.
12/16/2012 09:03:49 am: ... Got dataset to return in json obj
12/16/2012 09:03:49 am: Get the dataset to return in json obj...
12/16/2012 09:03:49 am: Query has run: <CALL USP_GetPayees();>.
12/16/2012 09:03:50 am: ... Got dataset to return in json obj
12/16/2012 09:03:50 am: Query has run: <CALL USP_GetCategories2();>.
12/16/2012 09:03:50 am: ... Got dataset to return in json obj
12/16/2012 09:05:38 am: Amount value: -268,22. Preg_match_all result is <1>
12/16/2012 09:05:38 am: Currency = <1>.
12/16/2012 09:06:29 am: Amount value: -28,17. Preg_match_all result is <1>
12/16/2012 09:06:29 am: Currency = <1>.
12/16/2012 09:08:17 am: Amount value: -162,1. Preg_match_all result is <1>
12/16/2012 09:08:17 am: Currency = <1>.
12/16/2012 09:09:08 am: Amount value: -10,22. Preg_match_all result is <1>
12/16/2012 09:09:08 am: Currency = <1>.
12/16/2012 09:11:02 am: Amount value: -85,81. Preg_match_all result is <1>
12/16/2012 09:11:02 am: Currency = <1>.
12/16/2012 09:11:08 am: Get the dataset to return in json obj...
12/16/2012 09:11:08 am: Get the dataset to return in json obj...
12/16/2012 09:11:08 am: Query has run: <CALL USP_GetCurrencies();>.
12/16/2012 09:11:08 am: ... Got dataset to return in json obj
12/16/2012 09:11:08 am: Query has run: <CALL USP_GetAccounts();>.
12/16/2012 09:11:08 am: ... Got dataset to return in json obj
12/16/2012 09:11:08 am: Get the dataset to return in json obj...
12/16/2012 09:11:08 am: Get the dataset to return in json obj...
12/16/2012 09:11:08 am: Query has run: <CALL USP_GetCategories();>.
12/16/2012 09:11:08 am: ... Got dataset to return in json obj
12/16/2012 09:11:08 am: Query has run: <CALL USP_GetPayees();>.
12/16/2012 09:11:08 am: ... Got dataset to return in json obj
12/16/2012 09:11:08 am: Get the dataset to return in json obj...
12/16/2012 09:11:08 am: Query has run: <CALL USP_GetCategories2();>.
12/16/2012 09:11:08 am: ... Got dataset to return in json obj
12/16/2012 09:13:28 am: Get the dataset to return in json obj...
12/16/2012 09:13:28 am: Get the dataset to return in json obj...
12/16/2012 09:13:28 am: Query has run: <CALL USP_GetCategories();>.
12/16/2012 09:13:28 am: ... Got dataset to return in json obj
12/16/2012 09:13:28 am: Query has run: <CALL USP_GetPayees();>.
12/16/2012 09:13:28 am: ... Got dataset to return in json obj
12/16/2012 09:13:28 am: Get the dataset to return in json obj...
12/16/2012 09:13:28 am: Get the dataset to return in json obj...
12/16/2012 09:13:28 am: Get the dataset to return in json obj...
12/16/2012 09:13:28 am: Query has run: <CALL USP_GetCurrencies();>.
12/16/2012 09:13:28 am: ... Got dataset to return in json obj
12/16/2012 09:13:28 am: Query has run: <CALL USP_GetAccounts();>.
12/16/2012 09:13:28 am: ... Got dataset to return in json obj
12/16/2012 09:13:28 am: Query has run: <CALL USP_GetCategories2();>.
12/16/2012 09:13:28 am: ... Got dataset to return in json obj
12/16/2012 09:13:39 am: Get the dataset to return in json obj...
12/16/2012 09:13:39 am: Get the dataset to return in json obj...
12/16/2012 09:13:39 am: Query has run: <CALL USP_GetAccounts();>.
12/16/2012 09:13:39 am: Get the dataset to return in json obj...
12/16/2012 09:13:39 am: Query has run: <CALL USP_GetCategories2();>.
12/16/2012 09:13:39 am: ... Got dataset to return in json obj
12/16/2012 09:13:39 am: ... Got dataset to return in json obj
12/16/2012 09:13:39 am: Get the dataset to return in json obj...
12/16/2012 09:13:39 am: Get the dataset to return in json obj...
12/16/2012 09:13:40 am: Query has run: <CALL USP_GetCategories();>.
12/16/2012 09:13:40 am: ... Got dataset to return in json obj
12/16/2012 09:13:40 am: Query has run: <CALL USP_GetPayees();>.
12/16/2012 09:13:40 am: ... Got dataset to return in json obj
12/16/2012 09:13:40 am: Query has run: <CALL USP_GetCurrencies();>.
12/16/2012 09:13:40 am: ... Got dataset to return in json obj
12/16/2012 10:08:28 am: Get the dataset to return in json obj...
12/16/2012 10:08:28 am: Get the dataset to return in json obj...
12/16/2012 10:08:28 am: Get the dataset to return in json obj...
12/16/2012 10:08:28 am: Get the dataset to return in json obj...
12/16/2012 10:08:28 am: Get the dataset to return in json obj...
12/16/2012 10:08:28 am: Query has run: <CALL USP_GetCategories();>.
12/16/2012 10:08:28 am: ... Got dataset to return in json obj
12/16/2012 10:08:28 am: Query has run: <CALL USP_GetAccounts();>.
12/16/2012 10:08:28 am: ... Got dataset to return in json obj
12/16/2012 10:08:28 am: Query has run: <CALL USP_GetCurrencies();>.
12/16/2012 10:08:28 am: ... Got dataset to return in json obj
12/16/2012 10:08:28 am: Query has run: <CALL USP_GetCategories2();>.
12/16/2012 10:08:28 am: ... Got dataset to return in json obj
12/16/2012 10:08:28 am: Query has run: <CALL USP_GetPayees();>.
12/16/2012 10:08:28 am: ... Got dataset to return in json obj
12/16/2012 10:09:04 am: Get the dataset to return in json obj...
12/16/2012 10:09:04 am: Query has run: <CALL USP_GetCurrencies();>.
12/16/2012 10:09:04 am: ... Got dataset to return in json obj
12/16/2012 10:09:04 am: Get the dataset to return in json obj...
12/16/2012 10:09:04 am: Get the dataset to return in json obj...
12/16/2012 10:09:04 am: Query has run: <CALL USP_GetAccounts();>.
12/16/2012 10:09:04 am: ... Got dataset to return in json obj
12/16/2012 10:09:04 am: Query has run: <CALL USP_GetPayees();>.
12/16/2012 10:09:04 am: ... Got dataset to return in json obj
12/16/2012 10:09:04 am: Get the dataset to return in json obj...
12/16/2012 10:09:04 am: Query has run: <CALL USP_GetCategories();>.
12/16/2012 10:09:04 am: ... Got dataset to return in json obj
12/16/2012 10:09:04 am: Get the dataset to return in json obj...
12/16/2012 10:09:04 am: Query has run: <CALL USP_GetCategories2();>.
12/16/2012 10:09:04 am: ... Got dataset to return in json obj
12/16/2012 10:15:55 am: Amount value: -35,12. Preg_match_all result is <1>
12/16/2012 10:15:55 am: Currency = <1>.
12/16/2012 10:16:05 am: Amount value: -2,78. Preg_match_all result is <1>
12/16/2012 10:16:05 am: Currency = <1>.
12/16/2012 10:16:09 am: Get the dataset to return in json obj...
12/16/2012 10:16:09 am: Get the dataset to return in json obj...
12/16/2012 10:16:09 am: Get the dataset to return in json obj...
12/16/2012 10:16:09 am: Query has run: <CALL USP_GetCategories();>.
12/16/2012 10:16:09 am: ... Got dataset to return in json obj
12/16/2012 10:16:09 am: Get the dataset to return in json obj...
12/16/2012 10:16:09 am: Query has run: <CALL USP_GetAccounts();>.
12/16/2012 10:16:09 am: Query has run: <CALL USP_GetCurrencies();>.
12/16/2012 10:16:09 am: ... Got dataset to return in json obj
12/16/2012 10:16:09 am: ... Got dataset to return in json obj
12/16/2012 10:16:09 am: Get the dataset to return in json obj...
12/16/2012 10:16:09 am: Query has run: <CALL USP_GetPayees();>.
12/16/2012 10:16:09 am: ... Got dataset to return in json obj
12/16/2012 10:16:09 am: Query has run: <CALL USP_GetCategories2();>.
12/16/2012 10:16:09 am: ... Got dataset to return in json obj
12/16/2012 10:16:28 am: Get the dataset to return in json obj...
12/16/2012 10:16:28 am: Get the dataset to return in json obj...
12/16/2012 10:16:28 am: Get the dataset to return in json obj...
12/16/2012 10:16:28 am: Get the dataset to return in json obj...
12/16/2012 10:16:28 am: Query has run: <CALL USP_GetAccounts();>.
12/16/2012 10:16:28 am: Query has run: <CALL USP_GetCurrencies();>.
12/16/2012 10:16:28 am: ... Got dataset to return in json obj
12/16/2012 10:16:28 am: ... Got dataset to return in json obj
12/16/2012 10:16:28 am: Query has run: <CALL USP_GetPayees();>.
12/16/2012 10:16:28 am: Query has run: <CALL USP_GetCategories();>.
12/16/2012 10:16:28 am: ... Got dataset to return in json obj
12/16/2012 10:16:28 am: ... Got dataset to return in json obj
12/16/2012 10:16:28 am: Get the dataset to return in json obj...
12/16/2012 10:16:28 am: Query has run: <CALL USP_GetCategories2();>.
12/16/2012 10:16:28 am: ... Got dataset to return in json obj
12/16/2012 10:23:10 am: Get the dataset to return in json obj...
12/16/2012 10:23:10 am: Get the dataset to return in json obj...
12/16/2012 10:23:10 am: Get the dataset to return in json obj...
12/16/2012 10:23:10 am: Get the dataset to return in json obj...
12/16/2012 10:23:10 am: Query has run: <CALL USP_GetCurrencies();>.
12/16/2012 10:23:10 am: ... Got dataset to return in json obj
12/16/2012 10:23:10 am: Query has run: <CALL USP_GetAccounts();>.
12/16/2012 10:23:10 am: ... Got dataset to return in json obj
12/16/2012 10:23:10 am: Query has run: <CALL USP_GetPayees();>.
12/16/2012 10:23:10 am: ... Got dataset to return in json obj
12/16/2012 10:23:10 am: Query has run: <CALL USP_GetCategories();>.
12/16/2012 10:23:10 am: ... Got dataset to return in json obj
12/16/2012 10:23:10 am: Get the dataset to return in json obj...
12/16/2012 10:23:10 am: Query has run: <CALL USP_GetCategories2();>.
12/16/2012 10:23:10 am: ... Got dataset to return in json obj
12/16/2012 10:23:40 am: Amount value: -3,98. Preg_match_all result is <1>
12/16/2012 10:23:40 am: Currency = <1>.
12/16/2012 10:23:45 am: Get the dataset to return in json obj...
12/16/2012 10:23:45 am: Query has run: <CALL USP_GetAccounts();>.
12/16/2012 10:23:45 am: ... Got dataset to return in json obj
12/16/2012 10:23:45 am: Get the dataset to return in json obj...
12/16/2012 10:23:45 am: Query has run: <CALL USP_GetCurrencies();>.
12/16/2012 10:23:45 am: ... Got dataset to return in json obj
12/16/2012 10:23:45 am: Get the dataset to return in json obj...
12/16/2012 10:23:45 am: Get the dataset to return in json obj...
12/16/2012 10:23:45 am: Query has run: <CALL USP_GetCategories();>.
12/16/2012 10:23:45 am: ... Got dataset to return in json obj
12/16/2012 10:23:45 am: Get the dataset to return in json obj...
12/16/2012 10:23:45 am: Query has run: <CALL USP_GetPayees();>.
12/16/2012 10:23:45 am: Query has run: <CALL USP_GetCategories2();>.
12/16/2012 10:23:45 am: ... Got dataset to return in json obj
12/16/2012 10:23:45 am: ... Got dataset to return in json obj
12/16/2012 10:25:57 am: Get the dataset to return in json obj...
12/16/2012 10:25:57 am: Get the dataset to return in json obj...
12/16/2012 10:25:57 am: Query has run: <CALL USP_GetCurrencies();>.
12/16/2012 10:25:57 am: ... Got dataset to return in json obj
12/16/2012 10:25:57 am: Query has run: <CALL USP_GetAccounts();>.
12/16/2012 10:25:57 am: ... Got dataset to return in json obj
12/16/2012 10:25:57 am: Get the dataset to return in json obj...
12/16/2012 10:25:57 am: Get the dataset to return in json obj...
12/16/2012 10:25:57 am: Get the dataset to return in json obj...
12/16/2012 10:25:57 am: Query has run: <CALL USP_GetCategories();>.
12/16/2012 10:25:57 am: ... Got dataset to return in json obj
12/16/2012 10:25:57 am: Query has run: <CALL USP_GetCategories2();>.
12/16/2012 10:25:57 am: ... Got dataset to return in json obj
12/16/2012 10:25:57 am: Query has run: <CALL USP_GetPayees();>.
12/16/2012 10:25:57 am: ... Got dataset to return in json obj
12/16/2012 10:26:26 am: Amount value: -5,83. Preg_match_all result is <1>
12/16/2012 10:26:26 am: Currency = <1>.
12/16/2012 10:26:33 am: Get the dataset to return in json obj...
12/16/2012 10:26:33 am: Get the dataset to return in json obj...
12/16/2012 10:26:33 am: Get the dataset to return in json obj...
12/16/2012 10:26:33 am: Query has run: <CALL USP_GetCurrencies();>.
12/16/2012 10:26:33 am: ... Got dataset to return in json obj
12/16/2012 10:26:33 am: Get the dataset to return in json obj...
12/16/2012 10:26:33 am: Query has run: <CALL USP_GetPayees();>.
12/16/2012 10:26:33 am: ... Got dataset to return in json obj
12/16/2012 10:26:33 am: Query has run: <CALL USP_GetAccounts();>.
12/16/2012 10:26:33 am: Query has run: <CALL USP_GetCategories();>.
12/16/2012 10:26:33 am: ... Got dataset to return in json obj
12/16/2012 10:26:33 am: ... Got dataset to return in json obj
12/16/2012 10:26:33 am: Get the dataset to return in json obj...
12/16/2012 10:26:33 am: Query has run: <CALL USP_GetCategories2();>.
12/16/2012 10:26:33 am: ... Got dataset to return in json obj
12/16/2012 10:27:08 am: Get the dataset to return in json obj...
12/16/2012 10:27:08 am: Get the dataset to return in json obj...
12/16/2012 10:27:08 am: Get the dataset to return in json obj...
12/16/2012 10:27:08 am: Query has run: <CALL USP_GetAccounts();>.
12/16/2012 10:27:08 am: ... Got dataset to return in json obj
12/16/2012 10:27:08 am: Query has run: <CALL USP_GetCurrencies();>.
12/16/2012 10:27:08 am: ... Got dataset to return in json obj
12/16/2012 10:27:08 am: Query has run: <CALL USP_GetPayees();>.
12/16/2012 10:27:08 am: ... Got dataset to return in json obj
12/16/2012 10:27:08 am: Get the dataset to return in json obj...
12/16/2012 10:27:08 am: Query has run: <CALL USP_GetCategories2();>.
12/16/2012 10:27:08 am: ... Got dataset to return in json obj
12/16/2012 10:27:08 am: Get the dataset to return in json obj...
12/16/2012 10:27:08 am: Query has run: <CALL USP_GetCategories();>.
12/16/2012 10:27:08 am: ... Got dataset to return in json obj
12/16/2012 10:27:46 am: Amount value: -35,12. Preg_match_all result is <1>
12/16/2012 10:27:46 am: Currency = <1>.
12/16/2012 10:28:04 am: Amount value: 35,12. Preg_match_all result is <1>
12/16/2012 10:28:04 am: Currency = <1>.
12/16/2012 10:28:14 am: Amount value: 2,78. Preg_match_all result is <1>
12/16/2012 10:28:14 am: Currency = <1>.
12/16/2012 10:28:18 am: Get the dataset to return in json obj...
12/16/2012 10:28:18 am: Get the dataset to return in json obj...
12/16/2012 10:28:18 am: Get the dataset to return in json obj...
12/16/2012 10:28:18 am: Query has run: <CALL USP_GetAccounts();>.
12/16/2012 10:28:18 am: ... Got dataset to return in json obj
12/16/2012 10:28:18 am: Query has run: <CALL USP_GetCurrencies();>.
12/16/2012 10:28:18 am: ... Got dataset to return in json obj
12/16/2012 10:28:18 am: Get the dataset to return in json obj...
12/16/2012 10:28:18 am: Query has run: <CALL USP_GetCategories();>.
12/16/2012 10:28:18 am: ... Got dataset to return in json obj
12/16/2012 10:28:18 am: Get the dataset to return in json obj...
12/16/2012 10:28:18 am: Query has run: <CALL USP_GetPayees();>.
12/16/2012 10:28:18 am: ... Got dataset to return in json obj
12/16/2012 10:28:18 am: Query has run: <CALL USP_GetCategories2();>.
12/16/2012 10:28:18 am: ... Got dataset to return in json obj
12/16/2012 10:29:32 am: Get the dataset to return in json obj...
12/16/2012 10:29:32 am: Get the dataset to return in json obj...
12/16/2012 10:29:32 am: Query has run: <CALL USP_GetAccounts();>.
12/16/2012 10:29:32 am: Get the dataset to return in json obj...
12/16/2012 10:29:32 am: Query has run: <CALL USP_GetPayees();>.
12/16/2012 10:29:32 am: ... Got dataset to return in json obj
12/16/2012 10:29:32 am: ... Got dataset to return in json obj
12/16/2012 10:29:32 am: Query has run: <CALL USP_GetCurrencies();>.
12/16/2012 10:29:32 am: ... Got dataset to return in json obj
12/16/2012 10:29:32 am: Get the dataset to return in json obj...
12/16/2012 10:29:32 am: Query has run: <CALL USP_GetCategories();>.
12/16/2012 10:29:32 am: ... Got dataset to return in json obj
12/16/2012 10:29:32 am: Get the dataset to return in json obj...
12/16/2012 10:29:32 am: Query has run: <CALL USP_GetCategories2();>.
12/16/2012 10:29:32 am: ... Got dataset to return in json obj
12/16/2012 10:29:46 am: Amount value: -125. Preg_match_all result is <1>
12/16/2012 10:29:46 am: Currency = <1>.
12/16/2012 10:29:50 am: Get the dataset to return in json obj...
12/16/2012 10:29:50 am: Get the dataset to return in json obj...
12/16/2012 10:29:50 am: Query has run: <CALL USP_GetAccounts();>.
12/16/2012 10:29:50 am: ... Got dataset to return in json obj
12/16/2012 10:29:50 am: Query has run: <CALL USP_GetCategories2();>.
12/16/2012 10:29:50 am: ... Got dataset to return in json obj
12/16/2012 10:29:50 am: Get the dataset to return in json obj...
12/16/2012 10:29:50 am: Get the dataset to return in json obj...
12/16/2012 10:29:50 am: Get the dataset to return in json obj...
12/16/2012 10:29:50 am: Query has run: <CALL USP_GetCurrencies();>.
12/16/2012 10:29:50 am: ... Got dataset to return in json obj
12/16/2012 10:29:50 am: Query has run: <CALL USP_GetPayees();>.
12/16/2012 10:29:50 am: ... Got dataset to return in json obj
12/16/2012 10:29:50 am: Query has run: <CALL USP_GetCategories();>.
12/16/2012 10:29:50 am: ... Got dataset to return in json obj
12/16/2012 10:30:16 am: Get the dataset to return in json obj...
12/16/2012 10:30:16 am: Get the dataset to return in json obj...
12/16/2012 10:30:16 am: Get the dataset to return in json obj...
12/16/2012 10:30:16 am: Get the dataset to return in json obj...
12/16/2012 10:30:16 am: Query has run: <CALL USP_GetCurrencies();>.
12/16/2012 10:30:16 am: ... Got dataset to return in json obj
12/16/2012 10:30:16 am: Query has run: <CALL USP_GetCategories();>.
12/16/2012 10:30:16 am: Query has run: <CALL USP_GetAccounts();>.
12/16/2012 10:30:16 am: ... Got dataset to return in json obj
12/16/2012 10:30:16 am: ... Got dataset to return in json obj
12/16/2012 10:30:16 am: Get the dataset to return in json obj...
12/16/2012 10:30:16 am: Query has run: <CALL USP_GetPayees();>.
12/16/2012 10:30:16 am: ... Got dataset to return in json obj
12/16/2012 10:30:16 am: Query has run: <CALL USP_GetCategories2();>.
12/16/2012 10:30:16 am: ... Got dataset to return in json obj
12/16/2012 10:30:33 am: Get the dataset to return in json obj...
12/16/2012 10:30:33 am: Query has run: <CALL USP_GetAccounts();>.
12/16/2012 10:30:33 am: ... Got dataset to return in json obj
12/16/2012 10:30:33 am: Get the dataset to return in json obj...
12/16/2012 10:30:33 am: Get the dataset to return in json obj...
12/16/2012 10:30:33 am: Query has run: <CALL USP_GetCategories2();>.
12/16/2012 10:30:33 am: ... Got dataset to return in json obj
12/16/2012 10:30:33 am: Query has run: <CALL USP_GetCurrencies();>.
12/16/2012 10:30:33 am: ... Got dataset to return in json obj
12/16/2012 10:30:33 am: Get the dataset to return in json obj...
12/16/2012 10:30:33 am: Get the dataset to return in json obj...
12/16/2012 10:30:33 am: Query has run: <CALL USP_GetPayees();>.
12/16/2012 10:30:33 am: ... Got dataset to return in json obj
12/16/2012 10:30:33 am: Query has run: <CALL USP_GetCategories();>.
12/16/2012 10:30:33 am: ... Got dataset to return in json obj
12/16/2012 10:31:02 am: Amount value: -1,3. Preg_match_all result is <1>
12/16/2012 10:31:02 am: Currency = <3>.
12/16/2012 10:31:22 am: Amount value: -11. Preg_match_all result is <1>
12/16/2012 10:31:22 am: Currency = <3>.
12/16/2012 10:31:29 am: Amount value: -11. Preg_match_all result is <1>
12/16/2012 10:31:29 am: Currency = <3>.
12/16/2012 10:32:10 am: Amount value: -11. Preg_match_all result is <1>
12/16/2012 10:32:10 am: Currency = <3>.
12/16/2012 10:32:16 am: Amount value: -11. Preg_match_all result is <1>
12/16/2012 10:32:16 am: Currency = <3>.
12/16/2012 10:32:31 am: Amount value: -11. Preg_match_all result is <1>
12/16/2012 10:32:31 am: Currency = <3>.
12/16/2012 10:32:37 am: Get the dataset to return in json obj...
12/16/2012 10:32:37 am: Query has run: <CALL USP_GetAccounts();>.
12/16/2012 10:32:37 am: ... Got dataset to return in json obj
12/16/2012 10:32:37 am: Get the dataset to return in json obj...
12/16/2012 10:32:37 am: Get the dataset to return in json obj...
12/16/2012 10:32:37 am: Get the dataset to return in json obj...
12/16/2012 10:32:37 am: Get the dataset to return in json obj...
12/16/2012 10:32:37 am: Query has run: <CALL USP_GetCurrencies();>.
12/16/2012 10:32:37 am: ... Got dataset to return in json obj
12/16/2012 10:32:37 am: Query has run: <CALL USP_GetCategories2();>.
12/16/2012 10:32:37 am: ... Got dataset to return in json obj
12/16/2012 10:32:37 am: Query has run: <CALL USP_GetPayees();>.
12/16/2012 10:32:37 am: ... Got dataset to return in json obj
12/16/2012 10:32:37 am: Query has run: <CALL USP_GetCategories();>.
12/16/2012 10:32:37 am: ... Got dataset to return in json obj
12/16/2012 10:32:39 am: Get the dataset to return in json obj...
12/16/2012 10:32:39 am: Get the dataset to return in json obj...
12/16/2012 10:32:39 am: Query has run: <CALL USP_GetPayees();>.
12/16/2012 10:32:39 am: ... Got dataset to return in json obj
12/16/2012 10:32:39 am: Query has run: <CALL USP_GetCategories2();>.
12/16/2012 10:32:39 am: ... Got dataset to return in json obj
12/16/2012 10:32:39 am: Get the dataset to return in json obj...
12/16/2012 10:32:39 am: Get the dataset to return in json obj...
12/16/2012 10:32:39 am: Get the dataset to return in json obj...
12/16/2012 10:32:40 am: Query has run: <CALL USP_GetCurrencies();>.
12/16/2012 10:32:40 am: ... Got dataset to return in json obj
12/16/2012 10:32:40 am: Query has run: <CALL USP_GetAccounts();>.
12/16/2012 10:32:40 am: Query has run: <CALL USP_GetCategories();>.
12/16/2012 10:32:40 am: ... Got dataset to return in json obj
12/16/2012 10:32:40 am: ... Got dataset to return in json obj
12/16/2012 10:32:57 am: Get the dataset to return in json obj...
12/16/2012 10:32:57 am: Get the dataset to return in json obj...
12/16/2012 10:32:57 am: Get the dataset to return in json obj...
12/16/2012 10:32:57 am: Get the dataset to return in json obj...
12/16/2012 10:32:57 am: Query has run: <CALL USP_GetCurrencies();>.
12/16/2012 10:32:57 am: ... Got dataset to return in json obj
12/16/2012 10:32:57 am: Query has run: <CALL USP_GetCategories();>.
12/16/2012 10:32:57 am: Query has run: <CALL USP_GetAccounts();>.
12/16/2012 10:32:57 am: ... Got dataset to return in json obj
12/16/2012 10:32:57 am: ... Got dataset to return in json obj
12/16/2012 10:32:57 am: Query has run: <CALL USP_GetPayees();>.
12/16/2012 10:32:57 am: ... Got dataset to return in json obj
12/16/2012 10:32:57 am: Get the dataset to return in json obj...
12/16/2012 10:32:57 am: Query has run: <CALL USP_GetCategories2();>.
12/16/2012 10:32:57 am: ... Got dataset to return in json obj
12/16/2012 10:34:07 am: Amount value: 365. Preg_match_all result is <1>
12/16/2012 10:34:07 am: Currency = <3>.
12/16/2012 10:34:11 am: Get the dataset to return in json obj...
12/16/2012 10:34:11 am: Get the dataset to return in json obj...
12/16/2012 10:34:11 am: Get the dataset to return in json obj...
12/16/2012 10:34:11 am: Query has run: <CALL USP_GetCurrencies();>.
12/16/2012 10:34:11 am: ... Got dataset to return in json obj
12/16/2012 10:34:11 am: Get the dataset to return in json obj...
12/16/2012 10:34:11 am: Query has run: <CALL USP_GetPayees();>.
12/16/2012 10:34:11 am: ... Got dataset to return in json obj
12/16/2012 10:34:11 am: Get the dataset to return in json obj...
12/16/2012 10:34:11 am: Query has run: <CALL USP_GetCategories();>.
12/16/2012 10:34:11 am: ... Got dataset to return in json obj
12/16/2012 10:34:11 am: Query has run: <CALL USP_GetAccounts();>.
12/16/2012 10:34:11 am: ... Got dataset to return in json obj
12/16/2012 10:34:11 am: Query has run: <CALL USP_GetCategories2();>.
12/16/2012 10:34:11 am: ... Got dataset to return in json obj
12/16/2012 10:34:12 am: Get the dataset to return in json obj...
12/16/2012 10:34:12 am: Query has run: <CALL USP_GetAccounts();>.
12/16/2012 10:34:12 am: ... Got dataset to return in json obj
12/16/2012 10:34:12 am: Get the dataset to return in json obj...
12/16/2012 10:34:12 am: Get the dataset to return in json obj...
12/16/2012 10:34:12 am: Get the dataset to return in json obj...
12/16/2012 10:34:12 am: Query has run: <CALL USP_GetCurrencies();>.
12/16/2012 10:34:12 am: Query has run: <CALL USP_GetPayees();>.
12/16/2012 10:34:12 am: ... Got dataset to return in json obj
12/16/2012 10:34:12 am: ... Got dataset to return in json obj
12/16/2012 10:34:12 am: Get the dataset to return in json obj...
12/16/2012 10:34:12 am: Query has run: <CALL USP_GetCategories();>.
12/16/2012 10:34:12 am: ... Got dataset to return in json obj
12/16/2012 10:34:12 am: Query has run: <CALL USP_GetCategories2();>.
12/16/2012 10:34:12 am: ... Got dataset to return in json obj
12/16/2012 10:34:13 am: Get the dataset to return in json obj...
12/16/2012 10:34:13 am: Query has run: <CALL USP_GetAccounts();>.
12/16/2012 10:34:13 am: ... Got dataset to return in json obj
12/16/2012 10:34:13 am: Get the dataset to return in json obj...
12/16/2012 10:34:13 am: Get the dataset to return in json obj...
12/16/2012 10:34:13 am: Query has run: <CALL USP_GetCurrencies();>.
12/16/2012 10:34:13 am: ... Got dataset to return in json obj
12/16/2012 10:34:13 am: Query has run: <CALL USP_GetPayees();>.
12/16/2012 10:34:13 am: ... Got dataset to return in json obj
12/16/2012 10:34:13 am: Get the dataset to return in json obj...
12/16/2012 10:34:13 am: Query has run: <CALL USP_GetCategories();>.
12/16/2012 10:34:13 am: ... Got dataset to return in json obj
12/16/2012 10:34:13 am: Get the dataset to return in json obj...
12/16/2012 10:34:13 am: Query has run: <CALL USP_GetCategories2();>.
12/16/2012 10:34:13 am: ... Got dataset to return in json obj
12/16/2012 10:34:14 am: Get the dataset to return in json obj...
12/16/2012 10:34:14 am: Get the dataset to return in json obj...
12/16/2012 10:34:14 am: Query has run: <CALL USP_GetAccounts();>.
12/16/2012 10:34:14 am: ... Got dataset to return in json obj
12/16/2012 10:34:14 am: Query has run: <CALL USP_GetCategories2();>.
12/16/2012 10:34:14 am: ... Got dataset to return in json obj
12/16/2012 10:34:14 am: Get the dataset to return in json obj...
12/16/2012 10:34:14 am: Get the dataset to return in json obj...
12/16/2012 10:34:14 am: Query has run: <CALL USP_GetCategories();>.
12/16/2012 10:34:14 am: ... Got dataset to return in json obj
12/16/2012 10:34:14 am: Get the dataset to return in json obj...
12/16/2012 10:34:14 am: Query has run: <CALL USP_GetCurrencies();>.
12/16/2012 10:34:14 am: ... Got dataset to return in json obj
12/16/2012 10:34:14 am: Query has run: <CALL USP_GetPayees();>.
12/16/2012 10:34:14 am: ... Got dataset to return in json obj
12/16/2012 10:34:14 am: Get the dataset to return in json obj...
12/16/2012 10:34:14 am: Query has run: <CALL USP_GetAccounts();>.
12/16/2012 10:34:14 am: ... Got dataset to return in json obj
12/16/2012 10:34:14 am: Get the dataset to return in json obj...
12/16/2012 10:34:14 am: Query has run: <CALL USP_GetCurrencies();>.
12/16/2012 10:34:14 am: ... Got dataset to return in json obj
12/16/2012 10:34:14 am: Get the dataset to return in json obj...
12/16/2012 10:34:14 am: Get the dataset to return in json obj...
12/16/2012 10:34:14 am: Query has run: <CALL USP_GetPayees();>.
12/16/2012 10:34:14 am: ... Got dataset to return in json obj
12/16/2012 10:34:14 am: Query has run: <CALL USP_GetCategories();>.
12/16/2012 10:34:14 am: ... Got dataset to return in json obj
12/16/2012 10:34:14 am: Get the dataset to return in json obj...
12/16/2012 10:34:14 am: Query has run: <CALL USP_GetCategories2();>.
12/16/2012 10:34:14 am: ... Got dataset to return in json obj
12/16/2012 10:34:14 am: Get the dataset to return in json obj...
12/16/2012 10:34:14 am: Query has run: <CALL USP_GetCurrencies();>.
12/16/2012 10:34:14 am: ... Got dataset to return in json obj
12/16/2012 10:34:14 am: Get the dataset to return in json obj...
12/16/2012 10:34:14 am: Query has run: <CALL USP_GetPayees();>.
12/16/2012 10:34:14 am: ... Got dataset to return in json obj
12/16/2012 10:34:14 am: Get the dataset to return in json obj...
12/16/2012 10:34:14 am: Query has run: <CALL USP_GetAccounts();>.
12/16/2012 10:34:14 am: ... Got dataset to return in json obj
12/16/2012 10:34:14 am: Get the dataset to return in json obj...
12/16/2012 10:34:14 am: Query has run: <CALL USP_GetCategories();>.
12/16/2012 10:34:14 am: ... Got dataset to return in json obj
12/16/2012 10:34:14 am: Get the dataset to return in json obj...
12/16/2012 10:34:14 am: Query has run: <CALL USP_GetCategories2();>.
12/16/2012 10:34:14 am: ... Got dataset to return in json obj
12/16/2012 10:34:27 am: Get the dataset to return in json obj...
12/16/2012 10:34:27 am: Get the dataset to return in json obj...
12/16/2012 10:34:27 am: Get the dataset to return in json obj...
12/16/2012 10:34:27 am: Get the dataset to return in json obj...
12/16/2012 10:34:27 am: Query has run: <CALL USP_GetAccounts();>.
12/16/2012 10:34:27 am: ... Got dataset to return in json obj
12/16/2012 10:34:27 am: Query has run: <CALL USP_GetCategories();>.
12/16/2012 10:34:27 am: ... Got dataset to return in json obj
12/16/2012 10:34:27 am: Get the dataset to return in json obj...
12/16/2012 10:34:27 am: Query has run: <CALL USP_GetPayees();>.
12/16/2012 10:34:27 am: ... Got dataset to return in json obj
12/16/2012 10:34:27 am: Query has run: <CALL USP_GetCurrencies();>.
12/16/2012 10:34:27 am: ... Got dataset to return in json obj
12/16/2012 10:34:27 am: Query has run: <CALL USP_GetCategories2();>.
12/16/2012 10:34:27 am: ... Got dataset to return in json obj
12/16/2012 10:34:40 am: Get the dataset to return in json obj...
12/16/2012 10:34:40 am: Query has run: <CALL USP_GetCurrencies();>.
12/16/2012 10:34:40 am: ... Got dataset to return in json obj
12/16/2012 10:34:40 am: Get the dataset to return in json obj...
12/16/2012 10:34:40 am: Get the dataset to return in json obj...
12/16/2012 10:34:40 am: Query has run: <CALL USP_GetCategories();>.
12/16/2012 10:34:40 am: ... Got dataset to return in json obj
12/16/2012 10:34:40 am: Query has run: <CALL USP_GetPayees();>.
12/16/2012 10:34:40 am: ... Got dataset to return in json obj
12/16/2012 10:34:40 am: Get the dataset to return in json obj...
12/16/2012 10:34:40 am: Get the dataset to return in json obj...
12/16/2012 10:34:40 am: Query has run: <CALL USP_GetCategories2();>.
12/16/2012 10:34:40 am: ... Got dataset to return in json obj
12/16/2012 10:34:40 am: Query has run: <CALL USP_GetAccounts();>.
12/16/2012 10:34:40 am: ... Got dataset to return in json obj
12/16/2012 12:34:04 pm: Get the dataset to return in json obj...
12/16/2012 12:34:04 pm: Query has run: <CALL USP_GetAccounts();>.
12/16/2012 12:34:04 pm: ... Got dataset to return in json obj
12/16/2012 12:34:04 pm: Get the dataset to return in json obj...
12/16/2012 12:34:04 pm: Get the dataset to return in json obj...
12/16/2012 12:34:04 pm: Query has run: <CALL USP_GetCategories();>.
12/16/2012 12:34:04 pm: ... Got dataset to return in json obj
12/16/2012 12:34:04 pm: Query has run: <CALL USP_GetCategories2();>.
12/16/2012 12:34:04 pm: ... Got dataset to return in json obj
12/16/2012 12:34:04 pm: Get the dataset to return in json obj...
12/16/2012 12:34:04 pm: Query has run: <CALL USP_GetCurrencies();>.
12/16/2012 12:34:04 pm: ... Got dataset to return in json obj
12/16/2012 12:34:04 pm: Get the dataset to return in json obj...
12/16/2012 12:34:04 pm: Query has run: <CALL USP_GetPayees();>.
12/16/2012 12:34:04 pm: ... Got dataset to return in json obj
12/16/2012 12:34:09 pm: Get the dataset to return in json obj...
12/16/2012 12:34:09 pm: Get the dataset to return in json obj...
12/16/2012 12:34:09 pm: Query has run: <CALL USP_GetAccounts();>.
12/16/2012 12:34:09 pm: ... Got dataset to return in json obj
12/16/2012 12:34:09 pm: Query has run: <CALL USP_GetPayees();>.
12/16/2012 12:34:09 pm: Get the dataset to return in json obj...
12/16/2012 12:34:09 pm: Get the dataset to return in json obj...
12/16/2012 12:34:09 pm: ... Got dataset to return in json obj
12/16/2012 12:34:09 pm: Query has run: <CALL USP_GetCategories();>.
12/16/2012 12:34:09 pm: ... Got dataset to return in json obj
12/16/2012 12:34:09 pm: Get the dataset to return in json obj...
12/16/2012 12:34:09 pm: Query has run: <CALL USP_GetCategories2();>.
12/16/2012 12:34:09 pm: Query has run: <CALL USP_GetCurrencies();>.
12/16/2012 12:34:09 pm: ... Got dataset to return in json obj
12/16/2012 12:34:09 pm: ... Got dataset to return in json obj
12/16/2012 09:05:43 pm: Get the dataset to return in json obj...
12/16/2012 09:05:43 pm: Get the dataset to return in json obj...
12/16/2012 09:05:43 pm: Get the dataset to return in json obj...
12/16/2012 09:05:43 pm: Get the dataset to return in json obj...
12/16/2012 09:05:43 pm: Query has run: <CALL USP_GetCurrencies();>.
12/16/2012 09:05:43 pm: ... Got dataset to return in json obj
12/16/2012 09:05:43 pm: Query has run: <CALL USP_GetAccounts();>.
12/16/2012 09:05:43 pm: ... Got dataset to return in json obj
12/16/2012 09:05:43 pm: Query has run: <CALL USP_GetPayees();>.
12/16/2012 09:05:43 pm: ... Got dataset to return in json obj
12/16/2012 09:05:43 pm: Query has run: <CALL USP_GetCategories();>.
12/16/2012 09:05:43 pm: ... Got dataset to return in json obj
12/16/2012 09:05:43 pm: Get the dataset to return in json obj...
12/16/2012 09:05:43 pm: Query has run: <CALL USP_GetCategories2();>.
12/16/2012 09:05:43 pm: ... Got dataset to return in json obj
12/16/2012 09:15:27 pm: Amount value: -11,63. Preg_match_all result is <1>
12/16/2012 09:15:27 pm: Currency = <3>.
12/16/2012 09:15:29 pm: Get the dataset to return in json obj...
12/16/2012 09:15:29 pm: Get the dataset to return in json obj...
12/16/2012 09:15:29 pm: Get the dataset to return in json obj...
12/16/2012 09:15:29 pm: Query has run: <CALL USP_GetCategories();>.
12/16/2012 09:15:29 pm: ... Got dataset to return in json obj
12/16/2012 09:15:29 pm: Get the dataset to return in json obj...
12/16/2012 09:15:29 pm: Get the dataset to return in json obj...
12/16/2012 09:15:29 pm: Query has run: <CALL USP_GetPayees();>.
12/16/2012 09:15:29 pm: ... Got dataset to return in json obj
12/16/2012 09:15:29 pm: Query has run: <CALL USP_GetCategories2();>.
12/16/2012 09:15:29 pm: ... Got dataset to return in json obj
12/16/2012 09:15:29 pm: Query has run: <CALL USP_GetAccounts();>.
12/16/2012 09:15:29 pm: ... Got dataset to return in json obj
12/16/2012 09:15:29 pm: Query has run: <CALL USP_GetCurrencies();>.
12/16/2012 09:15:29 pm: ... Got dataset to return in json obj
