07/30/2012 08:50:18 am: Hit to <getData.php>. Type: <cat>. Currency in Post=<>. currency var=<1>.
07/30/2012 08:50:18 am: Get the dataset to return in json obj...
07/30/2012 08:50:18 am: Get the dataset to return in json obj...
07/30/2012 08:50:18 am: Get the dataset to return in json obj...
07/30/2012 08:50:18 am: Get the dataset to return in json obj...
07/30/2012 08:50:18 am: Get the dataset to return in json obj...
07/30/2012 08:50:18 am: Query has run: <CALL USP_GetCurrencies();>.
07/30/2012 08:50:18 am: ... Got dataset to return in json obj
07/30/2012 08:50:18 am: Query has run: <CALL USP_GetCategories();>.
07/30/2012 08:50:18 am: ... Got dataset to return in json obj
07/30/2012 08:50:18 am: Query has run: <CALL USP_GetPayees();>.
07/30/2012 08:50:18 am: ... Got dataset to return in json obj
07/30/2012 08:50:18 am: Query has run: <CALL USP_GetAccounts();>.
07/30/2012 08:50:18 am: ... Got dataset to return in json obj
07/30/2012 08:50:18 am: Query has run: <CALL USP_GetCategories2();>.
07/30/2012 08:50:18 am: ... Got dataset to return in json obj
07/30/2012 08:50:53 am: Hit to <getData.php>. Type: <acc>. Currency in Post=<1>. currency var=<1>.
07/30/2012 08:50:53 am: Hit to <getData.php>. Type: <payee>. Currency in Post=<>. currency var=<1>.
07/30/2012 08:50:53 am: Hit to <getData.php>. Type: <scat>. Currency in Post=<>. currency var=<1>.
07/30/2012 08:50:53 am: Hit to <getData.php>. Type: <curr>. Currency in Post=<>. currency var=<1>.
07/30/2012 08:50:53 am: Hit to <getData.php>. Type: <cat>. Currency in Post=<>. currency var=<1>.
07/30/2012 08:50:53 am: Get the dataset to return in json obj...
07/30/2012 08:50:53 am: Get the dataset to return in json obj...
07/30/2012 08:50:53 am: Get the dataset to return in json obj...
07/30/2012 08:50:53 am: Query has run: <CALL USP_GetPayees();>.
07/30/2012 08:50:53 am: Query has run: <CALL USP_GetAccounts();>.
07/30/2012 08:50:53 am: ... Got dataset to return in json obj
07/30/2012 08:50:53 am: ... Got dataset to return in json obj
07/30/2012 08:50:53 am: Get the dataset to return in json obj...
07/30/2012 08:50:53 am: Query has run: <CALL USP_GetCategories2();>.
07/30/2012 08:50:53 am: ... Got dataset to return in json obj
07/30/2012 08:50:53 am: Get the dataset to return in json obj...
07/30/2012 08:50:53 am: Query has run: <CALL USP_GetCurrencies();>.
07/30/2012 08:50:53 am: ... Got dataset to return in json obj
07/30/2012 08:50:53 am: Query has run: <CALL USP_GetCategories();>.
07/30/2012 08:50:53 am: ... Got dataset to return in json obj
07/30/2012 08:52:00 am: Hit to <getData.php>. Type: <acc>. Currency in Post=<1>. currency var=<1>.
07/30/2012 08:52:00 am: Hit to <getData.php>. Type: <cat>. Currency in Post=<>. currency var=<1>.
07/30/2012 08:52:00 am: Hit to <getData.php>. Type: <curr>. Currency in Post=<>. currency var=<1>.
07/30/2012 08:52:00 am: Hit to <getData.php>. Type: <payee>. Currency in Post=<>. currency var=<1>.
07/30/2012 08:52:00 am: Get the dataset to return in json obj...
07/30/2012 08:52:00 am: Get the dataset to return in json obj...
07/30/2012 08:52:00 am: Get the dataset to return in json obj...
07/30/2012 08:52:00 am: Get the dataset to return in json obj...
07/30/2012 08:52:00 am: Hit to <getData.php>. Type: <scat>. Currency in Post=<>. currency var=<1>.
07/30/2012 08:52:00 am: Query has run: <CALL USP_GetPayees();>.
07/30/2012 08:52:00 am: ... Got dataset to return in json obj
07/30/2012 08:52:00 am: Get the dataset to return in json obj...
07/30/2012 08:52:00 am: Query has run: <CALL USP_GetAccounts();>.
07/30/2012 08:52:00 am: Query has run: <CALL USP_GetCurrencies();>.
07/30/2012 08:52:00 am: ... Got dataset to return in json obj
07/30/2012 08:52:00 am: ... Got dataset to return in json obj
07/30/2012 08:52:00 am: Query has run: <CALL USP_GetCategories();>.
07/30/2012 08:52:00 am: ... Got dataset to return in json obj
07/30/2012 08:52:00 am: Query has run: <CALL USP_GetCategories2();>.
07/30/2012 08:52:00 am: ... Got dataset to return in json obj
07/30/2012 09:23:56 am: Hit to <getData.php>. Type: <acc>. Currency in Post=<1>. currency var=<1>.
07/30/2012 09:23:56 am: Get the dataset to return in json obj...
07/30/2012 09:23:56 am: Hit to <getData.php>. Type: <scat>. Currency in Post=<>. currency var=<1>.
07/30/2012 09:23:56 am: Hit to <getData.php>. Type: <cat>. Currency in Post=<>. currency var=<1>.
07/30/2012 09:23:56 am: Hit to <getData.php>. Type: <payee>. Currency in Post=<>. currency var=<1>.
07/30/2012 09:23:56 am: Get the dataset to return in json obj...
07/30/2012 09:23:56 am: Get the dataset to return in json obj...
07/30/2012 09:23:56 am: Hit to <getData.php>. Type: <curr>. Currency in Post=<>. currency var=<1>.
07/30/2012 09:23:56 am: Get the dataset to return in json obj...
07/30/2012 09:23:56 am: Get the dataset to return in json obj...
07/30/2012 09:23:56 am: Query has run: <CALL USP_GetCategories();>.
07/30/2012 09:23:56 am: ... Got dataset to return in json obj
07/30/2012 09:23:56 am: Query has run: <CALL USP_GetCategories2();>.
07/30/2012 09:23:56 am: ... Got dataset to return in json obj
07/30/2012 09:23:56 am: Query has run: <CALL USP_GetPayees();>.
07/30/2012 09:23:56 am: ... Got dataset to return in json obj
07/30/2012 09:23:56 am: Query has run: <CALL USP_GetAccounts();>.
07/30/2012 09:23:56 am: ... Got dataset to return in json obj
07/30/2012 09:23:56 am: Query has run: <CALL USP_GetCurrencies();>.
07/30/2012 09:23:56 am: ... Got dataset to return in json obj
07/30/2012 09:31:16 am: Hit to <getData.php>. Type: <curr>. Currency in Post=<>. currency var=<1>.
07/30/2012 09:31:16 am: Hit to <getData.php>. Type: <payee>. Currency in Post=<>. currency var=<1>.
07/30/2012 09:31:16 am: Hit to <getData.php>. Type: <acc>. Currency in Post=<1>. currency var=<1>.
07/30/2012 09:31:16 am: Get the dataset to return in json obj...
07/30/2012 09:31:16 am: Get the dataset to return in json obj...
07/30/2012 09:31:16 am: Hit to <getData.php>. Type: <cat>. Currency in Post=<>. currency var=<1>.
07/30/2012 09:31:16 am: Query has run: <CALL USP_GetCurrencies();>.
07/30/2012 09:31:16 am: ... Got dataset to return in json obj
07/30/2012 09:31:16 am: Query has run: <CALL USP_GetPayees();>.
07/30/2012 09:31:16 am: ... Got dataset to return in json obj
07/30/2012 09:31:16 am: Get the dataset to return in json obj...
07/30/2012 09:31:16 am: Get the dataset to return in json obj...
07/30/2012 09:31:16 am: Query has run: <CALL USP_GetCategories();>.
07/30/2012 09:31:16 am: ... Got dataset to return in json obj
07/30/2012 09:31:16 am: Query has run: <CALL USP_GetAccounts();>.
07/30/2012 09:31:16 am: ... Got dataset to return in json obj
07/30/2012 09:31:16 am: Hit to <getData.php>. Type: <scat>. Currency in Post=<>. currency var=<1>.
07/30/2012 09:31:16 am: Get the dataset to return in json obj...
07/30/2012 09:31:16 am: Query has run: <CALL USP_GetCategories2();>.
07/30/2012 09:31:16 am: ... Got dataset to return in json obj
07/30/2012 09:32:06 am: Hit to <getData.php>. Type: <acc>. Currency in Post=<1>. currency var=<1>.
07/30/2012 09:32:06 am: Get the dataset to return in json obj...
07/30/2012 09:32:06 am: Query has run: <CALL USP_GetAccounts();>.
07/30/2012 09:32:06 am: ... Got dataset to return in json obj
07/30/2012 09:32:06 am: Hit to <getData.php>. Type: <curr>. Currency in Post=<>. currency var=<1>.
07/30/2012 09:32:06 am: Hit to <getData.php>. Type: <payee>. Currency in Post=<>. currency var=<1>.
07/30/2012 09:32:06 am: Get the dataset to return in json obj...
07/30/2012 09:32:06 am: Query has run: <CALL USP_GetCurrencies();>.
07/30/2012 09:32:06 am: ... Got dataset to return in json obj
07/30/2012 09:32:06 am: Hit to <getData.php>. Type: <cat>. Currency in Post=<>. currency var=<1>.
07/30/2012 09:32:06 am: Get the dataset to return in json obj...
07/30/2012 09:32:06 am: Get the dataset to return in json obj...
07/30/2012 09:32:06 am: Query has run: <CALL USP_GetPayees();>.
07/30/2012 09:32:06 am: ... Got dataset to return in json obj
07/30/2012 09:32:06 am: Query has run: <CALL USP_GetCategories();>.
07/30/2012 09:32:06 am: ... Got dataset to return in json obj
07/30/2012 09:32:06 am: Hit to <getData.php>. Type: <scat>. Currency in Post=<>. currency var=<1>.
07/30/2012 09:32:06 am: Get the dataset to return in json obj...
07/30/2012 09:32:06 am: Query has run: <CALL USP_GetCategories2();>.
07/30/2012 09:32:06 am: ... Got dataset to return in json obj
07/30/2012 09:32:20 am: Hit to <getData.php>. Type: <acc>. Currency in Post=<1>. currency var=<1>.
07/30/2012 09:32:20 am: Hit to <getData.php>. Type: <curr>. Currency in Post=<>. currency var=<1>.
07/30/2012 09:32:20 am: Hit to <getData.php>. Type: <payee>. Currency in Post=<>. currency var=<1>.
07/30/2012 09:32:20 am: Get the dataset to return in json obj...
07/30/2012 09:32:20 am: Get the dataset to return in json obj...
07/30/2012 09:32:20 am: Hit to <getData.php>. Type: <cat>. Currency in Post=<>. currency var=<1>.
07/30/2012 09:32:20 am: Query has run: <CALL USP_GetAccounts();>.
07/30/2012 09:32:20 am: ... Got dataset to return in json obj
07/30/2012 09:32:20 am: Get the dataset to return in json obj...
07/30/2012 09:32:20 am: Hit to <getData.php>. Type: <scat>. Currency in Post=<>. currency var=<1>.
07/30/2012 09:32:20 am: Query has run: <CALL USP_GetPayees();>.
07/30/2012 09:32:20 am: ... Got dataset to return in json obj
07/30/2012 09:32:20 am: Query has run: <CALL USP_GetCurrencies();>.
07/30/2012 09:32:20 am: ... Got dataset to return in json obj
07/30/2012 09:32:20 am: Get the dataset to return in json obj...
07/30/2012 09:32:20 am: Get the dataset to return in json obj...
07/30/2012 09:32:20 am: Query has run: <CALL USP_GetCategories();>.
07/30/2012 09:32:20 am: ... Got dataset to return in json obj
07/30/2012 09:32:20 am: Query has run: <CALL USP_GetCategories2();>.
07/30/2012 09:32:20 am: ... Got dataset to return in json obj
07/30/2012 09:32:22 am: Hit to <getData.php>. Type: <acc>. Currency in Post=<1>. currency var=<1>.
07/30/2012 09:32:22 am: Get the dataset to return in json obj...
07/30/2012 09:32:22 am: Query has run: <CALL USP_GetAccounts();>.
07/30/2012 09:32:22 am: ... Got dataset to return in json obj
07/30/2012 09:32:22 am: Hit to <getData.php>. Type: <curr>. Currency in Post=<>. currency var=<1>.
07/30/2012 09:32:22 am: Hit to <getData.php>. Type: <payee>. Currency in Post=<>. currency var=<1>.
07/30/2012 09:32:22 am: Hit to <getData.php>. Type: <cat>. Currency in Post=<>. currency var=<1>.
07/30/2012 09:32:22 am: Hit to <getData.php>. Type: <scat>. Currency in Post=<>. currency var=<1>.
07/30/2012 09:32:22 am: Get the dataset to return in json obj...
07/30/2012 09:32:22 am: Get the dataset to return in json obj...
07/30/2012 09:32:22 am: Get the dataset to return in json obj...
07/30/2012 09:32:22 am: Query has run: <CALL USP_GetPayees();>.
07/30/2012 09:32:22 am: ... Got dataset to return in json obj
07/30/2012 09:32:22 am: Get the dataset to return in json obj...
07/30/2012 09:32:22 am: Query has run: <CALL USP_GetCategories();>.
07/30/2012 09:32:22 am: ... Got dataset to return in json obj
07/30/2012 09:32:22 am: Query has run: <CALL USP_GetCategories2();>.
07/30/2012 09:32:22 am: ... Got dataset to return in json obj
07/30/2012 09:32:22 am: Query has run: <CALL USP_GetCurrencies();>.
07/30/2012 09:32:22 am: ... Got dataset to return in json obj
07/30/2012 09:33:46 am: Hit to <getData.php>. Type: <curr>. Currency in Post=<>. currency var=<1>.
07/30/2012 09:33:46 am: Hit to <getData.php>. Type: <acc>. Currency in Post=<1>. currency var=<1>.
07/30/2012 09:33:46 am: Hit to <getData.php>. Type: <payee>. Currency in Post=<>. currency var=<1>.
07/30/2012 09:33:46 am: Get the dataset to return in json obj...
07/30/2012 09:33:46 am: Query has run: <CALL USP_GetPayees();>.
07/30/2012 09:33:46 am: ... Got dataset to return in json obj
07/30/2012 09:33:46 am: Get the dataset to return in json obj...
07/30/2012 09:33:46 am: Get the dataset to return in json obj...
07/30/2012 09:33:46 am: Hit to <getData.php>. Type: <cat>. Currency in Post=<>. currency var=<1>.
07/30/2012 09:33:46 am: Query has run: <CALL USP_GetCurrencies();>.
07/30/2012 09:33:46 am: Get the dataset to return in json obj...
07/30/2012 09:33:46 am: Hit to <getData.php>. Type: <scat>. Currency in Post=<>. currency var=<1>.
07/30/2012 09:33:46 am: ... Got dataset to return in json obj
07/30/2012 09:33:46 am: Query has run: <CALL USP_GetAccounts();>.
07/30/2012 09:33:46 am: ... Got dataset to return in json obj
07/30/2012 09:33:46 am: Query has run: <CALL USP_GetCategories();>.
07/30/2012 09:33:46 am: ... Got dataset to return in json obj
07/30/2012 09:33:46 am: Get the dataset to return in json obj...
07/30/2012 09:33:46 am: Query has run: <CALL USP_GetCategories2();>.
07/30/2012 09:33:46 am: ... Got dataset to return in json obj
07/30/2012 09:34:40 am: Hit to <getData.php>. Type: <acc>. Currency in Post=<1>. currency var=<1>.
07/30/2012 09:34:40 am: Get the dataset to return in json obj...
07/30/2012 09:34:40 am: Query has run: <CALL USP_GetAccounts();>.
07/30/2012 09:34:40 am: ... Got dataset to return in json obj
07/30/2012 09:34:40 am: Hit to <getData.php>. Type: <curr>. Currency in Post=<>. currency var=<1>.
07/30/2012 09:34:40 am: Hit to <getData.php>. Type: <payee>. Currency in Post=<>. currency var=<1>.
07/30/2012 09:34:40 am: Hit to <getData.php>. Type: <cat>. Currency in Post=<>. currency var=<1>.
07/30/2012 09:34:40 am: Get the dataset to return in json obj...
07/30/2012 09:34:40 am: Get the dataset to return in json obj...
07/30/2012 09:34:40 am: Query has run: <CALL USP_GetPayees();>.
07/30/2012 09:34:40 am: ... Got dataset to return in json obj
07/30/2012 09:34:40 am: Get the dataset to return in json obj...
07/30/2012 09:34:40 am: Query has run: <CALL USP_GetCategories();>.
07/30/2012 09:34:40 am: ... Got dataset to return in json obj
07/30/2012 09:34:40 am: Query has run: <CALL USP_GetCurrencies();>.
07/30/2012 09:34:40 am: ... Got dataset to return in json obj
07/30/2012 09:34:41 am: Hit to <getData.php>. Type: <scat>. Currency in Post=<>. currency var=<1>.
07/30/2012 09:34:41 am: Get the dataset to return in json obj...
07/30/2012 09:34:41 am: Query has run: <CALL USP_GetCategories2();>.
07/30/2012 09:34:41 am: ... Got dataset to return in json obj
07/30/2012 09:34:46 am: Hit to <getData.php>. Type: <acc>. Currency in Post=<1>. currency var=<1>.
07/30/2012 09:34:46 am: Get the dataset to return in json obj...
07/30/2012 09:34:46 am: Hit to <getData.php>. Type: <payee>. Currency in Post=<>. currency var=<1>.
07/30/2012 09:34:46 am: Hit to <getData.php>. Type: <curr>. Currency in Post=<>. currency var=<1>.
07/30/2012 09:34:46 am: Hit to <getData.php>. Type: <scat>. Currency in Post=<>. currency var=<1>.
07/30/2012 09:34:46 am: Get the dataset to return in json obj...
07/30/2012 09:34:46 am: Get the dataset to return in json obj...
07/30/2012 09:34:46 am: Get the dataset to return in json obj...
07/30/2012 09:34:46 am: Query has run: <CALL USP_GetAccounts();>.
07/30/2012 09:34:46 am: ... Got dataset to return in json obj
07/30/2012 09:34:46 am: Hit to <getData.php>. Type: <cat>. Currency in Post=<>. currency var=<1>.
07/30/2012 09:34:46 am: Query has run: <CALL USP_GetCurrencies();>.
07/30/2012 09:34:46 am: ... Got dataset to return in json obj
07/30/2012 09:34:46 am: Query has run: <CALL USP_GetPayees();>.
07/30/2012 09:34:46 am: ... Got dataset to return in json obj
07/30/2012 09:34:46 am: Query has run: <CALL USP_GetCategories2();>.
07/30/2012 09:34:46 am: ... Got dataset to return in json obj
07/30/2012 09:34:46 am: Get the dataset to return in json obj...
07/30/2012 09:34:46 am: Query has run: <CALL USP_GetCategories();>.
07/30/2012 09:34:46 am: ... Got dataset to return in json obj
07/30/2012 09:36:34 am: Hit to <getData.php>. Type: <acc>. Currency in Post=<1>. currency var=<1>.
07/30/2012 09:36:34 am: Get the dataset to return in json obj...
07/30/2012 09:36:34 am: Query has run: <CALL USP_GetAccounts();>.
07/30/2012 09:36:34 am: ... Got dataset to return in json obj
07/30/2012 09:36:34 am: Hit to <getData.php>. Type: <curr>. Currency in Post=<>. currency var=<1>.
07/30/2012 09:36:34 am: Get the dataset to return in json obj...
07/30/2012 09:36:34 am: Hit to <getData.php>. Type: <payee>. Currency in Post=<>. currency var=<1>.
07/30/2012 09:36:34 am: Hit to <getData.php>. Type: <cat>. Currency in Post=<>. currency var=<1>.
07/30/2012 09:36:34 am: Get the dataset to return in json obj...
07/30/2012 09:36:34 am: Query has run: <CALL USP_GetCurrencies();>.
07/30/2012 09:36:34 am: ... Got dataset to return in json obj
07/30/2012 09:36:34 am: Query has run: <CALL USP_GetCategories();>.
07/30/2012 09:36:34 am: ... Got dataset to return in json obj
07/30/2012 09:36:34 am: Get the dataset to return in json obj...
07/30/2012 09:36:34 am: Query has run: <CALL USP_GetPayees();>.
07/30/2012 09:36:34 am: ... Got dataset to return in json obj
07/30/2012 09:36:34 am: Hit to <getData.php>. Type: <scat>. Currency in Post=<>. currency var=<1>.
07/30/2012 09:36:34 am: Get the dataset to return in json obj...
07/30/2012 09:36:34 am: Query has run: <CALL USP_GetCategories2();>.
07/30/2012 09:36:34 am: ... Got dataset to return in json obj
07/30/2012 09:37:48 am: Hit to <getData.php>. Type: <acc>. Currency in Post=<1>. currency var=<1>.
07/30/2012 09:37:48 am: Hit to <getData.php>. Type: <payee>. Currency in Post=<>. currency var=<1>.
07/30/2012 09:37:48 am: Get the dataset to return in json obj...
07/30/2012 09:37:48 am: Get the dataset to return in json obj...
07/30/2012 09:37:48 am: Hit to <getData.php>. Type: <curr>. Currency in Post=<>. currency var=<1>.
07/30/2012 09:37:48 am: Hit to <getData.php>. Type: <cat>. Currency in Post=<>. currency var=<1>.
07/30/2012 09:37:48 am: Get the dataset to return in json obj...
07/30/2012 09:37:48 am: Query has run: <CALL USP_GetAccounts();>.
07/30/2012 09:37:48 am: ... Got dataset to return in json obj
07/30/2012 09:37:48 am: Query has run: <CALL USP_GetCategories();>.
07/30/2012 09:37:48 am: ... Got dataset to return in json obj
07/30/2012 09:37:48 am: Query has run: <CALL USP_GetPayees();>.
07/30/2012 09:37:48 am: Get the dataset to return in json obj...
07/30/2012 09:37:48 am: ... Got dataset to return in json obj
07/30/2012 09:37:48 am: Query has run: <CALL USP_GetCurrencies();>.
07/30/2012 09:37:48 am: ... Got dataset to return in json obj
07/30/2012 09:37:48 am: Hit to <getData.php>. Type: <scat>. Currency in Post=<>. currency var=<1>.
07/30/2012 09:37:48 am: Get the dataset to return in json obj...
07/30/2012 09:37:48 am: Query has run: <CALL USP_GetCategories2();>.
07/30/2012 09:37:48 am: ... Got dataset to return in json obj
07/30/2012 09:42:31 am: Hit to <getData.php>. Type: <acc>. Currency in Post=<1>. currency var=<1>.
07/30/2012 09:42:31 am: Get the dataset to return in json obj...
07/30/2012 09:42:32 am: Query has run: <CALL USP_GetAccounts();>.
07/30/2012 09:42:32 am: Hit to <getData.php>. Type: <curr>. Currency in Post=<>. currency var=<1>.
07/30/2012 09:42:32 am: ... Got dataset to return in json obj
07/30/2012 09:42:32 am: Hit to <getData.php>. Type: <payee>. Currency in Post=<>. currency var=<1>.
07/30/2012 09:42:32 am: Get the dataset to return in json obj...
07/30/2012 09:42:32 am: Get the dataset to return in json obj...
07/30/2012 09:42:32 am: Hit to <getData.php>. Type: <cat>. Currency in Post=<>. currency var=<1>.
07/30/2012 09:42:32 am: Query has run: <CALL USP_GetCurrencies();>.
07/30/2012 09:42:32 am: ... Got dataset to return in json obj
07/30/2012 09:42:32 am: Query has run: <CALL USP_GetPayees();>.
07/30/2012 09:42:32 am: ... Got dataset to return in json obj
07/30/2012 09:42:32 am: Get the dataset to return in json obj...
07/30/2012 09:42:32 am: Query has run: <CALL USP_GetCategories();>.
07/30/2012 09:42:32 am: ... Got dataset to return in json obj
07/30/2012 09:42:32 am: Hit to <getData.php>. Type: <scat>. Currency in Post=<>. currency var=<1>.
07/30/2012 09:42:32 am: Get the dataset to return in json obj...
07/30/2012 09:42:32 am: Query has run: <CALL USP_GetCategories2();>.
07/30/2012 09:42:32 am: ... Got dataset to return in json obj
07/30/2012 09:42:50 am: Hit to <getData.php>. Type: <acc>. Currency in Post=<1>. currency var=<1>.
07/30/2012 09:42:50 am: Hit to <getData.php>. Type: <curr>. Currency in Post=<>. currency var=<1>.
07/30/2012 09:42:50 am: Get the dataset to return in json obj...
07/30/2012 09:42:50 am: Get the dataset to return in json obj...
07/30/2012 09:42:50 am: Query has run: <CALL USP_GetCurrencies();>.
07/30/2012 09:42:50 am: ... Got dataset to return in json obj
07/30/2012 09:42:50 am: Query has run: <CALL USP_GetAccounts();>.
07/30/2012 09:42:50 am: ... Got dataset to return in json obj
07/30/2012 09:42:50 am: Hit to <getData.php>. Type: <payee>. Currency in Post=<>. currency var=<1>.
07/30/2012 09:42:50 am: Get the dataset to return in json obj...
07/30/2012 09:42:50 am: Hit to <getData.php>. Type: <scat>. Currency in Post=<>. currency var=<1>.
07/30/2012 09:42:50 am: Hit to <getData.php>. Type: <cat>. Currency in Post=<>. currency var=<1>.
07/30/2012 09:42:50 am: Query has run: <CALL USP_GetPayees();>.
07/30/2012 09:42:50 am: ... Got dataset to return in json obj
07/30/2012 09:42:50 am: Get the dataset to return in json obj...
07/30/2012 09:42:50 am: Get the dataset to return in json obj...
07/30/2012 09:42:50 am: Query has run: <CALL USP_GetCategories();>.
07/30/2012 09:42:50 am: ... Got dataset to return in json obj
07/30/2012 09:42:50 am: Query has run: <CALL USP_GetCategories2();>.
07/30/2012 09:42:50 am: ... Got dataset to return in json obj
07/30/2012 12:16:09 pm: Hit to <getData.php>. Type: <acc>. Currency in Post=<1>. currency var=<1>.
07/30/2012 12:16:09 pm: Hit to <getData.php>. Type: <curr>. Currency in Post=<>. currency var=<1>.
07/30/2012 12:16:09 pm: Get the dataset to return in json obj...
07/30/2012 12:16:09 pm: Hit to <getData.php>. Type: <cat>. Currency in Post=<>. currency var=<1>.
07/30/2012 12:16:09 pm: Hit to <getData.php>. Type: <payee>. Currency in Post=<>. currency var=<1>.
07/30/2012 12:16:09 pm: Hit to <getData.php>. Type: <scat>. Currency in Post=<>. currency var=<1>.
07/30/2012 12:16:09 pm: Get the dataset to return in json obj...
07/30/2012 12:16:09 pm: Get the dataset to return in json obj...
07/30/2012 12:16:09 pm: Get the dataset to return in json obj...
07/30/2012 12:16:09 pm: Get the dataset to return in json obj...
07/30/2012 12:16:09 pm: Query has run: <CALL USP_GetAccounts();>.
07/30/2012 12:16:09 pm: ... Got dataset to return in json obj
07/30/2012 12:16:09 pm: Query has run: <CALL USP_GetCurrencies();>.
07/30/2012 12:16:09 pm: ... Got dataset to return in json obj
07/30/2012 12:16:09 pm: Query has run: <CALL USP_GetCategories();>.
07/30/2012 12:16:09 pm: ... Got dataset to return in json obj
07/30/2012 12:16:09 pm: Query has run: <CALL USP_GetPayees();>.
07/30/2012 12:16:09 pm: ... Got dataset to return in json obj
07/30/2012 12:16:09 pm: Query has run: <CALL USP_GetCategories2();>.
07/30/2012 12:16:09 pm: ... Got dataset to return in json obj
07/30/2012 12:16:42 pm: Hit to <getData.php>. Type: <acc>. Currency in Post=<1>. currency var=<1>.
07/30/2012 12:16:42 pm: Get the dataset to return in json obj...
07/30/2012 12:16:42 pm: Hit to <getData.php>. Type: <curr>. Currency in Post=<>. currency var=<1>.
07/30/2012 12:16:42 pm: Query has run: <CALL USP_GetAccounts();>.
07/30/2012 12:16:42 pm: ... Got dataset to return in json obj
07/30/2012 12:16:42 pm: Hit to <getData.php>. Type: <cat>. Currency in Post=<>. currency var=<1>.
07/30/2012 12:16:42 pm: Hit to <getData.php>. Type: <payee>. Currency in Post=<>. currency var=<1>.
07/30/2012 12:16:42 pm: Get the dataset to return in json obj...
07/30/2012 12:16:42 pm: Query has run: <CALL USP_GetCurrencies();>.
07/30/2012 12:16:42 pm: ... Got dataset to return in json obj
07/30/2012 12:16:42 pm: Get the dataset to return in json obj...
07/30/2012 12:16:42 pm: Get the dataset to return in json obj...
07/30/2012 12:16:42 pm: Query has run: <CALL USP_GetCategories();>.
07/30/2012 12:16:42 pm: ... Got dataset to return in json obj
07/30/2012 12:16:42 pm: Query has run: <CALL USP_GetPayees();>.
07/30/2012 12:16:42 pm: ... Got dataset to return in json obj
07/30/2012 12:16:42 pm: Hit to <getData.php>. Type: <scat>. Currency in Post=<>. currency var=<1>.
07/30/2012 12:16:42 pm: Get the dataset to return in json obj...
07/30/2012 12:16:42 pm: Query has run: <CALL USP_GetCategories2();>.
07/30/2012 12:16:42 pm: ... Got dataset to return in json obj
07/30/2012 12:16:49 pm: Hit to <getData.php>. Type: <curr>. Currency in Post=<>. currency var=<1>.
07/30/2012 12:16:49 pm: Hit to <getData.php>. Type: <payee>. Currency in Post=<>. currency var=<1>.
07/30/2012 12:16:49 pm: Hit to <getData.php>. Type: <acc>. Currency in Post=<1>. currency var=<1>.
07/30/2012 12:16:49 pm: Get the dataset to return in json obj...
07/30/2012 12:16:49 pm: Get the dataset to return in json obj...
07/30/2012 12:16:49 pm: Hit to <getData.php>. Type: <cat>. Currency in Post=<>. currency var=<1>.
07/30/2012 12:16:49 pm: Hit to <getData.php>. Type: <scat>. Currency in Post=<>. currency var=<1>.
07/30/2012 12:16:49 pm: Query has run: <CALL USP_GetCurrencies();>.
07/30/2012 12:16:49 pm: ... Got dataset to return in json obj
07/30/2012 12:16:49 pm: Get the dataset to return in json obj...
07/30/2012 12:16:49 pm: Query has run: <CALL USP_GetPayees();>.
07/30/2012 12:16:49 pm: ... Got dataset to return in json obj
07/30/2012 12:16:49 pm: Get the dataset to return in json obj...
07/30/2012 12:16:49 pm: Get the dataset to return in json obj...
07/30/2012 12:16:49 pm: Query has run: <CALL USP_GetAccounts();>.
07/30/2012 12:16:49 pm: ... Got dataset to return in json obj
07/30/2012 12:16:49 pm: Query has run: <CALL USP_GetCategories2();>.
07/30/2012 12:16:49 pm: ... Got dataset to return in json obj
07/30/2012 12:16:49 pm: Query has run: <CALL USP_GetCategories();>.
07/30/2012 12:16:49 pm: ... Got dataset to return in json obj
07/30/2012 12:16:53 pm: Hit to <getData.php>. Type: <acc>. Currency in Post=<1>. currency var=<1>.
07/30/2012 12:16:53 pm: Hit to <getData.php>. Type: <curr>. Currency in Post=<>. currency var=<1>.
07/30/2012 12:16:53 pm: Hit to <getData.php>. Type: <payee>. Currency in Post=<>. currency var=<1>.
07/30/2012 12:16:53 pm: Get the dataset to return in json obj...
07/30/2012 12:16:53 pm: Get the dataset to return in json obj...
07/30/2012 12:16:53 pm: Get the dataset to return in json obj...
07/30/2012 12:16:53 pm: Query has run: <CALL USP_GetCurrencies();>.
07/30/2012 12:16:53 pm: ... Got dataset to return in json obj
07/30/2012 12:16:53 pm: Query has run: <CALL USP_GetPayees();>.
07/30/2012 12:16:53 pm: ... Got dataset to return in json obj
07/30/2012 12:16:53 pm: Hit to <getData.php>. Type: <cat>. Currency in Post=<>. currency var=<1>.
07/30/2012 12:16:53 pm: Query has run: <CALL USP_GetAccounts();>.
07/30/2012 12:16:53 pm: ... Got dataset to return in json obj
07/30/2012 12:16:53 pm: Hit to <getData.php>. Type: <scat>. Currency in Post=<>. currency var=<1>.
07/30/2012 12:16:53 pm: Get the dataset to return in json obj...
07/30/2012 12:16:53 pm: Get the dataset to return in json obj...
07/30/2012 12:16:53 pm: Query has run: <CALL USP_GetCategories();>.
07/30/2012 12:16:53 pm: ... Got dataset to return in json obj
07/30/2012 12:16:53 pm: Query has run: <CALL USP_GetCategories2();>.
07/30/2012 12:16:53 pm: ... Got dataset to return in json obj
07/30/2012 08:14:57 pm: Hit to <getData.php>. Type: <acc>. Currency in Post=<1>. currency var=<1>.
07/30/2012 08:14:57 pm: Get the dataset to return in json obj...
07/30/2012 08:14:57 pm: Hit to <getData.php>. Type: <scat>. Currency in Post=<>. currency var=<1>.
07/30/2012 08:14:57 pm: Get the dataset to return in json obj...
07/30/2012 08:14:57 pm: Hit to <getData.php>. Type: <payee>. Currency in Post=<>. currency var=<1>.
07/30/2012 08:14:57 pm: Hit to <getData.php>. Type: <cat>. Currency in Post=<>. currency var=<1>.
07/30/2012 08:14:57 pm: Query has run: <CALL USP_GetCategories2();>.
07/30/2012 08:14:57 pm: ... Got dataset to return in json obj
07/30/2012 08:14:57 pm: Get the dataset to return in json obj...
07/30/2012 08:14:57 pm: Query has run: <CALL USP_GetCategories();>.
07/30/2012 08:14:57 pm: ... Got dataset to return in json obj
07/30/2012 08:14:57 pm: Hit to <getData.php>. Type: <curr>. Currency in Post=<>. currency var=<1>.
07/30/2012 08:14:57 pm: Get the dataset to return in json obj...
07/30/2012 08:14:57 pm: Get the dataset to return in json obj...
07/30/2012 08:14:57 pm: Query has run: <CALL USP_GetPayees();>.
07/30/2012 08:14:57 pm: ... Got dataset to return in json obj
07/30/2012 08:14:57 pm: Query has run: <CALL USP_GetCurrencies();>.
07/30/2012 08:14:57 pm: ... Got dataset to return in json obj
07/30/2012 08:14:57 pm: Query has run: <CALL USP_GetAccounts();>.
07/30/2012 08:14:57 pm: ... Got dataset to return in json obj
07/30/2012 08:24:20 pm: Amount value: -29,76. Preg_match_all result is <1>
07/30/2012 08:24:25 pm: Hit to <getData.php>. Type: <acc>. Currency in Post=<1>. currency var=<1>.
07/30/2012 08:24:25 pm: Get the dataset to return in json obj...
07/30/2012 08:24:25 pm: Hit to <getData.php>. Type: <payee>. Currency in Post=<>. currency var=<1>.
07/30/2012 08:24:25 pm: Query has run: <CALL USP_GetAccounts();>.
07/30/2012 08:24:25 pm: Hit to <getData.php>. Type: <curr>. Currency in Post=<>. currency var=<1>.
07/30/2012 08:24:25 pm: ... Got dataset to return in json obj
07/30/2012 08:24:25 pm: Get the dataset to return in json obj...
07/30/2012 08:24:25 pm: Hit to <getData.php>. Type: <cat>. Currency in Post=<>. currency var=<1>.
07/30/2012 08:24:25 pm: Get the dataset to return in json obj...
07/30/2012 08:24:25 pm: Get the dataset to return in json obj...
07/30/2012 08:24:25 pm: Query has run: <CALL USP_GetPayees();>.
07/30/2012 08:24:25 pm: ... Got dataset to return in json obj
07/30/2012 08:24:25 pm: Query has run: <CALL USP_GetCategories();>.
07/30/2012 08:24:25 pm: ... Got dataset to return in json obj
07/30/2012 08:24:25 pm: Query has run: <CALL USP_GetCurrencies();>.
07/30/2012 08:24:25 pm: ... Got dataset to return in json obj
07/30/2012 08:24:25 pm: Hit to <getData.php>. Type: <scat>. Currency in Post=<>. currency var=<1>.
07/30/2012 08:24:25 pm: Get the dataset to return in json obj...
07/30/2012 08:24:25 pm: Query has run: <CALL USP_GetCategories2();>.
07/30/2012 08:24:25 pm: ... Got dataset to return in json obj
07/30/2012 08:24:35 pm: Hit to <getData.php>. Type: <acc>. Currency in Post=<1>. currency var=<1>.
07/30/2012 08:24:35 pm: Hit to <getData.php>. Type: <curr>. Currency in Post=<>. currency var=<1>.
07/30/2012 08:24:35 pm: Get the dataset to return in json obj...
07/30/2012 08:24:35 pm: Hit to <getData.php>. Type: <payee>. Currency in Post=<>. currency var=<1>.
07/30/2012 08:24:35 pm: Query has run: <CALL USP_GetCurrencies();>.
07/30/2012 08:24:35 pm: ... Got dataset to return in json obj
07/30/2012 08:24:35 pm: Hit to <getData.php>. Type: <scat>. Currency in Post=<>. currency var=<1>.
07/30/2012 08:24:35 pm: Hit to <getData.php>. Type: <cat>. Currency in Post=<>. currency var=<1>.
07/30/2012 08:24:35 pm: Get the dataset to return in json obj...
07/30/2012 08:24:35 pm: Get the dataset to return in json obj...
07/30/2012 08:24:35 pm: Get the dataset to return in json obj...
07/30/2012 08:24:35 pm: Query has run: <CALL USP_GetAccounts();>.
07/30/2012 08:24:35 pm: ... Got dataset to return in json obj
07/30/2012 08:24:35 pm: Get the dataset to return in json obj...
07/30/2012 08:24:35 pm: Query has run: <CALL USP_GetPayees();>.
07/30/2012 08:24:35 pm: ... Got dataset to return in json obj
07/30/2012 08:24:35 pm: Query has run: <CALL USP_GetCategories2();>.
07/30/2012 08:24:35 pm: ... Got dataset to return in json obj
07/30/2012 08:24:35 pm: Query has run: <CALL USP_GetCategories();>.
07/30/2012 08:24:35 pm: ... Got dataset to return in json obj
07/30/2012 08:26:14 pm: Hit to <getData.php>. Type: <acc>. Currency in Post=<1>. currency var=<1>.
07/30/2012 08:26:14 pm: Hit to <getData.php>. Type: <curr>. Currency in Post=<>. currency var=<1>.
07/30/2012 08:26:14 pm: Hit to <getData.php>. Type: <payee>. Currency in Post=<>. currency var=<1>.
07/30/2012 08:26:14 pm: Hit to <getData.php>. Type: <scat>. Currency in Post=<>. currency var=<1>.
07/30/2012 08:26:14 pm: Get the dataset to return in json obj...
07/30/2012 08:26:14 pm: Get the dataset to return in json obj...
07/30/2012 08:26:14 pm: Get the dataset to return in json obj...
07/30/2012 08:26:14 pm: Get the dataset to return in json obj...
07/30/2012 08:26:14 pm: Query has run: <CALL USP_GetCategories2();>.
07/30/2012 08:26:14 pm: ... Got dataset to return in json obj
07/30/2012 08:26:14 pm: Query has run: <CALL USP_GetPayees();>.
07/30/2012 08:26:14 pm: ... Got dataset to return in json obj
07/30/2012 08:26:14 pm: Query has run: <CALL USP_GetAccounts();>.
07/30/2012 08:26:14 pm: ... Got dataset to return in json obj
07/30/2012 08:26:14 pm: Query has run: <CALL USP_GetCurrencies();>.
07/30/2012 08:26:14 pm: ... Got dataset to return in json obj
07/30/2012 08:26:14 pm: Hit to <getData.php>. Type: <cat>. Currency in Post=<>. currency var=<1>.
07/30/2012 08:26:14 pm: Get the dataset to return in json obj...
07/30/2012 08:26:14 pm: Query has run: <CALL USP_GetCategories();>.
07/30/2012 08:26:14 pm: ... Got dataset to return in json obj
07/30/2012 08:26:17 pm: Hit to <getData.php>. Type: <curr>. Currency in Post=<>. currency var=<1>.
07/30/2012 08:26:17 pm: Hit to <getData.php>. Type: <payee>. Currency in Post=<>. currency var=<1>.
07/30/2012 08:26:17 pm: Hit to <getData.php>. Type: <acc>. Currency in Post=<1>. currency var=<1>.
07/30/2012 08:26:17 pm: Hit to <getData.php>. Type: <cat>. Currency in Post=<>. currency var=<1>.
07/30/2012 08:26:17 pm: Get the dataset to return in json obj...
07/30/2012 08:26:17 pm: Get the dataset to return in json obj...
07/30/2012 08:26:17 pm: Get the dataset to return in json obj...
07/30/2012 08:26:17 pm: Get the dataset to return in json obj...
07/30/2012 08:26:17 pm: Query has run: <CALL USP_GetCurrencies();>.
07/30/2012 08:26:17 pm: ... Got dataset to return in json obj
07/30/2012 08:26:17 pm: Query has run: <CALL USP_GetCategories();>.
07/30/2012 08:26:17 pm: ... Got dataset to return in json obj
07/30/2012 08:26:17 pm: Query has run: <CALL USP_GetPayees();>.
07/30/2012 08:26:17 pm: ... Got dataset to return in json obj
07/30/2012 08:26:17 pm: Query has run: <CALL USP_GetAccounts();>.
07/30/2012 08:26:17 pm: ... Got dataset to return in json obj
07/30/2012 08:26:17 pm: Hit to <getData.php>. Type: <scat>. Currency in Post=<>. currency var=<1>.
07/30/2012 08:26:17 pm: Get the dataset to return in json obj...
07/30/2012 08:26:17 pm: Query has run: <CALL USP_GetCategories2();>.
07/30/2012 08:26:17 pm: ... Got dataset to return in json obj
07/30/2012 08:26:42 pm: Amount value: -19,22. Preg_match_all result is <1>
