07/28/2012 10:37:51 pm: Hit to <getData.php>. Type: <acc>. Currency in Post=<1>. currency var=<1>.
07/28/2012 10:37:51 pm: Get the dataset to return in json obj...
07/28/2012 10:37:51 pm: Hit to <getData.php>. Type: <curr>. Currency in Post=<>. currency var=<1>.
07/28/2012 10:37:51 pm: Hit to <getData.php>. Type: <payee>. Currency in Post=<>. currency var=<1>.
07/28/2012 10:37:51 pm: Hit to <getData.php>. Type: <scat>. Currency in Post=<>. currency var=<1>.
07/28/2012 10:37:51 pm: Query has run: <CALL USP_GetAccounts();>.
07/28/2012 10:37:51 pm: ... Got dataset to return in json obj
07/28/2012 10:37:51 pm: Hit to <getData.php>. Type: <cat>. Currency in Post=<>. currency var=<1>.
07/28/2012 10:37:51 pm: Get the dataset to return in json obj...
07/28/2012 10:37:51 pm: Get the dataset to return in json obj...
07/28/2012 10:37:51 pm: Query has run: <CALL USP_GetPayees();>.
07/28/2012 10:37:51 pm: ... Got dataset to return in json obj
07/28/2012 10:37:51 pm: Query has run: <CALL USP_GetCurrencies();>.
07/28/2012 10:37:51 pm: ... Got dataset to return in json obj
07/28/2012 10:37:51 pm: Get the dataset to return in json obj...
07/28/2012 10:37:51 pm: Query has run: <CALL USP_GetCategories();>.
07/28/2012 10:37:51 pm: ... Got dataset to return in json obj
07/28/2012 10:37:51 pm: Get the dataset to return in json obj...
07/28/2012 10:37:51 pm: Query has run: <CALL USP_GetCategories2();>.
07/28/2012 10:37:51 pm: ... Got dataset to return in json obj
07/28/2012 10:39:46 pm: Amount value: -47,32. Preg_match_all result is <1>
