08/06/2012 03:54:05 pm: Hit to <getData.php>. Type: <acc>. Currency in Post=<1>. currency var=<1>.
08/06/2012 03:54:05 pm: Hit to <getData.php>. Type: <scat>. Currency in Post=<>. currency var=<1>.
08/06/2012 03:54:05 pm: Hit to <getData.php>. Type: <curr>. Currency in Post=<>. currency var=<1>.
08/06/2012 03:54:05 pm: Get the dataset to return in json obj...
08/06/2012 03:54:05 pm: Hit to <getData.php>. Type: <payee>. Currency in Post=<>. currency var=<1>.
08/06/2012 03:54:05 pm: Hit to <getData.php>. Type: <cat>. Currency in Post=<>. currency var=<1>.
08/06/2012 03:54:05 pm: Get the dataset to return in json obj...
08/06/2012 03:54:05 pm: Get the dataset to return in json obj...
08/06/2012 03:54:05 pm: Get the dataset to return in json obj...
08/06/2012 03:54:05 pm: Get the dataset to return in json obj...
08/06/2012 03:54:05 pm: Query has run: <CALL USP_GetPayees();>.
08/06/2012 03:54:05 pm: ... Got dataset to return in json obj
08/06/2012 03:54:05 pm: Query has run: <CALL USP_GetAccounts();>.
08/06/2012 03:54:05 pm: ... Got dataset to return in json obj
08/06/2012 03:54:05 pm: Query has run: <CALL USP_GetCategories();>.
08/06/2012 03:54:05 pm: ... Got dataset to return in json obj
08/06/2012 03:54:05 pm: Query has run: <CALL USP_GetCurrencies();>.
08/06/2012 03:54:05 pm: ... Got dataset to return in json obj
08/06/2012 03:54:05 pm: Query has run: <CALL USP_GetCategories2();>.
08/06/2012 03:54:05 pm: ... Got dataset to return in json obj
08/06/2012 03:54:06 pm: Hit to <getData.php>. Type: <acc>. Currency in Post=<1>. currency var=<1>.
08/06/2012 03:54:06 pm: Hit to <getData.php>. Type: <payee>. Currency in Post=<>. currency var=<1>.
08/06/2012 03:54:06 pm: Hit to <getData.php>. Type: <cat>. Currency in Post=<>. currency var=<1>.
08/06/2012 03:54:06 pm: Hit to <getData.php>. Type: <scat>. Currency in Post=<>. currency var=<1>.
08/06/2012 03:54:06 pm: Hit to <getData.php>. Type: <curr>. Currency in Post=<>. currency var=<1>.
08/06/2012 03:54:06 pm: Get the dataset to return in json obj...
08/06/2012 03:54:06 pm: Get the dataset to return in json obj...
08/06/2012 03:54:06 pm: Get the dataset to return in json obj...
08/06/2012 03:54:06 pm: Get the dataset to return in json obj...
08/06/2012 03:54:06 pm: Get the dataset to return in json obj...
08/06/2012 03:54:06 pm: Query has run: <CALL USP_GetPayees();>.
08/06/2012 03:54:06 pm: ... Got dataset to return in json obj
08/06/2012 03:54:06 pm: Query has run: <CALL USP_GetCategories();>.
08/06/2012 03:54:06 pm: ... Got dataset to return in json obj
08/06/2012 03:54:06 pm: Query has run: <CALL USP_GetCurrencies();>.
08/06/2012 03:54:06 pm: ... Got dataset to return in json obj
08/06/2012 03:54:06 pm: Query has run: <CALL USP_GetAccounts();>.
08/06/2012 03:54:06 pm: Query has run: <CALL USP_GetCategories2();>.
08/06/2012 03:54:06 pm: ... Got dataset to return in json obj
08/06/2012 03:54:06 pm: ... Got dataset to return in json obj
08/06/2012 03:54:53 pm: Amount value: -31,46. Preg_match_all result is <1>
08/06/2012 03:55:31 pm: Amount value: -305,60. Preg_match_all result is <1>
08/06/2012 03:55:47 pm: Hit to <getData.php>. Type: <curr>. Currency in Post=<>. currency var=<1>.
08/06/2012 03:55:47 pm: Hit to <getData.php>. Type: <acc>. Currency in Post=<1>. currency var=<1>.
08/06/2012 03:55:47 pm: Hit to <getData.php>. Type: <cat>. Currency in Post=<>. currency var=<1>.
08/06/2012 03:55:47 pm: Get the dataset to return in json obj...
08/06/2012 03:55:47 pm: Hit to <getData.php>. Type: <payee>. Currency in Post=<>. currency var=<1>.
08/06/2012 03:55:47 pm: Query has run: <CALL USP_GetCategories();>.
08/06/2012 03:55:47 pm: ... Got dataset to return in json obj
08/06/2012 03:55:47 pm: Get the dataset to return in json obj...
08/06/2012 03:55:47 pm: Hit to <getData.php>. Type: <scat>. Currency in Post=<>. currency var=<1>.
08/06/2012 03:55:47 pm: Query has run: <CALL USP_GetPayees();>.
08/06/2012 03:55:47 pm: Get the dataset to return in json obj...
08/06/2012 03:55:47 pm: ... Got dataset to return in json obj
08/06/2012 03:55:47 pm: Get the dataset to return in json obj...
08/06/2012 03:55:47 pm: Get the dataset to return in json obj...
08/06/2012 03:55:47 pm: Query has run: <CALL USP_GetCategories2();>.
08/06/2012 03:55:47 pm: ... Got dataset to return in json obj
08/06/2012 03:55:47 pm: Query has run: <CALL USP_GetAccounts();>.
08/06/2012 03:55:47 pm: ... Got dataset to return in json obj
08/06/2012 03:55:47 pm: Query has run: <CALL USP_GetCurrencies();>.
08/06/2012 03:55:47 pm: ... Got dataset to return in json obj
08/06/2012 03:56:00 pm: Amount value: -10. Preg_match_all result is <1>
08/06/2012 03:56:03 pm: Hit to <getData.php>. Type: <acc>. Currency in Post=<1>. currency var=<1>.
08/06/2012 03:56:03 pm: Hit to <getData.php>. Type: <payee>. Currency in Post=<>. currency var=<1>.
08/06/2012 03:56:03 pm: Hit to <getData.php>. Type: <cat>. Currency in Post=<>. currency var=<1>.
08/06/2012 03:56:03 pm: Hit to <getData.php>. Type: <scat>. Currency in Post=<>. currency var=<1>.
08/06/2012 03:56:03 pm: Hit to <getData.php>. Type: <curr>. Currency in Post=<>. currency var=<1>.
08/06/2012 03:56:03 pm: Get the dataset to return in json obj...
08/06/2012 03:56:03 pm: Get the dataset to return in json obj...
08/06/2012 03:56:03 pm: Get the dataset to return in json obj...
08/06/2012 03:56:03 pm: Get the dataset to return in json obj...
08/06/2012 03:56:03 pm: Get the dataset to return in json obj...
08/06/2012 03:56:03 pm: Query has run: <CALL USP_GetCategories();>.
08/06/2012 03:56:03 pm: ... Got dataset to return in json obj
08/06/2012 03:56:03 pm: Query has run: <CALL USP_GetCategories2();>.
08/06/2012 03:56:03 pm: ... Got dataset to return in json obj
08/06/2012 03:56:03 pm: Query has run: <CALL USP_GetCurrencies();>.
08/06/2012 03:56:03 pm: ... Got dataset to return in json obj
08/06/2012 03:56:03 pm: Query has run: <CALL USP_GetAccounts();>.
08/06/2012 03:56:03 pm: ... Got dataset to return in json obj
08/06/2012 03:56:03 pm: Query has run: <CALL USP_GetPayees();>.
08/06/2012 03:56:03 pm: ... Got dataset to return in json obj
08/06/2012 08:05:04 pm: Hit to <getData.php>. Type: <acc>. Currency in Post=<1>. currency var=<1>.
08/06/2012 08:05:04 pm: Get the dataset to return in json obj...
08/06/2012 08:05:04 pm: Hit to <getData.php>. Type: <scat>. Currency in Post=<>. currency var=<1>.
08/06/2012 08:05:04 pm: Hit to <getData.php>. Type: <cat>. Currency in Post=<>. currency var=<1>.
08/06/2012 08:05:04 pm: Hit to <getData.php>. Type: <payee>. Currency in Post=<>. currency var=<1>.
08/06/2012 08:05:04 pm: Query has run: <CALL USP_GetAccounts();>.
08/06/2012 08:05:04 pm: ... Got dataset to return in json obj
08/06/2012 08:05:04 pm: Get the dataset to return in json obj...
08/06/2012 08:05:04 pm: Hit to <getData.php>. Type: <curr>. Currency in Post=<>. currency var=<1>.
08/06/2012 08:05:04 pm: Query has run: <CALL USP_GetCategories();>.
08/06/2012 08:05:04 pm: ... Got dataset to return in json obj
08/06/2012 08:05:04 pm: Get the dataset to return in json obj...
08/06/2012 08:05:04 pm: Get the dataset to return in json obj...
08/06/2012 08:05:04 pm: Query has run: <CALL USP_GetPayees();>.
08/06/2012 08:05:04 pm: ... Got dataset to return in json obj
08/06/2012 08:05:04 pm: Get the dataset to return in json obj...
08/06/2012 08:05:04 pm: Query has run: <CALL USP_GetCurrencies();>.
08/06/2012 08:05:04 pm: ... Got dataset to return in json obj
08/06/2012 08:05:04 pm: Query has run: <CALL USP_GetCategories2();>.
08/06/2012 08:05:04 pm: ... Got dataset to return in json obj
08/06/2012 08:05:05 pm: Hit to <getData.php>. Type: <payee>. Currency in Post=<>. currency var=<1>.
08/06/2012 08:05:05 pm: Hit to <getData.php>. Type: <scat>. Currency in Post=<>. currency var=<1>.
08/06/2012 08:05:05 pm: Hit to <getData.php>. Type: <curr>. Currency in Post=<>. currency var=<1>.
08/06/2012 08:05:05 pm: Hit to <getData.php>. Type: <acc>. Currency in Post=<1>. currency var=<1>.
08/06/2012 08:05:05 pm: Hit to <getData.php>. Type: <cat>. Currency in Post=<>. currency var=<1>.
08/06/2012 08:05:05 pm: Get the dataset to return in json obj...
08/06/2012 08:05:05 pm: Get the dataset to return in json obj...
08/06/2012 08:05:05 pm: Get the dataset to return in json obj...
08/06/2012 08:05:05 pm: Get the dataset to return in json obj...
08/06/2012 08:05:05 pm: Get the dataset to return in json obj...
08/06/2012 08:05:05 pm: Query has run: <CALL USP_GetAccounts();>.
08/06/2012 08:05:05 pm: Query has run: <CALL USP_GetCurrencies();>.
08/06/2012 08:05:05 pm: ... Got dataset to return in json obj
08/06/2012 08:05:05 pm: ... Got dataset to return in json obj
08/06/2012 08:05:05 pm: Query has run: <CALL USP_GetCategories();>.
08/06/2012 08:05:05 pm: ... Got dataset to return in json obj
08/06/2012 08:05:05 pm: Query has run: <CALL USP_GetPayees();>.
08/06/2012 08:05:05 pm: ... Got dataset to return in json obj
08/06/2012 08:05:05 pm: Query has run: <CALL USP_GetCategories2();>.
08/06/2012 08:05:05 pm: ... Got dataset to return in json obj
08/06/2012 09:30:51 pm: Hit to <getData.php>. Type: <curr>. Currency in Post=<>. currency var=<1>.
08/06/2012 09:30:51 pm: Hit to <getData.php>. Type: <cat>. Currency in Post=<>. currency var=<1>.
08/06/2012 09:30:51 pm: Get the dataset to return in json obj...
08/06/2012 09:30:51 pm: Query has run: <CALL USP_GetCurrencies();>.
08/06/2012 09:30:51 pm: ... Got dataset to return in json obj
08/06/2012 09:30:51 pm: Hit to <getData.php>. Type: <payee>. Currency in Post=<>. currency var=<1>.
08/06/2012 09:30:51 pm: Get the dataset to return in json obj...
08/06/2012 09:30:51 pm: Get the dataset to return in json obj...
08/06/2012 09:30:51 pm: Query has run: <CALL USP_GetCategories();>.
08/06/2012 09:30:51 pm: ... Got dataset to return in json obj
08/06/2012 09:30:51 pm: Query has run: <CALL USP_GetPayees();>.
08/06/2012 09:30:51 pm: ... Got dataset to return in json obj
08/06/2012 09:30:51 pm: Hit to <getData.php>. Type: <acc>. Currency in Post=<1>. currency var=<1>.
08/06/2012 09:30:51 pm: Get the dataset to return in json obj...
08/06/2012 09:30:51 pm: Query has run: <CALL USP_GetAccounts();>.
08/06/2012 09:30:51 pm: ... Got dataset to return in json obj
08/06/2012 09:30:51 pm: Hit to <getData.php>. Type: <scat>. Currency in Post=<>. currency var=<1>.
08/06/2012 09:30:51 pm: Get the dataset to return in json obj...
08/06/2012 09:30:51 pm: Query has run: <CALL USP_GetCategories2();>.
08/06/2012 09:30:51 pm: ... Got dataset to return in json obj
08/06/2012 09:30:52 pm: Hit to <getData.php>. Type: <acc>. Currency in Post=<1>. currency var=<1>.
08/06/2012 09:30:52 pm: Get the dataset to return in json obj...
08/06/2012 09:30:52 pm: Query has run: <CALL USP_GetAccounts();>.
08/06/2012 09:30:52 pm: ... Got dataset to return in json obj
08/06/2012 09:30:52 pm: Hit to <getData.php>. Type: <curr>. Currency in Post=<>. currency var=<1>.
08/06/2012 09:30:52 pm: Get the dataset to return in json obj...
08/06/2012 09:30:52 pm: Query has run: <CALL USP_GetCurrencies();>.
08/06/2012 09:30:52 pm: ... Got dataset to return in json obj
08/06/2012 09:30:52 pm: Hit to <getData.php>. Type: <scat>. Currency in Post=<>. currency var=<1>.
08/06/2012 09:30:52 pm: Hit to <getData.php>. Type: <payee>. Currency in Post=<>. currency var=<1>.
08/06/2012 09:30:52 pm: Get the dataset to return in json obj...
08/06/2012 09:30:52 pm: Hit to <getData.php>. Type: <cat>. Currency in Post=<>. currency var=<1>.
08/06/2012 09:30:52 pm: Get the dataset to return in json obj...
08/06/2012 09:30:52 pm: Query has run: <CALL USP_GetCategories2();>.
08/06/2012 09:30:52 pm: ... Got dataset to return in json obj
08/06/2012 09:30:52 pm: Get the dataset to return in json obj...
08/06/2012 09:30:52 pm: Query has run: <CALL USP_GetPayees();>.
08/06/2012 09:30:52 pm: ... Got dataset to return in json obj
08/06/2012 09:30:52 pm: Query has run: <CALL USP_GetCategories();>.
08/06/2012 09:30:52 pm: ... Got dataset to return in json obj
08/06/2012 09:31:23 pm: Amount value: -11,09. Preg_match_all result is <1>
08/06/2012 09:31:25 pm: Hit to <getData.php>. Type: <acc>. Currency in Post=<1>. currency var=<1>.
08/06/2012 09:31:25 pm: Hit to <getData.php>. Type: <curr>. Currency in Post=<>. currency var=<1>.
08/06/2012 09:31:25 pm: Hit to <getData.php>. Type: <payee>. Currency in Post=<>. currency var=<1>.
08/06/2012 09:31:25 pm: Get the dataset to return in json obj...
08/06/2012 09:31:25 pm: Query has run: <CALL USP_GetAccounts();>.
08/06/2012 09:31:25 pm: ... Got dataset to return in json obj
08/06/2012 09:31:25 pm: Hit to <getData.php>. Type: <scat>. Currency in Post=<>. currency var=<1>.
08/06/2012 09:31:25 pm: Get the dataset to return in json obj...
08/06/2012 09:31:25 pm: Hit to <getData.php>. Type: <cat>. Currency in Post=<>. currency var=<1>.
08/06/2012 09:31:25 pm: Query has run: <CALL USP_GetCurrencies();>.
08/06/2012 09:31:25 pm: ... Got dataset to return in json obj
08/06/2012 09:31:25 pm: Get the dataset to return in json obj...
08/06/2012 09:31:25 pm: Query has run: <CALL USP_GetCategories2();>.
08/06/2012 09:31:25 pm: ... Got dataset to return in json obj
08/06/2012 09:31:25 pm: Get the dataset to return in json obj...
08/06/2012 09:31:25 pm: Query has run: <CALL USP_GetPayees();>.
08/06/2012 09:31:25 pm: ... Got dataset to return in json obj
08/06/2012 09:31:25 pm: Get the dataset to return in json obj...
08/06/2012 09:31:25 pm: Query has run: <CALL USP_GetCategories();>.
08/06/2012 09:31:25 pm: ... Got dataset to return in json obj
08/06/2012 09:56:21 pm: Hit to <getData.php>. Type: <acc>. Currency in Post=<1>. currency var=<1>.
08/06/2012 09:56:21 pm: Get the dataset to return in json obj...
08/06/2012 09:56:21 pm: Hit to <getData.php>. Type: <curr>. Currency in Post=<>. currency var=<1>.
08/06/2012 09:56:21 pm: Query has run: <CALL USP_GetAccounts();>.
08/06/2012 09:56:21 pm: ... Got dataset to return in json obj
08/06/2012 09:56:21 pm: Hit to <getData.php>. Type: <payee>. Currency in Post=<>. currency var=<1>.
08/06/2012 09:56:21 pm: Get the dataset to return in json obj...
08/06/2012 09:56:21 pm: Get the dataset to return in json obj...
08/06/2012 09:56:21 pm: Query has run: <CALL USP_GetCurrencies();>.
08/06/2012 09:56:21 pm: ... Got dataset to return in json obj
08/06/2012 09:56:21 pm: Hit to <getData.php>. Type: <cat>. Currency in Post=<>. currency var=<1>.
08/06/2012 09:56:21 pm: Query has run: <CALL USP_GetPayees();>.
08/06/2012 09:56:21 pm: ... Got dataset to return in json obj
08/06/2012 09:56:21 pm: Get the dataset to return in json obj...
08/06/2012 09:56:21 pm: Query has run: <CALL USP_GetCategories();>.
08/06/2012 09:56:21 pm: ... Got dataset to return in json obj
08/06/2012 09:56:21 pm: Hit to <getData.php>. Type: <scat>. Currency in Post=<>. currency var=<1>.
08/06/2012 09:56:21 pm: Get the dataset to return in json obj...
08/06/2012 09:56:21 pm: Query has run: <CALL USP_GetCategories2();>.
08/06/2012 09:56:21 pm: ... Got dataset to return in json obj
