12/22/2012 10:30:30 pm: Get the dataset to return in json obj...
12/22/2012 10:30:30 pm: Get the dataset to return in json obj...
12/22/2012 10:30:30 pm: Get the dataset to return in json obj...
12/22/2012 10:30:30 pm: Get the dataset to return in json obj...
12/22/2012 10:30:30 pm: Get the dataset to return in json obj...
12/22/2012 10:30:30 pm: Query has run: <CALL USP_GetAccounts();>.
12/22/2012 10:30:30 pm: ... Got dataset to return in json obj
12/22/2012 10:30:30 pm: Query has run: <CALL USP_GetPayees();>.
12/22/2012 10:30:30 pm: ... Got dataset to return in json obj
12/22/2012 10:30:30 pm: Query has run: <CALL USP_GetCurrencies();>.
12/22/2012 10:30:30 pm: Query has run: <CALL USP_GetCategories2();>.
12/22/2012 10:30:30 pm: ... Got dataset to return in json obj
12/22/2012 10:30:30 pm: ... Got dataset to return in json obj
12/22/2012 10:30:30 pm: Query has run: <CALL USP_GetCategories();>.
12/22/2012 10:30:30 pm: ... Got dataset to return in json obj
12/22/2012 10:30:50 pm: Get the dataset to return in json obj...
12/22/2012 10:30:50 pm: Get the dataset to return in json obj...
12/22/2012 10:30:50 pm: Query has run: <CALL USP_GetAccounts();>.
12/22/2012 10:30:50 pm: ... Got dataset to return in json obj
12/22/2012 10:30:50 pm: Query has run: <CALL USP_GetPayees();>.
12/22/2012 10:30:50 pm: ... Got dataset to return in json obj
12/22/2012 10:30:50 pm: Get the dataset to return in json obj...
12/22/2012 10:30:50 pm: Get the dataset to return in json obj...
12/22/2012 10:30:50 pm: Query has run: <CALL USP_GetCategories();>.
12/22/2012 10:30:50 pm: ... Got dataset to return in json obj
12/22/2012 10:30:50 pm: Get the dataset to return in json obj...
12/22/2012 10:30:50 pm: Query has run: <CALL USP_GetCurrencies();>.
12/22/2012 10:30:50 pm: ... Got dataset to return in json obj
12/22/2012 10:30:50 pm: Query has run: <CALL USP_GetCategories2();>.
12/22/2012 10:30:50 pm: ... Got dataset to return in json obj
12/22/2012 10:31:31 pm: Amount value: -32,11. Preg_match_all result is <1>
12/22/2012 10:31:32 pm: Currency = <1>.
12/22/2012 10:32:29 pm: Amount value: -90,49. Preg_match_all result is <1>
12/22/2012 10:32:29 pm: Currency = <1>.
12/22/2012 10:32:33 pm: Get the dataset to return in json obj...
12/22/2012 10:32:33 pm: Query has run: <CALL USP_GetCategories();>.
12/22/2012 10:32:33 pm: ... Got dataset to return in json obj
12/22/2012 10:32:33 pm: Get the dataset to return in json obj...
12/22/2012 10:32:33 pm: Get the dataset to return in json obj...
12/22/2012 10:32:33 pm: Get the dataset to return in json obj...
12/22/2012 10:32:33 pm: Query has run: <CALL USP_GetCurrencies();>.
12/22/2012 10:32:33 pm: ... Got dataset to return in json obj
12/22/2012 10:32:33 pm: Get the dataset to return in json obj...
12/22/2012 10:32:33 pm: Query has run: <CALL USP_GetAccounts();>.
12/22/2012 10:32:33 pm: Query has run: <CALL USP_GetPayees();>.
12/22/2012 10:32:33 pm: ... Got dataset to return in json obj
12/22/2012 10:32:33 pm: ... Got dataset to return in json obj
12/22/2012 10:32:33 pm: Query has run: <CALL USP_GetCategories2();>.
12/22/2012 10:32:33 pm: ... Got dataset to return in json obj
12/22/2012 10:33:04 pm: Get the dataset to return in json obj...
12/22/2012 10:33:04 pm: Get the dataset to return in json obj...
12/22/2012 10:33:04 pm: Get the dataset to return in json obj...
12/22/2012 10:33:04 pm: Get the dataset to return in json obj...
12/22/2012 10:33:04 pm: Query has run: <CALL USP_GetAccounts();>.
12/22/2012 10:33:04 pm: ... Got dataset to return in json obj
12/22/2012 10:33:04 pm: Get the dataset to return in json obj...
12/22/2012 10:33:04 pm: Query has run: <CALL USP_GetCategories();>.
12/22/2012 10:33:04 pm: ... Got dataset to return in json obj
12/22/2012 10:33:04 pm: Query has run: <CALL USP_GetCurrencies();>.
12/22/2012 10:33:04 pm: ... Got dataset to return in json obj
12/22/2012 10:33:04 pm: Query has run: <CALL USP_GetPayees();>.
12/22/2012 10:33:04 pm: ... Got dataset to return in json obj
12/22/2012 10:33:04 pm: Query has run: <CALL USP_GetCategories2();>.
12/22/2012 10:33:04 pm: ... Got dataset to return in json obj
12/22/2012 10:33:18 pm: Get the dataset to return in json obj...
12/22/2012 10:33:18 pm: Query has run: <CALL USP_GetCurrencies();>.
12/22/2012 10:33:18 pm: ... Got dataset to return in json obj
12/22/2012 10:33:18 pm: Get the dataset to return in json obj...
12/22/2012 10:33:18 pm: Get the dataset to return in json obj...
12/22/2012 10:33:18 pm: Query has run: <CALL USP_GetAccounts();>.
12/22/2012 10:33:18 pm: ... Got dataset to return in json obj
12/22/2012 10:33:18 pm: Query has run: <CALL USP_GetPayees();>.
12/22/2012 10:33:18 pm: ... Got dataset to return in json obj
12/22/2012 10:33:18 pm: Get the dataset to return in json obj...
12/22/2012 10:33:18 pm: Query has run: <CALL USP_GetCategories();>.
12/22/2012 10:33:18 pm: ... Got dataset to return in json obj
12/22/2012 10:33:18 pm: Get the dataset to return in json obj...
12/22/2012 10:33:18 pm: Query has run: <CALL USP_GetCategories2();>.
12/22/2012 10:33:18 pm: ... Got dataset to return in json obj
12/22/2012 10:33:47 pm: Amount value: -7. Preg_match_all result is <1>
12/22/2012 10:33:47 pm: Currency = <3>.
12/22/2012 10:33:49 pm: Get the dataset to return in json obj...
12/22/2012 10:33:49 pm: Query has run: <CALL USP_GetAccounts();>.
12/22/2012 10:33:49 pm: ... Got dataset to return in json obj
12/22/2012 10:33:49 pm: Get the dataset to return in json obj...
12/22/2012 10:33:49 pm: Query has run: <CALL USP_GetCurrencies();>.
12/22/2012 10:33:49 pm: ... Got dataset to return in json obj
12/22/2012 10:33:49 pm: Get the dataset to return in json obj...
12/22/2012 10:33:49 pm: Query has run: <CALL USP_GetPayees();>.
12/22/2012 10:33:49 pm: ... Got dataset to return in json obj
12/22/2012 10:33:49 pm: Get the dataset to return in json obj...
12/22/2012 10:33:49 pm: Query has run: <CALL USP_GetCategories();>.
12/22/2012 10:33:49 pm: ... Got dataset to return in json obj
12/22/2012 10:33:49 pm: Get the dataset to return in json obj...
12/22/2012 10:33:50 pm: Query has run: <CALL USP_GetCategories2();>.
12/22/2012 10:33:50 pm: ... Got dataset to return in json obj
12/22/2012 10:33:51 pm: Get the dataset to return in json obj...
12/22/2012 10:33:51 pm: Get the dataset to return in json obj...
12/22/2012 10:33:51 pm: Get the dataset to return in json obj...
12/22/2012 10:33:51 pm: Get the dataset to return in json obj...
12/22/2012 10:33:51 pm: Get the dataset to return in json obj...
12/22/2012 10:33:51 pm: Query has run: <CALL USP_GetCurrencies();>.
12/22/2012 10:33:51 pm: ... Got dataset to return in json obj
12/22/2012 10:33:51 pm: Query has run: <CALL USP_GetCategories();>.
12/22/2012 10:33:51 pm: ... Got dataset to return in json obj
12/22/2012 10:33:51 pm: Query has run: <CALL USP_GetAccounts();>.
12/22/2012 10:33:51 pm: Query has run: <CALL USP_GetCategories2();>.
12/22/2012 10:33:51 pm: ... Got dataset to return in json obj
12/22/2012 10:33:51 pm: ... Got dataset to return in json obj
12/22/2012 10:33:51 pm: Query has run: <CALL USP_GetPayees();>.
12/22/2012 10:33:51 pm: ... Got dataset to return in json obj
12/22/2012 10:33:53 pm: Get the dataset to return in json obj...
12/22/2012 10:33:53 pm: Get the dataset to return in json obj...
12/22/2012 10:33:53 pm: Get the dataset to return in json obj...
12/22/2012 10:33:53 pm: Get the dataset to return in json obj...
12/22/2012 10:33:53 pm: Query has run: <CALL USP_GetAccounts();>.
12/22/2012 10:33:53 pm: ... Got dataset to return in json obj
12/22/2012 10:33:53 pm: Query has run: <CALL USP_GetCategories();>.
12/22/2012 10:33:53 pm: ... Got dataset to return in json obj
12/22/2012 10:33:53 pm: Query has run: <CALL USP_GetCategories2();>.
12/22/2012 10:33:53 pm: ... Got dataset to return in json obj
12/22/2012 10:33:53 pm: Get the dataset to return in json obj...
12/22/2012 10:33:53 pm: Query has run: <CALL USP_GetCurrencies();>.
12/22/2012 10:33:53 pm: ... Got dataset to return in json obj
12/22/2012 10:33:53 pm: Query has run: <CALL USP_GetPayees();>.
12/22/2012 10:33:53 pm: ... Got dataset to return in json obj
