11/01/2012 07:13:39 pm: Hit to <getData.php>. Type: <acc>. Currency in Post=<1>. currency var=<1>.
11/01/2012 07:13:39 pm: Hit to <getData.php>. Type: <payee>. Currency in Post=<>. currency var=<1>.
11/01/2012 07:13:39 pm: Hit to <getData.php>. Type: <curr>. Currency in Post=<>. currency var=<1>.
11/01/2012 07:13:39 pm: Hit to <getData.php>. Type: <cat>. Currency in Post=<>. currency var=<1>.
11/01/2012 07:13:39 pm: Get the dataset to return in json obj...
11/01/2012 07:13:40 pm: Hit to <getData.php>. Type: <scat>. Currency in Post=<>. currency var=<1>.
11/01/2012 07:13:40 pm: Get the dataset to return in json obj...
11/01/2012 07:13:40 pm: Get the dataset to return in json obj...
11/01/2012 07:13:40 pm: Get the dataset to return in json obj...
11/01/2012 07:13:40 pm: Get the dataset to return in json obj...
11/01/2012 07:13:40 pm: Query has run: <CALL USP_GetPayees();>.
11/01/2012 07:13:40 pm: ... Got dataset to return in json obj
11/01/2012 07:13:40 pm: Query has run: <CALL USP_GetCurrencies();>.
11/01/2012 07:13:40 pm: ... Got dataset to return in json obj
11/01/2012 07:13:40 pm: Query has run: <CALL USP_GetCategories();>.
11/01/2012 07:13:40 pm: ... Got dataset to return in json obj
11/01/2012 07:13:40 pm: Query has run: <CALL USP_GetAccounts();>.
11/01/2012 07:13:40 pm: Query has run: <CALL USP_GetCategories2();>.
11/01/2012 07:13:40 pm: ... Got dataset to return in json obj
11/01/2012 07:13:40 pm: ... Got dataset to return in json obj
11/01/2012 07:13:55 pm: Hit to <getData.php>. Type: <acc>. Currency in Post=<1>. currency var=<1>.
11/01/2012 07:13:55 pm: Get the dataset to return in json obj...
11/01/2012 07:13:55 pm: Query has run: <CALL USP_GetAccounts();>.
11/01/2012 07:13:55 pm: ... Got dataset to return in json obj
11/01/2012 07:13:55 pm: Hit to <getData.php>. Type: <curr>. Currency in Post=<>. currency var=<1>.
11/01/2012 07:13:55 pm: Get the dataset to return in json obj...
11/01/2012 07:13:55 pm: Query has run: <CALL USP_GetCurrencies();>.
11/01/2012 07:13:55 pm: ... Got dataset to return in json obj
11/01/2012 07:13:55 pm: Hit to <getData.php>. Type: <payee>. Currency in Post=<>. currency var=<1>.
11/01/2012 07:13:55 pm: Get the dataset to return in json obj...
11/01/2012 07:13:55 pm: Query has run: <CALL USP_GetPayees();>.
11/01/2012 07:13:55 pm: ... Got dataset to return in json obj
11/01/2012 07:13:55 pm: Hit to <getData.php>. Type: <scat>. Currency in Post=<>. currency var=<1>.
11/01/2012 07:13:55 pm: Get the dataset to return in json obj...
11/01/2012 07:13:55 pm: Hit to <getData.php>. Type: <cat>. Currency in Post=<>. currency var=<1>.
11/01/2012 07:13:55 pm: Get the dataset to return in json obj...
11/01/2012 07:13:55 pm: Query has run: <CALL USP_GetCategories();>.
11/01/2012 07:13:55 pm: ... Got dataset to return in json obj
11/01/2012 07:13:55 pm: Query has run: <CALL USP_GetCategories2();>.
11/01/2012 07:13:55 pm: ... Got dataset to return in json obj
11/01/2012 07:14:03 pm: Hit to <getData.php>. Type: <curr>. Currency in Post=<>. currency var=<1>.
11/01/2012 07:14:03 pm: Hit to <getData.php>. Type: <scat>. Currency in Post=<>. currency var=<1>.
11/01/2012 07:14:03 pm: Get the dataset to return in json obj...
11/01/2012 07:14:03 pm: Hit to <getData.php>. Type: <cat>. Currency in Post=<>. currency var=<1>.
11/01/2012 07:14:03 pm: Get the dataset to return in json obj...
11/01/2012 07:14:03 pm: Query has run: <CALL USP_GetCurrencies();>.
11/01/2012 07:14:03 pm: ... Got dataset to return in json obj
11/01/2012 07:14:03 pm: Query has run: <CALL USP_GetCategories2();>.
11/01/2012 07:14:03 pm: ... Got dataset to return in json obj
11/01/2012 07:14:03 pm: Hit to <getData.php>. Type: <payee>. Currency in Post=<>. currency var=<1>.
11/01/2012 07:14:03 pm: Get the dataset to return in json obj...
11/01/2012 07:14:03 pm: Query has run: <CALL USP_GetCategories();>.
11/01/2012 07:14:03 pm: ... Got dataset to return in json obj
11/01/2012 07:14:03 pm: Get the dataset to return in json obj...
11/01/2012 07:14:03 pm: Query has run: <CALL USP_GetPayees();>.
11/01/2012 07:14:03 pm: ... Got dataset to return in json obj
11/01/2012 07:14:03 pm: Hit to <getData.php>. Type: <acc>. Currency in Post=<1>. currency var=<1>.
11/01/2012 07:14:03 pm: Get the dataset to return in json obj...
11/01/2012 07:14:03 pm: Query has run: <CALL USP_GetAccounts();>.
11/01/2012 07:14:03 pm: ... Got dataset to return in json obj
11/01/2012 07:14:34 pm: Hit to <getData.php>. Type: <acc>. Currency in Post=<1>. currency var=<1>.
11/01/2012 07:14:34 pm: Get the dataset to return in json obj...
11/01/2012 07:14:34 pm: Query has run: <CALL USP_GetAccounts();>.
11/01/2012 07:14:34 pm: ... Got dataset to return in json obj
11/01/2012 07:14:34 pm: Hit to <getData.php>. Type: <payee>. Currency in Post=<>. currency var=<1>.
11/01/2012 07:14:34 pm: Hit to <getData.php>. Type: <cat>. Currency in Post=<>. currency var=<1>.
11/01/2012 07:14:34 pm: Get the dataset to return in json obj...
11/01/2012 07:14:34 pm: Hit to <getData.php>. Type: <scat>. Currency in Post=<>. currency var=<1>.
11/01/2012 07:14:34 pm: Query has run: <CALL USP_GetCategories();>.
11/01/2012 07:14:34 pm: ... Got dataset to return in json obj
11/01/2012 07:14:34 pm: Hit to <getData.php>. Type: <curr>. Currency in Post=<>. currency var=<1>.
11/01/2012 07:14:34 pm: Get the dataset to return in json obj...
11/01/2012 07:14:34 pm: Get the dataset to return in json obj...
11/01/2012 07:14:34 pm: Query has run: <CALL USP_GetPayees();>.
11/01/2012 07:14:34 pm: ... Got dataset to return in json obj
11/01/2012 07:14:34 pm: Get the dataset to return in json obj...
11/01/2012 07:14:34 pm: Query has run: <CALL USP_GetCategories2();>.
11/01/2012 07:14:34 pm: ... Got dataset to return in json obj
11/01/2012 07:14:34 pm: Query has run: <CALL USP_GetCurrencies();>.
11/01/2012 07:14:34 pm: ... Got dataset to return in json obj
11/01/2012 07:14:38 pm: Currency = <1>.
11/01/2012 07:14:42 pm: Currency = <1>.
11/01/2012 07:14:57 pm: Hit to <getData.php>. Type: <curr>. Currency in Post=<>. currency var=<1>.
11/01/2012 07:14:57 pm: Hit to <getData.php>. Type: <cat>. Currency in Post=<>. currency var=<1>.
11/01/2012 07:14:57 pm: Hit to <getData.php>. Type: <acc>. Currency in Post=<1>. currency var=<1>.
11/01/2012 07:14:57 pm: Hit to <getData.php>. Type: <scat>. Currency in Post=<>. currency var=<1>.
11/01/2012 07:14:57 pm: Get the dataset to return in json obj...
11/01/2012 07:14:57 pm: Get the dataset to return in json obj...
11/01/2012 07:14:57 pm: Query has run: <CALL USP_GetAccounts();>.
11/01/2012 07:14:57 pm: ... Got dataset to return in json obj
11/01/2012 07:14:57 pm: Hit to <getData.php>. Type: <payee>. Currency in Post=<>. currency var=<1>.
11/01/2012 07:14:57 pm: Get the dataset to return in json obj...
11/01/2012 07:14:57 pm: Get the dataset to return in json obj...
11/01/2012 07:14:57 pm: Query has run: <CALL USP_GetCurrencies();>.
11/01/2012 07:14:57 pm: ... Got dataset to return in json obj
11/01/2012 07:14:57 pm: Query has run: <CALL USP_GetCategories();>.
11/01/2012 07:14:57 pm: ... Got dataset to return in json obj
11/01/2012 07:14:57 pm: Get the dataset to return in json obj...
11/01/2012 07:14:57 pm: Query has run: <CALL USP_GetCategories2();>.
11/01/2012 07:14:57 pm: ... Got dataset to return in json obj
11/01/2012 07:14:57 pm: Query has run: <CALL USP_GetPayees();>.
11/01/2012 07:14:57 pm: ... Got dataset to return in json obj
11/01/2012 07:15:58 pm: Hit to <getData.php>. Type: <acc>. Currency in Post=<1>. currency var=<1>.
11/01/2012 07:15:58 pm: Hit to <getData.php>. Type: <cat>. Currency in Post=<>. currency var=<1>.
11/01/2012 07:15:58 pm: Get the dataset to return in json obj...
11/01/2012 07:15:58 pm: Get the dataset to return in json obj...
11/01/2012 07:15:58 pm: Query has run: <CALL USP_GetAccounts();>.
11/01/2012 07:15:58 pm: ... Got dataset to return in json obj
11/01/2012 07:15:58 pm: Hit to <getData.php>. Type: <curr>. Currency in Post=<>. currency var=<1>.
11/01/2012 07:15:58 pm: Hit to <getData.php>. Type: <payee>. Currency in Post=<>. currency var=<1>.
11/01/2012 07:15:58 pm: Hit to <getData.php>. Type: <scat>. Currency in Post=<>. currency var=<1>.
11/01/2012 07:15:58 pm: Get the dataset to return in json obj...
11/01/2012 07:15:58 pm: Get the dataset to return in json obj...
11/01/2012 07:15:58 pm: Query has run: <CALL USP_GetPayees();>.
11/01/2012 07:15:58 pm: ... Got dataset to return in json obj
11/01/2012 07:15:58 pm: Get the dataset to return in json obj...
11/01/2012 07:15:58 pm: Query has run: <CALL USP_GetCategories2();>.
11/01/2012 07:15:58 pm: ... Got dataset to return in json obj
11/01/2012 07:15:58 pm: Query has run: <CALL USP_GetCurrencies();>.
11/01/2012 07:15:58 pm: ... Got dataset to return in json obj
11/01/2012 07:15:58 pm: Query has run: <CALL USP_GetCategories();>.
11/01/2012 07:15:58 pm: ... Got dataset to return in json obj
11/01/2012 07:16:02 pm: Hit to <getData.php>. Type: <curr>. Currency in Post=<>. currency var=<1>.
11/01/2012 07:16:02 pm: Get the dataset to return in json obj...
11/01/2012 07:16:02 pm: Hit to <getData.php>. Type: <acc>. Currency in Post=<1>. currency var=<1>.
11/01/2012 07:16:02 pm: Query has run: <CALL USP_GetCurrencies();>.
11/01/2012 07:16:02 pm: ... Got dataset to return in json obj
11/01/2012 07:16:02 pm: Get the dataset to return in json obj...
11/01/2012 07:16:02 pm: Query has run: <CALL USP_GetAccounts();>.
11/01/2012 07:16:02 pm: ... Got dataset to return in json obj
11/01/2012 07:16:02 pm: Hit to <getData.php>. Type: <payee>. Currency in Post=<>. currency var=<1>.
11/01/2012 07:16:02 pm: Get the dataset to return in json obj...
11/01/2012 07:16:02 pm: Query has run: <CALL USP_GetPayees();>.
11/01/2012 07:16:02 pm: ... Got dataset to return in json obj
11/01/2012 07:16:02 pm: Hit to <getData.php>. Type: <cat>. Currency in Post=<>. currency var=<1>.
11/01/2012 07:16:02 pm: Hit to <getData.php>. Type: <scat>. Currency in Post=<>. currency var=<1>.
11/01/2012 07:16:02 pm: Get the dataset to return in json obj...
11/01/2012 07:16:02 pm: Get the dataset to return in json obj...
11/01/2012 07:16:02 pm: Query has run: <CALL USP_GetCategories2();>.
11/01/2012 07:16:02 pm: ... Got dataset to return in json obj
11/01/2012 07:16:02 pm: Query has run: <CALL USP_GetCategories();>.
11/01/2012 07:16:02 pm: ... Got dataset to return in json obj
11/01/2012 07:16:26 pm: Hit to <getData.php>. Type: <curr>. Currency in Post=<>. currency var=<1>.
11/01/2012 07:16:26 pm: Hit to <getData.php>. Type: <scat>. Currency in Post=<>. currency var=<1>.
11/01/2012 07:16:26 pm: Hit to <getData.php>. Type: <acc>. Currency in Post=<1>. currency var=<1>.
11/01/2012 07:16:26 pm: Hit to <getData.php>. Type: <payee>. Currency in Post=<>. currency var=<1>.
11/01/2012 07:16:26 pm: Hit to <getData.php>. Type: <cat>. Currency in Post=<>. currency var=<1>.
11/01/2012 07:16:26 pm: Get the dataset to return in json obj...
11/01/2012 07:16:26 pm: Get the dataset to return in json obj...
11/01/2012 07:16:26 pm: Get the dataset to return in json obj...
11/01/2012 07:16:26 pm: Get the dataset to return in json obj...
11/01/2012 07:16:26 pm: Query has run: <CALL USP_GetPayees();>.
11/01/2012 07:16:26 pm: ... Got dataset to return in json obj
11/01/2012 07:16:26 pm: Query has run: <CALL USP_GetAccounts();>.
11/01/2012 07:16:26 pm: ... Got dataset to return in json obj
11/01/2012 07:16:26 pm: Query has run: <CALL USP_GetCurrencies();>.
11/01/2012 07:16:26 pm: ... Got dataset to return in json obj
11/01/2012 07:16:26 pm: Query has run: <CALL USP_GetCategories2();>.
11/01/2012 07:16:26 pm: ... Got dataset to return in json obj
11/01/2012 07:16:26 pm: Get the dataset to return in json obj...
11/01/2012 07:16:26 pm: Query has run: <CALL USP_GetCategories();>.
11/01/2012 07:16:26 pm: ... Got dataset to return in json obj
11/01/2012 07:16:28 pm: Query has run: <CALL USP_GetAccounts ()>.
11/01/2012 07:16:33 pm: Hit to <getData.php>. Type: <acc>. Currency in Post=<1>. currency var=<1>.
11/01/2012 07:16:33 pm: Hit to <getData.php>. Type: <curr>. Currency in Post=<>. currency var=<1>.
11/01/2012 07:16:33 pm: Get the dataset to return in json obj...
11/01/2012 07:16:33 pm: Hit to <getData.php>. Type: <payee>. Currency in Post=<>. currency var=<1>.
11/01/2012 07:16:33 pm: Get the dataset to return in json obj...
11/01/2012 07:16:33 pm: Query has run: <CALL USP_GetAccounts();>.
11/01/2012 07:16:33 pm: ... Got dataset to return in json obj
11/01/2012 07:16:33 pm: Get the dataset to return in json obj...
11/01/2012 07:16:33 pm: Query has run: <CALL USP_GetCurrencies();>.
11/01/2012 07:16:33 pm: ... Got dataset to return in json obj
11/01/2012 07:16:33 pm: Hit to <getData.php>. Type: <cat>. Currency in Post=<>. currency var=<1>.
11/01/2012 07:16:33 pm: Query has run: <CALL USP_GetPayees();>.
11/01/2012 07:16:33 pm: ... Got dataset to return in json obj
11/01/2012 07:16:33 pm: Hit to <getData.php>. Type: <scat>. Currency in Post=<>. currency var=<1>.
11/01/2012 07:16:33 pm: Get the dataset to return in json obj...
11/01/2012 07:16:33 pm: Get the dataset to return in json obj...
11/01/2012 07:16:33 pm: Query has run: <CALL USP_GetCategories();>.
11/01/2012 07:16:33 pm: ... Got dataset to return in json obj
11/01/2012 07:16:33 pm: Query has run: <CALL USP_GetCategories2();>.
11/01/2012 07:16:33 pm: ... Got dataset to return in json obj
11/01/2012 07:16:38 pm: Hit to <getData.php>. Type: <payee>. Currency in Post=<>. currency var=<1>.
11/01/2012 07:16:38 pm: Get the dataset to return in json obj...
11/01/2012 07:16:38 pm: Query has run: <CALL USP_GetPayees();>.
11/01/2012 07:16:38 pm: ... Got dataset to return in json obj
11/01/2012 07:16:38 pm: Hit to <getData.php>. Type: <curr>. Currency in Post=<>. currency var=<1>.
11/01/2012 07:16:38 pm: Hit to <getData.php>. Type: <acc>. Currency in Post=<1>. currency var=<1>.
11/01/2012 07:16:38 pm: Get the dataset to return in json obj...
11/01/2012 07:16:38 pm: Get the dataset to return in json obj...
11/01/2012 07:16:38 pm: Query has run: <CALL USP_GetCurrencies();>.
11/01/2012 07:16:38 pm: ... Got dataset to return in json obj
11/01/2012 07:16:38 pm: Query has run: <CALL USP_GetAccounts();>.
11/01/2012 07:16:38 pm: ... Got dataset to return in json obj
11/01/2012 07:16:38 pm: Hit to <getData.php>. Type: <cat>. Currency in Post=<>. currency var=<1>.
11/01/2012 07:16:38 pm: Get the dataset to return in json obj...
11/01/2012 07:16:38 pm: Query has run: <CALL USP_GetCategories();>.
11/01/2012 07:16:38 pm: ... Got dataset to return in json obj
11/01/2012 07:16:38 pm: Hit to <getData.php>. Type: <scat>. Currency in Post=<>. currency var=<1>.
11/01/2012 07:16:38 pm: Get the dataset to return in json obj...
11/01/2012 07:16:38 pm: Query has run: <CALL USP_GetCategories2();>.
11/01/2012 07:16:38 pm: ... Got dataset to return in json obj
11/01/2012 07:16:42 pm: Hit to <getData.php>. Type: <curr>. Currency in Post=<>. currency var=<1>.
11/01/2012 07:16:42 pm: Hit to <getData.php>. Type: <acc>. Currency in Post=<1>. currency var=<1>.
11/01/2012 07:16:42 pm: Hit to <getData.php>. Type: <cat>. Currency in Post=<>. currency var=<1>.
11/01/2012 07:16:42 pm: Get the dataset to return in json obj...
11/01/2012 07:16:42 pm: Get the dataset to return in json obj...
11/01/2012 07:16:42 pm: Query has run: <CALL USP_GetCurrencies();>.
11/01/2012 07:16:42 pm: ... Got dataset to return in json obj
11/01/2012 07:16:42 pm: Hit to <getData.php>. Type: <payee>. Currency in Post=<>. currency var=<1>.
11/01/2012 07:16:42 pm: Hit to <getData.php>. Type: <scat>. Currency in Post=<>. currency var=<1>.
11/01/2012 07:16:42 pm: Get the dataset to return in json obj...
11/01/2012 07:16:42 pm: Query has run: <CALL USP_GetCategories();>.
11/01/2012 07:16:42 pm: ... Got dataset to return in json obj
11/01/2012 07:16:42 pm: Get the dataset to return in json obj...
11/01/2012 07:16:42 pm: Get the dataset to return in json obj...
11/01/2012 07:16:42 pm: Query has run: <CALL USP_GetCategories2();>.
11/01/2012 07:16:42 pm: Query has run: <CALL USP_GetAccounts();>.
11/01/2012 07:16:42 pm: ... Got dataset to return in json obj
11/01/2012 07:16:42 pm: Query has run: <CALL USP_GetPayees();>.
11/01/2012 07:16:42 pm: ... Got dataset to return in json obj
11/01/2012 07:16:42 pm: ... Got dataset to return in json obj
11/01/2012 07:17:37 pm: Amount value: -31,22. Preg_match_all result is <1>
11/01/2012 07:17:37 pm: Currency = <1>.
11/01/2012 07:18:14 pm: Amount value: -58,04. Preg_match_all result is <1>
11/01/2012 07:18:15 pm: Currency = <1>.
11/01/2012 07:18:45 pm: Hit to <getData.php>. Type: <acc>. Currency in Post=<1>. currency var=<1>.
11/01/2012 07:18:45 pm: Get the dataset to return in json obj...
11/01/2012 07:18:45 pm: Query has run: <CALL USP_GetAccounts();>.
11/01/2012 07:18:45 pm: ... Got dataset to return in json obj
11/01/2012 07:18:45 pm: Hit to <getData.php>. Type: <curr>. Currency in Post=<>. currency var=<1>.
11/01/2012 07:18:45 pm: Get the dataset to return in json obj...
11/01/2012 07:18:45 pm: Hit to <getData.php>. Type: <payee>. Currency in Post=<>. currency var=<1>.
11/01/2012 07:18:45 pm: Query has run: <CALL USP_GetCurrencies();>.
11/01/2012 07:18:45 pm: ... Got dataset to return in json obj
11/01/2012 07:18:45 pm: Get the dataset to return in json obj...
11/01/2012 07:18:45 pm: Hit to <getData.php>. Type: <cat>. Currency in Post=<>. currency var=<1>.
11/01/2012 07:18:45 pm: Hit to <getData.php>. Type: <scat>. Currency in Post=<>. currency var=<1>.
11/01/2012 07:18:45 pm: Query has run: <CALL USP_GetPayees();>.
11/01/2012 07:18:45 pm: ... Got dataset to return in json obj
11/01/2012 07:18:45 pm: Get the dataset to return in json obj...
11/01/2012 07:18:45 pm: Get the dataset to return in json obj...
11/01/2012 07:18:45 pm: Query has run: <CALL USP_GetCategories();>.
11/01/2012 07:18:45 pm: ... Got dataset to return in json obj
11/01/2012 07:18:45 pm: Query has run: <CALL USP_GetCategories2();>.
11/01/2012 07:18:45 pm: ... Got dataset to return in json obj
11/01/2012 07:28:55 pm: Hit to <getData.php>. Type: <payee>. Currency in Post=<>. currency var=<1>.
11/01/2012 07:28:55 pm: Hit to <getData.php>. Type: <cat>. Currency in Post=<>. currency var=<1>.
11/01/2012 07:28:55 pm: Hit to <getData.php>. Type: <curr>. Currency in Post=<>. currency var=<1>.
11/01/2012 07:28:55 pm: Hit to <getData.php>. Type: <acc>. Currency in Post=<1>. currency var=<1>.
11/01/2012 07:28:55 pm: Hit to <getData.php>. Type: <scat>. Currency in Post=<>. currency var=<1>.
11/01/2012 07:28:55 pm: Get the dataset to return in json obj...
11/01/2012 07:28:55 pm: Get the dataset to return in json obj...
11/01/2012 07:28:55 pm: Get the dataset to return in json obj...
11/01/2012 07:28:55 pm: Get the dataset to return in json obj...
11/01/2012 07:28:55 pm: Query has run: <CALL USP_GetCategories();>.
11/01/2012 07:28:55 pm: ... Got dataset to return in json obj
11/01/2012 07:28:55 pm: Get the dataset to return in json obj...
11/01/2012 07:28:55 pm: Query has run: <CALL USP_GetPayees();>.
11/01/2012 07:28:55 pm: ... Got dataset to return in json obj
11/01/2012 07:28:55 pm: Query has run: <CALL USP_GetCategories2();>.
11/01/2012 07:28:55 pm: ... Got dataset to return in json obj
11/01/2012 07:28:55 pm: Query has run: <CALL USP_GetCurrencies();>.
11/01/2012 07:28:55 pm: ... Got dataset to return in json obj
11/01/2012 07:28:55 pm: Query has run: <CALL USP_GetAccounts();>.
11/01/2012 07:28:55 pm: ... Got dataset to return in json obj
11/01/2012 07:28:59 pm: Hit to <getData.php>. Type: <scat>. Currency in Post=<>. currency var=<1>.
11/01/2012 07:28:59 pm: Hit to <getData.php>. Type: <payee>. Currency in Post=<>. currency var=<1>.
11/01/2012 07:28:59 pm: Get the dataset to return in json obj...
11/01/2012 07:28:59 pm: Get the dataset to return in json obj...
11/01/2012 07:28:59 pm: Query has run: <CALL USP_GetCategories2();>.
11/01/2012 07:28:59 pm: ... Got dataset to return in json obj
11/01/2012 07:28:59 pm: Query has run: <CALL USP_GetPayees();>.
11/01/2012 07:28:59 pm: ... Got dataset to return in json obj
11/01/2012 07:28:59 pm: Hit to <getData.php>. Type: <acc>. Currency in Post=<1>. currency var=<1>.
11/01/2012 07:28:59 pm: Hit to <getData.php>. Type: <cat>. Currency in Post=<>. currency var=<1>.
11/01/2012 07:28:59 pm: Hit to <getData.php>. Type: <curr>. Currency in Post=<>. currency var=<1>.
11/01/2012 07:28:59 pm: Get the dataset to return in json obj...
11/01/2012 07:28:59 pm: Get the dataset to return in json obj...
11/01/2012 07:28:59 pm: Get the dataset to return in json obj...
11/01/2012 07:28:59 pm: Query has run: <CALL USP_GetCategories();>.
11/01/2012 07:28:59 pm: ... Got dataset to return in json obj
11/01/2012 07:28:59 pm: Query has run: <CALL USP_GetCurrencies();>.
11/01/2012 07:28:59 pm: ... Got dataset to return in json obj
11/01/2012 07:28:59 pm: Query has run: <CALL USP_GetAccounts();>.
11/01/2012 07:28:59 pm: ... Got dataset to return in json obj
11/01/2012 07:29:08 pm: Hit to <getData.php>. Type: <curr>. Currency in Post=<>. currency var=<1>.
11/01/2012 07:29:08 pm: Hit to <getData.php>. Type: <acc>. Currency in Post=<1>. currency var=<1>.
11/01/2012 07:29:08 pm: Get the dataset to return in json obj...
11/01/2012 07:29:09 pm: Get the dataset to return in json obj...
11/01/2012 07:29:09 pm: Query has run: <CALL USP_GetCurrencies();>.
11/01/2012 07:29:09 pm: ... Got dataset to return in json obj
11/01/2012 07:29:09 pm: Query has run: <CALL USP_GetAccounts();>.
11/01/2012 07:29:09 pm: ... Got dataset to return in json obj
11/01/2012 07:29:09 pm: Hit to <getData.php>. Type: <payee>. Currency in Post=<>. currency var=<1>.
11/01/2012 07:29:09 pm: Hit to <getData.php>. Type: <cat>. Currency in Post=<>. currency var=<1>.
11/01/2012 07:29:09 pm: Hit to <getData.php>. Type: <scat>. Currency in Post=<>. currency var=<1>.
11/01/2012 07:29:09 pm: Get the dataset to return in json obj...
11/01/2012 07:29:09 pm: Query has run: <CALL USP_GetCategories();>.
11/01/2012 07:29:09 pm: ... Got dataset to return in json obj
11/01/2012 07:29:09 pm: Get the dataset to return in json obj...
11/01/2012 07:29:09 pm: Get the dataset to return in json obj...
11/01/2012 07:29:09 pm: Query has run: <CALL USP_GetPayees();>.
11/01/2012 07:29:09 pm: Query has run: <CALL USP_GetCategories2();>.
11/01/2012 07:29:09 pm: ... Got dataset to return in json obj
11/01/2012 07:29:09 pm: ... Got dataset to return in json obj
11/01/2012 07:29:13 pm: Hit to <getData.php>. Type: <payee>. Currency in Post=<>. currency var=<1>.
11/01/2012 07:29:13 pm: Hit to <getData.php>. Type: <acc>. Currency in Post=<1>. currency var=<1>.
11/01/2012 07:29:13 pm: Get the dataset to return in json obj...
11/01/2012 07:29:13 pm: Get the dataset to return in json obj...
11/01/2012 07:29:13 pm: Query has run: <CALL USP_GetPayees();>.
11/01/2012 07:29:13 pm: Query has run: <CALL USP_GetAccounts();>.
11/01/2012 07:29:13 pm: ... Got dataset to return in json obj
11/01/2012 07:29:13 pm: ... Got dataset to return in json obj
11/01/2012 07:29:13 pm: Hit to <getData.php>. Type: <cat>. Currency in Post=<>. currency var=<1>.
11/01/2012 07:29:13 pm: Hit to <getData.php>. Type: <scat>. Currency in Post=<>. currency var=<1>.
11/01/2012 07:29:13 pm: Get the dataset to return in json obj...
11/01/2012 07:29:13 pm: Get the dataset to return in json obj...
11/01/2012 07:29:13 pm: Hit to <getData.php>. Type: <curr>. Currency in Post=<>. currency var=<1>.
11/01/2012 07:29:13 pm: Query has run: <CALL USP_GetCategories();>.
11/01/2012 07:29:13 pm: ... Got dataset to return in json obj
11/01/2012 07:29:13 pm: Get the dataset to return in json obj...
11/01/2012 07:29:13 pm: Query has run: <CALL USP_GetCategories2();>.
11/01/2012 07:29:13 pm: ... Got dataset to return in json obj
11/01/2012 07:29:13 pm: Query has run: <CALL USP_GetCurrencies();>.
11/01/2012 07:29:13 pm: ... Got dataset to return in json obj
11/01/2012 07:29:16 pm: Hit to <getData.php>. Type: <payee>. Currency in Post=<>. currency var=<1>.
11/01/2012 07:29:16 pm: Hit to <getData.php>. Type: <acc>. Currency in Post=<1>. currency var=<1>.
11/01/2012 07:29:16 pm: Get the dataset to return in json obj...
11/01/2012 07:29:16 pm: Get the dataset to return in json obj...
11/01/2012 07:29:16 pm: Hit to <getData.php>. Type: <curr>. Currency in Post=<>. currency var=<1>.
11/01/2012 07:29:16 pm: Query has run: <CALL USP_GetPayees();>.
11/01/2012 07:29:16 pm: Hit to <getData.php>. Type: <cat>. Currency in Post=<>. currency var=<1>.
11/01/2012 07:29:16 pm: ... Got dataset to return in json obj
11/01/2012 07:29:16 pm: Query has run: <CALL USP_GetAccounts();>.
11/01/2012 07:29:16 pm: ... Got dataset to return in json obj
11/01/2012 07:29:16 pm: Hit to <getData.php>. Type: <scat>. Currency in Post=<>. currency var=<1>.
11/01/2012 07:29:16 pm: Get the dataset to return in json obj...
11/01/2012 07:29:16 pm: Get the dataset to return in json obj...
11/01/2012 07:29:16 pm: Query has run: <CALL USP_GetCategories();>.
11/01/2012 07:29:16 pm: ... Got dataset to return in json obj
11/01/2012 07:29:16 pm: Query has run: <CALL USP_GetCategories2();>.
11/01/2012 07:29:16 pm: ... Got dataset to return in json obj
11/01/2012 07:29:16 pm: Get the dataset to return in json obj...
11/01/2012 07:29:16 pm: Query has run: <CALL USP_GetCurrencies();>.
11/01/2012 07:29:16 pm: ... Got dataset to return in json obj
11/01/2012 07:30:38 pm: Hit to <getData.php>. Type: <payee>. Currency in Post=<>. currency var=<1>.
11/01/2012 07:30:38 pm: Hit to <getData.php>. Type: <curr>. Currency in Post=<>. currency var=<1>.
11/01/2012 07:30:38 pm: Get the dataset to return in json obj...
11/01/2012 07:30:38 pm: Get the dataset to return in json obj...
11/01/2012 07:30:38 pm: Query has run: <CALL USP_GetPayees();>.
11/01/2012 07:30:38 pm: ... Got dataset to return in json obj
11/01/2012 07:30:38 pm: Hit to <getData.php>. Type: <acc>. Currency in Post=<1>. currency var=<1>.
11/01/2012 07:30:38 pm: Get the dataset to return in json obj...
11/01/2012 07:30:38 pm: Query has run: <CALL USP_GetCurrencies();>.
11/01/2012 07:30:38 pm: ... Got dataset to return in json obj
11/01/2012 07:30:38 pm: Query has run: <CALL USP_GetAccounts();>.
11/01/2012 07:30:38 pm: ... Got dataset to return in json obj
11/01/2012 07:30:38 pm: Hit to <getData.php>. Type: <cat>. Currency in Post=<>. currency var=<1>.
11/01/2012 07:30:38 pm: Get the dataset to return in json obj...
11/01/2012 07:30:38 pm: Query has run: <CALL USP_GetCategories();>.
11/01/2012 07:30:38 pm: ... Got dataset to return in json obj
11/01/2012 07:30:38 pm: Hit to <getData.php>. Type: <scat>. Currency in Post=<>. currency var=<1>.
11/01/2012 07:30:38 pm: Get the dataset to return in json obj...
11/01/2012 07:30:38 pm: Query has run: <CALL USP_GetCategories2();>.
11/01/2012 07:30:38 pm: ... Got dataset to return in json obj
11/01/2012 07:46:06 pm: Hit to <getData.php>. Type: <acc>. Currency in Post=<1>. currency var=<1>.
11/01/2012 07:46:06 pm: Hit to <getData.php>. Type: <curr>. Currency in Post=<>. currency var=<1>.
11/01/2012 07:46:06 pm: Get the dataset to return in json obj...
11/01/2012 07:46:06 pm: Get the dataset to return in json obj...
11/01/2012 07:46:06 pm: Query has run: <CALL USP_GetAccounts();>.
11/01/2012 07:46:06 pm: ... Got dataset to return in json obj
11/01/2012 07:46:06 pm: Hit to <getData.php>. Type: <cat>. Currency in Post=<>. currency var=<1>.
11/01/2012 07:46:06 pm: Query has run: <CALL USP_GetCurrencies();>.
11/01/2012 07:46:06 pm: Hit to <getData.php>. Type: <payee>. Currency in Post=<>. currency var=<1>.
11/01/2012 07:46:06 pm: ... Got dataset to return in json obj
11/01/2012 07:46:06 pm: Hit to <getData.php>. Type: <scat>. Currency in Post=<>. currency var=<1>.
11/01/2012 07:46:06 pm: Get the dataset to return in json obj...
11/01/2012 07:46:06 pm: Get the dataset to return in json obj...
11/01/2012 07:46:06 pm: Get the dataset to return in json obj...
11/01/2012 07:46:06 pm: Query has run: <CALL USP_GetCategories();>.
11/01/2012 07:46:06 pm: ... Got dataset to return in json obj
11/01/2012 07:46:06 pm: Query has run: <CALL USP_GetPayees();>.
11/01/2012 07:46:06 pm: ... Got dataset to return in json obj
11/01/2012 07:46:06 pm: Query has run: <CALL USP_GetCategories2();>.
11/01/2012 07:46:06 pm: ... Got dataset to return in json obj
11/01/2012 07:47:46 pm: Amount value: -500. Preg_match_all result is <1>
11/01/2012 07:47:46 pm: Currency = <1>.
11/01/2012 07:47:50 pm: Hit to <getData.php>. Type: <acc>. Currency in Post=<1>. currency var=<1>.
11/01/2012 07:47:50 pm: Hit to <getData.php>. Type: <curr>. Currency in Post=<>. currency var=<1>.
11/01/2012 07:47:50 pm: Get the dataset to return in json obj...
11/01/2012 07:47:50 pm: Get the dataset to return in json obj...
11/01/2012 07:47:50 pm: Hit to <getData.php>. Type: <payee>. Currency in Post=<>. currency var=<1>.
11/01/2012 07:47:50 pm: Query has run: <CALL USP_GetAccounts();>.
11/01/2012 07:47:50 pm: ... Got dataset to return in json obj
11/01/2012 07:47:50 pm: Hit to <getData.php>. Type: <cat>. Currency in Post=<>. currency var=<1>.
11/01/2012 07:47:50 pm: Query has run: <CALL USP_GetCurrencies();>.
11/01/2012 07:47:50 pm: ... Got dataset to return in json obj
11/01/2012 07:47:50 pm: Get the dataset to return in json obj...
11/01/2012 07:47:50 pm: Get the dataset to return in json obj...
11/01/2012 07:47:50 pm: Query has run: <CALL USP_GetCategories();>.
11/01/2012 07:47:50 pm: ... Got dataset to return in json obj
11/01/2012 07:47:50 pm: Query has run: <CALL USP_GetPayees();>.
11/01/2012 07:47:50 pm: ... Got dataset to return in json obj
11/01/2012 07:47:50 pm: Hit to <getData.php>. Type: <scat>. Currency in Post=<>. currency var=<1>.
11/01/2012 07:47:50 pm: Get the dataset to return in json obj...
11/01/2012 07:47:50 pm: Query has run: <CALL USP_GetCategories2();>.
11/01/2012 07:47:50 pm: ... Got dataset to return in json obj
11/01/2012 07:48:29 pm: Hit to <getData.php>. Type: <acc>. Currency in Post=<1>. currency var=<1>.
11/01/2012 07:48:29 pm: Get the dataset to return in json obj...
11/01/2012 07:48:29 pm: Query has run: <CALL USP_GetAccounts();>.
11/01/2012 07:48:29 pm: ... Got dataset to return in json obj
11/01/2012 07:48:29 pm: Hit to <getData.php>. Type: <curr>. Currency in Post=<>. currency var=<1>.
11/01/2012 07:48:29 pm: Hit to <getData.php>. Type: <cat>. Currency in Post=<>. currency var=<1>.
11/01/2012 07:48:29 pm: Hit to <getData.php>. Type: <scat>. Currency in Post=<>. currency var=<1>.
11/01/2012 07:48:29 pm: Hit to <getData.php>. Type: <payee>. Currency in Post=<>. currency var=<1>.
11/01/2012 07:48:29 pm: Get the dataset to return in json obj...
11/01/2012 07:48:29 pm: Get the dataset to return in json obj...
11/01/2012 07:48:29 pm: Get the dataset to return in json obj...
11/01/2012 07:48:29 pm: Get the dataset to return in json obj...
11/01/2012 07:48:29 pm: Query has run: <CALL USP_GetCurrencies();>.
11/01/2012 07:48:29 pm: ... Got dataset to return in json obj
11/01/2012 07:48:29 pm: Query has run: <CALL USP_GetCategories2();>.
11/01/2012 07:48:29 pm: ... Got dataset to return in json obj
11/01/2012 07:48:29 pm: Query has run: <CALL USP_GetPayees();>.
11/01/2012 07:48:29 pm: ... Got dataset to return in json obj
11/01/2012 07:48:29 pm: Query has run: <CALL USP_GetCategories();>.
11/01/2012 07:48:29 pm: ... Got dataset to return in json obj
11/01/2012 07:49:10 pm: Amount value: 30,42. Preg_match_all result is <1>
11/01/2012 07:49:10 pm: Currency = <1>.
11/01/2012 07:49:12 pm: Hit to <getData.php>. Type: <payee>. Currency in Post=<>. currency var=<1>.
11/01/2012 07:49:12 pm: Hit to <getData.php>. Type: <acc>. Currency in Post=<1>. currency var=<1>.
11/01/2012 07:49:12 pm: Hit to <getData.php>. Type: <curr>. Currency in Post=<>. currency var=<1>.
11/01/2012 07:49:12 pm: Get the dataset to return in json obj...
11/01/2012 07:49:12 pm: Get the dataset to return in json obj...
11/01/2012 07:49:12 pm: Get the dataset to return in json obj...
11/01/2012 07:49:12 pm: Query has run: <CALL USP_GetPayees();>.
11/01/2012 07:49:12 pm: ... Got dataset to return in json obj
11/01/2012 07:49:12 pm: Query has run: <CALL USP_GetAccounts();>.
11/01/2012 07:49:12 pm: ... Got dataset to return in json obj
11/01/2012 07:49:12 pm: Query has run: <CALL USP_GetCurrencies();>.
11/01/2012 07:49:12 pm: ... Got dataset to return in json obj
11/01/2012 07:49:12 pm: Hit to <getData.php>. Type: <cat>. Currency in Post=<>. currency var=<1>.
11/01/2012 07:49:12 pm: Get the dataset to return in json obj...
11/01/2012 07:49:12 pm: Query has run: <CALL USP_GetCategories();>.
11/01/2012 07:49:12 pm: ... Got dataset to return in json obj
11/01/2012 07:49:12 pm: Hit to <getData.php>. Type: <scat>. Currency in Post=<>. currency var=<1>.
11/01/2012 07:49:12 pm: Get the dataset to return in json obj...
11/01/2012 07:49:12 pm: Query has run: <CALL USP_GetCategories2();>.
11/01/2012 07:49:12 pm: ... Got dataset to return in json obj
11/01/2012 07:49:28 pm: Hit to <getData.php>. Type: <curr>. Currency in Post=<>. currency var=<1>.
11/01/2012 07:49:28 pm: Hit to <getData.php>. Type: <scat>. Currency in Post=<>. currency var=<1>.
11/01/2012 07:49:28 pm: Hit to <getData.php>. Type: <acc>. Currency in Post=<1>. currency var=<1>.
11/01/2012 07:49:28 pm: Hit to <getData.php>. Type: <payee>. Currency in Post=<>. currency var=<1>.
11/01/2012 07:49:28 pm: Get the dataset to return in json obj...
11/01/2012 07:49:28 pm: Hit to <getData.php>. Type: <cat>. Currency in Post=<>. currency var=<1>.
11/01/2012 07:49:28 pm: Get the dataset to return in json obj...
11/01/2012 07:49:28 pm: Get the dataset to return in json obj...
11/01/2012 07:49:28 pm: Query has run: <CALL USP_GetAccounts();>.
11/01/2012 07:49:28 pm: ... Got dataset to return in json obj
11/01/2012 07:49:28 pm: Get the dataset to return in json obj...
11/01/2012 07:49:28 pm: Query has run: <CALL USP_GetCategories2();>.
11/01/2012 07:49:28 pm: ... Got dataset to return in json obj
11/01/2012 07:49:28 pm: Query has run: <CALL USP_GetCurrencies();>.
11/01/2012 07:49:28 pm: ... Got dataset to return in json obj
11/01/2012 07:49:28 pm: Get the dataset to return in json obj...
11/01/2012 07:49:28 pm: Query has run: <CALL USP_GetCategories();>.
11/01/2012 07:49:28 pm: ... Got dataset to return in json obj
11/01/2012 07:49:28 pm: Query has run: <CALL USP_GetPayees();>.
11/01/2012 07:49:28 pm: ... Got dataset to return in json obj
11/01/2012 07:49:37 pm: Amount value: 2,78. Preg_match_all result is <1>
11/01/2012 07:49:37 pm: Currency = <1>.
11/01/2012 08:19:27 pm: Hit to <getData.php>. Type: <cat>. Currency in Post=<>. currency var=<1>.
11/01/2012 08:19:27 pm: Hit to <getData.php>. Type: <payee>. Currency in Post=<>. currency var=<1>.
11/01/2012 08:19:27 pm: Hit to <getData.php>. Type: <acc>. Currency in Post=<1>. currency var=<1>.
11/01/2012 08:19:27 pm: Get the dataset to return in json obj...
11/01/2012 08:19:27 pm: Get the dataset to return in json obj...
11/01/2012 08:19:27 pm: Query has run: <CALL USP_GetCategories();>.
11/01/2012 08:19:27 pm: ... Got dataset to return in json obj
11/01/2012 08:19:27 pm: Hit to <getData.php>. Type: <curr>. Currency in Post=<>. currency var=<1>.
11/01/2012 08:19:27 pm: Get the dataset to return in json obj...
11/01/2012 08:19:27 pm: Hit to <getData.php>. Type: <scat>. Currency in Post=<>. currency var=<1>.
11/01/2012 08:19:27 pm: Query has run: <CALL USP_GetPayees();>.
11/01/2012 08:19:27 pm: ... Got dataset to return in json obj
11/01/2012 08:19:27 pm: Query has run: <CALL USP_GetAccounts();>.
11/01/2012 08:19:27 pm: ... Got dataset to return in json obj
11/01/2012 08:19:27 pm: Get the dataset to return in json obj...
11/01/2012 08:19:27 pm: Query has run: <CALL USP_GetCurrencies();>.
11/01/2012 08:19:27 pm: ... Got dataset to return in json obj
11/01/2012 08:19:27 pm: Get the dataset to return in json obj...
11/01/2012 08:19:27 pm: Query has run: <CALL USP_GetCategories2();>.
11/01/2012 08:19:27 pm: ... Got dataset to return in json obj
11/01/2012 08:20:02 pm: Hit to <getData.php>. Type: <curr>. Currency in Post=<>. currency var=<1>.
11/01/2012 08:20:02 pm: Hit to <getData.php>. Type: <payee>. Currency in Post=<>. currency var=<1>.
11/01/2012 08:20:02 pm: Hit to <getData.php>. Type: <acc>. Currency in Post=<1>. currency var=<1>.
11/01/2012 08:20:02 pm: Hit to <getData.php>. Type: <cat>. Currency in Post=<>. currency var=<1>.
11/01/2012 08:20:02 pm: Get the dataset to return in json obj...
11/01/2012 08:20:02 pm: Get the dataset to return in json obj...
11/01/2012 08:20:02 pm: Query has run: <CALL USP_GetAccounts();>.
11/01/2012 08:20:02 pm: ... Got dataset to return in json obj
11/01/2012 08:20:02 pm: Hit to <getData.php>. Type: <scat>. Currency in Post=<>. currency var=<1>.
11/01/2012 08:20:02 pm: Get the dataset to return in json obj...
11/01/2012 08:20:02 pm: Query has run: <CALL USP_GetPayees();>.
11/01/2012 08:20:02 pm: ... Got dataset to return in json obj
11/01/2012 08:20:02 pm: Get the dataset to return in json obj...
11/01/2012 08:20:02 pm: Query has run: <CALL USP_GetCategories();>.
11/01/2012 08:20:02 pm: ... Got dataset to return in json obj
11/01/2012 08:20:02 pm: Get the dataset to return in json obj...
11/01/2012 08:20:03 pm: Query has run: <CALL USP_GetCurrencies();>.
11/01/2012 08:20:03 pm: ... Got dataset to return in json obj
11/01/2012 08:20:03 pm: Query has run: <CALL USP_GetCategories2();>.
11/01/2012 08:20:03 pm: ... Got dataset to return in json obj
11/01/2012 08:21:20 pm: Hit to <getData.php>. Type: <acc>. Currency in Post=<1>. currency var=<1>.
11/01/2012 08:21:20 pm: Get the dataset to return in json obj...
11/01/2012 08:21:20 pm: Hit to <getData.php>. Type: <curr>. Currency in Post=<>. currency var=<1>.
11/01/2012 08:21:20 pm: Hit to <getData.php>. Type: <payee>. Currency in Post=<>. currency var=<1>.
11/01/2012 08:21:20 pm: Get the dataset to return in json obj...
11/01/2012 08:21:20 pm: Query has run: <CALL USP_GetAccounts();>.
11/01/2012 08:21:20 pm: ... Got dataset to return in json obj
11/01/2012 08:21:20 pm: Query has run: <CALL USP_GetCurrencies();>.
11/01/2012 08:21:20 pm: ... Got dataset to return in json obj
11/01/2012 08:21:20 pm: Get the dataset to return in json obj...
11/01/2012 08:21:20 pm: Query has run: <CALL USP_GetPayees();>.
11/01/2012 08:21:20 pm: ... Got dataset to return in json obj
11/01/2012 08:21:20 pm: Hit to <getData.php>. Type: <cat>. Currency in Post=<>. currency var=<1>.
11/01/2012 08:21:20 pm: Hit to <getData.php>. Type: <scat>. Currency in Post=<>. currency var=<1>.
11/01/2012 08:21:20 pm: Get the dataset to return in json obj...
11/01/2012 08:21:20 pm: Get the dataset to return in json obj...
11/01/2012 08:21:20 pm: Query has run: <CALL USP_GetCategories();>.
11/01/2012 08:21:20 pm: ... Got dataset to return in json obj
11/01/2012 08:21:20 pm: Query has run: <CALL USP_GetCategories2();>.
11/01/2012 08:21:20 pm: ... Got dataset to return in json obj
11/01/2012 08:22:03 pm: Hit to <getData.php>. Type: <curr>. Currency in Post=<>. currency var=<1>.
11/01/2012 08:22:03 pm: Hit to <getData.php>. Type: <cat>. Currency in Post=<>. currency var=<1>.
11/01/2012 08:22:03 pm: Hit to <getData.php>. Type: <payee>. Currency in Post=<>. currency var=<1>.
11/01/2012 08:22:03 pm: Get the dataset to return in json obj...
11/01/2012 08:22:03 pm: Hit to <getData.php>. Type: <acc>. Currency in Post=<1>. currency var=<1>.
11/01/2012 08:22:03 pm: Get the dataset to return in json obj...
11/01/2012 08:22:03 pm: Get the dataset to return in json obj...
11/01/2012 08:22:03 pm: Query has run: <CALL USP_GetCategories();>.
11/01/2012 08:22:03 pm: Query has run: <CALL USP_GetCurrencies();>.
11/01/2012 08:22:03 pm: ... Got dataset to return in json obj
11/01/2012 08:22:03 pm: Get the dataset to return in json obj...
11/01/2012 08:22:03 pm: ... Got dataset to return in json obj
11/01/2012 08:22:03 pm: Query has run: <CALL USP_GetAccounts();>.
11/01/2012 08:22:03 pm: ... Got dataset to return in json obj
11/01/2012 08:22:03 pm: Hit to <getData.php>. Type: <scat>. Currency in Post=<>. currency var=<1>.
11/01/2012 08:22:03 pm: Query has run: <CALL USP_GetPayees();>.
11/01/2012 08:22:03 pm: ... Got dataset to return in json obj
11/01/2012 08:22:03 pm: Get the dataset to return in json obj...
11/01/2012 08:22:03 pm: Query has run: <CALL USP_GetCategories2();>.
11/01/2012 08:22:03 pm: ... Got dataset to return in json obj
11/01/2012 08:22:08 pm: Hit to <getData.php>. Type: <acc>. Currency in Post=<1>. currency var=<1>.
11/01/2012 08:22:08 pm: Hit to <getData.php>. Type: <cat>. Currency in Post=<>. currency var=<1>.
11/01/2012 08:22:08 pm: Hit to <getData.php>. Type: <scat>. Currency in Post=<>. currency var=<1>.
11/01/2012 08:22:08 pm: Hit to <getData.php>. Type: <payee>. Currency in Post=<>. currency var=<1>.
11/01/2012 08:22:08 pm: Get the dataset to return in json obj...
11/01/2012 08:22:08 pm: Get the dataset to return in json obj...
11/01/2012 08:22:08 pm: Hit to <getData.php>. Type: <curr>. Currency in Post=<>. currency var=<1>.
11/01/2012 08:22:08 pm: Get the dataset to return in json obj...
11/01/2012 08:22:08 pm: Query has run: <CALL USP_GetCategories();>.
11/01/2012 08:22:08 pm: ... Got dataset to return in json obj
11/01/2012 08:22:08 pm: Query has run: <CALL USP_GetPayees();>.
11/01/2012 08:22:08 pm: ... Got dataset to return in json obj
11/01/2012 08:22:08 pm: Query has run: <CALL USP_GetCategories2();>.
11/01/2012 08:22:08 pm: ... Got dataset to return in json obj
11/01/2012 08:22:08 pm: Get the dataset to return in json obj...
11/01/2012 08:22:08 pm: Get the dataset to return in json obj...
11/01/2012 08:22:08 pm: Query has run: <CALL USP_GetAccounts();>.
11/01/2012 08:22:08 pm: ... Got dataset to return in json obj
11/01/2012 08:22:08 pm: Query has run: <CALL USP_GetCurrencies();>.
11/01/2012 08:22:08 pm: ... Got dataset to return in json obj
11/01/2012 08:22:57 pm: Hit to <getData.php>. Type: <curr>. Currency in Post=<>. currency var=<1>.
11/01/2012 08:22:57 pm: Hit to <getData.php>. Type: <cat>. Currency in Post=<>. currency var=<1>.
11/01/2012 08:22:57 pm: Hit to <getData.php>. Type: <acc>. Currency in Post=<1>. currency var=<1>.
11/01/2012 08:22:57 pm: Get the dataset to return in json obj...
11/01/2012 08:22:57 pm: Get the dataset to return in json obj...
11/01/2012 08:22:57 pm: Get the dataset to return in json obj...
11/01/2012 08:22:57 pm: Query has run: <CALL USP_GetCurrencies();>.
11/01/2012 08:22:57 pm: ... Got dataset to return in json obj
11/01/2012 08:22:57 pm: Hit to <getData.php>. Type: <payee>. Currency in Post=<>. currency var=<1>.
11/01/2012 08:22:57 pm: Hit to <getData.php>. Type: <scat>. Currency in Post=<>. currency var=<1>.
11/01/2012 08:22:57 pm: Query has run: <CALL USP_GetAccounts();>.
11/01/2012 08:22:57 pm: ... Got dataset to return in json obj
11/01/2012 08:22:57 pm: Query has run: <CALL USP_GetCategories();>.
11/01/2012 08:22:57 pm: Get the dataset to return in json obj...
11/01/2012 08:22:57 pm: ... Got dataset to return in json obj
11/01/2012 08:22:57 pm: Get the dataset to return in json obj...
11/01/2012 08:22:57 pm: Query has run: <CALL USP_GetPayees();>.
11/01/2012 08:22:57 pm: ... Got dataset to return in json obj
11/01/2012 08:22:57 pm: Query has run: <CALL USP_GetCategories2();>.
11/01/2012 08:22:57 pm: ... Got dataset to return in json obj
11/01/2012 08:23:05 pm: Hit to <getData.php>. Type: <curr>. Currency in Post=<>. currency var=<1>.
11/01/2012 08:23:05 pm: Hit to <getData.php>. Type: <acc>. Currency in Post=<1>. currency var=<1>.
11/01/2012 08:23:05 pm: Hit to <getData.php>. Type: <payee>. Currency in Post=<>. currency var=<1>.
11/01/2012 08:23:05 pm: Get the dataset to return in json obj...
11/01/2012 08:23:05 pm: Hit to <getData.php>. Type: <cat>. Currency in Post=<>. currency var=<1>.
11/01/2012 08:23:05 pm: Query has run: <CALL USP_GetCurrencies();>.
11/01/2012 08:23:05 pm: ... Got dataset to return in json obj
11/01/2012 08:23:05 pm: Get the dataset to return in json obj...
11/01/2012 08:23:05 pm: Hit to <getData.php>. Type: <scat>. Currency in Post=<>. currency var=<1>.
11/01/2012 08:23:05 pm: Query has run: <CALL USP_GetPayees();>.
11/01/2012 08:23:05 pm: ... Got dataset to return in json obj
11/01/2012 08:23:05 pm: Get the dataset to return in json obj...
11/01/2012 08:23:05 pm: Get the dataset to return in json obj...
11/01/2012 08:23:05 pm: Query has run: <CALL USP_GetCategories();>.
11/01/2012 08:23:05 pm: ... Got dataset to return in json obj
11/01/2012 08:23:05 pm: Query has run: <CALL USP_GetAccounts();>.
11/01/2012 08:23:05 pm: ... Got dataset to return in json obj
11/01/2012 08:23:05 pm: Get the dataset to return in json obj...
11/01/2012 08:23:05 pm: Query has run: <CALL USP_GetCategories2();>.
11/01/2012 08:23:05 pm: ... Got dataset to return in json obj
11/01/2012 08:28:33 pm: Hit to <getData.php>. Type: <curr>. Currency in Post=<>. currency var=<1>.
11/01/2012 08:28:33 pm: Hit to <getData.php>. Type: <payee>. Currency in Post=<>. currency var=<1>.
11/01/2012 08:28:33 pm: Hit to <getData.php>. Type: <cat>. Currency in Post=<>. currency var=<1>.
11/01/2012 08:28:33 pm: Hit to <getData.php>. Type: <scat>. Currency in Post=<>. currency var=<1>.
11/01/2012 08:28:33 pm: Hit to <getData.php>. Type: <acc>. Currency in Post=<1>. currency var=<1>.
11/01/2012 08:28:33 pm: Get the dataset to return in json obj...
11/01/2012 08:28:33 pm: Get the dataset to return in json obj...
11/01/2012 08:28:33 pm: Query has run: <CALL USP_GetCategories2();>.
11/01/2012 08:28:33 pm: ... Got dataset to return in json obj
11/01/2012 08:28:33 pm: Query has run: <CALL USP_GetPayees();>.
11/01/2012 08:28:33 pm: ... Got dataset to return in json obj
11/01/2012 08:28:33 pm: Get the dataset to return in json obj...
11/01/2012 08:28:33 pm: Get the dataset to return in json obj...
11/01/2012 08:28:33 pm: Get the dataset to return in json obj...
11/01/2012 08:28:33 pm: Query has run: <CALL USP_GetCurrencies();>.
11/01/2012 08:28:33 pm: ... Got dataset to return in json obj
11/01/2012 08:28:33 pm: Query has run: <CALL USP_GetCategories();>.
11/01/2012 08:28:33 pm: ... Got dataset to return in json obj
11/01/2012 08:28:33 pm: Query has run: <CALL USP_GetAccounts();>.
11/01/2012 08:28:33 pm: ... Got dataset to return in json obj
11/01/2012 08:28:36 pm: Hit to <getData.php>. Type: <acc>. Currency in Post=<1>. currency var=<1>.
11/01/2012 08:28:36 pm: Hit to <getData.php>. Type: <curr>. Currency in Post=<>. currency var=<1>.
11/01/2012 08:28:36 pm: Hit to <getData.php>. Type: <payee>. Currency in Post=<>. currency var=<1>.
11/01/2012 08:28:36 pm: Get the dataset to return in json obj...
11/01/2012 08:28:36 pm: Get the dataset to return in json obj...
11/01/2012 08:28:36 pm: Get the dataset to return in json obj...
11/01/2012 08:28:36 pm: Hit to <getData.php>. Type: <cat>. Currency in Post=<>. currency var=<1>.
11/01/2012 08:28:36 pm: Query has run: <CALL USP_GetCurrencies();>.
11/01/2012 08:28:36 pm: ... Got dataset to return in json obj
11/01/2012 08:28:36 pm: Query has run: <CALL USP_GetAccounts();>.
11/01/2012 08:28:36 pm: ... Got dataset to return in json obj
11/01/2012 08:28:36 pm: Query has run: <CALL USP_GetPayees();>.
11/01/2012 08:28:36 pm: ... Got dataset to return in json obj
11/01/2012 08:28:36 pm: Get the dataset to return in json obj...
11/01/2012 08:28:36 pm: Hit to <getData.php>. Type: <scat>. Currency in Post=<>. currency var=<1>.
11/01/2012 08:28:36 pm: Query has run: <CALL USP_GetCategories();>.
11/01/2012 08:28:36 pm: ... Got dataset to return in json obj
11/01/2012 08:28:36 pm: Get the dataset to return in json obj...
11/01/2012 08:28:36 pm: Query has run: <CALL USP_GetCategories2();>.
11/01/2012 08:28:36 pm: ... Got dataset to return in json obj
11/01/2012 08:29:13 pm: Hit to <getData.php>. Type: <curr>. Currency in Post=<>. currency var=<1>.
11/01/2012 08:29:13 pm: Get the dataset to return in json obj...
11/01/2012 08:29:13 pm: Hit to <getData.php>. Type: <acc>. Currency in Post=<1>. currency var=<1>.
11/01/2012 08:29:13 pm: Query has run: <CALL USP_GetCurrencies();>.
11/01/2012 08:29:13 pm: ... Got dataset to return in json obj
11/01/2012 08:29:13 pm: Get the dataset to return in json obj...
11/01/2012 08:29:13 pm: Hit to <getData.php>. Type: <payee>. Currency in Post=<>. currency var=<1>.
11/01/2012 08:29:13 pm: Get the dataset to return in json obj...
11/01/2012 08:29:13 pm: Query has run: <CALL USP_GetAccounts();>.
11/01/2012 08:29:13 pm: ... Got dataset to return in json obj
11/01/2012 08:29:13 pm: Query has run: <CALL USP_GetPayees();>.
11/01/2012 08:29:13 pm: ... Got dataset to return in json obj
11/01/2012 08:29:13 pm: Hit to <getData.php>. Type: <cat>. Currency in Post=<>. currency var=<1>.
11/01/2012 08:29:13 pm: Get the dataset to return in json obj...
11/01/2012 08:29:13 pm: Query has run: <CALL USP_GetCategories();>.
11/01/2012 08:29:13 pm: ... Got dataset to return in json obj
11/01/2012 08:29:13 pm: Hit to <getData.php>. Type: <scat>. Currency in Post=<>. currency var=<1>.
11/01/2012 08:29:13 pm: Get the dataset to return in json obj...
11/01/2012 08:29:13 pm: Query has run: <CALL USP_GetCategories2();>.
11/01/2012 08:29:13 pm: ... Got dataset to return in json obj
11/01/2012 08:29:16 pm: Hit to <getData.php>. Type: <payee>. Currency in Post=<>. currency var=<1>.
11/01/2012 08:29:16 pm: Hit to <getData.php>. Type: <scat>. Currency in Post=<>. currency var=<1>.
11/01/2012 08:29:16 pm: Hit to <getData.php>. Type: <curr>. Currency in Post=<>. currency var=<1>.
11/01/2012 08:29:16 pm: Hit to <getData.php>. Type: <acc>. Currency in Post=<1>. currency var=<1>.
11/01/2012 08:29:16 pm: Get the dataset to return in json obj...
11/01/2012 08:29:16 pm: Get the dataset to return in json obj...
11/01/2012 08:29:16 pm: Get the dataset to return in json obj...
11/01/2012 08:29:16 pm: Query has run: <CALL USP_GetPayees();>.
11/01/2012 08:29:16 pm: ... Got dataset to return in json obj
11/01/2012 08:29:16 pm: Get the dataset to return in json obj...
11/01/2012 08:29:16 pm: Query has run: <CALL USP_GetCategories2();>.
11/01/2012 08:29:16 pm: Query has run: <CALL USP_GetAccounts();>.
11/01/2012 08:29:16 pm: ... Got dataset to return in json obj
11/01/2012 08:29:16 pm: ... Got dataset to return in json obj
11/01/2012 08:29:16 pm: Hit to <getData.php>. Type: <cat>. Currency in Post=<>. currency var=<1>.
11/01/2012 08:29:16 pm: Get the dataset to return in json obj...
11/01/2012 08:29:16 pm: Query has run: <CALL USP_GetCurrencies();>.
11/01/2012 08:29:16 pm: ... Got dataset to return in json obj
11/01/2012 08:29:16 pm: Query has run: <CALL USP_GetCategories();>.
11/01/2012 08:29:16 pm: ... Got dataset to return in json obj
11/01/2012 08:29:55 pm: Hit to <getData.php>. Type: <curr>. Currency in Post=<>. currency var=<1>.
11/01/2012 08:29:55 pm: Hit to <getData.php>. Type: <payee>. Currency in Post=<>. currency var=<1>.
11/01/2012 08:29:55 pm: Get the dataset to return in json obj...
11/01/2012 08:29:55 pm: Get the dataset to return in json obj...
11/01/2012 08:29:55 pm: Query has run: <CALL USP_GetCurrencies();>.
11/01/2012 08:29:55 pm: ... Got dataset to return in json obj
11/01/2012 08:29:55 pm: Query has run: <CALL USP_GetPayees();>.
11/01/2012 08:29:55 pm: ... Got dataset to return in json obj
11/01/2012 08:29:55 pm: Hit to <getData.php>. Type: <acc>. Currency in Post=<1>. currency var=<1>.
11/01/2012 08:29:55 pm: Hit to <getData.php>. Type: <cat>. Currency in Post=<>. currency var=<1>.
11/01/2012 08:29:55 pm: Get the dataset to return in json obj...
11/01/2012 08:29:55 pm: Get the dataset to return in json obj...
11/01/2012 08:29:55 pm: Query has run: <CALL USP_GetCategories();>.
11/01/2012 08:29:55 pm: ... Got dataset to return in json obj
11/01/2012 08:29:55 pm: Query has run: <CALL USP_GetAccounts();>.
11/01/2012 08:29:55 pm: ... Got dataset to return in json obj
11/01/2012 08:29:55 pm: Hit to <getData.php>. Type: <scat>. Currency in Post=<>. currency var=<1>.
11/01/2012 08:29:55 pm: Get the dataset to return in json obj...
11/01/2012 08:29:55 pm: Query has run: <CALL USP_GetCategories2();>.
11/01/2012 08:29:55 pm: ... Got dataset to return in json obj
11/01/2012 08:29:58 pm: Hit to <getData.php>. Type: <acc>. Currency in Post=<1>. currency var=<1>.
11/01/2012 08:29:58 pm: Hit to <getData.php>. Type: <curr>. Currency in Post=<>. currency var=<1>.
11/01/2012 08:29:58 pm: Get the dataset to return in json obj...
11/01/2012 08:29:58 pm: Get the dataset to return in json obj...
11/01/2012 08:29:58 pm: Query has run: <CALL USP_GetCurrencies();>.
11/01/2012 08:29:58 pm: ... Got dataset to return in json obj
11/01/2012 08:29:58 pm: Query has run: <CALL USP_GetAccounts();>.
11/01/2012 08:29:58 pm: ... Got dataset to return in json obj
11/01/2012 08:29:58 pm: Hit to <getData.php>. Type: <cat>. Currency in Post=<>. currency var=<1>.
11/01/2012 08:29:58 pm: Hit to <getData.php>. Type: <scat>. Currency in Post=<>. currency var=<1>.
11/01/2012 08:29:58 pm: Get the dataset to return in json obj...
11/01/2012 08:29:58 pm: Get the dataset to return in json obj...
11/01/2012 08:29:59 pm: Hit to <getData.php>. Type: <payee>. Currency in Post=<>. currency var=<1>.
11/01/2012 08:29:59 pm: Query has run: <CALL USP_GetCategories();>.
11/01/2012 08:29:59 pm: ... Got dataset to return in json obj
11/01/2012 08:29:59 pm: Query has run: <CALL USP_GetCategories2();>.
11/01/2012 08:29:59 pm: ... Got dataset to return in json obj
11/01/2012 08:29:59 pm: Get the dataset to return in json obj...
11/01/2012 08:29:59 pm: Query has run: <CALL USP_GetPayees();>.
11/01/2012 08:29:59 pm: ... Got dataset to return in json obj
11/01/2012 08:31:00 pm: Hit to <getData.php>. Type: <acc>. Currency in Post=<1>. currency var=<1>.
11/01/2012 08:31:00 pm: Get the dataset to return in json obj...
11/01/2012 08:31:00 pm: Query has run: <CALL USP_GetAccounts();>.
11/01/2012 08:31:00 pm: ... Got dataset to return in json obj
11/01/2012 08:31:00 pm: Hit to <getData.php>. Type: <payee>. Currency in Post=<>. currency var=<1>.
11/01/2012 08:31:00 pm: Get the dataset to return in json obj...
11/01/2012 08:31:00 pm: Hit to <getData.php>. Type: <scat>. Currency in Post=<>. currency var=<1>.
11/01/2012 08:31:00 pm: Hit to <getData.php>. Type: <curr>. Currency in Post=<>. currency var=<1>.
11/01/2012 08:31:00 pm: Get the dataset to return in json obj...
11/01/2012 08:31:00 pm: Query has run: <CALL USP_GetCurrencies();>.
11/01/2012 08:31:00 pm: ... Got dataset to return in json obj
11/01/2012 08:31:00 pm: Get the dataset to return in json obj...
11/01/2012 08:31:00 pm: Query has run: <CALL USP_GetPayees();>.
11/01/2012 08:31:00 pm: ... Got dataset to return in json obj
11/01/2012 08:31:00 pm: Hit to <getData.php>. Type: <cat>. Currency in Post=<>. currency var=<1>.
11/01/2012 08:31:00 pm: Query has run: <CALL USP_GetCategories2();>.
11/01/2012 08:31:00 pm: ... Got dataset to return in json obj
11/01/2012 08:31:00 pm: Get the dataset to return in json obj...
11/01/2012 08:31:00 pm: Query has run: <CALL USP_GetCategories();>.
11/01/2012 08:31:00 pm: ... Got dataset to return in json obj
11/01/2012 08:31:12 pm: Hit to <insert.php>. Type in post: <acc>. catName in Post=<>. scatName in Post=<>.
11/01/2012 08:31:12 pm: Get the dataset to return in json obj...
11/01/2012 08:31:12 pm: Query has run: <CALL USP_GetAccounts();>.
11/01/2012 08:31:12 pm: ... Got dataset to return in json obj
11/01/2012 08:31:26 pm: Hit to <getData.php>. Type: <cat>. Currency in Post=<>. currency var=<1>.
11/01/2012 08:31:26 pm: Hit to <getData.php>. Type: <curr>. Currency in Post=<>. currency var=<1>.
11/01/2012 08:31:26 pm: Hit to <getData.php>. Type: <payee>. Currency in Post=<>. currency var=<1>.
11/01/2012 08:31:26 pm: Get the dataset to return in json obj...
11/01/2012 08:31:26 pm: Get the dataset to return in json obj...
11/01/2012 08:31:26 pm: Hit to <getData.php>. Type: <scat>. Currency in Post=<>. currency var=<1>.
11/01/2012 08:31:26 pm: Query has run: <CALL USP_GetCategories();>.
11/01/2012 08:31:26 pm: ... Got dataset to return in json obj
11/01/2012 08:31:26 pm: Get the dataset to return in json obj...
11/01/2012 08:31:26 pm: Query has run: <CALL USP_GetCurrencies();>.
11/01/2012 08:31:26 pm: ... Got dataset to return in json obj
11/01/2012 08:31:26 pm: Query has run: <CALL USP_GetCategories2();>.
11/01/2012 08:31:26 pm: ... Got dataset to return in json obj
11/01/2012 08:31:26 pm: Get the dataset to return in json obj...
11/01/2012 08:31:26 pm: Query has run: <CALL USP_GetPayees();>.
11/01/2012 08:31:26 pm: ... Got dataset to return in json obj
11/01/2012 08:31:26 pm: Hit to <getData.php>. Type: <acc>. Currency in Post=<1>. currency var=<1>.
11/01/2012 08:31:26 pm: Get the dataset to return in json obj...
11/01/2012 08:31:26 pm: Query has run: <CALL USP_GetAccounts();>.
11/01/2012 08:31:26 pm: ... Got dataset to return in json obj
11/01/2012 08:31:43 pm: Hit to <getData.php>. Type: <acc>. Currency in Post=<1>. currency var=<1>.
11/01/2012 08:31:43 pm: Hit to <getData.php>. Type: <payee>. Currency in Post=<>. currency var=<1>.
11/01/2012 08:31:43 pm: Hit to <getData.php>. Type: <curr>. Currency in Post=<>. currency var=<1>.
11/01/2012 08:31:43 pm: Hit to <getData.php>. Type: <scat>. Currency in Post=<>. currency var=<1>.
11/01/2012 08:31:43 pm: Hit to <getData.php>. Type: <cat>. Currency in Post=<>. currency var=<1>.
11/01/2012 08:31:43 pm: Get the dataset to return in json obj...
11/01/2012 08:31:43 pm: Get the dataset to return in json obj...
11/01/2012 08:31:43 pm: Query has run: <CALL USP_GetAccounts();>.
11/01/2012 08:31:43 pm: ... Got dataset to return in json obj
11/01/2012 08:31:43 pm: Get the dataset to return in json obj...
11/01/2012 08:31:43 pm: Get the dataset to return in json obj...
11/01/2012 08:31:43 pm: Query has run: <CALL USP_GetPayees();>.
11/01/2012 08:31:43 pm: ... Got dataset to return in json obj
11/01/2012 08:31:43 pm: Query has run: <CALL USP_GetCategories();>.
11/01/2012 08:31:43 pm: ... Got dataset to return in json obj
11/01/2012 08:31:43 pm: Query has run: <CALL USP_GetCategories2();>.
11/01/2012 08:31:43 pm: ... Got dataset to return in json obj
11/01/2012 08:31:43 pm: Get the dataset to return in json obj...
11/01/2012 08:31:43 pm: Query has run: <CALL USP_GetCurrencies();>.
11/01/2012 08:31:43 pm: ... Got dataset to return in json obj
11/01/2012 08:34:05 pm: Hit to <getData.php>. Type: <acc>. Currency in Post=<1>. currency var=<1>.
11/01/2012 08:34:05 pm: Hit to <getData.php>. Type: <curr>. Currency in Post=<>. currency var=<1>.
11/01/2012 08:34:05 pm: Hit to <getData.php>. Type: <scat>. Currency in Post=<>. currency var=<1>.
11/01/2012 08:34:05 pm: Hit to <getData.php>. Type: <payee>. Currency in Post=<>. currency var=<1>.
11/01/2012 08:34:05 pm: Get the dataset to return in json obj...
11/01/2012 08:34:05 pm: Hit to <getData.php>. Type: <cat>. Currency in Post=<>. currency var=<1>.
11/01/2012 08:34:05 pm: Get the dataset to return in json obj...
11/01/2012 08:34:05 pm: Get the dataset to return in json obj...
11/01/2012 08:34:05 pm: Query has run: <CALL USP_GetAccounts();>.
11/01/2012 08:34:05 pm: ... Got dataset to return in json obj
11/01/2012 08:34:05 pm: Query has run: <CALL USP_GetCurrencies();>.
11/01/2012 08:34:05 pm: ... Got dataset to return in json obj
11/01/2012 08:34:05 pm: Get the dataset to return in json obj...
11/01/2012 08:34:05 pm: Query has run: <CALL USP_GetCategories();>.
11/01/2012 08:34:05 pm: ... Got dataset to return in json obj
11/01/2012 08:34:05 pm: Get the dataset to return in json obj...
11/01/2012 08:34:05 pm: Query has run: <CALL USP_GetCategories2();>.
11/01/2012 08:34:05 pm: ... Got dataset to return in json obj
11/01/2012 08:34:05 pm: Query has run: <CALL USP_GetPayees();>.
11/01/2012 08:34:05 pm: ... Got dataset to return in json obj
11/01/2012 08:45:45 pm: Hit to <getData.php>. Type: <acc>. Currency in Post=<1>. currency var=<1>.
11/01/2012 08:45:45 pm: Get the dataset to return in json obj...
11/01/2012 08:45:45 pm: Hit to <getData.php>. Type: <curr>. Currency in Post=<>. currency var=<1>.
11/01/2012 08:45:45 pm: Get the dataset to return in json obj...
11/01/2012 08:45:45 pm: Query has run: <CALL USP_GetAccounts();>.
11/01/2012 08:45:45 pm: ... Got dataset to return in json obj
11/01/2012 08:45:45 pm: Query has run: <CALL USP_GetCurrencies();>.
11/01/2012 08:45:45 pm: ... Got dataset to return in json obj
11/01/2012 08:45:45 pm: Hit to <getData.php>. Type: <payee>. Currency in Post=<>. currency var=<1>.
11/01/2012 08:45:45 pm: Get the dataset to return in json obj...
11/01/2012 08:45:45 pm: Hit to <getData.php>. Type: <cat>. Currency in Post=<>. currency var=<1>.
11/01/2012 08:45:45 pm: Get the dataset to return in json obj...
11/01/2012 08:45:45 pm: Query has run: <CALL USP_GetCategories();>.
11/01/2012 08:45:45 pm: ... Got dataset to return in json obj
11/01/2012 08:45:45 pm: Query has run: <CALL USP_GetPayees();>.
11/01/2012 08:45:45 pm: ... Got dataset to return in json obj
11/01/2012 08:45:45 pm: Hit to <getData.php>. Type: <scat>. Currency in Post=<>. currency var=<1>.
11/01/2012 08:45:45 pm: Get the dataset to return in json obj...
11/01/2012 08:45:45 pm: Query has run: <CALL USP_GetCategories2();>.
11/01/2012 08:45:45 pm: ... Got dataset to return in json obj
11/01/2012 08:46:15 pm: Hit to <getData.php>. Type: <payee>. Currency in Post=<>. currency var=<1>.
11/01/2012 08:46:15 pm: Hit to <getData.php>. Type: <cat>. Currency in Post=<>. currency var=<1>.
11/01/2012 08:46:15 pm: Hit to <getData.php>. Type: <curr>. Currency in Post=<>. currency var=<1>.
11/01/2012 08:46:15 pm: Hit to <getData.php>. Type: <acc>. Currency in Post=<1>. currency var=<1>.
11/01/2012 08:46:15 pm: Hit to <getData.php>. Type: <scat>. Currency in Post=<>. currency var=<1>.
11/01/2012 08:46:15 pm: Get the dataset to return in json obj...
11/01/2012 08:46:15 pm: Get the dataset to return in json obj...
11/01/2012 08:46:15 pm: Get the dataset to return in json obj...
11/01/2012 08:46:15 pm: Query has run: <CALL USP_GetPayees();>.
11/01/2012 08:46:15 pm: ... Got dataset to return in json obj
11/01/2012 08:46:15 pm: Get the dataset to return in json obj...
11/01/2012 08:46:15 pm: Query has run: <CALL USP_GetAccounts();>.
11/01/2012 08:46:15 pm: ... Got dataset to return in json obj
11/01/2012 08:46:15 pm: Query has run: <CALL USP_GetCategories();>.
11/01/2012 08:46:15 pm: ... Got dataset to return in json obj
11/01/2012 08:46:15 pm: Query has run: <CALL USP_GetCurrencies();>.
11/01/2012 08:46:15 pm: ... Got dataset to return in json obj
11/01/2012 08:46:15 pm: Get the dataset to return in json obj...
11/01/2012 08:46:15 pm: Query has run: <CALL USP_GetCategories2();>.
11/01/2012 08:46:15 pm: ... Got dataset to return in json obj
11/01/2012 08:46:20 pm: Hit to <getData.php>. Type: <curr>. Currency in Post=<>. currency var=<1>.
11/01/2012 08:46:20 pm: Hit to <getData.php>. Type: <payee>. Currency in Post=<>. currency var=<1>.
11/01/2012 08:46:20 pm: Hit to <getData.php>. Type: <acc>. Currency in Post=<1>. currency var=<1>.
11/01/2012 08:46:20 pm: Hit to <getData.php>. Type: <cat>. Currency in Post=<>. currency var=<1>.
11/01/2012 08:46:20 pm: Hit to <getData.php>. Type: <scat>. Currency in Post=<>. currency var=<1>.
11/01/2012 08:46:20 pm: Get the dataset to return in json obj...
11/01/2012 08:46:20 pm: Get the dataset to return in json obj...
11/01/2012 08:46:20 pm: Get the dataset to return in json obj...
11/01/2012 08:46:20 pm: Get the dataset to return in json obj...
11/01/2012 08:46:20 pm: Query has run: <CALL USP_GetCurrencies();>.
11/01/2012 08:46:20 pm: ... Got dataset to return in json obj
11/01/2012 08:46:20 pm: Query has run: <CALL USP_GetCategories();>.
11/01/2012 08:46:20 pm: ... Got dataset to return in json obj
11/01/2012 08:46:20 pm: Query has run: <CALL USP_GetAccounts();>.
11/01/2012 08:46:20 pm: ... Got dataset to return in json obj
11/01/2012 08:46:20 pm: Get the dataset to return in json obj...
11/01/2012 08:46:20 pm: Query has run: <CALL USP_GetPayees();>.
11/01/2012 08:46:20 pm: ... Got dataset to return in json obj
11/01/2012 08:46:20 pm: Query has run: <CALL USP_GetCategories2();>.
11/01/2012 08:46:20 pm: ... Got dataset to return in json obj
11/01/2012 08:46:23 pm: Hit to <getData.php>. Type: <acc>. Currency in Post=<1>. currency var=<1>.
11/01/2012 08:46:23 pm: Hit to <getData.php>. Type: <curr>. Currency in Post=<>. currency var=<1>.
11/01/2012 08:46:23 pm: Get the dataset to return in json obj...
11/01/2012 08:46:23 pm: Get the dataset to return in json obj...
11/01/2012 08:46:23 pm: Query has run: <CALL USP_GetCurrencies();>.
11/01/2012 08:46:23 pm: ... Got dataset to return in json obj
11/01/2012 08:46:23 pm: Query has run: <CALL USP_GetAccounts();>.
11/01/2012 08:46:23 pm: ... Got dataset to return in json obj
11/01/2012 08:46:23 pm: Hit to <getData.php>. Type: <payee>. Currency in Post=<>. currency var=<1>.
11/01/2012 08:46:23 pm: Get the dataset to return in json obj...
11/01/2012 08:46:23 pm: Query has run: <CALL USP_GetPayees();>.
11/01/2012 08:46:23 pm: ... Got dataset to return in json obj
11/01/2012 08:46:23 pm: Hit to <getData.php>. Type: <scat>. Currency in Post=<>. currency var=<1>.
11/01/2012 08:46:23 pm: Hit to <getData.php>. Type: <cat>. Currency in Post=<>. currency var=<1>.
11/01/2012 08:46:23 pm: Get the dataset to return in json obj...
11/01/2012 08:46:23 pm: Query has run: <CALL USP_GetCategories();>.
11/01/2012 08:46:23 pm: ... Got dataset to return in json obj
11/01/2012 08:46:23 pm: Get the dataset to return in json obj...
11/01/2012 08:46:23 pm: Query has run: <CALL USP_GetCategories2();>.
11/01/2012 08:46:23 pm: ... Got dataset to return in json obj
11/01/2012 08:46:29 pm: Query has run: <CALL USP_GetAccounts ()>.
11/01/2012 08:46:45 pm: Hit to <insert.php>. Type in post: <acc>. catName in Post=<>. scatName in Post=<>.
11/01/2012 08:46:45 pm: Line 48-> Query1 to run: <CALL USP_InsertAccount (1,'test');>.
11/01/2012 08:46:45 pm: Line 50-> Query2 to run: <CALL USP_GetAccounts();>.
11/01/2012 08:46:45 pm: Start insert...
11/01/2012 08:46:45 pm: Query has run: <CALL USP_InsertAccount (1,'test');>.
11/01/2012 08:46:45 pm: Query has run: <CALL USP_GetAccounts ()>.
11/01/2012 08:46:45 pm: ... End insert
11/01/2012 08:46:45 pm: Get the dataset to return in json obj...
11/01/2012 08:46:45 pm: Query has run: <CALL USP_GetAccounts();>.
11/01/2012 08:46:45 pm: ... Got dataset to return in json obj
11/01/2012 08:47:04 pm: Hit to <getData.php>. Type: <acc>. Currency in Post=<1>. currency var=<1>.
11/01/2012 08:47:04 pm: Get the dataset to return in json obj...
11/01/2012 08:47:04 pm: Hit to <getData.php>. Type: <curr>. Currency in Post=<>. currency var=<1>.
11/01/2012 08:47:04 pm: Query has run: <CALL USP_GetAccounts();>.
11/01/2012 08:47:04 pm: ... Got dataset to return in json obj
11/01/2012 08:47:04 pm: Hit to <getData.php>. Type: <payee>. Currency in Post=<>. currency var=<1>.
11/01/2012 08:47:04 pm: Get the dataset to return in json obj...
11/01/2012 08:47:04 pm: Query has run: <CALL USP_GetCurrencies();>.
11/01/2012 08:47:04 pm: ... Got dataset to return in json obj
11/01/2012 08:47:04 pm: Get the dataset to return in json obj...
11/01/2012 08:47:04 pm: Hit to <getData.php>. Type: <cat>. Currency in Post=<>. currency var=<1>.
11/01/2012 08:47:04 pm: Get the dataset to return in json obj...
11/01/2012 08:47:04 pm: Query has run: <CALL USP_GetPayees();>.
11/01/2012 08:47:04 pm: ... Got dataset to return in json obj
11/01/2012 08:47:04 pm: Query has run: <CALL USP_GetCategories();>.
11/01/2012 08:47:04 pm: ... Got dataset to return in json obj
11/01/2012 08:47:04 pm: Hit to <getData.php>. Type: <scat>. Currency in Post=<>. currency var=<1>.
11/01/2012 08:47:04 pm: Get the dataset to return in json obj...
11/01/2012 08:47:04 pm: Query has run: <CALL USP_GetCategories2();>.
11/01/2012 08:47:04 pm: ... Got dataset to return in json obj
11/01/2012 08:48:39 pm: Hit to <getData.php>. Type: <acc>. Currency in Post=<1>. currency var=<1>.
11/01/2012 08:48:39 pm: Get the dataset to return in json obj...
11/01/2012 08:48:39 pm: Query has run: <CALL USP_GetAccounts();>.
11/01/2012 08:48:39 pm: ... Got dataset to return in json obj
11/01/2012 08:48:39 pm: Hit to <getData.php>. Type: <payee>. Currency in Post=<>. currency var=<1>.
11/01/2012 08:48:39 pm: Hit to <getData.php>. Type: <cat>. Currency in Post=<>. currency var=<1>.
11/01/2012 08:48:39 pm: Hit to <getData.php>. Type: <scat>. Currency in Post=<>. currency var=<1>.
11/01/2012 08:48:39 pm: Hit to <getData.php>. Type: <curr>. Currency in Post=<>. currency var=<1>.
11/01/2012 08:48:39 pm: Get the dataset to return in json obj...
11/01/2012 08:48:39 pm: Get the dataset to return in json obj...
11/01/2012 08:48:39 pm: Get the dataset to return in json obj...
11/01/2012 08:48:39 pm: Query has run: <CALL USP_GetCategories();>.
11/01/2012 08:48:39 pm: ... Got dataset to return in json obj
11/01/2012 08:48:39 pm: Query has run: <CALL USP_GetPayees();>.
11/01/2012 08:48:39 pm: ... Got dataset to return in json obj
11/01/2012 08:48:39 pm: Get the dataset to return in json obj...
11/01/2012 08:48:39 pm: Query has run: <CALL USP_GetCurrencies();>.
11/01/2012 08:48:39 pm: ... Got dataset to return in json obj
11/01/2012 08:48:39 pm: Query has run: <CALL USP_GetCategories2();>.
11/01/2012 08:48:39 pm: ... Got dataset to return in json obj
11/01/2012 08:48:50 pm: Hit to <getData.php>. Type: <acc>. Currency in Post=<1>. currency var=<1>.
11/01/2012 08:48:50 pm: Get the dataset to return in json obj...
11/01/2012 08:48:50 pm: Query has run: <CALL USP_GetAccounts();>.
11/01/2012 08:48:50 pm: ... Got dataset to return in json obj
11/01/2012 08:48:50 pm: Hit to <getData.php>. Type: <curr>. Currency in Post=<>. currency var=<1>.
11/01/2012 08:48:50 pm: Get the dataset to return in json obj...
11/01/2012 08:48:50 pm: Query has run: <CALL USP_GetCurrencies();>.
11/01/2012 08:48:50 pm: ... Got dataset to return in json obj
11/01/2012 08:48:50 pm: Hit to <getData.php>. Type: <payee>. Currency in Post=<>. currency var=<1>.
11/01/2012 08:48:50 pm: Get the dataset to return in json obj...
11/01/2012 08:48:50 pm: Hit to <getData.php>. Type: <cat>. Currency in Post=<>. currency var=<1>.
11/01/2012 08:48:50 pm: Get the dataset to return in json obj...
11/01/2012 08:48:50 pm: Query has run: <CALL USP_GetCategories();>.
11/01/2012 08:48:50 pm: ... Got dataset to return in json obj
11/01/2012 08:48:50 pm: Hit to <getData.php>. Type: <scat>. Currency in Post=<>. currency var=<1>.
11/01/2012 08:48:50 pm: Get the dataset to return in json obj...
11/01/2012 08:48:50 pm: Query has run: <CALL USP_GetPayees();>.
11/01/2012 08:48:50 pm: ... Got dataset to return in json obj
11/01/2012 08:48:50 pm: Query has run: <CALL USP_GetCategories2();>.
11/01/2012 08:48:50 pm: ... Got dataset to return in json obj
11/01/2012 08:49:07 pm: Hit to <getData.php>. Type: <acc>. Currency in Post=<1>. currency var=<1>.
11/01/2012 08:49:07 pm: Hit to <getData.php>. Type: <curr>. Currency in Post=<>. currency var=<1>.
11/01/2012 08:49:07 pm: Get the dataset to return in json obj...
11/01/2012 08:49:07 pm: Query has run: <CALL USP_GetAccounts();>.
11/01/2012 08:49:07 pm: ... Got dataset to return in json obj
11/01/2012 08:49:07 pm: Get the dataset to return in json obj...
11/01/2012 08:49:07 pm: Query has run: <CALL USP_GetCurrencies();>.
11/01/2012 08:49:07 pm: ... Got dataset to return in json obj
11/01/2012 08:49:07 pm: Hit to <getData.php>. Type: <payee>. Currency in Post=<>. currency var=<1>.
11/01/2012 08:49:07 pm: Hit to <getData.php>. Type: <cat>. Currency in Post=<>. currency var=<1>.
11/01/2012 08:49:07 pm: Get the dataset to return in json obj...
11/01/2012 08:49:07 pm: Get the dataset to return in json obj...
11/01/2012 08:49:07 pm: Query has run: <CALL USP_GetCategories();>.
11/01/2012 08:49:07 pm: ... Got dataset to return in json obj
11/01/2012 08:49:07 pm: Query has run: <CALL USP_GetPayees();>.
11/01/2012 08:49:07 pm: ... Got dataset to return in json obj
11/01/2012 08:49:07 pm: Hit to <getData.php>. Type: <scat>. Currency in Post=<>. currency var=<1>.
11/01/2012 08:49:07 pm: Get the dataset to return in json obj...
11/01/2012 08:49:07 pm: Query has run: <CALL USP_GetCategories2();>.
11/01/2012 08:49:07 pm: ... Got dataset to return in json obj
11/01/2012 08:55:15 pm: Hit to <getData.php>. Type: <cat>. Currency in Post=<>. currency var=<1>.
11/01/2012 08:55:15 pm: Hit to <getData.php>. Type: <payee>. Currency in Post=<>. currency var=<1>.
11/01/2012 08:55:15 pm: Hit to <getData.php>. Type: <scat>. Currency in Post=<>. currency var=<1>.
11/01/2012 08:55:15 pm: Get the dataset to return in json obj...
11/01/2012 08:55:15 pm: Hit to <getData.php>. Type: <acc>. Currency in Post=<1>. currency var=<1>.
11/01/2012 08:55:15 pm: Hit to <getData.php>. Type: <curr>. Currency in Post=<>. currency var=<1>.
11/01/2012 08:55:15 pm: Get the dataset to return in json obj...
11/01/2012 08:55:15 pm: Get the dataset to return in json obj...
11/01/2012 08:55:15 pm: Query has run: <CALL USP_GetCategories();>.
11/01/2012 08:55:15 pm: Query has run: <CALL USP_GetPayees();>.
11/01/2012 08:55:15 pm: ... Got dataset to return in json obj
11/01/2012 08:55:15 pm: ... Got dataset to return in json obj
11/01/2012 08:55:15 pm: Get the dataset to return in json obj...
11/01/2012 08:55:15 pm: Query has run: <CALL USP_GetCurrencies();>.
11/01/2012 08:55:15 pm: ... Got dataset to return in json obj
11/01/2012 08:55:15 pm: Query has run: <CALL USP_GetCategories2();>.
11/01/2012 08:55:15 pm: ... Got dataset to return in json obj
11/01/2012 08:55:15 pm: Get the dataset to return in json obj...
11/01/2012 08:55:15 pm: Query has run: <CALL USP_GetAccounts();>.
11/01/2012 08:55:15 pm: ... Got dataset to return in json obj
11/01/2012 08:55:58 pm: Hit to <getData.php>. Type: <payee>. Currency in Post=<>. currency var=<1>.
11/01/2012 08:55:58 pm: Hit to <getData.php>. Type: <curr>. Currency in Post=<>. currency var=<1>.
11/01/2012 08:55:58 pm: Hit to <getData.php>. Type: <acc>. Currency in Post=<1>. currency var=<1>.
11/01/2012 08:55:58 pm: Hit to <getData.php>. Type: <scat>. Currency in Post=<>. currency var=<1>.
11/01/2012 08:55:58 pm: Get the dataset to return in json obj...
11/01/2012 08:55:58 pm: Hit to <getData.php>. Type: <cat>. Currency in Post=<>. currency var=<1>.
11/01/2012 08:55:58 pm: Get the dataset to return in json obj...
11/01/2012 08:55:58 pm: Get the dataset to return in json obj...
11/01/2012 08:55:58 pm: Query has run: <CALL USP_GetCurrencies();>.
11/01/2012 08:55:58 pm: Get the dataset to return in json obj...
11/01/2012 08:55:58 pm: ... Got dataset to return in json obj
11/01/2012 08:55:58 pm: Query has run: <CALL USP_GetAccounts();>.
11/01/2012 08:55:58 pm: ... Got dataset to return in json obj
11/01/2012 08:55:58 pm: Query has run: <CALL USP_GetPayees();>.
11/01/2012 08:55:58 pm: ... Got dataset to return in json obj
11/01/2012 08:55:58 pm: Query has run: <CALL USP_GetCategories2();>.
11/01/2012 08:55:58 pm: ... Got dataset to return in json obj
11/01/2012 08:55:58 pm: Get the dataset to return in json obj...
11/01/2012 08:55:58 pm: Query has run: <CALL USP_GetCategories();>.
11/01/2012 08:55:58 pm: ... Got dataset to return in json obj
11/01/2012 09:00:06 pm: Hit to <getData.php>. Type: <acc>. Currency in Post=<1>. currency var=<1>.
11/01/2012 09:00:06 pm: Get the dataset to return in json obj...
11/01/2012 09:00:06 pm: Query has run: <CALL USP_GetAccounts();>.
11/01/2012 09:00:06 pm: ... Got dataset to return in json obj
11/01/2012 09:00:06 pm: Hit to <getData.php>. Type: <curr>. Currency in Post=<>. currency var=<1>.
11/01/2012 09:00:06 pm: Get the dataset to return in json obj...
11/01/2012 09:00:06 pm: Query has run: <CALL USP_GetCurrencies();>.
11/01/2012 09:00:06 pm: ... Got dataset to return in json obj
11/01/2012 09:00:06 pm: Hit to <getData.php>. Type: <payee>. Currency in Post=<>. currency var=<1>.
11/01/2012 09:00:06 pm: Get the dataset to return in json obj...
11/01/2012 09:00:06 pm: Query has run: <CALL USP_GetPayees();>.
11/01/2012 09:00:06 pm: ... Got dataset to return in json obj
11/01/2012 09:00:06 pm: Hit to <getData.php>. Type: <cat>. Currency in Post=<>. currency var=<1>.
11/01/2012 09:00:06 pm: Get the dataset to return in json obj...
11/01/2012 09:00:06 pm: Query has run: <CALL USP_GetCategories();>.
11/01/2012 09:00:06 pm: ... Got dataset to return in json obj
11/01/2012 09:00:06 pm: Hit to <getData.php>. Type: <scat>. Currency in Post=<>. currency var=<1>.
11/01/2012 09:00:06 pm: Get the dataset to return in json obj...
11/01/2012 09:00:06 pm: Query has run: <CALL USP_GetCategories2();>.
11/01/2012 09:00:06 pm: ... Got dataset to return in json obj
11/01/2012 09:07:51 pm: Hit to <getData.php>. Type: <payee>. Currency in Post=<>. currency var=<1>.
11/01/2012 09:07:51 pm: Hit to <getData.php>. Type: <curr>. Currency in Post=<>. currency var=<1>.
11/01/2012 09:07:51 pm: Get the dataset to return in json obj...
11/01/2012 09:07:51 pm: Hit to <getData.php>. Type: <scat>. Currency in Post=<>. currency var=<1>.
11/01/2012 09:07:51 pm: Get the dataset to return in json obj...
11/01/2012 09:07:51 pm: Hit to <getData.php>. Type: <cat>. Currency in Post=<>. currency var=<1>.
11/01/2012 09:07:51 pm: Hit to <getData.php>. Type: <acc>. Currency in Post=<1>. currency var=<1>.
11/01/2012 09:07:51 pm: Query has run: <CALL USP_GetPayees();>.
11/01/2012 09:07:51 pm: ... Got dataset to return in json obj
11/01/2012 09:07:51 pm: Query has run: <CALL USP_GetCurrencies();>.
11/01/2012 09:07:51 pm: ... Got dataset to return in json obj
11/01/2012 09:07:51 pm: Get the dataset to return in json obj...
11/01/2012 09:07:51 pm: Query has run: <CALL USP_GetCategories();>.
11/01/2012 09:07:51 pm: ... Got dataset to return in json obj
11/01/2012 09:07:51 pm: Get the dataset to return in json obj...
11/01/2012 09:07:51 pm: Query has run: <CALL USP_GetAccounts();>.
11/01/2012 09:07:51 pm: ... Got dataset to return in json obj
11/01/2012 09:07:51 pm: Get the dataset to return in json obj...
11/01/2012 09:07:51 pm: Query has run: <CALL USP_GetCategories2();>.
11/01/2012 09:07:51 pm: ... Got dataset to return in json obj
11/01/2012 09:22:22 pm: Hit to <getData.php>. Type: <acc>. Currency in Post=<1>. currency var=<1>.
11/01/2012 09:22:22 pm: Hit to <getData.php>. Type: <payee>. Currency in Post=<>. currency var=<1>.
11/01/2012 09:22:22 pm: Get the dataset to return in json obj...
11/01/2012 09:22:22 pm: Hit to <getData.php>. Type: <cat>. Currency in Post=<>. currency var=<1>.
11/01/2012 09:22:22 pm: Query has run: <CALL USP_GetAccounts();>.
11/01/2012 09:22:22 pm: ... Got dataset to return in json obj
11/01/2012 09:22:22 pm: Get the dataset to return in json obj...
11/01/2012 09:22:22 pm: Hit to <getData.php>. Type: <curr>. Currency in Post=<>. currency var=<1>.
11/01/2012 09:22:22 pm: Query has run: <CALL USP_GetPayees();>.
11/01/2012 09:22:22 pm: ... Got dataset to return in json obj
11/01/2012 09:22:22 pm: Get the dataset to return in json obj...
11/01/2012 09:22:22 pm: Query has run: <CALL USP_GetCategories();>.
11/01/2012 09:22:22 pm: ... Got dataset to return in json obj
11/01/2012 09:22:22 pm: Get the dataset to return in json obj...
11/01/2012 09:22:22 pm: Query has run: <CALL USP_GetCurrencies();>.
11/01/2012 09:22:22 pm: ... Got dataset to return in json obj
11/01/2012 09:22:22 pm: Hit to <getData.php>. Type: <scat>. Currency in Post=<>. currency var=<1>.
11/01/2012 09:22:22 pm: Get the dataset to return in json obj...
11/01/2012 09:22:22 pm: Query has run: <CALL USP_GetCategories2();>.
11/01/2012 09:22:22 pm: ... Got dataset to return in json obj
11/01/2012 09:27:38 pm: Hit to <getData.php>. Type: <acc>. Currency in Post=<1>. currency var=<1>.
11/01/2012 09:27:38 pm: Hit to <getData.php>. Type: <curr>. Currency in Post=<>. currency var=<1>.
11/01/2012 09:27:38 pm: Get the dataset to return in json obj...
11/01/2012 09:27:38 pm: Hit to <getData.php>. Type: <payee>. Currency in Post=<>. currency var=<1>.
11/01/2012 09:27:38 pm: Get the dataset to return in json obj...
11/01/2012 09:27:38 pm: Query has run: <CALL USP_GetAccounts();>.
11/01/2012 09:27:38 pm: ... Got dataset to return in json obj
11/01/2012 09:27:38 pm: Get the dataset to return in json obj...
11/01/2012 09:27:38 pm: Query has run: <CALL USP_GetCurrencies();>.
11/01/2012 09:27:38 pm: ... Got dataset to return in json obj
11/01/2012 09:27:38 pm: Hit to <getData.php>. Type: <cat>. Currency in Post=<>. currency var=<1>.
11/01/2012 09:27:38 pm: Get the dataset to return in json obj...
11/01/2012 09:27:38 pm: Query has run: <CALL USP_GetCategories();>.
11/01/2012 09:27:38 pm: ... Got dataset to return in json obj
11/01/2012 09:27:38 pm: Query has run: <CALL USP_GetPayees();>.
11/01/2012 09:27:38 pm: ... Got dataset to return in json obj
11/01/2012 09:27:38 pm: Hit to <getData.php>. Type: <scat>. Currency in Post=<>. currency var=<1>.
11/01/2012 09:27:38 pm: Get the dataset to return in json obj...
11/01/2012 09:27:38 pm: Query has run: <CALL USP_GetCategories2();>.
11/01/2012 09:27:38 pm: ... Got dataset to return in json obj
11/01/2012 09:28:27 pm: Hit to <getData.php>. Type: <acc>. Currency in Post=<1>. currency var=<1>.
11/01/2012 09:28:27 pm: Hit to <getData.php>. Type: <curr>. Currency in Post=<>. currency var=<1>.
11/01/2012 09:28:27 pm: Get the dataset to return in json obj...
11/01/2012 09:28:27 pm: Get the dataset to return in json obj...
11/01/2012 09:28:27 pm: Query has run: <CALL USP_GetCurrencies();>.
11/01/2012 09:28:27 pm: Query has run: <CALL USP_GetAccounts();>.
11/01/2012 09:28:27 pm: ... Got dataset to return in json obj
11/01/2012 09:28:27 pm: ... Got dataset to return in json obj
11/01/2012 09:28:27 pm: Hit to <getData.php>. Type: <payee>. Currency in Post=<>. currency var=<1>.
11/01/2012 09:28:27 pm: Hit to <getData.php>. Type: <cat>. Currency in Post=<>. currency var=<1>.
11/01/2012 09:28:27 pm: Get the dataset to return in json obj...
11/01/2012 09:28:27 pm: Hit to <getData.php>. Type: <scat>. Currency in Post=<>. currency var=<1>.
11/01/2012 09:28:27 pm: Get the dataset to return in json obj...
11/01/2012 09:28:27 pm: Query has run: <CALL USP_GetPayees();>.
11/01/2012 09:28:27 pm: ... Got dataset to return in json obj
11/01/2012 09:28:27 pm: Query has run: <CALL USP_GetCategories();>.
11/01/2012 09:28:27 pm: ... Got dataset to return in json obj
11/01/2012 09:28:27 pm: Get the dataset to return in json obj...
11/01/2012 09:28:27 pm: Query has run: <CALL USP_GetCategories2();>.
11/01/2012 09:28:27 pm: ... Got dataset to return in json obj
11/01/2012 09:40:11 pm: Hit to <getData.php>. Type: <acc>. Currency in Post=<1>. currency var=<1>.
11/01/2012 09:40:11 pm: Hit to <getData.php>. Type: <curr>. Currency in Post=<>. currency var=<1>.
11/01/2012 09:40:11 pm: Get the dataset to return in json obj...
11/01/2012 09:40:11 pm: Query has run: <CALL USP_GetAccounts();>.
11/01/2012 09:40:11 pm: ... Got dataset to return in json obj
11/01/2012 09:40:11 pm: Get the dataset to return in json obj...
11/01/2012 09:40:11 pm: Hit to <getData.php>. Type: <payee>. Currency in Post=<>. currency var=<1>.
11/01/2012 09:40:11 pm: Query has run: <CALL USP_GetCurrencies();>.
11/01/2012 09:40:11 pm: Get the dataset to return in json obj...
11/01/2012 09:40:11 pm: ... Got dataset to return in json obj
11/01/2012 09:40:11 pm: Query has run: <CALL USP_GetPayees();>.
11/01/2012 09:40:11 pm: ... Got dataset to return in json obj
11/01/2012 09:40:11 pm: Hit to <getData.php>. Type: <scat>. Currency in Post=<>. currency var=<1>.
11/01/2012 09:40:11 pm: Get the dataset to return in json obj...
11/01/2012 09:40:11 pm: Query has run: <CALL USP_GetCategories2();>.
11/01/2012 09:40:11 pm: ... Got dataset to return in json obj
11/01/2012 09:40:11 pm: Hit to <getData.php>. Type: <cat>. Currency in Post=<>. currency var=<1>.
11/01/2012 09:40:11 pm: Get the dataset to return in json obj...
11/01/2012 09:40:11 pm: Query has run: <CALL USP_GetCategories();>.
11/01/2012 09:40:11 pm: ... Got dataset to return in json obj
11/01/2012 09:43:47 pm: Hit to <getData.php>. Type: <payee>. Currency in Post=<>. currency var=<1>.
11/01/2012 09:43:47 pm: Hit to <getData.php>. Type: <acc>. Currency in Post=<1>. currency var=<1>.
11/01/2012 09:43:47 pm: Hit to <getData.php>. Type: <curr>. Currency in Post=<>. currency var=<1>.
11/01/2012 09:43:47 pm: Hit to <getData.php>. Type: <scat>. Currency in Post=<>. currency var=<1>.
11/01/2012 09:43:47 pm: Get the dataset to return in json obj...
11/01/2012 09:43:47 pm: Hit to <getData.php>. Type: <cat>. Currency in Post=<>. currency var=<1>.
11/01/2012 09:43:47 pm: Get the dataset to return in json obj...
11/01/2012 09:43:47 pm: Query has run: <CALL USP_GetCategories();>.
11/01/2012 09:43:47 pm: ... Got dataset to return in json obj
11/01/2012 09:43:47 pm: Get the dataset to return in json obj...
11/01/2012 09:43:47 pm: Query has run: <CALL USP_GetCurrencies();>.
11/01/2012 09:43:47 pm: ... Got dataset to return in json obj
11/01/2012 09:43:47 pm: Query has run: <CALL USP_GetAccounts();>.
11/01/2012 09:43:47 pm: ... Got dataset to return in json obj
11/01/2012 09:43:47 pm: Get the dataset to return in json obj...
11/01/2012 09:43:47 pm: Get the dataset to return in json obj...
11/01/2012 09:43:47 pm: Query has run: <CALL USP_GetPayees();>.
11/01/2012 09:43:47 pm: ... Got dataset to return in json obj
11/01/2012 09:43:47 pm: Query has run: <CALL USP_GetCategories2();>.
11/01/2012 09:43:47 pm: ... Got dataset to return in json obj
11/01/2012 09:44:07 pm: Hit to <getData.php>. Type: <acc>. Currency in Post=<1>. currency var=<1>.
11/01/2012 09:44:07 pm: Get the dataset to return in json obj...
11/01/2012 09:44:07 pm: Query has run: <CALL USP_GetAccounts();>.
11/01/2012 09:44:07 pm: ... Got dataset to return in json obj
11/01/2012 09:44:07 pm: Hit to <getData.php>. Type: <payee>. Currency in Post=<>. currency var=<1>.
11/01/2012 09:44:07 pm: Hit to <getData.php>. Type: <cat>. Currency in Post=<>. currency var=<1>.
11/01/2012 09:44:07 pm: Get the dataset to return in json obj...
11/01/2012 09:44:07 pm: Get the dataset to return in json obj...
11/01/2012 09:44:07 pm: Query has run: <CALL USP_GetPayees();>.
11/01/2012 09:44:07 pm: ... Got dataset to return in json obj
11/01/2012 09:44:07 pm: Query has run: <CALL USP_GetCategories();>.
11/01/2012 09:44:07 pm: ... Got dataset to return in json obj
11/01/2012 09:44:07 pm: Hit to <getData.php>. Type: <curr>. Currency in Post=<>. currency var=<1>.
11/01/2012 09:44:07 pm: Get the dataset to return in json obj...
11/01/2012 09:44:07 pm: Query has run: <CALL USP_GetCurrencies();>.
11/01/2012 09:44:07 pm: ... Got dataset to return in json obj
11/01/2012 09:44:07 pm: Hit to <getData.php>. Type: <scat>. Currency in Post=<>. currency var=<1>.
11/01/2012 09:44:07 pm: Get the dataset to return in json obj...
11/01/2012 09:44:07 pm: Query has run: <CALL USP_GetCategories2();>.
11/01/2012 09:44:07 pm: ... Got dataset to return in json obj
11/01/2012 09:55:44 pm: Hit to <insert.php>. Type in post: <acc>. catName in Post=<>. scatName in Post=<>.
