11/16/2012 04:14:22 pm: Get the dataset to return in json obj...
11/16/2012 04:14:22 pm: Get the dataset to return in json obj...
11/16/2012 04:14:22 pm: Get the dataset to return in json obj...
11/16/2012 04:14:22 pm: Get the dataset to return in json obj...
11/16/2012 04:14:22 pm: Get the dataset to return in json obj...
11/16/2012 04:14:23 pm: Query has run: <CALL USP_GetCategories();>.
11/16/2012 04:14:23 pm: ... Got dataset to return in json obj
11/16/2012 04:14:23 pm: Query has run: <CALL USP_GetCurrencies();>.
11/16/2012 04:14:23 pm: ... Got dataset to return in json obj
11/16/2012 04:14:23 pm: Query has run: <CALL USP_GetPayees();>.
11/16/2012 04:14:23 pm: ... Got dataset to return in json obj
11/16/2012 04:14:23 pm: Query has run: <CALL USP_GetAccounts();>.
11/16/2012 04:14:23 pm: ... Got dataset to return in json obj
11/16/2012 04:14:23 pm: Query has run: <CALL USP_GetCategories2();>.
11/16/2012 04:14:23 pm: ... Got dataset to return in json obj
11/16/2012 04:17:23 pm: Get the dataset to return in json obj...
11/16/2012 04:17:23 pm: Query has run: <CALL USP_GetAccounts();>.
11/16/2012 04:17:23 pm: ... Got dataset to return in json obj
11/16/2012 04:17:23 pm: Get the dataset to return in json obj...
11/16/2012 04:17:23 pm: Query has run: <CALL USP_GetCurrencies();>.
11/16/2012 04:17:23 pm: ... Got dataset to return in json obj
11/16/2012 04:17:23 pm: Get the dataset to return in json obj...
11/16/2012 04:17:23 pm: Get the dataset to return in json obj...
11/16/2012 04:17:23 pm: Query has run: <CALL USP_GetPayees();>.
11/16/2012 04:17:23 pm: ... Got dataset to return in json obj
11/16/2012 04:17:23 pm: Query has run: <CALL USP_GetCategories();>.
11/16/2012 04:17:23 pm: ... Got dataset to return in json obj
11/16/2012 04:17:23 pm: Get the dataset to return in json obj...
11/16/2012 04:17:23 pm: Query has run: <CALL USP_GetCategories2();>.
11/16/2012 04:17:23 pm: ... Got dataset to return in json obj
11/16/2012 04:17:48 pm: Get the dataset to return in json obj...
11/16/2012 04:17:48 pm: Query has run: <CALL USP_GetAccounts();>.
11/16/2012 04:17:48 pm: ... Got dataset to return in json obj
11/16/2012 04:17:48 pm: Get the dataset to return in json obj...
11/16/2012 04:17:48 pm: Query has run: <CALL USP_GetCurrencies();>.
11/16/2012 04:17:48 pm: ... Got dataset to return in json obj
11/16/2012 04:17:48 pm: Get the dataset to return in json obj...
11/16/2012 04:17:48 pm: Query has run: <CALL USP_GetPayees();>.
11/16/2012 04:17:48 pm: ... Got dataset to return in json obj
11/16/2012 04:17:48 pm: Get the dataset to return in json obj...
11/16/2012 04:17:48 pm: Query has run: <CALL USP_GetCategories();>.
11/16/2012 04:17:48 pm: ... Got dataset to return in json obj
11/16/2012 04:17:48 pm: Get the dataset to return in json obj...
11/16/2012 04:17:48 pm: Query has run: <CALL USP_GetCategories2();>.
11/16/2012 04:17:48 pm: ... Got dataset to return in json obj
11/16/2012 04:18:30 pm: Get the dataset to return in json obj...
11/16/2012 04:18:30 pm: Query has run: <CALL USP_GetAccounts();>.
11/16/2012 04:18:30 pm: ... Got dataset to return in json obj
11/16/2012 04:18:30 pm: Get the dataset to return in json obj...
11/16/2012 04:18:30 pm: Get the dataset to return in json obj...
11/16/2012 04:18:30 pm: Query has run: <CALL USP_GetPayees();>.
11/16/2012 04:18:30 pm: ... Got dataset to return in json obj
11/16/2012 04:18:30 pm: Get the dataset to return in json obj...
11/16/2012 04:18:30 pm: Get the dataset to return in json obj...
11/16/2012 04:18:30 pm: Query has run: <CALL USP_GetCurrencies();>.
11/16/2012 04:18:30 pm: ... Got dataset to return in json obj
11/16/2012 04:18:30 pm: Query has run: <CALL USP_GetCategories2();>.
11/16/2012 04:18:30 pm: ... Got dataset to return in json obj
11/16/2012 04:18:30 pm: Query has run: <CALL USP_GetCategories();>.
11/16/2012 04:18:30 pm: ... Got dataset to return in json obj
11/16/2012 04:22:05 pm: Get the dataset to return in json obj...
11/16/2012 04:22:05 pm: Query has run: <CALL USP_GetAccounts();>.
11/16/2012 04:22:05 pm: ... Got dataset to return in json obj
11/16/2012 04:22:05 pm: Get the dataset to return in json obj...
11/16/2012 04:22:05 pm: Query has run: <CALL USP_GetCurrencies();>.
11/16/2012 04:22:05 pm: ... Got dataset to return in json obj
11/16/2012 04:22:05 pm: Get the dataset to return in json obj...
11/16/2012 04:22:05 pm: Query has run: <CALL USP_GetPayees();>.
11/16/2012 04:22:05 pm: ... Got dataset to return in json obj
11/16/2012 04:22:05 pm: Get the dataset to return in json obj...
11/16/2012 04:22:05 pm: Get the dataset to return in json obj...
11/16/2012 04:22:05 pm: Query has run: <CALL USP_GetCategories();>.
11/16/2012 04:22:05 pm: ... Got dataset to return in json obj
11/16/2012 04:22:05 pm: Query has run: <CALL USP_GetCategories2();>.
11/16/2012 04:22:05 pm: ... Got dataset to return in json obj
11/16/2012 04:23:38 pm: Get the dataset to return in json obj...
11/16/2012 04:23:38 pm: Get the dataset to return in json obj...
11/16/2012 04:23:38 pm: Query has run: <CALL USP_GetCurrencies();>.
11/16/2012 04:23:38 pm: ... Got dataset to return in json obj
11/16/2012 04:23:38 pm: Query has run: <CALL USP_GetAccounts();>.
11/16/2012 04:23:38 pm: ... Got dataset to return in json obj
11/16/2012 04:23:38 pm: Get the dataset to return in json obj...
11/16/2012 04:23:38 pm: Query has run: <CALL USP_GetPayees();>.
11/16/2012 04:23:38 pm: ... Got dataset to return in json obj
11/16/2012 04:23:38 pm: Get the dataset to return in json obj...
11/16/2012 04:23:38 pm: Get the dataset to return in json obj...
11/16/2012 04:23:38 pm: Query has run: <CALL USP_GetCategories();>.
11/16/2012 04:23:38 pm: ... Got dataset to return in json obj
11/16/2012 04:23:38 pm: Query has run: <CALL USP_GetCategories2();>.
11/16/2012 04:23:38 pm: ... Got dataset to return in json obj
11/16/2012 04:26:47 pm: Get the dataset to return in json obj...
11/16/2012 04:26:47 pm: Query has run: <CALL USP_GetAccounts();>.
11/16/2012 04:26:47 pm: ... Got dataset to return in json obj
11/16/2012 04:26:47 pm: Get the dataset to return in json obj...
11/16/2012 04:26:47 pm: Get the dataset to return in json obj...
11/16/2012 04:26:47 pm: Query has run: <CALL USP_GetCurrencies();>.
11/16/2012 04:26:47 pm: ... Got dataset to return in json obj
11/16/2012 04:26:47 pm: Query has run: <CALL USP_GetPayees();>.
11/16/2012 04:26:47 pm: ... Got dataset to return in json obj
11/16/2012 04:26:47 pm: Get the dataset to return in json obj...
11/16/2012 04:26:47 pm: Query has run: <CALL USP_GetCategories();>.
11/16/2012 04:26:47 pm: ... Got dataset to return in json obj
11/16/2012 04:26:47 pm: Get the dataset to return in json obj...
11/16/2012 04:26:47 pm: Query has run: <CALL USP_GetCategories2();>.
11/16/2012 04:26:47 pm: ... Got dataset to return in json obj
11/16/2012 04:27:40 pm: Get the dataset to return in json obj...
11/16/2012 04:27:40 pm: Query has run: <CALL USP_GetCurrencies();>.
11/16/2012 04:27:40 pm: ... Got dataset to return in json obj
11/16/2012 04:27:40 pm: Get the dataset to return in json obj...
11/16/2012 04:27:40 pm: Get the dataset to return in json obj...
11/16/2012 04:27:40 pm: Query has run: <CALL USP_GetCategories2();>.
11/16/2012 04:27:40 pm: ... Got dataset to return in json obj
11/16/2012 04:27:40 pm: Get the dataset to return in json obj...
11/16/2012 04:27:40 pm: Get the dataset to return in json obj...
11/16/2012 04:27:40 pm: Query has run: <CALL USP_GetAccounts();>.
11/16/2012 04:27:40 pm: ... Got dataset to return in json obj
11/16/2012 04:27:40 pm: Query has run: <CALL USP_GetPayees();>.
11/16/2012 04:27:40 pm: ... Got dataset to return in json obj
11/16/2012 04:27:40 pm: Query has run: <CALL USP_GetCategories();>.
11/16/2012 04:27:40 pm: ... Got dataset to return in json obj
11/16/2012 04:28:18 pm: Get the dataset to return in json obj...
11/16/2012 04:28:18 pm: Get the dataset to return in json obj...
11/16/2012 04:28:18 pm: Get the dataset to return in json obj...
11/16/2012 04:28:18 pm: Query has run: <CALL USP_GetPayees();>.
11/16/2012 04:28:18 pm: ... Got dataset to return in json obj
11/16/2012 04:28:18 pm: Query has run: <CALL USP_GetAccounts();>.
11/16/2012 04:28:18 pm: ... Got dataset to return in json obj
11/16/2012 04:28:18 pm: Get the dataset to return in json obj...
11/16/2012 04:28:18 pm: Query has run: <CALL USP_GetCategories2();>.
11/16/2012 04:28:18 pm: ... Got dataset to return in json obj
11/16/2012 04:28:18 pm: Query has run: <CALL USP_GetCurrencies();>.
11/16/2012 04:28:18 pm: ... Got dataset to return in json obj
11/16/2012 04:28:18 pm: Get the dataset to return in json obj...
11/16/2012 04:28:18 pm: Query has run: <CALL USP_GetCategories();>.
11/16/2012 04:28:18 pm: ... Got dataset to return in json obj
11/16/2012 04:28:28 pm: Get the dataset to return in json obj...
11/16/2012 04:28:28 pm: Get the dataset to return in json obj...
11/16/2012 04:28:28 pm: Query has run: <CALL USP_GetAccounts();>.
11/16/2012 04:28:28 pm: ... Got dataset to return in json obj
11/16/2012 04:28:28 pm: Query has run: <CALL USP_GetCurrencies();>.
11/16/2012 04:28:28 pm: ... Got dataset to return in json obj
11/16/2012 04:28:28 pm: Get the dataset to return in json obj...
11/16/2012 04:28:28 pm: Get the dataset to return in json obj...
11/16/2012 04:28:28 pm: Query has run: <CALL USP_GetPayees();>.
11/16/2012 04:28:28 pm: ... Got dataset to return in json obj
11/16/2012 04:28:28 pm: Get the dataset to return in json obj...
11/16/2012 04:28:28 pm: Query has run: <CALL USP_GetCategories2();>.
11/16/2012 04:28:28 pm: ... Got dataset to return in json obj
11/16/2012 04:28:28 pm: Query has run: <CALL USP_GetCategories();>.
11/16/2012 04:28:28 pm: ... Got dataset to return in json obj
11/16/2012 04:28:28 pm: Get the dataset to return in json obj...
11/16/2012 04:28:28 pm: Query has run: <CALL USP_GetCategories2();>.
11/16/2012 04:28:28 pm: ... Got dataset to return in json obj
11/16/2012 04:28:28 pm: Get the dataset to return in json obj...
11/16/2012 04:28:28 pm: Get the dataset to return in json obj...
11/16/2012 04:28:28 pm: Query has run: <CALL USP_GetCurrencies();>.
11/16/2012 04:28:28 pm: ... Got dataset to return in json obj
11/16/2012 04:28:28 pm: Get the dataset to return in json obj...
11/16/2012 04:28:28 pm: Get the dataset to return in json obj...
11/16/2012 04:28:28 pm: Query has run: <CALL USP_GetAccounts();>.
11/16/2012 04:28:28 pm: ... Got dataset to return in json obj
11/16/2012 04:28:28 pm: Query has run: <CALL USP_GetCategories();>.
11/16/2012 04:28:28 pm: ... Got dataset to return in json obj
11/16/2012 04:28:28 pm: Query has run: <CALL USP_GetPayees();>.
11/16/2012 04:28:28 pm: ... Got dataset to return in json obj
11/16/2012 04:28:29 pm: Get the dataset to return in json obj...
11/16/2012 04:28:29 pm: Query has run: <CALL USP_GetAccounts();>.
11/16/2012 04:28:29 pm: ... Got dataset to return in json obj
11/16/2012 04:28:29 pm: Get the dataset to return in json obj...
11/16/2012 04:28:29 pm: Get the dataset to return in json obj...
11/16/2012 04:28:29 pm: Get the dataset to return in json obj...
11/16/2012 04:28:29 pm: Query has run: <CALL USP_GetCategories();>.
11/16/2012 04:28:29 pm: ... Got dataset to return in json obj
11/16/2012 04:28:29 pm: Query has run: <CALL USP_GetPayees();>.
11/16/2012 04:28:29 pm: ... Got dataset to return in json obj
11/16/2012 04:28:29 pm: Query has run: <CALL USP_GetCurrencies();>.
11/16/2012 04:28:29 pm: ... Got dataset to return in json obj
11/16/2012 04:28:29 pm: Get the dataset to return in json obj...
11/16/2012 04:28:29 pm: Query has run: <CALL USP_GetCategories2();>.
11/16/2012 04:28:29 pm: ... Got dataset to return in json obj
11/16/2012 04:28:44 pm: Amount value: 60. Preg_match_all result is <1>
11/16/2012 04:28:44 pm: Currency = <1>.
11/16/2012 04:28:46 pm: Get the dataset to return in json obj...
11/16/2012 04:28:46 pm: Query has run: <CALL USP_GetAccounts();>.
11/16/2012 04:28:46 pm: ... Got dataset to return in json obj
11/16/2012 04:28:46 pm: Get the dataset to return in json obj...
11/16/2012 04:28:46 pm: Get the dataset to return in json obj...
11/16/2012 04:28:46 pm: Query has run: <CALL USP_GetCurrencies();>.
11/16/2012 04:28:46 pm: ... Got dataset to return in json obj
11/16/2012 04:28:46 pm: Query has run: <CALL USP_GetCategories();>.
11/16/2012 04:28:46 pm: ... Got dataset to return in json obj
11/16/2012 04:28:46 pm: Get the dataset to return in json obj...
11/16/2012 04:28:46 pm: Query has run: <CALL USP_GetPayees();>.
11/16/2012 04:28:46 pm: ... Got dataset to return in json obj
11/16/2012 04:28:46 pm: Get the dataset to return in json obj...
11/16/2012 04:28:46 pm: Query has run: <CALL USP_GetCategories2();>.
11/16/2012 04:28:46 pm: ... Got dataset to return in json obj
