10/09/2012 07:14:14 pm: Hit to <getData.php>. Type: <acc>. Currency in Post=<2>. currency var=<2>.
10/09/2012 07:14:14 pm: Get the dataset to return in json obj...
10/09/2012 07:14:14 pm: Hit to <getData.php>. Type: <scat>. Currency in Post=<>. currency var=<1>.
10/09/2012 07:14:14 pm: Hit to <getData.php>. Type: <cat>. Currency in Post=<>. currency var=<1>.
10/09/2012 07:14:14 pm: Hit to <getData.php>. Type: <curr>. Currency in Post=<>. currency var=<1>.
10/09/2012 07:14:14 pm: Hit to <getData.php>. Type: <payee>. Currency in Post=<>. currency var=<1>.
10/09/2012 07:14:14 pm: Get the dataset to return in json obj...
10/09/2012 07:14:14 pm: Get the dataset to return in json obj...
10/09/2012 07:14:14 pm: Get the dataset to return in json obj...
10/09/2012 07:14:14 pm: Get the dataset to return in json obj...
10/09/2012 07:14:14 pm: Query has run: <CALL USP_GetPayees();>.
10/09/2012 07:14:14 pm: ... Got dataset to return in json obj
10/09/2012 07:14:14 pm: Query has run: <CALL USP_GetCategories();>.
10/09/2012 07:14:14 pm: ... Got dataset to return in json obj
10/09/2012 07:14:14 pm: Query has run: <CALL USP_GetCurrencies();>.
10/09/2012 07:14:14 pm: ... Got dataset to return in json obj
10/09/2012 07:14:14 pm: Query has run: <CALL USP_GetAccounts();>.
10/09/2012 07:14:14 pm: ... Got dataset to return in json obj
10/09/2012 07:14:14 pm: Query has run: <CALL USP_GetCategories2();>.
10/09/2012 07:14:14 pm: ... Got dataset to return in json obj
10/09/2012 07:14:16 pm: Hit to <getData.php>. Type: <acc>. Currency in Post=<1>. currency var=<1>.
10/09/2012 07:14:16 pm: Hit to <getData.php>. Type: <curr>. Currency in Post=<>. currency var=<1>.
10/09/2012 07:14:16 pm: Get the dataset to return in json obj...
10/09/2012 07:14:16 pm: Get the dataset to return in json obj...
10/09/2012 07:14:16 pm: Query has run: <CALL USP_GetAccounts();>.
10/09/2012 07:14:16 pm: ... Got dataset to return in json obj
10/09/2012 07:14:16 pm: Hit to <getData.php>. Type: <cat>. Currency in Post=<>. currency var=<1>.
10/09/2012 07:14:16 pm: Hit to <getData.php>. Type: <payee>. Currency in Post=<>. currency var=<1>.
10/09/2012 07:14:16 pm: Get the dataset to return in json obj...
10/09/2012 07:14:16 pm: Query has run: <CALL USP_GetCurrencies();>.
10/09/2012 07:14:16 pm: ... Got dataset to return in json obj
10/09/2012 07:14:16 pm: Query has run: <CALL USP_GetCategories();>.
10/09/2012 07:14:16 pm: ... Got dataset to return in json obj
10/09/2012 07:14:16 pm: Get the dataset to return in json obj...
10/09/2012 07:14:16 pm: Query has run: <CALL USP_GetPayees();>.
10/09/2012 07:14:16 pm: ... Got dataset to return in json obj
10/09/2012 07:14:16 pm: Hit to <getData.php>. Type: <scat>. Currency in Post=<>. currency var=<1>.
10/09/2012 07:14:16 pm: Get the dataset to return in json obj...
10/09/2012 07:14:16 pm: Query has run: <CALL USP_GetCategories2();>.
10/09/2012 07:14:16 pm: ... Got dataset to return in json obj
10/09/2012 07:14:36 pm: Hit to <getData.php>. Type: <acc>. Currency in Post=<1>. currency var=<1>.
10/09/2012 07:14:36 pm: Hit to <getData.php>. Type: <curr>. Currency in Post=<>. currency var=<1>.
10/09/2012 07:14:36 pm: Get the dataset to return in json obj...
10/09/2012 07:14:36 pm: Hit to <getData.php>. Type: <cat>. Currency in Post=<>. currency var=<1>.
10/09/2012 07:14:36 pm: Hit to <getData.php>. Type: <scat>. Currency in Post=<>. currency var=<1>.
10/09/2012 07:14:36 pm: Hit to <getData.php>. Type: <payee>. Currency in Post=<>. currency var=<1>.
10/09/2012 07:14:36 pm: Query has run: <CALL USP_GetAccounts();>.
10/09/2012 07:14:36 pm: Get the dataset to return in json obj...
10/09/2012 07:14:37 pm: ... Got dataset to return in json obj
10/09/2012 07:14:37 pm: Get the dataset to return in json obj...
10/09/2012 07:14:37 pm: Query has run: <CALL USP_GetCategories();>.
10/09/2012 07:14:37 pm: ... Got dataset to return in json obj
10/09/2012 07:14:37 pm: Get the dataset to return in json obj...
10/09/2012 07:14:37 pm: Get the dataset to return in json obj...
10/09/2012 07:14:37 pm: Query has run: <CALL USP_GetPayees();>.
10/09/2012 07:14:37 pm: ... Got dataset to return in json obj
10/09/2012 07:14:37 pm: Query has run: <CALL USP_GetCurrencies();>.
10/09/2012 07:14:37 pm: ... Got dataset to return in json obj
10/09/2012 07:14:37 pm: Query has run: <CALL USP_GetCategories2();>.
10/09/2012 07:14:37 pm: ... Got dataset to return in json obj
10/09/2012 07:14:43 pm: Hit to <getData.php>. Type: <acc>. Currency in Post=<1>. currency var=<1>.
10/09/2012 07:14:43 pm: Get the dataset to return in json obj...
10/09/2012 07:14:43 pm: Hit to <getData.php>. Type: <curr>. Currency in Post=<>. currency var=<1>.
10/09/2012 07:14:43 pm: Hit to <getData.php>. Type: <payee>. Currency in Post=<>. currency var=<1>.
10/09/2012 07:14:43 pm: Hit to <getData.php>. Type: <cat>. Currency in Post=<>. currency var=<1>.
10/09/2012 07:14:43 pm: Query has run: <CALL USP_GetAccounts();>.
10/09/2012 07:14:43 pm: ... Got dataset to return in json obj
10/09/2012 07:14:43 pm: Hit to <getData.php>. Type: <scat>. Currency in Post=<>. currency var=<1>.
10/09/2012 07:14:43 pm: Get the dataset to return in json obj...
10/09/2012 07:14:43 pm: Query has run: <CALL USP_GetCurrencies();>.
10/09/2012 07:14:43 pm: ... Got dataset to return in json obj
10/09/2012 07:14:43 pm: Get the dataset to return in json obj...
10/09/2012 07:14:43 pm: Get the dataset to return in json obj...
10/09/2012 07:14:43 pm: Get the dataset to return in json obj...
10/09/2012 07:14:43 pm: Query has run: <CALL USP_GetCategories();>.
10/09/2012 07:14:43 pm: ... Got dataset to return in json obj
10/09/2012 07:14:43 pm: Query has run: <CALL USP_GetPayees();>.
10/09/2012 07:14:43 pm: ... Got dataset to return in json obj
10/09/2012 07:14:43 pm: Query has run: <CALL USP_GetCategories2();>.
10/09/2012 07:14:43 pm: ... Got dataset to return in json obj
10/09/2012 07:15:08 pm: Hit to <getData.php>. Type: <acc>. Currency in Post=<1>. currency var=<1>.
10/09/2012 07:15:08 pm: Hit to <getData.php>. Type: <curr>. Currency in Post=<>. currency var=<1>.
10/09/2012 07:15:08 pm: Get the dataset to return in json obj...
10/09/2012 07:15:08 pm: Get the dataset to return in json obj...
10/09/2012 07:15:08 pm: Query has run: <CALL USP_GetAccounts();>.
10/09/2012 07:15:08 pm: ... Got dataset to return in json obj
10/09/2012 07:15:08 pm: Query has run: <CALL USP_GetCurrencies();>.
10/09/2012 07:15:08 pm: ... Got dataset to return in json obj
10/09/2012 07:15:08 pm: Hit to <getData.php>. Type: <payee>. Currency in Post=<>. currency var=<1>.
10/09/2012 07:15:08 pm: Get the dataset to return in json obj...
10/09/2012 07:15:08 pm: Query has run: <CALL USP_GetPayees();>.
10/09/2012 07:15:08 pm: ... Got dataset to return in json obj
10/09/2012 07:15:08 pm: Hit to <getData.php>. Type: <cat>. Currency in Post=<>. currency var=<1>.
10/09/2012 07:15:08 pm: Hit to <getData.php>. Type: <scat>. Currency in Post=<>. currency var=<1>.
10/09/2012 07:15:08 pm: Get the dataset to return in json obj...
10/09/2012 07:15:08 pm: Query has run: <CALL USP_GetCategories();>.
10/09/2012 07:15:08 pm: ... Got dataset to return in json obj
10/09/2012 07:15:08 pm: Get the dataset to return in json obj...
10/09/2012 07:15:08 pm: Query has run: <CALL USP_GetCategories2();>.
10/09/2012 07:15:08 pm: ... Got dataset to return in json obj
10/09/2012 07:15:12 pm: Hit to <getData.php>. Type: <acc>. Currency in Post=<1>. currency var=<1>.
10/09/2012 07:15:12 pm: Hit to <getData.php>. Type: <curr>. Currency in Post=<>. currency var=<1>.
10/09/2012 07:15:12 pm: Get the dataset to return in json obj...
10/09/2012 07:15:12 pm: Hit to <getData.php>. Type: <payee>. Currency in Post=<>. currency var=<1>.
10/09/2012 07:15:12 pm: Get the dataset to return in json obj...
10/09/2012 07:15:12 pm: Get the dataset to return in json obj...
10/09/2012 07:15:12 pm: Hit to <getData.php>. Type: <cat>. Currency in Post=<>. currency var=<1>.
10/09/2012 07:15:12 pm: Query has run: <CALL USP_GetPayees();>.
10/09/2012 07:15:12 pm: ... Got dataset to return in json obj
10/09/2012 07:15:12 pm: Hit to <getData.php>. Type: <scat>. Currency in Post=<>. currency var=<1>.
10/09/2012 07:15:12 pm: Query has run: <CALL USP_GetAccounts();>.
10/09/2012 07:15:12 pm: Query has run: <CALL USP_GetCurrencies();>.
10/09/2012 07:15:12 pm: ... Got dataset to return in json obj
10/09/2012 07:15:12 pm: ... Got dataset to return in json obj
10/09/2012 07:15:12 pm: Get the dataset to return in json obj...
10/09/2012 07:15:12 pm: Get the dataset to return in json obj...
10/09/2012 07:15:12 pm: Query has run: <CALL USP_GetCategories();>.
10/09/2012 07:15:12 pm: ... Got dataset to return in json obj
10/09/2012 07:15:12 pm: Query has run: <CALL USP_GetCategories2();>.
10/09/2012 07:15:12 pm: ... Got dataset to return in json obj
10/09/2012 07:19:20 pm: Hit to <getData.php>. Type: <curr>. Currency in Post=<>. currency var=<1>.
10/09/2012 07:19:20 pm: Hit to <getData.php>. Type: <acc>. Currency in Post=<1>. currency var=<1>.
10/09/2012 07:19:20 pm: Hit to <getData.php>. Type: <payee>. Currency in Post=<>. currency var=<1>.
10/09/2012 07:19:20 pm: Hit to <getData.php>. Type: <cat>. Currency in Post=<>. currency var=<1>.
10/09/2012 07:19:20 pm: Get the dataset to return in json obj...
10/09/2012 07:19:20 pm: Get the dataset to return in json obj...
10/09/2012 07:19:20 pm: Get the dataset to return in json obj...
10/09/2012 07:19:20 pm: Get the dataset to return in json obj...
10/09/2012 07:19:20 pm: Query has run: <CALL USP_GetAccounts();>.
10/09/2012 07:19:20 pm: ... Got dataset to return in json obj
10/09/2012 07:19:20 pm: Hit to <getData.php>. Type: <scat>. Currency in Post=<>. currency var=<1>.
10/09/2012 07:19:20 pm: Query has run: <CALL USP_GetCurrencies();>.
10/09/2012 07:19:20 pm: ... Got dataset to return in json obj
10/09/2012 07:19:20 pm: Query has run: <CALL USP_GetCategories();>.
10/09/2012 07:19:20 pm: ... Got dataset to return in json obj
10/09/2012 07:19:20 pm: Query has run: <CALL USP_GetPayees();>.
10/09/2012 07:19:20 pm: ... Got dataset to return in json obj
10/09/2012 07:19:20 pm: Get the dataset to return in json obj...
10/09/2012 07:19:20 pm: Query has run: <CALL USP_GetCategories2();>.
10/09/2012 07:19:20 pm: ... Got dataset to return in json obj
10/09/2012 07:19:59 pm: Amount value: -1464,17. Preg_match_all result is <1>
10/09/2012 07:20:23 pm: Amount value: -600. Preg_match_all result is <1>
10/09/2012 07:20:26 pm: Hit to <getData.php>. Type: <acc>. Currency in Post=<1>. currency var=<1>.
10/09/2012 07:20:26 pm: Hit to <getData.php>. Type: <curr>. Currency in Post=<>. currency var=<1>.
10/09/2012 07:20:26 pm: Hit to <getData.php>. Type: <payee>. Currency in Post=<>. currency var=<1>.
10/09/2012 07:20:26 pm: Get the dataset to return in json obj...
10/09/2012 07:20:26 pm: Get the dataset to return in json obj...
10/09/2012 07:20:26 pm: Query has run: <CALL USP_GetAccounts();>.
10/09/2012 07:20:26 pm: ... Got dataset to return in json obj
10/09/2012 07:20:26 pm: Hit to <getData.php>. Type: <cat>. Currency in Post=<>. currency var=<1>.
10/09/2012 07:20:26 pm: Get the dataset to return in json obj...
10/09/2012 07:20:26 pm: Hit to <getData.php>. Type: <scat>. Currency in Post=<>. currency var=<1>.
10/09/2012 07:20:26 pm: Get the dataset to return in json obj...
10/09/2012 07:20:26 pm: Query has run: <CALL USP_GetCategories2();>.
10/09/2012 07:20:26 pm: ... Got dataset to return in json obj
10/09/2012 07:20:26 pm: Get the dataset to return in json obj...
10/09/2012 07:20:26 pm: Query has run: <CALL USP_GetCurrencies();>.
10/09/2012 07:20:26 pm: ... Got dataset to return in json obj
10/09/2012 07:20:26 pm: Query has run: <CALL USP_GetCategories();>.
10/09/2012 07:20:26 pm: ... Got dataset to return in json obj
10/09/2012 07:20:26 pm: Query has run: <CALL USP_GetPayees();>.
10/09/2012 07:20:26 pm: ... Got dataset to return in json obj
10/09/2012 07:20:27 pm: Hit to <getData.php>. Type: <curr>. Currency in Post=<>. currency var=<1>.
10/09/2012 07:20:27 pm: Hit to <getData.php>. Type: <payee>. Currency in Post=<>. currency var=<1>.
10/09/2012 07:20:27 pm: Hit to <getData.php>. Type: <scat>. Currency in Post=<>. currency var=<1>.
10/09/2012 07:20:27 pm: Get the dataset to return in json obj...
10/09/2012 07:20:27 pm: Get the dataset to return in json obj...
10/09/2012 07:20:27 pm: Hit to <getData.php>. Type: <acc>. Currency in Post=<1>. currency var=<1>.
10/09/2012 07:20:27 pm: Hit to <getData.php>. Type: <cat>. Currency in Post=<>. currency var=<1>.
10/09/2012 07:20:27 pm: Query has run: <CALL USP_GetCurrencies();>.
10/09/2012 07:20:27 pm: ... Got dataset to return in json obj
10/09/2012 07:20:27 pm: Get the dataset to return in json obj...
10/09/2012 07:20:27 pm: Get the dataset to return in json obj...
10/09/2012 07:20:27 pm: Get the dataset to return in json obj...
10/09/2012 07:20:27 pm: Query has run: <CALL USP_GetAccounts();>.
10/09/2012 07:20:27 pm: ... Got dataset to return in json obj
10/09/2012 07:20:27 pm: Query has run: <CALL USP_GetCategories();>.
10/09/2012 07:20:27 pm: ... Got dataset to return in json obj
10/09/2012 07:20:27 pm: Query has run: <CALL USP_GetCategories2();>.
10/09/2012 07:20:27 pm: ... Got dataset to return in json obj
10/09/2012 07:20:27 pm: Query has run: <CALL USP_GetPayees();>.
10/09/2012 07:20:27 pm: ... Got dataset to return in json obj
10/09/2012 07:20:28 pm: Hit to <getData.php>. Type: <acc>. Currency in Post=<1>. currency var=<1>.
10/09/2012 07:20:28 pm: Get the dataset to return in json obj...
10/09/2012 07:20:28 pm: Hit to <getData.php>. Type: <curr>. Currency in Post=<>. currency var=<1>.
10/09/2012 07:20:28 pm: Query has run: <CALL USP_GetAccounts();>.
10/09/2012 07:20:28 pm: ... Got dataset to return in json obj
10/09/2012 07:20:28 pm: Hit to <getData.php>. Type: <payee>. Currency in Post=<>. currency var=<1>.
10/09/2012 07:20:28 pm: Get the dataset to return in json obj...
10/09/2012 07:20:28 pm: Query has run: <CALL USP_GetCurrencies();>.
10/09/2012 07:20:28 pm: ... Got dataset to return in json obj
10/09/2012 07:20:28 pm: Get the dataset to return in json obj...
10/09/2012 07:20:28 pm: Query has run: <CALL USP_GetPayees();>.
10/09/2012 07:20:28 pm: ... Got dataset to return in json obj
10/09/2012 07:20:28 pm: Hit to <getData.php>. Type: <cat>. Currency in Post=<>. currency var=<1>.
10/09/2012 07:20:28 pm: Get the dataset to return in json obj...
10/09/2012 07:20:28 pm: Query has run: <CALL USP_GetCategories();>.
10/09/2012 07:20:28 pm: ... Got dataset to return in json obj
10/09/2012 07:20:28 pm: Hit to <getData.php>. Type: <scat>. Currency in Post=<>. currency var=<1>.
10/09/2012 07:20:28 pm: Get the dataset to return in json obj...
10/09/2012 07:20:28 pm: Query has run: <CALL USP_GetCategories2();>.
10/09/2012 07:20:28 pm: ... Got dataset to return in json obj
10/09/2012 07:20:43 pm: Hit to <getData.php>. Type: <curr>. Currency in Post=<>. currency var=<1>.
10/09/2012 07:20:43 pm: Hit to <getData.php>. Type: <acc>. Currency in Post=<1>. currency var=<1>.
10/09/2012 07:20:43 pm: Hit to <getData.php>. Type: <payee>. Currency in Post=<>. currency var=<1>.
10/09/2012 07:20:43 pm: Get the dataset to return in json obj...
10/09/2012 07:20:43 pm: Get the dataset to return in json obj...
10/09/2012 07:20:43 pm: Get the dataset to return in json obj...
10/09/2012 07:20:43 pm: Query has run: <CALL USP_GetAccounts();>.
10/09/2012 07:20:43 pm: ... Got dataset to return in json obj
10/09/2012 07:20:43 pm: Hit to <getData.php>. Type: <cat>. Currency in Post=<>. currency var=<1>.
10/09/2012 07:20:43 pm: Query has run: <CALL USP_GetCurrencies();>.
10/09/2012 07:20:43 pm: ... Got dataset to return in json obj
10/09/2012 07:20:43 pm: Query has run: <CALL USP_GetPayees();>.
10/09/2012 07:20:43 pm: ... Got dataset to return in json obj
10/09/2012 07:20:43 pm: Hit to <getData.php>. Type: <scat>. Currency in Post=<>. currency var=<1>.
10/09/2012 07:20:43 pm: Get the dataset to return in json obj...
10/09/2012 07:20:43 pm: Query has run: <CALL USP_GetCategories();>.
10/09/2012 07:20:43 pm: ... Got dataset to return in json obj
10/09/2012 07:20:43 pm: Get the dataset to return in json obj...
10/09/2012 07:20:43 pm: Query has run: <CALL USP_GetCategories2();>.
10/09/2012 07:20:43 pm: ... Got dataset to return in json obj
10/09/2012 09:31:02 pm: Hit to <getData.php>. Type: <curr>. Currency in Post=<>. currency var=<1>.
10/09/2012 09:31:02 pm: Get the dataset to return in json obj...
10/09/2012 09:31:02 pm: Query has run: <CALL USP_GetCurrencies();>.
10/09/2012 09:31:02 pm: ... Got dataset to return in json obj
10/09/2012 09:31:02 pm: Hit to <getData.php>. Type: <acc>. Currency in Post=<1>. currency var=<1>.
10/09/2012 09:31:02 pm: Get the dataset to return in json obj...
10/09/2012 09:31:02 pm: Query has run: <CALL USP_GetAccounts();>.
10/09/2012 09:31:02 pm: ... Got dataset to return in json obj
10/09/2012 09:31:02 pm: Hit to <getData.php>. Type: <cat>. Currency in Post=<>. currency var=<1>.
10/09/2012 09:31:02 pm: Hit to <getData.php>. Type: <payee>. Currency in Post=<>. currency var=<1>.
10/09/2012 09:31:02 pm: Get the dataset to return in json obj...
10/09/2012 09:31:02 pm: Query has run: <CALL USP_GetCategories();>.
10/09/2012 09:31:02 pm: ... Got dataset to return in json obj
10/09/2012 09:31:02 pm: Hit to <getData.php>. Type: <scat>. Currency in Post=<>. currency var=<1>.
10/09/2012 09:31:02 pm: Get the dataset to return in json obj...
10/09/2012 09:31:02 pm: Query has run: <CALL USP_GetCategories2();>.
10/09/2012 09:31:02 pm: ... Got dataset to return in json obj
10/09/2012 09:31:02 pm: Get the dataset to return in json obj...
10/09/2012 09:31:02 pm: Query has run: <CALL USP_GetPayees();>.
10/09/2012 09:31:02 pm: ... Got dataset to return in json obj
