11/07/2012 07:33:43 pm: Get the dataset to return in json obj...
11/07/2012 07:33:43 pm: Get the dataset to return in json obj...
11/07/2012 07:33:43 pm: Query has run: <CALL USP_GetCurrencies();>.
11/07/2012 07:33:43 pm: ... Got dataset to return in json obj
11/07/2012 07:33:43 pm: Get the dataset to return in json obj...
11/07/2012 07:33:43 pm: Get the dataset to return in json obj...
11/07/2012 07:33:43 pm: Query has run: <CALL USP_GetPayees();>.
11/07/2012 07:33:43 pm: ... Got dataset to return in json obj
11/07/2012 07:33:43 pm: Query has run: <CALL USP_GetCategories();>.
11/07/2012 07:33:43 pm: ... Got dataset to return in json obj
11/07/2012 07:33:43 pm: Query has run: <CALL USP_GetCategories2();>.
11/07/2012 07:33:43 pm: ... Got dataset to return in json obj
11/07/2012 07:33:43 pm: Get the dataset to return in json obj...
11/07/2012 07:33:43 pm: Query has run: <CALL USP_GetAccounts();>.
11/07/2012 07:33:43 pm: ... Got dataset to return in json obj
11/07/2012 07:34:17 pm: Get the dataset to return in json obj...
11/07/2012 07:34:17 pm: Query has run: <CALL USP_GetAccounts();>.
11/07/2012 07:34:17 pm: ... Got dataset to return in json obj
11/07/2012 07:34:17 pm: Get the dataset to return in json obj...
11/07/2012 07:34:17 pm: Query has run: <CALL USP_GetCategories();>.
11/07/2012 07:34:17 pm: ... Got dataset to return in json obj
11/07/2012 07:34:17 pm: Get the dataset to return in json obj...
11/07/2012 07:34:17 pm: Query has run: <CALL USP_GetPayees();>.
11/07/2012 07:34:17 pm: ... Got dataset to return in json obj
11/07/2012 07:34:17 pm: Get the dataset to return in json obj...
11/07/2012 07:34:17 pm: Query has run: <CALL USP_GetCurrencies();>.
11/07/2012 07:34:17 pm: ... Got dataset to return in json obj
11/07/2012 07:34:17 pm: Get the dataset to return in json obj...
11/07/2012 07:34:17 pm: Query has run: <CALL USP_GetCategories2();>.
11/07/2012 07:34:17 pm: ... Got dataset to return in json obj
11/07/2012 07:35:24 pm: Get the dataset to return in json obj...
11/07/2012 07:35:24 pm: Query has run: <CALL USP_GetAccounts();>.
11/07/2012 07:35:24 pm: ... Got dataset to return in json obj
11/07/2012 07:35:24 pm: Get the dataset to return in json obj...
11/07/2012 07:35:24 pm: Query has run: <CALL USP_GetCurrencies();>.
11/07/2012 07:35:24 pm: ... Got dataset to return in json obj
11/07/2012 07:35:24 pm: Get the dataset to return in json obj...
11/07/2012 07:35:24 pm: Get the dataset to return in json obj...
11/07/2012 07:35:24 pm: Get the dataset to return in json obj...
11/07/2012 07:35:24 pm: Query has run: <CALL USP_GetCategories();>.
11/07/2012 07:35:24 pm: ... Got dataset to return in json obj
11/07/2012 07:35:24 pm: Query has run: <CALL USP_GetPayees();>.
11/07/2012 07:35:24 pm: Query has run: <CALL USP_GetCategories2();>.
11/07/2012 07:35:24 pm: ... Got dataset to return in json obj
11/07/2012 07:35:24 pm: ... Got dataset to return in json obj
11/07/2012 07:50:52 pm: Get the dataset to return in json obj...
11/07/2012 07:50:52 pm: Query has run: <CALL USP_GetCurrencies();>.
11/07/2012 07:50:52 pm: ... Got dataset to return in json obj
11/07/2012 07:50:52 pm: Get the dataset to return in json obj...
11/07/2012 07:50:52 pm: Get the dataset to return in json obj...
11/07/2012 07:50:52 pm: Query has run: <CALL USP_GetAccounts();>.
11/07/2012 07:50:52 pm: ... Got dataset to return in json obj
11/07/2012 07:50:52 pm: Query has run: <CALL USP_GetPayees();>.
11/07/2012 07:50:52 pm: ... Got dataset to return in json obj
11/07/2012 07:50:52 pm: Get the dataset to return in json obj...
11/07/2012 07:50:52 pm: Query has run: <CALL USP_GetCategories();>.
11/07/2012 07:50:52 pm: ... Got dataset to return in json obj
11/07/2012 07:50:52 pm: Get the dataset to return in json obj...
11/07/2012 07:50:52 pm: Query has run: <CALL USP_GetCategories2();>.
11/07/2012 07:50:52 pm: ... Got dataset to return in json obj
11/07/2012 07:54:31 pm: Get the dataset to return in json obj...
11/07/2012 07:54:31 pm: Query has run: <CALL USP_GetAccounts();>.
11/07/2012 07:54:31 pm: ... Got dataset to return in json obj
11/07/2012 07:54:31 pm: Get the dataset to return in json obj...
11/07/2012 07:54:31 pm: Query has run: <CALL USP_GetCurrencies();>.
11/07/2012 07:54:31 pm: ... Got dataset to return in json obj
11/07/2012 07:54:31 pm: Get the dataset to return in json obj...
11/07/2012 07:54:31 pm: Get the dataset to return in json obj...
11/07/2012 07:54:31 pm: Query has run: <CALL USP_GetCategories();>.
11/07/2012 07:54:31 pm: ... Got dataset to return in json obj
11/07/2012 07:54:31 pm: Query has run: <CALL USP_GetPayees();>.
11/07/2012 07:54:31 pm: ... Got dataset to return in json obj
11/07/2012 07:54:31 pm: Get the dataset to return in json obj...
11/07/2012 07:54:31 pm: Query has run: <CALL USP_GetCategories2();>.
11/07/2012 07:54:31 pm: ... Got dataset to return in json obj
11/07/2012 08:01:05 pm: Get the dataset to return in json obj...
11/07/2012 08:01:05 pm: Query has run: <CALL USP_GetAccounts();>.
11/07/2012 08:01:05 pm: ... Got dataset to return in json obj
11/07/2012 08:01:05 pm: Get the dataset to return in json obj...
11/07/2012 08:01:05 pm: Get the dataset to return in json obj...
11/07/2012 08:01:05 pm: Query has run: <CALL USP_GetPayees();>.
11/07/2012 08:01:05 pm: ... Got dataset to return in json obj
11/07/2012 08:01:05 pm: Query has run: <CALL USP_GetCategories();>.
11/07/2012 08:01:05 pm: ... Got dataset to return in json obj
11/07/2012 08:01:05 pm: Get the dataset to return in json obj...
11/07/2012 08:01:05 pm: Get the dataset to return in json obj...
11/07/2012 08:01:05 pm: Query has run: <CALL USP_GetCurrencies();>.
11/07/2012 08:01:05 pm: ... Got dataset to return in json obj
11/07/2012 08:01:05 pm: Query has run: <CALL USP_GetCategories2();>.
11/07/2012 08:01:05 pm: ... Got dataset to return in json obj
11/07/2012 08:02:09 pm: Get the dataset to return in json obj...
11/07/2012 08:02:09 pm: Query has run: <CALL USP_GetAccounts();>.
11/07/2012 08:02:09 pm: ... Got dataset to return in json obj
11/07/2012 08:02:09 pm: Get the dataset to return in json obj...
11/07/2012 08:02:09 pm: Get the dataset to return in json obj...
11/07/2012 08:02:09 pm: Query has run: <CALL USP_GetCategories();>.
11/07/2012 08:02:09 pm: ... Got dataset to return in json obj
11/07/2012 08:02:09 pm: Query has run: <CALL USP_GetPayees();>.
11/07/2012 08:02:09 pm: ... Got dataset to return in json obj
11/07/2012 08:02:09 pm: Get the dataset to return in json obj...
11/07/2012 08:02:09 pm: Get the dataset to return in json obj...
11/07/2012 08:02:09 pm: Query has run: <CALL USP_GetCurrencies();>.
11/07/2012 08:02:09 pm: ... Got dataset to return in json obj
11/07/2012 08:02:09 pm: Query has run: <CALL USP_GetCategories2();>.
11/07/2012 08:02:09 pm: ... Got dataset to return in json obj
11/07/2012 08:20:56 pm: Get the dataset to return in json obj...
11/07/2012 08:20:56 pm: Query has run: <CALL USP_GetAccounts();>.
11/07/2012 08:20:56 pm: ... Got dataset to return in json obj
11/07/2012 08:20:56 pm: Get the dataset to return in json obj...
11/07/2012 08:20:56 pm: Query has run: <CALL USP_GetCurrencies();>.
11/07/2012 08:20:56 pm: ... Got dataset to return in json obj
11/07/2012 08:20:56 pm: Get the dataset to return in json obj...
11/07/2012 08:20:56 pm: Query has run: <CALL USP_GetPayees();>.
11/07/2012 08:20:56 pm: ... Got dataset to return in json obj
11/07/2012 08:20:56 pm: Get the dataset to return in json obj...
11/07/2012 08:20:56 pm: Query has run: <CALL USP_GetCategories();>.
11/07/2012 08:20:56 pm: ... Got dataset to return in json obj
11/07/2012 08:20:56 pm: Get the dataset to return in json obj...
11/07/2012 08:20:56 pm: Query has run: <CALL USP_GetCategories2();>.
11/07/2012 08:20:56 pm: ... Got dataset to return in json obj
11/07/2012 08:33:30 pm: Get the dataset to return in json obj...
11/07/2012 08:33:30 pm: Query has run: <CALL USP_GetAccounts();>.
11/07/2012 08:33:30 pm: Get the dataset to return in json obj...
11/07/2012 08:33:30 pm: ... Got dataset to return in json obj
11/07/2012 08:33:30 pm: Query has run: <CALL USP_GetCurrencies();>.
11/07/2012 08:33:30 pm: ... Got dataset to return in json obj
11/07/2012 08:33:30 pm: Get the dataset to return in json obj...
11/07/2012 08:33:30 pm: Query has run: <CALL USP_GetPayees();>.
11/07/2012 08:33:30 pm: ... Got dataset to return in json obj
11/07/2012 08:33:30 pm: Get the dataset to return in json obj...
11/07/2012 08:33:30 pm: Query has run: <CALL USP_GetCategories();>.
11/07/2012 08:33:30 pm: ... Got dataset to return in json obj
11/07/2012 08:33:30 pm: Get the dataset to return in json obj...
11/07/2012 08:33:30 pm: Query has run: <CALL USP_GetCategories2();>.
11/07/2012 08:33:30 pm: ... Got dataset to return in json obj
11/07/2012 09:04:57 pm: Get the dataset to return in json obj...
11/07/2012 09:04:57 pm: Get the dataset to return in json obj...
11/07/2012 09:04:57 pm: Get the dataset to return in json obj...
11/07/2012 09:04:57 pm: Query has run: <CALL USP_GetPayees();>.
11/07/2012 09:04:57 pm: ... Got dataset to return in json obj
11/07/2012 09:04:57 pm: Query has run: <CALL USP_GetAccounts();>.
11/07/2012 09:04:57 pm: ... Got dataset to return in json obj
11/07/2012 09:04:57 pm: Get the dataset to return in json obj...
11/07/2012 09:04:57 pm: Get the dataset to return in json obj...
11/07/2012 09:04:57 pm: Query has run: <CALL USP_GetCategories2();>.
11/07/2012 09:04:57 pm: ... Got dataset to return in json obj
11/07/2012 09:04:57 pm: Query has run: <CALL USP_GetCategories();>.
11/07/2012 09:04:57 pm: ... Got dataset to return in json obj
11/07/2012 09:04:57 pm: Query has run: <CALL USP_GetCurrencies();>.
11/07/2012 09:04:57 pm: ... Got dataset to return in json obj
11/07/2012 09:13:06 pm: Get the dataset to return in json obj...
11/07/2012 09:13:06 pm: Get the dataset to return in json obj...
11/07/2012 09:13:06 pm: Query has run: <CALL USP_GetCurrencies();>.
11/07/2012 09:13:06 pm: ... Got dataset to return in json obj
11/07/2012 09:13:06 pm: Query has run: <CALL USP_GetAccounts();>.
11/07/2012 09:13:06 pm: ... Got dataset to return in json obj
11/07/2012 09:13:06 pm: Get the dataset to return in json obj...
11/07/2012 09:13:06 pm: Query has run: <CALL USP_GetPayees();>.
11/07/2012 09:13:06 pm: ... Got dataset to return in json obj
11/07/2012 09:13:06 pm: Get the dataset to return in json obj...
11/07/2012 09:13:06 pm: Get the dataset to return in json obj...
11/07/2012 09:13:06 pm: Query has run: <CALL USP_GetCategories2();>.
11/07/2012 09:13:06 pm: ... Got dataset to return in json obj
11/07/2012 09:13:06 pm: Query has run: <CALL USP_GetCategories();>.
11/07/2012 09:13:06 pm: ... Got dataset to return in json obj
11/07/2012 09:24:44 pm: Get the dataset to return in json obj...
11/07/2012 09:24:44 pm: Query has run: <CALL USP_GetAccounts();>.
11/07/2012 09:24:44 pm: ... Got dataset to return in json obj
11/07/2012 09:24:44 pm: Get the dataset to return in json obj...
11/07/2012 09:24:44 pm: Query has run: <CALL USP_GetCurrencies();>.
11/07/2012 09:24:44 pm: ... Got dataset to return in json obj
11/07/2012 09:24:44 pm: Get the dataset to return in json obj...
11/07/2012 09:24:44 pm: Query has run: <CALL USP_GetPayees();>.
11/07/2012 09:24:44 pm: ... Got dataset to return in json obj
11/07/2012 09:24:44 pm: Get the dataset to return in json obj...
11/07/2012 09:24:44 pm: Query has run: <CALL USP_GetCategories();>.
11/07/2012 09:24:44 pm: ... Got dataset to return in json obj
11/07/2012 09:24:44 pm: Get the dataset to return in json obj...
11/07/2012 09:24:44 pm: Query has run: <CALL USP_GetCategories2();>.
11/07/2012 09:24:44 pm: ... Got dataset to return in json obj
11/07/2012 09:31:13 pm: Get the dataset to return in json obj...
11/07/2012 09:31:13 pm: Query has run: <CALL USP_GetAccounts();>.
11/07/2012 09:31:13 pm: ... Got dataset to return in json obj
11/07/2012 09:31:13 pm: Get the dataset to return in json obj...
11/07/2012 09:31:13 pm: Query has run: <CALL USP_GetCurrencies();>.
11/07/2012 09:31:13 pm: ... Got dataset to return in json obj
11/07/2012 09:31:13 pm: Get the dataset to return in json obj...
11/07/2012 09:31:13 pm: Get the dataset to return in json obj...
11/07/2012 09:31:13 pm: Get the dataset to return in json obj...
11/07/2012 09:31:13 pm: Query has run: <CALL USP_GetCategories();>.
11/07/2012 09:31:13 pm: ... Got dataset to return in json obj
11/07/2012 09:31:13 pm: Query has run: <CALL USP_GetPayees();>.
11/07/2012 09:31:13 pm: ... Got dataset to return in json obj
11/07/2012 09:31:13 pm: Query has run: <CALL USP_GetCategories2();>.
11/07/2012 09:31:13 pm: ... Got dataset to return in json obj
11/07/2012 09:34:28 pm: Get the dataset to return in json obj...
11/07/2012 09:34:28 pm: Query has run: <CALL USP_GetAccounts();>.
11/07/2012 09:34:28 pm: ... Got dataset to return in json obj
11/07/2012 09:34:28 pm: Get the dataset to return in json obj...
11/07/2012 09:34:28 pm: Query has run: <CALL USP_GetPayees();>.
11/07/2012 09:34:28 pm: ... Got dataset to return in json obj
11/07/2012 09:34:28 pm: Get the dataset to return in json obj...
11/07/2012 09:34:28 pm: Get the dataset to return in json obj...
11/07/2012 09:34:28 pm: Query has run: <CALL USP_GetCategories();>.
11/07/2012 09:34:28 pm: ... Got dataset to return in json obj
11/07/2012 09:34:28 pm: Query has run: <CALL USP_GetCurrencies();>.
11/07/2012 09:34:28 pm: ... Got dataset to return in json obj
11/07/2012 09:34:28 pm: Get the dataset to return in json obj...
11/07/2012 09:34:28 pm: Query has run: <CALL USP_GetCategories2();>.
11/07/2012 09:34:28 pm: ... Got dataset to return in json obj
11/07/2012 09:36:14 pm: Get the dataset to return in json obj...
11/07/2012 09:36:14 pm: Get the dataset to return in json obj...
11/07/2012 09:36:14 pm: Query has run: <CALL USP_GetCurrencies();>.
11/07/2012 09:36:14 pm: ... Got dataset to return in json obj
11/07/2012 09:36:14 pm: Query has run: <CALL USP_GetPayees();>.
11/07/2012 09:36:14 pm: ... Got dataset to return in json obj
11/07/2012 09:36:14 pm: Get the dataset to return in json obj...
11/07/2012 09:36:14 pm: Query has run: <CALL USP_GetAccounts();>.
11/07/2012 09:36:14 pm: ... Got dataset to return in json obj
11/07/2012 09:36:14 pm: Get the dataset to return in json obj...
11/07/2012 09:36:14 pm: Get the dataset to return in json obj...
11/07/2012 09:36:14 pm: Query has run: <CALL USP_GetCategories();>.
11/07/2012 09:36:14 pm: ... Got dataset to return in json obj
11/07/2012 09:36:14 pm: Query has run: <CALL USP_GetCategories2();>.
11/07/2012 09:36:14 pm: ... Got dataset to return in json obj
11/07/2012 09:41:18 pm: Get the dataset to return in json obj...
11/07/2012 09:41:18 pm: Query has run: <CALL USP_GetPayees();>.
11/07/2012 09:41:18 pm: ... Got dataset to return in json obj
11/07/2012 09:41:18 pm: Get the dataset to return in json obj...
11/07/2012 09:41:18 pm: Get the dataset to return in json obj...
11/07/2012 09:41:18 pm: Query has run: <CALL USP_GetCurrencies();>.
11/07/2012 09:41:18 pm: ... Got dataset to return in json obj
11/07/2012 09:41:18 pm: Get the dataset to return in json obj...
11/07/2012 09:41:18 pm: Get the dataset to return in json obj...
11/07/2012 09:41:18 pm: Query has run: <CALL USP_GetCategories();>.
11/07/2012 09:41:18 pm: ... Got dataset to return in json obj
11/07/2012 09:41:18 pm: Query has run: <CALL USP_GetCategories2();>.
11/07/2012 09:41:18 pm: ... Got dataset to return in json obj
11/07/2012 09:41:18 pm: Query has run: <CALL USP_GetAccounts();>.
11/07/2012 09:41:18 pm: ... Got dataset to return in json obj
11/07/2012 09:54:33 pm: Get the dataset to return in json obj...
11/07/2012 09:54:33 pm: Query has run: <CALL USP_GetAccounts();>.
11/07/2012 09:54:33 pm: ... Got dataset to return in json obj
11/07/2012 09:54:33 pm: Get the dataset to return in json obj...
11/07/2012 09:54:33 pm: Get the dataset to return in json obj...
11/07/2012 09:54:33 pm: Get the dataset to return in json obj...
11/07/2012 09:54:33 pm: Get the dataset to return in json obj...
11/07/2012 09:54:33 pm: Query has run: <CALL USP_GetCurrencies();>.
11/07/2012 09:54:33 pm: ... Got dataset to return in json obj
11/07/2012 09:54:33 pm: Query has run: <CALL USP_GetCategories();>.
11/07/2012 09:54:33 pm: ... Got dataset to return in json obj
11/07/2012 09:54:33 pm: Query has run: <CALL USP_GetPayees();>.
11/07/2012 09:54:33 pm: ... Got dataset to return in json obj
11/07/2012 09:54:33 pm: Query has run: <CALL USP_GetCategories2();>.
11/07/2012 09:54:33 pm: ... Got dataset to return in json obj
11/07/2012 10:23:56 pm: Get the dataset to return in json obj...
11/07/2012 10:23:56 pm: Get the dataset to return in json obj...
11/07/2012 10:23:56 pm: Query has run: <CALL USP_GetCategories();>.
11/07/2012 10:23:56 pm: ... Got dataset to return in json obj
11/07/2012 10:23:56 pm: Query has run: <CALL USP_GetCurrencies();>.
11/07/2012 10:23:56 pm: ... Got dataset to return in json obj
11/07/2012 10:23:56 pm: Get the dataset to return in json obj...
11/07/2012 10:23:56 pm: Query has run: <CALL USP_GetAccounts();>.
11/07/2012 10:23:56 pm: ... Got dataset to return in json obj
11/07/2012 10:23:56 pm: Get the dataset to return in json obj...
11/07/2012 10:23:56 pm: Query has run: <CALL USP_GetPayees();>.
11/07/2012 10:23:56 pm: ... Got dataset to return in json obj
11/07/2012 10:23:56 pm: Get the dataset to return in json obj...
11/07/2012 10:23:56 pm: Query has run: <CALL USP_GetCategories2();>.
11/07/2012 10:23:56 pm: ... Got dataset to return in json obj
11/07/2012 10:24:43 pm: Get the dataset to return in json obj...
11/07/2012 10:24:43 pm: Query has run: <CALL USP_GetAccounts();>.
11/07/2012 10:24:43 pm: ... Got dataset to return in json obj
11/07/2012 10:24:43 pm: Get the dataset to return in json obj...
11/07/2012 10:24:43 pm: Get the dataset to return in json obj...
11/07/2012 10:24:43 pm: Get the dataset to return in json obj...
11/07/2012 10:24:43 pm: Get the dataset to return in json obj...
11/07/2012 10:24:43 pm: Query has run: <CALL USP_GetCategories();>.
11/07/2012 10:24:43 pm: ... Got dataset to return in json obj
11/07/2012 10:24:43 pm: Query has run: <CALL USP_GetCategories2();>.
11/07/2012 10:24:43 pm: ... Got dataset to return in json obj
11/07/2012 10:24:43 pm: Query has run: <CALL USP_GetPayees();>.
11/07/2012 10:24:43 pm: ... Got dataset to return in json obj
11/07/2012 10:24:43 pm: Query has run: <CALL USP_GetCurrencies();>.
11/07/2012 10:24:43 pm: ... Got dataset to return in json obj
11/07/2012 10:43:08 pm: Get the dataset to return in json obj...
11/07/2012 10:43:08 pm: Get the dataset to return in json obj...
11/07/2012 10:43:08 pm: Get the dataset to return in json obj...
11/07/2012 10:43:08 pm: Get the dataset to return in json obj...
11/07/2012 10:43:08 pm: Query has run: <CALL USP_GetCategories();>.
11/07/2012 10:43:08 pm: ... Got dataset to return in json obj
11/07/2012 10:43:08 pm: Query has run: <CALL USP_GetAccounts();>.
11/07/2012 10:43:08 pm: ... Got dataset to return in json obj
11/07/2012 10:43:08 pm: Query has run: <CALL USP_GetCategories2();>.
11/07/2012 10:43:08 pm: ... Got dataset to return in json obj
11/07/2012 10:43:08 pm: Get the dataset to return in json obj...
11/07/2012 10:43:08 pm: Query has run: <CALL USP_GetPayees();>.
11/07/2012 10:43:08 pm: ... Got dataset to return in json obj
11/07/2012 10:43:08 pm: Query has run: <CALL USP_GetCurrencies();>.
11/07/2012 10:43:08 pm: ... Got dataset to return in json obj
11/07/2012 10:46:59 pm: Get the dataset to return in json obj...
11/07/2012 10:46:59 pm: Get the dataset to return in json obj...
11/07/2012 10:46:59 pm: Query has run: <CALL USP_GetCurrencies();>.
11/07/2012 10:46:59 pm: ... Got dataset to return in json obj
11/07/2012 10:46:59 pm: Query has run: <CALL USP_GetAccounts();>.
11/07/2012 10:46:59 pm: ... Got dataset to return in json obj
11/07/2012 10:46:59 pm: Get the dataset to return in json obj...
11/07/2012 10:46:59 pm: Get the dataset to return in json obj...
11/07/2012 10:46:59 pm: Get the dataset to return in json obj...
11/07/2012 10:46:59 pm: Query has run: <CALL USP_GetCategories();>.
11/07/2012 10:46:59 pm: ... Got dataset to return in json obj
11/07/2012 10:46:59 pm: Query has run: <CALL USP_GetPayees();>.
11/07/2012 10:46:59 pm: ... Got dataset to return in json obj
11/07/2012 10:46:59 pm: Query has run: <CALL USP_GetCategories2();>.
11/07/2012 10:46:59 pm: ... Got dataset to return in json obj
11/07/2012 10:53:31 pm: Get the dataset to return in json obj...
11/07/2012 10:53:31 pm: Get the dataset to return in json obj...
11/07/2012 10:53:31 pm: Query has run: <CALL USP_GetAccounts();>.
11/07/2012 10:53:31 pm: ... Got dataset to return in json obj
11/07/2012 10:53:31 pm: Get the dataset to return in json obj...
11/07/2012 10:53:31 pm: Query has run: <CALL USP_GetPayees();>.
11/07/2012 10:53:31 pm: ... Got dataset to return in json obj
11/07/2012 10:53:31 pm: Query has run: <CALL USP_GetCategories();>.
11/07/2012 10:53:31 pm: ... Got dataset to return in json obj
11/07/2012 10:53:31 pm: Get the dataset to return in json obj...
11/07/2012 10:53:31 pm: Get the dataset to return in json obj...
11/07/2012 10:53:31 pm: Query has run: <CALL USP_GetCategories2();>.
11/07/2012 10:53:31 pm: ... Got dataset to return in json obj
11/07/2012 10:53:31 pm: Query has run: <CALL USP_GetCurrencies();>.
11/07/2012 10:53:31 pm: ... Got dataset to return in json obj
11/07/2012 10:55:57 pm: Get the dataset to return in json obj...
11/07/2012 10:55:57 pm: Get the dataset to return in json obj...
11/07/2012 10:55:57 pm: Query has run: <CALL USP_GetAccounts();>.
11/07/2012 10:55:57 pm: ... Got dataset to return in json obj
11/07/2012 10:55:57 pm: Query has run: <CALL USP_GetCurrencies();>.
11/07/2012 10:55:57 pm: ... Got dataset to return in json obj
11/07/2012 10:55:57 pm: Get the dataset to return in json obj...
11/07/2012 10:55:57 pm: Get the dataset to return in json obj...
11/07/2012 10:55:57 pm: Query has run: <CALL USP_GetCategories();>.
11/07/2012 10:55:57 pm: ... Got dataset to return in json obj
11/07/2012 10:55:57 pm: Query has run: <CALL USP_GetPayees();>.
11/07/2012 10:55:57 pm: ... Got dataset to return in json obj
11/07/2012 10:55:57 pm: Get the dataset to return in json obj...
11/07/2012 10:55:57 pm: Query has run: <CALL USP_GetCategories2();>.
11/07/2012 10:55:57 pm: ... Got dataset to return in json obj
11/07/2012 10:56:40 pm: Get the dataset to return in json obj...
11/07/2012 10:56:40 pm: Get the dataset to return in json obj...
11/07/2012 10:56:40 pm: Get the dataset to return in json obj...
11/07/2012 10:56:40 pm: Query has run: <CALL USP_GetPayees();>.
11/07/2012 10:56:40 pm: ... Got dataset to return in json obj
11/07/2012 10:56:40 pm: Query has run: <CALL USP_GetCategories();>.
11/07/2012 10:56:40 pm: ... Got dataset to return in json obj
11/07/2012 10:56:40 pm: Get the dataset to return in json obj...
11/07/2012 10:56:40 pm: Query has run: <CALL USP_GetCurrencies();>.
11/07/2012 10:56:40 pm: ... Got dataset to return in json obj
11/07/2012 10:56:40 pm: Get the dataset to return in json obj...
11/07/2012 10:56:40 pm: Query has run: <CALL USP_GetAccounts();>.
11/07/2012 10:56:40 pm: ... Got dataset to return in json obj
11/07/2012 10:56:40 pm: Query has run: <CALL USP_GetCategories2();>.
11/07/2012 10:56:40 pm: ... Got dataset to return in json obj
11/07/2012 11:06:09 pm: Get the dataset to return in json obj...
11/07/2012 11:06:09 pm: Query has run: <CALL USP_GetAccounts();>.
11/07/2012 11:06:09 pm: ... Got dataset to return in json obj
11/07/2012 11:06:09 pm: Get the dataset to return in json obj...
11/07/2012 11:06:09 pm: Get the dataset to return in json obj...
11/07/2012 11:06:09 pm: Get the dataset to return in json obj...
11/07/2012 11:06:09 pm: Query has run: <CALL USP_GetCurrencies();>.
11/07/2012 11:06:09 pm: Query has run: <CALL USP_GetCategories();>.
11/07/2012 11:06:09 pm: ... Got dataset to return in json obj
11/07/2012 11:06:09 pm: ... Got dataset to return in json obj
11/07/2012 11:06:09 pm: Get the dataset to return in json obj...
11/07/2012 11:06:09 pm: Query has run: <CALL USP_GetCategories2();>.
11/07/2012 11:06:09 pm: ... Got dataset to return in json obj
11/07/2012 11:06:09 pm: Query has run: <CALL USP_GetPayees();>.
11/07/2012 11:06:09 pm: ... Got dataset to return in json obj
11/07/2012 11:11:48 pm: Get the dataset to return in json obj...
11/07/2012 11:11:48 pm: Query has run: <CALL USP_GetAccounts();>.
11/07/2012 11:11:48 pm: ... Got dataset to return in json obj
11/07/2012 11:11:48 pm: Get the dataset to return in json obj...
11/07/2012 11:11:48 pm: Query has run: <CALL USP_GetCurrencies();>.
11/07/2012 11:11:48 pm: ... Got dataset to return in json obj
11/07/2012 11:11:48 pm: Get the dataset to return in json obj...
11/07/2012 11:11:48 pm: Get the dataset to return in json obj...
11/07/2012 11:11:48 pm: Query has run: <CALL USP_GetCategories();>.
11/07/2012 11:11:48 pm: ... Got dataset to return in json obj
11/07/2012 11:11:48 pm: Query has run: <CALL USP_GetCategories2();>.
11/07/2012 11:11:48 pm: ... Got dataset to return in json obj
11/07/2012 11:11:48 pm: Get the dataset to return in json obj...
11/07/2012 11:11:48 pm: Query has run: <CALL USP_GetPayees();>.
11/07/2012 11:11:48 pm: ... Got dataset to return in json obj
11/07/2012 11:12:21 pm: Get the dataset to return in json obj...
11/07/2012 11:12:21 pm: Get the dataset to return in json obj...
11/07/2012 11:12:21 pm: Query has run: <CALL USP_GetAccounts();>.
11/07/2012 11:12:21 pm: ... Got dataset to return in json obj
11/07/2012 11:12:21 pm: Query has run: <CALL USP_GetCurrencies();>.
11/07/2012 11:12:21 pm: ... Got dataset to return in json obj
11/07/2012 11:12:21 pm: Get the dataset to return in json obj...
11/07/2012 11:12:21 pm: Query has run: <CALL USP_GetPayees();>.
11/07/2012 11:12:21 pm: ... Got dataset to return in json obj
11/07/2012 11:12:21 pm: Get the dataset to return in json obj...
11/07/2012 11:12:21 pm: Query has run: <CALL USP_GetCategories();>.
11/07/2012 11:12:21 pm: ... Got dataset to return in json obj
11/07/2012 11:12:21 pm: Get the dataset to return in json obj...
11/07/2012 11:12:22 pm: Query has run: <CALL USP_GetCategories2();>.
11/07/2012 11:12:22 pm: ... Got dataset to return in json obj
11/07/2012 11:12:29 pm: Get the dataset to return in json obj...
11/07/2012 11:12:29 pm: Get the dataset to return in json obj...
11/07/2012 11:12:29 pm: Get the dataset to return in json obj...
11/07/2012 11:12:29 pm: Get the dataset to return in json obj...
11/07/2012 11:12:29 pm: Query has run: <CALL USP_GetPayees();>.
11/07/2012 11:12:29 pm: ... Got dataset to return in json obj
11/07/2012 11:12:29 pm: Query has run: <CALL USP_GetCurrencies();>.
11/07/2012 11:12:29 pm: ... Got dataset to return in json obj
11/07/2012 11:12:29 pm: Query has run: <CALL USP_GetAccounts();>.
11/07/2012 11:12:29 pm: ... Got dataset to return in json obj
11/07/2012 11:12:29 pm: Query has run: <CALL USP_GetCategories();>.
11/07/2012 11:12:29 pm: ... Got dataset to return in json obj
11/07/2012 11:12:29 pm: Get the dataset to return in json obj...
11/07/2012 11:12:29 pm: Query has run: <CALL USP_GetCategories2();>.
11/07/2012 11:12:29 pm: ... Got dataset to return in json obj
11/07/2012 11:17:48 pm: Get the dataset to return in json obj...
11/07/2012 11:17:48 pm: Get the dataset to return in json obj...
11/07/2012 11:17:48 pm: Query has run: <CALL USP_GetPayees();>.
11/07/2012 11:17:48 pm: ... Got dataset to return in json obj
11/07/2012 11:17:48 pm: Get the dataset to return in json obj...
11/07/2012 11:17:48 pm: Get the dataset to return in json obj...
11/07/2012 11:17:48 pm: Query has run: <CALL USP_GetCurrencies();>.
11/07/2012 11:17:48 pm: ... Got dataset to return in json obj
11/07/2012 11:17:48 pm: Get the dataset to return in json obj...
11/07/2012 11:17:48 pm: Query has run: <CALL USP_GetAccounts();>.
11/07/2012 11:17:48 pm: ... Got dataset to return in json obj
11/07/2012 11:17:48 pm: Query has run: <CALL USP_GetCategories2();>.
11/07/2012 11:17:48 pm: ... Got dataset to return in json obj
11/07/2012 11:17:48 pm: Query has run: <CALL USP_GetCategories();>.
11/07/2012 11:17:48 pm: ... Got dataset to return in json obj
11/07/2012 11:18:23 pm: Get the dataset to return in json obj...
11/07/2012 11:18:23 pm: Query has run: <CALL USP_GetAccounts();>.
11/07/2012 11:18:23 pm: ... Got dataset to return in json obj
11/07/2012 11:18:23 pm: Get the dataset to return in json obj...
11/07/2012 11:18:23 pm: Query has run: <CALL USP_GetCurrencies();>.
11/07/2012 11:18:23 pm: ... Got dataset to return in json obj
11/07/2012 11:18:23 pm: Get the dataset to return in json obj...
11/07/2012 11:18:23 pm: Query has run: <CALL USP_GetPayees();>.
11/07/2012 11:18:23 pm: ... Got dataset to return in json obj
11/07/2012 11:18:23 pm: Get the dataset to return in json obj...
11/07/2012 11:18:23 pm: Query has run: <CALL USP_GetCategories();>.
11/07/2012 11:18:23 pm: ... Got dataset to return in json obj
11/07/2012 11:18:23 pm: Get the dataset to return in json obj...
11/07/2012 11:18:23 pm: Query has run: <CALL USP_GetCategories2();>.
11/07/2012 11:18:23 pm: ... Got dataset to return in json obj
