12/21/2012 05:00:11 pm: Get the dataset to return in json obj...
12/21/2012 05:00:11 pm: Get the dataset to return in json obj...
12/21/2012 05:00:11 pm: Get the dataset to return in json obj...
12/21/2012 05:00:11 pm: Get the dataset to return in json obj...
12/21/2012 05:00:11 pm: Get the dataset to return in json obj...
12/21/2012 05:00:11 pm: Query has run: <CALL USP_GetPayees();>.
12/21/2012 05:00:11 pm: ... Got dataset to return in json obj
12/21/2012 05:00:11 pm: Query has run: <CALL USP_GetCategories2();>.
12/21/2012 05:00:11 pm: Query has run: <CALL USP_GetCategories();>.
12/21/2012 05:00:11 pm: ... Got dataset to return in json obj
12/21/2012 05:00:11 pm: Query has run: <CALL USP_GetAccounts();>.
12/21/2012 05:00:11 pm: ... Got dataset to return in json obj
12/21/2012 05:00:11 pm: ... Got dataset to return in json obj
12/21/2012 05:00:11 pm: Query has run: <CALL USP_GetCurrencies();>.
12/21/2012 05:00:11 pm: ... Got dataset to return in json obj
12/21/2012 05:00:17 pm: Get the dataset to return in json obj...
12/21/2012 05:00:17 pm: Get the dataset to return in json obj...
12/21/2012 05:00:17 pm: Query has run: <CALL USP_GetCurrencies();>.
12/21/2012 05:00:17 pm: ... Got dataset to return in json obj
12/21/2012 05:00:17 pm: Query has run: <CALL USP_GetAccounts();>.
12/21/2012 05:00:17 pm: ... Got dataset to return in json obj
12/21/2012 05:00:17 pm: Get the dataset to return in json obj...
12/21/2012 05:00:17 pm: Get the dataset to return in json obj...
12/21/2012 05:00:17 pm: Query has run: <CALL USP_GetCategories();>.
12/21/2012 05:00:17 pm: ... Got dataset to return in json obj
12/21/2012 05:00:17 pm: Get the dataset to return in json obj...
12/21/2012 05:00:17 pm: Query has run: <CALL USP_GetPayees();>.
12/21/2012 05:00:17 pm: ... Got dataset to return in json obj
12/21/2012 05:00:17 pm: Query has run: <CALL USP_GetCategories2();>.
12/21/2012 05:00:17 pm: ... Got dataset to return in json obj
12/21/2012 05:00:20 pm: Get the dataset to return in json obj...
12/21/2012 05:00:20 pm: Get the dataset to return in json obj...
12/21/2012 05:00:20 pm: Query has run: <CALL USP_GetAccounts();>.
12/21/2012 05:00:20 pm: ... Got dataset to return in json obj
12/21/2012 05:00:20 pm: Query has run: <CALL USP_GetCurrencies();>.
12/21/2012 05:00:20 pm: ... Got dataset to return in json obj
12/21/2012 05:00:20 pm: Get the dataset to return in json obj...
12/21/2012 05:00:20 pm: Query has run: <CALL USP_GetPayees();>.
12/21/2012 05:00:20 pm: ... Got dataset to return in json obj
12/21/2012 05:00:20 pm: Get the dataset to return in json obj...
12/21/2012 05:00:20 pm: Get the dataset to return in json obj...
12/21/2012 05:00:20 pm: Query has run: <CALL USP_GetCategories();>.
12/21/2012 05:00:20 pm: ... Got dataset to return in json obj
12/21/2012 05:00:20 pm: Query has run: <CALL USP_GetCategories2();>.
12/21/2012 05:00:20 pm: ... Got dataset to return in json obj
12/21/2012 05:00:54 pm: Amount value: 120. Preg_match_all result is <1>
12/21/2012 05:00:55 pm: Currency = <3>.
12/21/2012 05:01:08 pm: Amount value: 120. Preg_match_all result is <1>
12/21/2012 05:01:08 pm: Currency = <3>.
12/21/2012 05:01:55 pm: Amount value: 180. Preg_match_all result is <1>
12/21/2012 05:01:55 pm: Currency = <3>.
12/21/2012 05:02:19 pm: Amount value: -25,43. Preg_match_all result is <1>
12/21/2012 05:02:19 pm: Currency = <3>.
12/21/2012 05:03:03 pm: Amount value: -5,81. Preg_match_all result is <1>
12/21/2012 05:03:03 pm: Currency = <3>.
12/21/2012 05:03:29 pm: Amount value: -21,73. Preg_match_all result is <1>
12/21/2012 05:03:29 pm: Currency = <3>.
12/21/2012 05:03:40 pm: Amount value: -16. Preg_match_all result is <1>
12/21/2012 05:03:40 pm: Currency = <3>.
12/21/2012 05:03:42 pm: Get the dataset to return in json obj...
12/21/2012 05:03:42 pm: Get the dataset to return in json obj...
12/21/2012 05:03:42 pm: Query has run: <CALL USP_GetCurrencies();>.
12/21/2012 05:03:42 pm: ... Got dataset to return in json obj
12/21/2012 05:03:42 pm: Query has run: <CALL USP_GetAccounts();>.
12/21/2012 05:03:42 pm: ... Got dataset to return in json obj
12/21/2012 05:03:42 pm: Get the dataset to return in json obj...
12/21/2012 05:03:42 pm: Get the dataset to return in json obj...
12/21/2012 05:03:42 pm: Query has run: <CALL USP_GetPayees();>.
12/21/2012 05:03:42 pm: ... Got dataset to return in json obj
12/21/2012 05:03:42 pm: Get the dataset to return in json obj...
12/21/2012 05:03:42 pm: Query has run: <CALL USP_GetCategories();>.
12/21/2012 05:03:42 pm: ... Got dataset to return in json obj
12/21/2012 05:03:42 pm: Query has run: <CALL USP_GetCategories2();>.
12/21/2012 05:03:42 pm: ... Got dataset to return in json obj
12/21/2012 05:03:43 pm: Get the dataset to return in json obj...
12/21/2012 05:03:43 pm: Get the dataset to return in json obj...
12/21/2012 05:03:43 pm: Query has run: <CALL USP_GetCurrencies();>.
12/21/2012 05:03:43 pm: ... Got dataset to return in json obj
12/21/2012 05:03:43 pm: Get the dataset to return in json obj...
12/21/2012 05:03:43 pm: Get the dataset to return in json obj...
12/21/2012 05:03:43 pm: Get the dataset to return in json obj...
12/21/2012 05:03:43 pm: Query has run: <CALL USP_GetCategories2();>.
12/21/2012 05:03:43 pm: ... Got dataset to return in json obj
12/21/2012 05:03:43 pm: Query has run: <CALL USP_GetAccounts();>.
12/21/2012 05:03:43 pm: ... Got dataset to return in json obj
12/21/2012 05:03:43 pm: Query has run: <CALL USP_GetCategories();>.
12/21/2012 05:03:43 pm: Query has run: <CALL USP_GetPayees();>.
12/21/2012 05:03:43 pm: ... Got dataset to return in json obj
12/21/2012 05:03:43 pm: ... Got dataset to return in json obj
12/21/2012 05:03:44 pm: Get the dataset to return in json obj...
12/21/2012 05:03:44 pm: Get the dataset to return in json obj...
12/21/2012 05:03:44 pm: Get the dataset to return in json obj...
12/21/2012 05:03:44 pm: Query has run: <CALL USP_GetCurrencies();>.
12/21/2012 05:03:44 pm: Query has run: <CALL USP_GetAccounts();>.
12/21/2012 05:03:44 pm: ... Got dataset to return in json obj
12/21/2012 05:03:44 pm: ... Got dataset to return in json obj
12/21/2012 05:03:44 pm: Query has run: <CALL USP_GetPayees();>.
12/21/2012 05:03:44 pm: ... Got dataset to return in json obj
12/21/2012 05:03:44 pm: Get the dataset to return in json obj...
12/21/2012 05:03:44 pm: Get the dataset to return in json obj...
12/21/2012 05:03:44 pm: Query has run: <CALL USP_GetCategories();>.
12/21/2012 05:03:44 pm: ... Got dataset to return in json obj
12/21/2012 05:03:44 pm: Query has run: <CALL USP_GetCategories2();>.
12/21/2012 05:03:44 pm: ... Got dataset to return in json obj
12/21/2012 05:03:45 pm: Get the dataset to return in json obj...
12/21/2012 05:03:45 pm: Get the dataset to return in json obj...
12/21/2012 05:03:45 pm: Get the dataset to return in json obj...
12/21/2012 05:03:45 pm: Get the dataset to return in json obj...
12/21/2012 05:03:45 pm: Query has run: <CALL USP_GetCurrencies();>.
12/21/2012 05:03:45 pm: ... Got dataset to return in json obj
12/21/2012 05:03:45 pm: Get the dataset to return in json obj...
12/21/2012 05:03:45 pm: Query has run: <CALL USP_GetPayees();>.
12/21/2012 05:03:45 pm: ... Got dataset to return in json obj
12/21/2012 05:03:45 pm: Query has run: <CALL USP_GetAccounts();>.
12/21/2012 05:03:45 pm: ... Got dataset to return in json obj
12/21/2012 05:03:45 pm: Query has run: <CALL USP_GetCategories();>.
12/21/2012 05:03:45 pm: ... Got dataset to return in json obj
12/21/2012 05:03:45 pm: Query has run: <CALL USP_GetCategories2();>.
12/21/2012 05:03:45 pm: ... Got dataset to return in json obj
12/21/2012 05:03:46 pm: Get the dataset to return in json obj...
12/21/2012 05:03:46 pm: Get the dataset to return in json obj...
12/21/2012 05:03:46 pm: Query has run: <CALL USP_GetAccounts();>.
12/21/2012 05:03:46 pm: ... Got dataset to return in json obj
12/21/2012 05:03:46 pm: Query has run: <CALL USP_GetCategories2();>.
12/21/2012 05:03:46 pm: ... Got dataset to return in json obj
12/21/2012 05:03:46 pm: Get the dataset to return in json obj...
12/21/2012 05:03:46 pm: Get the dataset to return in json obj...
12/21/2012 05:03:46 pm: Query has run: <CALL USP_GetCurrencies();>.
12/21/2012 05:03:46 pm: ... Got dataset to return in json obj
12/21/2012 05:03:46 pm: Query has run: <CALL USP_GetPayees();>.
12/21/2012 05:03:46 pm: ... Got dataset to return in json obj
12/21/2012 05:03:46 pm: Get the dataset to return in json obj...
12/21/2012 05:03:46 pm: Query has run: <CALL USP_GetCategories();>.
12/21/2012 05:03:46 pm: ... Got dataset to return in json obj
12/21/2012 05:03:46 pm: Get the dataset to return in json obj...
12/21/2012 05:03:46 pm: Get the dataset to return in json obj...
12/21/2012 05:03:46 pm: Get the dataset to return in json obj...
12/21/2012 05:03:46 pm: Get the dataset to return in json obj...
12/21/2012 05:03:46 pm: Get the dataset to return in json obj...
12/21/2012 05:03:46 pm: Query has run: <CALL USP_GetCurrencies();>.
12/21/2012 05:03:46 pm: ... Got dataset to return in json obj
12/21/2012 05:03:46 pm: Query has run: <CALL USP_GetPayees();>.
12/21/2012 05:03:46 pm: ... Got dataset to return in json obj
12/21/2012 05:03:46 pm: Query has run: <CALL USP_GetCategories2();>.
12/21/2012 05:03:46 pm: ... Got dataset to return in json obj
12/21/2012 05:03:46 pm: Query has run: <CALL USP_GetCategories();>.
12/21/2012 05:03:46 pm: Query has run: <CALL USP_GetAccounts();>.
12/21/2012 05:03:46 pm: ... Got dataset to return in json obj
12/21/2012 05:03:46 pm: ... Got dataset to return in json obj
12/21/2012 05:03:47 pm: Get the dataset to return in json obj...
12/21/2012 05:03:47 pm: Query has run: <CALL USP_GetAccounts();>.
12/21/2012 05:03:47 pm: ... Got dataset to return in json obj
12/21/2012 05:03:47 pm: Get the dataset to return in json obj...
12/21/2012 05:03:47 pm: Query has run: <CALL USP_GetCurrencies();>.
12/21/2012 05:03:47 pm: ... Got dataset to return in json obj
12/21/2012 05:03:47 pm: Get the dataset to return in json obj...
12/21/2012 05:03:47 pm: Get the dataset to return in json obj...
12/21/2012 05:03:47 pm: Get the dataset to return in json obj...
12/21/2012 05:03:47 pm: Query has run: <CALL USP_GetPayees();>.
12/21/2012 05:03:47 pm: Query has run: <CALL USP_GetCategories();>.
12/21/2012 05:03:47 pm: ... Got dataset to return in json obj
12/21/2012 05:03:47 pm: ... Got dataset to return in json obj
12/21/2012 05:03:47 pm: Query has run: <CALL USP_GetCategories2();>.
12/21/2012 05:03:47 pm: ... Got dataset to return in json obj
12/21/2012 05:03:47 pm: Get the dataset to return in json obj...
12/21/2012 05:03:47 pm: Get the dataset to return in json obj...
12/21/2012 05:03:47 pm: Query has run: <CALL USP_GetCurrencies();>.
12/21/2012 05:03:47 pm: ... Got dataset to return in json obj
12/21/2012 05:03:47 pm: Query has run: <CALL USP_GetAccounts();>.
12/21/2012 05:03:47 pm: ... Got dataset to return in json obj
12/21/2012 05:03:47 pm: Get the dataset to return in json obj...
12/21/2012 05:03:47 pm: Query has run: <CALL USP_GetCategories();>.
12/21/2012 05:03:47 pm: ... Got dataset to return in json obj
12/21/2012 05:03:47 pm: Get the dataset to return in json obj...
12/21/2012 05:03:47 pm: Get the dataset to return in json obj...
12/21/2012 05:03:47 pm: Query has run: <CALL USP_GetCategories2();>.
12/21/2012 05:03:47 pm: ... Got dataset to return in json obj
12/21/2012 05:03:47 pm: Query has run: <CALL USP_GetPayees();>.
12/21/2012 05:03:47 pm: ... Got dataset to return in json obj
12/21/2012 05:03:47 pm: Get the dataset to return in json obj...
12/21/2012 05:03:47 pm: Get the dataset to return in json obj...
12/21/2012 05:03:47 pm: Get the dataset to return in json obj...
12/21/2012 05:03:47 pm: Query has run: <CALL USP_GetCategories();>.
12/21/2012 05:03:47 pm: ... Got dataset to return in json obj
12/21/2012 05:03:47 pm: Query has run: <CALL USP_GetPayees();>.
12/21/2012 05:03:47 pm: ... Got dataset to return in json obj
12/21/2012 05:03:47 pm: Get the dataset to return in json obj...
12/21/2012 05:03:47 pm: Query has run: <CALL USP_GetAccounts();>.
12/21/2012 05:03:47 pm: ... Got dataset to return in json obj
12/21/2012 05:03:47 pm: Get the dataset to return in json obj...
12/21/2012 05:03:47 pm: Query has run: <CALL USP_GetCurrencies();>.
12/21/2012 05:03:47 pm: ... Got dataset to return in json obj
12/21/2012 05:03:47 pm: Query has run: <CALL USP_GetCategories2();>.
12/21/2012 05:03:47 pm: ... Got dataset to return in json obj
