12/11/2012 08:47:05 am: Get the dataset to return in json obj...
12/11/2012 08:47:05 am: Get the dataset to return in json obj...
12/11/2012 08:47:05 am: Get the dataset to return in json obj...
12/11/2012 08:47:05 am: Get the dataset to return in json obj...
12/11/2012 08:47:05 am: Get the dataset to return in json obj...
12/11/2012 08:47:05 am: Query has run: <CALL USP_GetCurrencies();>.
12/11/2012 08:47:05 am: ... Got dataset to return in json obj
12/11/2012 08:47:05 am: Query has run: <CALL USP_GetPayees();>.
12/11/2012 08:47:05 am: ... Got dataset to return in json obj
12/11/2012 08:47:05 am: Query has run: <CALL USP_GetAccounts();>.
12/11/2012 08:47:05 am: ... Got dataset to return in json obj
12/11/2012 08:47:05 am: Query has run: <CALL USP_GetCategories2();>.
12/11/2012 08:47:05 am: ... Got dataset to return in json obj
12/11/2012 08:47:05 am: Query has run: <CALL USP_GetCategories();>.
12/11/2012 08:47:05 am: ... Got dataset to return in json obj
12/11/2012 08:47:16 am: Get the dataset to return in json obj...
12/11/2012 08:47:16 am: Query has run: <CALL USP_GetAccounts();>.
12/11/2012 08:47:16 am: ... Got dataset to return in json obj
12/11/2012 08:47:16 am: Get the dataset to return in json obj...
12/11/2012 08:47:16 am: Get the dataset to return in json obj...
12/11/2012 08:47:16 am: Get the dataset to return in json obj...
12/11/2012 08:47:16 am: Get the dataset to return in json obj...
12/11/2012 08:47:16 am: Query has run: <CALL USP_GetPayees();>.
12/11/2012 08:47:16 am: ... Got dataset to return in json obj
12/11/2012 08:47:16 am: Query has run: <CALL USP_GetCurrencies();>.
12/11/2012 08:47:16 am: ... Got dataset to return in json obj
12/11/2012 08:47:16 am: Query has run: <CALL USP_GetCategories2();>.
12/11/2012 08:47:16 am: ... Got dataset to return in json obj
12/11/2012 08:47:16 am: Query has run: <CALL USP_GetCategories();>.
12/11/2012 08:47:16 am: ... Got dataset to return in json obj
12/11/2012 08:47:48 am: Amount value: 200. Preg_match_all result is <1>
12/11/2012 08:47:48 am: Currency = <3>.
12/11/2012 08:47:53 am: Get the dataset to return in json obj...
12/11/2012 08:47:53 am: Get the dataset to return in json obj...
12/11/2012 08:47:53 am: Query has run: <CALL USP_GetPayees();>.
12/11/2012 08:47:53 am: ... Got dataset to return in json obj
12/11/2012 08:47:53 am: Query has run: <CALL USP_GetAccounts();>.
12/11/2012 08:47:53 am: ... Got dataset to return in json obj
12/11/2012 08:47:53 am: Get the dataset to return in json obj...
12/11/2012 08:47:53 am: Query has run: <CALL USP_GetCurrencies();>.
12/11/2012 08:47:53 am: ... Got dataset to return in json obj
12/11/2012 08:47:53 am: Get the dataset to return in json obj...
12/11/2012 08:47:53 am: Get the dataset to return in json obj...
12/11/2012 08:47:53 am: Query has run: <CALL USP_GetCategories2();>.
12/11/2012 08:47:53 am: ... Got dataset to return in json obj
12/11/2012 08:47:53 am: Query has run: <CALL USP_GetCategories();>.
12/11/2012 08:47:53 am: ... Got dataset to return in json obj
12/11/2012 08:48:09 am: Get the dataset to return in json obj...
12/11/2012 08:48:09 am: Get the dataset to return in json obj...
12/11/2012 08:48:09 am: Get the dataset to return in json obj...
12/11/2012 08:48:09 am: Get the dataset to return in json obj...
12/11/2012 08:48:09 am: Query has run: <CALL USP_GetAccounts();>.
12/11/2012 08:48:09 am: Query has run: <CALL USP_GetCategories2();>.
12/11/2012 08:48:09 am: ... Got dataset to return in json obj
12/11/2012 08:48:09 am: ... Got dataset to return in json obj
12/11/2012 08:48:09 am: Query has run: <CALL USP_GetCategories();>.
12/11/2012 08:48:09 am: ... Got dataset to return in json obj
12/11/2012 08:48:09 am: Get the dataset to return in json obj...
12/11/2012 08:48:09 am: Query has run: <CALL USP_GetPayees();>.
12/11/2012 08:48:09 am: ... Got dataset to return in json obj
12/11/2012 08:48:09 am: Query has run: <CALL USP_GetCurrencies();>.
12/11/2012 08:48:09 am: ... Got dataset to return in json obj
12/11/2012 08:48:22 am: Get the dataset to return in json obj...
12/11/2012 08:48:22 am: Get the dataset to return in json obj...
12/11/2012 08:48:22 am: Query has run: <CALL USP_GetAccounts();>.
12/11/2012 08:48:22 am: Query has run: <CALL USP_GetCurrencies();>.
12/11/2012 08:48:22 am: ... Got dataset to return in json obj
12/11/2012 08:48:22 am: ... Got dataset to return in json obj
12/11/2012 08:48:22 am: Get the dataset to return in json obj...
12/11/2012 08:48:22 am: Query has run: <CALL USP_GetCategories();>.
12/11/2012 08:48:22 am: ... Got dataset to return in json obj
12/11/2012 08:48:22 am: Get the dataset to return in json obj...
12/11/2012 08:48:22 am: Query has run: <CALL USP_GetCategories2();>.
12/11/2012 08:48:22 am: ... Got dataset to return in json obj
12/11/2012 08:48:22 am: Get the dataset to return in json obj...
12/11/2012 08:48:22 am: Query has run: <CALL USP_GetPayees();>.
12/11/2012 08:48:22 am: ... Got dataset to return in json obj
12/11/2012 08:48:56 am: Get the dataset to return in json obj...
12/11/2012 08:48:56 am: Query has run: <CALL USP_GetAccounts();>.
12/11/2012 08:48:56 am: ... Got dataset to return in json obj
12/11/2012 08:48:57 am: Get the dataset to return in json obj...
12/11/2012 08:48:57 am: Query has run: <CALL USP_GetCurrencies();>.
12/11/2012 08:48:57 am: ... Got dataset to return in json obj
12/11/2012 08:48:57 am: Get the dataset to return in json obj...
12/11/2012 08:48:57 am: Query has run: <CALL USP_GetPayees();>.
12/11/2012 08:48:57 am: ... Got dataset to return in json obj
12/11/2012 08:48:57 am: Get the dataset to return in json obj...
12/11/2012 08:48:57 am: Query has run: <CALL USP_GetCategories();>.
12/11/2012 08:48:57 am: ... Got dataset to return in json obj
12/11/2012 08:48:57 am: Get the dataset to return in json obj...
12/11/2012 08:48:57 am: Query has run: <CALL USP_GetCategories2();>.
12/11/2012 08:48:57 am: ... Got dataset to return in json obj
12/11/2012 08:50:10 am: Get the dataset to return in json obj...
12/11/2012 08:50:10 am: Get the dataset to return in json obj...
12/11/2012 08:50:10 am: Get the dataset to return in json obj...
12/11/2012 08:50:10 am: Get the dataset to return in json obj...
12/11/2012 08:50:10 am: Get the dataset to return in json obj...
12/11/2012 08:50:10 am: Query has run: <CALL USP_GetAccounts();>.
12/11/2012 08:50:10 am: ... Got dataset to return in json obj
12/11/2012 08:50:10 am: Query has run: <CALL USP_GetCategories2();>.
12/11/2012 08:50:10 am: ... Got dataset to return in json obj
12/11/2012 08:50:10 am: Query has run: <CALL USP_GetCurrencies();>.
12/11/2012 08:50:10 am: ... Got dataset to return in json obj
12/11/2012 08:50:10 am: Query has run: <CALL USP_GetCategories();>.
12/11/2012 08:50:10 am: ... Got dataset to return in json obj
12/11/2012 08:50:10 am: Query has run: <CALL USP_GetPayees();>.
12/11/2012 08:50:10 am: ... Got dataset to return in json obj
12/11/2012 08:56:59 am: Get the dataset to return in json obj...
12/11/2012 08:56:59 am: Query has run: <CALL USP_GetAccounts();>.
12/11/2012 08:56:59 am: ... Got dataset to return in json obj
12/11/2012 08:57:00 am: Get the dataset to return in json obj...
12/11/2012 08:57:00 am: Query has run: <CALL USP_GetCurrencies();>.
12/11/2012 08:57:00 am: ... Got dataset to return in json obj
12/11/2012 08:57:01 am: Get the dataset to return in json obj...
12/11/2012 08:57:01 am: Query has run: <CALL USP_GetPayees();>.
12/11/2012 08:57:01 am: ... Got dataset to return in json obj
12/11/2012 08:57:01 am: Get the dataset to return in json obj...
12/11/2012 08:57:01 am: Query has run: <CALL USP_GetCategories();>.
12/11/2012 08:57:01 am: ... Got dataset to return in json obj
12/11/2012 08:57:02 am: Get the dataset to return in json obj...
12/11/2012 08:57:02 am: Query has run: <CALL USP_GetCategories2();>.
12/11/2012 08:57:02 am: ... Got dataset to return in json obj
12/11/2012 09:19:25 am: Start insert...
12/11/2012 09:19:32 am: Query has run: <CALL USP_InsertSubCategory ('23','USB - Cash Wallet');>.
12/11/2012 09:19:53 am: Query has run: <CALL USP_GetCategories2 ()>.
12/11/2012 09:19:53 am: ... End insert
12/11/2012 09:19:53 am: Get the dataset to return in json obj...
12/11/2012 09:19:53 am: Query has run: <CALL USP_GetCategories2();>.
12/11/2012 09:19:53 am: ... Got dataset to return in json obj
12/11/2012 09:19:58 am: Get the dataset to return in json obj...
12/11/2012 09:19:58 am: Get the dataset to return in json obj...
12/11/2012 09:19:58 am: Get the dataset to return in json obj...
12/11/2012 09:19:58 am: Query has run: <CALL USP_GetCurrencies();>.
12/11/2012 09:19:58 am: ... Got dataset to return in json obj
12/11/2012 09:19:58 am: Query has run: <CALL USP_GetAccounts();>.
12/11/2012 09:19:58 am: ... Got dataset to return in json obj
12/11/2012 09:19:58 am: Get the dataset to return in json obj...
12/11/2012 09:19:58 am: Query has run: <CALL USP_GetPayees();>.
12/11/2012 09:19:58 am: ... Got dataset to return in json obj
12/11/2012 09:19:58 am: Query has run: <CALL USP_GetCategories();>.
12/11/2012 09:19:58 am: ... Got dataset to return in json obj
12/11/2012 09:19:58 am: Get the dataset to return in json obj...
12/11/2012 09:19:58 am: Query has run: <CALL USP_GetCategories2();>.
12/11/2012 09:19:58 am: ... Got dataset to return in json obj
12/11/2012 09:22:03 am: Get the dataset to return in json obj...
12/11/2012 09:22:03 am: Query has run: <CALL USP_GetCurrencies();>.
12/11/2012 09:22:03 am: ... Got dataset to return in json obj
12/11/2012 09:22:03 am: Get the dataset to return in json obj...
12/11/2012 09:22:03 am: Query has run: <CALL USP_GetAccounts();>.
12/11/2012 09:22:03 am: ... Got dataset to return in json obj
12/11/2012 09:22:04 am: Get the dataset to return in json obj...
12/11/2012 09:22:04 am: Query has run: <CALL USP_GetPayees();>.
12/11/2012 09:22:04 am: ... Got dataset to return in json obj
12/11/2012 09:22:04 am: Get the dataset to return in json obj...
12/11/2012 09:22:04 am: Query has run: <CALL USP_GetCategories();>.
12/11/2012 09:22:04 am: ... Got dataset to return in json obj
12/11/2012 09:22:05 am: Get the dataset to return in json obj...
12/11/2012 09:22:05 am: Query has run: <CALL USP_GetCategories2();>.
12/11/2012 09:22:05 am: ... Got dataset to return in json obj
12/11/2012 09:23:21 am: Query has run: <CALL USP_GetCategories2 ()>.
12/11/2012 09:23:22 am: Query has run: <CALL USP_GetAccounts ()>.
12/11/2012 09:23:32 am: Query has run: <CALL USP_GetCategories2 ()>.
12/11/2012 09:23:40 am: Get the dataset to return in json obj...
12/11/2012 09:23:40 am: Get the dataset to return in json obj...
12/11/2012 09:23:40 am: Query has run: <CALL USP_GetCategories2();>.
12/11/2012 09:23:40 am: ... Got dataset to return in json obj
12/11/2012 09:23:40 am: Query has run: <CALL USP_GetCurrencies();>.
12/11/2012 09:23:40 am: ... Got dataset to return in json obj
12/11/2012 09:23:40 am: Get the dataset to return in json obj...
12/11/2012 09:23:40 am: Get the dataset to return in json obj...
12/11/2012 09:23:40 am: Query has run: <CALL USP_GetPayees();>.
12/11/2012 09:23:40 am: ... Got dataset to return in json obj
12/11/2012 09:23:40 am: Query has run: <CALL USP_GetCategories();>.
12/11/2012 09:23:40 am: ... Got dataset to return in json obj
12/11/2012 09:23:40 am: Get the dataset to return in json obj...
12/11/2012 09:23:40 am: Query has run: <CALL USP_GetAccounts();>.
12/11/2012 09:23:40 am: ... Got dataset to return in json obj
12/11/2012 09:24:03 am: Get the dataset to return in json obj...
12/11/2012 09:24:03 am: Get the dataset to return in json obj...
12/11/2012 09:24:03 am: Query has run: <CALL USP_GetAccounts();>.
12/11/2012 09:24:03 am: ... Got dataset to return in json obj
12/11/2012 09:24:03 am: Query has run: <CALL USP_GetCurrencies();>.
12/11/2012 09:24:03 am: ... Got dataset to return in json obj
12/11/2012 09:24:03 am: Get the dataset to return in json obj...
12/11/2012 09:24:03 am: Query has run: <CALL USP_GetCategories2();>.
12/11/2012 09:24:03 am: ... Got dataset to return in json obj
12/11/2012 09:24:03 am: Get the dataset to return in json obj...
12/11/2012 09:24:03 am: Query has run: <CALL USP_GetPayees();>.
12/11/2012 09:24:03 am: ... Got dataset to return in json obj
12/11/2012 09:24:03 am: Get the dataset to return in json obj...
12/11/2012 09:24:03 am: Query has run: <CALL USP_GetCategories();>.
12/11/2012 09:24:03 am: ... Got dataset to return in json obj
12/11/2012 09:24:11 am: Get the dataset to return in json obj...
12/11/2012 09:24:11 am: Get the dataset to return in json obj...
12/11/2012 09:24:11 am: Get the dataset to return in json obj...
12/11/2012 09:24:11 am: Get the dataset to return in json obj...
12/11/2012 09:24:11 am: Get the dataset to return in json obj...
12/11/2012 09:24:11 am: Query has run: <CALL USP_GetCurrencies();>.
12/11/2012 09:24:11 am: ... Got dataset to return in json obj
12/11/2012 09:24:11 am: Query has run: <CALL USP_GetCategories();>.
12/11/2012 09:24:11 am: ... Got dataset to return in json obj
12/11/2012 09:24:11 am: Query has run: <CALL USP_GetPayees();>.
12/11/2012 09:24:11 am: ... Got dataset to return in json obj
12/11/2012 09:24:11 am: Query has run: <CALL USP_GetCategories2();>.
12/11/2012 09:24:11 am: ... Got dataset to return in json obj
12/11/2012 09:24:11 am: Query has run: <CALL USP_GetAccounts();>.
12/11/2012 09:24:11 am: ... Got dataset to return in json obj
12/11/2012 09:24:13 am: Get the dataset to return in json obj...
12/11/2012 09:24:13 am: Get the dataset to return in json obj...
12/11/2012 09:24:13 am: Query has run: <CALL USP_GetCurrencies();>.
12/11/2012 09:24:13 am: ... Got dataset to return in json obj
12/11/2012 09:24:13 am: Query has run: <CALL USP_GetPayees();>.
12/11/2012 09:24:13 am: ... Got dataset to return in json obj
12/11/2012 09:24:13 am: Get the dataset to return in json obj...
12/11/2012 09:24:13 am: Get the dataset to return in json obj...
12/11/2012 09:24:13 am: Query has run: <CALL USP_GetCategories();>.
12/11/2012 09:24:13 am: ... Got dataset to return in json obj
12/11/2012 09:24:13 am: Get the dataset to return in json obj...
12/11/2012 09:24:13 am: Query has run: <CALL USP_GetAccounts();>.
12/11/2012 09:24:13 am: ... Got dataset to return in json obj
12/11/2012 09:24:13 am: Query has run: <CALL USP_GetCategories2();>.
12/11/2012 09:24:13 am: ... Got dataset to return in json obj
12/11/2012 09:25:09 am: Amount value: -300. Preg_match_all result is <1>
12/11/2012 09:25:09 am: Currency = <1>.
12/11/2012 09:25:16 am: Get the dataset to return in json obj...
12/11/2012 09:25:16 am: Get the dataset to return in json obj...
12/11/2012 09:25:16 am: Get the dataset to return in json obj...
12/11/2012 09:25:16 am: Query has run: <CALL USP_GetCategories2();>.
12/11/2012 09:25:16 am: ... Got dataset to return in json obj
12/11/2012 09:25:16 am: Query has run: <CALL USP_GetCategories();>.
12/11/2012 09:25:16 am: ... Got dataset to return in json obj
12/11/2012 09:25:16 am: Query has run: <CALL USP_GetAccounts();>.
12/11/2012 09:25:16 am: ... Got dataset to return in json obj
12/11/2012 09:25:16 am: Get the dataset to return in json obj...
12/11/2012 09:25:16 am: Query has run: <CALL USP_GetPayees();>.
12/11/2012 09:25:16 am: ... Got dataset to return in json obj
12/11/2012 09:25:16 am: Get the dataset to return in json obj...
12/11/2012 09:25:16 am: Query has run: <CALL USP_GetCurrencies();>.
12/11/2012 09:25:16 am: ... Got dataset to return in json obj
12/11/2012 11:56:43 am: Get the dataset to return in json obj...
12/11/2012 11:56:43 am: Query has run: <CALL USP_GetAccounts();>.
12/11/2012 11:56:43 am: ... Got dataset to return in json obj
12/11/2012 11:56:43 am: Get the dataset to return in json obj...
12/11/2012 11:56:43 am: Get the dataset to return in json obj...
12/11/2012 11:56:43 am: Query has run: <CALL USP_GetCategories();>.
12/11/2012 11:56:43 am: Get the dataset to return in json obj...
12/11/2012 11:56:43 am: ... Got dataset to return in json obj
12/11/2012 11:56:43 am: Get the dataset to return in json obj...
12/11/2012 11:56:43 am: Query has run: <CALL USP_GetCurrencies();>.
12/11/2012 11:56:43 am: ... Got dataset to return in json obj
12/11/2012 11:56:43 am: Query has run: <CALL USP_GetCategories2();>.
12/11/2012 11:56:43 am: Query has run: <CALL USP_GetPayees();>.
12/11/2012 11:56:43 am: ... Got dataset to return in json obj
12/11/2012 11:56:43 am: ... Got dataset to return in json obj
12/11/2012 12:09:45 pm: Get the dataset to return in json obj...
12/11/2012 12:09:45 pm: Query has run: <CALL USP_GetAccounts();>.
12/11/2012 12:09:45 pm: ... Got dataset to return in json obj
12/11/2012 12:09:46 pm: Get the dataset to return in json obj...
12/11/2012 12:09:46 pm: Query has run: <CALL USP_GetCurrencies();>.
12/11/2012 12:09:46 pm: ... Got dataset to return in json obj
12/11/2012 12:09:47 pm: Get the dataset to return in json obj...
12/11/2012 12:09:47 pm: Query has run: <CALL USP_GetCategories();>.
12/11/2012 12:09:47 pm: ... Got dataset to return in json obj
12/11/2012 12:09:47 pm: Get the dataset to return in json obj...
12/11/2012 12:09:47 pm: Query has run: <CALL USP_GetPayees();>.
12/11/2012 12:09:47 pm: ... Got dataset to return in json obj
12/11/2012 12:09:48 pm: Get the dataset to return in json obj...
12/11/2012 12:09:48 pm: Query has run: <CALL USP_GetCategories2();>.
12/11/2012 12:09:48 pm: ... Got dataset to return in json obj
12/11/2012 12:09:54 pm: Get the dataset to return in json obj...
12/11/2012 12:09:54 pm: Query has run: <CALL USP_GetAccounts();>.
12/11/2012 12:09:54 pm: ... Got dataset to return in json obj
12/11/2012 12:09:55 pm: Get the dataset to return in json obj...
12/11/2012 12:09:55 pm: Query has run: <CALL USP_GetCurrencies();>.
12/11/2012 12:09:55 pm: ... Got dataset to return in json obj
12/11/2012 12:09:55 pm: Get the dataset to return in json obj...
12/11/2012 12:09:55 pm: Query has run: <CALL USP_GetPayees();>.
12/11/2012 12:09:55 pm: ... Got dataset to return in json obj
12/11/2012 12:09:56 pm: Get the dataset to return in json obj...
12/11/2012 12:09:56 pm: Query has run: <CALL USP_GetCategories();>.
12/11/2012 12:09:56 pm: ... Got dataset to return in json obj
12/11/2012 12:09:57 pm: Get the dataset to return in json obj...
12/11/2012 12:09:57 pm: Query has run: <CALL USP_GetCategories2();>.
12/11/2012 12:09:57 pm: ... Got dataset to return in json obj
