10/14/2012 05:29:24 pm: Hit to <getData.php>. Type: <acc>. Currency in Post=<1>. currency var=<1>.
10/14/2012 05:29:24 pm: Get the dataset to return in json obj...
10/14/2012 05:29:24 pm: Hit to <getData.php>. Type: <curr>. Currency in Post=<>. currency var=<1>.
10/14/2012 05:29:24 pm: Hit to <getData.php>. Type: <payee>. Currency in Post=<>. currency var=<1>.
10/14/2012 05:29:24 pm: Hit to <getData.php>. Type: <scat>. Currency in Post=<>. currency var=<1>.
10/14/2012 05:29:24 pm: Hit to <getData.php>. Type: <cat>. Currency in Post=<>. currency var=<1>.
10/14/2012 05:29:24 pm: Get the dataset to return in json obj...
10/14/2012 05:29:24 pm: Get the dataset to return in json obj...
10/14/2012 05:29:24 pm: Get the dataset to return in json obj...
10/14/2012 05:29:24 pm: Get the dataset to return in json obj...
10/14/2012 05:29:24 pm: Query has run: <CALL USP_GetCategories();>.
10/14/2012 05:29:24 pm: ... Got dataset to return in json obj
10/14/2012 05:29:24 pm: Query has run: <CALL USP_GetPayees();>.
10/14/2012 05:29:24 pm: ... Got dataset to return in json obj
10/14/2012 05:29:24 pm: Query has run: <CALL USP_GetCategories2();>.
10/14/2012 05:29:24 pm: ... Got dataset to return in json obj
10/14/2012 05:29:24 pm: Query has run: <CALL USP_GetAccounts();>.
10/14/2012 05:29:24 pm: ... Got dataset to return in json obj
10/14/2012 05:29:24 pm: Query has run: <CALL USP_GetCurrencies();>.
10/14/2012 05:29:24 pm: ... Got dataset to return in json obj
10/14/2012 05:29:33 pm: Hit to <getData.php>. Type: <acc>. Currency in Post=<1>. currency var=<1>.
10/14/2012 05:29:33 pm: Hit to <getData.php>. Type: <payee>. Currency in Post=<>. currency var=<1>.
10/14/2012 05:29:33 pm: Hit to <getData.php>. Type: <curr>. Currency in Post=<>. currency var=<1>.
10/14/2012 05:29:33 pm: Get the dataset to return in json obj...
10/14/2012 05:29:33 pm: Get the dataset to return in json obj...
10/14/2012 05:29:33 pm: Hit to <getData.php>. Type: <scat>. Currency in Post=<>. currency var=<1>.
10/14/2012 05:29:33 pm: Query has run: <CALL USP_GetPayees();>.
10/14/2012 05:29:33 pm: ... Got dataset to return in json obj
10/14/2012 05:29:33 pm: Get the dataset to return in json obj...
10/14/2012 05:29:33 pm: Get the dataset to return in json obj...
10/14/2012 05:29:33 pm: Hit to <getData.php>. Type: <cat>. Currency in Post=<>. currency var=<1>.
10/14/2012 05:29:33 pm: Get the dataset to return in json obj...
10/14/2012 05:29:33 pm: Query has run: <CALL USP_GetCurrencies();>.
10/14/2012 05:29:33 pm: ... Got dataset to return in json obj
10/14/2012 05:29:33 pm: Query has run: <CALL USP_GetCategories2();>.
10/14/2012 05:29:33 pm: ... Got dataset to return in json obj
10/14/2012 05:29:33 pm: Query has run: <CALL USP_GetAccounts();>.
10/14/2012 05:29:33 pm: ... Got dataset to return in json obj
10/14/2012 05:29:33 pm: Query has run: <CALL USP_GetCategories();>.
10/14/2012 05:29:33 pm: ... Got dataset to return in json obj
10/14/2012 05:30:01 pm: Amount value: -21,44. Preg_match_all result is <1>
10/14/2012 05:30:02 pm: Currency = <1>.
10/14/2012 05:30:05 pm: Hit to <getData.php>. Type: <acc>. Currency in Post=<1>. currency var=<1>.
10/14/2012 05:30:05 pm: Get the dataset to return in json obj...
10/14/2012 05:30:05 pm: Query has run: <CALL USP_GetAccounts();>.
10/14/2012 05:30:05 pm: ... Got dataset to return in json obj
10/14/2012 05:30:05 pm: Hit to <getData.php>. Type: <curr>. Currency in Post=<>. currency var=<1>.
10/14/2012 05:30:05 pm: Get the dataset to return in json obj...
10/14/2012 05:30:05 pm: Query has run: <CALL USP_GetCurrencies();>.
10/14/2012 05:30:05 pm: Hit to <getData.php>. Type: <payee>. Currency in Post=<>. currency var=<1>.
10/14/2012 05:30:05 pm: Hit to <getData.php>. Type: <cat>. Currency in Post=<>. currency var=<1>.
10/14/2012 05:30:05 pm: Hit to <getData.php>. Type: <scat>. Currency in Post=<>. currency var=<1>.
10/14/2012 05:30:05 pm: Get the dataset to return in json obj...
10/14/2012 05:30:05 pm: Get the dataset to return in json obj...
10/14/2012 05:30:05 pm: Get the dataset to return in json obj...
10/14/2012 05:30:05 pm: ... Got dataset to return in json obj
10/14/2012 05:30:05 pm: Query has run: <CALL USP_GetCategories();>.
10/14/2012 05:30:05 pm: ... Got dataset to return in json obj
10/14/2012 05:30:05 pm: Query has run: <CALL USP_GetPayees();>.
10/14/2012 05:30:05 pm: ... Got dataset to return in json obj
10/14/2012 05:30:05 pm: Query has run: <CALL USP_GetCategories2();>.
10/14/2012 05:30:05 pm: ... Got dataset to return in json obj
10/14/2012 05:33:21 pm: Hit to <getData.php>. Type: <curr>. Currency in Post=<>. currency var=<1>.
10/14/2012 05:33:21 pm: Hit to <getData.php>. Type: <acc>. Currency in Post=<1>. currency var=<1>.
10/14/2012 05:33:21 pm: Get the dataset to return in json obj...
10/14/2012 05:33:21 pm: Get the dataset to return in json obj...
10/14/2012 05:33:21 pm: Query has run: <CALL USP_GetCurrencies();>.
10/14/2012 05:33:21 pm: ... Got dataset to return in json obj
10/14/2012 05:33:21 pm: Query has run: <CALL USP_GetAccounts();>.
10/14/2012 05:33:21 pm: ... Got dataset to return in json obj
10/14/2012 05:33:21 pm: Hit to <getData.php>. Type: <payee>. Currency in Post=<>. currency var=<1>.
10/14/2012 05:33:21 pm: Get the dataset to return in json obj...
10/14/2012 05:33:21 pm: Hit to <getData.php>. Type: <cat>. Currency in Post=<>. currency var=<1>.
10/14/2012 05:33:21 pm: Hit to <getData.php>. Type: <scat>. Currency in Post=<>. currency var=<1>.
10/14/2012 05:33:21 pm: Get the dataset to return in json obj...
10/14/2012 05:33:21 pm: Get the dataset to return in json obj...
10/14/2012 05:33:21 pm: Query has run: <CALL USP_GetCategories();>.
10/14/2012 05:33:21 pm: ... Got dataset to return in json obj
10/14/2012 05:33:21 pm: Query has run: <CALL USP_GetCategories2();>.
10/14/2012 05:33:21 pm: ... Got dataset to return in json obj
10/14/2012 05:33:21 pm: Query has run: <CALL USP_GetPayees();>.
10/14/2012 05:33:21 pm: ... Got dataset to return in json obj
