11/20/2012 06:45:20 pm: Get the dataset to return in json obj...
11/20/2012 06:45:20 pm: Get the dataset to return in json obj...
11/20/2012 06:45:20 pm: Get the dataset to return in json obj...
11/20/2012 06:45:20 pm: Get the dataset to return in json obj...
11/20/2012 06:45:20 pm: Get the dataset to return in json obj...
11/20/2012 06:45:20 pm: Query has run: <CALL USP_GetCurrencies();>.
11/20/2012 06:45:20 pm: ... Got dataset to return in json obj
11/20/2012 06:45:20 pm: Query has run: <CALL USP_GetPayees();>.
11/20/2012 06:45:20 pm: ... Got dataset to return in json obj
11/20/2012 06:45:20 pm: Query has run: <CALL USP_GetAccounts();>.
11/20/2012 06:45:20 pm: ... Got dataset to return in json obj
11/20/2012 06:45:20 pm: Query has run: <CALL USP_GetCategories();>.
11/20/2012 06:45:20 pm: ... Got dataset to return in json obj
11/20/2012 06:45:20 pm: Query has run: <CALL USP_GetCategories2();>.
11/20/2012 06:45:20 pm: ... Got dataset to return in json obj
11/20/2012 06:45:38 pm: Get the dataset to return in json obj...
11/20/2012 06:45:38 pm: Get the dataset to return in json obj...
11/20/2012 06:45:38 pm: Get the dataset to return in json obj...
11/20/2012 06:45:38 pm: Query has run: <CALL USP_GetCurrencies();>.
11/20/2012 06:45:38 pm: ... Got dataset to return in json obj
11/20/2012 06:45:38 pm: Query has run: <CALL USP_GetPayees();>.
11/20/2012 06:45:38 pm: Query has run: <CALL USP_GetAccounts();>.
11/20/2012 06:45:38 pm: ... Got dataset to return in json obj
11/20/2012 06:45:38 pm: Get the dataset to return in json obj...
11/20/2012 06:45:38 pm: Get the dataset to return in json obj...
11/20/2012 06:45:38 pm: Query has run: <CALL USP_GetCategories();>.
11/20/2012 06:45:38 pm: ... Got dataset to return in json obj
11/20/2012 06:45:38 pm: ... Got dataset to return in json obj
11/20/2012 06:45:38 pm: Query has run: <CALL USP_GetCategories2();>.
11/20/2012 06:45:38 pm: ... Got dataset to return in json obj
11/20/2012 06:45:55 pm: Amount value: -375. Preg_match_all result is <1>
11/20/2012 06:45:55 pm: Currency = <1>.
11/20/2012 06:45:58 pm: Get the dataset to return in json obj...
11/20/2012 06:45:58 pm: Query has run: <CALL USP_GetPayees();>.
11/20/2012 06:45:58 pm: ... Got dataset to return in json obj
11/20/2012 06:45:58 pm: Get the dataset to return in json obj...
11/20/2012 06:45:58 pm: Get the dataset to return in json obj...
11/20/2012 06:45:58 pm: Get the dataset to return in json obj...
11/20/2012 06:45:58 pm: Query has run: <CALL USP_GetCurrencies();>.
11/20/2012 06:45:58 pm: ... Got dataset to return in json obj
11/20/2012 06:45:58 pm: Query has run: <CALL USP_GetCategories2();>.
11/20/2012 06:45:58 pm: ... Got dataset to return in json obj
11/20/2012 06:45:58 pm: Query has run: <CALL USP_GetAccounts();>.
11/20/2012 06:45:58 pm: ... Got dataset to return in json obj
11/20/2012 06:45:58 pm: Get the dataset to return in json obj...
11/20/2012 06:45:58 pm: Query has run: <CALL USP_GetCategories();>.
11/20/2012 06:45:58 pm: ... Got dataset to return in json obj
11/20/2012 07:30:02 pm: Get the dataset to return in json obj...
11/20/2012 07:30:02 pm: Get the dataset to return in json obj...
11/20/2012 07:30:02 pm: Get the dataset to return in json obj...
11/20/2012 07:30:02 pm: Get the dataset to return in json obj...
11/20/2012 07:30:02 pm: Get the dataset to return in json obj...
11/20/2012 07:30:02 pm: Query has run: <CALL USP_GetAccounts();>.
11/20/2012 07:30:02 pm: ... Got dataset to return in json obj
11/20/2012 07:30:02 pm: Query has run: <CALL USP_GetCurrencies();>.
11/20/2012 07:30:02 pm: ... Got dataset to return in json obj
11/20/2012 07:30:02 pm: Query has run: <CALL USP_GetCategories();>.
11/20/2012 07:30:02 pm: ... Got dataset to return in json obj
11/20/2012 07:30:02 pm: Query has run: <CALL USP_GetPayees();>.
11/20/2012 07:30:02 pm: ... Got dataset to return in json obj
11/20/2012 07:30:02 pm: Query has run: <CALL USP_GetCategories2();>.
11/20/2012 07:30:02 pm: ... Got dataset to return in json obj
11/20/2012 07:31:14 pm: Get the dataset to return in json obj...
11/20/2012 07:31:14 pm: Get the dataset to return in json obj...
11/20/2012 07:31:14 pm: Query has run: <CALL USP_GetCurrencies();>.
11/20/2012 07:31:14 pm: ... Got dataset to return in json obj
11/20/2012 07:31:14 pm: Query has run: <CALL USP_GetPayees();>.
11/20/2012 07:31:14 pm: ... Got dataset to return in json obj
11/20/2012 07:31:14 pm: Get the dataset to return in json obj...
11/20/2012 07:31:14 pm: Get the dataset to return in json obj...
11/20/2012 07:31:14 pm: Query has run: <CALL USP_GetCategories();>.
11/20/2012 07:31:14 pm: ... Got dataset to return in json obj
11/20/2012 07:31:14 pm: Get the dataset to return in json obj...
11/20/2012 07:31:14 pm: Query has run: <CALL USP_GetCategories2();>.
11/20/2012 07:31:14 pm: ... Got dataset to return in json obj
11/20/2012 07:31:14 pm: Query has run: <CALL USP_GetAccounts();>.
11/20/2012 07:31:14 pm: ... Got dataset to return in json obj
11/20/2012 07:34:13 pm: Get the dataset to return in json obj...
11/20/2012 07:34:13 pm: Query has run: <CALL USP_GetAccounts();>.
11/20/2012 07:34:13 pm: ... Got dataset to return in json obj
11/20/2012 07:34:13 pm: Get the dataset to return in json obj...
11/20/2012 07:34:13 pm: Get the dataset to return in json obj...
11/20/2012 07:34:13 pm: Query has run: <CALL USP_GetCategories();>.
11/20/2012 07:34:13 pm: ... Got dataset to return in json obj
11/20/2012 07:34:13 pm: Query has run: <CALL USP_GetPayees();>.
11/20/2012 07:34:13 pm: ... Got dataset to return in json obj
11/20/2012 07:34:13 pm: Get the dataset to return in json obj...
11/20/2012 07:34:13 pm: Query has run: <CALL USP_GetCurrencies();>.
11/20/2012 07:34:13 pm: ... Got dataset to return in json obj
11/20/2012 07:34:13 pm: Get the dataset to return in json obj...
11/20/2012 07:34:13 pm: Query has run: <CALL USP_GetCategories2();>.
11/20/2012 07:34:13 pm: ... Got dataset to return in json obj
11/20/2012 09:14:43 pm: Get the dataset to return in json obj...
11/20/2012 09:14:43 pm: Query has run: <CALL USP_GetAccounts();>.
11/20/2012 09:14:43 pm: ... Got dataset to return in json obj
11/20/2012 09:14:43 pm: Get the dataset to return in json obj...
11/20/2012 09:14:43 pm: Get the dataset to return in json obj...
11/20/2012 09:14:43 pm: Query has run: <CALL USP_GetCategories2();>.
11/20/2012 09:14:43 pm: ... Got dataset to return in json obj
11/20/2012 09:14:43 pm: Get the dataset to return in json obj...
11/20/2012 09:14:43 pm: Get the dataset to return in json obj...
11/20/2012 09:14:43 pm: Query has run: <CALL USP_GetCurrencies();>.
11/20/2012 09:14:43 pm: ... Got dataset to return in json obj
11/20/2012 09:14:43 pm: Query has run: <CALL USP_GetPayees();>.
11/20/2012 09:14:43 pm: ... Got dataset to return in json obj
11/20/2012 09:14:43 pm: Query has run: <CALL USP_GetCategories();>.
11/20/2012 09:14:43 pm: ... Got dataset to return in json obj
11/20/2012 09:16:00 pm: Get the dataset to return in json obj...
11/20/2012 09:16:00 pm: Get the dataset to return in json obj...
11/20/2012 09:16:00 pm: Query has run: <CALL USP_GetCurrencies();>.
11/20/2012 09:16:00 pm: Get the dataset to return in json obj...
11/20/2012 09:16:00 pm: Get the dataset to return in json obj...
11/20/2012 09:16:00 pm: Get the dataset to return in json obj...
11/20/2012 09:16:00 pm: Query has run: <CALL USP_GetAccounts();>.
11/20/2012 09:16:00 pm: ... Got dataset to return in json obj
11/20/2012 09:16:00 pm: ... Got dataset to return in json obj
11/20/2012 09:16:00 pm: Query has run: <CALL USP_GetCategories();>.
11/20/2012 09:16:00 pm: ... Got dataset to return in json obj
11/20/2012 09:16:00 pm: Query has run: <CALL USP_GetCategories2();>.
11/20/2012 09:16:00 pm: ... Got dataset to return in json obj
11/20/2012 09:16:00 pm: Query has run: <CALL USP_GetPayees();>.
11/20/2012 09:16:00 pm: ... Got dataset to return in json obj
11/20/2012 09:16:45 pm: Get the dataset to return in json obj...
11/20/2012 09:16:45 pm: Query has run: <CALL USP_GetCategories2();>.
11/20/2012 09:16:45 pm: ... Got dataset to return in json obj
11/20/2012 09:16:45 pm: Get the dataset to return in json obj...
11/20/2012 09:16:45 pm: Get the dataset to return in json obj...
11/20/2012 09:16:45 pm: Get the dataset to return in json obj...
11/20/2012 09:16:45 pm: Get the dataset to return in json obj...
11/20/2012 09:16:45 pm: Query has run: <CALL USP_GetAccounts();>.
11/20/2012 09:16:45 pm: ... Got dataset to return in json obj
11/20/2012 09:16:45 pm: Query has run: <CALL USP_GetCurrencies();>.
11/20/2012 09:16:45 pm: ... Got dataset to return in json obj
11/20/2012 09:16:45 pm: Query has run: <CALL USP_GetPayees();>.
11/20/2012 09:16:45 pm: ... Got dataset to return in json obj
11/20/2012 09:16:45 pm: Query has run: <CALL USP_GetCategories();>.
11/20/2012 09:16:45 pm: ... Got dataset to return in json obj
11/20/2012 09:18:22 pm: Get the dataset to return in json obj...
11/20/2012 09:18:22 pm: Get the dataset to return in json obj...
11/20/2012 09:18:22 pm: Query has run: <CALL USP_GetAccounts();>.
11/20/2012 09:18:22 pm: Query has run: <CALL USP_GetCurrencies();>.
11/20/2012 09:18:22 pm: ... Got dataset to return in json obj
11/20/2012 09:18:22 pm: ... Got dataset to return in json obj
11/20/2012 09:18:22 pm: Get the dataset to return in json obj...
11/20/2012 09:18:22 pm: Get the dataset to return in json obj...
11/20/2012 09:18:22 pm: Get the dataset to return in json obj...
11/20/2012 09:18:22 pm: Query has run: <CALL USP_GetCategories();>.
11/20/2012 09:18:22 pm: ... Got dataset to return in json obj
11/20/2012 09:18:22 pm: Query has run: <CALL USP_GetCategories2();>.
11/20/2012 09:18:22 pm: ... Got dataset to return in json obj
11/20/2012 09:18:22 pm: Query has run: <CALL USP_GetPayees();>.
11/20/2012 09:18:22 pm: ... Got dataset to return in json obj
11/20/2012 09:26:15 pm: Get the dataset to return in json obj...
11/20/2012 09:26:15 pm: Query has run: <CALL USP_GetAccounts();>.
11/20/2012 09:26:15 pm: ... Got dataset to return in json obj
11/20/2012 09:26:15 pm: Get the dataset to return in json obj...
11/20/2012 09:26:15 pm: Get the dataset to return in json obj...
11/20/2012 09:26:15 pm: Query has run: <CALL USP_GetCurrencies();>.
11/20/2012 09:26:15 pm: ... Got dataset to return in json obj
11/20/2012 09:26:15 pm: Get the dataset to return in json obj...
11/20/2012 09:26:15 pm: Query has run: <CALL USP_GetCategories2();>.
11/20/2012 09:26:15 pm: ... Got dataset to return in json obj
11/20/2012 09:26:15 pm: Query has run: <CALL USP_GetPayees();>.
11/20/2012 09:26:15 pm: ... Got dataset to return in json obj
11/20/2012 09:26:15 pm: Get the dataset to return in json obj...
11/20/2012 09:26:15 pm: Query has run: <CALL USP_GetCategories();>.
11/20/2012 09:26:15 pm: ... Got dataset to return in json obj
11/20/2012 09:38:51 pm: Get the dataset to return in json obj...
11/20/2012 09:38:51 pm: Get the dataset to return in json obj...
11/20/2012 09:38:51 pm: Query has run: <CALL USP_GetPayees();>.
11/20/2012 09:38:51 pm: ... Got dataset to return in json obj
11/20/2012 09:38:51 pm: Query has run: <CALL USP_GetCurrencies();>.
11/20/2012 09:38:51 pm: ... Got dataset to return in json obj
11/20/2012 09:38:51 pm: Get the dataset to return in json obj...
11/20/2012 09:38:51 pm: Get the dataset to return in json obj...
11/20/2012 09:38:51 pm: Query has run: <CALL USP_GetCategories();>.
11/20/2012 09:38:51 pm: ... Got dataset to return in json obj
11/20/2012 09:38:51 pm: Query has run: <CALL USP_GetAccounts();>.
11/20/2012 09:38:51 pm: ... Got dataset to return in json obj
11/20/2012 09:38:51 pm: Get the dataset to return in json obj...
11/20/2012 09:38:51 pm: Query has run: <CALL USP_GetCategories2();>.
11/20/2012 09:38:51 pm: ... Got dataset to return in json obj
11/20/2012 09:39:28 pm: Get the dataset to return in json obj...
11/20/2012 09:39:28 pm: Query has run: <CALL USP_GetAccounts();>.
11/20/2012 09:39:28 pm: ... Got dataset to return in json obj
11/20/2012 09:39:28 pm: Get the dataset to return in json obj...
11/20/2012 09:39:28 pm: Get the dataset to return in json obj...
11/20/2012 09:39:28 pm: Query has run: <CALL USP_GetCurrencies();>.
11/20/2012 09:39:28 pm: ... Got dataset to return in json obj
11/20/2012 09:39:28 pm: Query has run: <CALL USP_GetPayees();>.
11/20/2012 09:39:28 pm: ... Got dataset to return in json obj
11/20/2012 09:39:28 pm: Get the dataset to return in json obj...
11/20/2012 09:39:28 pm: Query has run: <CALL USP_GetCategories2();>.
11/20/2012 09:39:28 pm: ... Got dataset to return in json obj
11/20/2012 09:39:28 pm: Get the dataset to return in json obj...
11/20/2012 09:39:28 pm: Query has run: <CALL USP_GetCategories();>.
11/20/2012 09:39:28 pm: ... Got dataset to return in json obj
11/20/2012 09:42:34 pm: Get the dataset to return in json obj...
11/20/2012 09:42:34 pm: Query has run: <CALL USP_GetPayees();>.
11/20/2012 09:42:34 pm: ... Got dataset to return in json obj
11/20/2012 09:42:34 pm: Get the dataset to return in json obj...
11/20/2012 09:42:34 pm: Get the dataset to return in json obj...
11/20/2012 09:42:34 pm: Get the dataset to return in json obj...
11/20/2012 09:42:34 pm: Query has run: <CALL USP_GetCurrencies();>.
11/20/2012 09:42:34 pm: ... Got dataset to return in json obj
11/20/2012 09:42:34 pm: Query has run: <CALL USP_GetCategories();>.
11/20/2012 09:42:34 pm: ... Got dataset to return in json obj
11/20/2012 09:42:34 pm: Query has run: <CALL USP_GetAccounts();>.
11/20/2012 09:42:34 pm: ... Got dataset to return in json obj
11/20/2012 09:42:34 pm: Get the dataset to return in json obj...
11/20/2012 09:42:34 pm: Query has run: <CALL USP_GetCategories2();>.
11/20/2012 09:42:34 pm: ... Got dataset to return in json obj
11/20/2012 09:45:02 pm: Get the dataset to return in json obj...
11/20/2012 09:45:02 pm: Query has run: <CALL USP_GetCurrencies();>.
11/20/2012 09:45:02 pm: ... Got dataset to return in json obj
11/20/2012 09:45:02 pm: Get the dataset to return in json obj...
11/20/2012 09:45:02 pm: Get the dataset to return in json obj...
11/20/2012 09:45:02 pm: Query has run: <CALL USP_GetAccounts();>.
11/20/2012 09:45:02 pm: Get the dataset to return in json obj...
11/20/2012 09:45:02 pm: ... Got dataset to return in json obj
11/20/2012 09:45:02 pm: Query has run: <CALL USP_GetCategories();>.
11/20/2012 09:45:02 pm: ... Got dataset to return in json obj
11/20/2012 09:45:02 pm: Query has run: <CALL USP_GetPayees();>.
11/20/2012 09:45:02 pm: ... Got dataset to return in json obj
11/20/2012 09:45:02 pm: Get the dataset to return in json obj...
11/20/2012 09:45:02 pm: Query has run: <CALL USP_GetCategories2();>.
11/20/2012 09:45:02 pm: ... Got dataset to return in json obj
11/20/2012 09:46:54 pm: Get the dataset to return in json obj...
11/20/2012 09:46:54 pm: Get the dataset to return in json obj...
11/20/2012 09:46:54 pm: Query has run: <CALL USP_GetAccounts();>.
11/20/2012 09:46:54 pm: ... Got dataset to return in json obj
11/20/2012 09:46:54 pm: Query has run: <CALL USP_GetPayees();>.
11/20/2012 09:46:54 pm: ... Got dataset to return in json obj
11/20/2012 09:46:54 pm: Get the dataset to return in json obj...
11/20/2012 09:46:54 pm: Query has run: <CALL USP_GetCurrencies();>.
11/20/2012 09:46:54 pm: ... Got dataset to return in json obj
11/20/2012 09:46:54 pm: Get the dataset to return in json obj...
11/20/2012 09:46:54 pm: Query has run: <CALL USP_GetCategories2();>.
11/20/2012 09:46:54 pm: ... Got dataset to return in json obj
11/20/2012 09:46:54 pm: Get the dataset to return in json obj...
11/20/2012 09:46:54 pm: Query has run: <CALL USP_GetCategories();>.
11/20/2012 09:46:54 pm: ... Got dataset to return in json obj
