10/17/2012 07:32:07 pm: Hit to <getData.php>. Type: <acc>. Currency in Post=<1>. currency var=<1>.
10/17/2012 07:32:07 pm: Hit to <getData.php>. Type: <curr>. Currency in Post=<>. currency var=<1>.
10/17/2012 07:32:07 pm: Hit to <getData.php>. Type: <payee>. Currency in Post=<>. currency var=<1>.
10/17/2012 07:32:07 pm: Get the dataset to return in json obj...
10/17/2012 07:32:07 pm: Hit to <getData.php>. Type: <cat>. Currency in Post=<>. currency var=<1>.
10/17/2012 07:32:07 pm: Hit to <getData.php>. Type: <scat>. Currency in Post=<>. currency var=<1>.
10/17/2012 07:32:07 pm: Query has run: <CALL USP_GetCurrencies();>.
10/17/2012 07:32:07 pm: ... Got dataset to return in json obj
10/17/2012 07:32:07 pm: Get the dataset to return in json obj...
10/17/2012 07:32:07 pm: Get the dataset to return in json obj...
10/17/2012 07:32:07 pm: Query has run: <CALL USP_GetAccounts();>.
10/17/2012 07:32:07 pm: ... Got dataset to return in json obj
10/17/2012 07:32:07 pm: Query has run: <CALL USP_GetPayees();>.
10/17/2012 07:32:07 pm: ... Got dataset to return in json obj
10/17/2012 07:32:07 pm: Get the dataset to return in json obj...
10/17/2012 07:32:07 pm: Query has run: <CALL USP_GetCategories2();>.
10/17/2012 07:32:07 pm: ... Got dataset to return in json obj
10/17/2012 07:32:07 pm: Get the dataset to return in json obj...
10/17/2012 07:32:07 pm: Query has run: <CALL USP_GetCategories();>.
10/17/2012 07:32:07 pm: ... Got dataset to return in json obj
10/17/2012 08:26:09 pm: Hit to <getData.php>. Type: <acc>. Currency in Post=<1>. currency var=<1>.
10/17/2012 08:26:09 pm: Get the dataset to return in json obj...
10/17/2012 08:26:09 pm: Query has run: <CALL USP_GetAccounts();>.
10/17/2012 08:26:09 pm: ... Got dataset to return in json obj
10/17/2012 08:26:09 pm: Hit to <getData.php>. Type: <payee>. Currency in Post=<>. currency var=<1>.
10/17/2012 08:26:09 pm: Hit to <getData.php>. Type: <cat>. Currency in Post=<>. currency var=<1>.
10/17/2012 08:26:09 pm: Hit to <getData.php>. Type: <curr>. Currency in Post=<>. currency var=<1>.
10/17/2012 08:26:09 pm: Get the dataset to return in json obj...
10/17/2012 08:26:09 pm: Query has run: <CALL USP_GetPayees();>.
10/17/2012 08:26:09 pm: ... Got dataset to return in json obj
10/17/2012 08:26:09 pm: Hit to <getData.php>. Type: <scat>. Currency in Post=<>. currency var=<1>.
10/17/2012 08:26:09 pm: Get the dataset to return in json obj...
10/17/2012 08:26:09 pm: Get the dataset to return in json obj...
10/17/2012 08:26:09 pm: Get the dataset to return in json obj...
10/17/2012 08:26:09 pm: Query has run: <CALL USP_GetCurrencies();>.
10/17/2012 08:26:09 pm: Query has run: <CALL USP_GetCategories2();>.
10/17/2012 08:26:09 pm: ... Got dataset to return in json obj
10/17/2012 08:26:09 pm: ... Got dataset to return in json obj
10/17/2012 08:26:09 pm: Query has run: <CALL USP_GetCategories();>.
10/17/2012 08:26:09 pm: ... Got dataset to return in json obj
10/17/2012 08:28:22 pm: Hit to <getData.php>. Type: <acc>. Currency in Post=<1>. currency var=<1>.
10/17/2012 08:28:22 pm: Get the dataset to return in json obj...
10/17/2012 08:28:22 pm: Hit to <getData.php>. Type: <cat>. Currency in Post=<>. currency var=<1>.
10/17/2012 08:28:22 pm: Query has run: <CALL USP_GetAccounts();>.
10/17/2012 08:28:22 pm: Hit to <getData.php>. Type: <scat>. Currency in Post=<>. currency var=<1>.
10/17/2012 08:28:22 pm: ... Got dataset to return in json obj
10/17/2012 08:28:22 pm: Hit to <getData.php>. Type: <curr>. Currency in Post=<>. currency var=<1>.
10/17/2012 08:28:22 pm: Hit to <getData.php>. Type: <payee>. Currency in Post=<>. currency var=<1>.
10/17/2012 08:28:22 pm: Get the dataset to return in json obj...
10/17/2012 08:28:22 pm: Get the dataset to return in json obj...
10/17/2012 08:28:22 pm: Get the dataset to return in json obj...
10/17/2012 08:28:22 pm: Query has run: <CALL USP_GetCategories();>.
10/17/2012 08:28:22 pm: ... Got dataset to return in json obj
10/17/2012 08:28:22 pm: Query has run: <CALL USP_GetPayees();>.
10/17/2012 08:28:22 pm: Query has run: <CALL USP_GetCategories2();>.
10/17/2012 08:28:22 pm: ... Got dataset to return in json obj
10/17/2012 08:28:22 pm: ... Got dataset to return in json obj
10/17/2012 08:28:22 pm: Get the dataset to return in json obj...
10/17/2012 08:28:22 pm: Query has run: <CALL USP_GetCurrencies();>.
10/17/2012 08:28:22 pm: ... Got dataset to return in json obj
