11/13/2012 06:35:07 pm: Get the dataset to return in json obj...
11/13/2012 06:35:07 pm: Get the dataset to return in json obj...
11/13/2012 06:35:07 pm: Get the dataset to return in json obj...
11/13/2012 06:35:07 pm: Query has run: <CALL USP_GetCurrencies();>.
11/13/2012 06:35:07 pm: ... Got dataset to return in json obj
11/13/2012 06:35:07 pm: Query has run: <CALL USP_GetCategories2();>.
11/13/2012 06:35:07 pm: ... Got dataset to return in json obj
11/13/2012 06:35:07 pm: Query has run: <CALL USP_GetAccounts();>.
11/13/2012 06:35:07 pm: ... Got dataset to return in json obj
11/13/2012 06:35:07 pm: Query has run: <CALL USP_GetCategories();>.
11/13/2012 06:35:07 pm: ... Got dataset to return in json obj
11/13/2012 06:35:07 pm: Query has run: <CALL USP_GetPayees();>.
11/13/2012 06:35:07 pm: ... Got dataset to return in json obj
11/13/2012 06:45:22 pm: Get the dataset to return in json obj...
11/13/2012 06:45:22 pm: Query has run: <CALL USP_GetAccounts();>.
11/13/2012 06:45:22 pm: ... Got dataset to return in json obj
11/13/2012 06:45:22 pm: Get the dataset to return in json obj...
11/13/2012 06:45:22 pm: Get the dataset to return in json obj...
11/13/2012 06:45:22 pm: Get the dataset to return in json obj...
11/13/2012 06:45:22 pm: Query has run: <CALL USP_GetCurrencies();>.
11/13/2012 06:45:22 pm: ... Got dataset to return in json obj
11/13/2012 06:45:22 pm: Get the dataset to return in json obj...
11/13/2012 06:45:22 pm: Query has run: <CALL USP_GetCategories();>.
11/13/2012 06:45:22 pm: ... Got dataset to return in json obj
11/13/2012 06:45:22 pm: Query has run: <CALL USP_GetCategories2();>.
11/13/2012 06:45:22 pm: ... Got dataset to return in json obj
11/13/2012 06:45:22 pm: Query has run: <CALL USP_GetPayees();>.
11/13/2012 06:45:22 pm: ... Got dataset to return in json obj
11/13/2012 07:34:46 pm: Get the dataset to return in json obj...
11/13/2012 07:34:46 pm: Get the dataset to return in json obj...
11/13/2012 07:34:46 pm: Query has run: <CALL USP_GetCurrencies();>.
11/13/2012 07:34:46 pm: Query has run: <CALL USP_GetAccounts();>.
11/13/2012 07:34:46 pm: ... Got dataset to return in json obj
11/13/2012 07:34:46 pm: ... Got dataset to return in json obj
11/13/2012 07:34:46 pm: Get the dataset to return in json obj...
11/13/2012 07:34:46 pm: Query has run: <CALL USP_GetPayees();>.
11/13/2012 07:34:46 pm: ... Got dataset to return in json obj
11/13/2012 07:34:46 pm: Get the dataset to return in json obj...
11/13/2012 07:34:46 pm: Query has run: <CALL USP_GetCategories();>.
11/13/2012 07:34:46 pm: ... Got dataset to return in json obj
11/13/2012 07:34:46 pm: Get the dataset to return in json obj...
11/13/2012 07:34:46 pm: Query has run: <CALL USP_GetCategories2();>.
11/13/2012 07:34:46 pm: ... Got dataset to return in json obj
11/13/2012 07:35:34 pm: Get the dataset to return in json obj...
11/13/2012 07:35:34 pm: Get the dataset to return in json obj...
11/13/2012 07:35:34 pm: Query has run: <CALL USP_GetPayees();>.
11/13/2012 07:35:34 pm: ... Got dataset to return in json obj
11/13/2012 07:35:34 pm: Query has run: <CALL USP_GetAccounts();>.
11/13/2012 07:35:34 pm: ... Got dataset to return in json obj
11/13/2012 07:35:34 pm: Get the dataset to return in json obj...
11/13/2012 07:35:34 pm: Query has run: <CALL USP_GetCategories2();>.
11/13/2012 07:35:34 pm: ... Got dataset to return in json obj
11/13/2012 07:35:34 pm: Get the dataset to return in json obj...
11/13/2012 07:35:34 pm: Query has run: <CALL USP_GetCurrencies();>.
11/13/2012 07:35:34 pm: ... Got dataset to return in json obj
11/13/2012 07:35:34 pm: Get the dataset to return in json obj...
11/13/2012 07:35:34 pm: Query has run: <CALL USP_GetCategories();>.
11/13/2012 07:35:34 pm: ... Got dataset to return in json obj
11/13/2012 07:37:10 pm: Get the dataset to return in json obj...
11/13/2012 07:37:10 pm: Query has run: <CALL USP_GetAccounts();>.
11/13/2012 07:37:10 pm: ... Got dataset to return in json obj
11/13/2012 07:37:10 pm: Get the dataset to return in json obj...
11/13/2012 07:37:10 pm: Get the dataset to return in json obj...
11/13/2012 07:37:10 pm: Query has run: <CALL USP_GetCurrencies();>.
11/13/2012 07:37:10 pm: ... Got dataset to return in json obj
11/13/2012 07:37:10 pm: Query has run: <CALL USP_GetPayees();>.
11/13/2012 07:37:10 pm: ... Got dataset to return in json obj
11/13/2012 07:37:10 pm: Get the dataset to return in json obj...
11/13/2012 07:37:10 pm: Get the dataset to return in json obj...
11/13/2012 07:37:10 pm: Query has run: <CALL USP_GetCategories();>.
11/13/2012 07:37:10 pm: ... Got dataset to return in json obj
11/13/2012 07:37:10 pm: Query has run: <CALL USP_GetCategories2();>.
11/13/2012 07:37:10 pm: ... Got dataset to return in json obj
11/13/2012 07:43:54 pm: Get the dataset to return in json obj...
11/13/2012 07:43:54 pm: Query has run: <CALL USP_GetAccounts();>.
11/13/2012 07:43:54 pm: ... Got dataset to return in json obj
11/13/2012 07:43:54 pm: Get the dataset to return in json obj...
11/13/2012 07:43:54 pm: Get the dataset to return in json obj...
11/13/2012 07:43:54 pm: Query has run: <CALL USP_GetCurrencies();>.
11/13/2012 07:43:54 pm: ... Got dataset to return in json obj
11/13/2012 07:43:54 pm: Query has run: <CALL USP_GetCategories();>.
11/13/2012 07:43:54 pm: ... Got dataset to return in json obj
11/13/2012 07:43:54 pm: Get the dataset to return in json obj...
11/13/2012 07:43:54 pm: Query has run: <CALL USP_GetPayees();>.
11/13/2012 07:43:54 pm: ... Got dataset to return in json obj
11/13/2012 07:43:54 pm: Get the dataset to return in json obj...
11/13/2012 07:43:54 pm: Query has run: <CALL USP_GetCategories2();>.
11/13/2012 07:43:54 pm: ... Got dataset to return in json obj
11/13/2012 07:44:30 pm: Get the dataset to return in json obj...
11/13/2012 07:44:30 pm: Get the dataset to return in json obj...
11/13/2012 07:44:30 pm: Query has run: <CALL USP_GetAccounts();>.
11/13/2012 07:44:30 pm: ... Got dataset to return in json obj
11/13/2012 07:44:30 pm: Get the dataset to return in json obj...
11/13/2012 07:44:30 pm: Query has run: <CALL USP_GetCurrencies();>.
11/13/2012 07:44:30 pm: ... Got dataset to return in json obj
11/13/2012 07:44:30 pm: Get the dataset to return in json obj...
11/13/2012 07:44:30 pm: Query has run: <CALL USP_GetCategories2();>.
11/13/2012 07:44:30 pm: ... Got dataset to return in json obj
11/13/2012 07:44:30 pm: Get the dataset to return in json obj...
11/13/2012 07:44:30 pm: Query has run: <CALL USP_GetCategories();>.
11/13/2012 07:44:30 pm: ... Got dataset to return in json obj
11/13/2012 07:44:30 pm: Query has run: <CALL USP_GetPayees();>.
11/13/2012 07:44:30 pm: ... Got dataset to return in json obj
11/13/2012 07:44:52 pm: Get the dataset to return in json obj...
11/13/2012 07:44:52 pm: Query has run: <CALL USP_GetAccounts();>.
11/13/2012 07:44:52 pm: ... Got dataset to return in json obj
11/13/2012 07:44:52 pm: Get the dataset to return in json obj...
11/13/2012 07:44:52 pm: Get the dataset to return in json obj...
11/13/2012 07:44:52 pm: Query has run: <CALL USP_GetPayees();>.
11/13/2012 07:44:52 pm: ... Got dataset to return in json obj
11/13/2012 07:44:52 pm: Get the dataset to return in json obj...
11/13/2012 07:44:52 pm: Get the dataset to return in json obj...
11/13/2012 07:44:52 pm: Query has run: <CALL USP_GetCurrencies();>.
11/13/2012 07:44:52 pm: ... Got dataset to return in json obj
11/13/2012 07:44:52 pm: Query has run: <CALL USP_GetCategories();>.
11/13/2012 07:44:52 pm: ... Got dataset to return in json obj
11/13/2012 07:44:52 pm: Query has run: <CALL USP_GetCategories2();>.
11/13/2012 07:44:52 pm: ... Got dataset to return in json obj
11/13/2012 07:46:14 pm: Get the dataset to return in json obj...
11/13/2012 07:46:14 pm: Query has run: <CALL USP_GetAccounts();>.
11/13/2012 07:46:14 pm: ... Got dataset to return in json obj
11/13/2012 07:46:14 pm: Get the dataset to return in json obj...
11/13/2012 07:46:14 pm: Get the dataset to return in json obj...
11/13/2012 07:46:14 pm: Query has run: <CALL USP_GetCurrencies();>.
11/13/2012 07:46:14 pm: ... Got dataset to return in json obj
11/13/2012 07:46:14 pm: Query has run: <CALL USP_GetPayees();>.
11/13/2012 07:46:14 pm: ... Got dataset to return in json obj
11/13/2012 07:46:14 pm: Get the dataset to return in json obj...
11/13/2012 07:46:14 pm: Query has run: <CALL USP_GetCategories();>.
11/13/2012 07:46:14 pm: ... Got dataset to return in json obj
11/13/2012 07:46:14 pm: Get the dataset to return in json obj...
11/13/2012 07:46:14 pm: Query has run: <CALL USP_GetCategories2();>.
11/13/2012 07:46:14 pm: ... Got dataset to return in json obj
11/13/2012 07:46:53 pm: Get the dataset to return in json obj...
11/13/2012 07:46:53 pm: Query has run: <CALL USP_GetAccounts();>.
11/13/2012 07:46:53 pm: ... Got dataset to return in json obj
11/13/2012 07:46:53 pm: Get the dataset to return in json obj...
11/13/2012 07:46:53 pm: Get the dataset to return in json obj...
11/13/2012 07:46:53 pm: Query has run: <CALL USP_GetPayees();>.
11/13/2012 07:46:53 pm: ... Got dataset to return in json obj
11/13/2012 07:46:53 pm: Query has run: <CALL USP_GetCurrencies();>.
11/13/2012 07:46:53 pm: ... Got dataset to return in json obj
11/13/2012 07:46:53 pm: Get the dataset to return in json obj...
11/13/2012 07:46:53 pm: Get the dataset to return in json obj...
11/13/2012 07:46:53 pm: Query has run: <CALL USP_GetCategories();>.
11/13/2012 07:46:53 pm: ... Got dataset to return in json obj
11/13/2012 07:46:53 pm: Query has run: <CALL USP_GetCategories2();>.
11/13/2012 07:46:53 pm: ... Got dataset to return in json obj
11/13/2012 07:48:02 pm: Get the dataset to return in json obj...
11/13/2012 07:48:02 pm: Query has run: <CALL USP_GetAccounts();>.
11/13/2012 07:48:02 pm: ... Got dataset to return in json obj
11/13/2012 07:48:02 pm: Get the dataset to return in json obj...
11/13/2012 07:48:02 pm: Query has run: <CALL USP_GetCurrencies();>.
11/13/2012 07:48:02 pm: ... Got dataset to return in json obj
11/13/2012 07:48:02 pm: Get the dataset to return in json obj...
11/13/2012 07:48:02 pm: Query has run: <CALL USP_GetPayees();>.
11/13/2012 07:48:02 pm: ... Got dataset to return in json obj
11/13/2012 07:48:02 pm: Get the dataset to return in json obj...
11/13/2012 07:48:02 pm: Query has run: <CALL USP_GetCategories();>.
11/13/2012 07:48:02 pm: ... Got dataset to return in json obj
11/13/2012 07:48:02 pm: Get the dataset to return in json obj...
11/13/2012 07:48:02 pm: Query has run: <CALL USP_GetCategories2();>.
11/13/2012 07:48:02 pm: ... Got dataset to return in json obj
11/13/2012 07:48:58 pm: Get the dataset to return in json obj...
11/13/2012 07:48:58 pm: Get the dataset to return in json obj...
11/13/2012 07:48:58 pm: Query has run: <CALL USP_GetCurrencies();>.
11/13/2012 07:48:58 pm: ... Got dataset to return in json obj
11/13/2012 07:48:58 pm: Query has run: <CALL USP_GetAccounts();>.
11/13/2012 07:48:58 pm: ... Got dataset to return in json obj
11/13/2012 07:48:58 pm: Get the dataset to return in json obj...
11/13/2012 07:48:58 pm: Get the dataset to return in json obj...
11/13/2012 07:48:58 pm: Query has run: <CALL USP_GetCategories();>.
11/13/2012 07:48:58 pm: ... Got dataset to return in json obj
11/13/2012 07:48:58 pm: Query has run: <CALL USP_GetPayees();>.
11/13/2012 07:48:58 pm: ... Got dataset to return in json obj
11/13/2012 07:48:58 pm: Get the dataset to return in json obj...
11/13/2012 07:48:58 pm: Query has run: <CALL USP_GetCategories2();>.
11/13/2012 07:48:58 pm: ... Got dataset to return in json obj
11/13/2012 07:49:59 pm: Get the dataset to return in json obj...
11/13/2012 07:49:59 pm: Get the dataset to return in json obj...
11/13/2012 07:49:59 pm: Query has run: <CALL USP_GetAccounts();>.
11/13/2012 07:49:59 pm: ... Got dataset to return in json obj
11/13/2012 07:49:59 pm: Query has run: <CALL USP_GetCategories();>.
11/13/2012 07:49:59 pm: ... Got dataset to return in json obj
11/13/2012 07:49:59 pm: Get the dataset to return in json obj...
11/13/2012 07:49:59 pm: Get the dataset to return in json obj...
11/13/2012 07:49:59 pm: Query has run: <CALL USP_GetPayees();>.
11/13/2012 07:49:59 pm: ... Got dataset to return in json obj
11/13/2012 07:49:59 pm: Query has run: <CALL USP_GetCurrencies();>.
11/13/2012 07:49:59 pm: ... Got dataset to return in json obj
11/13/2012 07:49:59 pm: Get the dataset to return in json obj...
11/13/2012 07:49:59 pm: Query has run: <CALL USP_GetCategories2();>.
11/13/2012 07:49:59 pm: ... Got dataset to return in json obj
11/13/2012 07:50:10 pm: Get the dataset to return in json obj...
11/13/2012 07:50:10 pm: Get the dataset to return in json obj...
11/13/2012 07:50:10 pm: Get the dataset to return in json obj...
11/13/2012 07:50:10 pm: Query has run: <CALL USP_GetAccounts();>.
11/13/2012 07:50:10 pm: ... Got dataset to return in json obj
11/13/2012 07:50:10 pm: Get the dataset to return in json obj...
11/13/2012 07:50:10 pm: Query has run: <CALL USP_GetCurrencies();>.
11/13/2012 07:50:10 pm: ... Got dataset to return in json obj
11/13/2012 07:50:10 pm: Query has run: <CALL USP_GetCategories2();>.
11/13/2012 07:50:10 pm: ... Got dataset to return in json obj
11/13/2012 07:50:10 pm: Query has run: <CALL USP_GetPayees();>.
11/13/2012 07:50:10 pm: ... Got dataset to return in json obj
11/13/2012 07:50:10 pm: Get the dataset to return in json obj...
11/13/2012 07:50:10 pm: Query has run: <CALL USP_GetCategories();>.
11/13/2012 07:50:10 pm: ... Got dataset to return in json obj
11/13/2012 07:50:50 pm: Get the dataset to return in json obj...
11/13/2012 07:50:50 pm: Get the dataset to return in json obj...
11/13/2012 07:50:50 pm: Query has run: <CALL USP_GetCategories();>.
11/13/2012 07:50:50 pm: ... Got dataset to return in json obj
11/13/2012 07:50:50 pm: Query has run: <CALL USP_GetPayees();>.
11/13/2012 07:50:50 pm: ... Got dataset to return in json obj
11/13/2012 07:50:50 pm: Get the dataset to return in json obj...
11/13/2012 07:50:50 pm: Query has run: <CALL USP_GetCurrencies();>.
11/13/2012 07:50:50 pm: ... Got dataset to return in json obj
11/13/2012 07:50:50 pm: Get the dataset to return in json obj...
11/13/2012 07:50:50 pm: Query has run: <CALL USP_GetCategories2();>.
11/13/2012 07:50:50 pm: ... Got dataset to return in json obj
11/13/2012 07:50:50 pm: Get the dataset to return in json obj...
11/13/2012 07:50:50 pm: Query has run: <CALL USP_GetAccounts();>.
11/13/2012 07:50:50 pm: ... Got dataset to return in json obj
11/13/2012 07:52:01 pm: Get the dataset to return in json obj...
11/13/2012 07:52:01 pm: Get the dataset to return in json obj...
11/13/2012 07:52:01 pm: Query has run: <CALL USP_GetAccounts();>.
11/13/2012 07:52:01 pm: ... Got dataset to return in json obj
11/13/2012 07:52:01 pm: Query has run: <CALL USP_GetCurrencies();>.
11/13/2012 07:52:01 pm: ... Got dataset to return in json obj
11/13/2012 07:52:01 pm: Get the dataset to return in json obj...
11/13/2012 07:52:01 pm: Get the dataset to return in json obj...
11/13/2012 07:52:01 pm: Query has run: <CALL USP_GetPayees();>.
11/13/2012 07:52:01 pm: ... Got dataset to return in json obj
11/13/2012 07:52:01 pm: Query has run: <CALL USP_GetCategories();>.
11/13/2012 07:52:01 pm: ... Got dataset to return in json obj
11/13/2012 07:52:01 pm: Get the dataset to return in json obj...
11/13/2012 07:52:01 pm: Query has run: <CALL USP_GetCategories2();>.
11/13/2012 07:52:01 pm: ... Got dataset to return in json obj
11/13/2012 07:52:44 pm: Get the dataset to return in json obj...
11/13/2012 07:52:44 pm: Query has run: <CALL USP_GetCategories2();>.
11/13/2012 07:52:44 pm: ... Got dataset to return in json obj
11/13/2012 07:52:44 pm: Get the dataset to return in json obj...
11/13/2012 07:52:44 pm: Query has run: <CALL USP_GetAccounts();>.
11/13/2012 07:52:44 pm: ... Got dataset to return in json obj
11/13/2012 07:52:44 pm: Get the dataset to return in json obj...
11/13/2012 07:52:44 pm: Get the dataset to return in json obj...
11/13/2012 07:52:44 pm: Query has run: <CALL USP_GetPayees();>.
11/13/2012 07:52:44 pm: ... Got dataset to return in json obj
11/13/2012 07:52:44 pm: Query has run: <CALL USP_GetCategories();>.
11/13/2012 07:52:44 pm: ... Got dataset to return in json obj
11/13/2012 07:52:44 pm: Get the dataset to return in json obj...
11/13/2012 07:52:44 pm: Query has run: <CALL USP_GetCurrencies();>.
11/13/2012 07:52:44 pm: ... Got dataset to return in json obj
11/13/2012 07:53:13 pm: Get the dataset to return in json obj...
11/13/2012 07:53:13 pm: Query has run: <CALL USP_GetCategories();>.
11/13/2012 07:53:13 pm: ... Got dataset to return in json obj
11/13/2012 07:53:13 pm: Get the dataset to return in json obj...
11/13/2012 07:53:13 pm: Query has run: <CALL USP_GetCurrencies();>.
11/13/2012 07:53:13 pm: ... Got dataset to return in json obj
11/13/2012 07:53:13 pm: Get the dataset to return in json obj...
11/13/2012 07:53:13 pm: Get the dataset to return in json obj...
11/13/2012 07:53:13 pm: Query has run: <CALL USP_GetPayees();>.
11/13/2012 07:53:13 pm: ... Got dataset to return in json obj
11/13/2012 07:53:13 pm: Get the dataset to return in json obj...
11/13/2012 07:53:13 pm: Query has run: <CALL USP_GetAccounts();>.
11/13/2012 07:53:13 pm: ... Got dataset to return in json obj
11/13/2012 07:53:13 pm: Query has run: <CALL USP_GetCategories2();>.
11/13/2012 07:53:13 pm: ... Got dataset to return in json obj
11/13/2012 07:53:42 pm: Get the dataset to return in json obj...
11/13/2012 07:53:42 pm: Query has run: <CALL USP_GetCurrencies();>.
11/13/2012 07:53:42 pm: ... Got dataset to return in json obj
11/13/2012 07:53:42 pm: Get the dataset to return in json obj...
11/13/2012 07:53:42 pm: Get the dataset to return in json obj...
11/13/2012 07:53:42 pm: Query has run: <CALL USP_GetPayees();>.
11/13/2012 07:53:42 pm: ... Got dataset to return in json obj
11/13/2012 07:53:42 pm: Query has run: <CALL USP_GetAccounts();>.
11/13/2012 07:53:42 pm: ... Got dataset to return in json obj
11/13/2012 07:53:42 pm: Get the dataset to return in json obj...
11/13/2012 07:53:42 pm: Query has run: <CALL USP_GetCategories();>.
11/13/2012 07:53:42 pm: ... Got dataset to return in json obj
11/13/2012 07:53:42 pm: Get the dataset to return in json obj...
11/13/2012 07:53:42 pm: Query has run: <CALL USP_GetCategories2();>.
11/13/2012 07:53:42 pm: ... Got dataset to return in json obj
11/13/2012 07:54:32 pm: Get the dataset to return in json obj...
11/13/2012 07:54:32 pm: Query has run: <CALL USP_GetAccounts();>.
11/13/2012 07:54:32 pm: ... Got dataset to return in json obj
11/13/2012 07:54:32 pm: Get the dataset to return in json obj...
11/13/2012 07:54:32 pm: Query has run: <CALL USP_GetCurrencies();>.
11/13/2012 07:54:32 pm: ... Got dataset to return in json obj
11/13/2012 07:54:32 pm: Get the dataset to return in json obj...
11/13/2012 07:54:32 pm: Query has run: <CALL USP_GetCategories();>.
11/13/2012 07:54:32 pm: ... Got dataset to return in json obj
11/13/2012 07:54:32 pm: Get the dataset to return in json obj...
11/13/2012 07:54:32 pm: Query has run: <CALL USP_GetCategories2();>.
11/13/2012 07:54:32 pm: ... Got dataset to return in json obj
11/13/2012 07:54:32 pm: Get the dataset to return in json obj...
11/13/2012 07:54:32 pm: Query has run: <CALL USP_GetPayees();>.
11/13/2012 07:54:32 pm: ... Got dataset to return in json obj
11/13/2012 08:04:39 pm: Get the dataset to return in json obj...
11/13/2012 08:04:39 pm: Query has run: <CALL USP_GetAccounts();>.
11/13/2012 08:04:39 pm: ... Got dataset to return in json obj
11/13/2012 08:04:39 pm: Get the dataset to return in json obj...
11/13/2012 08:04:39 pm: Get the dataset to return in json obj...
11/13/2012 08:04:39 pm: Query has run: <CALL USP_GetCurrencies();>.
11/13/2012 08:04:39 pm: ... Got dataset to return in json obj
11/13/2012 08:04:39 pm: Query has run: <CALL USP_GetPayees();>.
11/13/2012 08:04:39 pm: ... Got dataset to return in json obj
11/13/2012 08:04:39 pm: Get the dataset to return in json obj...
11/13/2012 08:04:39 pm: Query has run: <CALL USP_GetCategories();>.
11/13/2012 08:04:39 pm: ... Got dataset to return in json obj
11/13/2012 08:04:39 pm: Get the dataset to return in json obj...
11/13/2012 08:04:39 pm: Query has run: <CALL USP_GetCategories2();>.
11/13/2012 08:04:39 pm: ... Got dataset to return in json obj
11/13/2012 08:06:18 pm: Get the dataset to return in json obj...
11/13/2012 08:06:18 pm: Query has run: <CALL USP_GetAccounts();>.
11/13/2012 08:06:18 pm: ... Got dataset to return in json obj
11/13/2012 08:06:18 pm: Get the dataset to return in json obj...
11/13/2012 08:06:18 pm: Query has run: <CALL USP_GetCurrencies();>.
11/13/2012 08:06:18 pm: ... Got dataset to return in json obj
11/13/2012 08:06:18 pm: Get the dataset to return in json obj...
11/13/2012 08:06:18 pm: Query has run: <CALL USP_GetCategories2();>.
11/13/2012 08:06:18 pm: ... Got dataset to return in json obj
11/13/2012 08:06:18 pm: Get the dataset to return in json obj...
11/13/2012 08:06:18 pm: Query has run: <CALL USP_GetPayees();>.
11/13/2012 08:06:18 pm: ... Got dataset to return in json obj
11/13/2012 08:06:18 pm: Get the dataset to return in json obj...
11/13/2012 08:06:18 pm: Query has run: <CALL USP_GetCategories();>.
11/13/2012 08:06:18 pm: ... Got dataset to return in json obj
11/13/2012 08:07:54 pm: Get the dataset to return in json obj...
11/13/2012 08:07:54 pm: Query has run: <CALL USP_GetCategories2();>.
11/13/2012 08:07:54 pm: ... Got dataset to return in json obj
11/13/2012 08:07:54 pm: Get the dataset to return in json obj...
11/13/2012 08:07:54 pm: Get the dataset to return in json obj...
11/13/2012 08:07:54 pm: Query has run: <CALL USP_GetPayees();>.
11/13/2012 08:07:54 pm: ... Got dataset to return in json obj
11/13/2012 08:07:55 pm: Query has run: <CALL USP_GetAccounts();>.
11/13/2012 08:07:55 pm: ... Got dataset to return in json obj
11/13/2012 08:07:55 pm: Get the dataset to return in json obj...
11/13/2012 08:07:55 pm: Query has run: <CALL USP_GetCurrencies();>.
11/13/2012 08:07:55 pm: ... Got dataset to return in json obj
11/13/2012 08:07:55 pm: Get the dataset to return in json obj...
11/13/2012 08:07:55 pm: Query has run: <CALL USP_GetCategories();>.
11/13/2012 08:07:55 pm: ... Got dataset to return in json obj
11/13/2012 08:09:05 pm: Get the dataset to return in json obj...
11/13/2012 08:09:05 pm: Query has run: <CALL USP_GetAccounts();>.
11/13/2012 08:09:05 pm: ... Got dataset to return in json obj
11/13/2012 08:09:05 pm: Get the dataset to return in json obj...
11/13/2012 08:09:05 pm: Get the dataset to return in json obj...
11/13/2012 08:09:05 pm: Query has run: <CALL USP_GetCurrencies();>.
11/13/2012 08:09:05 pm: ... Got dataset to return in json obj
11/13/2012 08:09:05 pm: Query has run: <CALL USP_GetCategories();>.
11/13/2012 08:09:05 pm: ... Got dataset to return in json obj
11/13/2012 08:09:05 pm: Get the dataset to return in json obj...
11/13/2012 08:09:05 pm: Get the dataset to return in json obj...
11/13/2012 08:09:05 pm: Query has run: <CALL USP_GetPayees();>.
11/13/2012 08:09:05 pm: ... Got dataset to return in json obj
11/13/2012 08:09:05 pm: Query has run: <CALL USP_GetCategories2();>.
11/13/2012 08:09:05 pm: ... Got dataset to return in json obj
11/13/2012 08:09:57 pm: Get the dataset to return in json obj...
11/13/2012 08:09:57 pm: Get the dataset to return in json obj...
11/13/2012 08:09:57 pm: Query has run: <CALL USP_GetCurrencies();>.
11/13/2012 08:09:57 pm: ... Got dataset to return in json obj
11/13/2012 08:09:57 pm: Get the dataset to return in json obj...
11/13/2012 08:09:57 pm: Query has run: <CALL USP_GetAccounts();>.
11/13/2012 08:09:57 pm: ... Got dataset to return in json obj
11/13/2012 08:09:57 pm: Get the dataset to return in json obj...
11/13/2012 08:09:57 pm: Query has run: <CALL USP_GetCategories2();>.
11/13/2012 08:09:57 pm: ... Got dataset to return in json obj
11/13/2012 08:09:57 pm: Get the dataset to return in json obj...
11/13/2012 08:09:57 pm: Query has run: <CALL USP_GetCategories();>.
11/13/2012 08:09:57 pm: ... Got dataset to return in json obj
11/13/2012 08:09:57 pm: Query has run: <CALL USP_GetPayees();>.
11/13/2012 08:09:57 pm: ... Got dataset to return in json obj
11/13/2012 08:13:03 pm: Get the dataset to return in json obj...
11/13/2012 08:13:03 pm: Get the dataset to return in json obj...
11/13/2012 08:13:03 pm: Get the dataset to return in json obj...
11/13/2012 08:13:03 pm: Query has run: <CALL USP_GetAccounts();>.
11/13/2012 08:13:03 pm: ... Got dataset to return in json obj
11/13/2012 08:13:03 pm: Get the dataset to return in json obj...
11/13/2012 08:13:03 pm: Query has run: <CALL USP_GetCategories();>.
11/13/2012 08:13:03 pm: ... Got dataset to return in json obj
11/13/2012 08:13:03 pm: Query has run: <CALL USP_GetCurrencies();>.
11/13/2012 08:13:03 pm: ... Got dataset to return in json obj
11/13/2012 08:13:03 pm: Query has run: <CALL USP_GetPayees();>.
11/13/2012 08:13:03 pm: ... Got dataset to return in json obj
11/13/2012 08:13:03 pm: Get the dataset to return in json obj...
11/13/2012 08:13:03 pm: Query has run: <CALL USP_GetCategories2();>.
11/13/2012 08:13:03 pm: ... Got dataset to return in json obj
11/13/2012 08:15:43 pm: Get the dataset to return in json obj...
11/13/2012 08:15:43 pm: Get the dataset to return in json obj...
11/13/2012 08:15:43 pm: Query has run: <CALL USP_GetPayees();>.
11/13/2012 08:15:43 pm: ... Got dataset to return in json obj
11/13/2012 08:15:43 pm: Query has run: <CALL USP_GetAccounts();>.
11/13/2012 08:15:43 pm: ... Got dataset to return in json obj
11/13/2012 08:15:43 pm: Get the dataset to return in json obj...
11/13/2012 08:15:43 pm: Query has run: <CALL USP_GetCurrencies();>.
11/13/2012 08:15:43 pm: ... Got dataset to return in json obj
11/13/2012 08:15:43 pm: Get the dataset to return in json obj...
11/13/2012 08:15:43 pm: Query has run: <CALL USP_GetCategories();>.
11/13/2012 08:15:43 pm: ... Got dataset to return in json obj
11/13/2012 08:15:43 pm: Get the dataset to return in json obj...
11/13/2012 08:15:43 pm: Query has run: <CALL USP_GetCategories2();>.
11/13/2012 08:15:43 pm: ... Got dataset to return in json obj
11/13/2012 08:16:19 pm: Get the dataset to return in json obj...
11/13/2012 08:16:19 pm: Query has run: <CALL USP_GetAccounts();>.
11/13/2012 08:16:19 pm: Get the dataset to return in json obj...
11/13/2012 08:16:19 pm: ... Got dataset to return in json obj
11/13/2012 08:16:19 pm: Get the dataset to return in json obj...
11/13/2012 08:16:19 pm: Get the dataset to return in json obj...
11/13/2012 08:16:19 pm: Get the dataset to return in json obj...
11/13/2012 08:16:19 pm: Query has run: <CALL USP_GetCurrencies();>.
11/13/2012 08:16:19 pm: Query has run: <CALL USP_GetCategories2();>.
11/13/2012 08:16:19 pm: ... Got dataset to return in json obj
11/13/2012 08:16:19 pm: ... Got dataset to return in json obj
11/13/2012 08:16:19 pm: Query has run: <CALL USP_GetCategories();>.
11/13/2012 08:16:19 pm: ... Got dataset to return in json obj
11/13/2012 08:16:19 pm: Query has run: <CALL USP_GetPayees();>.
11/13/2012 08:16:19 pm: ... Got dataset to return in json obj
11/13/2012 08:16:59 pm: Get the dataset to return in json obj...
11/13/2012 08:16:59 pm: Get the dataset to return in json obj...
11/13/2012 08:16:59 pm: Query has run: <CALL USP_GetCurrencies();>.
11/13/2012 08:16:59 pm: ... Got dataset to return in json obj
11/13/2012 08:16:59 pm: Query has run: <CALL USP_GetAccounts();>.
11/13/2012 08:16:59 pm: ... Got dataset to return in json obj
11/13/2012 08:16:59 pm: Get the dataset to return in json obj...
11/13/2012 08:16:59 pm: Get the dataset to return in json obj...
11/13/2012 08:16:59 pm: Query has run: <CALL USP_GetCategories();>.
11/13/2012 08:16:59 pm: ... Got dataset to return in json obj
11/13/2012 08:16:59 pm: Query has run: <CALL USP_GetPayees();>.
11/13/2012 08:16:59 pm: ... Got dataset to return in json obj
11/13/2012 08:16:59 pm: Get the dataset to return in json obj...
11/13/2012 08:16:59 pm: Query has run: <CALL USP_GetCategories2();>.
11/13/2012 08:16:59 pm: ... Got dataset to return in json obj
11/13/2012 08:25:39 pm: Get the dataset to return in json obj...
11/13/2012 08:25:39 pm: Query has run: <CALL USP_GetAccounts();>.
11/13/2012 08:25:39 pm: ... Got dataset to return in json obj
11/13/2012 08:25:39 pm: Get the dataset to return in json obj...
11/13/2012 08:25:39 pm: Query has run: <CALL USP_GetCurrencies();>.
11/13/2012 08:25:39 pm: ... Got dataset to return in json obj
11/13/2012 08:25:39 pm: Get the dataset to return in json obj...
11/13/2012 08:25:39 pm: Query has run: <CALL USP_GetPayees();>.
11/13/2012 08:25:39 pm: ... Got dataset to return in json obj
11/13/2012 08:25:39 pm: Get the dataset to return in json obj...
11/13/2012 08:25:39 pm: Query has run: <CALL USP_GetCategories();>.
11/13/2012 08:25:39 pm: ... Got dataset to return in json obj
11/13/2012 08:25:39 pm: Get the dataset to return in json obj...
11/13/2012 08:25:39 pm: Query has run: <CALL USP_GetCategories2();>.
11/13/2012 08:25:39 pm: ... Got dataset to return in json obj
11/13/2012 08:31:28 pm: Get the dataset to return in json obj...
11/13/2012 08:31:28 pm: Get the dataset to return in json obj...
11/13/2012 08:31:28 pm: Get the dataset to return in json obj...
11/13/2012 08:31:28 pm: Query has run: <CALL USP_GetCurrencies();>.
11/13/2012 08:31:28 pm: ... Got dataset to return in json obj
11/13/2012 08:31:28 pm: Query has run: <CALL USP_GetCategories();>.
11/13/2012 08:31:28 pm: ... Got dataset to return in json obj
11/13/2012 08:31:28 pm: Query has run: <CALL USP_GetAccounts();>.
11/13/2012 08:31:28 pm: ... Got dataset to return in json obj
11/13/2012 08:31:28 pm: Get the dataset to return in json obj...
11/13/2012 08:31:28 pm: Query has run: <CALL USP_GetPayees();>.
11/13/2012 08:31:28 pm: ... Got dataset to return in json obj
11/13/2012 08:31:28 pm: Get the dataset to return in json obj...
11/13/2012 08:31:28 pm: Query has run: <CALL USP_GetCategories2();>.
11/13/2012 08:31:28 pm: ... Got dataset to return in json obj
11/13/2012 08:32:27 pm: Get the dataset to return in json obj...
11/13/2012 08:32:27 pm: Query has run: <CALL USP_GetAccounts();>.
11/13/2012 08:32:27 pm: ... Got dataset to return in json obj
11/13/2012 08:32:27 pm: Get the dataset to return in json obj...
11/13/2012 08:32:27 pm: Get the dataset to return in json obj...
11/13/2012 08:32:27 pm: Query has run: <CALL USP_GetCurrencies();>.
11/13/2012 08:32:27 pm: ... Got dataset to return in json obj
11/13/2012 08:32:27 pm: Query has run: <CALL USP_GetPayees();>.
11/13/2012 08:32:27 pm: ... Got dataset to return in json obj
11/13/2012 08:32:27 pm: Get the dataset to return in json obj...
11/13/2012 08:32:27 pm: Query has run: <CALL USP_GetCategories();>.
11/13/2012 08:32:27 pm: ... Got dataset to return in json obj
11/13/2012 08:32:27 pm: Get the dataset to return in json obj...
11/13/2012 08:32:27 pm: Query has run: <CALL USP_GetCategories2();>.
11/13/2012 08:32:27 pm: ... Got dataset to return in json obj
11/13/2012 08:33:26 pm: Get the dataset to return in json obj...
11/13/2012 08:33:26 pm: Query has run: <CALL USP_GetPayees();>.
11/13/2012 08:33:26 pm: ... Got dataset to return in json obj
11/13/2012 08:33:26 pm: Get the dataset to return in json obj...
11/13/2012 08:33:26 pm: Query has run: <CALL USP_GetCurrencies();>.
11/13/2012 08:33:26 pm: ... Got dataset to return in json obj
11/13/2012 08:33:26 pm: Get the dataset to return in json obj...
11/13/2012 08:33:26 pm: Query has run: <CALL USP_GetAccounts();>.
11/13/2012 08:33:26 pm: ... Got dataset to return in json obj
11/13/2012 08:33:26 pm: Get the dataset to return in json obj...
11/13/2012 08:33:26 pm: Query has run: <CALL USP_GetCategories();>.
11/13/2012 08:33:26 pm: ... Got dataset to return in json obj
11/13/2012 08:33:26 pm: Get the dataset to return in json obj...
11/13/2012 08:33:26 pm: Query has run: <CALL USP_GetCategories2();>.
11/13/2012 08:33:26 pm: ... Got dataset to return in json obj
11/13/2012 08:33:53 pm: Get the dataset to return in json obj...
11/13/2012 08:33:53 pm: Get the dataset to return in json obj...
11/13/2012 08:33:53 pm: Get the dataset to return in json obj...
11/13/2012 08:33:53 pm: Query has run: <CALL USP_GetCategories();>.
11/13/2012 08:33:53 pm: ... Got dataset to return in json obj
11/13/2012 08:33:53 pm: Get the dataset to return in json obj...
11/13/2012 08:33:53 pm: Query has run: <CALL USP_GetCategories2();>.
11/13/2012 08:33:53 pm: ... Got dataset to return in json obj
11/13/2012 08:33:53 pm: Query has run: <CALL USP_GetPayees();>.
11/13/2012 08:33:53 pm: ... Got dataset to return in json obj
11/13/2012 08:33:53 pm: Query has run: <CALL USP_GetAccounts();>.
11/13/2012 08:33:53 pm: ... Got dataset to return in json obj
11/13/2012 08:33:53 pm: Get the dataset to return in json obj...
11/13/2012 08:33:53 pm: Query has run: <CALL USP_GetCurrencies();>.
11/13/2012 08:33:53 pm: ... Got dataset to return in json obj
11/13/2012 08:48:53 pm: Get the dataset to return in json obj...
11/13/2012 08:48:53 pm: Get the dataset to return in json obj...
11/13/2012 08:48:53 pm: Get the dataset to return in json obj...
11/13/2012 08:48:53 pm: Get the dataset to return in json obj...
11/13/2012 08:48:53 pm: Get the dataset to return in json obj...
11/13/2012 08:48:53 pm: Query has run: <CALL USP_GetCurrencies();>.
11/13/2012 08:48:53 pm: ... Got dataset to return in json obj
11/13/2012 08:48:53 pm: Query has run: <CALL USP_GetAccounts();>.
11/13/2012 08:48:53 pm: ... Got dataset to return in json obj
11/13/2012 08:48:53 pm: Query has run: <CALL USP_GetCategories();>.
11/13/2012 08:48:53 pm: ... Got dataset to return in json obj
11/13/2012 08:48:53 pm: Query has run: <CALL USP_GetPayees();>.
11/13/2012 08:48:53 pm: Query has run: <CALL USP_GetCategories2();>.
11/13/2012 08:48:53 pm: ... Got dataset to return in json obj
11/13/2012 08:48:53 pm: ... Got dataset to return in json obj
11/13/2012 09:11:18 pm: Get the dataset to return in json obj...
11/13/2012 09:11:18 pm: Query has run: <CALL USP_GetAccounts();>.
11/13/2012 09:11:18 pm: ... Got dataset to return in json obj
11/13/2012 09:11:18 pm: Get the dataset to return in json obj...
11/13/2012 09:11:18 pm: Get the dataset to return in json obj...
11/13/2012 09:11:18 pm: Query has run: <CALL USP_GetPayees();>.
11/13/2012 09:11:18 pm: ... Got dataset to return in json obj
11/13/2012 09:11:18 pm: Query has run: <CALL USP_GetCategories2();>.
11/13/2012 09:11:18 pm: ... Got dataset to return in json obj
11/13/2012 09:11:18 pm: Get the dataset to return in json obj...
11/13/2012 09:11:18 pm: Get the dataset to return in json obj...
11/13/2012 09:11:18 pm: Query has run: <CALL USP_GetCategories();>.
11/13/2012 09:11:18 pm: ... Got dataset to return in json obj
11/13/2012 09:11:18 pm: Query has run: <CALL USP_GetCurrencies();>.
11/13/2012 09:11:18 pm: ... Got dataset to return in json obj
11/13/2012 09:49:57 pm: Get the dataset to return in json obj...
11/13/2012 09:49:57 pm: Get the dataset to return in json obj...
11/13/2012 09:49:57 pm: Get the dataset to return in json obj...
11/13/2012 09:49:57 pm: Get the dataset to return in json obj...
11/13/2012 09:49:57 pm: Query has run: <CALL USP_GetCategories();>.
11/13/2012 09:49:57 pm: ... Got dataset to return in json obj
11/13/2012 09:49:57 pm: Query has run: <CALL USP_GetCurrencies();>.
11/13/2012 09:49:57 pm: ... Got dataset to return in json obj
11/13/2012 09:49:57 pm: Query has run: <CALL USP_GetAccounts();>.
11/13/2012 09:49:57 pm: ... Got dataset to return in json obj
11/13/2012 09:49:57 pm: Query has run: <CALL USP_GetPayees();>.
11/13/2012 09:49:57 pm: ... Got dataset to return in json obj
11/13/2012 09:49:57 pm: Get the dataset to return in json obj...
11/13/2012 09:49:57 pm: Query has run: <CALL USP_GetCategories2();>.
11/13/2012 09:49:57 pm: ... Got dataset to return in json obj
11/13/2012 09:51:32 pm: Get the dataset to return in json obj...
11/13/2012 09:51:32 pm: Get the dataset to return in json obj...
11/13/2012 09:51:32 pm: Get the dataset to return in json obj...
11/13/2012 09:51:32 pm: Get the dataset to return in json obj...
11/13/2012 09:51:32 pm: Query has run: <CALL USP_GetCategories2();>.
11/13/2012 09:51:32 pm: ... Got dataset to return in json obj
11/13/2012 09:51:32 pm: Query has run: <CALL USP_GetCategories();>.
11/13/2012 09:51:32 pm: ... Got dataset to return in json obj
11/13/2012 09:51:32 pm: Query has run: <CALL USP_GetPayees();>.
11/13/2012 09:51:32 pm: Query has run: <CALL USP_GetCurrencies();>.
11/13/2012 09:51:32 pm: ... Got dataset to return in json obj
11/13/2012 09:51:32 pm: Get the dataset to return in json obj...
11/13/2012 09:51:32 pm: ... Got dataset to return in json obj
11/13/2012 09:51:32 pm: Query has run: <CALL USP_GetAccounts();>.
11/13/2012 09:51:32 pm: ... Got dataset to return in json obj
11/13/2012 09:51:34 pm: Get the dataset to return in json obj...
11/13/2012 09:51:34 pm: Get the dataset to return in json obj...
11/13/2012 09:51:34 pm: Query has run: <CALL USP_GetCategories();>.
11/13/2012 09:51:34 pm: Get the dataset to return in json obj...
11/13/2012 09:51:34 pm: Query has run: <CALL USP_GetCurrencies();>.
11/13/2012 09:51:34 pm: ... Got dataset to return in json obj
11/13/2012 09:51:34 pm: ... Got dataset to return in json obj
11/13/2012 09:51:34 pm: Get the dataset to return in json obj...
11/13/2012 09:51:34 pm: Query has run: <CALL USP_GetAccounts();>.
11/13/2012 09:51:34 pm: ... Got dataset to return in json obj
11/13/2012 09:51:34 pm: Get the dataset to return in json obj...
11/13/2012 09:51:34 pm: Query has run: <CALL USP_GetCategories2();>.
11/13/2012 09:51:34 pm: ... Got dataset to return in json obj
11/13/2012 09:51:34 pm: Query has run: <CALL USP_GetPayees();>.
11/13/2012 09:51:34 pm: ... Got dataset to return in json obj
11/13/2012 09:51:35 pm: Get the dataset to return in json obj...
11/13/2012 09:51:35 pm: Get the dataset to return in json obj...
11/13/2012 09:51:35 pm: Get the dataset to return in json obj...
11/13/2012 09:51:35 pm: Get the dataset to return in json obj...
11/13/2012 09:51:35 pm: Query has run: <CALL USP_GetAccounts();>.
11/13/2012 09:51:35 pm: ... Got dataset to return in json obj
11/13/2012 09:51:35 pm: Query has run: <CALL USP_GetCurrencies();>.
11/13/2012 09:51:35 pm: ... Got dataset to return in json obj
11/13/2012 09:51:35 pm: Query has run: <CALL USP_GetCategories2();>.
11/13/2012 09:51:35 pm: ... Got dataset to return in json obj
11/13/2012 09:51:35 pm: Query has run: <CALL USP_GetCategories();>.
11/13/2012 09:51:35 pm: ... Got dataset to return in json obj
11/13/2012 09:51:35 pm: Get the dataset to return in json obj...
11/13/2012 09:51:35 pm: Query has run: <CALL USP_GetPayees();>.
11/13/2012 09:51:35 pm: ... Got dataset to return in json obj
11/13/2012 09:51:36 pm: Get the dataset to return in json obj...
11/13/2012 09:51:36 pm: Get the dataset to return in json obj...
11/13/2012 09:51:36 pm: Get the dataset to return in json obj...
11/13/2012 09:51:36 pm: Query has run: <CALL USP_GetAccounts();>.
11/13/2012 09:51:36 pm: Query has run: <CALL USP_GetPayees();>.
11/13/2012 09:51:36 pm: ... Got dataset to return in json obj
11/13/2012 09:51:36 pm: ... Got dataset to return in json obj
11/13/2012 09:51:36 pm: Query has run: <CALL USP_GetCurrencies();>.
11/13/2012 09:51:36 pm: ... Got dataset to return in json obj
11/13/2012 09:51:36 pm: Get the dataset to return in json obj...
11/13/2012 09:51:36 pm: Get the dataset to return in json obj...
11/13/2012 09:51:36 pm: Query has run: <CALL USP_GetCategories();>.
11/13/2012 09:51:36 pm: ... Got dataset to return in json obj
11/13/2012 09:51:36 pm: Query has run: <CALL USP_GetCategories2();>.
11/13/2012 09:51:36 pm: ... Got dataset to return in json obj
11/13/2012 09:51:41 pm: Get the dataset to return in json obj...
11/13/2012 09:51:41 pm: Get the dataset to return in json obj...
11/13/2012 09:51:41 pm: Get the dataset to return in json obj...
11/13/2012 09:51:41 pm: Get the dataset to return in json obj...
11/13/2012 09:51:41 pm: Query has run: <CALL USP_GetAccounts();>.
11/13/2012 09:51:41 pm: ... Got dataset to return in json obj
11/13/2012 09:51:41 pm: Get the dataset to return in json obj...
11/13/2012 09:51:41 pm: Query has run: <CALL USP_GetCategories2();>.
11/13/2012 09:51:41 pm: ... Got dataset to return in json obj
11/13/2012 09:51:41 pm: Query has run: <CALL USP_GetPayees();>.
11/13/2012 09:51:41 pm: ... Got dataset to return in json obj
11/13/2012 09:51:41 pm: Query has run: <CALL USP_GetCategories();>.
11/13/2012 09:51:41 pm: ... Got dataset to return in json obj
11/13/2012 09:51:41 pm: Query has run: <CALL USP_GetCurrencies();>.
11/13/2012 09:51:41 pm: ... Got dataset to return in json obj
11/13/2012 09:51:46 pm: Get the dataset to return in json obj...
11/13/2012 09:51:46 pm: Query has run: <CALL USP_GetAccounts();>.
11/13/2012 09:51:46 pm: ... Got dataset to return in json obj
11/13/2012 09:51:46 pm: Get the dataset to return in json obj...
11/13/2012 09:51:46 pm: Get the dataset to return in json obj...
11/13/2012 09:51:46 pm: Query has run: <CALL USP_GetPayees();>.
11/13/2012 09:51:46 pm: ... Got dataset to return in json obj
11/13/2012 09:51:46 pm: Query has run: <CALL USP_GetCurrencies();>.
11/13/2012 09:51:46 pm: ... Got dataset to return in json obj
11/13/2012 09:51:46 pm: Get the dataset to return in json obj...
11/13/2012 09:51:46 pm: Get the dataset to return in json obj...
11/13/2012 09:51:46 pm: Query has run: <CALL USP_GetCategories();>.
11/13/2012 09:51:46 pm: ... Got dataset to return in json obj
11/13/2012 09:51:46 pm: Query has run: <CALL USP_GetCategories2();>.
11/13/2012 09:51:46 pm: ... Got dataset to return in json obj
11/13/2012 09:54:20 pm: Get the dataset to return in json obj...
11/13/2012 09:54:20 pm: Query has run: <CALL USP_GetCurrencies();>.
11/13/2012 09:54:20 pm: ... Got dataset to return in json obj
11/13/2012 09:54:20 pm: Get the dataset to return in json obj...
11/13/2012 09:54:20 pm: Get the dataset to return in json obj...
11/13/2012 09:54:20 pm: Query has run: <CALL USP_GetPayees();>.
11/13/2012 09:54:20 pm: ... Got dataset to return in json obj
11/13/2012 09:54:20 pm: Get the dataset to return in json obj...
11/13/2012 09:54:20 pm: Query has run: <CALL USP_GetCategories2();>.
11/13/2012 09:54:20 pm: ... Got dataset to return in json obj
11/13/2012 09:54:20 pm: Query has run: <CALL USP_GetCategories();>.
11/13/2012 09:54:20 pm: ... Got dataset to return in json obj
11/13/2012 09:54:20 pm: Get the dataset to return in json obj...
11/13/2012 09:54:20 pm: Query has run: <CALL USP_GetAccounts();>.
11/13/2012 09:54:20 pm: ... Got dataset to return in json obj
11/13/2012 09:55:32 pm: Get the dataset to return in json obj...
11/13/2012 09:55:32 pm: Get the dataset to return in json obj...
11/13/2012 09:55:32 pm: Get the dataset to return in json obj...
11/13/2012 09:55:32 pm: Query has run: <CALL USP_GetCurrencies();>.
11/13/2012 09:55:32 pm: ... Got dataset to return in json obj
11/13/2012 09:55:32 pm: Query has run: <CALL USP_GetPayees();>.
11/13/2012 09:55:32 pm: ... Got dataset to return in json obj
11/13/2012 09:55:32 pm: Query has run: <CALL USP_GetCategories();>.
11/13/2012 09:55:32 pm: ... Got dataset to return in json obj
11/13/2012 09:55:32 pm: Get the dataset to return in json obj...
11/13/2012 09:55:32 pm: Query has run: <CALL USP_GetAccounts();>.
11/13/2012 09:55:32 pm: ... Got dataset to return in json obj
11/13/2012 09:55:33 pm: Get the dataset to return in json obj...
11/13/2012 09:55:33 pm: Query has run: <CALL USP_GetCategories2();>.
11/13/2012 09:55:33 pm: ... Got dataset to return in json obj
11/13/2012 09:56:28 pm: Get the dataset to return in json obj...
11/13/2012 09:56:28 pm: Get the dataset to return in json obj...
11/13/2012 09:56:28 pm: Query has run: <CALL USP_GetAccounts();>.
11/13/2012 09:56:28 pm: ... Got dataset to return in json obj
11/13/2012 09:56:28 pm: Query has run: <CALL USP_GetCurrencies();>.
11/13/2012 09:56:28 pm: ... Got dataset to return in json obj
11/13/2012 09:56:28 pm: Get the dataset to return in json obj...
11/13/2012 09:56:28 pm: Query has run: <CALL USP_GetPayees();>.
11/13/2012 09:56:28 pm: ... Got dataset to return in json obj
11/13/2012 09:56:28 pm: Get the dataset to return in json obj...
11/13/2012 09:56:28 pm: Query has run: <CALL USP_GetCategories2();>.
11/13/2012 09:56:28 pm: ... Got dataset to return in json obj
11/13/2012 09:56:28 pm: Get the dataset to return in json obj...
11/13/2012 09:56:28 pm: Query has run: <CALL USP_GetCategories();>.
11/13/2012 09:56:28 pm: ... Got dataset to return in json obj
11/13/2012 09:57:39 pm: Get the dataset to return in json obj...
11/13/2012 09:57:39 pm: Get the dataset to return in json obj...
11/13/2012 09:57:39 pm: Get the dataset to return in json obj...
11/13/2012 09:57:39 pm: Query has run: <CALL USP_GetCategories();>.
11/13/2012 09:57:39 pm: ... Got dataset to return in json obj
11/13/2012 09:57:39 pm: Query has run: <CALL USP_GetPayees();>.
11/13/2012 09:57:39 pm: ... Got dataset to return in json obj
11/13/2012 09:57:39 pm: Query has run: <CALL USP_GetAccounts();>.
11/13/2012 09:57:39 pm: ... Got dataset to return in json obj
11/13/2012 09:57:39 pm: Get the dataset to return in json obj...
11/13/2012 09:57:39 pm: Get the dataset to return in json obj...
11/13/2012 09:57:39 pm: Query has run: <CALL USP_GetCategories2();>.
11/13/2012 09:57:39 pm: Query has run: <CALL USP_GetCurrencies();>.
11/13/2012 09:57:39 pm: ... Got dataset to return in json obj
11/13/2012 09:57:39 pm: ... Got dataset to return in json obj
