05/07/2013 06:32:25 pm: Get the dataset to return in json obj...
05/07/2013 06:32:25 pm: Get the dataset to return in json obj...
05/07/2013 06:32:25 pm: Query has run: <CALL USP_GetCategories();>.
05/07/2013 06:32:25 pm: ... Got dataset to return in json obj
05/07/2013 06:32:25 pm: Get the dataset to return in json obj...
05/07/2013 06:32:25 pm: Query has run: <CALL USP_GetCurrencies();>.
05/07/2013 06:32:25 pm: ... Got dataset to return in json obj
05/07/2013 06:32:25 pm: Get the dataset to return in json obj...
05/07/2013 06:32:25 pm: Query has run: <CALL USP_GetAccounts();>.
05/07/2013 06:32:25 pm: ... Got dataset to return in json obj
05/07/2013 06:32:25 pm: Get the dataset to return in json obj...
05/07/2013 06:32:25 pm: Query has run: <CALL USP_GetPayees();>.
05/07/2013 06:32:25 pm: ... Got dataset to return in json obj
05/07/2013 06:32:25 pm: Query has run: <CALL USP_GetCategories2();>.
05/07/2013 06:32:25 pm: ... Got dataset to return in json obj
05/07/2013 10:26:54 pm: Get the dataset to return in json obj...
05/07/2013 10:26:54 pm: Get the dataset to return in json obj...
05/07/2013 10:26:54 pm: Get the dataset to return in json obj...
05/07/2013 10:26:54 pm: Get the dataset to return in json obj...
05/07/2013 10:26:54 pm: Get the dataset to return in json obj...
05/07/2013 10:26:54 pm: Query has run: <CALL USP_GetCategories();>.
05/07/2013 10:26:54 pm: ... Got dataset to return in json obj
05/07/2013 10:26:54 pm: Query has run: <CALL USP_GetPayees();>.
05/07/2013 10:26:54 pm: ... Got dataset to return in json obj
05/07/2013 10:26:54 pm: Query has run: <CALL USP_GetAccounts();>.
05/07/2013 10:26:54 pm: ... Got dataset to return in json obj
05/07/2013 10:26:54 pm: Query has run: <CALL USP_GetCategories2();>.
05/07/2013 10:26:54 pm: ... Got dataset to return in json obj
05/07/2013 10:26:54 pm: Query has run: <CALL USP_GetCurrencies();>.
05/07/2013 10:26:54 pm: ... Got dataset to return in json obj
05/07/2013 10:26:59 pm: Get the dataset to return in json obj...
05/07/2013 10:26:59 pm: Get the dataset to return in json obj...
05/07/2013 10:26:59 pm: Get the dataset to return in json obj...
05/07/2013 10:26:59 pm: Query has run: <CALL USP_GetCategories2();>.
05/07/2013 10:26:59 pm: ... Got dataset to return in json obj
05/07/2013 10:26:59 pm: Get the dataset to return in json obj...
05/07/2013 10:26:59 pm: Query has run: <CALL USP_GetCategories();>.
05/07/2013 10:26:59 pm: ... Got dataset to return in json obj
05/07/2013 10:26:59 pm: Query has run: <CALL USP_GetAccounts();>.
05/07/2013 10:26:59 pm: ... Got dataset to return in json obj
05/07/2013 10:26:59 pm: Query has run: <CALL USP_GetPayees();>.
05/07/2013 10:26:59 pm: ... Got dataset to return in json obj
05/07/2013 10:26:59 pm: Get the dataset to return in json obj...
05/07/2013 10:26:59 pm: Query has run: <CALL USP_GetCurrencies();>.
05/07/2013 10:26:59 pm: ... Got dataset to return in json obj
05/07/2013 10:27:51 pm: Amount value: -10. Preg_match_all result is <1>
05/07/2013 10:27:51 pm: Currency = <1>.
05/07/2013 10:34:13 pm: Get the dataset to return in json obj...
05/07/2013 10:34:13 pm: Get the dataset to return in json obj...
05/07/2013 10:34:13 pm: Get the dataset to return in json obj...
05/07/2013 10:34:13 pm: Get the dataset to return in json obj...
05/07/2013 10:34:13 pm: Get the dataset to return in json obj...
05/07/2013 10:34:13 pm: Query has run: <CALL USP_GetCurrencies();>.
05/07/2013 10:34:13 pm: Query has run: <CALL USP_GetAccounts();>.
05/07/2013 10:34:13 pm: ... Got dataset to return in json obj
05/07/2013 10:34:13 pm: Query has run: <CALL USP_GetPayees();>.
05/07/2013 10:34:13 pm: ... Got dataset to return in json obj
05/07/2013 10:34:13 pm: Query has run: <CALL USP_GetCategories2();>.
05/07/2013 10:34:13 pm: ... Got dataset to return in json obj
05/07/2013 10:34:13 pm: ... Got dataset to return in json obj
05/07/2013 10:34:13 pm: Query has run: <CALL USP_GetCategories();>.
05/07/2013 10:34:13 pm: ... Got dataset to return in json obj
05/07/2013 10:34:20 pm: Get the dataset to return in json obj...
05/07/2013 10:34:20 pm: Get the dataset to return in json obj...
05/07/2013 10:34:20 pm: Query has run: <CALL USP_GetAccounts();>.
05/07/2013 10:34:20 pm: Get the dataset to return in json obj...
05/07/2013 10:34:20 pm: Get the dataset to return in json obj...
05/07/2013 10:34:20 pm: Get the dataset to return in json obj...
05/07/2013 10:34:20 pm: Query has run: <CALL USP_GetCategories();>.
05/07/2013 10:34:20 pm: ... Got dataset to return in json obj
05/07/2013 10:34:20 pm: Query has run: <CALL USP_GetPayees();>.
05/07/2013 10:34:20 pm: ... Got dataset to return in json obj
05/07/2013 10:34:20 pm: Query has run: <CALL USP_GetCurrencies();>.
05/07/2013 10:34:20 pm: ... Got dataset to return in json obj
05/07/2013 10:34:20 pm: ... Got dataset to return in json obj
05/07/2013 10:34:20 pm: Query has run: <CALL USP_GetCategories2();>.
05/07/2013 10:34:20 pm: ... Got dataset to return in json obj
