03/25/2013 06:08:27 pm: Get the dataset to return in json obj...
03/25/2013 06:08:27 pm: Get the dataset to return in json obj...
03/25/2013 06:08:27 pm: Get the dataset to return in json obj...
03/25/2013 06:08:27 pm: Get the dataset to return in json obj...
03/25/2013 06:08:27 pm: Get the dataset to return in json obj...
03/25/2013 06:08:27 pm: Query has run: <CALL USP_GetCategories();>.
03/25/2013 06:08:27 pm: ... Got dataset to return in json obj
03/25/2013 06:08:27 pm: Query has run: <CALL USP_GetCurrencies();>.
03/25/2013 06:08:27 pm: ... Got dataset to return in json obj
03/25/2013 06:08:27 pm: Query has run: <CALL USP_GetCategories2();>.
03/25/2013 06:08:27 pm: Query has run: <CALL USP_GetPayees();>.
03/25/2013 06:08:27 pm: ... Got dataset to return in json obj
03/25/2013 06:08:27 pm: Query has run: <CALL USP_GetAccounts();>.
03/25/2013 06:08:27 pm: ... Got dataset to return in json obj
03/25/2013 06:08:27 pm: ... Got dataset to return in json obj
03/25/2013 06:08:48 pm: Get the dataset to return in json obj...
03/25/2013 06:08:48 pm: Query has run: <CALL USP_GetAccounts();>.
03/25/2013 06:08:48 pm: ... Got dataset to return in json obj
03/25/2013 06:08:48 pm: Get the dataset to return in json obj...
03/25/2013 06:08:48 pm: Query has run: <CALL USP_GetCategories();>.
03/25/2013 06:08:49 pm: ... Got dataset to return in json obj
03/25/2013 06:08:48 pm: Get the dataset to return in json obj...
03/25/2013 06:08:49 pm: Get the dataset to return in json obj...
03/25/2013 06:08:49 pm: Get the dataset to return in json obj...
03/25/2013 06:08:49 pm: Query has run: <CALL USP_GetCurrencies();>.
03/25/2013 06:08:49 pm: ... Got dataset to return in json obj
03/25/2013 06:08:49 pm: Query has run: <CALL USP_GetCategories2();>.
03/25/2013 06:08:49 pm: Query has run: <CALL USP_GetPayees();>.
03/25/2013 06:08:49 pm: ... Got dataset to return in json obj
03/25/2013 06:08:49 pm: ... Got dataset to return in json obj
03/25/2013 06:08:54 pm: Get the dataset to return in json obj...
03/25/2013 06:08:54 pm: Get the dataset to return in json obj...
03/25/2013 06:08:54 pm: Get the dataset to return in json obj...
03/25/2013 06:08:54 pm: Query has run: <CALL USP_GetCurrencies();>.
03/25/2013 06:08:54 pm: ... Got dataset to return in json obj
03/25/2013 06:08:54 pm: Query has run: <CALL USP_GetPayees();>.
03/25/2013 06:08:54 pm: ... Got dataset to return in json obj
03/25/2013 06:08:54 pm: Query has run: <CALL USP_GetAccounts();>.
03/25/2013 06:08:54 pm: ... Got dataset to return in json obj
03/25/2013 06:08:54 pm: Get the dataset to return in json obj...
03/25/2013 06:08:54 pm: Query has run: <CALL USP_GetCategories();>.
03/25/2013 06:08:54 pm: ... Got dataset to return in json obj
03/25/2013 06:08:54 pm: Get the dataset to return in json obj...
03/25/2013 06:08:54 pm: Query has run: <CALL USP_GetCategories2();>.
03/25/2013 06:08:54 pm: ... Got dataset to return in json obj
03/25/2013 06:08:59 pm: Get the dataset to return in json obj...
03/25/2013 06:08:59 pm: Get the dataset to return in json obj...
03/25/2013 06:08:59 pm: Query has run: <CALL USP_GetPayees();>.
03/25/2013 06:08:59 pm: ... Got dataset to return in json obj
03/25/2013 06:08:59 pm: Query has run: <CALL USP_GetAccounts();>.
03/25/2013 06:08:59 pm: ... Got dataset to return in json obj
03/25/2013 06:08:59 pm: Get the dataset to return in json obj...
03/25/2013 06:08:59 pm: Query has run: <CALL USP_GetCurrencies();>.
03/25/2013 06:08:59 pm: ... Got dataset to return in json obj
03/25/2013 06:08:59 pm: Get the dataset to return in json obj...
03/25/2013 06:08:59 pm: Query has run: <CALL USP_GetCategories2();>.
03/25/2013 06:08:59 pm: ... Got dataset to return in json obj
03/25/2013 06:08:59 pm: Get the dataset to return in json obj...
03/25/2013 06:08:59 pm: Query has run: <CALL USP_GetCategories();>.
03/25/2013 06:08:59 pm: ... Got dataset to return in json obj
03/25/2013 06:09:22 pm: Amount value: -5. Preg_match_all result is <1>
03/25/2013 06:09:22 pm: Currency = <2>.
03/25/2013 06:09:45 pm: Amount value: -10,70. Preg_match_all result is <1>
03/25/2013 06:09:45 pm: Currency = <2>.
03/25/2013 06:10:18 pm: Amount value: -1,9. Preg_match_all result is <1>
03/25/2013 06:10:18 pm: Currency = <2>.
03/25/2013 06:10:21 pm: Get the dataset to return in json obj...
03/25/2013 06:10:21 pm: Get the dataset to return in json obj...
03/25/2013 06:10:21 pm: Query has run: <CALL USP_GetCurrencies();>.
03/25/2013 06:10:21 pm: Get the dataset to return in json obj...
03/25/2013 06:10:21 pm: Query has run: <CALL USP_GetPayees();>.
03/25/2013 06:10:21 pm: ... Got dataset to return in json obj
03/25/2013 06:10:21 pm: ... Got dataset to return in json obj
03/25/2013 06:10:21 pm: Get the dataset to return in json obj...
03/25/2013 06:10:21 pm: Query has run: <CALL USP_GetCategories();>.
03/25/2013 06:10:21 pm: ... Got dataset to return in json obj
03/25/2013 06:10:21 pm: Query has run: <CALL USP_GetAccounts();>.
03/25/2013 06:10:21 pm: ... Got dataset to return in json obj
03/25/2013 06:10:21 pm: Get the dataset to return in json obj...
03/25/2013 06:10:21 pm: Query has run: <CALL USP_GetCategories2();>.
03/25/2013 06:10:21 pm: ... Got dataset to return in json obj
03/25/2013 06:10:29 pm: Get the dataset to return in json obj...
03/25/2013 06:10:29 pm: Query has run: <CALL USP_GetAccounts();>.
03/25/2013 06:10:29 pm: ... Got dataset to return in json obj
03/25/2013 06:10:29 pm: Get the dataset to return in json obj...
03/25/2013 06:10:29 pm: Get the dataset to return in json obj...
03/25/2013 06:10:29 pm: Query has run: <CALL USP_GetCurrencies();>.
03/25/2013 06:10:29 pm: ... Got dataset to return in json obj
03/25/2013 06:10:29 pm: Get the dataset to return in json obj...
03/25/2013 06:10:29 pm: Query has run: <CALL USP_GetPayees();>.
03/25/2013 06:10:29 pm: ... Got dataset to return in json obj
03/25/2013 06:10:29 pm: Query has run: <CALL USP_GetCategories();>.
03/25/2013 06:10:29 pm: ... Got dataset to return in json obj
03/25/2013 06:10:29 pm: Get the dataset to return in json obj...
03/25/2013 06:10:29 pm: Query has run: <CALL USP_GetCategories2();>.
03/25/2013 06:10:29 pm: ... Got dataset to return in json obj
03/25/2013 06:10:34 pm: Get the dataset to return in json obj...
03/25/2013 06:10:34 pm: Get the dataset to return in json obj...
03/25/2013 06:10:34 pm: Query has run: <CALL USP_GetAccounts();>.
03/25/2013 06:10:34 pm: ... Got dataset to return in json obj
03/25/2013 06:10:34 pm: Query has run: <CALL USP_GetCurrencies();>.
03/25/2013 06:10:34 pm: ... Got dataset to return in json obj
03/25/2013 06:10:34 pm: Get the dataset to return in json obj...
03/25/2013 06:10:34 pm: Get the dataset to return in json obj...
03/25/2013 06:10:34 pm: Query has run: <CALL USP_GetPayees();>.
03/25/2013 06:10:34 pm: ... Got dataset to return in json obj
03/25/2013 06:10:34 pm: Query has run: <CALL USP_GetCategories2();>.
03/25/2013 06:10:34 pm: ... Got dataset to return in json obj
03/25/2013 06:10:34 pm: Get the dataset to return in json obj...
03/25/2013 06:10:34 pm: Query has run: <CALL USP_GetCategories();>.
03/25/2013 06:10:34 pm: ... Got dataset to return in json obj
