04/24/2013 09:39:07 pm: Get the dataset to return in json obj...
04/24/2013 09:39:07 pm: Get the dataset to return in json obj...
04/24/2013 09:39:07 pm: Query has run: <CALL USP_GetCurrencies();>.
04/24/2013 09:39:07 pm: ... Got dataset to return in json obj
04/24/2013 09:39:07 pm: Query has run: <CALL USP_GetAccounts();>.
04/24/2013 09:39:07 pm: ... Got dataset to return in json obj
04/24/2013 09:39:07 pm: Get the dataset to return in json obj...
04/24/2013 09:39:07 pm: Get the dataset to return in json obj...
04/24/2013 09:39:07 pm: Query has run: <CALL USP_GetCategories();>.
04/24/2013 09:39:07 pm: ... Got dataset to return in json obj
04/24/2013 09:39:07 pm: Query has run: <CALL USP_GetPayees();>.
04/24/2013 09:39:07 pm: ... Got dataset to return in json obj
04/24/2013 09:39:07 pm: Get the dataset to return in json obj...
04/24/2013 09:39:07 pm: Query has run: <CALL USP_GetCategories2();>.
04/24/2013 09:39:07 pm: ... Got dataset to return in json obj
04/24/2013 09:40:09 pm: Get the dataset to return in json obj...
04/24/2013 09:40:09 pm: Get the dataset to return in json obj...
04/24/2013 09:40:09 pm: Query has run: <CALL USP_GetPayees();>.
04/24/2013 09:40:09 pm: ... Got dataset to return in json obj
04/24/2013 09:40:09 pm: Query has run: <CALL USP_GetAccounts();>.
04/24/2013 09:40:09 pm: ... Got dataset to return in json obj
04/24/2013 09:40:09 pm: Get the dataset to return in json obj...
04/24/2013 09:40:09 pm: Query has run: <CALL USP_GetCurrencies();>.
04/24/2013 09:40:09 pm: ... Got dataset to return in json obj
04/24/2013 09:40:09 pm: Get the dataset to return in json obj...
04/24/2013 09:40:09 pm: Query has run: <CALL USP_GetCategories();>.
04/24/2013 09:40:09 pm: ... Got dataset to return in json obj
04/24/2013 09:40:09 pm: Get the dataset to return in json obj...
04/24/2013 09:40:09 pm: Query has run: <CALL USP_GetCategories2();>.
04/24/2013 09:40:09 pm: ... Got dataset to return in json obj
04/24/2013 09:41:15 pm: Get the dataset to return in json obj...
04/24/2013 09:41:15 pm: Query has run: <CALL USP_GetAccounts();>.
04/24/2013 09:41:15 pm: ... Got dataset to return in json obj
04/24/2013 09:41:15 pm: Get the dataset to return in json obj...
04/24/2013 09:41:15 pm: Get the dataset to return in json obj...
04/24/2013 09:41:15 pm: Query has run: <CALL USP_GetCurrencies();>.
04/24/2013 09:41:15 pm: ... Got dataset to return in json obj
04/24/2013 09:41:15 pm: Query has run: <CALL USP_GetPayees();>.
04/24/2013 09:41:15 pm: ... Got dataset to return in json obj
04/24/2013 09:41:15 pm: Get the dataset to return in json obj...
04/24/2013 09:41:15 pm: Get the dataset to return in json obj...
04/24/2013 09:41:15 pm: Query has run: <CALL USP_GetCategories();>.
04/24/2013 09:41:15 pm: ... Got dataset to return in json obj
04/24/2013 09:41:15 pm: Query has run: <CALL USP_GetCategories2();>.
04/24/2013 09:41:15 pm: ... Got dataset to return in json obj
