04/14/2013 11:21:34 am: Get the dataset to return in json obj...
04/14/2013 11:21:34 am: Get the dataset to return in json obj...
04/14/2013 11:21:34 am: Query has run: <CALL USP_GetCurrencies();>.
04/14/2013 11:21:34 am: ... Got dataset to return in json obj
04/14/2013 11:21:34 am: Query has run: <CALL USP_GetAccounts();>.
04/14/2013 11:21:34 am: ... Got dataset to return in json obj
04/14/2013 11:21:35 am: Get the dataset to return in json obj...
04/14/2013 11:21:35 am: Get the dataset to return in json obj...
04/14/2013 11:21:35 am: Query has run: <CALL USP_GetCategories();>.
04/14/2013 11:21:35 am: ... Got dataset to return in json obj
04/14/2013 11:21:35 am: Query has run: <CALL USP_GetPayees();>.
04/14/2013 11:21:35 am: ... Got dataset to return in json obj
04/14/2013 11:21:36 am: Get the dataset to return in json obj...
04/14/2013 11:21:36 am: Query has run: <CALL USP_GetCategories2();>.
04/14/2013 11:21:36 am: ... Got dataset to return in json obj
04/14/2013 11:21:50 am: Get the dataset to return in json obj...
04/14/2013 11:21:50 am: Query has run: <CALL USP_GetAccounts();>.
04/14/2013 11:21:50 am: ... Got dataset to return in json obj
04/14/2013 11:21:50 am: Get the dataset to return in json obj...
04/14/2013 11:21:50 am: Query has run: <CALL USP_GetCategories2();>.
04/14/2013 11:21:50 am: ... Got dataset to return in json obj
04/14/2013 11:21:50 am: Get the dataset to return in json obj...
04/14/2013 11:21:50 am: Get the dataset to return in json obj...
04/14/2013 11:21:50 am: Get the dataset to return in json obj...
04/14/2013 11:21:50 am: Query has run: <CALL USP_GetCategories();>.
04/14/2013 11:21:50 am: ... Got dataset to return in json obj
04/14/2013 11:21:50 am: Query has run: <CALL USP_GetCurrencies();>.
04/14/2013 11:21:50 am: ... Got dataset to return in json obj
04/14/2013 11:21:50 am: Query has run: <CALL USP_GetPayees();>.
04/14/2013 11:21:50 am: ... Got dataset to return in json obj
04/14/2013 11:21:51 am: Get the dataset to return in json obj...
04/14/2013 11:21:51 am: Query has run: <CALL USP_GetAccounts();>.
04/14/2013 11:21:51 am: ... Got dataset to return in json obj
04/14/2013 11:21:51 am: Get the dataset to return in json obj...
04/14/2013 11:21:51 am: Get the dataset to return in json obj...
04/14/2013 11:21:51 am: Query has run: <CALL USP_GetCategories();>.
04/14/2013 11:21:51 am: ... Got dataset to return in json obj
04/14/2013 11:21:51 am: Query has run: <CALL USP_GetPayees();>.
04/14/2013 11:21:51 am: ... Got dataset to return in json obj
04/14/2013 11:21:51 am: Get the dataset to return in json obj...
04/14/2013 11:21:51 am: Query has run: <CALL USP_GetCategories2();>.
04/14/2013 11:21:51 am: ... Got dataset to return in json obj
04/14/2013 11:21:51 am: Get the dataset to return in json obj...
04/14/2013 11:21:51 am: Query has run: <CALL USP_GetCurrencies();>.
04/14/2013 11:21:51 am: ... Got dataset to return in json obj
04/14/2013 11:21:52 am: Currency = <1>.
04/14/2013 11:22:25 am: Get the dataset to return in json obj...
04/14/2013 11:22:25 am: Get the dataset to return in json obj...
04/14/2013 11:22:25 am: Get the dataset to return in json obj...
04/14/2013 11:22:25 am: Get the dataset to return in json obj...
04/14/2013 11:22:25 am: Query has run: <CALL USP_GetCurrencies();>.
04/14/2013 11:22:25 am: ... Got dataset to return in json obj
04/14/2013 11:22:25 am: Query has run: <CALL USP_GetAccounts();>.
04/14/2013 11:22:25 am: ... Got dataset to return in json obj
04/14/2013 11:22:25 am: Query has run: <CALL USP_GetCategories();>.
04/14/2013 11:22:25 am: ... Got dataset to return in json obj
04/14/2013 11:22:25 am: Query has run: <CALL USP_GetPayees();>.
04/14/2013 11:22:25 am: ... Got dataset to return in json obj
04/14/2013 11:22:25 am: Get the dataset to return in json obj...
04/14/2013 11:22:25 am: Query has run: <CALL USP_GetCategories2();>.
04/14/2013 11:22:25 am: ... Got dataset to return in json obj
04/14/2013 02:50:11 pm: Amount value: 60. Preg_match_all result is <1>
04/14/2013 02:50:11 pm: Currency = <1>.
04/14/2013 02:55:21 pm: Get the dataset to return in json obj...
04/14/2013 02:55:21 pm: Get the dataset to return in json obj...
04/14/2013 02:55:21 pm: Query has run: <CALL USP_GetAccounts();>.
04/14/2013 02:55:21 pm: ... Got dataset to return in json obj
04/14/2013 02:55:21 pm: Query has run: <CALL USP_GetCurrencies();>.
04/14/2013 02:55:21 pm: ... Got dataset to return in json obj
04/14/2013 02:55:21 pm: Get the dataset to return in json obj...
04/14/2013 02:55:21 pm: Get the dataset to return in json obj...
04/14/2013 02:55:21 pm: Query has run: <CALL USP_GetPayees();>.
04/14/2013 02:55:21 pm: ... Got dataset to return in json obj
04/14/2013 02:55:21 pm: Query has run: <CALL USP_GetCategories2();>.
04/14/2013 02:55:21 pm: ... Got dataset to return in json obj
04/14/2013 02:55:21 pm: Get the dataset to return in json obj...
04/14/2013 02:55:21 pm: Query has run: <CALL USP_GetCategories();>.
04/14/2013 02:55:21 pm: ... Got dataset to return in json obj
04/14/2013 02:57:00 pm: Get the dataset to return in json obj...
04/14/2013 02:57:00 pm: Get the dataset to return in json obj...
04/14/2013 02:57:00 pm: Get the dataset to return in json obj...
04/14/2013 02:57:00 pm: Query has run: <CALL USP_GetAccounts();>.
04/14/2013 02:57:00 pm: ... Got dataset to return in json obj
04/14/2013 02:57:00 pm: Query has run: <CALL USP_GetCurrencies();>.
04/14/2013 02:57:00 pm: ... Got dataset to return in json obj
04/14/2013 02:57:00 pm: Get the dataset to return in json obj...
04/14/2013 02:57:00 pm: Query has run: <CALL USP_GetCategories();>.
04/14/2013 02:57:00 pm: ... Got dataset to return in json obj
04/14/2013 02:57:00 pm: Get the dataset to return in json obj...
04/14/2013 02:57:00 pm: Query has run: <CALL USP_GetPayees();>.
04/14/2013 02:57:00 pm: ... Got dataset to return in json obj
04/14/2013 02:57:00 pm: Query has run: <CALL USP_GetCategories2();>.
04/14/2013 02:57:00 pm: ... Got dataset to return in json obj
