06/13/2013 06:35:16 pm: Get the dataset to return in json obj...
06/13/2013 06:35:16 pm: Query has run: <CALL USP_GetCategories2();>.
06/13/2013 06:35:16 pm: ... Got dataset to return in json obj
06/13/2013 06:35:16 pm: Get the dataset to return in json obj...
06/13/2013 06:35:16 pm: Get the dataset to return in json obj...
06/13/2013 06:35:16 pm: Get the dataset to return in json obj...
06/13/2013 06:35:16 pm: Query has run: <CALL USP_GetAccounts();>.
06/13/2013 06:35:16 pm: Get the dataset to return in json obj...
06/13/2013 06:35:16 pm: ... Got dataset to return in json obj
06/13/2013 06:35:16 pm: Query has run: <CALL USP_GetCurrencies();>.
06/13/2013 06:35:16 pm: Query has run: <CALL USP_GetPayees();>.
06/13/2013 06:35:16 pm: ... Got dataset to return in json obj
06/13/2013 06:35:16 pm: ... Got dataset to return in json obj
06/13/2013 06:35:16 pm: Query has run: <CALL USP_GetCategories();>.
06/13/2013 06:35:16 pm: ... Got dataset to return in json obj
06/13/2013 06:35:28 pm: Get the dataset to return in json obj...
06/13/2013 06:35:28 pm: Query has run: <CALL USP_GetAccounts();>.
06/13/2013 06:35:28 pm: ... Got dataset to return in json obj
06/13/2013 06:35:28 pm: Get the dataset to return in json obj...
06/13/2013 06:35:28 pm: Get the dataset to return in json obj...
06/13/2013 06:35:28 pm: Query has run: <CALL USP_GetCategories2();>.
06/13/2013 06:35:28 pm: ... Got dataset to return in json obj
06/13/2013 06:35:28 pm: Get the dataset to return in json obj...
06/13/2013 06:35:28 pm: Get the dataset to return in json obj...
06/13/2013 06:35:28 pm: Query has run: <CALL USP_GetPayees();>.
06/13/2013 06:35:28 pm: ... Got dataset to return in json obj
06/13/2013 06:35:28 pm: Query has run: <CALL USP_GetCurrencies();>.
06/13/2013 06:35:28 pm: Query has run: <CALL USP_GetCategories();>.
06/13/2013 06:35:28 pm: ... Got dataset to return in json obj
06/13/2013 06:35:28 pm: ... Got dataset to return in json obj
06/13/2013 10:35:48 pm: Get the dataset to return in json obj...
06/13/2013 10:35:48 pm: Get the dataset to return in json obj...
06/13/2013 10:35:48 pm: Query has run: <CALL USP_GetCurrencies();>.
06/13/2013 10:35:48 pm: ... Got dataset to return in json obj
06/13/2013 10:35:48 pm: Get the dataset to return in json obj...
06/13/2013 10:35:48 pm: Get the dataset to return in json obj...
06/13/2013 10:35:48 pm: Get the dataset to return in json obj...
06/13/2013 10:35:48 pm: Query has run: <CALL USP_GetPayees();>.
06/13/2013 10:35:48 pm: ... Got dataset to return in json obj
06/13/2013 10:35:48 pm: Query has run: <CALL USP_GetAccounts();>.
06/13/2013 10:35:48 pm: ... Got dataset to return in json obj
06/13/2013 10:35:48 pm: Query has run: <CALL USP_GetCategories2();>.
06/13/2013 10:35:48 pm: ... Got dataset to return in json obj
06/13/2013 10:35:48 pm: Query has run: <CALL USP_GetCategories();>.
06/13/2013 10:35:48 pm: ... Got dataset to return in json obj
06/13/2013 10:36:14 pm: Amount value: -1,65. Preg_match_all result is <1>
06/13/2013 10:36:14 pm: Currency = <1>.
06/13/2013 10:36:33 pm: Amount value: -,9. Preg_match_all result is <1>
06/13/2013 10:36:33 pm: Currency = <1>.
06/13/2013 10:37:05 pm: Get the dataset to return in json obj...
06/13/2013 10:37:05 pm: Get the dataset to return in json obj...
06/13/2013 10:37:05 pm: Get the dataset to return in json obj...
06/13/2013 10:37:05 pm: Query has run: <CALL USP_GetAccounts();>.
06/13/2013 10:37:05 pm: ... Got dataset to return in json obj
06/13/2013 10:37:05 pm: Get the dataset to return in json obj...
06/13/2013 10:37:05 pm: Query has run: <CALL USP_GetCurrencies();>.
06/13/2013 10:37:05 pm: ... Got dataset to return in json obj
06/13/2013 10:37:05 pm: Query has run: <CALL USP_GetCategories();>.
06/13/2013 10:37:05 pm: ... Got dataset to return in json obj
06/13/2013 10:37:05 pm: Query has run: <CALL USP_GetPayees();>.
06/13/2013 10:37:05 pm: ... Got dataset to return in json obj
06/13/2013 10:37:05 pm: Get the dataset to return in json obj...
06/13/2013 10:37:05 pm: Query has run: <CALL USP_GetCategories2();>.
06/13/2013 10:37:05 pm: ... Got dataset to return in json obj
06/13/2013 10:37:10 pm: Get the dataset to return in json obj...
06/13/2013 10:37:10 pm: Query has run: <CALL USP_GetAccounts();>.
06/13/2013 10:37:10 pm: ... Got dataset to return in json obj
06/13/2013 10:37:10 pm: Get the dataset to return in json obj...
06/13/2013 10:37:10 pm: Get the dataset to return in json obj...
06/13/2013 10:37:10 pm: Get the dataset to return in json obj...
06/13/2013 10:37:10 pm: Query has run: <CALL USP_GetCategories();>.
06/13/2013 10:37:10 pm: ... Got dataset to return in json obj
06/13/2013 10:37:10 pm: Query has run: <CALL USP_GetCurrencies();>.
06/13/2013 10:37:10 pm: ... Got dataset to return in json obj
06/13/2013 10:37:10 pm: Get the dataset to return in json obj...
06/13/2013 10:37:10 pm: Query has run: <CALL USP_GetPayees();>.
06/13/2013 10:37:10 pm: ... Got dataset to return in json obj
06/13/2013 10:37:10 pm: Query has run: <CALL USP_GetCategories2();>.
06/13/2013 10:37:10 pm: ... Got dataset to return in json obj
06/13/2013 10:37:24 pm: Amount value: -212,32. Preg_match_all result is <1>
06/13/2013 10:37:24 pm: Currency = <1>.
06/13/2013 10:37:28 pm: Get the dataset to return in json obj...
06/13/2013 10:37:28 pm: Query has run: <CALL USP_GetAccounts();>.
06/13/2013 10:37:28 pm: ... Got dataset to return in json obj
06/13/2013 10:37:28 pm: Get the dataset to return in json obj...
06/13/2013 10:37:28 pm: Get the dataset to return in json obj...
06/13/2013 10:37:28 pm: Get the dataset to return in json obj...
06/13/2013 10:37:28 pm: Get the dataset to return in json obj...
06/13/2013 10:37:28 pm: Query has run: <CALL USP_GetCategories();>.
06/13/2013 10:37:28 pm: ... Got dataset to return in json obj
06/13/2013 10:37:28 pm: Query has run: <CALL USP_GetCurrencies();>.
06/13/2013 10:37:28 pm: ... Got dataset to return in json obj
06/13/2013 10:37:28 pm: Query has run: <CALL USP_GetPayees();>.
06/13/2013 10:37:28 pm: ... Got dataset to return in json obj
06/13/2013 10:37:28 pm: Query has run: <CALL USP_GetCategories2();>.
06/13/2013 10:37:28 pm: ... Got dataset to return in json obj
06/13/2013 10:38:29 pm: Get the dataset to return in json obj...
06/13/2013 10:38:29 pm: Get the dataset to return in json obj...
06/13/2013 10:38:29 pm: Get the dataset to return in json obj...
06/13/2013 10:38:29 pm: Query has run: <CALL USP_GetAccounts();>.
06/13/2013 10:38:29 pm: ... Got dataset to return in json obj
06/13/2013 10:38:29 pm: Query has run: <CALL USP_GetCurrencies();>.
06/13/2013 10:38:29 pm: ... Got dataset to return in json obj
06/13/2013 10:38:29 pm: Query has run: <CALL USP_GetPayees();>.
06/13/2013 10:38:29 pm: ... Got dataset to return in json obj
06/13/2013 10:38:29 pm: Get the dataset to return in json obj...
06/13/2013 10:38:29 pm: Get the dataset to return in json obj...
06/13/2013 10:38:29 pm: Query has run: <CALL USP_GetCategories();>.
06/13/2013 10:38:29 pm: ... Got dataset to return in json obj
06/13/2013 10:38:29 pm: Query has run: <CALL USP_GetCategories2();>.
06/13/2013 10:38:29 pm: ... Got dataset to return in json obj
06/13/2013 10:39:12 pm: Amount value: -256,98. Preg_match_all result is <1>
06/13/2013 10:39:12 pm: Currency = <1>.
06/13/2013 10:39:17 pm: Get the dataset to return in json obj...
06/13/2013 10:39:17 pm: Get the dataset to return in json obj...
06/13/2013 10:39:17 pm: Get the dataset to return in json obj...
06/13/2013 10:39:17 pm: Query has run: <CALL USP_GetPayees();>.
06/13/2013 10:39:17 pm: ... Got dataset to return in json obj
06/13/2013 10:39:17 pm: Get the dataset to return in json obj...
06/13/2013 10:39:17 pm: Get the dataset to return in json obj...
06/13/2013 10:39:17 pm: Query has run: <CALL USP_GetAccounts();>.
06/13/2013 10:39:17 pm: ... Got dataset to return in json obj
06/13/2013 10:39:17 pm: Query has run: <CALL USP_GetCurrencies();>.
06/13/2013 10:39:17 pm: ... Got dataset to return in json obj
06/13/2013 10:39:17 pm: Query has run: <CALL USP_GetCategories2();>.
06/13/2013 10:39:17 pm: ... Got dataset to return in json obj
06/13/2013 10:39:17 pm: Query has run: <CALL USP_GetCategories();>.
06/13/2013 10:39:17 pm: ... Got dataset to return in json obj
