02/01/2013 04:54:58 pm: Get the dataset to return in json obj...
02/01/2013 04:54:58 pm: Get the dataset to return in json obj...
02/01/2013 04:54:58 pm: Get the dataset to return in json obj...
02/01/2013 04:54:58 pm: Get the dataset to return in json obj...
02/01/2013 04:54:58 pm: Get the dataset to return in json obj...
02/01/2013 04:54:58 pm: Query has run: <CALL USP_GetPayees();>.
02/01/2013 04:54:58 pm: ... Got dataset to return in json obj
02/01/2013 04:54:58 pm: Query has run: <CALL USP_GetCategories();>.
02/01/2013 04:54:58 pm: ... Got dataset to return in json obj
02/01/2013 04:54:58 pm: Query has run: <CALL USP_GetCurrencies();>.
02/01/2013 04:54:58 pm: ... Got dataset to return in json obj
02/01/2013 04:54:58 pm: Query has run: <CALL USP_GetAccounts();>.
02/01/2013 04:54:58 pm: ... Got dataset to return in json obj
02/01/2013 04:54:58 pm: Query has run: <CALL USP_GetCategories2();>.
02/01/2013 04:54:58 pm: ... Got dataset to return in json obj
02/01/2013 07:41:58 pm: Get the dataset to return in json obj...
02/01/2013 07:41:58 pm: Get the dataset to return in json obj...
02/01/2013 07:41:58 pm: Query has run: <CALL USP_GetAccounts();>.
02/01/2013 07:41:58 pm: ... Got dataset to return in json obj
02/01/2013 07:41:58 pm: Query has run: <CALL USP_GetCategories2();>.
02/01/2013 07:41:58 pm: ... Got dataset to return in json obj
02/01/2013 07:41:58 pm: Get the dataset to return in json obj...
02/01/2013 07:41:58 pm: Get the dataset to return in json obj...
02/01/2013 07:41:58 pm: Get the dataset to return in json obj...
02/01/2013 07:41:58 pm: Query has run: <CALL USP_GetCurrencies();>.
02/01/2013 07:41:58 pm: ... Got dataset to return in json obj
02/01/2013 07:41:58 pm: Query has run: <CALL USP_GetPayees();>.
02/01/2013 07:41:58 pm: ... Got dataset to return in json obj
02/01/2013 07:41:58 pm: Query has run: <CALL USP_GetCategories();>.
02/01/2013 07:41:58 pm: ... Got dataset to return in json obj
02/01/2013 07:42:31 pm: Amount value: -5. Preg_match_all result is <1>
02/01/2013 07:42:32 pm: Currency = <1>.
02/01/2013 07:43:15 pm: Amount value: -61,03. Preg_match_all result is <1>
02/01/2013 07:43:15 pm: Currency = <1>.
02/01/2013 07:43:20 pm: Get the dataset to return in json obj...
02/01/2013 07:43:20 pm: Query has run: <CALL USP_GetAccounts();>.
02/01/2013 07:43:20 pm: ... Got dataset to return in json obj
02/01/2013 07:43:20 pm: Get the dataset to return in json obj...
02/01/2013 07:43:20 pm: Get the dataset to return in json obj...
02/01/2013 07:43:20 pm: Query has run: <CALL USP_GetCurrencies();>.
02/01/2013 07:43:20 pm: ... Got dataset to return in json obj
02/01/2013 07:43:20 pm: Get the dataset to return in json obj...
02/01/2013 07:43:20 pm: Query has run: <CALL USP_GetPayees();>.
02/01/2013 07:43:20 pm: ... Got dataset to return in json obj
02/01/2013 07:43:20 pm: Query has run: <CALL USP_GetCategories2();>.
02/01/2013 07:43:20 pm: ... Got dataset to return in json obj
02/01/2013 07:43:20 pm: Get the dataset to return in json obj...
02/01/2013 07:43:20 pm: Query has run: <CALL USP_GetCategories();>.
02/01/2013 07:43:20 pm: ... Got dataset to return in json obj
02/01/2013 07:44:59 pm: Get the dataset to return in json obj...
02/01/2013 07:44:59 pm: Get the dataset to return in json obj...
02/01/2013 07:44:59 pm: Get the dataset to return in json obj...
02/01/2013 07:44:59 pm: Query has run: <CALL USP_GetCurrencies();>.
02/01/2013 07:44:59 pm: Query has run: <CALL USP_GetAccounts();>.
02/01/2013 07:44:59 pm: ... Got dataset to return in json obj
02/01/2013 07:44:59 pm: ... Got dataset to return in json obj
02/01/2013 07:44:59 pm: Get the dataset to return in json obj...
02/01/2013 07:44:59 pm: Query has run: <CALL USP_GetPayees();>.
02/01/2013 07:44:59 pm: ... Got dataset to return in json obj
02/01/2013 07:44:59 pm: Query has run: <CALL USP_GetCategories();>.
02/01/2013 07:44:59 pm: ... Got dataset to return in json obj
02/01/2013 07:44:59 pm: Get the dataset to return in json obj...
02/01/2013 07:44:59 pm: Query has run: <CALL USP_GetCategories2();>.
02/01/2013 07:44:59 pm: ... Got dataset to return in json obj
02/01/2013 07:45:29 pm: Get the dataset to return in json obj...
02/01/2013 07:45:29 pm: Get the dataset to return in json obj...
02/01/2013 07:45:29 pm: Query has run: <CALL USP_GetPayees();>.
02/01/2013 07:45:29 pm: Get the dataset to return in json obj...
02/01/2013 07:45:29 pm: ... Got dataset to return in json obj
02/01/2013 07:45:29 pm: Query has run: <CALL USP_GetAccounts();>.
02/01/2013 07:45:29 pm: ... Got dataset to return in json obj
02/01/2013 07:45:29 pm: Query has run: <CALL USP_GetCategories();>.
02/01/2013 07:45:29 pm: ... Got dataset to return in json obj
02/01/2013 07:45:29 pm: Get the dataset to return in json obj...
02/01/2013 07:45:29 pm: Query has run: <CALL USP_GetCurrencies();>.
02/01/2013 07:45:29 pm: ... Got dataset to return in json obj
02/01/2013 07:45:29 pm: Get the dataset to return in json obj...
02/01/2013 07:45:29 pm: Query has run: <CALL USP_GetCategories2();>.
02/01/2013 07:45:29 pm: ... Got dataset to return in json obj
