05/26/2013 07:28:15 am: Get the dataset to return in json obj...
05/26/2013 07:28:15 am: Get the dataset to return in json obj...
05/26/2013 07:28:15 am: Query has run: <CALL USP_GetCurrencies();>.
05/26/2013 07:28:15 am: ... Got dataset to return in json obj
05/26/2013 07:28:15 am: Query has run: <CALL USP_GetAccounts();>.
05/26/2013 07:28:15 am: ... Got dataset to return in json obj
05/26/2013 07:28:15 am: Get the dataset to return in json obj...
05/26/2013 07:28:15 am: Query has run: <CALL USP_GetPayees();>.
05/26/2013 07:28:15 am: ... Got dataset to return in json obj
05/26/2013 07:28:16 am: Get the dataset to return in json obj...
05/26/2013 07:28:16 am: Get the dataset to return in json obj...
05/26/2013 07:28:16 am: Query has run: <CALL USP_GetCategories();>.
05/26/2013 07:28:16 am: ... Got dataset to return in json obj
05/26/2013 07:28:16 am: Query has run: <CALL USP_GetCategories2();>.
05/26/2013 07:28:16 am: ... Got dataset to return in json obj
05/26/2013 07:28:25 am: Get the dataset to return in json obj...
05/26/2013 07:28:25 am: Get the dataset to return in json obj...
05/26/2013 07:28:25 am: Query has run: <CALL USP_GetCategories2();>.
05/26/2013 07:28:25 am: ... Got dataset to return in json obj
05/26/2013 07:28:25 am: Query has run: <CALL USP_GetCategories();>.
05/26/2013 07:28:25 am: ... Got dataset to return in json obj
05/26/2013 07:28:25 am: Get the dataset to return in json obj...
05/26/2013 07:28:25 am: Get the dataset to return in json obj...
05/26/2013 07:28:25 am: Get the dataset to return in json obj...
05/26/2013 07:28:26 am: Query has run: <CALL USP_GetAccounts();>.
05/26/2013 07:28:26 am: ... Got dataset to return in json obj
05/26/2013 07:28:26 am: Query has run: <CALL USP_GetCurrencies();>.
05/26/2013 07:28:26 am: ... Got dataset to return in json obj
05/26/2013 07:28:26 am: Query has run: <CALL USP_GetPayees();>.
05/26/2013 07:28:26 am: ... Got dataset to return in json obj
05/26/2013 11:14:48 am: Get the dataset to return in json obj...
05/26/2013 11:14:48 am: Get the dataset to return in json obj...
05/26/2013 11:14:48 am: Query has run: <CALL USP_GetAccounts();>.
05/26/2013 11:14:48 am: ... Got dataset to return in json obj
05/26/2013 11:14:48 am: Query has run: <CALL USP_GetCurrencies();>.
05/26/2013 11:14:48 am: ... Got dataset to return in json obj
05/26/2013 11:14:48 am: Get the dataset to return in json obj...
05/26/2013 11:14:48 am: Get the dataset to return in json obj...
05/26/2013 11:14:48 am: Query has run: <CALL USP_GetPayees();>.
05/26/2013 11:14:48 am: ... Got dataset to return in json obj
05/26/2013 11:14:48 am: Query has run: <CALL USP_GetCategories();>.
05/26/2013 11:14:48 am: ... Got dataset to return in json obj
05/26/2013 11:14:49 am: Get the dataset to return in json obj...
05/26/2013 11:14:49 am: Query has run: <CALL USP_GetCategories2();>.
05/26/2013 11:14:49 am: ... Got dataset to return in json obj
05/26/2013 11:15:00 am: Get the dataset to return in json obj...
05/26/2013 11:15:00 am: Get the dataset to return in json obj...
05/26/2013 11:15:00 am: Get the dataset to return in json obj...
05/26/2013 11:15:00 am: Get the dataset to return in json obj...
05/26/2013 11:15:00 am: Query has run: <CALL USP_GetCurrencies();>.
05/26/2013 11:15:00 am: ... Got dataset to return in json obj
05/26/2013 11:15:00 am: Query has run: <CALL USP_GetCategories();>.
05/26/2013 11:15:00 am: ... Got dataset to return in json obj
05/26/2013 11:15:00 am: Query has run: <CALL USP_GetAccounts();>.
05/26/2013 11:15:00 am: ... Got dataset to return in json obj
05/26/2013 11:15:00 am: Query has run: <CALL USP_GetCategories2();>.
05/26/2013 11:15:00 am: ... Got dataset to return in json obj
05/26/2013 11:15:00 am: Get the dataset to return in json obj...
05/26/2013 11:15:00 am: Query has run: <CALL USP_GetPayees();>.
05/26/2013 11:15:00 am: ... Got dataset to return in json obj
05/26/2013 12:08:51 pm: Get the dataset to return in json obj...
05/26/2013 12:08:51 pm: Get the dataset to return in json obj...
05/26/2013 12:08:51 pm: Query has run: <CALL USP_GetCurrencies();>.
05/26/2013 12:08:51 pm: ... Got dataset to return in json obj
05/26/2013 12:08:51 pm: Query has run: <CALL USP_GetAccounts();>.
05/26/2013 12:08:51 pm: ... Got dataset to return in json obj
05/26/2013 12:08:51 pm: Get the dataset to return in json obj...
05/26/2013 12:08:51 pm: Get the dataset to return in json obj...
05/26/2013 12:08:51 pm: Query has run: <CALL USP_GetCategories();>.
05/26/2013 12:08:51 pm: ... Got dataset to return in json obj
05/26/2013 12:08:51 pm: Query has run: <CALL USP_GetPayees();>.
05/26/2013 12:08:51 pm: ... Got dataset to return in json obj
05/26/2013 12:08:51 pm: Get the dataset to return in json obj...
05/26/2013 12:08:51 pm: Query has run: <CALL USP_GetCategories2();>.
05/26/2013 12:08:51 pm: ... Got dataset to return in json obj
05/26/2013 12:08:56 pm: Get the dataset to return in json obj...
05/26/2013 12:08:56 pm: Get the dataset to return in json obj...
05/26/2013 12:08:56 pm: Query has run: <CALL USP_GetCurrencies();>.
05/26/2013 12:08:56 pm: ... Got dataset to return in json obj
05/26/2013 12:08:56 pm: Get the dataset to return in json obj...
05/26/2013 12:08:56 pm: Get the dataset to return in json obj...
05/26/2013 12:08:56 pm: Get the dataset to return in json obj...
05/26/2013 12:08:56 pm: Query has run: <CALL USP_GetCategories2();>.
05/26/2013 12:08:56 pm: ... Got dataset to return in json obj
05/26/2013 12:08:56 pm: Query has run: <CALL USP_GetPayees();>.
05/26/2013 12:08:56 pm: ... Got dataset to return in json obj
05/26/2013 12:08:56 pm: Query has run: <CALL USP_GetAccounts();>.
05/26/2013 12:08:56 pm: ... Got dataset to return in json obj
05/26/2013 12:08:56 pm: Query has run: <CALL USP_GetCategories();>.
05/26/2013 12:08:56 pm: ... Got dataset to return in json obj
05/26/2013 05:06:12 pm: Get the dataset to return in json obj...
05/26/2013 05:06:12 pm: Get the dataset to return in json obj...
05/26/2013 05:06:12 pm: Get the dataset to return in json obj...
05/26/2013 05:06:12 pm: Query has run: <CALL USP_GetAccounts();>.
05/26/2013 05:06:12 pm: ... Got dataset to return in json obj
05/26/2013 05:06:12 pm: Query has run: <CALL USP_GetPayees();>.
05/26/2013 05:06:12 pm: ... Got dataset to return in json obj
05/26/2013 05:06:12 pm: Get the dataset to return in json obj...
05/26/2013 05:06:12 pm: Get the dataset to return in json obj...
05/26/2013 05:06:12 pm: Query has run: <CALL USP_GetCategories();>.
05/26/2013 05:06:12 pm: ... Got dataset to return in json obj
05/26/2013 05:06:12 pm: Query has run: <CALL USP_GetCurrencies();>.
05/26/2013 05:06:12 pm: ... Got dataset to return in json obj
05/26/2013 05:06:12 pm: Query has run: <CALL USP_GetCategories2();>.
05/26/2013 05:06:12 pm: ... Got dataset to return in json obj
05/26/2013 05:06:47 pm: Amount value: -7,76. Preg_match_all result is <1>
05/26/2013 05:06:47 pm: Currency = <1>.
05/26/2013 05:06:57 pm: Amount value: -16,16. Preg_match_all result is <1>
05/26/2013 05:06:57 pm: Currency = <1>.
05/26/2013 05:07:05 pm: Get the dataset to return in json obj...
05/26/2013 05:07:05 pm: Get the dataset to return in json obj...
05/26/2013 05:07:05 pm: Query has run: <CALL USP_GetAccounts();>.
05/26/2013 05:07:05 pm: ... Got dataset to return in json obj
05/26/2013 05:07:05 pm: Get the dataset to return in json obj...
05/26/2013 05:07:05 pm: Query has run: <CALL USP_GetCurrencies();>.
05/26/2013 05:07:05 pm: ... Got dataset to return in json obj
05/26/2013 05:07:05 pm: Get the dataset to return in json obj...
05/26/2013 05:07:05 pm: Get the dataset to return in json obj...
05/26/2013 05:07:05 pm: Query has run: <CALL USP_GetPayees();>.
05/26/2013 05:07:05 pm: ... Got dataset to return in json obj
05/26/2013 05:07:05 pm: Query has run: <CALL USP_GetCategories();>.
05/26/2013 05:07:05 pm: ... Got dataset to return in json obj
05/26/2013 05:07:05 pm: Query has run: <CALL USP_GetCategories2();>.
05/26/2013 05:07:05 pm: ... Got dataset to return in json obj
05/26/2013 05:12:52 pm: Get the dataset to return in json obj...
05/26/2013 05:12:52 pm: Get the dataset to return in json obj...
05/26/2013 05:12:52 pm: Query has run: <CALL USP_GetCurrencies();>.
05/26/2013 05:12:52 pm: ... Got dataset to return in json obj
05/26/2013 05:12:52 pm: Get the dataset to return in json obj...
05/26/2013 05:12:52 pm: Get the dataset to return in json obj...
05/26/2013 05:12:52 pm: Query has run: <CALL USP_GetPayees();>.
05/26/2013 05:12:52 pm: ... Got dataset to return in json obj
05/26/2013 05:12:52 pm: Query has run: <CALL USP_GetCategories();>.
05/26/2013 05:12:52 pm: ... Got dataset to return in json obj
05/26/2013 05:12:52 pm: Query has run: <CALL USP_GetAccounts();>.
05/26/2013 05:12:52 pm: ... Got dataset to return in json obj
05/26/2013 05:12:52 pm: Get the dataset to return in json obj...
05/26/2013 05:12:52 pm: Query has run: <CALL USP_GetCategories2();>.
05/26/2013 05:12:52 pm: ... Got dataset to return in json obj
05/26/2013 05:13:21 pm: Amount value: -987,05. Preg_match_all result is <1>
05/26/2013 05:13:21 pm: Currency = <1>.
05/26/2013 05:13:57 pm: Amount value: -600. Preg_match_all result is <1>
05/26/2013 05:13:57 pm: Currency = <1>.
05/26/2013 05:17:00 pm: Amount value: -150. Preg_match_all result is <1>
05/26/2013 05:17:00 pm: Currency = <1>.
05/26/2013 05:17:47 pm: Amount value: 2132,09. Preg_match_all result is <1>
05/26/2013 05:17:47 pm: Currency = <1>.
05/26/2013 05:17:50 pm: Get the dataset to return in json obj...
05/26/2013 05:17:50 pm: Get the dataset to return in json obj...
05/26/2013 05:17:50 pm: Get the dataset to return in json obj...
05/26/2013 05:17:50 pm: Query has run: <CALL USP_GetAccounts();>.
05/26/2013 05:17:50 pm: ... Got dataset to return in json obj
05/26/2013 05:17:50 pm: Get the dataset to return in json obj...
05/26/2013 05:17:50 pm: Get the dataset to return in json obj...
05/26/2013 05:17:50 pm: Query has run: <CALL USP_GetCurrencies();>.
05/26/2013 05:17:50 pm: ... Got dataset to return in json obj
05/26/2013 05:17:50 pm: Query has run: <CALL USP_GetCategories();>.
05/26/2013 05:17:50 pm: ... Got dataset to return in json obj
05/26/2013 05:17:50 pm: Query has run: <CALL USP_GetCategories2();>.
05/26/2013 05:17:50 pm: ... Got dataset to return in json obj
05/26/2013 05:17:50 pm: Query has run: <CALL USP_GetPayees();>.
05/26/2013 05:17:50 pm: ... Got dataset to return in json obj
05/26/2013 05:20:02 pm: Get the dataset to return in json obj...
05/26/2013 05:20:02 pm: Query has run: <CALL USP_GetAccounts();>.
05/26/2013 05:20:02 pm: ... Got dataset to return in json obj
05/26/2013 05:20:02 pm: Get the dataset to return in json obj...
05/26/2013 05:20:02 pm: Get the dataset to return in json obj...
05/26/2013 05:20:02 pm: Get the dataset to return in json obj...
05/26/2013 05:20:02 pm: Get the dataset to return in json obj...
05/26/2013 05:20:02 pm: Query has run: <CALL USP_GetCurrencies();>.
05/26/2013 05:20:02 pm: ... Got dataset to return in json obj
05/26/2013 05:20:02 pm: Query has run: <CALL USP_GetCategories();>.
05/26/2013 05:20:02 pm: ... Got dataset to return in json obj
05/26/2013 05:20:02 pm: Query has run: <CALL USP_GetCategories2();>.
05/26/2013 05:20:02 pm: ... Got dataset to return in json obj
05/26/2013 05:20:02 pm: Query has run: <CALL USP_GetPayees();>.
05/26/2013 05:20:02 pm: ... Got dataset to return in json obj
05/26/2013 05:20:06 pm: Get the dataset to return in json obj...
05/26/2013 05:20:06 pm: Query has run: <CALL USP_GetCurrencies();>.
05/26/2013 05:20:06 pm: ... Got dataset to return in json obj
05/26/2013 05:20:06 pm: Get the dataset to return in json obj...
05/26/2013 05:20:06 pm: Get the dataset to return in json obj...
05/26/2013 05:20:06 pm: Query has run: <CALL USP_GetAccounts();>.
05/26/2013 05:20:06 pm: ... Got dataset to return in json obj
05/26/2013 05:20:06 pm: Query has run: <CALL USP_GetCategories();>.
05/26/2013 05:20:06 pm: ... Got dataset to return in json obj
05/26/2013 05:20:06 pm: Get the dataset to return in json obj...
05/26/2013 05:20:06 pm: Get the dataset to return in json obj...
05/26/2013 05:20:06 pm: Query has run: <CALL USP_GetPayees();>.
05/26/2013 05:20:06 pm: ... Got dataset to return in json obj
05/26/2013 05:20:06 pm: Query has run: <CALL USP_GetCategories2();>.
05/26/2013 05:20:06 pm: ... Got dataset to return in json obj
05/26/2013 05:20:39 pm: Get the dataset to return in json obj...
05/26/2013 05:20:39 pm: Get the dataset to return in json obj...
05/26/2013 05:20:39 pm: Get the dataset to return in json obj...
05/26/2013 05:20:39 pm: Get the dataset to return in json obj...
05/26/2013 05:20:39 pm: Query has run: <CALL USP_GetPayees();>.
05/26/2013 05:20:39 pm: ... Got dataset to return in json obj
05/26/2013 05:20:39 pm: Query has run: <CALL USP_GetAccounts();>.
05/26/2013 05:20:39 pm: ... Got dataset to return in json obj
05/26/2013 05:20:39 pm: Query has run: <CALL USP_GetCategories();>.
05/26/2013 05:20:39 pm: ... Got dataset to return in json obj
05/26/2013 05:20:39 pm: Query has run: <CALL USP_GetCurrencies();>.
05/26/2013 05:20:39 pm: ... Got dataset to return in json obj
05/26/2013 05:20:39 pm: Get the dataset to return in json obj...
05/26/2013 05:20:39 pm: Query has run: <CALL USP_GetCategories2();>.
05/26/2013 05:20:39 pm: ... Got dataset to return in json obj
05/26/2013 05:21:06 pm: Get the dataset to return in json obj...
05/26/2013 05:21:06 pm: Get the dataset to return in json obj...
05/26/2013 05:21:06 pm: Get the dataset to return in json obj...
05/26/2013 05:21:06 pm: Get the dataset to return in json obj...
05/26/2013 05:21:06 pm: Get the dataset to return in json obj...
05/26/2013 05:21:06 pm: Query has run: <CALL USP_GetAccounts();>.
05/26/2013 05:21:06 pm: ... Got dataset to return in json obj
05/26/2013 05:21:06 pm: Query has run: <CALL USP_GetCurrencies();>.
05/26/2013 05:21:06 pm: ... Got dataset to return in json obj
05/26/2013 05:21:06 pm: Query has run: <CALL USP_GetCategories();>.
05/26/2013 05:21:06 pm: ... Got dataset to return in json obj
05/26/2013 05:21:06 pm: Query has run: <CALL USP_GetCategories2();>.
05/26/2013 05:21:06 pm: ... Got dataset to return in json obj
05/26/2013 05:21:06 pm: Query has run: <CALL USP_GetPayees();>.
05/26/2013 05:21:06 pm: ... Got dataset to return in json obj
05/26/2013 05:28:47 pm: Get the dataset to return in json obj...
05/26/2013 05:28:47 pm: Get the dataset to return in json obj...
05/26/2013 05:28:47 pm: Query has run: <CALL USP_GetAccounts();>.
05/26/2013 05:28:47 pm: ... Got dataset to return in json obj
05/26/2013 05:28:47 pm: Query has run: <CALL USP_GetCurrencies();>.
05/26/2013 05:28:47 pm: ... Got dataset to return in json obj
05/26/2013 05:28:47 pm: Get the dataset to return in json obj...
05/26/2013 05:28:47 pm: Get the dataset to return in json obj...
05/26/2013 05:28:47 pm: Query has run: <CALL USP_GetPayees();>.
05/26/2013 05:28:47 pm: ... Got dataset to return in json obj
05/26/2013 05:28:47 pm: Get the dataset to return in json obj...
05/26/2013 05:28:47 pm: Query has run: <CALL USP_GetCategories2();>.
05/26/2013 05:28:47 pm: ... Got dataset to return in json obj
05/26/2013 05:28:47 pm: Query has run: <CALL USP_GetCategories();>.
05/26/2013 05:28:47 pm: ... Got dataset to return in json obj
05/26/2013 05:29:30 pm: Amount value: -400. Preg_match_all result is <1>
05/26/2013 05:29:30 pm: Currency = <1>.
05/26/2013 05:29:49 pm: Amount value: -250. Preg_match_all result is <1>
05/26/2013 05:29:49 pm: Currency = <1>.
05/26/2013 05:29:52 pm: Get the dataset to return in json obj...
05/26/2013 05:29:52 pm: Query has run: <CALL USP_GetAccounts();>.
05/26/2013 05:29:52 pm: ... Got dataset to return in json obj
05/26/2013 05:29:52 pm: Get the dataset to return in json obj...
05/26/2013 05:29:52 pm: Get the dataset to return in json obj...
05/26/2013 05:29:52 pm: Get the dataset to return in json obj...
05/26/2013 05:29:52 pm: Get the dataset to return in json obj...
05/26/2013 05:29:52 pm: Query has run: <CALL USP_GetCurrencies();>.
05/26/2013 05:29:52 pm: ... Got dataset to return in json obj
05/26/2013 05:29:52 pm: Query has run: <CALL USP_GetCategories();>.
05/26/2013 05:29:52 pm: ... Got dataset to return in json obj
05/26/2013 05:29:52 pm: Query has run: <CALL USP_GetPayees();>.
05/26/2013 05:29:52 pm: ... Got dataset to return in json obj
05/26/2013 05:29:52 pm: Query has run: <CALL USP_GetCategories2();>.
05/26/2013 05:29:52 pm: ... Got dataset to return in json obj
05/26/2013 05:30:27 pm: Get the dataset to return in json obj...
05/26/2013 05:30:27 pm: Get the dataset to return in json obj...
05/26/2013 05:30:27 pm: Query has run: <CALL USP_GetAccounts();>.
05/26/2013 05:30:27 pm: ... Got dataset to return in json obj
05/26/2013 05:30:27 pm: Query has run: <CALL USP_GetCurrencies();>.
05/26/2013 05:30:27 pm: ... Got dataset to return in json obj
05/26/2013 05:30:27 pm: Get the dataset to return in json obj...
05/26/2013 05:30:27 pm: Get the dataset to return in json obj...
05/26/2013 05:30:27 pm: Query has run: <CALL USP_GetPayees();>.
05/26/2013 05:30:27 pm: ... Got dataset to return in json obj
05/26/2013 05:30:27 pm: Get the dataset to return in json obj...
05/26/2013 05:30:27 pm: Query has run: <CALL USP_GetCategories2();>.
05/26/2013 05:30:27 pm: ... Got dataset to return in json obj
05/26/2013 05:30:27 pm: Query has run: <CALL USP_GetCategories();>.
05/26/2013 05:30:27 pm: ... Got dataset to return in json obj
05/26/2013 05:30:29 pm: Currency = <1>.
05/26/2013 05:30:34 pm: Get the dataset to return in json obj...
05/26/2013 05:30:34 pm: Get the dataset to return in json obj...
05/26/2013 05:30:34 pm: Query has run: <CALL USP_GetPayees();>.
05/26/2013 05:30:34 pm: ... Got dataset to return in json obj
05/26/2013 05:30:34 pm: Get the dataset to return in json obj...
05/26/2013 05:30:34 pm: Query has run: <CALL USP_GetCategories();>.
05/26/2013 05:30:34 pm: ... Got dataset to return in json obj
05/26/2013 05:30:34 pm: Get the dataset to return in json obj...
05/26/2013 05:30:34 pm: Get the dataset to return in json obj...
05/26/2013 05:30:34 pm: Query has run: <CALL USP_GetCategories2();>.
05/26/2013 05:30:34 pm: ... Got dataset to return in json obj
05/26/2013 05:30:34 pm: Query has run: <CALL USP_GetAccounts();>.
05/26/2013 05:30:34 pm: Query has run: <CALL USP_GetCurrencies();>.
05/26/2013 05:30:34 pm: ... Got dataset to return in json obj
05/26/2013 05:30:34 pm: ... Got dataset to return in json obj
05/26/2013 05:30:43 pm: Get the dataset to return in json obj...
05/26/2013 05:30:43 pm: Get the dataset to return in json obj...
05/26/2013 05:30:43 pm: Get the dataset to return in json obj...
05/26/2013 05:30:43 pm: Get the dataset to return in json obj...
05/26/2013 05:30:43 pm: Query has run: <CALL USP_GetAccounts();>.
05/26/2013 05:30:43 pm: ... Got dataset to return in json obj
05/26/2013 05:30:43 pm: Query has run: <CALL USP_GetCurrencies();>.
05/26/2013 05:30:43 pm: ... Got dataset to return in json obj
05/26/2013 05:30:43 pm: Query has run: <CALL USP_GetPayees();>.
05/26/2013 05:30:43 pm: ... Got dataset to return in json obj
05/26/2013 05:30:43 pm: Query has run: <CALL USP_GetCategories();>.
05/26/2013 05:30:43 pm: ... Got dataset to return in json obj
05/26/2013 05:30:44 pm: Get the dataset to return in json obj...
05/26/2013 05:30:44 pm: Query has run: <CALL USP_GetCategories2();>.
05/26/2013 05:30:44 pm: ... Got dataset to return in json obj
05/26/2013 05:31:04 pm: Get the dataset to return in json obj...
05/26/2013 05:31:04 pm: Get the dataset to return in json obj...
05/26/2013 05:31:04 pm: Get the dataset to return in json obj...
05/26/2013 05:31:04 pm: Get the dataset to return in json obj...
05/26/2013 05:31:04 pm: Get the dataset to return in json obj...
05/26/2013 05:31:04 pm: Query has run: <CALL USP_GetCurrencies();>.
05/26/2013 05:31:04 pm: ... Got dataset to return in json obj
05/26/2013 05:31:04 pm: Query has run: <CALL USP_GetAccounts();>.
05/26/2013 05:31:04 pm: ... Got dataset to return in json obj
05/26/2013 05:31:04 pm: Query has run: <CALL USP_GetCategories();>.
05/26/2013 05:31:04 pm: ... Got dataset to return in json obj
05/26/2013 05:31:04 pm: Query has run: <CALL USP_GetCategories2();>.
05/26/2013 05:31:04 pm: ... Got dataset to return in json obj
05/26/2013 05:31:04 pm: Query has run: <CALL USP_GetPayees();>.
05/26/2013 05:31:04 pm: ... Got dataset to return in json obj
05/26/2013 05:31:07 pm: Get the dataset to return in json obj...
05/26/2013 05:31:07 pm: Query has run: <CALL USP_GetAccounts();>.
05/26/2013 05:31:07 pm: Get the dataset to return in json obj...
05/26/2013 05:31:07 pm: ... Got dataset to return in json obj
05/26/2013 05:31:07 pm: Get the dataset to return in json obj...
05/26/2013 05:31:07 pm: Query has run: <CALL USP_GetCurrencies();>.
05/26/2013 05:31:07 pm: ... Got dataset to return in json obj
05/26/2013 05:31:07 pm: Get the dataset to return in json obj...
05/26/2013 05:31:07 pm: Query has run: <CALL USP_GetCategories();>.
05/26/2013 05:31:07 pm: ... Got dataset to return in json obj
05/26/2013 05:31:07 pm: Query has run: <CALL USP_GetPayees();>.
05/26/2013 05:31:07 pm: ... Got dataset to return in json obj
05/26/2013 05:31:07 pm: Get the dataset to return in json obj...
05/26/2013 05:31:07 pm: Query has run: <CALL USP_GetCategories2();>.
05/26/2013 05:31:07 pm: ... Got dataset to return in json obj
05/26/2013 05:33:45 pm: Get the dataset to return in json obj...
05/26/2013 05:33:45 pm: Get the dataset to return in json obj...
05/26/2013 05:33:45 pm: Query has run: <CALL USP_GetCurrencies();>.
05/26/2013 05:33:45 pm: Query has run: <CALL USP_GetAccounts();>.
05/26/2013 05:33:45 pm: Get the dataset to return in json obj...
05/26/2013 05:33:45 pm: ... Got dataset to return in json obj
05/26/2013 05:33:45 pm: ... Got dataset to return in json obj
05/26/2013 05:33:45 pm: Query has run: <CALL USP_GetPayees();>.
05/26/2013 05:33:45 pm: ... Got dataset to return in json obj
05/26/2013 05:33:45 pm: Get the dataset to return in json obj...
05/26/2013 05:33:45 pm: Get the dataset to return in json obj...
05/26/2013 05:33:45 pm: Query has run: <CALL USP_GetCategories();>.
05/26/2013 05:33:45 pm: ... Got dataset to return in json obj
05/26/2013 05:33:45 pm: Query has run: <CALL USP_GetCategories2();>.
05/26/2013 05:33:45 pm: ... Got dataset to return in json obj
05/26/2013 05:34:22 pm: Amount value: -2,45. Preg_match_all result is <1>
05/26/2013 05:34:22 pm: Currency = <1>.
05/26/2013 05:34:24 pm: Get the dataset to return in json obj...
05/26/2013 05:34:24 pm: Query has run: <CALL USP_GetAccounts();>.
05/26/2013 05:34:24 pm: ... Got dataset to return in json obj
05/26/2013 05:34:24 pm: Get the dataset to return in json obj...
05/26/2013 05:34:24 pm: Query has run: <CALL USP_GetCurrencies();>.
05/26/2013 05:34:24 pm: ... Got dataset to return in json obj
05/26/2013 05:34:24 pm: Get the dataset to return in json obj...
05/26/2013 05:34:24 pm: Get the dataset to return in json obj...
05/26/2013 05:34:24 pm: Get the dataset to return in json obj...
05/26/2013 05:34:24 pm: Query has run: <CALL USP_GetCategories();>.
05/26/2013 05:34:24 pm: ... Got dataset to return in json obj
05/26/2013 05:34:24 pm: Query has run: <CALL USP_GetPayees();>.
05/26/2013 05:34:24 pm: ... Got dataset to return in json obj
05/26/2013 05:34:24 pm: Query has run: <CALL USP_GetCategories2();>.
05/26/2013 05:34:24 pm: ... Got dataset to return in json obj
05/26/2013 05:58:02 pm: Get the dataset to return in json obj...
05/26/2013 05:58:02 pm: Get the dataset to return in json obj...
05/26/2013 05:58:02 pm: Get the dataset to return in json obj...
05/26/2013 05:58:02 pm: Query has run: <CALL USP_GetCurrencies();>.
05/26/2013 05:58:02 pm: Query has run: <CALL USP_GetPayees();>.
05/26/2013 05:58:02 pm: ... Got dataset to return in json obj
05/26/2013 05:58:02 pm: ... Got dataset to return in json obj
05/26/2013 05:58:02 pm: Query has run: <CALL USP_GetAccounts();>.
05/26/2013 05:58:02 pm: ... Got dataset to return in json obj
05/26/2013 05:58:02 pm: Get the dataset to return in json obj...
05/26/2013 05:58:02 pm: Query has run: <CALL USP_GetCategories();>.
05/26/2013 05:58:02 pm: ... Got dataset to return in json obj
05/26/2013 05:58:03 pm: Get the dataset to return in json obj...
05/26/2013 05:58:03 pm: Query has run: <CALL USP_GetCategories2();>.
05/26/2013 05:58:03 pm: ... Got dataset to return in json obj
05/26/2013 05:58:15 pm: Get the dataset to return in json obj...
05/26/2013 05:58:15 pm: Query has run: <CALL USP_GetCurrencies();>.
05/26/2013 05:58:15 pm: ... Got dataset to return in json obj
05/26/2013 05:58:15 pm: Get the dataset to return in json obj...
05/26/2013 05:58:15 pm: Get the dataset to return in json obj...
05/26/2013 05:58:15 pm: Get the dataset to return in json obj...
05/26/2013 05:58:15 pm: Query has run: <CALL USP_GetAccounts();>.
05/26/2013 05:58:15 pm: ... Got dataset to return in json obj
05/26/2013 05:58:15 pm: Query has run: <CALL USP_GetPayees();>.
05/26/2013 05:58:15 pm: ... Got dataset to return in json obj
05/26/2013 05:58:15 pm: Query has run: <CALL USP_GetCategories();>.
05/26/2013 05:58:15 pm: ... Got dataset to return in json obj
05/26/2013 05:58:15 pm: Get the dataset to return in json obj...
05/26/2013 05:58:15 pm: Query has run: <CALL USP_GetCategories2();>.
05/26/2013 05:58:15 pm: ... Got dataset to return in json obj
05/26/2013 10:19:21 pm: Get the dataset to return in json obj...
05/26/2013 10:19:21 pm: Query has run: <CALL USP_GetAccounts();>.
05/26/2013 10:19:21 pm: ... Got dataset to return in json obj
05/26/2013 10:19:21 pm: Get the dataset to return in json obj...
05/26/2013 10:19:21 pm: Query has run: <CALL USP_GetCurrencies();>.
05/26/2013 10:19:21 pm: ... Got dataset to return in json obj
05/26/2013 10:19:21 pm: Get the dataset to return in json obj...
05/26/2013 10:19:21 pm: Query has run: <CALL USP_GetPayees();>.
05/26/2013 10:19:21 pm: ... Got dataset to return in json obj
05/26/2013 10:19:21 pm: Get the dataset to return in json obj...
05/26/2013 10:19:21 pm: Query has run: <CALL USP_GetCategories();>.
05/26/2013 10:19:21 pm: ... Got dataset to return in json obj
05/26/2013 10:19:21 pm: Get the dataset to return in json obj...
05/26/2013 10:19:21 pm: Query has run: <CALL USP_GetCategories2();>.
05/26/2013 10:19:21 pm: ... Got dataset to return in json obj
05/26/2013 10:19:34 pm: Get the dataset to return in json obj...
05/26/2013 10:19:34 pm: Get the dataset to return in json obj...
05/26/2013 10:19:34 pm: Get the dataset to return in json obj...
05/26/2013 10:19:34 pm: Query has run: <CALL USP_GetAccounts();>.
05/26/2013 10:19:34 pm: ... Got dataset to return in json obj
05/26/2013 10:19:34 pm: Query has run: <CALL USP_GetPayees();>.
05/26/2013 10:19:34 pm: ... Got dataset to return in json obj
05/26/2013 10:19:34 pm: Query has run: <CALL USP_GetCurrencies();>.
05/26/2013 10:19:34 pm: ... Got dataset to return in json obj
05/26/2013 10:19:34 pm: Get the dataset to return in json obj...
05/26/2013 10:19:34 pm: Get the dataset to return in json obj...
05/26/2013 10:19:34 pm: Query has run: <CALL USP_GetCategories();>.
05/26/2013 10:19:34 pm: ... Got dataset to return in json obj
05/26/2013 10:19:34 pm: Query has run: <CALL USP_GetCategories2();>.
05/26/2013 10:19:34 pm: ... Got dataset to return in json obj
