02/02/2013 09:51:59 pm: Get the dataset to return in json obj...
02/02/2013 09:51:59 pm: Get the dataset to return in json obj...
02/02/2013 09:51:59 pm: Get the dataset to return in json obj...
02/02/2013 09:51:59 pm: Get the dataset to return in json obj...
02/02/2013 09:51:59 pm: Get the dataset to return in json obj...
02/02/2013 09:51:59 pm: Query has run: <CALL USP_GetPayees();>.
02/02/2013 09:51:59 pm: ... Got dataset to return in json obj
02/02/2013 09:51:59 pm: Query has run: <CALL USP_GetCurrencies();>.
02/02/2013 09:51:59 pm: ... Got dataset to return in json obj
02/02/2013 09:51:59 pm: Query has run: <CALL USP_GetAccounts();>.
02/02/2013 09:51:59 pm: ... Got dataset to return in json obj
02/02/2013 09:51:59 pm: Query has run: <CALL USP_GetCategories();>.
02/02/2013 09:51:59 pm: Query has run: <CALL USP_GetCategories2();>.
02/02/2013 09:51:59 pm: ... Got dataset to return in json obj
02/02/2013 09:51:59 pm: ... Got dataset to return in json obj
02/02/2013 09:52:41 pm: Amount value: -13,61. Preg_match_all result is <1>
02/02/2013 09:52:42 pm: Currency = <1>.
02/02/2013 09:52:53 pm: Amount value: -12,73. Preg_match_all result is <1>
02/02/2013 09:52:53 pm: Currency = <1>.
02/02/2013 09:53:04 pm: Get the dataset to return in json obj...
02/02/2013 09:53:04 pm: Query has run: <CALL USP_GetAccounts();>.
02/02/2013 09:53:04 pm: ... Got dataset to return in json obj
02/02/2013 09:53:04 pm: Get the dataset to return in json obj...
02/02/2013 09:53:04 pm: Get the dataset to return in json obj...
02/02/2013 09:53:04 pm: Get the dataset to return in json obj...
02/02/2013 09:53:04 pm: Query has run: <CALL USP_GetCurrencies();>.
02/02/2013 09:53:04 pm: ... Got dataset to return in json obj
02/02/2013 09:53:04 pm: Query has run: <CALL USP_GetCategories();>.
02/02/2013 09:53:04 pm: ... Got dataset to return in json obj
02/02/2013 09:53:04 pm: Query has run: <CALL USP_GetPayees();>.
02/02/2013 09:53:04 pm: ... Got dataset to return in json obj
02/02/2013 09:53:04 pm: Get the dataset to return in json obj...
02/02/2013 09:53:04 pm: Query has run: <CALL USP_GetCategories2();>.
02/02/2013 09:53:04 pm: ... Got dataset to return in json obj
02/02/2013 09:53:05 pm: Get the dataset to return in json obj...
02/02/2013 09:53:05 pm: Query has run: <CALL USP_GetAccounts();>.
02/02/2013 09:53:05 pm: ... Got dataset to return in json obj
02/02/2013 09:53:05 pm: Get the dataset to return in json obj...
02/02/2013 09:53:05 pm: Get the dataset to return in json obj...
02/02/2013 09:53:05 pm: Get the dataset to return in json obj...
02/02/2013 09:53:05 pm: Query has run: <CALL USP_GetCategories();>.
02/02/2013 09:53:05 pm: Query has run: <CALL USP_GetCurrencies();>.
02/02/2013 09:53:05 pm: ... Got dataset to return in json obj
02/02/2013 09:53:05 pm: ... Got dataset to return in json obj
02/02/2013 09:53:05 pm: Get the dataset to return in json obj...
02/02/2013 09:53:05 pm: Query has run: <CALL USP_GetPayees();>.
02/02/2013 09:53:05 pm: ... Got dataset to return in json obj
02/02/2013 09:53:05 pm: Query has run: <CALL USP_GetCategories2();>.
02/02/2013 09:53:05 pm: ... Got dataset to return in json obj
02/02/2013 09:55:31 pm: Currency = <1>.
02/02/2013 09:55:42 pm: Get the dataset to return in json obj...
02/02/2013 09:55:42 pm: Get the dataset to return in json obj...
02/02/2013 09:55:42 pm: Query has run: <CALL USP_GetCurrencies();>.
02/02/2013 09:55:42 pm: ... Got dataset to return in json obj
02/02/2013 09:55:42 pm: Get the dataset to return in json obj...
02/02/2013 09:55:42 pm: Get the dataset to return in json obj...
02/02/2013 09:55:42 pm: Query has run: <CALL USP_GetAccounts();>.
02/02/2013 09:55:42 pm: ... Got dataset to return in json obj
02/02/2013 09:55:42 pm: Query has run: <CALL USP_GetPayees();>.
02/02/2013 09:55:42 pm: ... Got dataset to return in json obj
02/02/2013 09:55:42 pm: Query has run: <CALL USP_GetCategories();>.
02/02/2013 09:55:42 pm: ... Got dataset to return in json obj
02/02/2013 09:55:42 pm: Get the dataset to return in json obj...
02/02/2013 09:55:42 pm: Query has run: <CALL USP_GetCategories2();>.
02/02/2013 09:55:42 pm: ... Got dataset to return in json obj
02/02/2013 09:57:04 pm: Get the dataset to return in json obj...
02/02/2013 09:57:04 pm: Get the dataset to return in json obj...
02/02/2013 09:57:04 pm: Query has run: <CALL USP_GetAccounts();>.
02/02/2013 09:57:04 pm: ... Got dataset to return in json obj
02/02/2013 09:57:04 pm: Query has run: <CALL USP_GetCurrencies();>.
02/02/2013 09:57:04 pm: ... Got dataset to return in json obj
02/02/2013 09:57:04 pm: Get the dataset to return in json obj...
02/02/2013 09:57:04 pm: Get the dataset to return in json obj...
02/02/2013 09:57:04 pm: Get the dataset to return in json obj...
02/02/2013 09:57:04 pm: Query has run: <CALL USP_GetCategories2();>.
02/02/2013 09:57:04 pm: ... Got dataset to return in json obj
02/02/2013 09:57:04 pm: Query has run: <CALL USP_GetCategories();>.
02/02/2013 09:57:04 pm: ... Got dataset to return in json obj
02/02/2013 09:57:04 pm: Query has run: <CALL USP_GetPayees();>.
02/02/2013 09:57:04 pm: ... Got dataset to return in json obj
02/02/2013 09:57:36 pm: Amount value: -100. Preg_match_all result is <1>
02/02/2013 09:57:36 pm: Currency = <1>.
02/02/2013 09:58:58 pm: Amount value: 2,78. Preg_match_all result is <1>
02/02/2013 09:58:58 pm: Currency = <1>.
02/02/2013 09:59:05 pm: Amount value: 2,78. Preg_match_all result is <1>
02/02/2013 09:59:05 pm: Currency = <1>.
02/02/2013 09:59:50 pm: Amount value: 52,86. Preg_match_all result is <1>
02/02/2013 09:59:50 pm: Currency = <1>.
02/02/2013 09:59:56 pm: Amount value: 52,86. Preg_match_all result is <1>
02/02/2013 09:59:56 pm: Currency = <1>.
02/02/2013 10:00:02 pm: Get the dataset to return in json obj...
02/02/2013 10:00:02 pm: Get the dataset to return in json obj...
02/02/2013 10:00:02 pm: Get the dataset to return in json obj...
02/02/2013 10:00:02 pm: Query has run: <CALL USP_GetCategories2();>.
02/02/2013 10:00:02 pm: ... Got dataset to return in json obj
02/02/2013 10:00:02 pm: Query has run: <CALL USP_GetCurrencies();>.
02/02/2013 10:00:02 pm: ... Got dataset to return in json obj
02/02/2013 10:00:02 pm: Get the dataset to return in json obj...
02/02/2013 10:00:02 pm: Get the dataset to return in json obj...
02/02/2013 10:00:02 pm: Query has run: <CALL USP_GetCategories();>.
02/02/2013 10:00:02 pm: ... Got dataset to return in json obj
02/02/2013 10:00:02 pm: Query has run: <CALL USP_GetAccounts();>.
02/02/2013 10:00:02 pm: ... Got dataset to return in json obj
02/02/2013 10:00:02 pm: Query has run: <CALL USP_GetPayees();>.
02/02/2013 10:00:02 pm: ... Got dataset to return in json obj
02/02/2013 10:00:32 pm: Get the dataset to return in json obj...
02/02/2013 10:00:32 pm: Get the dataset to return in json obj...
02/02/2013 10:00:32 pm: Get the dataset to return in json obj...
02/02/2013 10:00:32 pm: Query has run: <CALL USP_GetCurrencies();>.
02/02/2013 10:00:32 pm: Query has run: <CALL USP_GetCategories();>.
02/02/2013 10:00:32 pm: ... Got dataset to return in json obj
02/02/2013 10:00:32 pm: ... Got dataset to return in json obj
02/02/2013 10:00:32 pm: Get the dataset to return in json obj...
02/02/2013 10:00:32 pm: Get the dataset to return in json obj...
02/02/2013 10:00:32 pm: Query has run: <CALL USP_GetAccounts();>.
02/02/2013 10:00:32 pm: ... Got dataset to return in json obj
02/02/2013 10:00:32 pm: Query has run: <CALL USP_GetCategories2();>.
02/02/2013 10:00:32 pm: ... Got dataset to return in json obj
02/02/2013 10:00:32 pm: Query has run: <CALL USP_GetPayees();>.
02/02/2013 10:00:32 pm: ... Got dataset to return in json obj
02/02/2013 10:00:47 pm: Get the dataset to return in json obj...
02/02/2013 10:00:47 pm: Get the dataset to return in json obj...
02/02/2013 10:00:47 pm: Get the dataset to return in json obj...
02/02/2013 10:00:47 pm: Query has run: <CALL USP_GetAccounts();>.
02/02/2013 10:00:47 pm: ... Got dataset to return in json obj
02/02/2013 10:00:47 pm: Query has run: <CALL USP_GetCurrencies();>.
02/02/2013 10:00:47 pm: ... Got dataset to return in json obj
02/02/2013 10:00:47 pm: Get the dataset to return in json obj...
02/02/2013 10:00:47 pm: Get the dataset to return in json obj...
02/02/2013 10:00:47 pm: Query has run: <CALL USP_GetPayees();>.
02/02/2013 10:00:47 pm: Query has run: <CALL USP_GetCategories2();>.
02/02/2013 10:00:47 pm: ... Got dataset to return in json obj
02/02/2013 10:00:47 pm: ... Got dataset to return in json obj
02/02/2013 10:00:47 pm: Query has run: <CALL USP_GetCategories();>.
02/02/2013 10:00:47 pm: ... Got dataset to return in json obj
02/02/2013 10:01:19 pm: Amount value: -158,57. Preg_match_all result is <1>
02/02/2013 10:01:19 pm: Currency = <1>.
02/02/2013 10:01:25 pm: Get the dataset to return in json obj...
02/02/2013 10:01:25 pm: Get the dataset to return in json obj...
02/02/2013 10:01:25 pm: Query has run: <CALL USP_GetAccounts();>.
02/02/2013 10:01:25 pm: ... Got dataset to return in json obj
02/02/2013 10:01:25 pm: Query has run: <CALL USP_GetCurrencies();>.
02/02/2013 10:01:25 pm: ... Got dataset to return in json obj
02/02/2013 10:01:25 pm: Get the dataset to return in json obj...
02/02/2013 10:01:25 pm: Query has run: <CALL USP_GetPayees();>.
02/02/2013 10:01:25 pm: ... Got dataset to return in json obj
02/02/2013 10:01:25 pm: Get the dataset to return in json obj...
02/02/2013 10:01:25 pm: Query has run: <CALL USP_GetCategories();>.
02/02/2013 10:01:25 pm: ... Got dataset to return in json obj
02/02/2013 10:01:25 pm: Get the dataset to return in json obj...
02/02/2013 10:01:25 pm: Query has run: <CALL USP_GetCategories2();>.
02/02/2013 10:01:25 pm: ... Got dataset to return in json obj
02/02/2013 10:02:46 pm: Get the dataset to return in json obj...
02/02/2013 10:02:46 pm: Get the dataset to return in json obj...
02/02/2013 10:02:46 pm: Get the dataset to return in json obj...
02/02/2013 10:02:46 pm: Get the dataset to return in json obj...
02/02/2013 10:02:46 pm: Get the dataset to return in json obj...
02/02/2013 10:02:46 pm: Query has run: <CALL USP_GetCurrencies();>.
02/02/2013 10:02:46 pm: ... Got dataset to return in json obj
02/02/2013 10:02:46 pm: Query has run: <CALL USP_GetCategories();>.
02/02/2013 10:02:46 pm: ... Got dataset to return in json obj
02/02/2013 10:02:46 pm: Query has run: <CALL USP_GetPayees();>.
02/02/2013 10:02:46 pm: ... Got dataset to return in json obj
02/02/2013 10:02:46 pm: Query has run: <CALL USP_GetCategories2();>.
02/02/2013 10:02:46 pm: ... Got dataset to return in json obj
02/02/2013 10:02:46 pm: Query has run: <CALL USP_GetAccounts();>.
02/02/2013 10:02:46 pm: ... Got dataset to return in json obj
02/02/2013 10:02:57 pm: Get the dataset to return in json obj...
02/02/2013 10:02:57 pm: Get the dataset to return in json obj...
02/02/2013 10:02:57 pm: Get the dataset to return in json obj...
02/02/2013 10:02:57 pm: Query has run: <CALL USP_GetAccounts();>.
02/02/2013 10:02:57 pm: ... Got dataset to return in json obj
02/02/2013 10:02:57 pm: Query has run: <CALL USP_GetCurrencies();>.
02/02/2013 10:02:57 pm: ... Got dataset to return in json obj
02/02/2013 10:02:57 pm: Query has run: <CALL USP_GetPayees();>.
02/02/2013 10:02:57 pm: ... Got dataset to return in json obj
02/02/2013 10:02:57 pm: Get the dataset to return in json obj...
02/02/2013 10:02:57 pm: Query has run: <CALL USP_GetCategories2();>.
02/02/2013 10:02:57 pm: ... Got dataset to return in json obj
02/02/2013 10:02:57 pm: Get the dataset to return in json obj...
02/02/2013 10:02:57 pm: Query has run: <CALL USP_GetCategories();>.
02/02/2013 10:02:57 pm: ... Got dataset to return in json obj
02/02/2013 10:02:58 pm: Get the dataset to return in json obj...
02/02/2013 10:02:58 pm: Get the dataset to return in json obj...
02/02/2013 10:02:58 pm: Get the dataset to return in json obj...
02/02/2013 10:02:58 pm: Get the dataset to return in json obj...
02/02/2013 10:02:58 pm: Query has run: <CALL USP_GetAccounts();>.
02/02/2013 10:02:58 pm: Query has run: <CALL USP_GetCurrencies();>.
02/02/2013 10:02:58 pm: Get the dataset to return in json obj...
02/02/2013 10:02:58 pm: ... Got dataset to return in json obj
02/02/2013 10:02:58 pm: Query has run: <CALL USP_GetPayees();>.
02/02/2013 10:02:58 pm: ... Got dataset to return in json obj
02/02/2013 10:02:58 pm: Query has run: <CALL USP_GetCategories();>.
02/02/2013 10:02:58 pm: ... Got dataset to return in json obj
02/02/2013 10:02:58 pm: ... Got dataset to return in json obj
02/02/2013 10:02:58 pm: Query has run: <CALL USP_GetCategories2();>.
02/02/2013 10:02:58 pm: ... Got dataset to return in json obj
02/02/2013 10:03:00 pm: Get the dataset to return in json obj...
02/02/2013 10:03:00 pm: Get the dataset to return in json obj...
02/02/2013 10:03:00 pm: Get the dataset to return in json obj...
02/02/2013 10:03:00 pm: Query has run: <CALL USP_GetCurrencies();>.
02/02/2013 10:03:00 pm: ... Got dataset to return in json obj
02/02/2013 10:03:00 pm: Get the dataset to return in json obj...
02/02/2013 10:03:00 pm: Query has run: <CALL USP_GetPayees();>.
02/02/2013 10:03:00 pm: ... Got dataset to return in json obj
02/02/2013 10:03:00 pm: Query has run: <CALL USP_GetCategories2();>.
02/02/2013 10:03:00 pm: ... Got dataset to return in json obj
02/02/2013 10:03:00 pm: Query has run: <CALL USP_GetCategories();>.
02/02/2013 10:03:00 pm: ... Got dataset to return in json obj
02/02/2013 10:03:00 pm: Get the dataset to return in json obj...
02/02/2013 10:03:00 pm: Query has run: <CALL USP_GetAccounts();>.
02/02/2013 10:03:00 pm: ... Got dataset to return in json obj
02/02/2013 10:03:02 pm: Get the dataset to return in json obj...
02/02/2013 10:03:02 pm: Get the dataset to return in json obj...
02/02/2013 10:03:02 pm: Get the dataset to return in json obj...
02/02/2013 10:03:02 pm: Get the dataset to return in json obj...
02/02/2013 10:03:02 pm: Query has run: <CALL USP_GetCategories();>.
02/02/2013 10:03:02 pm: ... Got dataset to return in json obj
02/02/2013 10:03:02 pm: Query has run: <CALL USP_GetCurrencies();>.
02/02/2013 10:03:02 pm: ... Got dataset to return in json obj
02/02/2013 10:03:02 pm: Query has run: <CALL USP_GetAccounts();>.
02/02/2013 10:03:02 pm: ... Got dataset to return in json obj
02/02/2013 10:03:02 pm: Query has run: <CALL USP_GetPayees();>.
02/02/2013 10:03:02 pm: ... Got dataset to return in json obj
02/02/2013 10:03:02 pm: Get the dataset to return in json obj...
02/02/2013 10:03:02 pm: Query has run: <CALL USP_GetCategories2();>.
02/02/2013 10:03:02 pm: ... Got dataset to return in json obj
