04/21/2013 12:24:49 am: Get the dataset to return in json obj...
04/21/2013 12:24:49 am: Get the dataset to return in json obj...
04/21/2013 12:24:49 am: Get the dataset to return in json obj...
04/21/2013 12:24:49 am: Get the dataset to return in json obj...
04/21/2013 12:24:49 am: Get the dataset to return in json obj...
04/21/2013 12:24:51 am: Query has run: <CALL USP_GetCategories();>.
04/21/2013 12:24:51 am: Query has run: <CALL USP_GetPayees();>.
04/21/2013 12:24:51 am: Query has run: <CALL USP_GetCategories2();>.
04/21/2013 12:24:51 am: Query has run: <CALL USP_GetAccounts();>.
04/21/2013 12:24:51 am: Query has run: <CALL USP_GetCurrencies();>.
04/21/2013 12:24:53 am: ... Got dataset to return in json obj
04/21/2013 12:24:53 am: ... Got dataset to return in json obj
04/21/2013 12:24:53 am: ... Got dataset to return in json obj
04/21/2013 12:24:53 am: ... Got dataset to return in json obj
04/21/2013 12:24:53 am: ... Got dataset to return in json obj
04/21/2013 07:12:35 am: Get the dataset to return in json obj...
04/21/2013 07:12:35 am: Get the dataset to return in json obj...
04/21/2013 07:12:35 am: Get the dataset to return in json obj...
04/21/2013 07:12:35 am: Get the dataset to return in json obj...
04/21/2013 07:12:35 am: Get the dataset to return in json obj...
04/21/2013 07:12:41 am: Query has run: <CALL USP_GetPayees();>.
04/21/2013 07:12:41 am: ... Got dataset to return in json obj
04/21/2013 07:12:41 am: Query has run: <CALL USP_GetCurrencies();>.
04/21/2013 07:12:41 am: Query has run: <CALL USP_GetCategories();>.
04/21/2013 07:12:41 am: Query has run: <CALL USP_GetAccounts();>.
04/21/2013 07:12:41 am: ... Got dataset to return in json obj
04/21/2013 07:12:41 am: Query has run: <CALL USP_GetCategories2();>.
04/21/2013 07:12:41 am: ... Got dataset to return in json obj
04/21/2013 07:12:41 am: ... Got dataset to return in json obj
04/21/2013 07:12:41 am: ... Got dataset to return in json obj
04/21/2013 11:20:24 am: Get the dataset to return in json obj...
04/21/2013 11:20:24 am: Query has run: <CALL USP_GetAccounts();>.
04/21/2013 11:20:24 am: ... Got dataset to return in json obj
04/21/2013 11:20:24 am: Get the dataset to return in json obj...
04/21/2013 11:20:24 am: Get the dataset to return in json obj...
04/21/2013 11:20:24 am: Query has run: <CALL USP_GetCurrencies();>.
04/21/2013 11:20:24 am: ... Got dataset to return in json obj
04/21/2013 11:20:24 am: Query has run: <CALL USP_GetPayees();>.
04/21/2013 11:20:24 am: ... Got dataset to return in json obj
04/21/2013 11:20:24 am: Get the dataset to return in json obj...
04/21/2013 11:20:24 am: Query has run: <CALL USP_GetCategories();>.
04/21/2013 11:20:24 am: ... Got dataset to return in json obj
04/21/2013 11:20:24 am: Get the dataset to return in json obj...
04/21/2013 11:20:24 am: Query has run: <CALL USP_GetCategories2();>.
04/21/2013 11:20:24 am: ... Got dataset to return in json obj
04/21/2013 11:20:44 am: Get the dataset to return in json obj...
04/21/2013 11:20:44 am: Query has run: <CALL USP_GetAccounts();>.
04/21/2013 11:20:44 am: ... Got dataset to return in json obj
04/21/2013 11:20:44 am: Get the dataset to return in json obj...
04/21/2013 11:20:44 am: Query has run: <CALL USP_GetCurrencies();>.
04/21/2013 11:20:44 am: ... Got dataset to return in json obj
04/21/2013 11:20:44 am: Get the dataset to return in json obj...
04/21/2013 11:20:44 am: Query has run: <CALL USP_GetPayees();>.
04/21/2013 11:20:44 am: ... Got dataset to return in json obj
04/21/2013 11:20:44 am: Get the dataset to return in json obj...
04/21/2013 11:20:44 am: Get the dataset to return in json obj...
04/21/2013 11:20:44 am: Query has run: <CALL USP_GetCategories2();>.
04/21/2013 11:20:44 am: ... Got dataset to return in json obj
04/21/2013 11:20:44 am: Query has run: <CALL USP_GetCategories();>.
04/21/2013 11:20:44 am: ... Got dataset to return in json obj
04/21/2013 11:21:19 am: Get the dataset to return in json obj...
04/21/2013 11:21:19 am: Query has run: <CALL USP_GetAccounts();>.
04/21/2013 11:21:19 am: ... Got dataset to return in json obj
04/21/2013 11:21:19 am: Get the dataset to return in json obj...
04/21/2013 11:21:19 am: Get the dataset to return in json obj...
04/21/2013 11:21:19 am: Query has run: <CALL USP_GetCurrencies();>.
04/21/2013 11:21:19 am: Get the dataset to return in json obj...
04/21/2013 11:21:19 am: ... Got dataset to return in json obj
04/21/2013 11:21:19 am: Query has run: <CALL USP_GetCategories();>.
04/21/2013 11:21:19 am: ... Got dataset to return in json obj
04/21/2013 11:21:19 am: Query has run: <CALL USP_GetPayees();>.
04/21/2013 11:21:19 am: ... Got dataset to return in json obj
04/21/2013 11:21:19 am: Get the dataset to return in json obj...
04/21/2013 11:21:19 am: Query has run: <CALL USP_GetCategories2();>.
04/21/2013 11:21:19 am: ... Got dataset to return in json obj
04/21/2013 11:22:04 am: Get the dataset to return in json obj...
04/21/2013 11:22:04 am: Query has run: <CALL USP_GetAccounts();>.
04/21/2013 11:22:04 am: ... Got dataset to return in json obj
04/21/2013 11:22:04 am: Get the dataset to return in json obj...
04/21/2013 11:22:04 am: Query has run: <CALL USP_GetCurrencies();>.
04/21/2013 11:22:04 am: ... Got dataset to return in json obj
04/21/2013 11:22:04 am: Get the dataset to return in json obj...
04/21/2013 11:22:04 am: Query has run: <CALL USP_GetPayees();>.
04/21/2013 11:22:04 am: ... Got dataset to return in json obj
04/21/2013 11:22:04 am: Get the dataset to return in json obj...
04/21/2013 11:22:04 am: Get the dataset to return in json obj...
04/21/2013 11:22:04 am: Query has run: <CALL USP_GetCategories();>.
04/21/2013 11:22:04 am: ... Got dataset to return in json obj
04/21/2013 11:22:04 am: Query has run: <CALL USP_GetCategories2();>.
04/21/2013 11:22:04 am: ... Got dataset to return in json obj
04/21/2013 11:23:13 am: Get the dataset to return in json obj...
04/21/2013 11:23:13 am: Query has run: <CALL USP_GetAccounts();>.
04/21/2013 11:23:13 am: ... Got dataset to return in json obj
04/21/2013 11:23:13 am: Get the dataset to return in json obj...
04/21/2013 11:23:13 am: Query has run: <CALL USP_GetCurrencies();>.
04/21/2013 11:23:13 am: ... Got dataset to return in json obj
04/21/2013 11:23:13 am: Get the dataset to return in json obj...
04/21/2013 11:23:13 am: Get the dataset to return in json obj...
04/21/2013 11:23:13 am: Query has run: <CALL USP_GetCategories();>.
04/21/2013 11:23:13 am: ... Got dataset to return in json obj
04/21/2013 11:23:13 am: Query has run: <CALL USP_GetCategories2();>.
04/21/2013 11:23:13 am: ... Got dataset to return in json obj
04/21/2013 11:23:13 am: Get the dataset to return in json obj...
04/21/2013 11:23:13 am: Query has run: <CALL USP_GetPayees();>.
04/21/2013 11:23:13 am: ... Got dataset to return in json obj
04/21/2013 11:23:25 am: Get the dataset to return in json obj...
04/21/2013 11:23:25 am: Query has run: <CALL USP_GetAccounts();>.
04/21/2013 11:23:25 am: ... Got dataset to return in json obj
04/21/2013 11:23:25 am: Get the dataset to return in json obj...
04/21/2013 11:23:25 am: Get the dataset to return in json obj...
04/21/2013 11:23:25 am: Get the dataset to return in json obj...
04/21/2013 11:23:25 am: Get the dataset to return in json obj...
04/21/2013 11:23:25 am: Query has run: <CALL USP_GetCategories();>.
04/21/2013 11:23:25 am: ... Got dataset to return in json obj
04/21/2013 11:23:26 am: Query has run: <CALL USP_GetCategories2();>.
04/21/2013 11:23:26 am: ... Got dataset to return in json obj
04/21/2013 11:23:26 am: Query has run: <CALL USP_GetCurrencies();>.
04/21/2013 11:23:26 am: ... Got dataset to return in json obj
04/21/2013 11:23:26 am: Query has run: <CALL USP_GetPayees();>.
04/21/2013 11:23:26 am: ... Got dataset to return in json obj
04/21/2013 12:49:17 pm: Get the dataset to return in json obj...
04/21/2013 12:49:17 pm: Query has run: <CALL USP_GetAccounts();>.
04/21/2013 12:49:17 pm: ... Got dataset to return in json obj
04/21/2013 12:49:17 pm: Get the dataset to return in json obj...
04/21/2013 12:49:17 pm: Get the dataset to return in json obj...
04/21/2013 12:49:17 pm: Query has run: <CALL USP_GetPayees();>.
04/21/2013 12:49:17 pm: ... Got dataset to return in json obj
04/21/2013 12:49:17 pm: Query has run: <CALL USP_GetCurrencies();>.
04/21/2013 12:49:17 pm: ... Got dataset to return in json obj
04/21/2013 12:49:17 pm: Get the dataset to return in json obj...
04/21/2013 12:49:17 pm: Get the dataset to return in json obj...
04/21/2013 12:49:17 pm: Query has run: <CALL USP_GetCategories();>.
04/21/2013 12:49:17 pm: ... Got dataset to return in json obj
04/21/2013 12:49:17 pm: Query has run: <CALL USP_GetCategories2();>.
04/21/2013 12:49:17 pm: ... Got dataset to return in json obj
04/21/2013 12:50:03 pm: Amount value: -19,37. Preg_match_all result is <1>
04/21/2013 12:50:03 pm: Currency = <1>.
04/21/2013 12:50:28 pm: Amount value: -3,49. Preg_match_all result is <1>
04/21/2013 12:50:28 pm: Currency = <1>.
04/21/2013 12:50:44 pm: Amount value: -1,09. Preg_match_all result is <1>
04/21/2013 12:50:44 pm: Currency = <1>.
04/21/2013 12:51:49 pm: Amount value: -5,14. Preg_match_all result is <1>
04/21/2013 12:51:49 pm: Currency = <1>.
04/21/2013 12:52:51 pm: Get the dataset to return in json obj...
04/21/2013 12:52:51 pm: Get the dataset to return in json obj...
04/21/2013 12:52:51 pm: Query has run: <CALL USP_GetAccounts();>.
04/21/2013 12:52:51 pm: ... Got dataset to return in json obj
04/21/2013 12:52:51 pm: Query has run: <CALL USP_GetCurrencies();>.
04/21/2013 12:52:51 pm: ... Got dataset to return in json obj
04/21/2013 12:52:51 pm: Get the dataset to return in json obj...
04/21/2013 12:52:51 pm: Get the dataset to return in json obj...
04/21/2013 12:52:51 pm: Get the dataset to return in json obj...
04/21/2013 12:52:51 pm: Query has run: <CALL USP_GetCategories();>.
04/21/2013 12:52:51 pm: ... Got dataset to return in json obj
04/21/2013 12:52:51 pm: Query has run: <CALL USP_GetPayees();>.
04/21/2013 12:52:51 pm: ... Got dataset to return in json obj
04/21/2013 12:52:51 pm: Query has run: <CALL USP_GetCategories2();>.
04/21/2013 12:52:51 pm: ... Got dataset to return in json obj
04/21/2013 12:52:58 pm: Get the dataset to return in json obj...
04/21/2013 12:52:58 pm: Get the dataset to return in json obj...
04/21/2013 12:52:58 pm: Get the dataset to return in json obj...
04/21/2013 12:52:58 pm: Query has run: <CALL USP_GetAccounts();>.
04/21/2013 12:52:58 pm: ... Got dataset to return in json obj
04/21/2013 12:52:58 pm: Query has run: <CALL USP_GetPayees();>.
04/21/2013 12:52:58 pm: ... Got dataset to return in json obj
04/21/2013 12:52:58 pm: Query has run: <CALL USP_GetCurrencies();>.
04/21/2013 12:52:58 pm: ... Got dataset to return in json obj
04/21/2013 12:52:58 pm: Get the dataset to return in json obj...
04/21/2013 12:52:58 pm: Query has run: <CALL USP_GetCategories();>.
04/21/2013 12:52:58 pm: Get the dataset to return in json obj...
04/21/2013 12:52:58 pm: ... Got dataset to return in json obj
04/21/2013 12:52:58 pm: Query has run: <CALL USP_GetCategories2();>.
04/21/2013 12:52:58 pm: ... Got dataset to return in json obj
04/21/2013 12:53:14 pm: Get the dataset to return in json obj...
04/21/2013 12:53:14 pm: Get the dataset to return in json obj...
04/21/2013 12:53:14 pm: Get the dataset to return in json obj...
04/21/2013 12:53:14 pm: Get the dataset to return in json obj...
04/21/2013 12:53:14 pm: Query has run: <CALL USP_GetCurrencies();>.
04/21/2013 12:53:14 pm: ... Got dataset to return in json obj
04/21/2013 12:53:14 pm: Query has run: <CALL USP_GetCategories();>.
04/21/2013 12:53:14 pm: ... Got dataset to return in json obj
04/21/2013 12:53:14 pm: Query has run: <CALL USP_GetPayees();>.
04/21/2013 12:53:14 pm: ... Got dataset to return in json obj
04/21/2013 12:53:14 pm: Query has run: <CALL USP_GetAccounts();>.
04/21/2013 12:53:14 pm: ... Got dataset to return in json obj
04/21/2013 12:53:14 pm: Get the dataset to return in json obj...
04/21/2013 12:53:14 pm: Query has run: <CALL USP_GetCategories2();>.
04/21/2013 12:53:14 pm: ... Got dataset to return in json obj
04/21/2013 12:53:29 pm: Get the dataset to return in json obj...
04/21/2013 12:53:29 pm: Get the dataset to return in json obj...
04/21/2013 12:53:29 pm: Query has run: <CALL USP_GetCategories();>.
04/21/2013 12:53:29 pm: Get the dataset to return in json obj...
04/21/2013 12:53:29 pm: Query has run: <CALL USP_GetPayees();>.
04/21/2013 12:53:29 pm: ... Got dataset to return in json obj
04/21/2013 12:53:29 pm: Get the dataset to return in json obj...
04/21/2013 12:53:29 pm: ... Got dataset to return in json obj
04/21/2013 12:53:29 pm: Query has run: <CALL USP_GetCategories2();>.
04/21/2013 12:53:29 pm: ... Got dataset to return in json obj
04/21/2013 12:53:29 pm: Get the dataset to return in json obj...
04/21/2013 12:53:29 pm: Query has run: <CALL USP_GetCurrencies();>.
04/21/2013 12:53:29 pm: ... Got dataset to return in json obj
04/21/2013 12:53:29 pm: Query has run: <CALL USP_GetAccounts();>.
04/21/2013 12:53:29 pm: ... Got dataset to return in json obj
04/21/2013 12:53:33 pm: Currency = <1>.
04/21/2013 12:53:41 pm: Get the dataset to return in json obj...
04/21/2013 12:53:41 pm: Get the dataset to return in json obj...
04/21/2013 12:53:41 pm: Get the dataset to return in json obj...
04/21/2013 12:53:41 pm: Get the dataset to return in json obj...
04/21/2013 12:53:41 pm: Query has run: <CALL USP_GetAccounts();>.
04/21/2013 12:53:41 pm: ... Got dataset to return in json obj
04/21/2013 12:53:41 pm: Query has run: <CALL USP_GetCategories();>.
04/21/2013 12:53:41 pm: ... Got dataset to return in json obj
04/21/2013 12:53:41 pm: Query has run: <CALL USP_GetCategories2();>.
04/21/2013 12:53:41 pm: ... Got dataset to return in json obj
04/21/2013 12:53:41 pm: Query has run: <CALL USP_GetCurrencies();>.
04/21/2013 12:53:41 pm: ... Got dataset to return in json obj
04/21/2013 12:53:41 pm: Get the dataset to return in json obj...
04/21/2013 12:53:41 pm: Query has run: <CALL USP_GetPayees();>.
04/21/2013 12:53:41 pm: ... Got dataset to return in json obj
04/21/2013 12:53:45 pm: Get the dataset to return in json obj...
04/21/2013 12:53:45 pm: Query has run: <CALL USP_GetAccounts();>.
04/21/2013 12:53:45 pm: ... Got dataset to return in json obj
04/21/2013 12:53:45 pm: Get the dataset to return in json obj...
04/21/2013 12:53:45 pm: Get the dataset to return in json obj...
04/21/2013 12:53:45 pm: Query has run: <CALL USP_GetPayees();>.
04/21/2013 12:53:45 pm: ... Got dataset to return in json obj
04/21/2013 12:53:45 pm: Query has run: <CALL USP_GetCategories();>.
04/21/2013 12:53:45 pm: ... Got dataset to return in json obj
04/21/2013 12:53:45 pm: Get the dataset to return in json obj...
04/21/2013 12:53:45 pm: Query has run: <CALL USP_GetCurrencies();>.
04/21/2013 12:53:45 pm: ... Got dataset to return in json obj
04/21/2013 12:53:45 pm: Get the dataset to return in json obj...
04/21/2013 12:53:45 pm: Query has run: <CALL USP_GetCategories2();>.
04/21/2013 12:53:45 pm: ... Got dataset to return in json obj
04/21/2013 12:53:56 pm: Get the dataset to return in json obj...
04/21/2013 12:53:56 pm: Get the dataset to return in json obj...
04/21/2013 12:53:56 pm: Get the dataset to return in json obj...
04/21/2013 12:53:56 pm: Query has run: <CALL USP_GetCurrencies();>.
04/21/2013 12:53:56 pm: ... Got dataset to return in json obj
04/21/2013 12:53:56 pm: Query has run: <CALL USP_GetPayees();>.
04/21/2013 12:53:56 pm: ... Got dataset to return in json obj
04/21/2013 12:53:56 pm: Query has run: <CALL USP_GetAccounts();>.
04/21/2013 12:53:56 pm: ... Got dataset to return in json obj
04/21/2013 12:53:56 pm: Get the dataset to return in json obj...
04/21/2013 12:53:56 pm: Get the dataset to return in json obj...
04/21/2013 12:53:56 pm: Query has run: <CALL USP_GetCategories();>.
04/21/2013 12:53:56 pm: ... Got dataset to return in json obj
04/21/2013 12:53:56 pm: Query has run: <CALL USP_GetCategories2();>.
04/21/2013 12:53:56 pm: ... Got dataset to return in json obj
04/21/2013 12:53:57 pm: Get the dataset to return in json obj...
04/21/2013 12:53:57 pm: Get the dataset to return in json obj...
04/21/2013 12:53:57 pm: Query has run: <CALL USP_GetAccounts();>.
04/21/2013 12:53:57 pm: ... Got dataset to return in json obj
04/21/2013 12:53:57 pm: Query has run: <CALL USP_GetCurrencies();>.
04/21/2013 12:53:57 pm: ... Got dataset to return in json obj
04/21/2013 12:53:57 pm: Get the dataset to return in json obj...
04/21/2013 12:53:57 pm: Get the dataset to return in json obj...
04/21/2013 12:53:57 pm: Get the dataset to return in json obj...
04/21/2013 12:53:57 pm: Query has run: <CALL USP_GetCategories();>.
04/21/2013 12:53:57 pm: ... Got dataset to return in json obj
04/21/2013 12:53:57 pm: Query has run: <CALL USP_GetPayees();>.
04/21/2013 12:53:57 pm: ... Got dataset to return in json obj
04/21/2013 12:53:57 pm: Query has run: <CALL USP_GetCategories2();>.
04/21/2013 12:53:57 pm: ... Got dataset to return in json obj
04/21/2013 12:55:17 pm: Get the dataset to return in json obj...
04/21/2013 12:55:17 pm: Query has run: <CALL USP_GetAccounts();>.
04/21/2013 12:55:17 pm: ... Got dataset to return in json obj
04/21/2013 12:55:17 pm: Get the dataset to return in json obj...
04/21/2013 12:55:17 pm: Query has run: <CALL USP_GetCurrencies();>.
04/21/2013 12:55:17 pm: ... Got dataset to return in json obj
04/21/2013 12:55:17 pm: Get the dataset to return in json obj...
04/21/2013 12:55:17 pm: Get the dataset to return in json obj...
04/21/2013 12:55:17 pm: Get the dataset to return in json obj...
04/21/2013 12:55:17 pm: Query has run: <CALL USP_GetCategories();>.
04/21/2013 12:55:17 pm: ... Got dataset to return in json obj
04/21/2013 12:55:17 pm: Query has run: <CALL USP_GetCategories2();>.
04/21/2013 12:55:17 pm: ... Got dataset to return in json obj
04/21/2013 12:55:17 pm: Query has run: <CALL USP_GetPayees();>.
04/21/2013 12:55:17 pm: ... Got dataset to return in json obj
04/21/2013 12:56:19 pm: Get the dataset to return in json obj...
04/21/2013 12:56:19 pm: Get the dataset to return in json obj...
04/21/2013 12:56:19 pm: Get the dataset to return in json obj...
04/21/2013 12:56:19 pm: Get the dataset to return in json obj...
04/21/2013 12:56:19 pm: Get the dataset to return in json obj...
04/21/2013 12:56:19 pm: Query has run: <CALL USP_GetCategories();>.
04/21/2013 12:56:19 pm: ... Got dataset to return in json obj
04/21/2013 12:56:19 pm: Query has run: <CALL USP_GetAccounts();>.
04/21/2013 12:56:19 pm: Query has run: <CALL USP_GetCategories2();>.
04/21/2013 12:56:19 pm: ... Got dataset to return in json obj
04/21/2013 12:56:19 pm: ... Got dataset to return in json obj
04/21/2013 12:56:19 pm: Query has run: <CALL USP_GetCurrencies();>.
04/21/2013 12:56:19 pm: ... Got dataset to return in json obj
04/21/2013 12:56:19 pm: Query has run: <CALL USP_GetPayees();>.
04/21/2013 12:56:19 pm: ... Got dataset to return in json obj
04/21/2013 12:56:32 pm: Get the dataset to return in json obj...
04/21/2013 12:56:32 pm: Get the dataset to return in json obj...
04/21/2013 12:56:32 pm: Query has run: <CALL USP_GetCurrencies();>.
04/21/2013 12:56:32 pm: ... Got dataset to return in json obj
04/21/2013 12:56:32 pm: Query has run: <CALL USP_GetAccounts();>.
04/21/2013 12:56:32 pm: ... Got dataset to return in json obj
04/21/2013 12:56:32 pm: Get the dataset to return in json obj...
04/21/2013 12:56:32 pm: Query has run: <CALL USP_GetPayees();>.
04/21/2013 12:56:32 pm: ... Got dataset to return in json obj
04/21/2013 12:56:32 pm: Get the dataset to return in json obj...
04/21/2013 12:56:32 pm: Query has run: <CALL USP_GetCategories();>.
04/21/2013 12:56:32 pm: ... Got dataset to return in json obj
04/21/2013 12:56:32 pm: Get the dataset to return in json obj...
04/21/2013 12:56:32 pm: Query has run: <CALL USP_GetCategories2();>.
04/21/2013 12:56:32 pm: ... Got dataset to return in json obj
04/21/2013 12:56:35 pm: Get the dataset to return in json obj...
04/21/2013 12:56:35 pm: Get the dataset to return in json obj...
04/21/2013 12:56:35 pm: Query has run: <CALL USP_GetCurrencies();>.
04/21/2013 12:56:35 pm: ... Got dataset to return in json obj
04/21/2013 12:56:35 pm: Get the dataset to return in json obj...
04/21/2013 12:56:35 pm: Query has run: <CALL USP_GetPayees();>.
04/21/2013 12:56:35 pm: ... Got dataset to return in json obj
04/21/2013 12:56:35 pm: Query has run: <CALL USP_GetAccounts();>.
04/21/2013 12:56:35 pm: Get the dataset to return in json obj...
04/21/2013 12:56:35 pm: ... Got dataset to return in json obj
04/21/2013 12:56:35 pm: Query has run: <CALL USP_GetCategories();>.
04/21/2013 12:56:35 pm: ... Got dataset to return in json obj
04/21/2013 12:56:35 pm: Get the dataset to return in json obj...
04/21/2013 12:56:35 pm: Query has run: <CALL USP_GetCategories2();>.
04/21/2013 12:56:35 pm: ... Got dataset to return in json obj
04/21/2013 12:56:38 pm: Get the dataset to return in json obj...
04/21/2013 12:56:38 pm: Get the dataset to return in json obj...
04/21/2013 12:56:38 pm: Query has run: <CALL USP_GetCategories2();>.
04/21/2013 12:56:38 pm: ... Got dataset to return in json obj
04/21/2013 12:56:38 pm: Get the dataset to return in json obj...
04/21/2013 12:56:38 pm: Get the dataset to return in json obj...
04/21/2013 12:56:38 pm: Get the dataset to return in json obj...
04/21/2013 12:56:38 pm: Query has run: <CALL USP_GetAccounts();>.
04/21/2013 12:56:38 pm: Query has run: <CALL USP_GetCurrencies();>.
04/21/2013 12:56:38 pm: Query has run: <CALL USP_GetPayees();>.
04/21/2013 12:56:38 pm: ... Got dataset to return in json obj
04/21/2013 12:56:38 pm: ... Got dataset to return in json obj
04/21/2013 12:56:38 pm: Query has run: <CALL USP_GetCategories();>.
04/21/2013 12:56:38 pm: ... Got dataset to return in json obj
04/21/2013 12:56:38 pm: ... Got dataset to return in json obj
04/21/2013 01:04:21 pm: Get the dataset to return in json obj...
04/21/2013 01:04:21 pm: Get the dataset to return in json obj...
04/21/2013 01:04:21 pm: Get the dataset to return in json obj...
04/21/2013 01:04:21 pm: Query has run: <CALL USP_GetPayees();>.
04/21/2013 01:04:21 pm: ... Got dataset to return in json obj
04/21/2013 01:04:21 pm: Get the dataset to return in json obj...
04/21/2013 01:04:21 pm: Query has run: <CALL USP_GetAccounts();>.
04/21/2013 01:04:21 pm: ... Got dataset to return in json obj
04/21/2013 01:04:21 pm: Query has run: <CALL USP_GetCurrencies();>.
04/21/2013 01:04:21 pm: ... Got dataset to return in json obj
04/21/2013 01:04:21 pm: Query has run: <CALL USP_GetCategories();>.
04/21/2013 01:04:21 pm: ... Got dataset to return in json obj
04/21/2013 01:04:21 pm: Get the dataset to return in json obj...
04/21/2013 01:04:21 pm: Query has run: <CALL USP_GetCategories2();>.
04/21/2013 01:04:21 pm: ... Got dataset to return in json obj
04/21/2013 02:01:46 pm: Get the dataset to return in json obj...
04/21/2013 02:01:46 pm: Get the dataset to return in json obj...
04/21/2013 02:01:46 pm: Query has run: <CALL USP_GetAccounts();>.
04/21/2013 02:01:46 pm: Get the dataset to return in json obj...
04/21/2013 02:01:46 pm: Query has run: <CALL USP_GetCurrencies();>.
04/21/2013 02:01:46 pm: ... Got dataset to return in json obj
04/21/2013 02:01:46 pm: Query has run: <CALL USP_GetPayees();>.
04/21/2013 02:01:46 pm: ... Got dataset to return in json obj
04/21/2013 02:01:46 pm: ... Got dataset to return in json obj
04/21/2013 02:01:46 pm: Get the dataset to return in json obj...
04/21/2013 02:01:46 pm: Query has run: <CALL USP_GetCategories();>.
04/21/2013 02:01:46 pm: ... Got dataset to return in json obj
04/21/2013 02:01:46 pm: Get the dataset to return in json obj...
04/21/2013 02:01:46 pm: Query has run: <CALL USP_GetCategories2();>.
04/21/2013 02:01:46 pm: ... Got dataset to return in json obj
04/21/2013 02:02:33 pm: Amount value: -3,98. Preg_match_all result is <1>
04/21/2013 02:02:33 pm: Currency = <1>.
04/21/2013 02:03:09 pm: Amount value: -8,61. Preg_match_all result is <1>
04/21/2013 02:03:09 pm: Currency = <1>.
04/21/2013 02:03:14 pm: Get the dataset to return in json obj...
04/21/2013 02:03:14 pm: Get the dataset to return in json obj...
04/21/2013 02:03:14 pm: Query has run: <CALL USP_GetAccounts();>.
04/21/2013 02:03:14 pm: ... Got dataset to return in json obj
04/21/2013 02:03:14 pm: Get the dataset to return in json obj...
04/21/2013 02:03:14 pm: Get the dataset to return in json obj...
04/21/2013 02:03:14 pm: Get the dataset to return in json obj...
04/21/2013 02:03:14 pm: Query has run: <CALL USP_GetPayees();>.
04/21/2013 02:03:14 pm: ... Got dataset to return in json obj
04/21/2013 02:03:14 pm: Query has run: <CALL USP_GetCategories2();>.
04/21/2013 02:03:14 pm: ... Got dataset to return in json obj
04/21/2013 02:03:14 pm: Query has run: <CALL USP_GetCurrencies();>.
04/21/2013 02:03:14 pm: ... Got dataset to return in json obj
04/21/2013 02:03:14 pm: Query has run: <CALL USP_GetCategories();>.
04/21/2013 02:03:14 pm: ... Got dataset to return in json obj
04/21/2013 09:13:46 pm: Get the dataset to return in json obj...
04/21/2013 09:13:46 pm: Get the dataset to return in json obj...
04/21/2013 09:13:46 pm: Get the dataset to return in json obj...
04/21/2013 09:13:46 pm: Get the dataset to return in json obj...
04/21/2013 09:13:46 pm: Query has run: <CALL USP_GetAccounts();>.
04/21/2013 09:13:46 pm: ... Got dataset to return in json obj
04/21/2013 09:13:46 pm: Get the dataset to return in json obj...
04/21/2013 09:13:46 pm: Query has run: <CALL USP_GetCurrencies();>.
04/21/2013 09:13:46 pm: ... Got dataset to return in json obj
04/21/2013 09:13:46 pm: Query has run: <CALL USP_GetCategories();>.
04/21/2013 09:13:46 pm: ... Got dataset to return in json obj
04/21/2013 09:13:46 pm: Query has run: <CALL USP_GetCategories2();>.
04/21/2013 09:13:46 pm: ... Got dataset to return in json obj
04/21/2013 09:13:46 pm: Query has run: <CALL USP_GetPayees();>.
04/21/2013 09:13:46 pm: ... Got dataset to return in json obj
