04/16/2013 06:38:08 pm: Get the dataset to return in json obj...
04/16/2013 06:38:09 pm: Get the dataset to return in json obj...
04/16/2013 06:38:08 pm: Get the dataset to return in json obj...
04/16/2013 06:38:08 pm: Get the dataset to return in json obj...
04/16/2013 06:38:11 pm: Query has run: <CALL USP_GetCategories();>.
04/16/2013 06:38:12 pm: Query has run: <CALL USP_GetCurrencies();>.
04/16/2013 06:38:12 pm: Query has run: <CALL USP_GetCategories2();>.
04/16/2013 06:38:12 pm: ... Got dataset to return in json obj
04/16/2013 06:38:12 pm: Query has run: <CALL USP_GetAccounts();>.
04/16/2013 06:38:12 pm: ... Got dataset to return in json obj
04/16/2013 06:38:12 pm: ... Got dataset to return in json obj
04/16/2013 06:38:12 pm: Query has run: <CALL USP_GetPayees();>.
04/16/2013 06:38:12 pm: ... Got dataset to return in json obj
04/16/2013 06:38:12 pm: ... Got dataset to return in json obj
04/16/2013 06:38:28 pm: Currency = <1>.
04/16/2013 06:38:33 pm: Get the dataset to return in json obj...
04/16/2013 06:38:33 pm: Get the dataset to return in json obj...
04/16/2013 06:38:33 pm: Get the dataset to return in json obj...
04/16/2013 06:38:33 pm: Get the dataset to return in json obj...
04/16/2013 06:38:33 pm: Get the dataset to return in json obj...
04/16/2013 06:38:34 pm: Query has run: <CALL USP_GetAccounts();>.
04/16/2013 06:38:34 pm: Query has run: <CALL USP_GetPayees();>.
04/16/2013 06:38:34 pm: ... Got dataset to return in json obj
04/16/2013 06:38:34 pm: ... Got dataset to return in json obj
04/16/2013 06:38:34 pm: Query has run: <CALL USP_GetCurrencies();>.
04/16/2013 06:38:34 pm: ... Got dataset to return in json obj
04/16/2013 06:38:34 pm: Query has run: <CALL USP_GetCategories();>.
04/16/2013 06:38:34 pm: ... Got dataset to return in json obj
04/16/2013 06:38:34 pm: Query has run: <CALL USP_GetCategories2();>.
04/16/2013 06:38:34 pm: ... Got dataset to return in json obj
04/16/2013 06:38:38 pm: Get the dataset to return in json obj...
04/16/2013 06:38:38 pm: Get the dataset to return in json obj...
04/16/2013 06:38:38 pm: Get the dataset to return in json obj...
04/16/2013 06:38:38 pm: Get the dataset to return in json obj...
04/16/2013 06:38:38 pm: Query has run: <CALL USP_GetCategories();>.
04/16/2013 06:38:38 pm: Get the dataset to return in json obj...
04/16/2013 06:38:38 pm: ... Got dataset to return in json obj
04/16/2013 06:38:38 pm: Query has run: <CALL USP_GetAccounts();>.
04/16/2013 06:38:38 pm: Query has run: <CALL USP_GetPayees();>.
04/16/2013 06:38:38 pm: ... Got dataset to return in json obj
04/16/2013 06:38:38 pm: Query has run: <CALL USP_GetCategories2();>.
04/16/2013 06:38:39 pm: ... Got dataset to return in json obj
04/16/2013 06:38:38 pm: ... Got dataset to return in json obj
04/16/2013 06:38:39 pm: Query has run: <CALL USP_GetCurrencies();>.
04/16/2013 06:38:39 pm: ... Got dataset to return in json obj
04/16/2013 06:38:39 pm: Get the dataset to return in json obj...
04/16/2013 06:38:39 pm: Get the dataset to return in json obj...
04/16/2013 06:38:39 pm: Get the dataset to return in json obj...
04/16/2013 06:38:39 pm: Get the dataset to return in json obj...
04/16/2013 06:38:39 pm: Get the dataset to return in json obj...
04/16/2013 06:38:39 pm: Query has run: <CALL USP_GetPayees();>.
04/16/2013 06:38:39 pm: ... Got dataset to return in json obj
04/16/2013 06:38:39 pm: Query has run: <CALL USP_GetCurrencies();>.
04/16/2013 06:38:39 pm: ... Got dataset to return in json obj
04/16/2013 06:38:39 pm: Query has run: <CALL USP_GetCategories();>.
04/16/2013 06:38:39 pm: ... Got dataset to return in json obj
04/16/2013 06:38:39 pm: Query has run: <CALL USP_GetAccounts();>.
04/16/2013 06:38:39 pm: ... Got dataset to return in json obj
04/16/2013 06:38:39 pm: Query has run: <CALL USP_GetCategories2();>.
04/16/2013 06:38:39 pm: ... Got dataset to return in json obj
04/16/2013 06:56:18 pm: Get the dataset to return in json obj...
04/16/2013 06:56:18 pm: Get the dataset to return in json obj...
04/16/2013 06:56:18 pm: Get the dataset to return in json obj...
04/16/2013 06:56:18 pm: Query has run: <CALL USP_GetAccounts();>.
04/16/2013 06:56:18 pm: ... Got dataset to return in json obj
04/16/2013 06:56:18 pm: Query has run: <CALL USP_GetCategories();>.
04/16/2013 06:56:18 pm: Get the dataset to return in json obj...
04/16/2013 06:56:18 pm: ... Got dataset to return in json obj
04/16/2013 06:56:18 pm: Get the dataset to return in json obj...
04/16/2013 06:56:18 pm: Query has run: <CALL USP_GetCurrencies();>.
04/16/2013 06:56:18 pm: ... Got dataset to return in json obj
04/16/2013 06:56:18 pm: Query has run: <CALL USP_GetPayees();>.
04/16/2013 06:56:18 pm: ... Got dataset to return in json obj
04/16/2013 06:56:18 pm: Query has run: <CALL USP_GetCategories2();>.
04/16/2013 06:56:18 pm: ... Got dataset to return in json obj
04/16/2013 06:56:50 pm: Amount value: -30,81. Preg_match_all result is <1>
04/16/2013 06:56:50 pm: Currency = <1>.
04/16/2013 07:04:29 pm: Get the dataset to return in json obj...
04/16/2013 07:04:29 pm: Get the dataset to return in json obj...
04/16/2013 07:04:29 pm: Get the dataset to return in json obj...
04/16/2013 07:04:29 pm: Query has run: <CALL USP_GetCurrencies();>.
04/16/2013 07:04:29 pm: ... Got dataset to return in json obj
04/16/2013 07:04:29 pm: Query has run: <CALL USP_GetPayees();>.
04/16/2013 07:04:29 pm: Query has run: <CALL USP_GetAccounts();>.
04/16/2013 07:04:29 pm: ... Got dataset to return in json obj
04/16/2013 07:04:29 pm: ... Got dataset to return in json obj
04/16/2013 07:04:29 pm: Get the dataset to return in json obj...
04/16/2013 07:04:29 pm: Query has run: <CALL USP_GetCategories();>.
04/16/2013 07:04:29 pm: ... Got dataset to return in json obj
04/16/2013 07:04:29 pm: Get the dataset to return in json obj...
04/16/2013 07:04:29 pm: Query has run: <CALL USP_GetCategories2();>.
04/16/2013 07:04:29 pm: ... Got dataset to return in json obj
04/16/2013 07:04:30 pm: Get the dataset to return in json obj...
04/16/2013 07:04:30 pm: Get the dataset to return in json obj...
04/16/2013 07:04:30 pm: Query has run: <CALL USP_GetCurrencies();>.
04/16/2013 07:04:30 pm: ... Got dataset to return in json obj
04/16/2013 07:04:30 pm: Query has run: <CALL USP_GetCategories();>.
04/16/2013 07:04:30 pm: ... Got dataset to return in json obj
04/16/2013 07:04:30 pm: Get the dataset to return in json obj...
04/16/2013 07:04:30 pm: Get the dataset to return in json obj...
04/16/2013 07:04:30 pm: Get the dataset to return in json obj...
04/16/2013 07:04:30 pm: Query has run: <CALL USP_GetAccounts();>.
04/16/2013 07:04:30 pm: ... Got dataset to return in json obj
04/16/2013 07:04:30 pm: Query has run: <CALL USP_GetPayees();>.
04/16/2013 07:04:30 pm: ... Got dataset to return in json obj
04/16/2013 07:04:30 pm: Query has run: <CALL USP_GetCategories2();>.
04/16/2013 07:04:30 pm: ... Got dataset to return in json obj
