03/29/2013 06:35:24 pm: Get the dataset to return in json obj...
03/29/2013 06:35:24 pm: Get the dataset to return in json obj...
03/29/2013 06:35:24 pm: Get the dataset to return in json obj...
03/29/2013 06:35:24 pm: Get the dataset to return in json obj...
03/29/2013 06:35:24 pm: Get the dataset to return in json obj...
03/29/2013 06:35:24 pm: Query has run: <CALL USP_GetPayees();>.
03/29/2013 06:35:24 pm: ... Got dataset to return in json obj
03/29/2013 06:35:24 pm: Query has run: <CALL USP_GetCategories();>.
03/29/2013 06:35:24 pm: ... Got dataset to return in json obj
03/29/2013 06:35:24 pm: Query has run: <CALL USP_GetCategories2();>.
03/29/2013 06:35:24 pm: ... Got dataset to return in json obj
03/29/2013 06:35:24 pm: Query has run: <CALL USP_GetCurrencies();>.
03/29/2013 06:35:24 pm: ... Got dataset to return in json obj
03/29/2013 06:35:24 pm: Query has run: <CALL USP_GetAccounts();>.
03/29/2013 06:35:24 pm: ... Got dataset to return in json obj
03/29/2013 06:35:55 pm: Amount value: 15. Preg_match_all result is <1>
03/29/2013 06:35:55 pm: Currency = <1>.
03/29/2013 06:36:02 pm: Get the dataset to return in json obj...
03/29/2013 06:36:02 pm: Query has run: <CALL USP_GetAccounts();>.
03/29/2013 06:36:02 pm: ... Got dataset to return in json obj
03/29/2013 06:36:02 pm: Get the dataset to return in json obj...
03/29/2013 06:36:02 pm: Get the dataset to return in json obj...
03/29/2013 06:36:02 pm: Get the dataset to return in json obj...
03/29/2013 06:36:02 pm: Get the dataset to return in json obj...
03/29/2013 06:36:02 pm: Query has run: <CALL USP_GetCategories();>.
03/29/2013 06:36:02 pm: ... Got dataset to return in json obj
03/29/2013 06:36:02 pm: Query has run: <CALL USP_GetCategories2();>.
03/29/2013 06:36:02 pm: ... Got dataset to return in json obj
03/29/2013 06:36:02 pm: Query has run: <CALL USP_GetCurrencies();>.
03/29/2013 06:36:02 pm: ... Got dataset to return in json obj
03/29/2013 06:36:02 pm: Query has run: <CALL USP_GetPayees();>.
03/29/2013 06:36:02 pm: ... Got dataset to return in json obj
