05/13/2013 09:01:39 pm: Get the dataset to return in json obj...
05/13/2013 09:01:39 pm: Get the dataset to return in json obj...
05/13/2013 09:01:39 pm: Get the dataset to return in json obj...
05/13/2013 09:01:39 pm: Query has run: <CALL USP_GetAccounts();>.
05/13/2013 09:01:39 pm: ... Got dataset to return in json obj
05/13/2013 09:01:39 pm: Query has run: <CALL USP_GetCurrencies();>.
05/13/2013 09:01:39 pm: ... Got dataset to return in json obj
05/13/2013 09:01:39 pm: Query has run: <CALL USP_GetCategories();>.
05/13/2013 09:01:39 pm: ... Got dataset to return in json obj
05/13/2013 09:01:39 pm: Query has run: <CALL USP_GetPayees();>.
05/13/2013 09:01:39 pm: ... Got dataset to return in json obj
05/13/2013 09:01:41 pm: Get the dataset to return in json obj...
05/13/2013 09:01:41 pm: Query has run: <CALL USP_GetCategories2();>.
05/13/2013 09:01:41 pm: ... Got dataset to return in json obj
05/13/2013 10:36:27 pm: Get the dataset to return in json obj...
05/13/2013 10:36:27 pm: Query has run: <CALL USP_GetCategories();>.
05/13/2013 10:36:27 pm: ... Got dataset to return in json obj
05/13/2013 10:36:27 pm: Get the dataset to return in json obj...
05/13/2013 10:36:27 pm: Get the dataset to return in json obj...
05/13/2013 10:36:27 pm: Query has run: <CALL USP_GetCurrencies();>.
05/13/2013 10:36:27 pm: Get the dataset to return in json obj...
05/13/2013 10:36:27 pm: ... Got dataset to return in json obj
05/13/2013 10:36:27 pm: Get the dataset to return in json obj...
05/13/2013 10:36:27 pm: Query has run: <CALL USP_GetPayees();>.
05/13/2013 10:36:27 pm: ... Got dataset to return in json obj
05/13/2013 10:36:27 pm: Query has run: <CALL USP_GetCategories2();>.
05/13/2013 10:36:27 pm: ... Got dataset to return in json obj
05/13/2013 10:36:27 pm: Query has run: <CALL USP_GetAccounts();>.
05/13/2013 10:36:27 pm: ... Got dataset to return in json obj
05/13/2013 10:37:07 pm: Amount value: -7. Preg_match_all result is <1>
05/13/2013 10:37:07 pm: Currency = <2>.
05/13/2013 10:38:44 pm: Amount value: -18,25. Preg_match_all result is <1>
05/13/2013 10:38:44 pm: Currency = <2>.
05/13/2013 10:39:12 pm: Amount value: -15. Preg_match_all result is <1>
05/13/2013 10:39:12 pm: Currency = <2>.
05/13/2013 10:39:37 pm: Amount value: -8,1. Preg_match_all result is <1>
05/13/2013 10:39:37 pm: Currency = <2>.
05/13/2013 10:39:56 pm: Get the dataset to return in json obj...
05/13/2013 10:39:56 pm: Get the dataset to return in json obj...
05/13/2013 10:39:56 pm: Query has run: <CALL USP_GetPayees();>.
05/13/2013 10:39:56 pm: ... Got dataset to return in json obj
05/13/2013 10:39:56 pm: Get the dataset to return in json obj...
05/13/2013 10:39:56 pm: Get the dataset to return in json obj...
05/13/2013 10:39:56 pm: Get the dataset to return in json obj...
05/13/2013 10:39:56 pm: Query has run: <CALL USP_GetCategories();>.
05/13/2013 10:39:56 pm: ... Got dataset to return in json obj
05/13/2013 10:39:56 pm: Query has run: <CALL USP_GetCurrencies();>.
05/13/2013 10:39:56 pm: ... Got dataset to return in json obj
05/13/2013 10:39:56 pm: Query has run: <CALL USP_GetCategories2();>.
05/13/2013 10:39:56 pm: ... Got dataset to return in json obj
05/13/2013 10:39:56 pm: Query has run: <CALL USP_GetAccounts();>.
05/13/2013 10:39:56 pm: ... Got dataset to return in json obj
05/13/2013 10:40:03 pm: Get the dataset to return in json obj...
05/13/2013 10:40:03 pm: Get the dataset to return in json obj...
05/13/2013 10:40:03 pm: Get the dataset to return in json obj...
05/13/2013 10:40:03 pm: Get the dataset to return in json obj...
05/13/2013 10:40:03 pm: Query has run: <CALL USP_GetCurrencies();>.
05/13/2013 10:40:03 pm: ... Got dataset to return in json obj
05/13/2013 10:40:03 pm: Get the dataset to return in json obj...
05/13/2013 10:40:03 pm: Query has run: <CALL USP_GetCategories();>.
05/13/2013 10:40:03 pm: ... Got dataset to return in json obj
05/13/2013 10:40:03 pm: Query has run: <CALL USP_GetAccounts();>.
05/13/2013 10:40:03 pm: ... Got dataset to return in json obj
05/13/2013 10:40:03 pm: Query has run: <CALL USP_GetPayees();>.
05/13/2013 10:40:03 pm: ... Got dataset to return in json obj
05/13/2013 10:40:03 pm: Query has run: <CALL USP_GetCategories2();>.
05/13/2013 10:40:03 pm: ... Got dataset to return in json obj
