03/03/2013 03:41:16 pm: Get the dataset to return in json obj...
03/03/2013 03:41:16 pm: Get the dataset to return in json obj...
03/03/2013 03:41:16 pm: Get the dataset to return in json obj...
03/03/2013 03:41:16 pm: Get the dataset to return in json obj...
03/03/2013 03:41:16 pm: Get the dataset to return in json obj...
03/03/2013 03:41:16 pm: Query has run: <CALL USP_GetCategories();>.
03/03/2013 03:41:16 pm: ... Got dataset to return in json obj
03/03/2013 03:41:16 pm: Query has run: <CALL USP_GetCurrencies();>.
03/03/2013 03:41:16 pm: ... Got dataset to return in json obj
03/03/2013 03:41:16 pm: Query has run: <CALL USP_GetCategories2();>.
03/03/2013 03:41:16 pm: Query has run: <CALL USP_GetAccounts();>.
03/03/2013 03:41:16 pm: ... Got dataset to return in json obj
03/03/2013 03:41:16 pm: Query has run: <CALL USP_GetPayees();>.
03/03/2013 03:41:16 pm: ... Got dataset to return in json obj
03/03/2013 03:41:16 pm: ... Got dataset to return in json obj
03/03/2013 03:41:39 pm: Amount value: -170. Preg_match_all result is <1>
03/03/2013 03:41:39 pm: Currency = <1>.
03/03/2013 03:42:04 pm: Amount value: -100. Preg_match_all result is <1>
03/03/2013 03:42:04 pm: Currency = <1>.
03/03/2013 03:42:21 pm: Amount value: -20,91. Preg_match_all result is <1>
03/03/2013 03:42:21 pm: Currency = <1>.
03/03/2013 03:42:37 pm: Amount value: -12,81. Preg_match_all result is <1>
03/03/2013 03:42:37 pm: Currency = <1>.
03/03/2013 03:42:59 pm: Amount value: -3. Preg_match_all result is <1>
03/03/2013 03:42:59 pm: Currency = <1>.
03/03/2013 03:43:32 pm: Amount value: -1,5. Preg_match_all result is <1>
03/03/2013 03:43:32 pm: Currency = <1>.
03/03/2013 03:44:30 pm: Amount value: -102,9. Preg_match_all result is <1>
03/03/2013 03:44:30 pm: Currency = <1>.
03/03/2013 03:45:04 pm: Amount value: 34,3. Preg_match_all result is <1>
03/03/2013 03:45:04 pm: Currency = <1>.
03/03/2013 03:45:13 pm: Amount value: 34,3. Preg_match_all result is <1>
03/03/2013 03:45:13 pm: Currency = <1>.
03/03/2013 03:46:21 pm: Amount value: 15,67. Preg_match_all result is <1>
03/03/2013 03:46:21 pm: Currency = <1>.
03/03/2013 03:46:30 pm: Amount value: 2,78. Preg_match_all result is <1>
03/03/2013 03:46:30 pm: Currency = <1>.
03/03/2013 03:46:36 pm: Get the dataset to return in json obj...
03/03/2013 03:46:36 pm: Get the dataset to return in json obj...
03/03/2013 03:46:36 pm: Query has run: <CALL USP_GetCurrencies();>.
03/03/2013 03:46:36 pm: ... Got dataset to return in json obj
03/03/2013 03:46:36 pm: Query has run: <CALL USP_GetAccounts();>.
03/03/2013 03:46:36 pm: ... Got dataset to return in json obj
03/03/2013 03:46:36 pm: Get the dataset to return in json obj...
03/03/2013 03:46:36 pm: Get the dataset to return in json obj...
03/03/2013 03:46:36 pm: Query has run: <CALL USP_GetCategories();>.
03/03/2013 03:46:36 pm: ... Got dataset to return in json obj
03/03/2013 03:46:36 pm: Query has run: <CALL USP_GetPayees();>.
03/03/2013 03:46:36 pm: ... Got dataset to return in json obj
03/03/2013 03:46:36 pm: Get the dataset to return in json obj...
03/03/2013 03:46:36 pm: Query has run: <CALL USP_GetCategories2();>.
03/03/2013 03:46:36 pm: ... Got dataset to return in json obj
03/03/2013 03:47:01 pm: Get the dataset to return in json obj...
03/03/2013 03:47:01 pm: Query has run: <CALL USP_GetAccounts();>.
03/03/2013 03:47:01 pm: ... Got dataset to return in json obj
03/03/2013 03:47:01 pm: Get the dataset to return in json obj...
03/03/2013 03:47:01 pm: Get the dataset to return in json obj...
03/03/2013 03:47:01 pm: Query has run: <CALL USP_GetCurrencies();>.
03/03/2013 03:47:01 pm: ... Got dataset to return in json obj
03/03/2013 03:47:01 pm: Query has run: <CALL USP_GetPayees();>.
03/03/2013 03:47:01 pm: ... Got dataset to return in json obj
03/03/2013 03:47:01 pm: Get the dataset to return in json obj...
03/03/2013 03:47:01 pm: Get the dataset to return in json obj...
03/03/2013 03:47:01 pm: Query has run: <CALL USP_GetCategories();>.
03/03/2013 03:47:01 pm: ... Got dataset to return in json obj
03/03/2013 03:47:01 pm: Query has run: <CALL USP_GetCategories2();>.
03/03/2013 03:47:01 pm: ... Got dataset to return in json obj
03/03/2013 08:14:35 pm: Get the dataset to return in json obj...
03/03/2013 08:14:35 pm: Get the dataset to return in json obj...
03/03/2013 08:14:35 pm: Get the dataset to return in json obj...
03/03/2013 08:14:35 pm: Query has run: <CALL USP_GetAccounts();>.
03/03/2013 08:14:35 pm: ... Got dataset to return in json obj
03/03/2013 08:14:35 pm: Query has run: <CALL USP_GetCurrencies();>.
03/03/2013 08:14:35 pm: ... Got dataset to return in json obj
03/03/2013 08:14:35 pm: Get the dataset to return in json obj...
03/03/2013 08:14:35 pm: Query has run: <CALL USP_GetPayees();>.
03/03/2013 08:14:35 pm: Query has run: <CALL USP_GetCategories();>.
03/03/2013 08:14:35 pm: ... Got dataset to return in json obj
03/03/2013 08:14:35 pm: ... Got dataset to return in json obj
03/03/2013 08:14:35 pm: Get the dataset to return in json obj...
03/03/2013 08:14:35 pm: Query has run: <CALL USP_GetCategories2();>.
03/03/2013 08:14:35 pm: ... Got dataset to return in json obj
03/03/2013 08:14:43 pm: Get the dataset to return in json obj...
03/03/2013 08:14:43 pm: Query has run: <CALL USP_GetAccounts();>.
03/03/2013 08:14:43 pm: ... Got dataset to return in json obj
03/03/2013 08:14:43 pm: Get the dataset to return in json obj...
03/03/2013 08:14:43 pm: Get the dataset to return in json obj...
03/03/2013 08:14:43 pm: Query has run: <CALL USP_GetCurrencies();>.
03/03/2013 08:14:43 pm: ... Got dataset to return in json obj
03/03/2013 08:14:43 pm: Query has run: <CALL USP_GetPayees();>.
03/03/2013 08:14:43 pm: ... Got dataset to return in json obj
03/03/2013 08:14:43 pm: Get the dataset to return in json obj...
03/03/2013 08:14:43 pm: Get the dataset to return in json obj...
03/03/2013 08:14:43 pm: Query has run: <CALL USP_GetCategories();>.
03/03/2013 08:14:43 pm: ... Got dataset to return in json obj
03/03/2013 08:14:43 pm: Query has run: <CALL USP_GetCategories2();>.
03/03/2013 08:14:43 pm: ... Got dataset to return in json obj
03/03/2013 08:14:55 pm: Get the dataset to return in json obj...
03/03/2013 08:14:55 pm: Query has run: <CALL USP_GetCurrencies();>.
03/03/2013 08:14:55 pm: ... Got dataset to return in json obj
03/03/2013 08:14:55 pm: Get the dataset to return in json obj...
03/03/2013 08:14:55 pm: Get the dataset to return in json obj...
03/03/2013 08:14:55 pm: Get the dataset to return in json obj...
03/03/2013 08:14:55 pm: Query has run: <CALL USP_GetPayees();>.
03/03/2013 08:14:55 pm: ... Got dataset to return in json obj
03/03/2013 08:14:55 pm: Query has run: <CALL USP_GetCategories();>.
03/03/2013 08:14:55 pm: Get the dataset to return in json obj...
03/03/2013 08:14:55 pm: ... Got dataset to return in json obj
03/03/2013 08:14:55 pm: Query has run: <CALL USP_GetAccounts();>.
03/03/2013 08:14:55 pm: ... Got dataset to return in json obj
03/03/2013 08:14:55 pm: Query has run: <CALL USP_GetCategories2();>.
03/03/2013 08:14:55 pm: ... Got dataset to return in json obj
03/03/2013 08:15:03 pm: Currency = <1>.
03/03/2013 08:15:12 pm: Get the dataset to return in json obj...
03/03/2013 08:15:12 pm: Query has run: <CALL USP_GetAccounts();>.
03/03/2013 08:15:12 pm: ... Got dataset to return in json obj
03/03/2013 08:15:12 pm: Get the dataset to return in json obj...
03/03/2013 08:15:12 pm: Get the dataset to return in json obj...
03/03/2013 08:15:12 pm: Get the dataset to return in json obj...
03/03/2013 08:15:12 pm: Query has run: <CALL USP_GetCurrencies();>.
03/03/2013 08:15:12 pm: ... Got dataset to return in json obj
03/03/2013 08:15:12 pm: Query has run: <CALL USP_GetPayees();>.
03/03/2013 08:15:12 pm: ... Got dataset to return in json obj
03/03/2013 08:15:12 pm: Query has run: <CALL USP_GetCategories2();>.
03/03/2013 08:15:12 pm: ... Got dataset to return in json obj
03/03/2013 08:15:12 pm: Get the dataset to return in json obj...
03/03/2013 08:15:12 pm: Query has run: <CALL USP_GetCategories();>.
03/03/2013 08:15:12 pm: ... Got dataset to return in json obj
03/03/2013 08:24:47 pm: Get the dataset to return in json obj...
03/03/2013 08:24:47 pm: Query has run: <CALL USP_GetAccounts();>.
03/03/2013 08:24:47 pm: ... Got dataset to return in json obj
03/03/2013 08:24:47 pm: Get the dataset to return in json obj...
03/03/2013 08:24:47 pm: Get the dataset to return in json obj...
03/03/2013 08:24:47 pm: Get the dataset to return in json obj...
03/03/2013 08:24:47 pm: Query has run: <CALL USP_GetCategories();>.
03/03/2013 08:24:47 pm: ... Got dataset to return in json obj
03/03/2013 08:24:47 pm: Get the dataset to return in json obj...
03/03/2013 08:24:47 pm: Query has run: <CALL USP_GetPayees();>.
03/03/2013 08:24:47 pm: Query has run: <CALL USP_GetCurrencies();>.
03/03/2013 08:24:47 pm: ... Got dataset to return in json obj
03/03/2013 08:24:47 pm: ... Got dataset to return in json obj
03/03/2013 08:24:47 pm: Query has run: <CALL USP_GetCategories2();>.
03/03/2013 08:24:47 pm: ... Got dataset to return in json obj
03/03/2013 08:25:06 pm: Amount value: -17,62. Preg_match_all result is <1>
03/03/2013 08:25:06 pm: Currency = <1>.
03/03/2013 08:25:09 pm: Get the dataset to return in json obj...
03/03/2013 08:25:09 pm: Get the dataset to return in json obj...
03/03/2013 08:25:09 pm: Query has run: <CALL USP_GetAccounts();>.
03/03/2013 08:25:09 pm: ... Got dataset to return in json obj
03/03/2013 08:25:09 pm: Query has run: <CALL USP_GetCurrencies();>.
03/03/2013 08:25:09 pm: ... Got dataset to return in json obj
03/03/2013 08:25:09 pm: Get the dataset to return in json obj...
03/03/2013 08:25:09 pm: Get the dataset to return in json obj...
03/03/2013 08:25:09 pm: Get the dataset to return in json obj...
03/03/2013 08:25:09 pm: Query has run: <CALL USP_GetCategories();>.
03/03/2013 08:25:09 pm: ... Got dataset to return in json obj
03/03/2013 08:25:09 pm: Query has run: <CALL USP_GetPayees();>.
03/03/2013 08:25:09 pm: ... Got dataset to return in json obj
03/03/2013 08:25:09 pm: Query has run: <CALL USP_GetCategories2();>.
03/03/2013 08:25:09 pm: ... Got dataset to return in json obj
03/03/2013 08:26:23 pm: Get the dataset to return in json obj...
03/03/2013 08:26:23 pm: Get the dataset to return in json obj...
03/03/2013 08:26:23 pm: Get the dataset to return in json obj...
03/03/2013 08:26:23 pm: Query has run: <CALL USP_GetAccounts();>.
03/03/2013 08:26:23 pm: ... Got dataset to return in json obj
03/03/2013 08:26:23 pm: Query has run: <CALL USP_GetPayees();>.
03/03/2013 08:26:23 pm: Query has run: <CALL USP_GetCurrencies();>.
03/03/2013 08:26:23 pm: ... Got dataset to return in json obj
03/03/2013 08:26:23 pm: ... Got dataset to return in json obj
03/03/2013 08:26:23 pm: Get the dataset to return in json obj...
03/03/2013 08:26:23 pm: Query has run: <CALL USP_GetCategories();>.
03/03/2013 08:26:23 pm: ... Got dataset to return in json obj
03/03/2013 08:26:23 pm: Get the dataset to return in json obj...
03/03/2013 08:26:23 pm: Query has run: <CALL USP_GetCategories2();>.
03/03/2013 08:26:23 pm: ... Got dataset to return in json obj
03/03/2013 08:27:21 pm: Currency = <1>.
03/03/2013 08:28:11 pm: Get the dataset to return in json obj...
03/03/2013 08:28:11 pm: Query has run: <CALL USP_GetCurrencies();>.
03/03/2013 08:28:11 pm: ... Got dataset to return in json obj
03/03/2013 08:28:11 pm: Get the dataset to return in json obj...
03/03/2013 08:28:11 pm: Get the dataset to return in json obj...
03/03/2013 08:28:11 pm: Query has run: <CALL USP_GetAccounts();>.
03/03/2013 08:28:11 pm: ... Got dataset to return in json obj
03/03/2013 08:28:11 pm: Query has run: <CALL USP_GetPayees();>.
03/03/2013 08:28:11 pm: ... Got dataset to return in json obj
03/03/2013 08:28:11 pm: Get the dataset to return in json obj...
03/03/2013 08:28:11 pm: Query has run: <CALL USP_GetCategories2();>.
03/03/2013 08:28:11 pm: ... Got dataset to return in json obj
03/03/2013 08:28:11 pm: Get the dataset to return in json obj...
03/03/2013 08:28:11 pm: Query has run: <CALL USP_GetCategories();>.
03/03/2013 08:28:11 pm: ... Got dataset to return in json obj
03/03/2013 08:28:33 pm: Amount value: -100. Preg_match_all result is <1>
03/03/2013 08:28:33 pm: Currency = <1>.
03/03/2013 08:28:37 pm: Get the dataset to return in json obj...
03/03/2013 08:28:37 pm: Get the dataset to return in json obj...
03/03/2013 08:28:37 pm: Query has run: <CALL USP_GetAccounts();>.
03/03/2013 08:28:37 pm: ... Got dataset to return in json obj
03/03/2013 08:28:37 pm: Query has run: <CALL USP_GetCurrencies();>.
03/03/2013 08:28:37 pm: ... Got dataset to return in json obj
03/03/2013 08:28:37 pm: Get the dataset to return in json obj...
03/03/2013 08:28:37 pm: Get the dataset to return in json obj...
03/03/2013 08:28:37 pm: Get the dataset to return in json obj...
03/03/2013 08:28:37 pm: Query has run: <CALL USP_GetPayees();>.
03/03/2013 08:28:37 pm: ... Got dataset to return in json obj
03/03/2013 08:28:37 pm: Query has run: <CALL USP_GetCategories();>.
03/03/2013 08:28:37 pm: ... Got dataset to return in json obj
03/03/2013 08:28:37 pm: Query has run: <CALL USP_GetCategories2();>.
03/03/2013 08:28:37 pm: ... Got dataset to return in json obj
03/03/2013 08:28:39 pm: Get the dataset to return in json obj...
03/03/2013 08:28:39 pm: Get the dataset to return in json obj...
03/03/2013 08:28:39 pm: Get the dataset to return in json obj...
03/03/2013 08:28:39 pm: Get the dataset to return in json obj...
03/03/2013 08:28:39 pm: Get the dataset to return in json obj...
03/03/2013 08:28:39 pm: Query has run: <CALL USP_GetCurrencies();>.
03/03/2013 08:28:39 pm: ... Got dataset to return in json obj
03/03/2013 08:28:39 pm: Query has run: <CALL USP_GetPayees();>.
03/03/2013 08:28:39 pm: Query has run: <CALL USP_GetAccounts();>.
03/03/2013 08:28:39 pm: ... Got dataset to return in json obj
03/03/2013 08:28:39 pm: Query has run: <CALL USP_GetCategories2();>.
03/03/2013 08:28:39 pm: ... Got dataset to return in json obj
03/03/2013 08:28:39 pm: ... Got dataset to return in json obj
03/03/2013 08:28:39 pm: Query has run: <CALL USP_GetCategories();>.
03/03/2013 08:28:39 pm: ... Got dataset to return in json obj
03/03/2013 08:28:50 pm: Currency = <1>.
03/03/2013 08:28:54 pm: Get the dataset to return in json obj...
03/03/2013 08:28:54 pm: Get the dataset to return in json obj...
03/03/2013 08:28:54 pm: Query has run: <CALL USP_GetAccounts();>.
03/03/2013 08:28:54 pm: ... Got dataset to return in json obj
03/03/2013 08:28:54 pm: Get the dataset to return in json obj...
03/03/2013 08:28:54 pm: Query has run: <CALL USP_GetPayees();>.
03/03/2013 08:28:54 pm: ... Got dataset to return in json obj
03/03/2013 08:28:54 pm: Query has run: <CALL USP_GetCurrencies();>.
03/03/2013 08:28:54 pm: ... Got dataset to return in json obj
03/03/2013 08:28:54 pm: Get the dataset to return in json obj...
03/03/2013 08:28:54 pm: Query has run: <CALL USP_GetCategories();>.
03/03/2013 08:28:54 pm: ... Got dataset to return in json obj
03/03/2013 08:28:54 pm: Get the dataset to return in json obj...
03/03/2013 08:28:54 pm: Query has run: <CALL USP_GetCategories2();>.
03/03/2013 08:28:54 pm: ... Got dataset to return in json obj
03/03/2013 08:30:09 pm: Get the dataset to return in json obj...
03/03/2013 08:30:09 pm: Get the dataset to return in json obj...
03/03/2013 08:30:09 pm: Get the dataset to return in json obj...
03/03/2013 08:30:09 pm: Get the dataset to return in json obj...
03/03/2013 08:30:09 pm: Query has run: <CALL USP_GetCurrencies();>.
03/03/2013 08:30:09 pm: ... Got dataset to return in json obj
03/03/2013 08:30:09 pm: Query has run: <CALL USP_GetCategories();>.
03/03/2013 08:30:09 pm: ... Got dataset to return in json obj
03/03/2013 08:30:09 pm: Query has run: <CALL USP_GetPayees();>.
03/03/2013 08:30:09 pm: ... Got dataset to return in json obj
03/03/2013 08:30:09 pm: Query has run: <CALL USP_GetCategories2();>.
03/03/2013 08:30:09 pm: ... Got dataset to return in json obj
03/03/2013 08:30:09 pm: Get the dataset to return in json obj...
03/03/2013 08:30:09 pm: Query has run: <CALL USP_GetAccounts();>.
03/03/2013 08:30:09 pm: ... Got dataset to return in json obj
03/03/2013 08:30:13 pm: Currency = <1>.
03/03/2013 08:30:16 pm: Get the dataset to return in json obj...
03/03/2013 08:30:16 pm: Query has run: <CALL USP_GetAccounts();>.
03/03/2013 08:30:16 pm: Get the dataset to return in json obj...
03/03/2013 08:30:16 pm: ... Got dataset to return in json obj
03/03/2013 08:30:16 pm: Query has run: <CALL USP_GetCurrencies();>.
03/03/2013 08:30:16 pm: ... Got dataset to return in json obj
03/03/2013 08:30:16 pm: Get the dataset to return in json obj...
03/03/2013 08:30:16 pm: Get the dataset to return in json obj...
03/03/2013 08:30:16 pm: Query has run: <CALL USP_GetPayees();>.
03/03/2013 08:30:16 pm: ... Got dataset to return in json obj
03/03/2013 08:30:16 pm: Query has run: <CALL USP_GetCategories();>.
03/03/2013 08:30:16 pm: ... Got dataset to return in json obj
03/03/2013 08:30:16 pm: Get the dataset to return in json obj...
03/03/2013 08:30:16 pm: Query has run: <CALL USP_GetCategories2();>.
03/03/2013 08:30:16 pm: ... Got dataset to return in json obj
03/03/2013 08:30:38 pm: Currency = <1>.
03/03/2013 08:30:40 pm: Get the dataset to return in json obj...
03/03/2013 08:30:40 pm: Query has run: <CALL USP_GetPayees();>.
03/03/2013 08:30:40 pm: ... Got dataset to return in json obj
03/03/2013 08:30:40 pm: Get the dataset to return in json obj...
03/03/2013 08:30:40 pm: Get the dataset to return in json obj...
03/03/2013 08:30:40 pm: Query has run: <CALL USP_GetAccounts();>.
03/03/2013 08:30:40 pm: Query has run: <CALL USP_GetCurrencies();>.
03/03/2013 08:30:40 pm: ... Got dataset to return in json obj
03/03/2013 08:30:40 pm: ... Got dataset to return in json obj
03/03/2013 08:30:40 pm: Get the dataset to return in json obj...
03/03/2013 08:30:40 pm: Get the dataset to return in json obj...
03/03/2013 08:30:40 pm: Query has run: <CALL USP_GetCategories2();>.
03/03/2013 08:30:40 pm: Query has run: <CALL USP_GetCategories();>.
03/03/2013 08:30:40 pm: ... Got dataset to return in json obj
03/03/2013 08:30:40 pm: ... Got dataset to return in json obj
03/03/2013 08:35:07 pm: Get the dataset to return in json obj...
03/03/2013 08:35:07 pm: Get the dataset to return in json obj...
03/03/2013 08:35:07 pm: Query has run: <CALL USP_GetCurrencies();>.
03/03/2013 08:35:07 pm: ... Got dataset to return in json obj
03/03/2013 08:35:07 pm: Query has run: <CALL USP_GetPayees();>.
03/03/2013 08:35:07 pm: ... Got dataset to return in json obj
03/03/2013 08:35:07 pm: Get the dataset to return in json obj...
03/03/2013 08:35:07 pm: Get the dataset to return in json obj...
03/03/2013 08:35:07 pm: Query has run: <CALL USP_GetAccounts();>.
03/03/2013 08:35:07 pm: ... Got dataset to return in json obj
03/03/2013 08:35:07 pm: Query has run: <CALL USP_GetCategories2();>.
03/03/2013 08:35:07 pm: ... Got dataset to return in json obj
03/03/2013 08:35:07 pm: Get the dataset to return in json obj...
03/03/2013 08:35:07 pm: Query has run: <CALL USP_GetCategories();>.
03/03/2013 08:35:07 pm: ... Got dataset to return in json obj
03/03/2013 08:35:34 pm: Amount value: -926,88. Preg_match_all result is <1>
03/03/2013 08:35:34 pm: Currency = <1>.
03/03/2013 08:35:37 pm: Get the dataset to return in json obj...
03/03/2013 08:35:37 pm: Get the dataset to return in json obj...
03/03/2013 08:35:37 pm: Query has run: <CALL USP_GetCurrencies();>.
03/03/2013 08:35:37 pm: ... Got dataset to return in json obj
03/03/2013 08:35:37 pm: Get the dataset to return in json obj...
03/03/2013 08:35:37 pm: Query has run: <CALL USP_GetAccounts();>.
03/03/2013 08:35:37 pm: ... Got dataset to return in json obj
03/03/2013 08:35:37 pm: Get the dataset to return in json obj...
03/03/2013 08:35:37 pm: Get the dataset to return in json obj...
03/03/2013 08:35:37 pm: Query has run: <CALL USP_GetPayees();>.
03/03/2013 08:35:37 pm: ... Got dataset to return in json obj
03/03/2013 08:35:37 pm: Query has run: <CALL USP_GetCategories2();>.
03/03/2013 08:35:37 pm: Query has run: <CALL USP_GetCategories();>.
03/03/2013 08:35:37 pm: ... Got dataset to return in json obj
03/03/2013 08:35:37 pm: ... Got dataset to return in json obj
03/03/2013 08:35:55 pm: Get the dataset to return in json obj...
03/03/2013 08:35:55 pm: Get the dataset to return in json obj...
03/03/2013 08:35:55 pm: Query has run: <CALL USP_GetAccounts();>.
03/03/2013 08:35:55 pm: Get the dataset to return in json obj...
03/03/2013 08:35:55 pm: Get the dataset to return in json obj...
03/03/2013 08:35:55 pm: ... Got dataset to return in json obj
03/03/2013 08:35:55 pm: Get the dataset to return in json obj...
03/03/2013 08:35:55 pm: Query has run: <CALL USP_GetCurrencies();>.
03/03/2013 08:35:55 pm: ... Got dataset to return in json obj
03/03/2013 08:35:55 pm: Query has run: <CALL USP_GetCategories2();>.
03/03/2013 08:35:55 pm: Query has run: <CALL USP_GetCategories();>.
03/03/2013 08:35:55 pm: ... Got dataset to return in json obj
03/03/2013 08:35:55 pm: ... Got dataset to return in json obj
03/03/2013 08:35:55 pm: Query has run: <CALL USP_GetPayees();>.
03/03/2013 08:35:55 pm: ... Got dataset to return in json obj
03/03/2013 08:36:27 pm: Amount value: -1100. Preg_match_all result is <1>
03/03/2013 08:36:27 pm: Currency = <1>.
03/03/2013 08:36:32 pm: Get the dataset to return in json obj...
03/03/2013 08:36:32 pm: Get the dataset to return in json obj...
03/03/2013 08:36:32 pm: Get the dataset to return in json obj...
03/03/2013 08:36:32 pm: Get the dataset to return in json obj...
03/03/2013 08:36:32 pm: Query has run: <CALL USP_GetCategories();>.
03/03/2013 08:36:32 pm: ... Got dataset to return in json obj
03/03/2013 08:36:32 pm: Query has run: <CALL USP_GetPayees();>.
03/03/2013 08:36:32 pm: ... Got dataset to return in json obj
03/03/2013 08:36:32 pm: Query has run: <CALL USP_GetAccounts();>.
03/03/2013 08:36:32 pm: ... Got dataset to return in json obj
03/03/2013 08:36:32 pm: Query has run: <CALL USP_GetCurrencies();>.
03/03/2013 08:36:32 pm: ... Got dataset to return in json obj
03/03/2013 08:36:32 pm: Get the dataset to return in json obj...
03/03/2013 08:36:32 pm: Query has run: <CALL USP_GetCategories2();>.
03/03/2013 08:36:32 pm: ... Got dataset to return in json obj
03/03/2013 08:41:46 pm: Get the dataset to return in json obj...
03/03/2013 08:41:46 pm: Get the dataset to return in json obj...
03/03/2013 08:41:46 pm: Query has run: <CALL USP_GetCurrencies();>.
03/03/2013 08:41:46 pm: ... Got dataset to return in json obj
03/03/2013 08:41:46 pm: Get the dataset to return in json obj...
03/03/2013 08:41:46 pm: Query has run: <CALL USP_GetAccounts();>.
03/03/2013 08:41:46 pm: ... Got dataset to return in json obj
03/03/2013 08:41:46 pm: Get the dataset to return in json obj...
03/03/2013 08:41:46 pm: Query has run: <CALL USP_GetPayees();>.
03/03/2013 08:41:46 pm: ... Got dataset to return in json obj
03/03/2013 08:41:46 pm: Query has run: <CALL USP_GetCategories();>.
03/03/2013 08:41:46 pm: ... Got dataset to return in json obj
03/03/2013 08:41:46 pm: Get the dataset to return in json obj...
03/03/2013 08:41:46 pm: Query has run: <CALL USP_GetCategories2();>.
03/03/2013 08:41:46 pm: ... Got dataset to return in json obj
03/03/2013 08:41:47 pm: Get the dataset to return in json obj...
03/03/2013 08:41:47 pm: Query has run: <CALL USP_GetCategories();>.
03/03/2013 08:41:47 pm: ... Got dataset to return in json obj
03/03/2013 08:41:47 pm: Get the dataset to return in json obj...
03/03/2013 08:41:47 pm: Query has run: <CALL USP_GetCategories2();>.
03/03/2013 08:41:47 pm: ... Got dataset to return in json obj
03/03/2013 08:41:47 pm: Get the dataset to return in json obj...
03/03/2013 08:41:47 pm: Query has run: <CALL USP_GetCurrencies();>.
03/03/2013 08:41:47 pm: ... Got dataset to return in json obj
03/03/2013 08:41:47 pm: Get the dataset to return in json obj...
03/03/2013 08:41:47 pm: Get the dataset to return in json obj...
03/03/2013 08:41:47 pm: Query has run: <CALL USP_GetPayees();>.
03/03/2013 08:41:47 pm: ... Got dataset to return in json obj
03/03/2013 08:41:47 pm: Query has run: <CALL USP_GetAccounts();>.
03/03/2013 08:41:47 pm: ... Got dataset to return in json obj
03/03/2013 08:42:25 pm: Get the dataset to return in json obj...
03/03/2013 08:42:25 pm: Get the dataset to return in json obj...
03/03/2013 08:42:25 pm: Get the dataset to return in json obj...
03/03/2013 08:42:25 pm: Get the dataset to return in json obj...
03/03/2013 08:42:25 pm: Query has run: <CALL USP_GetAccounts();>.
03/03/2013 08:42:25 pm: ... Got dataset to return in json obj
03/03/2013 08:42:25 pm: Query has run: <CALL USP_GetPayees();>.
03/03/2013 08:42:25 pm: ... Got dataset to return in json obj
03/03/2013 08:42:25 pm: Query has run: <CALL USP_GetCategories();>.
03/03/2013 08:42:25 pm: Query has run: <CALL USP_GetCurrencies();>.
03/03/2013 08:42:25 pm: ... Got dataset to return in json obj
03/03/2013 08:42:25 pm: ... Got dataset to return in json obj
03/03/2013 08:42:25 pm: Get the dataset to return in json obj...
03/03/2013 08:42:25 pm: Query has run: <CALL USP_GetCategories2();>.
03/03/2013 08:42:25 pm: ... Got dataset to return in json obj
03/03/2013 08:42:43 pm: Get the dataset to return in json obj...
03/03/2013 08:42:43 pm: Get the dataset to return in json obj...
03/03/2013 08:42:43 pm: Query has run: <CALL USP_GetCurrencies();>.
03/03/2013 08:42:43 pm: ... Got dataset to return in json obj
03/03/2013 08:42:43 pm: Query has run: <CALL USP_GetCategories();>.
03/03/2013 08:42:43 pm: ... Got dataset to return in json obj
03/03/2013 08:42:43 pm: Get the dataset to return in json obj...
03/03/2013 08:42:43 pm: Get the dataset to return in json obj...
03/03/2013 08:42:43 pm: Query has run: <CALL USP_GetPayees();>.
03/03/2013 08:42:43 pm: ... Got dataset to return in json obj
03/03/2013 08:42:43 pm: Get the dataset to return in json obj...
03/03/2013 08:42:43 pm: Query has run: <CALL USP_GetAccounts();>.
03/03/2013 08:42:43 pm: ... Got dataset to return in json obj
03/03/2013 08:42:43 pm: Query has run: <CALL USP_GetCategories2();>.
03/03/2013 08:42:43 pm: ... Got dataset to return in json obj
03/03/2013 08:43:04 pm: Amount value: 83,67. Preg_match_all result is <1>
03/03/2013 08:43:04 pm: Currency = <1>.
03/03/2013 08:43:08 pm: Get the dataset to return in json obj...
03/03/2013 08:43:08 pm: Get the dataset to return in json obj...
03/03/2013 08:43:08 pm: Get the dataset to return in json obj...
03/03/2013 08:43:08 pm: Get the dataset to return in json obj...
03/03/2013 08:43:08 pm: Get the dataset to return in json obj...
03/03/2013 08:43:08 pm: Query has run: <CALL USP_GetCategories();>.
03/03/2013 08:43:08 pm: ... Got dataset to return in json obj
03/03/2013 08:43:08 pm: Query has run: <CALL USP_GetPayees();>.
03/03/2013 08:43:08 pm: ... Got dataset to return in json obj
03/03/2013 08:43:08 pm: Query has run: <CALL USP_GetAccounts();>.
03/03/2013 08:43:08 pm: ... Got dataset to return in json obj
03/03/2013 08:43:08 pm: Query has run: <CALL USP_GetCurrencies();>.
03/03/2013 08:43:08 pm: ... Got dataset to return in json obj
03/03/2013 08:43:08 pm: Query has run: <CALL USP_GetCategories2();>.
03/03/2013 08:43:08 pm: ... Got dataset to return in json obj
03/03/2013 08:43:16 pm: Get the dataset to return in json obj...
03/03/2013 08:43:16 pm: Query has run: <CALL USP_GetAccounts();>.
03/03/2013 08:43:16 pm: ... Got dataset to return in json obj
03/03/2013 08:43:16 pm: Get the dataset to return in json obj...
03/03/2013 08:43:16 pm: Query has run: <CALL USP_GetCurrencies();>.
03/03/2013 08:43:16 pm: ... Got dataset to return in json obj
03/03/2013 08:43:16 pm: Get the dataset to return in json obj...
03/03/2013 08:43:16 pm: Query has run: <CALL USP_GetPayees();>.
03/03/2013 08:43:16 pm: ... Got dataset to return in json obj
03/03/2013 08:43:16 pm: Get the dataset to return in json obj...
03/03/2013 08:43:16 pm: Query has run: <CALL USP_GetCategories();>.
03/03/2013 08:43:16 pm: ... Got dataset to return in json obj
03/03/2013 08:43:16 pm: Get the dataset to return in json obj...
03/03/2013 08:43:16 pm: Query has run: <CALL USP_GetCategories2();>.
03/03/2013 08:43:16 pm: ... Got dataset to return in json obj
03/03/2013 08:43:59 pm: Currency = <1>.
03/03/2013 08:44:02 pm: Get the dataset to return in json obj...
03/03/2013 08:44:02 pm: Get the dataset to return in json obj...
03/03/2013 08:44:02 pm: Query has run: <CALL USP_GetCurrencies();>.
03/03/2013 08:44:02 pm: ... Got dataset to return in json obj
03/03/2013 08:44:02 pm: Query has run: <CALL USP_GetPayees();>.
03/03/2013 08:44:02 pm: ... Got dataset to return in json obj
03/03/2013 08:44:02 pm: Get the dataset to return in json obj...
03/03/2013 08:44:02 pm: Query has run: <CALL USP_GetAccounts();>.
03/03/2013 08:44:02 pm: ... Got dataset to return in json obj
03/03/2013 08:44:02 pm: Get the dataset to return in json obj...
03/03/2013 08:44:02 pm: Get the dataset to return in json obj...
03/03/2013 08:44:02 pm: Query has run: <CALL USP_GetCategories();>.
03/03/2013 08:44:02 pm: ... Got dataset to return in json obj
03/03/2013 08:44:02 pm: Query has run: <CALL USP_GetCategories2();>.
03/03/2013 08:44:02 pm: ... Got dataset to return in json obj
03/03/2013 08:44:47 pm: Currency = <1>.
03/03/2013 08:44:51 pm: Get the dataset to return in json obj...
03/03/2013 08:44:51 pm: Get the dataset to return in json obj...
03/03/2013 08:44:51 pm: Get the dataset to return in json obj...
03/03/2013 08:44:51 pm: Get the dataset to return in json obj...
03/03/2013 08:44:51 pm: Query has run: <CALL USP_GetCurrencies();>.
03/03/2013 08:44:51 pm: ... Got dataset to return in json obj
03/03/2013 08:44:51 pm: Query has run: <CALL USP_GetPayees();>.
03/03/2013 08:44:51 pm: ... Got dataset to return in json obj
03/03/2013 08:44:51 pm: Query has run: <CALL USP_GetCategories2();>.
03/03/2013 08:44:51 pm: ... Got dataset to return in json obj
03/03/2013 08:44:51 pm: Query has run: <CALL USP_GetCategories();>.
03/03/2013 08:44:51 pm: ... Got dataset to return in json obj
03/03/2013 08:44:51 pm: Get the dataset to return in json obj...
03/03/2013 08:44:51 pm: Query has run: <CALL USP_GetAccounts();>.
03/03/2013 08:44:51 pm: ... Got dataset to return in json obj
