02/26/2013 10:12:25 pm: Get the dataset to return in json obj...
02/26/2013 10:12:25 pm: Get the dataset to return in json obj...
02/26/2013 10:12:25 pm: Get the dataset to return in json obj...
02/26/2013 10:12:25 pm: Get the dataset to return in json obj...
02/26/2013 10:12:25 pm: Query has run: <CALL USP_GetCategories();>.
02/26/2013 10:12:25 pm: ... Got dataset to return in json obj
02/26/2013 10:12:26 pm: Query has run: <CALL USP_GetPayees();>.
02/26/2013 10:12:26 pm: Query has run: <CALL USP_GetAccounts();>.
02/26/2013 10:12:26 pm: Query has run: <CALL USP_GetCurrencies();>.
02/26/2013 10:12:26 pm: ... Got dataset to return in json obj
02/26/2013 10:12:26 pm: ... Got dataset to return in json obj
02/26/2013 10:12:26 pm: Query has run: <CALL USP_GetCategories2();>.
02/26/2013 10:12:26 pm: ... Got dataset to return in json obj
02/26/2013 10:12:26 pm: ... Got dataset to return in json obj
02/26/2013 10:12:53 pm: Amount value: -750. Preg_match_all result is <1>
02/26/2013 10:12:53 pm: Currency = <1>.
02/26/2013 10:12:57 pm: Get the dataset to return in json obj...
02/26/2013 10:12:57 pm: Get the dataset to return in json obj...
02/26/2013 10:12:57 pm: Query has run: <CALL USP_GetAccounts();>.
02/26/2013 10:12:57 pm: ... Got dataset to return in json obj
02/26/2013 10:12:57 pm: Query has run: <CALL USP_GetCategories2();>.
02/26/2013 10:12:57 pm: ... Got dataset to return in json obj
02/26/2013 10:12:57 pm: Get the dataset to return in json obj...
02/26/2013 10:12:57 pm: Query has run: <CALL USP_GetCategories();>.
02/26/2013 10:12:57 pm: ... Got dataset to return in json obj
02/26/2013 10:12:57 pm: Get the dataset to return in json obj...
02/26/2013 10:12:57 pm: Get the dataset to return in json obj...
02/26/2013 10:12:57 pm: Query has run: <CALL USP_GetCurrencies();>.
02/26/2013 10:12:57 pm: ... Got dataset to return in json obj
02/26/2013 10:12:57 pm: Query has run: <CALL USP_GetPayees();>.
02/26/2013 10:12:57 pm: ... Got dataset to return in json obj
02/26/2013 10:23:27 pm: Currency = <1>.
02/26/2013 10:23:35 pm: Get the dataset to return in json obj...
02/26/2013 10:23:35 pm: Get the dataset to return in json obj...
02/26/2013 10:23:35 pm: Query has run: <CALL USP_GetCurrencies();>.
02/26/2013 10:23:35 pm: ... Got dataset to return in json obj
02/26/2013 10:23:35 pm: Query has run: <CALL USP_GetAccounts();>.
02/26/2013 10:23:35 pm: ... Got dataset to return in json obj
02/26/2013 10:23:35 pm: Get the dataset to return in json obj...
02/26/2013 10:23:35 pm: Query has run: <CALL USP_GetPayees();>.
02/26/2013 10:23:35 pm: ... Got dataset to return in json obj
02/26/2013 10:23:35 pm: Get the dataset to return in json obj...
02/26/2013 10:23:35 pm: Get the dataset to return in json obj...
02/26/2013 10:23:35 pm: Query has run: <CALL USP_GetCategories();>.
02/26/2013 10:23:35 pm: ... Got dataset to return in json obj
02/26/2013 10:23:35 pm: Query has run: <CALL USP_GetCategories2();>.
02/26/2013 10:23:35 pm: ... Got dataset to return in json obj
