05/12/2013 07:06:51 am: Get the dataset to return in json obj...
05/12/2013 07:06:51 am: Get the dataset to return in json obj...
05/12/2013 07:06:51 am: Get the dataset to return in json obj...
05/12/2013 07:06:51 am: Query has run: <CALL USP_GetAccounts();>.
05/12/2013 07:06:51 am: ... Got dataset to return in json obj
05/12/2013 07:06:51 am: Get the dataset to return in json obj...
05/12/2013 07:06:51 am: Query has run: <CALL USP_GetCurrencies();>.
05/12/2013 07:06:51 am: ... Got dataset to return in json obj
05/12/2013 07:06:51 am: Query has run: <CALL USP_GetPayees();>.
05/12/2013 07:06:51 am: ... Got dataset to return in json obj
05/12/2013 07:06:51 am: Query has run: <CALL USP_GetCategories();>.
05/12/2013 07:06:51 am: ... Got dataset to return in json obj
05/12/2013 07:06:51 am: Get the dataset to return in json obj...
05/12/2013 07:06:51 am: Query has run: <CALL USP_GetCategories2();>.
05/12/2013 07:06:52 am: ... Got dataset to return in json obj
05/12/2013 12:05:12 pm: Get the dataset to return in json obj...
05/12/2013 12:05:12 pm: Get the dataset to return in json obj...
05/12/2013 12:05:12 pm: Get the dataset to return in json obj...
05/12/2013 12:05:12 pm: Query has run: <CALL USP_GetPayees();>.
05/12/2013 12:05:12 pm: ... Got dataset to return in json obj
05/12/2013 12:05:12 pm: Query has run: <CALL USP_GetCurrencies();>.
05/12/2013 12:05:12 pm: ... Got dataset to return in json obj
05/12/2013 12:05:12 pm: Query has run: <CALL USP_GetAccounts();>.
05/12/2013 12:05:12 pm: ... Got dataset to return in json obj
05/12/2013 12:05:12 pm: Get the dataset to return in json obj...
05/12/2013 12:05:12 pm: Get the dataset to return in json obj...
05/12/2013 12:05:12 pm: Query has run: <CALL USP_GetCategories();>.
05/12/2013 12:05:12 pm: ... Got dataset to return in json obj
05/12/2013 12:05:12 pm: Query has run: <CALL USP_GetCategories2();>.
05/12/2013 12:05:12 pm: ... Got dataset to return in json obj
05/12/2013 12:05:14 pm: Currency = <1>.
05/12/2013 12:05:20 pm: Get the dataset to return in json obj...
05/12/2013 12:05:20 pm: Get the dataset to return in json obj...
05/12/2013 12:05:20 pm: Get the dataset to return in json obj...
05/12/2013 12:05:20 pm: Query has run: <CALL USP_GetCategories();>.
05/12/2013 12:05:20 pm: ... Got dataset to return in json obj
05/12/2013 12:05:20 pm: Get the dataset to return in json obj...
05/12/2013 12:05:20 pm: Query has run: <CALL USP_GetPayees();>.
05/12/2013 12:05:20 pm: ... Got dataset to return in json obj
05/12/2013 12:05:20 pm: Query has run: <CALL USP_GetAccounts();>.
05/12/2013 12:05:20 pm: ... Got dataset to return in json obj
05/12/2013 12:05:20 pm: Get the dataset to return in json obj...
05/12/2013 12:05:20 pm: Query has run: <CALL USP_GetCurrencies();>.
05/12/2013 12:05:20 pm: ... Got dataset to return in json obj
05/12/2013 12:05:20 pm: Query has run: <CALL USP_GetCategories2();>.
05/12/2013 12:05:20 pm: ... Got dataset to return in json obj
05/12/2013 12:05:25 pm: Get the dataset to return in json obj...
05/12/2013 12:05:25 pm: Get the dataset to return in json obj...
05/12/2013 12:05:25 pm: Get the dataset to return in json obj...
05/12/2013 12:05:25 pm: Get the dataset to return in json obj...
05/12/2013 12:05:25 pm: Query has run: <CALL USP_GetCurrencies();>.
05/12/2013 12:05:25 pm: ... Got dataset to return in json obj
05/12/2013 12:05:25 pm: Get the dataset to return in json obj...
05/12/2013 12:05:25 pm: Query has run: <CALL USP_GetCategories();>.
05/12/2013 12:05:25 pm: ... Got dataset to return in json obj
05/12/2013 12:05:25 pm: Query has run: <CALL USP_GetAccounts();>.
05/12/2013 12:05:25 pm: ... Got dataset to return in json obj
05/12/2013 12:05:25 pm: Query has run: <CALL USP_GetCategories2();>.
05/12/2013 12:05:25 pm: ... Got dataset to return in json obj
05/12/2013 12:05:25 pm: Query has run: <CALL USP_GetPayees();>.
05/12/2013 12:05:25 pm: ... Got dataset to return in json obj
05/12/2013 12:05:28 pm: Get the dataset to return in json obj...
05/12/2013 12:05:28 pm: Query has run: <CALL USP_GetAccounts();>.
05/12/2013 12:05:28 pm: ... Got dataset to return in json obj
05/12/2013 12:05:28 pm: Get the dataset to return in json obj...
05/12/2013 12:05:28 pm: Query has run: <CALL USP_GetCurrencies();>.
05/12/2013 12:05:28 pm: Get the dataset to return in json obj...
05/12/2013 12:05:28 pm: ... Got dataset to return in json obj
05/12/2013 12:05:28 pm: Get the dataset to return in json obj...
05/12/2013 12:05:28 pm: Query has run: <CALL USP_GetPayees();>.
05/12/2013 12:05:28 pm: ... Got dataset to return in json obj
05/12/2013 12:05:28 pm: Query has run: <CALL USP_GetCategories2();>.
05/12/2013 12:05:28 pm: ... Got dataset to return in json obj
05/12/2013 12:05:28 pm: Get the dataset to return in json obj...
05/12/2013 12:05:28 pm: Query has run: <CALL USP_GetCategories();>.
05/12/2013 12:05:28 pm: ... Got dataset to return in json obj
05/12/2013 12:05:36 pm: Get the dataset to return in json obj...
05/12/2013 12:05:36 pm: Get the dataset to return in json obj...
05/12/2013 12:05:36 pm: Query has run: <CALL USP_GetCurrencies();>.
05/12/2013 12:05:36 pm: ... Got dataset to return in json obj
05/12/2013 12:05:36 pm: Query has run: <CALL USP_GetAccounts();>.
05/12/2013 12:05:36 pm: ... Got dataset to return in json obj
05/12/2013 12:05:36 pm: Get the dataset to return in json obj...
05/12/2013 12:05:36 pm: Get the dataset to return in json obj...
05/12/2013 12:05:36 pm: Get the dataset to return in json obj...
05/12/2013 12:05:36 pm: Query has run: <CALL USP_GetPayees();>.
05/12/2013 12:05:36 pm: ... Got dataset to return in json obj
05/12/2013 12:05:36 pm: Query has run: <CALL USP_GetCategories();>.
05/12/2013 12:05:36 pm: ... Got dataset to return in json obj
05/12/2013 12:05:36 pm: Query has run: <CALL USP_GetCategories2();>.
05/12/2013 12:05:36 pm: ... Got dataset to return in json obj
05/12/2013 12:06:34 pm: Get the dataset to return in json obj...
05/12/2013 12:06:34 pm: Query has run: <CALL USP_GetCurrencies();>.
05/12/2013 12:06:34 pm: ... Got dataset to return in json obj
05/12/2013 12:06:34 pm: Get the dataset to return in json obj...
05/12/2013 12:06:34 pm: Get the dataset to return in json obj...
05/12/2013 12:06:34 pm: Query has run: <CALL USP_GetCategories2();>.
05/12/2013 12:06:34 pm: ... Got dataset to return in json obj
05/12/2013 12:06:34 pm: Query has run: <CALL USP_GetCategories();>.
05/12/2013 12:06:34 pm: ... Got dataset to return in json obj
05/12/2013 12:06:34 pm: Get the dataset to return in json obj...
05/12/2013 12:06:34 pm: Get the dataset to return in json obj...
05/12/2013 12:06:34 pm: Query has run: <CALL USP_GetAccounts();>.
05/12/2013 12:06:34 pm: ... Got dataset to return in json obj
05/12/2013 12:06:34 pm: Query has run: <CALL USP_GetPayees();>.
05/12/2013 12:06:34 pm: ... Got dataset to return in json obj
05/12/2013 12:06:34 pm: Get the dataset to return in json obj...
05/12/2013 12:06:34 pm: Get the dataset to return in json obj...
05/12/2013 12:06:34 pm: Get the dataset to return in json obj...
05/12/2013 12:06:34 pm: Get the dataset to return in json obj...
05/12/2013 12:06:34 pm: Query has run: <CALL USP_GetCategories();>.
05/12/2013 12:06:34 pm: ... Got dataset to return in json obj
05/12/2013 12:06:34 pm: Get the dataset to return in json obj...
05/12/2013 12:06:34 pm: Query has run: <CALL USP_GetCategories2();>.
05/12/2013 12:06:34 pm: ... Got dataset to return in json obj
05/12/2013 12:06:34 pm: Query has run: <CALL USP_GetCurrencies();>.
05/12/2013 12:06:34 pm: ... Got dataset to return in json obj
05/12/2013 12:06:34 pm: Query has run: <CALL USP_GetAccounts();>.
05/12/2013 12:06:34 pm: ... Got dataset to return in json obj
05/12/2013 12:06:34 pm: Query has run: <CALL USP_GetPayees();>.
05/12/2013 12:06:34 pm: ... Got dataset to return in json obj
05/12/2013 12:08:09 pm: Amount value: -20,1. Preg_match_all result is <1>
05/12/2013 12:08:09 pm: Currency = <1>.
05/12/2013 12:08:56 pm: Amount value: -38. Preg_match_all result is <1>
05/12/2013 12:08:56 pm: Currency = <1>.
05/12/2013 12:08:59 pm: Get the dataset to return in json obj...
05/12/2013 12:08:59 pm: Get the dataset to return in json obj...
05/12/2013 12:08:59 pm: Get the dataset to return in json obj...
05/12/2013 12:08:59 pm: Query has run: <CALL USP_GetAccounts();>.
05/12/2013 12:08:59 pm: ... Got dataset to return in json obj
05/12/2013 12:08:59 pm: Get the dataset to return in json obj...
05/12/2013 12:08:59 pm: Query has run: <CALL USP_GetPayees();>.
05/12/2013 12:08:59 pm: ... Got dataset to return in json obj
05/12/2013 12:08:59 pm: Get the dataset to return in json obj...
05/12/2013 12:08:59 pm: Query has run: <CALL USP_GetCurrencies();>.
05/12/2013 12:08:59 pm: ... Got dataset to return in json obj
05/12/2013 12:08:59 pm: Query has run: <CALL USP_GetCategories();>.
05/12/2013 12:08:59 pm: ... Got dataset to return in json obj
05/12/2013 12:08:59 pm: Query has run: <CALL USP_GetCategories2();>.
05/12/2013 12:08:59 pm: ... Got dataset to return in json obj
05/12/2013 12:13:27 pm: Get the dataset to return in json obj...
05/12/2013 12:13:27 pm: Get the dataset to return in json obj...
05/12/2013 12:13:27 pm: Get the dataset to return in json obj...
05/12/2013 12:13:27 pm: Get the dataset to return in json obj...
05/12/2013 12:13:27 pm: Get the dataset to return in json obj...
05/12/2013 12:13:27 pm: Query has run: <CALL USP_GetCurrencies();>.
05/12/2013 12:13:28 pm: ... Got dataset to return in json obj
05/12/2013 12:13:28 pm: Query has run: <CALL USP_GetPayees();>.
05/12/2013 12:13:28 pm: ... Got dataset to return in json obj
05/12/2013 12:13:28 pm: Query has run: <CALL USP_GetCategories();>.
05/12/2013 12:13:28 pm: ... Got dataset to return in json obj
05/12/2013 12:13:28 pm: Query has run: <CALL USP_GetAccounts();>.
05/12/2013 12:13:28 pm: ... Got dataset to return in json obj
05/12/2013 12:13:28 pm: Query has run: <CALL USP_GetCategories2();>.
05/12/2013 12:13:28 pm: ... Got dataset to return in json obj
05/12/2013 12:14:09 pm: Get the dataset to return in json obj...
05/12/2013 12:14:09 pm: Get the dataset to return in json obj...
05/12/2013 12:14:09 pm: Query has run: <CALL USP_GetCurrencies();>.
05/12/2013 12:14:09 pm: ... Got dataset to return in json obj
05/12/2013 12:14:09 pm: Get the dataset to return in json obj...
05/12/2013 12:14:09 pm: Get the dataset to return in json obj...
05/12/2013 12:14:09 pm: Query has run: <CALL USP_GetAccounts();>.
05/12/2013 12:14:09 pm: ... Got dataset to return in json obj
05/12/2013 12:14:09 pm: Query has run: <CALL USP_GetPayees();>.
05/12/2013 12:14:09 pm: ... Got dataset to return in json obj
05/12/2013 12:14:09 pm: Get the dataset to return in json obj...
05/12/2013 12:14:09 pm: Query has run: <CALL USP_GetCategories();>.
05/12/2013 12:14:09 pm: ... Got dataset to return in json obj
05/12/2013 12:14:09 pm: Query has run: <CALL USP_GetCategories2();>.
05/12/2013 12:14:09 pm: ... Got dataset to return in json obj
05/12/2013 12:14:42 pm: Amount value: -2,45. Preg_match_all result is <1>
05/12/2013 12:14:42 pm: Currency = <1>.
05/12/2013 12:14:48 pm: Amount value: -2,45. Preg_match_all result is <1>
05/12/2013 12:14:48 pm: Currency = <1>.
05/12/2013 12:15:41 pm: Amount value: -1,8. Preg_match_all result is <1>
05/12/2013 12:15:41 pm: Currency = <1>.
05/12/2013 12:15:53 pm: Amount value: -1,8. Preg_match_all result is <1>
05/12/2013 12:15:53 pm: Currency = <1>.
05/12/2013 12:16:26 pm: Amount value: -2,45. Preg_match_all result is <1>
05/12/2013 12:16:26 pm: Currency = <1>.
05/12/2013 12:16:32 pm: Amount value: -2,45. Preg_match_all result is <1>
05/12/2013 12:16:32 pm: Currency = <1>.
05/12/2013 12:16:52 pm: Get the dataset to return in json obj...
05/12/2013 12:16:52 pm: Get the dataset to return in json obj...
05/12/2013 12:16:52 pm: Get the dataset to return in json obj...
05/12/2013 12:16:52 pm: Query has run: <CALL USP_GetAccounts();>.
05/12/2013 12:16:52 pm: ... Got dataset to return in json obj
05/12/2013 12:16:52 pm: Get the dataset to return in json obj...
05/12/2013 12:16:52 pm: Get the dataset to return in json obj...
05/12/2013 12:16:52 pm: Query has run: <CALL USP_GetCurrencies();>.
05/12/2013 12:16:52 pm: ... Got dataset to return in json obj
05/12/2013 12:16:52 pm: Query has run: <CALL USP_GetPayees();>.
05/12/2013 12:16:52 pm: ... Got dataset to return in json obj
05/12/2013 12:16:52 pm: Query has run: <CALL USP_GetCategories();>.
05/12/2013 12:16:52 pm: ... Got dataset to return in json obj
05/12/2013 12:16:52 pm: Query has run: <CALL USP_GetCategories2();>.
05/12/2013 12:16:52 pm: ... Got dataset to return in json obj
05/12/2013 12:17:45 pm: Get the dataset to return in json obj...
05/12/2013 12:17:45 pm: Query has run: <CALL USP_GetAccounts();>.
05/12/2013 12:17:45 pm: ... Got dataset to return in json obj
05/12/2013 12:17:45 pm: Get the dataset to return in json obj...
05/12/2013 12:17:45 pm: Get the dataset to return in json obj...
05/12/2013 12:17:45 pm: Query has run: <CALL USP_GetCurrencies();>.
05/12/2013 12:17:45 pm: ... Got dataset to return in json obj
05/12/2013 12:17:45 pm: Query has run: <CALL USP_GetPayees();>.
05/12/2013 12:17:45 pm: ... Got dataset to return in json obj
05/12/2013 12:17:45 pm: Get the dataset to return in json obj...
05/12/2013 12:17:45 pm: Query has run: <CALL USP_GetCategories2();>.
05/12/2013 12:17:45 pm: ... Got dataset to return in json obj
05/12/2013 12:17:45 pm: Get the dataset to return in json obj...
05/12/2013 12:17:45 pm: Query has run: <CALL USP_GetCategories();>.
05/12/2013 12:17:45 pm: ... Got dataset to return in json obj
05/12/2013 12:18:11 pm: Get the dataset to return in json obj...
05/12/2013 12:18:11 pm: Get the dataset to return in json obj...
05/12/2013 12:18:11 pm: Query has run: <CALL USP_GetPayees();>.
05/12/2013 12:18:11 pm: ... Got dataset to return in json obj
05/12/2013 12:18:11 pm: Get the dataset to return in json obj...
05/12/2013 12:18:11 pm: Get the dataset to return in json obj...
05/12/2013 12:18:11 pm: Query has run: <CALL USP_GetAccounts();>.
05/12/2013 12:18:11 pm: ... Got dataset to return in json obj
05/12/2013 12:18:11 pm: Get the dataset to return in json obj...
05/12/2013 12:18:11 pm: Query has run: <CALL USP_GetCurrencies();>.
05/12/2013 12:18:11 pm: ... Got dataset to return in json obj
05/12/2013 12:18:11 pm: Query has run: <CALL USP_GetCategories();>.
05/12/2013 12:18:11 pm: ... Got dataset to return in json obj
05/12/2013 12:18:11 pm: Query has run: <CALL USP_GetCategories2();>.
05/12/2013 12:18:11 pm: ... Got dataset to return in json obj
05/12/2013 12:18:12 pm: Get the dataset to return in json obj...
05/12/2013 12:18:12 pm: Get the dataset to return in json obj...
05/12/2013 12:18:12 pm: Query has run: <CALL USP_GetCurrencies();>.
05/12/2013 12:18:12 pm: ... Got dataset to return in json obj
05/12/2013 12:18:12 pm: Get the dataset to return in json obj...
05/12/2013 12:18:12 pm: Get the dataset to return in json obj...
05/12/2013 12:18:12 pm: Get the dataset to return in json obj...
05/12/2013 12:18:12 pm: Query has run: <CALL USP_GetCategories();>.
05/12/2013 12:18:12 pm: ... Got dataset to return in json obj
05/12/2013 12:18:12 pm: Query has run: <CALL USP_GetAccounts();>.
05/12/2013 12:18:12 pm: ... Got dataset to return in json obj
05/12/2013 12:18:12 pm: Query has run: <CALL USP_GetCategories2();>.
05/12/2013 12:18:12 pm: ... Got dataset to return in json obj
05/12/2013 12:18:12 pm: Query has run: <CALL USP_GetPayees();>.
05/12/2013 12:18:12 pm: ... Got dataset to return in json obj
05/12/2013 12:18:15 pm: Get the dataset to return in json obj...
05/12/2013 12:18:15 pm: Query has run: <CALL USP_GetAccounts();>.
05/12/2013 12:18:15 pm: ... Got dataset to return in json obj
05/12/2013 12:18:15 pm: Get the dataset to return in json obj...
05/12/2013 12:18:15 pm: Get the dataset to return in json obj...
05/12/2013 12:18:15 pm: Query has run: <CALL USP_GetCurrencies();>.
05/12/2013 12:18:15 pm: ... Got dataset to return in json obj
05/12/2013 12:18:15 pm: Query has run: <CALL USP_GetPayees();>.
05/12/2013 12:18:15 pm: ... Got dataset to return in json obj
05/12/2013 12:18:15 pm: Get the dataset to return in json obj...
05/12/2013 12:18:15 pm: Get the dataset to return in json obj...
05/12/2013 12:18:15 pm: Query has run: <CALL USP_GetCategories();>.
05/12/2013 12:18:15 pm: ... Got dataset to return in json obj
05/12/2013 12:18:15 pm: Query has run: <CALL USP_GetCategories2();>.
05/12/2013 12:18:15 pm: ... Got dataset to return in json obj
05/12/2013 12:18:18 pm: Get the dataset to return in json obj...
05/12/2013 12:18:18 pm: Get the dataset to return in json obj...
05/12/2013 12:18:18 pm: Query has run: <CALL USP_GetCurrencies();>.
05/12/2013 12:18:18 pm: ... Got dataset to return in json obj
05/12/2013 12:18:18 pm: Query has run: <CALL USP_GetAccounts();>.
05/12/2013 12:18:18 pm: ... Got dataset to return in json obj
05/12/2013 12:18:18 pm: Get the dataset to return in json obj...
05/12/2013 12:18:18 pm: Query has run: <CALL USP_GetPayees();>.
05/12/2013 12:18:18 pm: ... Got dataset to return in json obj
05/12/2013 12:18:18 pm: Get the dataset to return in json obj...
05/12/2013 12:18:18 pm: Query has run: <CALL USP_GetCategories();>.
05/12/2013 12:18:18 pm: ... Got dataset to return in json obj
05/12/2013 12:18:18 pm: Get the dataset to return in json obj...
05/12/2013 12:18:18 pm: Query has run: <CALL USP_GetCategories2();>.
05/12/2013 12:18:18 pm: ... Got dataset to return in json obj
05/12/2013 12:18:20 pm: Get the dataset to return in json obj...
05/12/2013 12:18:20 pm: Query has run: <CALL USP_GetAccounts();>.
05/12/2013 12:18:20 pm: ... Got dataset to return in json obj
05/12/2013 12:18:20 pm: Get the dataset to return in json obj...
05/12/2013 12:18:20 pm: Query has run: <CALL USP_GetCurrencies();>.
05/12/2013 12:18:20 pm: ... Got dataset to return in json obj
05/12/2013 12:18:20 pm: Get the dataset to return in json obj...
05/12/2013 12:18:20 pm: Get the dataset to return in json obj...
05/12/2013 12:18:20 pm: Get the dataset to return in json obj...
05/12/2013 12:18:20 pm: Query has run: <CALL USP_GetPayees();>.
05/12/2013 12:18:20 pm: ... Got dataset to return in json obj
05/12/2013 12:18:20 pm: Query has run: <CALL USP_GetCategories();>.
05/12/2013 12:18:20 pm: ... Got dataset to return in json obj
05/12/2013 12:18:20 pm: Query has run: <CALL USP_GetCategories2();>.
05/12/2013 12:18:20 pm: ... Got dataset to return in json obj
05/12/2013 12:18:23 pm: Get the dataset to return in json obj...
05/12/2013 12:18:23 pm: Query has run: <CALL USP_GetAccounts();>.
05/12/2013 12:18:23 pm: ... Got dataset to return in json obj
05/12/2013 12:18:23 pm: Get the dataset to return in json obj...
05/12/2013 12:18:23 pm: Query has run: <CALL USP_GetCurrencies();>.
05/12/2013 12:18:23 pm: ... Got dataset to return in json obj
05/12/2013 12:18:23 pm: Get the dataset to return in json obj...
05/12/2013 12:18:23 pm: Query has run: <CALL USP_GetPayees();>.
05/12/2013 12:18:23 pm: Get the dataset to return in json obj...
05/12/2013 12:18:23 pm: ... Got dataset to return in json obj
05/12/2013 12:18:23 pm: Query has run: <CALL USP_GetCategories();>.
05/12/2013 12:18:23 pm: ... Got dataset to return in json obj
05/12/2013 12:18:23 pm: Get the dataset to return in json obj...
05/12/2013 12:18:23 pm: Query has run: <CALL USP_GetCategories2();>.
05/12/2013 12:18:23 pm: ... Got dataset to return in json obj
05/12/2013 12:18:23 pm: Get the dataset to return in json obj...
05/12/2013 12:18:23 pm: Query has run: <CALL USP_GetPayees();>.
05/12/2013 12:18:23 pm: ... Got dataset to return in json obj
05/12/2013 12:18:23 pm: Get the dataset to return in json obj...
05/12/2013 12:18:23 pm: Query has run: <CALL USP_GetCategories();>.
05/12/2013 12:18:23 pm: ... Got dataset to return in json obj
05/12/2013 12:18:23 pm: Get the dataset to return in json obj...
05/12/2013 12:18:23 pm: Get the dataset to return in json obj...
05/12/2013 12:18:23 pm: Query has run: <CALL USP_GetCurrencies();>.
05/12/2013 12:18:23 pm: ... Got dataset to return in json obj
05/12/2013 12:18:23 pm: Get the dataset to return in json obj...
05/12/2013 12:18:23 pm: Query has run: <CALL USP_GetAccounts();>.
05/12/2013 12:18:23 pm: ... Got dataset to return in json obj
05/12/2013 12:18:23 pm: Query has run: <CALL USP_GetCategories2();>.
05/12/2013 12:18:23 pm: ... Got dataset to return in json obj
05/12/2013 12:18:26 pm: Get the dataset to return in json obj...
05/12/2013 12:18:26 pm: Get the dataset to return in json obj...
05/12/2013 12:18:26 pm: Query has run: <CALL USP_GetAccounts();>.
05/12/2013 12:18:26 pm: ... Got dataset to return in json obj
05/12/2013 12:18:26 pm: Query has run: <CALL USP_GetCurrencies();>.
05/12/2013 12:18:26 pm: ... Got dataset to return in json obj
05/12/2013 12:18:26 pm: Get the dataset to return in json obj...
05/12/2013 12:18:26 pm: Get the dataset to return in json obj...
05/12/2013 12:18:26 pm: Get the dataset to return in json obj...
05/12/2013 12:18:26 pm: Query has run: <CALL USP_GetPayees();>.
05/12/2013 12:18:26 pm: ... Got dataset to return in json obj
05/12/2013 12:18:26 pm: Query has run: <CALL USP_GetCategories2();>.
05/12/2013 12:18:26 pm: ... Got dataset to return in json obj
05/12/2013 12:18:26 pm: Query has run: <CALL USP_GetCategories();>.
05/12/2013 12:18:26 pm: ... Got dataset to return in json obj
05/12/2013 12:18:26 pm: Get the dataset to return in json obj...
05/12/2013 12:18:26 pm: Get the dataset to return in json obj...
05/12/2013 12:18:26 pm: Query has run: <CALL USP_GetPayees();>.
05/12/2013 12:18:26 pm: ... Got dataset to return in json obj
05/12/2013 12:18:26 pm: Get the dataset to return in json obj...
05/12/2013 12:18:26 pm: Get the dataset to return in json obj...
05/12/2013 12:18:26 pm: Query has run: <CALL USP_GetCurrencies();>.
05/12/2013 12:18:26 pm: ... Got dataset to return in json obj
05/12/2013 12:18:26 pm: Get the dataset to return in json obj...
05/12/2013 12:18:26 pm: Query has run: <CALL USP_GetAccounts();>.
05/12/2013 12:18:26 pm: ... Got dataset to return in json obj
05/12/2013 12:18:26 pm: Query has run: <CALL USP_GetCategories();>.
05/12/2013 12:18:26 pm: ... Got dataset to return in json obj
05/12/2013 12:18:26 pm: Query has run: <CALL USP_GetCategories2();>.
05/12/2013 12:18:26 pm: ... Got dataset to return in json obj
05/12/2013 12:19:02 pm: Amount value: -2,45. Preg_match_all result is <1>
05/12/2013 12:19:02 pm: Currency = <1>.
05/12/2013 12:19:08 pm: Get the dataset to return in json obj...
05/12/2013 12:19:08 pm: Get the dataset to return in json obj...
05/12/2013 12:19:08 pm: Get the dataset to return in json obj...
05/12/2013 12:19:08 pm: Get the dataset to return in json obj...
05/12/2013 12:19:08 pm: Query has run: <CALL USP_GetAccounts();>.
05/12/2013 12:19:08 pm: ... Got dataset to return in json obj
05/12/2013 12:19:08 pm: Get the dataset to return in json obj...
05/12/2013 12:19:08 pm: Query has run: <CALL USP_GetCurrencies();>.
05/12/2013 12:19:08 pm: ... Got dataset to return in json obj
05/12/2013 12:19:08 pm: Query has run: <CALL USP_GetCategories();>.
05/12/2013 12:19:08 pm: Query has run: <CALL USP_GetCategories2();>.
05/12/2013 12:19:08 pm: ... Got dataset to return in json obj
05/12/2013 12:19:08 pm: ... Got dataset to return in json obj
05/12/2013 12:19:08 pm: Query has run: <CALL USP_GetPayees();>.
05/12/2013 12:19:08 pm: ... Got dataset to return in json obj
05/12/2013 06:48:34 pm: Get the dataset to return in json obj...
05/12/2013 06:48:34 pm: Get the dataset to return in json obj...
05/12/2013 06:48:34 pm: Get the dataset to return in json obj...
05/12/2013 06:48:34 pm: Get the dataset to return in json obj...
05/12/2013 06:48:34 pm: Query has run: <CALL USP_GetCategories();>.
05/12/2013 06:48:34 pm: ... Got dataset to return in json obj
05/12/2013 06:48:34 pm: Query has run: <CALL USP_GetCurrencies();>.
05/12/2013 06:48:34 pm: ... Got dataset to return in json obj
05/12/2013 06:48:34 pm: Query has run: <CALL USP_GetPayees();>.
05/12/2013 06:48:34 pm: Query has run: <CALL USP_GetAccounts();>.
05/12/2013 06:48:34 pm: ... Got dataset to return in json obj
05/12/2013 06:48:34 pm: Get the dataset to return in json obj...
05/12/2013 06:48:34 pm: Query has run: <CALL USP_GetCategories2();>.
05/12/2013 06:48:34 pm: ... Got dataset to return in json obj
05/12/2013 06:48:34 pm: ... Got dataset to return in json obj
05/12/2013 07:35:27 pm: Get the dataset to return in json obj...
05/12/2013 07:35:27 pm: Get the dataset to return in json obj...
05/12/2013 07:35:27 pm: Get the dataset to return in json obj...
05/12/2013 07:35:27 pm: Query has run: <CALL USP_GetCurrencies();>.
05/12/2013 07:35:27 pm: Get the dataset to return in json obj...
05/12/2013 07:35:27 pm: ... Got dataset to return in json obj
05/12/2013 07:35:27 pm: Get the dataset to return in json obj...
05/12/2013 07:35:27 pm: Query has run: <CALL USP_GetCategories();>.
05/12/2013 07:35:27 pm: ... Got dataset to return in json obj
05/12/2013 07:35:27 pm: Query has run: <CALL USP_GetAccounts();>.
05/12/2013 07:35:27 pm: ... Got dataset to return in json obj
05/12/2013 07:35:27 pm: Query has run: <CALL USP_GetPayees();>.
05/12/2013 07:35:27 pm: ... Got dataset to return in json obj
05/12/2013 07:35:27 pm: Query has run: <CALL USP_GetCategories2();>.
05/12/2013 07:35:27 pm: ... Got dataset to return in json obj
05/12/2013 07:35:57 pm: Amount value: 15. Preg_match_all result is <1>
05/12/2013 07:35:57 pm: Currency = <1>.
05/12/2013 07:36:05 pm: Get the dataset to return in json obj...
05/12/2013 07:36:05 pm: Get the dataset to return in json obj...
05/12/2013 07:36:05 pm: Query has run: <CALL USP_GetAccounts();>.
05/12/2013 07:36:05 pm: ... Got dataset to return in json obj
05/12/2013 07:36:05 pm: Get the dataset to return in json obj...
05/12/2013 07:36:05 pm: Get the dataset to return in json obj...
05/12/2013 07:36:05 pm: Get the dataset to return in json obj...
05/12/2013 07:36:05 pm: Query has run: <CALL USP_GetCurrencies();>.
05/12/2013 07:36:05 pm: ... Got dataset to return in json obj
05/12/2013 07:36:05 pm: Query has run: <CALL USP_GetCategories();>.
05/12/2013 07:36:05 pm: ... Got dataset to return in json obj
05/12/2013 07:36:05 pm: Query has run: <CALL USP_GetPayees();>.
05/12/2013 07:36:05 pm: ... Got dataset to return in json obj
05/12/2013 07:36:05 pm: Query has run: <CALL USP_GetCategories2();>.
05/12/2013 07:36:05 pm: ... Got dataset to return in json obj
05/12/2013 07:36:10 pm: Get the dataset to return in json obj...
05/12/2013 07:36:10 pm: Get the dataset to return in json obj...
05/12/2013 07:36:10 pm: Query has run: <CALL USP_GetAccounts();>.
05/12/2013 07:36:10 pm: ... Got dataset to return in json obj
05/12/2013 07:36:10 pm: Get the dataset to return in json obj...
05/12/2013 07:36:10 pm: Get the dataset to return in json obj...
05/12/2013 07:36:10 pm: Get the dataset to return in json obj...
05/12/2013 07:36:10 pm: Query has run: <CALL USP_GetPayees();>.
05/12/2013 07:36:10 pm: ... Got dataset to return in json obj
05/12/2013 07:36:10 pm: Query has run: <CALL USP_GetCategories();>.
05/12/2013 07:36:10 pm: Query has run: <CALL USP_GetCategories2();>.
05/12/2013 07:36:10 pm: ... Got dataset to return in json obj
05/12/2013 07:36:10 pm: ... Got dataset to return in json obj
05/12/2013 07:36:10 pm: Query has run: <CALL USP_GetCurrencies();>.
05/12/2013 07:36:10 pm: ... Got dataset to return in json obj
05/12/2013 07:36:14 pm: Get the dataset to return in json obj...
05/12/2013 07:36:14 pm: Query has run: <CALL USP_GetAccounts();>.
05/12/2013 07:36:14 pm: ... Got dataset to return in json obj
05/12/2013 07:36:14 pm: Get the dataset to return in json obj...
05/12/2013 07:36:14 pm: Query has run: <CALL USP_GetCurrencies();>.
05/12/2013 07:36:14 pm: ... Got dataset to return in json obj
05/12/2013 07:36:14 pm: Get the dataset to return in json obj...
05/12/2013 07:36:14 pm: Get the dataset to return in json obj...
05/12/2013 07:36:14 pm: Get the dataset to return in json obj...
05/12/2013 07:36:14 pm: Query has run: <CALL USP_GetCategories2();>.
05/12/2013 07:36:14 pm: ... Got dataset to return in json obj
05/12/2013 07:36:14 pm: Query has run: <CALL USP_GetCategories();>.
05/12/2013 07:36:14 pm: ... Got dataset to return in json obj
05/12/2013 07:36:14 pm: Query has run: <CALL USP_GetPayees();>.
05/12/2013 07:36:14 pm: ... Got dataset to return in json obj
05/12/2013 07:36:15 pm: Get the dataset to return in json obj...
05/12/2013 07:36:15 pm: Get the dataset to return in json obj...
05/12/2013 07:36:15 pm: Get the dataset to return in json obj...
05/12/2013 07:36:15 pm: Get the dataset to return in json obj...
05/12/2013 07:36:15 pm: Query has run: <CALL USP_GetAccounts();>.
05/12/2013 07:36:15 pm: ... Got dataset to return in json obj
05/12/2013 07:36:15 pm: Query has run: <CALL USP_GetPayees();>.
05/12/2013 07:36:15 pm: ... Got dataset to return in json obj
05/12/2013 07:36:15 pm: Get the dataset to return in json obj...
05/12/2013 07:36:15 pm: Query has run: <CALL USP_GetCategories();>.
05/12/2013 07:36:15 pm: ... Got dataset to return in json obj
05/12/2013 07:36:15 pm: Query has run: <CALL USP_GetCategories2();>.
05/12/2013 07:36:15 pm: ... Got dataset to return in json obj
05/12/2013 07:36:15 pm: Query has run: <CALL USP_GetCurrencies();>.
05/12/2013 07:36:15 pm: ... Got dataset to return in json obj
05/12/2013 07:42:15 pm: Get the dataset to return in json obj...
05/12/2013 07:42:15 pm: Get the dataset to return in json obj...
05/12/2013 07:42:15 pm: Query has run: <CALL USP_GetPayees();>.
05/12/2013 07:42:15 pm: ... Got dataset to return in json obj
05/12/2013 07:42:15 pm: Get the dataset to return in json obj...
05/12/2013 07:42:15 pm: Get the dataset to return in json obj...
05/12/2013 07:42:15 pm: Query has run: <CALL USP_GetCategories();>.
05/12/2013 07:42:15 pm: ... Got dataset to return in json obj
05/12/2013 07:42:15 pm: Get the dataset to return in json obj...
05/12/2013 07:42:15 pm: Query has run: <CALL USP_GetAccounts();>.
05/12/2013 07:42:15 pm: ... Got dataset to return in json obj
05/12/2013 07:42:15 pm: Query has run: <CALL USP_GetCategories2();>.
05/12/2013 07:42:15 pm: ... Got dataset to return in json obj
05/12/2013 07:42:15 pm: Query has run: <CALL USP_GetCurrencies();>.
05/12/2013 07:42:15 pm: ... Got dataset to return in json obj
05/12/2013 07:42:16 pm: Get the dataset to return in json obj...
05/12/2013 07:42:16 pm: Get the dataset to return in json obj...
05/12/2013 07:42:16 pm: Get the dataset to return in json obj...
05/12/2013 07:42:16 pm: Get the dataset to return in json obj...
05/12/2013 07:42:16 pm: Get the dataset to return in json obj...
05/12/2013 07:42:16 pm: Query has run: <CALL USP_GetAccounts();>.
05/12/2013 07:42:16 pm: ... Got dataset to return in json obj
05/12/2013 07:42:16 pm: Query has run: <CALL USP_GetCategories();>.
05/12/2013 07:42:16 pm: ... Got dataset to return in json obj
05/12/2013 07:42:16 pm: Query has run: <CALL USP_GetCurrencies();>.
05/12/2013 07:42:16 pm: ... Got dataset to return in json obj
05/12/2013 07:42:16 pm: Query has run: <CALL USP_GetPayees();>.
05/12/2013 07:42:16 pm: ... Got dataset to return in json obj
05/12/2013 07:42:16 pm: Query has run: <CALL USP_GetCategories2();>.
05/12/2013 07:42:16 pm: ... Got dataset to return in json obj
05/12/2013 07:42:40 pm: Amount value: -8. Preg_match_all result is <1>
05/12/2013 07:42:40 pm: Currency = <1>.
