05/30/2013 06:34:58 pm: Get the dataset to return in json obj...
05/30/2013 06:34:58 pm: Get the dataset to return in json obj...
05/30/2013 06:34:58 pm: Get the dataset to return in json obj...
05/30/2013 06:34:58 pm: Get the dataset to return in json obj...
05/30/2013 06:34:58 pm: Query has run: <CALL USP_GetCurrencies();>.
05/30/2013 06:34:58 pm: ... Got dataset to return in json obj
05/30/2013 06:34:58 pm: Query has run: <CALL USP_GetCategories();>.
05/30/2013 06:34:58 pm: ... Got dataset to return in json obj
05/30/2013 06:34:58 pm: Query has run: <CALL USP_GetPayees();>.
05/30/2013 06:34:58 pm: ... Got dataset to return in json obj
05/30/2013 06:34:58 pm: Query has run: <CALL USP_GetAccounts();>.
05/30/2013 06:34:58 pm: ... Got dataset to return in json obj
05/30/2013 06:34:58 pm: Get the dataset to return in json obj...
05/30/2013 06:34:58 pm: Query has run: <CALL USP_GetCategories();>.
05/30/2013 06:34:58 pm: ... Got dataset to return in json obj
05/30/2013 06:34:58 pm: Get the dataset to return in json obj...
05/30/2013 06:34:58 pm: Get the dataset to return in json obj...
05/30/2013 06:34:58 pm: Query has run: <CALL USP_GetCurrencies();>.
05/30/2013 06:34:58 pm: ... Got dataset to return in json obj
05/30/2013 06:34:58 pm: Get the dataset to return in json obj...
05/30/2013 06:34:58 pm: Query has run: <CALL USP_GetAccounts();>.
05/30/2013 06:34:58 pm: ... Got dataset to return in json obj
05/30/2013 06:34:58 pm: Query has run: <CALL USP_GetPayees();>.
05/30/2013 06:34:58 pm: ... Got dataset to return in json obj
05/30/2013 06:34:59 pm: Get the dataset to return in json obj...
05/30/2013 06:34:59 pm: Query has run: <CALL USP_GetCategories2();>.
05/30/2013 06:34:59 pm: ... Got dataset to return in json obj
05/30/2013 06:35:00 pm: Get the dataset to return in json obj...
05/30/2013 06:35:00 pm: Query has run: <CALL USP_GetCategories2();>.
05/30/2013 06:35:00 pm: ... Got dataset to return in json obj
