04/23/2013 06:44:13 pm: Get the dataset to return in json obj...
04/23/2013 06:44:13 pm: Get the dataset to return in json obj...
04/23/2013 06:44:13 pm: Get the dataset to return in json obj...
04/23/2013 06:44:13 pm: Get the dataset to return in json obj...
04/23/2013 06:44:13 pm: Get the dataset to return in json obj...
04/23/2013 06:44:13 pm: Query has run: <CALL USP_GetPayees();>.
04/23/2013 06:44:14 pm: ... Got dataset to return in json obj
04/23/2013 06:44:14 pm: Query has run: <CALL USP_GetCategories();>.
04/23/2013 06:44:14 pm: ... Got dataset to return in json obj
04/23/2013 06:44:14 pm: Query has run: <CALL USP_GetCategories2();>.
04/23/2013 06:44:14 pm: ... Got dataset to return in json obj
04/23/2013 06:44:14 pm: Query has run: <CALL USP_GetCurrencies();>.
04/23/2013 06:44:14 pm: ... Got dataset to return in json obj
04/23/2013 06:44:14 pm: Query has run: <CALL USP_GetAccounts();>.
04/23/2013 06:44:14 pm: ... Got dataset to return in json obj
04/23/2013 07:42:17 pm: Get the dataset to return in json obj...
04/23/2013 07:42:17 pm: Get the dataset to return in json obj...
04/23/2013 07:42:17 pm: Get the dataset to return in json obj...
04/23/2013 07:42:17 pm: Query has run: <CALL USP_GetAccounts();>.
04/23/2013 07:42:17 pm: Get the dataset to return in json obj...
04/23/2013 07:42:17 pm: ... Got dataset to return in json obj
04/23/2013 07:42:17 pm: Get the dataset to return in json obj...
04/23/2013 07:42:17 pm: Query has run: <CALL USP_GetCurrencies();>.
04/23/2013 07:42:17 pm: ... Got dataset to return in json obj
04/23/2013 07:42:17 pm: Query has run: <CALL USP_GetCategories2();>.
04/23/2013 07:42:17 pm: ... Got dataset to return in json obj
04/23/2013 07:42:17 pm: Query has run: <CALL USP_GetPayees();>.
04/23/2013 07:42:17 pm: ... Got dataset to return in json obj
04/23/2013 07:42:17 pm: Query has run: <CALL USP_GetCategories();>.
04/23/2013 07:42:17 pm: ... Got dataset to return in json obj
04/23/2013 07:46:43 pm: Amount value: -3,28. Preg_match_all result is <1>
04/23/2013 07:46:43 pm: Currency = <1>.
04/23/2013 07:46:46 pm: Get the dataset to return in json obj...
04/23/2013 07:46:46 pm: Query has run: <CALL USP_GetAccounts();>.
04/23/2013 07:46:46 pm: Get the dataset to return in json obj...
04/23/2013 07:46:46 pm: ... Got dataset to return in json obj
04/23/2013 07:46:46 pm: Get the dataset to return in json obj...
04/23/2013 07:46:46 pm: Get the dataset to return in json obj...
04/23/2013 07:46:46 pm: Get the dataset to return in json obj...
04/23/2013 07:46:46 pm: Query has run: <CALL USP_GetPayees();>.
04/23/2013 07:46:46 pm: ... Got dataset to return in json obj
04/23/2013 07:46:46 pm: Query has run: <CALL USP_GetCategories2();>.
04/23/2013 07:46:46 pm: ... Got dataset to return in json obj
04/23/2013 07:46:46 pm: Query has run: <CALL USP_GetCategories();>.
04/23/2013 07:46:46 pm: ... Got dataset to return in json obj
04/23/2013 07:46:46 pm: Query has run: <CALL USP_GetCurrencies();>.
04/23/2013 07:46:46 pm: ... Got dataset to return in json obj
