04/13/2013 09:18:00 am: Get the dataset to return in json obj...
04/13/2013 09:18:00 am: Get the dataset to return in json obj...
04/13/2013 09:18:00 am: ... Got dataset to return in json obj
04/13/2013 09:18:00 am: Get the dataset to return in json obj...
04/13/2013 09:18:00 am: ... Got dataset to return in json obj
04/13/2013 09:18:00 am: Get the dataset to return in json obj...
04/13/2013 09:18:00 am: ... Got dataset to return in json obj
04/13/2013 09:18:00 am: ... Got dataset to return in json obj
04/13/2013 09:18:35 am: Currency = <1>.
04/13/2013 09:18:41 am: Get the dataset to return in json obj...
04/13/2013 09:18:41 am: Get the dataset to return in json obj...
04/13/2013 09:18:41 am: Get the dataset to return in json obj...
04/13/2013 09:18:41 am: ... Got dataset to return in json obj
04/13/2013 09:18:41 am: ... Got dataset to return in json obj
04/13/2013 09:18:41 am: Get the dataset to return in json obj...
04/13/2013 09:18:41 am: ... Got dataset to return in json obj
04/13/2013 09:18:41 am: Get the dataset to return in json obj...
04/13/2013 09:18:41 am: ... Got dataset to return in json obj
04/13/2013 09:18:41 am: ... Got dataset to return in json obj
04/13/2013 09:44:21 am: Get the dataset to return in json obj...
04/13/2013 09:44:21 am: ... Got dataset to return in json obj
04/13/2013 09:44:21 am: Get the dataset to return in json obj...
04/13/2013 09:44:21 am: Get the dataset to return in json obj...
04/13/2013 09:44:21 am: ... Got dataset to return in json obj
04/13/2013 09:44:21 am: ... Got dataset to return in json obj
04/13/2013 09:44:21 am: Get the dataset to return in json obj...
04/13/2013 09:44:21 am: ... Got dataset to return in json obj
04/13/2013 09:44:21 am: Get the dataset to return in json obj...
04/13/2013 09:44:21 am: ... Got dataset to return in json obj
04/13/2013 09:44:28 am: Get the dataset to return in json obj...
04/13/2013 09:44:28 am: ... Got dataset to return in json obj
04/13/2013 09:44:28 am: Get the dataset to return in json obj...
04/13/2013 09:44:28 am: ... Got dataset to return in json obj
04/13/2013 09:44:28 am: Get the dataset to return in json obj...
04/13/2013 09:44:28 am: ... Got dataset to return in json obj
04/13/2013 09:44:28 am: Get the dataset to return in json obj...
04/13/2013 09:44:28 am: ... Got dataset to return in json obj
04/13/2013 09:44:28 am: Get the dataset to return in json obj...
04/13/2013 09:44:28 am: ... Got dataset to return in json obj
04/13/2013 09:44:50 am: Currency = <1>.
04/13/2013 04:54:06 pm: Currency = <1>.
04/13/2013 04:54:55 pm: Get the dataset to return in json obj...
04/13/2013 04:54:56 pm: ... Got dataset to return in json obj
04/13/2013 04:54:55 pm: Get the dataset to return in json obj...
04/13/2013 04:54:56 pm: ... Got dataset to return in json obj
04/13/2013 04:54:55 pm: Get the dataset to return in json obj...
04/13/2013 04:54:56 pm: ... Got dataset to return in json obj
04/13/2013 04:54:56 pm: Get the dataset to return in json obj...
04/13/2013 04:54:56 pm: ... Got dataset to return in json obj
04/13/2013 04:54:55 pm: Get the dataset to return in json obj...
04/13/2013 04:54:56 pm: ... Got dataset to return in json obj
04/13/2013 04:54:55 pm: Get the dataset to return in json obj...
04/13/2013 04:54:56 pm: ... Got dataset to return in json obj
04/13/2013 04:54:56 pm: Get the dataset to return in json obj...
04/13/2013 04:54:56 pm: ... Got dataset to return in json obj
04/13/2013 04:54:55 pm: Get the dataset to return in json obj...
04/13/2013 04:54:56 pm: ... Got dataset to return in json obj
04/13/2013 04:54:56 pm: Get the dataset to return in json obj...
04/13/2013 04:54:56 pm: ... Got dataset to return in json obj
04/13/2013 04:54:56 pm: Get the dataset to return in json obj...
04/13/2013 04:54:56 pm: ... Got dataset to return in json obj
04/13/2013 09:19:35 pm: Get the dataset to return in json obj...
04/13/2013 09:19:35 pm: ... Got dataset to return in json obj
04/13/2013 09:19:35 pm: Get the dataset to return in json obj...
04/13/2013 09:19:35 pm: ... Got dataset to return in json obj
04/13/2013 09:19:35 pm: Get the dataset to return in json obj...
04/13/2013 09:19:35 pm: ... Got dataset to return in json obj
04/13/2013 09:19:35 pm: Get the dataset to return in json obj...
04/13/2013 09:19:35 pm: ... Got dataset to return in json obj
04/13/2013 09:19:35 pm: Get the dataset to return in json obj...
04/13/2013 09:19:35 pm: ... Got dataset to return in json obj
04/13/2013 09:20:16 pm: Get the dataset to return in json obj...
04/13/2013 09:20:16 pm: ... Got dataset to return in json obj
04/13/2013 09:20:16 pm: Get the dataset to return in json obj...
04/13/2013 09:20:16 pm: ... Got dataset to return in json obj
04/13/2013 09:20:16 pm: Get the dataset to return in json obj...
04/13/2013 09:20:16 pm: ... Got dataset to return in json obj
04/13/2013 09:20:16 pm: Get the dataset to return in json obj...
04/13/2013 09:20:16 pm: ... Got dataset to return in json obj
04/13/2013 09:20:16 pm: Get the dataset to return in json obj...
04/13/2013 09:20:16 pm: ... Got dataset to return in json obj
04/13/2013 09:20:50 pm: Get the dataset to return in json obj...
04/13/2013 09:20:50 pm: ... Got dataset to return in json obj
04/13/2013 09:20:50 pm: Get the dataset to return in json obj...
04/13/2013 09:20:50 pm: ... Got dataset to return in json obj
04/13/2013 09:20:50 pm: Get the dataset to return in json obj...
04/13/2013 09:20:50 pm: ... Got dataset to return in json obj
04/13/2013 09:20:50 pm: Get the dataset to return in json obj...
04/13/2013 09:20:50 pm: ... Got dataset to return in json obj
04/13/2013 09:20:50 pm: Get the dataset to return in json obj...
04/13/2013 09:20:50 pm: ... Got dataset to return in json obj
04/13/2013 09:21:33 pm: Get the dataset to return in json obj...
04/13/2013 09:21:33 pm: ... Got dataset to return in json obj
04/13/2013 09:21:33 pm: Get the dataset to return in json obj...
04/13/2013 09:21:33 pm: ... Got dataset to return in json obj
04/13/2013 09:21:33 pm: Get the dataset to return in json obj...
04/13/2013 09:21:33 pm: Get the dataset to return in json obj...
04/13/2013 09:21:33 pm: ... Got dataset to return in json obj
04/13/2013 09:21:33 pm: ... Got dataset to return in json obj
04/13/2013 09:21:33 pm: Get the dataset to return in json obj...
04/13/2013 09:21:33 pm: ... Got dataset to return in json obj
04/13/2013 09:22:09 pm: Currency = <1>.
04/13/2013 09:22:29 pm: Get the dataset to return in json obj...
04/13/2013 09:22:29 pm: ... Got dataset to return in json obj
04/13/2013 09:22:29 pm: Get the dataset to return in json obj...
04/13/2013 09:22:29 pm: ... Got dataset to return in json obj
04/13/2013 09:22:29 pm: Get the dataset to return in json obj...
04/13/2013 09:22:29 pm: ... Got dataset to return in json obj
04/13/2013 09:22:29 pm: Get the dataset to return in json obj...
04/13/2013 09:22:29 pm: Get the dataset to return in json obj...
04/13/2013 09:22:29 pm: ... Got dataset to return in json obj
04/13/2013 09:22:29 pm: ... Got dataset to return in json obj
04/13/2013 09:22:31 pm: Get the dataset to return in json obj...
04/13/2013 09:22:31 pm: ... Got dataset to return in json obj
04/13/2013 09:22:31 pm: Get the dataset to return in json obj...
04/13/2013 09:22:31 pm: Get the dataset to return in json obj...
04/13/2013 09:22:31 pm: ... Got dataset to return in json obj
04/13/2013 09:22:31 pm: ... Got dataset to return in json obj
04/13/2013 09:22:31 pm: Get the dataset to return in json obj...
04/13/2013 09:22:31 pm: ... Got dataset to return in json obj
04/13/2013 09:22:31 pm: Get the dataset to return in json obj...
04/13/2013 09:22:31 pm: ... Got dataset to return in json obj
04/13/2013 09:23:05 pm: Get the dataset to return in json obj...
04/13/2013 09:23:05 pm: ... Got dataset to return in json obj
04/13/2013 09:23:05 pm: Get the dataset to return in json obj...
04/13/2013 09:23:05 pm: Get the dataset to return in json obj...
04/13/2013 09:23:05 pm: ... Got dataset to return in json obj
04/13/2013 09:23:05 pm: ... Got dataset to return in json obj
04/13/2013 09:23:05 pm: Get the dataset to return in json obj...
04/13/2013 09:23:05 pm: ... Got dataset to return in json obj
04/13/2013 09:23:05 pm: Get the dataset to return in json obj...
04/13/2013 09:23:05 pm: ... Got dataset to return in json obj
04/13/2013 09:23:14 pm: Get the dataset to return in json obj...
04/13/2013 09:23:14 pm: ... Got dataset to return in json obj
04/13/2013 09:23:14 pm: Get the dataset to return in json obj...
04/13/2013 09:23:14 pm: ... Got dataset to return in json obj
04/13/2013 09:23:14 pm: Get the dataset to return in json obj...
04/13/2013 09:23:14 pm: ... Got dataset to return in json obj
04/13/2013 09:23:14 pm: Get the dataset to return in json obj...
04/13/2013 09:23:14 pm: ... Got dataset to return in json obj
04/13/2013 09:23:14 pm: Get the dataset to return in json obj...
04/13/2013 09:23:14 pm: ... Got dataset to return in json obj
04/13/2013 09:25:24 pm: Get the dataset to return in json obj...
04/13/2013 09:25:24 pm: ... Got dataset to return in json obj
04/13/2013 09:25:24 pm: Get the dataset to return in json obj...
04/13/2013 09:25:24 pm: ... Got dataset to return in json obj
04/13/2013 09:25:24 pm: Get the dataset to return in json obj...
04/13/2013 09:25:24 pm: ... Got dataset to return in json obj
04/13/2013 09:25:24 pm: Get the dataset to return in json obj...
04/13/2013 09:25:24 pm: ... Got dataset to return in json obj
04/13/2013 09:25:24 pm: Get the dataset to return in json obj...
04/13/2013 09:25:24 pm: ... Got dataset to return in json obj
04/13/2013 09:27:32 pm: Get the dataset to return in json obj...
04/13/2013 09:27:32 pm: ... Got dataset to return in json obj
04/13/2013 09:27:32 pm: Get the dataset to return in json obj...
04/13/2013 09:27:32 pm: ... Got dataset to return in json obj
04/13/2013 09:27:32 pm: Get the dataset to return in json obj...
04/13/2013 09:27:32 pm: ... Got dataset to return in json obj
04/13/2013 09:27:32 pm: Get the dataset to return in json obj...
04/13/2013 09:27:32 pm: ... Got dataset to return in json obj
04/13/2013 09:27:32 pm: Get the dataset to return in json obj...
04/13/2013 09:27:32 pm: ... Got dataset to return in json obj
04/13/2013 09:28:49 pm: Amount value: . Preg_match_all result is <0>
04/13/2013 09:29:14 pm: Get the dataset to return in json obj...
04/13/2013 09:29:14 pm: Get the dataset to return in json obj...
04/13/2013 09:29:14 pm: ... Got dataset to return in json obj
04/13/2013 09:29:14 pm: ... Got dataset to return in json obj
04/13/2013 09:29:14 pm: Get the dataset to return in json obj...
04/13/2013 09:29:14 pm: ... Got dataset to return in json obj
04/13/2013 09:29:15 pm: Get the dataset to return in json obj...
04/13/2013 09:29:15 pm: ... Got dataset to return in json obj
04/13/2013 09:29:16 pm: Get the dataset to return in json obj...
04/13/2013 09:29:16 pm: ... Got dataset to return in json obj
04/13/2013 09:29:34 pm: Get the dataset to return in json obj...
04/13/2013 09:29:34 pm: ... Got dataset to return in json obj
04/13/2013 09:29:34 pm: Get the dataset to return in json obj...
04/13/2013 09:29:34 pm: ... Got dataset to return in json obj
04/13/2013 09:29:34 pm: Get the dataset to return in json obj...
04/13/2013 09:29:34 pm: Get the dataset to return in json obj...
04/13/2013 09:29:34 pm: ... Got dataset to return in json obj
04/13/2013 09:29:34 pm: ... Got dataset to return in json obj
04/13/2013 09:29:34 pm: Get the dataset to return in json obj...
04/13/2013 09:29:34 pm: ... Got dataset to return in json obj
04/13/2013 09:30:52 pm: Get the dataset to return in json obj...
04/13/2013 09:30:52 pm: ... Got dataset to return in json obj
04/13/2013 09:30:52 pm: Get the dataset to return in json obj...
04/13/2013 09:30:52 pm: ... Got dataset to return in json obj
04/13/2013 09:30:52 pm: Get the dataset to return in json obj...
04/13/2013 09:30:52 pm: ... Got dataset to return in json obj
04/13/2013 09:30:52 pm: Get the dataset to return in json obj...
04/13/2013 09:30:52 pm: ... Got dataset to return in json obj
04/13/2013 09:30:52 pm: Get the dataset to return in json obj...
04/13/2013 09:30:52 pm: ... Got dataset to return in json obj
04/13/2013 09:30:54 pm: Get the dataset to return in json obj...
04/13/2013 09:30:54 pm: ... Got dataset to return in json obj
04/13/2013 09:30:54 pm: Get the dataset to return in json obj...
04/13/2013 09:30:54 pm: ... Got dataset to return in json obj
04/13/2013 09:30:54 pm: Get the dataset to return in json obj...
04/13/2013 09:30:54 pm: ... Got dataset to return in json obj
04/13/2013 09:30:54 pm: Get the dataset to return in json obj...
04/13/2013 09:30:54 pm: ... Got dataset to return in json obj
04/13/2013 09:30:54 pm: Get the dataset to return in json obj...
04/13/2013 09:30:54 pm: ... Got dataset to return in json obj
04/13/2013 09:32:09 pm: Get the dataset to return in json obj...
04/13/2013 09:32:09 pm: ... Got dataset to return in json obj
04/13/2013 09:32:09 pm: Get the dataset to return in json obj...
04/13/2013 09:32:09 pm: ... Got dataset to return in json obj
04/13/2013 09:32:09 pm: Get the dataset to return in json obj...
04/13/2013 09:32:09 pm: ... Got dataset to return in json obj
04/13/2013 09:32:09 pm: Get the dataset to return in json obj...
04/13/2013 09:32:09 pm: ... Got dataset to return in json obj
04/13/2013 09:32:09 pm: Get the dataset to return in json obj...
04/13/2013 09:32:09 pm: ... Got dataset to return in json obj
04/13/2013 09:33:36 pm: Get the dataset to return in json obj...
04/13/2013 09:33:36 pm: ... Got dataset to return in json obj
04/13/2013 09:33:36 pm: Get the dataset to return in json obj...
04/13/2013 09:33:36 pm: ... Got dataset to return in json obj
04/13/2013 09:33:36 pm: Get the dataset to return in json obj...
04/13/2013 09:33:36 pm: ... Got dataset to return in json obj
04/13/2013 09:33:36 pm: Get the dataset to return in json obj...
04/13/2013 09:33:36 pm: ... Got dataset to return in json obj
04/13/2013 09:33:36 pm: Get the dataset to return in json obj...
04/13/2013 09:33:36 pm: ... Got dataset to return in json obj
04/13/2013 09:34:18 pm: Currency = <1>.
04/13/2013 09:35:36 pm: Currency = <1>.
04/13/2013 09:42:52 pm: Get the dataset to return in json obj...
04/13/2013 09:42:52 pm: Get the dataset to return in json obj...
04/13/2013 09:42:52 pm: Get the dataset to return in json obj...
04/13/2013 09:42:52 pm: Get the dataset to return in json obj...
04/13/2013 09:42:52 pm: Get the dataset to return in json obj...
04/13/2013 09:42:52 pm: Query has run: <CALL USP_GetCategories();>.
04/13/2013 09:42:52 pm: ... Got dataset to return in json obj
04/13/2013 09:42:52 pm: Query has run: <CALL USP_GetCategories2();>.
04/13/2013 09:42:52 pm: ... Got dataset to return in json obj
04/13/2013 09:42:52 pm: Query has run: <CALL USP_GetAccounts();>.
04/13/2013 09:42:52 pm: ... Got dataset to return in json obj
04/13/2013 09:42:52 pm: Query has run: <CALL USP_GetCurrencies();>.
04/13/2013 09:42:52 pm: ... Got dataset to return in json obj
04/13/2013 09:42:52 pm: Query has run: <CALL USP_GetPayees();>.
04/13/2013 09:42:52 pm: ... Got dataset to return in json obj
04/13/2013 09:45:36 pm: Amount value: -125. Preg_match_all result is <1>
04/13/2013 09:45:36 pm: Currency = <1>.
04/13/2013 09:45:45 pm: Amount value: -30. Preg_match_all result is <1>
04/13/2013 09:45:45 pm: Currency = <1>.
04/13/2013 09:45:49 pm: Get the dataset to return in json obj...
04/13/2013 09:45:49 pm: Get the dataset to return in json obj...
04/13/2013 09:45:49 pm: Query has run: <CALL USP_GetCurrencies();>.
04/13/2013 09:45:49 pm: ... Got dataset to return in json obj
04/13/2013 09:45:49 pm: Query has run: <CALL USP_GetAccounts();>.
04/13/2013 09:45:49 pm: ... Got dataset to return in json obj
04/13/2013 09:45:49 pm: Get the dataset to return in json obj...
04/13/2013 09:45:49 pm: Query has run: <CALL USP_GetPayees();>.
04/13/2013 09:45:49 pm: ... Got dataset to return in json obj
04/13/2013 09:45:49 pm: Get the dataset to return in json obj...
04/13/2013 09:45:49 pm: Query has run: <CALL USP_GetCategories();>.
04/13/2013 09:45:49 pm: ... Got dataset to return in json obj
04/13/2013 09:45:49 pm: Get the dataset to return in json obj...
04/13/2013 09:45:49 pm: Query has run: <CALL USP_GetCategories2();>.
04/13/2013 09:45:49 pm: ... Got dataset to return in json obj
04/13/2013 09:46:42 pm: Amount value: -220. Preg_match_all result is <1>
04/13/2013 09:46:42 pm: Currency = <1>.
04/13/2013 09:47:16 pm: Amount value: -200. Preg_match_all result is <1>
04/13/2013 09:47:16 pm: Currency = <1>.
04/13/2013 09:48:12 pm: Amount value: -135,98. Preg_match_all result is <1>
04/13/2013 09:48:12 pm: Currency = <1>.
04/13/2013 09:48:15 pm: Get the dataset to return in json obj...
04/13/2013 09:48:15 pm: Query has run: <CALL USP_GetAccounts();>.
04/13/2013 09:48:15 pm: Get the dataset to return in json obj...
04/13/2013 09:48:15 pm: ... Got dataset to return in json obj
04/13/2013 09:48:15 pm: Get the dataset to return in json obj...
04/13/2013 09:48:15 pm: Get the dataset to return in json obj...
04/13/2013 09:48:15 pm: Query has run: <CALL USP_GetCurrencies();>.
04/13/2013 09:48:15 pm: ... Got dataset to return in json obj
04/13/2013 09:48:15 pm: Query has run: <CALL USP_GetCategories();>.
04/13/2013 09:48:15 pm: ... Got dataset to return in json obj
04/13/2013 09:48:15 pm: Query has run: <CALL USP_GetPayees();>.
04/13/2013 09:48:15 pm: ... Got dataset to return in json obj
04/13/2013 09:48:15 pm: Get the dataset to return in json obj...
04/13/2013 09:48:15 pm: Query has run: <CALL USP_GetCategories2();>.
04/13/2013 09:48:15 pm: ... Got dataset to return in json obj
04/13/2013 09:49:05 pm: Amount value: -425,97. Preg_match_all result is <1>
04/13/2013 09:49:05 pm: Currency = <1>.
04/13/2013 09:49:09 pm: Get the dataset to return in json obj...
04/13/2013 09:49:09 pm: Get the dataset to return in json obj...
04/13/2013 09:49:09 pm: Query has run: <CALL USP_GetCurrencies();>.
04/13/2013 09:49:09 pm: ... Got dataset to return in json obj
04/13/2013 09:49:09 pm: Query has run: <CALL USP_GetAccounts();>.
04/13/2013 09:49:09 pm: Get the dataset to return in json obj...
04/13/2013 09:49:09 pm: ... Got dataset to return in json obj
04/13/2013 09:49:09 pm: Query has run: <CALL USP_GetPayees();>.
04/13/2013 09:49:09 pm: ... Got dataset to return in json obj
04/13/2013 09:49:09 pm: Get the dataset to return in json obj...
04/13/2013 09:49:09 pm: Query has run: <CALL USP_GetCategories();>.
04/13/2013 09:49:09 pm: ... Got dataset to return in json obj
04/13/2013 09:49:09 pm: Get the dataset to return in json obj...
04/13/2013 09:49:09 pm: Query has run: <CALL USP_GetCategories2();>.
04/13/2013 09:49:09 pm: ... Got dataset to return in json obj
04/13/2013 09:49:37 pm: Get the dataset to return in json obj...
04/13/2013 09:49:37 pm: Get the dataset to return in json obj...
04/13/2013 09:49:37 pm: Query has run: <CALL USP_GetAccounts();>.
04/13/2013 09:49:37 pm: Get the dataset to return in json obj...
04/13/2013 09:49:37 pm: Get the dataset to return in json obj...
04/13/2013 09:49:37 pm: ... Got dataset to return in json obj
04/13/2013 09:49:37 pm: Query has run: <CALL USP_GetPayees();>.
04/13/2013 09:49:37 pm: ... Got dataset to return in json obj
04/13/2013 09:49:37 pm: Query has run: <CALL USP_GetCategories();>.
04/13/2013 09:49:37 pm: ... Got dataset to return in json obj
04/13/2013 09:49:37 pm: Get the dataset to return in json obj...
04/13/2013 09:49:37 pm: Query has run: <CALL USP_GetCurrencies();>.
04/13/2013 09:49:37 pm: ... Got dataset to return in json obj
04/13/2013 09:49:37 pm: Query has run: <CALL USP_GetCategories2();>.
04/13/2013 09:49:37 pm: ... Got dataset to return in json obj
04/13/2013 09:53:29 pm: Amount value: -7,75. Preg_match_all result is <1>
04/13/2013 09:53:29 pm: Currency = <1>.
04/13/2013 09:54:11 pm: Amount value: -13,14. Preg_match_all result is <1>
04/13/2013 09:54:11 pm: Currency = <1>.
04/13/2013 09:54:22 pm: Amount value: -5,86. Preg_match_all result is <1>
04/13/2013 09:54:22 pm: Currency = <1>.
04/13/2013 09:54:29 pm: Get the dataset to return in json obj...
04/13/2013 09:54:29 pm: Get the dataset to return in json obj...
04/13/2013 09:54:29 pm: Get the dataset to return in json obj...
04/13/2013 09:54:29 pm: Query has run: <CALL USP_GetCurrencies();>.
04/13/2013 09:54:29 pm: ... Got dataset to return in json obj
04/13/2013 09:54:29 pm: Query has run: <CALL USP_GetPayees();>.
04/13/2013 09:54:29 pm: ... Got dataset to return in json obj
04/13/2013 09:54:29 pm: Query has run: <CALL USP_GetAccounts();>.
04/13/2013 09:54:29 pm: ... Got dataset to return in json obj
04/13/2013 09:54:29 pm: Get the dataset to return in json obj...
04/13/2013 09:54:29 pm: Query has run: <CALL USP_GetCategories();>.
04/13/2013 09:54:29 pm: ... Got dataset to return in json obj
04/13/2013 09:54:29 pm: Get the dataset to return in json obj...
04/13/2013 09:54:29 pm: Query has run: <CALL USP_GetCategories2();>.
04/13/2013 09:54:29 pm: ... Got dataset to return in json obj
04/13/2013 10:04:03 pm: Get the dataset to return in json obj...
04/13/2013 10:04:03 pm: Query has run: <CALL USP_GetAccounts();>.
04/13/2013 10:04:03 pm: ... Got dataset to return in json obj
04/13/2013 10:04:03 pm: Get the dataset to return in json obj...
04/13/2013 10:04:03 pm: Get the dataset to return in json obj...
04/13/2013 10:04:03 pm: Get the dataset to return in json obj...
04/13/2013 10:04:03 pm: Query has run: <CALL USP_GetCurrencies();>.
04/13/2013 10:04:03 pm: ... Got dataset to return in json obj
04/13/2013 10:04:03 pm: Query has run: <CALL USP_GetPayees();>.
04/13/2013 10:04:03 pm: ... Got dataset to return in json obj
04/13/2013 10:04:03 pm: Query has run: <CALL USP_GetCategories();>.
04/13/2013 10:04:03 pm: ... Got dataset to return in json obj
04/13/2013 10:04:03 pm: Get the dataset to return in json obj...
04/13/2013 10:04:03 pm: Query has run: <CALL USP_GetCategories2();>.
04/13/2013 10:04:03 pm: ... Got dataset to return in json obj
04/13/2013 10:37:08 pm: Amount value: -9,12. Preg_match_all result is <1>
04/13/2013 10:37:08 pm: Currency = <1>.
04/13/2013 10:37:41 pm: Amount value: -19,12. Preg_match_all result is <1>
04/13/2013 10:37:41 pm: Currency = <1>.
04/13/2013 10:37:49 pm: Get the dataset to return in json obj...
04/13/2013 10:37:49 pm: Query has run: <CALL USP_GetAccounts();>.
04/13/2013 10:37:49 pm: ... Got dataset to return in json obj
04/13/2013 10:37:49 pm: Get the dataset to return in json obj...
04/13/2013 10:37:49 pm: Query has run: <CALL USP_GetCurrencies();>.
04/13/2013 10:37:49 pm: ... Got dataset to return in json obj
04/13/2013 10:37:49 pm: Get the dataset to return in json obj...
04/13/2013 10:37:49 pm: Get the dataset to return in json obj...
04/13/2013 10:37:49 pm: Query has run: <CALL USP_GetPayees();>.
04/13/2013 10:37:49 pm: ... Got dataset to return in json obj
04/13/2013 10:37:49 pm: Query has run: <CALL USP_GetCategories();>.
04/13/2013 10:37:49 pm: ... Got dataset to return in json obj
04/13/2013 10:37:49 pm: Get the dataset to return in json obj...
04/13/2013 10:37:49 pm: Query has run: <CALL USP_GetCategories2();>.
04/13/2013 10:37:49 pm: ... Got dataset to return in json obj
