01/14/2013 09:45:08 am: Get the dataset to return in json obj...
01/14/2013 09:45:08 am: Get the dataset to return in json obj...
01/14/2013 09:45:08 am: Get the dataset to return in json obj...
01/14/2013 09:45:08 am: Query has run: <CALL USP_GetCategories();>.
01/14/2013 09:45:08 am: ... Got dataset to return in json obj
01/14/2013 09:45:08 am: Get the dataset to return in json obj...
01/14/2013 09:45:08 am: Get the dataset to return in json obj...
01/14/2013 09:45:08 am: Query has run: <CALL USP_GetCurrencies();>.
01/14/2013 09:45:08 am: ... Got dataset to return in json obj
01/14/2013 09:45:08 am: Query has run: <CALL USP_GetPayees();>.
01/14/2013 09:45:08 am: ... Got dataset to return in json obj
01/14/2013 09:45:08 am: Query has run: <CALL USP_GetCategories2();>.
01/14/2013 09:45:08 am: ... Got dataset to return in json obj
01/14/2013 09:45:08 am: Query has run: <CALL USP_GetAccounts();>.
01/14/2013 09:45:08 am: ... Got dataset to return in json obj
01/14/2013 09:54:38 am: Get the dataset to return in json obj...
01/14/2013 09:54:38 am: Query has run: <CALL USP_GetAccounts();>.
01/14/2013 09:54:38 am: ... Got dataset to return in json obj
01/14/2013 09:54:38 am: Get the dataset to return in json obj...
01/14/2013 09:54:38 am: Get the dataset to return in json obj...
01/14/2013 09:54:38 am: Get the dataset to return in json obj...
01/14/2013 09:54:38 am: Query has run: <CALL USP_GetCategories();>.
01/14/2013 09:54:38 am: ... Got dataset to return in json obj
01/14/2013 09:54:38 am: Query has run: <CALL USP_GetCurrencies();>.
01/14/2013 09:54:38 am: ... Got dataset to return in json obj
01/14/2013 09:54:38 am: Query has run: <CALL USP_GetPayees();>.
01/14/2013 09:54:38 am: ... Got dataset to return in json obj
01/14/2013 09:54:38 am: Get the dataset to return in json obj...
01/14/2013 09:54:38 am: Query has run: <CALL USP_GetCategories2();>.
01/14/2013 09:54:38 am: ... Got dataset to return in json obj
01/14/2013 09:55:10 am: Amount value: -3,17. Preg_match_all result is <1>
01/14/2013 09:55:10 am: Currency = <3>.
01/14/2013 10:03:52 am: Get the dataset to return in json obj...
01/14/2013 10:03:52 am: Query has run: <CALL USP_GetAccounts();>.
01/14/2013 10:03:52 am: ... Got dataset to return in json obj
01/14/2013 10:03:52 am: Get the dataset to return in json obj...
01/14/2013 10:03:52 am: Query has run: <CALL USP_GetCurrencies();>.
01/14/2013 10:03:52 am: ... Got dataset to return in json obj
01/14/2013 10:03:52 am: Get the dataset to return in json obj...
01/14/2013 10:03:52 am: Query has run: <CALL USP_GetPayees();>.
01/14/2013 10:03:52 am: Get the dataset to return in json obj...
01/14/2013 10:03:52 am: ... Got dataset to return in json obj
01/14/2013 10:03:52 am: Query has run: <CALL USP_GetCategories();>.
01/14/2013 10:03:52 am: ... Got dataset to return in json obj
01/14/2013 10:03:52 am: Get the dataset to return in json obj...
01/14/2013 10:03:52 am: Query has run: <CALL USP_GetCategories2();>.
01/14/2013 10:03:52 am: ... Got dataset to return in json obj
01/14/2013 10:19:55 am: Get the dataset to return in json obj...
01/14/2013 10:19:55 am: Get the dataset to return in json obj...
01/14/2013 10:19:55 am: Get the dataset to return in json obj...
01/14/2013 10:19:55 am: Query has run: <CALL USP_GetCategories();>.
01/14/2013 10:19:55 am: ... Got dataset to return in json obj
01/14/2013 10:19:55 am: Query has run: <CALL USP_GetPayees();>.
01/14/2013 10:19:55 am: ... Got dataset to return in json obj
01/14/2013 10:19:55 am: Query has run: <CALL USP_GetAccounts();>.
01/14/2013 10:19:55 am: ... Got dataset to return in json obj
01/14/2013 10:19:55 am: Get the dataset to return in json obj...
01/14/2013 10:19:55 am: Query has run: <CALL USP_GetCurrencies();>.
01/14/2013 10:19:55 am: ... Got dataset to return in json obj
01/14/2013 10:19:55 am: Get the dataset to return in json obj...
01/14/2013 10:19:55 am: Query has run: <CALL USP_GetCategories2();>.
01/14/2013 10:19:55 am: ... Got dataset to return in json obj
01/14/2013 10:20:27 am: Amount value: -5. Preg_match_all result is <1>
01/14/2013 10:20:27 am: Currency = <3>.
01/14/2013 10:20:34 am: Get the dataset to return in json obj...
01/14/2013 10:20:34 am: Get the dataset to return in json obj...
01/14/2013 10:20:34 am: Get the dataset to return in json obj...
01/14/2013 10:20:34 am: Get the dataset to return in json obj...
01/14/2013 10:20:34 am: Query has run: <CALL USP_GetCurrencies();>.
01/14/2013 10:20:34 am: ... Got dataset to return in json obj
01/14/2013 10:20:34 am: Query has run: <CALL USP_GetCategories();>.
01/14/2013 10:20:34 am: ... Got dataset to return in json obj
01/14/2013 10:20:34 am: Query has run: <CALL USP_GetAccounts();>.
01/14/2013 10:20:34 am: ... Got dataset to return in json obj
01/14/2013 10:20:34 am: Query has run: <CALL USP_GetPayees();>.
01/14/2013 10:20:34 am: ... Got dataset to return in json obj
01/14/2013 10:20:34 am: Get the dataset to return in json obj...
01/14/2013 10:20:34 am: Query has run: <CALL USP_GetCategories2();>.
01/14/2013 10:20:34 am: ... Got dataset to return in json obj
01/14/2013 10:21:51 am: Get the dataset to return in json obj...
01/14/2013 10:21:51 am: Query has run: <CALL USP_GetAccounts();>.
01/14/2013 10:21:51 am: ... Got dataset to return in json obj
01/14/2013 10:21:51 am: Get the dataset to return in json obj...
01/14/2013 10:21:51 am: Query has run: <CALL USP_GetCurrencies();>.
01/14/2013 10:21:51 am: ... Got dataset to return in json obj
01/14/2013 10:21:51 am: Get the dataset to return in json obj...
01/14/2013 10:21:51 am: Query has run: <CALL USP_GetPayees();>.
01/14/2013 10:21:51 am: ... Got dataset to return in json obj
01/14/2013 10:21:51 am: Get the dataset to return in json obj...
01/14/2013 10:21:51 am: Get the dataset to return in json obj...
01/14/2013 10:21:51 am: Query has run: <CALL USP_GetCategories();>.
01/14/2013 10:21:51 am: Query has run: <CALL USP_GetCategories2();>.
01/14/2013 10:21:51 am: ... Got dataset to return in json obj
01/14/2013 10:21:51 am: ... Got dataset to return in json obj
01/14/2013 10:22:18 am: Amount value: -,89. Preg_match_all result is <1>
01/14/2013 10:22:18 am: Currency = <3>.
01/14/2013 10:22:21 am: Get the dataset to return in json obj...
01/14/2013 10:22:21 am: Query has run: <CALL USP_GetCurrencies();>.
01/14/2013 10:22:21 am: ... Got dataset to return in json obj
01/14/2013 10:22:21 am: Get the dataset to return in json obj...
01/14/2013 10:22:21 am: Query has run: <CALL USP_GetAccounts();>.
01/14/2013 10:22:21 am: ... Got dataset to return in json obj
01/14/2013 10:22:21 am: Get the dataset to return in json obj...
01/14/2013 10:22:21 am: Get the dataset to return in json obj...
01/14/2013 10:22:21 am: Query has run: <CALL USP_GetCategories();>.
01/14/2013 10:22:21 am: ... Got dataset to return in json obj
01/14/2013 10:22:21 am: Query has run: <CALL USP_GetCategories2();>.
01/14/2013 10:22:21 am: ... Got dataset to return in json obj
01/14/2013 10:22:21 am: Get the dataset to return in json obj...
01/14/2013 10:22:21 am: Query has run: <CALL USP_GetPayees();>.
01/14/2013 10:22:21 am: ... Got dataset to return in json obj
01/14/2013 10:24:36 am: Get the dataset to return in json obj...
01/14/2013 10:24:36 am: Get the dataset to return in json obj...
01/14/2013 10:24:36 am: Query has run: <CALL USP_GetCategories();>.
01/14/2013 10:24:36 am: ... Got dataset to return in json obj
01/14/2013 10:24:36 am: Get the dataset to return in json obj...
01/14/2013 10:24:36 am: Get the dataset to return in json obj...
01/14/2013 10:24:36 am: Query has run: <CALL USP_GetCategories2();>.
01/14/2013 10:24:36 am: ... Got dataset to return in json obj
01/14/2013 10:24:36 am: Query has run: <CALL USP_GetCurrencies();>.
01/14/2013 10:24:36 am: ... Got dataset to return in json obj
01/14/2013 10:24:36 am: Get the dataset to return in json obj...
01/14/2013 10:24:36 am: Query has run: <CALL USP_GetPayees();>.
01/14/2013 10:24:36 am: ... Got dataset to return in json obj
01/14/2013 10:24:36 am: Query has run: <CALL USP_GetAccounts();>.
01/14/2013 10:24:36 am: ... Got dataset to return in json obj
01/14/2013 10:24:45 am: Get the dataset to return in json obj...
01/14/2013 10:24:45 am: Query has run: <CALL USP_GetAccounts();>.
01/14/2013 10:24:45 am: ... Got dataset to return in json obj
01/14/2013 10:24:45 am: Get the dataset to return in json obj...
01/14/2013 10:24:45 am: Get the dataset to return in json obj...
01/14/2013 10:24:45 am: Query has run: <CALL USP_GetCurrencies();>.
01/14/2013 10:24:45 am: ... Got dataset to return in json obj
01/14/2013 10:24:45 am: Get the dataset to return in json obj...
01/14/2013 10:24:45 am: Query has run: <CALL USP_GetCategories();>.
01/14/2013 10:24:45 am: ... Got dataset to return in json obj
01/14/2013 10:24:45 am: Query has run: <CALL USP_GetPayees();>.
01/14/2013 10:24:45 am: ... Got dataset to return in json obj
01/14/2013 10:24:45 am: Get the dataset to return in json obj...
01/14/2013 10:24:45 am: Query has run: <CALL USP_GetCategories2();>.
01/14/2013 10:24:45 am: ... Got dataset to return in json obj
01/14/2013 11:09:04 am: Get the dataset to return in json obj...
01/14/2013 11:09:04 am: Get the dataset to return in json obj...
01/14/2013 11:09:04 am: Query has run: <CALL USP_GetAccounts();>.
01/14/2013 11:09:04 am: ... Got dataset to return in json obj
01/14/2013 11:09:04 am: Get the dataset to return in json obj...
01/14/2013 11:09:04 am: Query has run: <CALL USP_GetPayees();>.
01/14/2013 11:09:04 am: ... Got dataset to return in json obj
01/14/2013 11:09:04 am: Query has run: <CALL USP_GetCurrencies();>.
01/14/2013 11:09:04 am: ... Got dataset to return in json obj
01/14/2013 11:09:04 am: Get the dataset to return in json obj...
01/14/2013 11:09:04 am: Get the dataset to return in json obj...
01/14/2013 11:09:04 am: Query has run: <CALL USP_GetCategories();>.
01/14/2013 11:09:04 am: ... Got dataset to return in json obj
01/14/2013 11:09:04 am: Query has run: <CALL USP_GetCategories2();>.
01/14/2013 11:09:04 am: ... Got dataset to return in json obj
01/14/2013 11:09:23 am: Amount value: -28,44. Preg_match_all result is <1>
01/14/2013 11:09:23 am: Currency = <3>.
01/14/2013 11:09:27 am: Get the dataset to return in json obj...
01/14/2013 11:09:27 am: Get the dataset to return in json obj...
01/14/2013 11:09:27 am: Get the dataset to return in json obj...
01/14/2013 11:09:27 am: Query has run: <CALL USP_GetCategories();>.
01/14/2013 11:09:27 am: ... Got dataset to return in json obj
01/14/2013 11:09:27 am: Get the dataset to return in json obj...
01/14/2013 11:09:27 am: Query has run: <CALL USP_GetCategories2();>.
01/14/2013 11:09:27 am: ... Got dataset to return in json obj
01/14/2013 11:09:27 am: Get the dataset to return in json obj...
01/14/2013 11:09:27 am: Query has run: <CALL USP_GetPayees();>.
01/14/2013 11:09:27 am: ... Got dataset to return in json obj
01/14/2013 11:09:27 am: Query has run: <CALL USP_GetAccounts();>.
01/14/2013 11:09:27 am: ... Got dataset to return in json obj
01/14/2013 11:09:27 am: Query has run: <CALL USP_GetCurrencies();>.
01/14/2013 11:09:27 am: ... Got dataset to return in json obj
01/14/2013 12:13:03 pm: Currency = <3>.
01/14/2013 12:13:10 pm: Get the dataset to return in json obj...
01/14/2013 12:13:10 pm: Get the dataset to return in json obj...
01/14/2013 12:13:10 pm: Get the dataset to return in json obj...
01/14/2013 12:13:10 pm: Get the dataset to return in json obj...
01/14/2013 12:13:10 pm: Get the dataset to return in json obj...
01/14/2013 12:13:10 pm: Query has run: <CALL USP_GetCategories();>.
01/14/2013 12:13:10 pm: ... Got dataset to return in json obj
01/14/2013 12:13:10 pm: Query has run: <CALL USP_GetCurrencies();>.
01/14/2013 12:13:10 pm: ... Got dataset to return in json obj
01/14/2013 12:13:10 pm: Query has run: <CALL USP_GetPayees();>.
01/14/2013 12:13:10 pm: ... Got dataset to return in json obj
01/14/2013 12:13:10 pm: Query has run: <CALL USP_GetCategories2();>.
01/14/2013 12:13:10 pm: ... Got dataset to return in json obj
01/14/2013 12:13:10 pm: Query has run: <CALL USP_GetAccounts();>.
01/14/2013 12:13:10 pm: ... Got dataset to return in json obj
