02/27/2013 10:22:20 pm: Get the dataset to return in json obj...
02/27/2013 10:22:20 pm: Get the dataset to return in json obj...
02/27/2013 10:22:20 pm: Get the dataset to return in json obj...
02/27/2013 10:22:20 pm: Get the dataset to return in json obj...
02/27/2013 10:22:20 pm: Get the dataset to return in json obj...
02/27/2013 10:22:20 pm: Query has run: <CALL USP_GetPayees();>.
02/27/2013 10:22:20 pm: Query has run: <CALL USP_GetCategories();>.
02/27/2013 10:22:20 pm: Query has run: <CALL USP_GetCurrencies();>.
02/27/2013 10:22:20 pm: ... Got dataset to return in json obj
02/27/2013 10:22:20 pm: ... Got dataset to return in json obj
02/27/2013 10:22:20 pm: ... Got dataset to return in json obj
02/27/2013 10:22:20 pm: Query has run: <CALL USP_GetCategories2();>.
02/27/2013 10:22:20 pm: ... Got dataset to return in json obj
02/27/2013 10:22:20 pm: Query has run: <CALL USP_GetAccounts();>.
02/27/2013 10:22:20 pm: ... Got dataset to return in json obj
02/27/2013 10:22:56 pm: Amount value: -1,5. Preg_match_all result is <1>
02/27/2013 10:22:57 pm: Currency = <1>.
02/27/2013 10:23:17 pm: Amount value: -1,11. Preg_match_all result is <1>
02/27/2013 10:23:17 pm: Currency = <1>.
02/27/2013 10:23:48 pm: Amount value: -70,24. Preg_match_all result is <1>
02/27/2013 10:23:48 pm: Currency = <1>.
02/27/2013 10:23:53 pm: Get the dataset to return in json obj...
02/27/2013 10:23:53 pm: Get the dataset to return in json obj...
02/27/2013 10:23:53 pm: Get the dataset to return in json obj...
02/27/2013 10:23:53 pm: Query has run: <CALL USP_GetAccounts();>.
02/27/2013 10:23:53 pm: ... Got dataset to return in json obj
02/27/2013 10:23:53 pm: Query has run: <CALL USP_GetCurrencies();>.
02/27/2013 10:23:53 pm: ... Got dataset to return in json obj
02/27/2013 10:23:53 pm: Get the dataset to return in json obj...
02/27/2013 10:23:53 pm: Query has run: <CALL USP_GetPayees();>.
02/27/2013 10:23:53 pm: ... Got dataset to return in json obj
02/27/2013 10:23:53 pm: Get the dataset to return in json obj...
02/27/2013 10:23:53 pm: Query has run: <CALL USP_GetCategories2();>.
02/27/2013 10:23:53 pm: ... Got dataset to return in json obj
02/27/2013 10:23:53 pm: Query has run: <CALL USP_GetCategories();>.
02/27/2013 10:23:53 pm: ... Got dataset to return in json obj
02/27/2013 10:25:04 pm: Get the dataset to return in json obj...
02/27/2013 10:25:04 pm: Get the dataset to return in json obj...
02/27/2013 10:25:04 pm: Get the dataset to return in json obj...
02/27/2013 10:25:04 pm: Query has run: <CALL USP_GetCategories2();>.
02/27/2013 10:25:04 pm: ... Got dataset to return in json obj
02/27/2013 10:25:04 pm: Query has run: <CALL USP_GetCategories();>.
02/27/2013 10:25:04 pm: ... Got dataset to return in json obj
02/27/2013 10:25:04 pm: Get the dataset to return in json obj...
02/27/2013 10:25:04 pm: Get the dataset to return in json obj...
02/27/2013 10:25:04 pm: Query has run: <CALL USP_GetPayees();>.
02/27/2013 10:25:04 pm: ... Got dataset to return in json obj
02/27/2013 10:25:04 pm: Query has run: <CALL USP_GetAccounts();>.
02/27/2013 10:25:04 pm: ... Got dataset to return in json obj
02/27/2013 10:25:04 pm: Query has run: <CALL USP_GetCurrencies();>.
02/27/2013 10:25:04 pm: ... Got dataset to return in json obj
