02/20/2013 07:30:44 pm: Get the dataset to return in json obj...
02/20/2013 07:30:44 pm: Get the dataset to return in json obj...
02/20/2013 07:30:44 pm: Get the dataset to return in json obj...
02/20/2013 07:30:44 pm: Get the dataset to return in json obj...
02/20/2013 07:30:44 pm: Get the dataset to return in json obj...
02/20/2013 07:30:44 pm: Query has run: <CALL USP_GetCategories();>.
02/20/2013 07:30:44 pm: ... Got dataset to return in json obj
02/20/2013 07:30:44 pm: Query has run: <CALL USP_GetCurrencies();>.
02/20/2013 07:30:44 pm: ... Got dataset to return in json obj
02/20/2013 07:30:44 pm: Query has run: <CALL USP_GetCategories2();>.
02/20/2013 07:30:44 pm: ... Got dataset to return in json obj
02/20/2013 07:30:44 pm: Query has run: <CALL USP_GetAccounts();>.
02/20/2013 07:30:44 pm: ... Got dataset to return in json obj
02/20/2013 07:30:44 pm: Query has run: <CALL USP_GetPayees();>.
02/20/2013 07:30:44 pm: ... Got dataset to return in json obj
02/20/2013 07:30:46 pm: Get the dataset to return in json obj...
02/20/2013 07:30:46 pm: Query has run: <CALL USP_GetCurrencies();>.
02/20/2013 07:30:46 pm: ... Got dataset to return in json obj
02/20/2013 07:30:46 pm: Get the dataset to return in json obj...
02/20/2013 07:30:46 pm: Get the dataset to return in json obj...
02/20/2013 07:30:46 pm: Get the dataset to return in json obj...
02/20/2013 07:30:46 pm: Query has run: <CALL USP_GetPayees();>.
02/20/2013 07:30:46 pm: ... Got dataset to return in json obj
02/20/2013 07:30:46 pm: Query has run: <CALL USP_GetCategories2();>.
02/20/2013 07:30:46 pm: ... Got dataset to return in json obj
02/20/2013 07:30:46 pm: Query has run: <CALL USP_GetCategories();>.
02/20/2013 07:30:46 pm: ... Got dataset to return in json obj
02/20/2013 07:30:46 pm: Get the dataset to return in json obj...
02/20/2013 07:30:46 pm: Query has run: <CALL USP_GetAccounts();>.
02/20/2013 07:30:46 pm: ... Got dataset to return in json obj
02/20/2013 07:30:58 pm: Get the dataset to return in json obj...
02/20/2013 07:30:58 pm: Query has run: <CALL USP_GetAccounts();>.
02/20/2013 07:30:58 pm: ... Got dataset to return in json obj
02/20/2013 07:30:58 pm: Get the dataset to return in json obj...
02/20/2013 07:30:58 pm: Query has run: <CALL USP_GetCurrencies();>.
02/20/2013 07:30:58 pm: ... Got dataset to return in json obj
02/20/2013 07:30:58 pm: Get the dataset to return in json obj...
02/20/2013 07:30:58 pm: Query has run: <CALL USP_GetCategories();>.
02/20/2013 07:30:58 pm: ... Got dataset to return in json obj
02/20/2013 07:30:59 pm: Get the dataset to return in json obj...
02/20/2013 07:30:59 pm: Query has run: <CALL USP_GetPayees();>.
02/20/2013 07:30:59 pm: ... Got dataset to return in json obj
02/20/2013 07:30:59 pm: Get the dataset to return in json obj...
02/20/2013 07:30:59 pm: Query has run: <CALL USP_GetCategories2();>.
02/20/2013 07:30:59 pm: ... Got dataset to return in json obj
02/20/2013 07:31:30 pm: Get the dataset to return in json obj...
02/20/2013 07:31:30 pm: Get the dataset to return in json obj...
02/20/2013 07:31:30 pm: Get the dataset to return in json obj...
02/20/2013 07:31:30 pm: Get the dataset to return in json obj...
02/20/2013 07:31:30 pm: Query has run: <CALL USP_GetCategories();>.
02/20/2013 07:31:30 pm: ... Got dataset to return in json obj
02/20/2013 07:31:30 pm: Query has run: <CALL USP_GetCurrencies();>.
02/20/2013 07:31:30 pm: ... Got dataset to return in json obj
02/20/2013 07:31:30 pm: Query has run: <CALL USP_GetCategories2();>.
02/20/2013 07:31:30 pm: ... Got dataset to return in json obj
02/20/2013 07:31:30 pm: Query has run: <CALL USP_GetPayees();>.
02/20/2013 07:31:30 pm: ... Got dataset to return in json obj
02/20/2013 07:31:30 pm: Get the dataset to return in json obj...
02/20/2013 07:31:30 pm: Query has run: <CALL USP_GetAccounts();>.
02/20/2013 07:31:30 pm: ... Got dataset to return in json obj
02/20/2013 07:31:33 pm: Get the dataset to return in json obj...
02/20/2013 07:31:33 pm: Get the dataset to return in json obj...
02/20/2013 07:31:33 pm: Query has run: <CALL USP_GetAccounts();>.
02/20/2013 07:31:33 pm: ... Got dataset to return in json obj
02/20/2013 07:31:33 pm: Query has run: <CALL USP_GetCurrencies();>.
02/20/2013 07:31:33 pm: ... Got dataset to return in json obj
02/20/2013 07:31:33 pm: Get the dataset to return in json obj...
02/20/2013 07:31:33 pm: Get the dataset to return in json obj...
02/20/2013 07:31:33 pm: Get the dataset to return in json obj...
02/20/2013 07:31:33 pm: Query has run: <CALL USP_GetCategories();>.
02/20/2013 07:31:33 pm: ... Got dataset to return in json obj
02/20/2013 07:31:33 pm: Query has run: <CALL USP_GetPayees();>.
02/20/2013 07:31:33 pm: ... Got dataset to return in json obj
02/20/2013 07:31:33 pm: Query has run: <CALL USP_GetCategories2();>.
02/20/2013 07:31:33 pm: ... Got dataset to return in json obj
02/20/2013 07:32:17 pm: Amount value: -14,52. Preg_match_all result is <1>
02/20/2013 07:32:17 pm: Currency = <1>.
02/20/2013 07:32:20 pm: Get the dataset to return in json obj...
02/20/2013 07:32:20 pm: Query has run: <CALL USP_GetCurrencies();>.
02/20/2013 07:32:20 pm: ... Got dataset to return in json obj
02/20/2013 07:32:20 pm: Get the dataset to return in json obj...
02/20/2013 07:32:20 pm: Get the dataset to return in json obj...
02/20/2013 07:32:20 pm: Query has run: <CALL USP_GetPayees();>.
02/20/2013 07:32:20 pm: ... Got dataset to return in json obj
02/20/2013 07:32:20 pm: Query has run: <CALL USP_GetAccounts();>.
02/20/2013 07:32:20 pm: ... Got dataset to return in json obj
02/20/2013 07:32:20 pm: Get the dataset to return in json obj...
02/20/2013 07:32:20 pm: Get the dataset to return in json obj...
02/20/2013 07:32:20 pm: Query has run: <CALL USP_GetCategories();>.
02/20/2013 07:32:20 pm: ... Got dataset to return in json obj
02/20/2013 07:32:20 pm: Query has run: <CALL USP_GetCategories2();>.
02/20/2013 07:32:20 pm: ... Got dataset to return in json obj
02/20/2013 07:32:28 pm: Get the dataset to return in json obj...
02/20/2013 07:32:28 pm: Query has run: <CALL USP_GetAccounts();>.
02/20/2013 07:32:28 pm: ... Got dataset to return in json obj
02/20/2013 07:32:28 pm: Get the dataset to return in json obj...
02/20/2013 07:32:28 pm: Query has run: <CALL USP_GetCurrencies();>.
02/20/2013 07:32:28 pm: ... Got dataset to return in json obj
02/20/2013 07:32:28 pm: Get the dataset to return in json obj...
02/20/2013 07:32:28 pm: Query has run: <CALL USP_GetCategories();>.
02/20/2013 07:32:28 pm: ... Got dataset to return in json obj
02/20/2013 07:32:28 pm: Get the dataset to return in json obj...
02/20/2013 07:32:28 pm: Get the dataset to return in json obj...
02/20/2013 07:32:28 pm: Query has run: <CALL USP_GetPayees();>.
02/20/2013 07:32:28 pm: ... Got dataset to return in json obj
02/20/2013 07:32:28 pm: Query has run: <CALL USP_GetCategories2();>.
02/20/2013 07:32:28 pm: ... Got dataset to return in json obj
