01/02/2013 11:01:40 am: Get the dataset to return in json obj...
01/02/2013 11:01:40 am: Get the dataset to return in json obj...
01/02/2013 11:01:40 am: Get the dataset to return in json obj...
01/02/2013 11:01:40 am: Get the dataset to return in json obj...
01/02/2013 11:01:40 am: Get the dataset to return in json obj...
01/02/2013 11:01:40 am: Query has run: <CALL USP_GetPayees();>.
01/02/2013 11:01:40 am: ... Got dataset to return in json obj
01/02/2013 11:01:40 am: Query has run: <CALL USP_GetCategories();>.
01/02/2013 11:01:40 am: ... Got dataset to return in json obj
01/02/2013 11:01:40 am: Query has run: <CALL USP_GetCategories2();>.
01/02/2013 11:01:40 am: ... Got dataset to return in json obj
01/02/2013 11:01:40 am: Query has run: <CALL USP_GetAccounts();>.
01/02/2013 11:01:40 am: ... Got dataset to return in json obj
01/02/2013 11:01:40 am: Query has run: <CALL USP_GetCurrencies();>.
01/02/2013 11:01:40 am: ... Got dataset to return in json obj
01/02/2013 11:30:24 am: Currency = <1>.
01/02/2013 11:30:33 am: Get the dataset to return in json obj...
01/02/2013 11:30:33 am: Get the dataset to return in json obj...
01/02/2013 11:30:33 am: Query has run: <CALL USP_GetCurrencies();>.
01/02/2013 11:30:33 am: ... Got dataset to return in json obj
01/02/2013 11:30:33 am: Query has run: <CALL USP_GetAccounts();>.
01/02/2013 11:30:33 am: ... Got dataset to return in json obj
01/02/2013 11:30:33 am: Get the dataset to return in json obj...
01/02/2013 11:30:33 am: Get the dataset to return in json obj...
01/02/2013 11:30:33 am: Get the dataset to return in json obj...
01/02/2013 11:30:33 am: Query has run: <CALL USP_GetCategories();>.
01/02/2013 11:30:33 am: ... Got dataset to return in json obj
01/02/2013 11:30:33 am: Query has run: <CALL USP_GetPayees();>.
01/02/2013 11:30:33 am: ... Got dataset to return in json obj
01/02/2013 11:30:33 am: Query has run: <CALL USP_GetCategories2();>.
01/02/2013 11:30:33 am: ... Got dataset to return in json obj
01/02/2013 11:31:55 am: Get the dataset to return in json obj...
01/02/2013 11:31:55 am: Query has run: <CALL USP_GetCategories2();>.
01/02/2013 11:31:55 am: ... Got dataset to return in json obj
01/02/2013 11:31:55 am: Get the dataset to return in json obj...
01/02/2013 11:31:55 am: Get the dataset to return in json obj...
01/02/2013 11:31:55 am: Get the dataset to return in json obj...
01/02/2013 11:31:55 am: Query has run: <CALL USP_GetCategories();>.
01/02/2013 11:31:55 am: ... Got dataset to return in json obj
01/02/2013 11:31:55 am: Query has run: <CALL USP_GetAccounts();>.
01/02/2013 11:31:55 am: ... Got dataset to return in json obj
01/02/2013 11:31:55 am: Query has run: <CALL USP_GetPayees();>.
01/02/2013 11:31:55 am: ... Got dataset to return in json obj
01/02/2013 11:31:55 am: Get the dataset to return in json obj...
01/02/2013 11:31:55 am: Query has run: <CALL USP_GetCurrencies();>.
01/02/2013 11:31:55 am: ... Got dataset to return in json obj
01/02/2013 11:32:19 am: Amount value: -39,74. Preg_match_all result is <1>
01/02/2013 11:32:19 am: Currency = <1>.
01/02/2013 11:32:36 am: Amount value: -31,39. Preg_match_all result is <1>
01/02/2013 11:32:36 am: Currency = <1>.
01/02/2013 11:32:41 am: Get the dataset to return in json obj...
01/02/2013 11:32:41 am: Get the dataset to return in json obj...
01/02/2013 11:32:41 am: Query has run: <CALL USP_GetCurrencies();>.
01/02/2013 11:32:41 am: ... Got dataset to return in json obj
01/02/2013 11:32:41 am: Query has run: <CALL USP_GetAccounts();>.
01/02/2013 11:32:41 am: ... Got dataset to return in json obj
01/02/2013 11:32:41 am: Get the dataset to return in json obj...
01/02/2013 11:32:41 am: Get the dataset to return in json obj...
01/02/2013 11:32:41 am: Get the dataset to return in json obj...
01/02/2013 11:32:41 am: Query has run: <CALL USP_GetCategories();>.
01/02/2013 11:32:41 am: ... Got dataset to return in json obj
01/02/2013 11:32:41 am: Query has run: <CALL USP_GetPayees();>.
01/02/2013 11:32:41 am: ... Got dataset to return in json obj
01/02/2013 11:32:41 am: Query has run: <CALL USP_GetCategories2();>.
01/02/2013 11:32:41 am: ... Got dataset to return in json obj
01/02/2013 11:34:24 am: Get the dataset to return in json obj...
01/02/2013 11:34:24 am: Query has run: <CALL USP_GetAccounts();>.
01/02/2013 11:34:24 am: ... Got dataset to return in json obj
01/02/2013 11:34:24 am: Get the dataset to return in json obj...
01/02/2013 11:34:24 am: Get the dataset to return in json obj...
01/02/2013 11:34:24 am: Query has run: <CALL USP_GetCurrencies();>.
01/02/2013 11:34:24 am: ... Got dataset to return in json obj
01/02/2013 11:34:24 am: Query has run: <CALL USP_GetPayees();>.
01/02/2013 11:34:24 am: ... Got dataset to return in json obj
01/02/2013 11:34:25 am: Get the dataset to return in json obj...
01/02/2013 11:34:25 am: Get the dataset to return in json obj...
01/02/2013 11:34:25 am: Query has run: <CALL USP_GetCategories2();>.
01/02/2013 11:34:25 am: ... Got dataset to return in json obj
01/02/2013 11:34:25 am: Query has run: <CALL USP_GetCategories();>.
01/02/2013 11:34:25 am: ... Got dataset to return in json obj
01/02/2013 11:34:49 am: Amount value: 35,12. Preg_match_all result is <1>
01/02/2013 11:34:49 am: Currency = <1>.
01/02/2013 11:34:58 am: Amount value: 2,78. Preg_match_all result is <1>
01/02/2013 11:34:58 am: Currency = <1>.
01/02/2013 11:35:41 am: Get the dataset to return in json obj...
01/02/2013 11:35:41 am: Get the dataset to return in json obj...
01/02/2013 11:35:41 am: Query has run: <CALL USP_GetAccounts();>.
01/02/2013 11:35:42 am: ... Got dataset to return in json obj
01/02/2013 11:35:42 am: Get the dataset to return in json obj...
01/02/2013 11:35:42 am: Get the dataset to return in json obj...
01/02/2013 11:35:42 am: Query has run: <CALL USP_GetCurrencies();>.
01/02/2013 11:35:42 am: ... Got dataset to return in json obj
01/02/2013 11:35:42 am: Query has run: <CALL USP_GetCategories();>.
01/02/2013 11:35:42 am: ... Got dataset to return in json obj
01/02/2013 11:35:42 am: Get the dataset to return in json obj...
01/02/2013 11:35:42 am: Query has run: <CALL USP_GetCategories2();>.
01/02/2013 11:35:42 am: ... Got dataset to return in json obj
01/02/2013 11:35:42 am: Query has run: <CALL USP_GetPayees();>.
01/02/2013 11:35:42 am: ... Got dataset to return in json obj
01/02/2013 05:40:45 pm: Get the dataset to return in json obj...
01/02/2013 05:40:45 pm: Get the dataset to return in json obj...
01/02/2013 05:40:45 pm: Get the dataset to return in json obj...
01/02/2013 05:40:45 pm: Get the dataset to return in json obj...
01/02/2013 05:40:45 pm: Query has run: <CALL USP_GetPayees();>.
01/02/2013 05:40:45 pm: ... Got dataset to return in json obj
01/02/2013 05:40:45 pm: Query has run: <CALL USP_GetCategories2();>.
01/02/2013 05:40:45 pm: ... Got dataset to return in json obj
01/02/2013 05:40:45 pm: Query has run: <CALL USP_GetAccounts();>.
01/02/2013 05:40:45 pm: ... Got dataset to return in json obj
01/02/2013 05:40:45 pm: Query has run: <CALL USP_GetCurrencies();>.
01/02/2013 05:40:45 pm: ... Got dataset to return in json obj
01/02/2013 05:40:45 pm: Get the dataset to return in json obj...
01/02/2013 05:40:45 pm: Query has run: <CALL USP_GetCategories();>.
01/02/2013 05:40:45 pm: ... Got dataset to return in json obj
01/02/2013 05:41:13 pm: Amount value: 44,88. Preg_match_all result is <1>
01/02/2013 05:41:13 pm: Currency = <1>.
01/02/2013 05:41:19 pm: Get the dataset to return in json obj...
01/02/2013 05:41:19 pm: Get the dataset to return in json obj...
01/02/2013 05:41:19 pm: Get the dataset to return in json obj...
01/02/2013 05:41:19 pm: Query has run: <CALL USP_GetAccounts();>.
01/02/2013 05:41:19 pm: ... Got dataset to return in json obj
01/02/2013 05:41:19 pm: Query has run: <CALL USP_GetPayees();>.
01/02/2013 05:41:19 pm: ... Got dataset to return in json obj
01/02/2013 05:41:19 pm: Query has run: <CALL USP_GetCurrencies();>.
01/02/2013 05:41:19 pm: ... Got dataset to return in json obj
01/02/2013 05:41:19 pm: Get the dataset to return in json obj...
01/02/2013 05:41:19 pm: Query has run: <CALL USP_GetCategories();>.
01/02/2013 05:41:19 pm: ... Got dataset to return in json obj
01/02/2013 05:41:19 pm: Get the dataset to return in json obj...
01/02/2013 05:41:19 pm: Query has run: <CALL USP_GetCategories2();>.
01/02/2013 05:41:19 pm: ... Got dataset to return in json obj
01/02/2013 05:43:32 pm: Get the dataset to return in json obj...
01/02/2013 05:43:32 pm: Query has run: <CALL USP_GetAccounts();>.
01/02/2013 05:43:32 pm: Get the dataset to return in json obj...
01/02/2013 05:43:32 pm: ... Got dataset to return in json obj
01/02/2013 05:43:32 pm: Query has run: <CALL USP_GetCurrencies();>.
01/02/2013 05:43:32 pm: ... Got dataset to return in json obj
01/02/2013 05:43:32 pm: Get the dataset to return in json obj...
01/02/2013 05:43:32 pm: Get the dataset to return in json obj...
01/02/2013 05:43:32 pm: Get the dataset to return in json obj...
01/02/2013 05:43:32 pm: Query has run: <CALL USP_GetCategories();>.
01/02/2013 05:43:32 pm: ... Got dataset to return in json obj
01/02/2013 05:43:32 pm: Query has run: <CALL USP_GetPayees();>.
01/02/2013 05:43:32 pm: ... Got dataset to return in json obj
01/02/2013 05:43:32 pm: Query has run: <CALL USP_GetCategories2();>.
01/02/2013 05:43:32 pm: ... Got dataset to return in json obj
01/02/2013 05:43:42 pm: Amount value: 4,02. Preg_match_all result is <1>
01/02/2013 05:43:42 pm: Currency = <1>.
01/02/2013 05:43:46 pm: Get the dataset to return in json obj...
01/02/2013 05:43:46 pm: Get the dataset to return in json obj...
01/02/2013 05:43:46 pm: Query has run: <CALL USP_GetAccounts();>.
01/02/2013 05:43:46 pm: ... Got dataset to return in json obj
01/02/2013 05:43:46 pm: Get the dataset to return in json obj...
01/02/2013 05:43:46 pm: Get the dataset to return in json obj...
01/02/2013 05:43:46 pm: Query has run: <CALL USP_GetCategories();>.
01/02/2013 05:43:46 pm: ... Got dataset to return in json obj
01/02/2013 05:43:46 pm: Query has run: <CALL USP_GetCurrencies();>.
01/02/2013 05:43:46 pm: Get the dataset to return in json obj...
01/02/2013 05:43:46 pm: ... Got dataset to return in json obj
01/02/2013 05:43:46 pm: Query has run: <CALL USP_GetCategories2();>.
01/02/2013 05:43:46 pm: ... Got dataset to return in json obj
01/02/2013 05:43:46 pm: Query has run: <CALL USP_GetPayees();>.
01/02/2013 05:43:46 pm: ... Got dataset to return in json obj
01/02/2013 05:44:19 pm: Get the dataset to return in json obj...
01/02/2013 05:44:19 pm: Query has run: <CALL USP_GetAccounts();>.
01/02/2013 05:44:19 pm: ... Got dataset to return in json obj
01/02/2013 05:44:19 pm: Get the dataset to return in json obj...
01/02/2013 05:44:19 pm: Get the dataset to return in json obj...
01/02/2013 05:44:19 pm: Query has run: <CALL USP_GetPayees();>.
01/02/2013 05:44:19 pm: ... Got dataset to return in json obj
01/02/2013 05:44:19 pm: Get the dataset to return in json obj...
01/02/2013 05:44:19 pm: Query has run: <CALL USP_GetCurrencies();>.
01/02/2013 05:44:19 pm: ... Got dataset to return in json obj
01/02/2013 05:44:19 pm: Get the dataset to return in json obj...
01/02/2013 05:44:19 pm: Query has run: <CALL USP_GetCategories2();>.
01/02/2013 05:44:19 pm: ... Got dataset to return in json obj
01/02/2013 05:44:19 pm: Query has run: <CALL USP_GetCategories();>.
01/02/2013 05:44:19 pm: ... Got dataset to return in json obj
01/02/2013 05:44:24 pm: Get the dataset to return in json obj...
01/02/2013 05:44:24 pm: Get the dataset to return in json obj...
01/02/2013 05:44:24 pm: Get the dataset to return in json obj...
01/02/2013 05:44:24 pm: Query has run: <CALL USP_GetAccounts();>.
01/02/2013 05:44:24 pm: ... Got dataset to return in json obj
01/02/2013 05:44:24 pm: Query has run: <CALL USP_GetCategories2();>.
01/02/2013 05:44:24 pm: ... Got dataset to return in json obj
01/02/2013 05:44:24 pm: Query has run: <CALL USP_GetPayees();>.
01/02/2013 05:44:24 pm: ... Got dataset to return in json obj
01/02/2013 05:44:24 pm: Get the dataset to return in json obj...
01/02/2013 05:44:24 pm: Get the dataset to return in json obj...
01/02/2013 05:44:24 pm: Query has run: <CALL USP_GetCurrencies();>.
01/02/2013 05:44:24 pm: ... Got dataset to return in json obj
01/02/2013 05:44:24 pm: Query has run: <CALL USP_GetCategories();>.
01/02/2013 05:44:24 pm: ... Got dataset to return in json obj
01/02/2013 05:44:40 pm: Get the dataset to return in json obj...
01/02/2013 05:44:40 pm: Query has run: <CALL USP_GetCategories();>.
01/02/2013 05:44:40 pm: ... Got dataset to return in json obj
01/02/2013 05:44:40 pm: Get the dataset to return in json obj...
01/02/2013 05:44:40 pm: Get the dataset to return in json obj...
01/02/2013 05:44:40 pm: Query has run: <CALL USP_GetCurrencies();>.
01/02/2013 05:44:40 pm: ... Got dataset to return in json obj
01/02/2013 05:44:40 pm: Query has run: <CALL USP_GetPayees();>.
01/02/2013 05:44:40 pm: ... Got dataset to return in json obj
01/02/2013 05:44:40 pm: Get the dataset to return in json obj...
01/02/2013 05:44:40 pm: Get the dataset to return in json obj...
01/02/2013 05:44:40 pm: Query has run: <CALL USP_GetAccounts();>.
01/02/2013 05:44:40 pm: ... Got dataset to return in json obj
01/02/2013 05:44:40 pm: Query has run: <CALL USP_GetCategories2();>.
01/02/2013 05:44:40 pm: ... Got dataset to return in json obj
01/02/2013 06:13:17 pm: Get the dataset to return in json obj...
01/02/2013 06:13:17 pm: Get the dataset to return in json obj...
01/02/2013 06:13:17 pm: Query has run: <CALL USP_GetCurrencies();>.
01/02/2013 06:13:17 pm: ... Got dataset to return in json obj
01/02/2013 06:13:17 pm: Query has run: <CALL USP_GetAccounts();>.
01/02/2013 06:13:17 pm: ... Got dataset to return in json obj
01/02/2013 06:13:17 pm: Get the dataset to return in json obj...
01/02/2013 06:13:17 pm: Get the dataset to return in json obj...
01/02/2013 06:13:17 pm: Query has run: <CALL USP_GetCategories();>.
01/02/2013 06:13:17 pm: ... Got dataset to return in json obj
01/02/2013 06:13:17 pm: Query has run: <CALL USP_GetPayees();>.
01/02/2013 06:13:17 pm: ... Got dataset to return in json obj
01/02/2013 06:13:17 pm: Get the dataset to return in json obj...
01/02/2013 06:13:17 pm: Query has run: <CALL USP_GetCategories2();>.
01/02/2013 06:13:17 pm: ... Got dataset to return in json obj
01/02/2013 06:14:18 pm: Get the dataset to return in json obj...
01/02/2013 06:14:18 pm: Get the dataset to return in json obj...
01/02/2013 06:14:18 pm: Query has run: <CALL USP_GetCurrencies();>.
01/02/2013 06:14:18 pm: ... Got dataset to return in json obj
01/02/2013 06:14:18 pm: Query has run: <CALL USP_GetCategories();>.
01/02/2013 06:14:18 pm: ... Got dataset to return in json obj
01/02/2013 06:14:18 pm: Get the dataset to return in json obj...
01/02/2013 06:14:18 pm: Query has run: <CALL USP_GetAccounts();>.
01/02/2013 06:14:18 pm: Get the dataset to return in json obj...
01/02/2013 06:14:18 pm: ... Got dataset to return in json obj
01/02/2013 06:14:18 pm: Get the dataset to return in json obj...
01/02/2013 06:14:18 pm: Query has run: <CALL USP_GetCategories2();>.
01/02/2013 06:14:18 pm: ... Got dataset to return in json obj
01/02/2013 06:14:18 pm: Query has run: <CALL USP_GetPayees();>.
01/02/2013 06:14:18 pm: ... Got dataset to return in json obj
01/02/2013 06:14:59 pm: Amount value: -7. Preg_match_all result is <1>
01/02/2013 06:14:59 pm: Currency = <3>.
01/02/2013 06:15:03 pm: Get the dataset to return in json obj...
01/02/2013 06:15:03 pm: Get the dataset to return in json obj...
01/02/2013 06:15:03 pm: Get the dataset to return in json obj...
01/02/2013 06:15:03 pm: Query has run: <CALL USP_GetAccounts();>.
01/02/2013 06:15:03 pm: ... Got dataset to return in json obj
01/02/2013 06:15:03 pm: Query has run: <CALL USP_GetCurrencies();>.
01/02/2013 06:15:03 pm: ... Got dataset to return in json obj
01/02/2013 06:15:03 pm: Query has run: <CALL USP_GetPayees();>.
01/02/2013 06:15:03 pm: ... Got dataset to return in json obj
01/02/2013 06:15:03 pm: Get the dataset to return in json obj...
01/02/2013 06:15:03 pm: Get the dataset to return in json obj...
01/02/2013 06:15:03 pm: Query has run: <CALL USP_GetCategories();>.
01/02/2013 06:15:03 pm: ... Got dataset to return in json obj
01/02/2013 06:15:03 pm: Query has run: <CALL USP_GetCategories2();>.
01/02/2013 06:15:03 pm: ... Got dataset to return in json obj
01/02/2013 06:15:05 pm: Get the dataset to return in json obj...
01/02/2013 06:15:05 pm: Query has run: <CALL USP_GetAccounts();>.
01/02/2013 06:15:05 pm: ... Got dataset to return in json obj
01/02/2013 06:15:05 pm: Get the dataset to return in json obj...
01/02/2013 06:15:05 pm: Query has run: <CALL USP_GetCurrencies();>.
01/02/2013 06:15:05 pm: ... Got dataset to return in json obj
01/02/2013 06:15:05 pm: Get the dataset to return in json obj...
01/02/2013 06:15:05 pm: Query has run: <CALL USP_GetPayees();>.
01/02/2013 06:15:05 pm: ... Got dataset to return in json obj
01/02/2013 06:15:05 pm: Get the dataset to return in json obj...
01/02/2013 06:15:05 pm: Query has run: <CALL USP_GetCategories();>.
01/02/2013 06:15:05 pm: ... Got dataset to return in json obj
01/02/2013 06:15:05 pm: Get the dataset to return in json obj...
01/02/2013 06:15:05 pm: Query has run: <CALL USP_GetCategories2();>.
01/02/2013 06:15:05 pm: ... Got dataset to return in json obj
01/02/2013 06:15:07 pm: Get the dataset to return in json obj...
01/02/2013 06:15:07 pm: Query has run: <CALL USP_GetAccounts();>.
01/02/2013 06:15:07 pm: ... Got dataset to return in json obj
01/02/2013 06:15:07 pm: Get the dataset to return in json obj...
01/02/2013 06:15:07 pm: Query has run: <CALL USP_GetCurrencies();>.
01/02/2013 06:15:07 pm: ... Got dataset to return in json obj
01/02/2013 06:15:07 pm: Get the dataset to return in json obj...
01/02/2013 06:15:07 pm: Get the dataset to return in json obj...
01/02/2013 06:15:07 pm: Query has run: <CALL USP_GetCategories();>.
01/02/2013 06:15:07 pm: ... Got dataset to return in json obj
01/02/2013 06:15:07 pm: Query has run: <CALL USP_GetCategories2();>.
01/02/2013 06:15:07 pm: ... Got dataset to return in json obj
01/02/2013 06:15:07 pm: Get the dataset to return in json obj...
01/02/2013 06:15:07 pm: Query has run: <CALL USP_GetPayees();>.
01/02/2013 06:15:07 pm: ... Got dataset to return in json obj
01/02/2013 06:15:08 pm: Get the dataset to return in json obj...
01/02/2013 06:15:08 pm: Get the dataset to return in json obj...
01/02/2013 06:15:08 pm: Query has run: <CALL USP_GetAccounts();>.
01/02/2013 06:15:08 pm: ... Got dataset to return in json obj
01/02/2013 06:15:08 pm: Get the dataset to return in json obj...
01/02/2013 06:15:08 pm: Query has run: <CALL USP_GetCurrencies();>.
01/02/2013 06:15:08 pm: ... Got dataset to return in json obj
01/02/2013 06:15:08 pm: Get the dataset to return in json obj...
01/02/2013 06:15:08 pm: Query has run: <CALL USP_GetCategories();>.
01/02/2013 06:15:08 pm: Query has run: <CALL USP_GetPayees();>.
01/02/2013 06:15:08 pm: ... Got dataset to return in json obj
01/02/2013 06:15:08 pm: ... Got dataset to return in json obj
01/02/2013 06:15:08 pm: Get the dataset to return in json obj...
01/02/2013 06:15:08 pm: Query has run: <CALL USP_GetCategories2();>.
01/02/2013 06:15:08 pm: ... Got dataset to return in json obj
01/02/2013 06:15:08 pm: Get the dataset to return in json obj...
01/02/2013 06:15:08 pm: Query has run: <CALL USP_GetAccounts();>.
01/02/2013 06:15:08 pm: Get the dataset to return in json obj...
01/02/2013 06:15:08 pm: ... Got dataset to return in json obj
01/02/2013 06:15:08 pm: Query has run: <CALL USP_GetCurrencies();>.
01/02/2013 06:15:08 pm: ... Got dataset to return in json obj
01/02/2013 06:15:08 pm: Get the dataset to return in json obj...
01/02/2013 06:15:08 pm: Get the dataset to return in json obj...
01/02/2013 06:15:08 pm: Query has run: <CALL USP_GetPayees();>.
01/02/2013 06:15:08 pm: ... Got dataset to return in json obj
01/02/2013 06:15:08 pm: Query has run: <CALL USP_GetCategories();>.
01/02/2013 06:15:08 pm: ... Got dataset to return in json obj
01/02/2013 06:15:08 pm: Get the dataset to return in json obj...
01/02/2013 06:15:08 pm: Query has run: <CALL USP_GetCategories2();>.
01/02/2013 06:15:08 pm: ... Got dataset to return in json obj
01/02/2013 06:15:09 pm: Get the dataset to return in json obj...
01/02/2013 06:15:09 pm: Get the dataset to return in json obj...
01/02/2013 06:15:09 pm: Query has run: <CALL USP_GetAccounts();>.
01/02/2013 06:15:09 pm: ... Got dataset to return in json obj
01/02/2013 06:15:09 pm: Query has run: <CALL USP_GetCurrencies();>.
01/02/2013 06:15:09 pm: ... Got dataset to return in json obj
01/02/2013 06:15:09 pm: Get the dataset to return in json obj...
01/02/2013 06:15:09 pm: Query has run: <CALL USP_GetCategories();>.
01/02/2013 06:15:09 pm: Get the dataset to return in json obj...
01/02/2013 06:15:09 pm: ... Got dataset to return in json obj
01/02/2013 06:15:09 pm: Get the dataset to return in json obj...
01/02/2013 06:15:09 pm: Query has run: <CALL USP_GetCategories2();>.
01/02/2013 06:15:09 pm: ... Got dataset to return in json obj
01/02/2013 06:15:09 pm: Query has run: <CALL USP_GetPayees();>.
01/02/2013 06:15:09 pm: ... Got dataset to return in json obj
01/02/2013 06:15:09 pm: Get the dataset to return in json obj...
01/02/2013 06:15:09 pm: Get the dataset to return in json obj...
01/02/2013 06:15:09 pm: Get the dataset to return in json obj...
01/02/2013 06:15:09 pm: Query has run: <CALL USP_GetCurrencies();>.
01/02/2013 06:15:09 pm: ... Got dataset to return in json obj
01/02/2013 06:15:09 pm: Query has run: <CALL USP_GetAccounts();>.
01/02/2013 06:15:09 pm: ... Got dataset to return in json obj
01/02/2013 06:15:09 pm: Query has run: <CALL USP_GetPayees();>.
01/02/2013 06:15:09 pm: ... Got dataset to return in json obj
01/02/2013 06:15:09 pm: Get the dataset to return in json obj...
01/02/2013 06:15:09 pm: Query has run: <CALL USP_GetCategories();>.
01/02/2013 06:15:09 pm: ... Got dataset to return in json obj
01/02/2013 06:15:09 pm: Get the dataset to return in json obj...
01/02/2013 06:15:09 pm: Query has run: <CALL USP_GetCategories2();>.
01/02/2013 06:15:09 pm: ... Got dataset to return in json obj
01/02/2013 06:15:09 pm: Get the dataset to return in json obj...
01/02/2013 06:15:09 pm: Get the dataset to return in json obj...
01/02/2013 06:15:09 pm: Query has run: <CALL USP_GetCurrencies();>.
01/02/2013 06:15:09 pm: ... Got dataset to return in json obj
01/02/2013 06:15:09 pm: Query has run: <CALL USP_GetAccounts();>.
01/02/2013 06:15:09 pm: ... Got dataset to return in json obj
01/02/2013 06:15:09 pm: Get the dataset to return in json obj...
01/02/2013 06:15:09 pm: Get the dataset to return in json obj...
01/02/2013 06:15:09 pm: Query has run: <CALL USP_GetCategories();>.
01/02/2013 06:15:09 pm: ... Got dataset to return in json obj
01/02/2013 06:15:09 pm: Query has run: <CALL USP_GetPayees();>.
01/02/2013 06:15:09 pm: ... Got dataset to return in json obj
01/02/2013 06:15:09 pm: Get the dataset to return in json obj...
01/02/2013 06:15:09 pm: Query has run: <CALL USP_GetCategories2();>.
01/02/2013 06:15:09 pm: ... Got dataset to return in json obj
