01/04/2013 04:10:35 pm: Get the dataset to return in json obj...
01/04/2013 04:10:35 pm: Get the dataset to return in json obj...
01/04/2013 04:10:35 pm: Get the dataset to return in json obj...
01/04/2013 04:10:35 pm: Get the dataset to return in json obj...
01/04/2013 04:10:35 pm: Get the dataset to return in json obj...
01/04/2013 04:10:35 pm: Query has run: <CALL USP_GetCategories();>.
01/04/2013 04:10:35 pm: ... Got dataset to return in json obj
01/04/2013 04:10:36 pm: Query has run: <CALL USP_GetCategories2();>.
01/04/2013 04:10:36 pm: Query has run: <CALL USP_GetCurrencies();>.
01/04/2013 04:10:36 pm: Query has run: <CALL USP_GetAccounts();>.
01/04/2013 04:10:36 pm: ... Got dataset to return in json obj
01/04/2013 04:10:36 pm: ... Got dataset to return in json obj
01/04/2013 04:10:36 pm: ... Got dataset to return in json obj
01/04/2013 04:10:35 pm: Query has run: <CALL USP_GetPayees();>.
01/04/2013 04:10:36 pm: ... Got dataset to return in json obj
01/04/2013 04:10:40 pm: Get the dataset to return in json obj...
01/04/2013 04:10:40 pm: Get the dataset to return in json obj...
01/04/2013 04:10:40 pm: Query has run: <CALL USP_GetPayees();>.
01/04/2013 04:10:40 pm: Query has run: <CALL USP_GetCategories();>.
01/04/2013 04:10:40 pm: ... Got dataset to return in json obj
01/04/2013 04:10:40 pm: ... Got dataset to return in json obj
01/04/2013 04:10:40 pm: Get the dataset to return in json obj...
01/04/2013 04:10:40 pm: Get the dataset to return in json obj...
01/04/2013 04:10:40 pm: Query has run: <CALL USP_GetAccounts();>.
01/04/2013 04:10:40 pm: Get the dataset to return in json obj...
01/04/2013 04:10:40 pm: Query has run: <CALL USP_GetCurrencies();>.
01/04/2013 04:10:40 pm: ... Got dataset to return in json obj
01/04/2013 04:10:40 pm: ... Got dataset to return in json obj
01/04/2013 04:10:40 pm: Query has run: <CALL USP_GetCategories2();>.
01/04/2013 04:10:40 pm: ... Got dataset to return in json obj
01/04/2013 04:10:59 pm: Amount value: 360. Preg_match_all result is <1>
01/04/2013 04:10:59 pm: Currency = <3>.
01/04/2013 04:11:22 pm: Amount value: -71,7. Preg_match_all result is <1>
01/04/2013 04:11:22 pm: Currency = <3>.
01/04/2013 05:34:10 pm: Get the dataset to return in json obj...
01/04/2013 05:34:10 pm: Get the dataset to return in json obj...
01/04/2013 05:34:10 pm: Get the dataset to return in json obj...
01/04/2013 05:34:10 pm: Get the dataset to return in json obj...
01/04/2013 05:34:10 pm: Query has run: <CALL USP_GetCategories();>.
01/04/2013 05:34:10 pm: ... Got dataset to return in json obj
01/04/2013 05:34:10 pm: Query has run: <CALL USP_GetAccounts();>.
01/04/2013 05:34:10 pm: ... Got dataset to return in json obj
01/04/2013 05:34:10 pm: Get the dataset to return in json obj...
01/04/2013 05:34:10 pm: Query has run: <CALL USP_GetCategories2();>.
01/04/2013 05:34:10 pm: ... Got dataset to return in json obj
01/04/2013 05:34:10 pm: Query has run: <CALL USP_GetCurrencies();>.
01/04/2013 05:34:10 pm: ... Got dataset to return in json obj
01/04/2013 05:34:10 pm: Query has run: <CALL USP_GetPayees();>.
01/04/2013 05:34:10 pm: ... Got dataset to return in json obj
01/04/2013 05:34:25 pm: Amount value: . Preg_match_all result is <0>
01/04/2013 05:35:02 pm: Amount value: -129,74. Preg_match_all result is <1>
01/04/2013 05:35:02 pm: Currency = <1>.
01/04/2013 05:35:07 pm: Get the dataset to return in json obj...
01/04/2013 05:35:07 pm: Get the dataset to return in json obj...
01/04/2013 05:35:07 pm: Get the dataset to return in json obj...
01/04/2013 05:35:07 pm: Query has run: <CALL USP_GetAccounts();>.
01/04/2013 05:35:07 pm: ... Got dataset to return in json obj
01/04/2013 05:35:07 pm: Query has run: <CALL USP_GetPayees();>.
01/04/2013 05:35:07 pm: ... Got dataset to return in json obj
01/04/2013 05:35:07 pm: Get the dataset to return in json obj...
01/04/2013 05:35:07 pm: Query has run: <CALL USP_GetCategories();>.
01/04/2013 05:35:07 pm: ... Got dataset to return in json obj
01/04/2013 05:35:07 pm: Get the dataset to return in json obj...
01/04/2013 05:35:07 pm: Query has run: <CALL USP_GetCategories2();>.
01/04/2013 05:35:07 pm: ... Got dataset to return in json obj
01/04/2013 05:35:07 pm: Query has run: <CALL USP_GetCurrencies();>.
01/04/2013 05:35:07 pm: ... Got dataset to return in json obj
01/04/2013 05:36:31 pm: Amount value: -27,21. Preg_match_all result is <1>
01/04/2013 05:36:31 pm: Currency = <3>.
01/04/2013 05:36:33 pm: Get the dataset to return in json obj...
01/04/2013 05:36:33 pm: Query has run: <CALL USP_GetAccounts();>.
01/04/2013 05:36:33 pm: ... Got dataset to return in json obj
01/04/2013 05:36:33 pm: Get the dataset to return in json obj...
01/04/2013 05:36:33 pm: Query has run: <CALL USP_GetCurrencies();>.
01/04/2013 05:36:33 pm: ... Got dataset to return in json obj
01/04/2013 05:36:33 pm: Get the dataset to return in json obj...
01/04/2013 05:36:33 pm: Get the dataset to return in json obj...
01/04/2013 05:36:33 pm: Get the dataset to return in json obj...
01/04/2013 05:36:33 pm: Query has run: <CALL USP_GetPayees();>.
01/04/2013 05:36:33 pm: ... Got dataset to return in json obj
01/04/2013 05:36:33 pm: Query has run: <CALL USP_GetCategories();>.
01/04/2013 05:36:33 pm: ... Got dataset to return in json obj
01/04/2013 05:36:33 pm: Query has run: <CALL USP_GetCategories2();>.
01/04/2013 05:36:33 pm: ... Got dataset to return in json obj
01/04/2013 05:36:33 pm: Get the dataset to return in json obj...
01/04/2013 05:36:33 pm: Get the dataset to return in json obj...
01/04/2013 05:36:33 pm: Query has run: <CALL USP_GetAccounts();>.
01/04/2013 05:36:33 pm: Query has run: <CALL USP_GetCurrencies();>.
01/04/2013 05:36:33 pm: ... Got dataset to return in json obj
01/04/2013 05:36:33 pm: ... Got dataset to return in json obj
01/04/2013 05:36:33 pm: Get the dataset to return in json obj...
01/04/2013 05:36:33 pm: Get the dataset to return in json obj...
01/04/2013 05:36:33 pm: Get the dataset to return in json obj...
01/04/2013 05:36:33 pm: Query has run: <CALL USP_GetPayees();>.
01/04/2013 05:36:33 pm: ... Got dataset to return in json obj
01/04/2013 05:36:33 pm: Query has run: <CALL USP_GetCategories2();>.
01/04/2013 05:36:33 pm: ... Got dataset to return in json obj
01/04/2013 05:36:33 pm: Query has run: <CALL USP_GetCategories();>.
01/04/2013 05:36:33 pm: ... Got dataset to return in json obj
01/04/2013 05:36:52 pm: Get the dataset to return in json obj...
01/04/2013 05:36:52 pm: Get the dataset to return in json obj...
01/04/2013 05:36:52 pm: Get the dataset to return in json obj...
01/04/2013 05:36:52 pm: Get the dataset to return in json obj...
01/04/2013 05:36:52 pm: Query has run: <CALL USP_GetCurrencies();>.
01/04/2013 05:36:52 pm: ... Got dataset to return in json obj
01/04/2013 05:36:52 pm: Get the dataset to return in json obj...
01/04/2013 05:36:52 pm: Query has run: <CALL USP_GetCategories2();>.
01/04/2013 05:36:52 pm: Query has run: <CALL USP_GetAccounts();>.
01/04/2013 05:36:52 pm: ... Got dataset to return in json obj
01/04/2013 05:36:52 pm: ... Got dataset to return in json obj
01/04/2013 05:36:52 pm: Query has run: <CALL USP_GetPayees();>.
01/04/2013 05:36:52 pm: ... Got dataset to return in json obj
01/04/2013 05:36:52 pm: Query has run: <CALL USP_GetCategories();>.
01/04/2013 05:36:52 pm: ... Got dataset to return in json obj
01/04/2013 05:39:03 pm: Get the dataset to return in json obj...
01/04/2013 05:39:03 pm: Get the dataset to return in json obj...
01/04/2013 05:39:03 pm: Query has run: <CALL USP_GetAccounts();>.
01/04/2013 05:39:03 pm: ... Got dataset to return in json obj
01/04/2013 05:39:03 pm: Query has run: <CALL USP_GetCurrencies();>.
01/04/2013 05:39:03 pm: ... Got dataset to return in json obj
01/04/2013 05:39:03 pm: Get the dataset to return in json obj...
01/04/2013 05:39:03 pm: Query has run: <CALL USP_GetPayees();>.
01/04/2013 05:39:03 pm: ... Got dataset to return in json obj
01/04/2013 05:39:03 pm: Get the dataset to return in json obj...
01/04/2013 05:39:03 pm: Get the dataset to return in json obj...
01/04/2013 05:39:03 pm: Query has run: <CALL USP_GetCategories();>.
01/04/2013 05:39:03 pm: ... Got dataset to return in json obj
01/04/2013 05:39:03 pm: Query has run: <CALL USP_GetCategories2();>.
01/04/2013 05:39:03 pm: ... Got dataset to return in json obj
01/04/2013 05:39:47 pm: Amount value: -37,28. Preg_match_all result is <1>
01/04/2013 05:39:47 pm: Currency = <1>.
01/04/2013 05:40:16 pm: Amount value: -22,43. Preg_match_all result is <1>
01/04/2013 05:40:16 pm: Currency = <1>.
01/04/2013 05:40:42 pm: Get the dataset to return in json obj...
01/04/2013 05:40:42 pm: Query has run: <CALL USP_GetAccounts();>.
01/04/2013 05:40:42 pm: ... Got dataset to return in json obj
01/04/2013 05:40:42 pm: Get the dataset to return in json obj...
01/04/2013 05:40:42 pm: Get the dataset to return in json obj...
01/04/2013 05:40:42 pm: Query has run: <CALL USP_GetPayees();>.
01/04/2013 05:40:42 pm: ... Got dataset to return in json obj
01/04/2013 05:40:42 pm: Query has run: <CALL USP_GetCurrencies();>.
01/04/2013 05:40:42 pm: ... Got dataset to return in json obj
01/04/2013 05:40:42 pm: Get the dataset to return in json obj...
01/04/2013 05:40:42 pm: Query has run: <CALL USP_GetCategories();>.
01/04/2013 05:40:42 pm: ... Got dataset to return in json obj
01/04/2013 05:40:42 pm: Get the dataset to return in json obj...
01/04/2013 05:40:42 pm: Query has run: <CALL USP_GetCategories2();>.
01/04/2013 05:40:42 pm: ... Got dataset to return in json obj
01/04/2013 05:40:47 pm: Get the dataset to return in json obj...
01/04/2013 05:40:47 pm: Get the dataset to return in json obj...
01/04/2013 05:40:47 pm: Query has run: <CALL USP_GetCurrencies();>.
01/04/2013 05:40:47 pm: ... Got dataset to return in json obj
01/04/2013 05:40:47 pm: Query has run: <CALL USP_GetPayees();>.
01/04/2013 05:40:47 pm: ... Got dataset to return in json obj
01/04/2013 05:40:47 pm: Get the dataset to return in json obj...
01/04/2013 05:40:47 pm: Query has run: <CALL USP_GetAccounts();>.
01/04/2013 05:40:47 pm: ... Got dataset to return in json obj
01/04/2013 05:40:47 pm: Get the dataset to return in json obj...
01/04/2013 05:40:48 pm: Query has run: <CALL USP_GetCategories();>.
01/04/2013 05:40:48 pm: ... Got dataset to return in json obj
01/04/2013 05:40:48 pm: Get the dataset to return in json obj...
01/04/2013 05:40:48 pm: Query has run: <CALL USP_GetCategories2();>.
01/04/2013 05:40:48 pm: ... Got dataset to return in json obj
