02/05/2013 08:38:14 pm: Get the dataset to return in json obj...
02/05/2013 08:38:14 pm: Get the dataset to return in json obj...
02/05/2013 08:38:14 pm: Get the dataset to return in json obj...
02/05/2013 08:38:14 pm: Get the dataset to return in json obj...
02/05/2013 08:38:15 pm: Query has run: <CALL USP_GetCategories();>.
02/05/2013 08:38:15 pm: ... Got dataset to return in json obj
02/05/2013 08:38:15 pm: Query has run: <CALL USP_GetPayees();>.
02/05/2013 08:38:15 pm: Query has run: <CALL USP_GetCategories2();>.
02/05/2013 08:38:15 pm: ... Got dataset to return in json obj
02/05/2013 08:38:15 pm: ... Got dataset to return in json obj
02/05/2013 08:38:15 pm: Query has run: <CALL USP_GetCurrencies();>.
02/05/2013 08:38:15 pm: ... Got dataset to return in json obj
02/05/2013 08:38:15 pm: Query has run: <CALL USP_GetAccounts();>.
02/05/2013 08:38:15 pm: ... Got dataset to return in json obj
02/05/2013 08:46:05 pm: Amount value: -54,82. Preg_match_all result is <1>
02/05/2013 08:46:06 pm: Currency = <1>.
02/05/2013 08:46:41 pm: Amount value: -60,96. Preg_match_all result is <1>
02/05/2013 08:46:41 pm: Currency = <1>.
02/05/2013 08:47:00 pm: Amount value: -12,18. Preg_match_all result is <1>
02/05/2013 08:47:00 pm: Currency = <1>.
02/05/2013 08:47:05 pm: Get the dataset to return in json obj...
02/05/2013 08:47:05 pm: Get the dataset to return in json obj...
02/05/2013 08:47:05 pm: Query has run: <CALL USP_GetCurrencies();>.
02/05/2013 08:47:05 pm: ... Got dataset to return in json obj
02/05/2013 08:47:05 pm: Get the dataset to return in json obj...
02/05/2013 08:47:05 pm: Get the dataset to return in json obj...
02/05/2013 08:47:05 pm: Get the dataset to return in json obj...
02/05/2013 08:47:05 pm: Query has run: <CALL USP_GetAccounts();>.
02/05/2013 08:47:05 pm: ... Got dataset to return in json obj
02/05/2013 08:47:05 pm: Query has run: <CALL USP_GetCategories2();>.
02/05/2013 08:47:05 pm: ... Got dataset to return in json obj
02/05/2013 08:47:05 pm: Query has run: <CALL USP_GetCategories();>.
02/05/2013 08:47:05 pm: ... Got dataset to return in json obj
02/05/2013 08:47:05 pm: Query has run: <CALL USP_GetPayees();>.
02/05/2013 08:47:05 pm: ... Got dataset to return in json obj
02/05/2013 08:47:25 pm: Get the dataset to return in json obj...
02/05/2013 08:47:25 pm: Get the dataset to return in json obj...
02/05/2013 08:47:25 pm: Get the dataset to return in json obj...
02/05/2013 08:47:25 pm: Query has run: <CALL USP_GetCurrencies();>.
02/05/2013 08:47:25 pm: ... Got dataset to return in json obj
02/05/2013 08:47:25 pm: Query has run: <CALL USP_GetAccounts();>.
02/05/2013 08:47:25 pm: ... Got dataset to return in json obj
02/05/2013 08:47:25 pm: Get the dataset to return in json obj...
02/05/2013 08:47:25 pm: Query has run: <CALL USP_GetCategories();>.
02/05/2013 08:47:25 pm: ... Got dataset to return in json obj
02/05/2013 08:47:25 pm: Query has run: <CALL USP_GetPayees();>.
02/05/2013 08:47:25 pm: ... Got dataset to return in json obj
02/05/2013 08:47:25 pm: Get the dataset to return in json obj...
02/05/2013 08:47:25 pm: Query has run: <CALL USP_GetCategories2();>.
02/05/2013 08:47:25 pm: ... Got dataset to return in json obj
02/05/2013 08:49:02 pm: Amount value: -42,11. Preg_match_all result is <1>
02/05/2013 08:49:02 pm: Currency = <1>.
02/05/2013 08:49:06 pm: Get the dataset to return in json obj...
02/05/2013 08:49:06 pm: Get the dataset to return in json obj...
02/05/2013 08:49:06 pm: Get the dataset to return in json obj...
02/05/2013 08:49:06 pm: Query has run: <CALL USP_GetAccounts();>.
02/05/2013 08:49:06 pm: ... Got dataset to return in json obj
02/05/2013 08:49:06 pm: Query has run: <CALL USP_GetCurrencies();>.
02/05/2013 08:49:06 pm: ... Got dataset to return in json obj
02/05/2013 08:49:06 pm: Get the dataset to return in json obj...
02/05/2013 08:49:06 pm: Get the dataset to return in json obj...
02/05/2013 08:49:06 pm: Query has run: <CALL USP_GetCategories2();>.
02/05/2013 08:49:06 pm: Query has run: <CALL USP_GetPayees();>.
02/05/2013 08:49:06 pm: ... Got dataset to return in json obj
02/05/2013 08:49:06 pm: ... Got dataset to return in json obj
02/05/2013 08:49:06 pm: Query has run: <CALL USP_GetCategories();>.
02/05/2013 08:49:06 pm: ... Got dataset to return in json obj
02/05/2013 08:49:20 pm: Get the dataset to return in json obj...
02/05/2013 08:49:20 pm: Get the dataset to return in json obj...
02/05/2013 08:49:20 pm: Query has run: <CALL USP_GetPayees();>.
02/05/2013 08:49:20 pm: ... Got dataset to return in json obj
02/05/2013 08:49:20 pm: Query has run: <CALL USP_GetAccounts();>.
02/05/2013 08:49:20 pm: ... Got dataset to return in json obj
02/05/2013 08:49:20 pm: Get the dataset to return in json obj...
02/05/2013 08:49:20 pm: Query has run: <CALL USP_GetCurrencies();>.
02/05/2013 08:49:20 pm: ... Got dataset to return in json obj
02/05/2013 08:49:20 pm: Get the dataset to return in json obj...
02/05/2013 08:49:20 pm: Query has run: <CALL USP_GetCategories();>.
02/05/2013 08:49:20 pm: ... Got dataset to return in json obj
02/05/2013 08:49:20 pm: Get the dataset to return in json obj...
02/05/2013 08:49:20 pm: Query has run: <CALL USP_GetCategories2();>.
02/05/2013 08:49:20 pm: ... Got dataset to return in json obj
02/05/2013 08:49:32 pm: Get the dataset to return in json obj...
02/05/2013 08:49:32 pm: Get the dataset to return in json obj...
02/05/2013 08:49:32 pm: Get the dataset to return in json obj...
02/05/2013 08:49:32 pm: Get the dataset to return in json obj...
02/05/2013 08:49:32 pm: Query has run: <CALL USP_GetAccounts();>.
02/05/2013 08:49:32 pm: Query has run: <CALL USP_GetCategories();>.
02/05/2013 08:49:32 pm: ... Got dataset to return in json obj
02/05/2013 08:49:32 pm: Query has run: <CALL USP_GetPayees();>.
02/05/2013 08:49:32 pm: ... Got dataset to return in json obj
02/05/2013 08:49:32 pm: ... Got dataset to return in json obj
02/05/2013 08:49:32 pm: Query has run: <CALL USP_GetCurrencies();>.
02/05/2013 08:49:32 pm: ... Got dataset to return in json obj
02/05/2013 08:49:32 pm: Get the dataset to return in json obj...
02/05/2013 08:49:32 pm: Query has run: <CALL USP_GetCategories2();>.
02/05/2013 08:49:32 pm: ... Got dataset to return in json obj
02/05/2013 08:49:52 pm: Amount value: -350. Preg_match_all result is <1>
02/05/2013 08:49:52 pm: Currency = <1>.
02/05/2013 08:52:30 pm: Amount value: -400,42. Preg_match_all result is <1>
02/05/2013 08:52:30 pm: Currency = <1>.
02/05/2013 08:52:33 pm: Get the dataset to return in json obj...
02/05/2013 08:52:33 pm: Get the dataset to return in json obj...
02/05/2013 08:52:33 pm: Get the dataset to return in json obj...
02/05/2013 08:52:33 pm: Query has run: <CALL USP_GetCategories2();>.
02/05/2013 08:52:33 pm: ... Got dataset to return in json obj
02/05/2013 08:52:33 pm: Get the dataset to return in json obj...
02/05/2013 08:52:33 pm: Query has run: <CALL USP_GetCurrencies();>.
02/05/2013 08:52:33 pm: ... Got dataset to return in json obj
02/05/2013 08:52:33 pm: Query has run: <CALL USP_GetCategories();>.
02/05/2013 08:52:33 pm: Get the dataset to return in json obj...
02/05/2013 08:52:33 pm: ... Got dataset to return in json obj
02/05/2013 08:52:33 pm: Query has run: <CALL USP_GetPayees();>.
02/05/2013 08:52:33 pm: ... Got dataset to return in json obj
02/05/2013 08:52:33 pm: Query has run: <CALL USP_GetAccounts();>.
02/05/2013 08:52:33 pm: ... Got dataset to return in json obj
02/05/2013 08:53:02 pm: Get the dataset to return in json obj...
02/05/2013 08:53:02 pm: Query has run: <CALL USP_GetCategories2();>.
02/05/2013 08:53:02 pm: ... Got dataset to return in json obj
02/05/2013 08:53:02 pm: Get the dataset to return in json obj...
02/05/2013 08:53:02 pm: Query has run: <CALL USP_GetAccounts();>.
02/05/2013 08:53:02 pm: ... Got dataset to return in json obj
02/05/2013 08:53:02 pm: Get the dataset to return in json obj...
02/05/2013 08:53:02 pm: Get the dataset to return in json obj...
02/05/2013 08:53:02 pm: Query has run: <CALL USP_GetCategories();>.
02/05/2013 08:53:02 pm: ... Got dataset to return in json obj
02/05/2013 08:53:02 pm: Query has run: <CALL USP_GetCurrencies();>.
02/05/2013 08:53:02 pm: ... Got dataset to return in json obj
02/05/2013 08:53:02 pm: Get the dataset to return in json obj...
02/05/2013 08:53:02 pm: Query has run: <CALL USP_GetPayees();>.
02/05/2013 08:53:02 pm: ... Got dataset to return in json obj
02/05/2013 08:53:21 pm: Amount value: -5. Preg_match_all result is <1>
02/05/2013 08:53:21 pm: Currency = <1>.
02/05/2013 08:53:25 pm: Get the dataset to return in json obj...
02/05/2013 08:53:25 pm: Query has run: <CALL USP_GetAccounts();>.
02/05/2013 08:53:25 pm: ... Got dataset to return in json obj
02/05/2013 08:53:25 pm: Get the dataset to return in json obj...
02/05/2013 08:53:25 pm: Get the dataset to return in json obj...
02/05/2013 08:53:25 pm: Query has run: <CALL USP_GetCategories2();>.
02/05/2013 08:53:25 pm: ... Got dataset to return in json obj
02/05/2013 08:53:25 pm: Query has run: <CALL USP_GetPayees();>.
02/05/2013 08:53:25 pm: ... Got dataset to return in json obj
02/05/2013 08:53:25 pm: Get the dataset to return in json obj...
02/05/2013 08:53:25 pm: Get the dataset to return in json obj...
02/05/2013 08:53:25 pm: Query has run: <CALL USP_GetCurrencies();>.
02/05/2013 08:53:25 pm: Query has run: <CALL USP_GetCategories();>.
02/05/2013 08:53:25 pm: ... Got dataset to return in json obj
02/05/2013 08:53:25 pm: ... Got dataset to return in json obj
02/05/2013 08:53:44 pm: Get the dataset to return in json obj...
02/05/2013 08:53:44 pm: Get the dataset to return in json obj...
02/05/2013 08:53:44 pm: Query has run: <CALL USP_GetAccounts();>.
02/05/2013 08:53:44 pm: ... Got dataset to return in json obj
02/05/2013 08:53:44 pm: Query has run: <CALL USP_GetCategories();>.
02/05/2013 08:53:44 pm: ... Got dataset to return in json obj
02/05/2013 08:53:44 pm: Get the dataset to return in json obj...
02/05/2013 08:53:44 pm: Query has run: <CALL USP_GetCurrencies();>.
02/05/2013 08:53:44 pm: ... Got dataset to return in json obj
02/05/2013 08:53:44 pm: Get the dataset to return in json obj...
02/05/2013 08:53:44 pm: Get the dataset to return in json obj...
02/05/2013 08:53:44 pm: Query has run: <CALL USP_GetCategories2();>.
02/05/2013 08:53:44 pm: ... Got dataset to return in json obj
02/05/2013 08:53:44 pm: Query has run: <CALL USP_GetPayees();>.
02/05/2013 08:53:44 pm: ... Got dataset to return in json obj
02/05/2013 08:54:12 pm: Amount value: -10. Preg_match_all result is <1>
02/05/2013 08:54:12 pm: Currency = <1>.
02/05/2013 08:54:16 pm: Get the dataset to return in json obj...
02/05/2013 08:54:16 pm: Query has run: <CALL USP_GetAccounts();>.
02/05/2013 08:54:16 pm: ... Got dataset to return in json obj
02/05/2013 08:54:16 pm: Get the dataset to return in json obj...
02/05/2013 08:54:16 pm: Get the dataset to return in json obj...
02/05/2013 08:54:16 pm: Query has run: <CALL USP_GetCurrencies();>.
02/05/2013 08:54:16 pm: Query has run: <CALL USP_GetPayees();>.
02/05/2013 08:54:16 pm: ... Got dataset to return in json obj
02/05/2013 08:54:16 pm: ... Got dataset to return in json obj
02/05/2013 08:54:16 pm: Get the dataset to return in json obj...
02/05/2013 08:54:16 pm: Get the dataset to return in json obj...
02/05/2013 08:54:16 pm: Query has run: <CALL USP_GetCategories();>.
02/05/2013 08:54:16 pm: ... Got dataset to return in json obj
02/05/2013 08:54:16 pm: Query has run: <CALL USP_GetCategories2();>.
02/05/2013 08:54:16 pm: ... Got dataset to return in json obj
