06/12/2013 06:35:43 pm: Get the dataset to return in json obj...
06/12/2013 06:35:43 pm: Get the dataset to return in json obj...
06/12/2013 06:35:43 pm: Get the dataset to return in json obj...
06/12/2013 06:35:43 pm: Get the dataset to return in json obj...
06/12/2013 06:35:43 pm: Get the dataset to return in json obj...
06/12/2013 06:35:43 pm: Query has run: <CALL USP_GetCategories2();>.
06/12/2013 06:35:43 pm: ... Got dataset to return in json obj
06/12/2013 06:35:43 pm: Query has run: <CALL USP_GetCategories();>.
06/12/2013 06:35:43 pm: ... Got dataset to return in json obj
06/12/2013 06:35:43 pm: Query has run: <CALL USP_GetPayees();>.
06/12/2013 06:35:43 pm: ... Got dataset to return in json obj
06/12/2013 06:35:43 pm: Query has run: <CALL USP_GetCurrencies();>.
06/12/2013 06:35:43 pm: ... Got dataset to return in json obj
06/12/2013 06:35:43 pm: Query has run: <CALL USP_GetAccounts();>.
06/12/2013 06:35:43 pm: ... Got dataset to return in json obj
06/12/2013 06:35:53 pm: Get the dataset to return in json obj...
06/12/2013 06:35:53 pm: Get the dataset to return in json obj...
06/12/2013 06:35:53 pm: Query has run: <CALL USP_GetAccounts();>.
06/12/2013 06:35:53 pm: ... Got dataset to return in json obj
06/12/2013 06:35:53 pm: Get the dataset to return in json obj...
06/12/2013 06:35:53 pm: Get the dataset to return in json obj...
06/12/2013 06:35:53 pm: Get the dataset to return in json obj...
06/12/2013 06:35:53 pm: Query has run: <CALL USP_GetCategories2();>.
06/12/2013 06:35:53 pm: ... Got dataset to return in json obj
06/12/2013 06:35:53 pm: Query has run: <CALL USP_GetCategories();>.
06/12/2013 06:35:53 pm: ... Got dataset to return in json obj
06/12/2013 06:35:53 pm: Query has run: <CALL USP_GetCurrencies();>.
06/12/2013 06:35:54 pm: ... Got dataset to return in json obj
06/12/2013 06:35:54 pm: Query has run: <CALL USP_GetPayees();>.
06/12/2013 06:35:54 pm: ... Got dataset to return in json obj
06/12/2013 07:34:23 pm: Get the dataset to return in json obj...
06/12/2013 07:34:23 pm: Get the dataset to return in json obj...
06/12/2013 07:34:23 pm: Get the dataset to return in json obj...
06/12/2013 07:34:23 pm: Get the dataset to return in json obj...
06/12/2013 07:34:23 pm: Get the dataset to return in json obj...
06/12/2013 07:34:23 pm: Query has run: <CALL USP_GetAccounts();>.
06/12/2013 07:34:23 pm: ... Got dataset to return in json obj
06/12/2013 07:34:23 pm: Query has run: <CALL USP_GetCurrencies();>.
06/12/2013 07:34:23 pm: ... Got dataset to return in json obj
06/12/2013 07:34:23 pm: Query has run: <CALL USP_GetCategories();>.
06/12/2013 07:34:23 pm: ... Got dataset to return in json obj
06/12/2013 07:34:23 pm: Query has run: <CALL USP_GetPayees();>.
06/12/2013 07:34:23 pm: ... Got dataset to return in json obj
06/12/2013 07:34:23 pm: Query has run: <CALL USP_GetCategories2();>.
06/12/2013 07:34:23 pm: ... Got dataset to return in json obj
06/12/2013 07:34:48 pm: Amount value: -6. Preg_match_all result is <1>
06/12/2013 07:34:48 pm: Currency = <1>.
06/12/2013 07:36:26 pm: Amount value: -60. Preg_match_all result is <1>
06/12/2013 07:36:26 pm: Currency = <1>.
06/12/2013 07:36:29 pm: Get the dataset to return in json obj...
06/12/2013 07:36:29 pm: Query has run: <CALL USP_GetAccounts();>.
06/12/2013 07:36:29 pm: ... Got dataset to return in json obj
06/12/2013 07:36:29 pm: Get the dataset to return in json obj...
06/12/2013 07:36:29 pm: Query has run: <CALL USP_GetCategories();>.
06/12/2013 07:36:29 pm: ... Got dataset to return in json obj
06/12/2013 07:36:29 pm: Get the dataset to return in json obj...
06/12/2013 07:36:29 pm: Get the dataset to return in json obj...
06/12/2013 07:36:29 pm: Get the dataset to return in json obj...
06/12/2013 07:36:29 pm: Query has run: <CALL USP_GetCurrencies();>.
06/12/2013 07:36:29 pm: ... Got dataset to return in json obj
06/12/2013 07:36:29 pm: Query has run: <CALL USP_GetCategories2();>.
06/12/2013 07:36:29 pm: ... Got dataset to return in json obj
06/12/2013 07:36:29 pm: Query has run: <CALL USP_GetPayees();>.
06/12/2013 07:36:29 pm: ... Got dataset to return in json obj
06/12/2013 07:36:36 pm: Get the dataset to return in json obj...
06/12/2013 07:36:36 pm: Get the dataset to return in json obj...
06/12/2013 07:36:36 pm: Get the dataset to return in json obj...
06/12/2013 07:36:36 pm: Query has run: <CALL USP_GetCurrencies();>.
06/12/2013 07:36:36 pm: Get the dataset to return in json obj...
06/12/2013 07:36:36 pm: ... Got dataset to return in json obj
06/12/2013 07:36:36 pm: Query has run: <CALL USP_GetCategories();>.
06/12/2013 07:36:36 pm: ... Got dataset to return in json obj
06/12/2013 07:36:36 pm: Query has run: <CALL USP_GetPayees();>.
06/12/2013 07:36:36 pm: ... Got dataset to return in json obj
06/12/2013 07:36:36 pm: Get the dataset to return in json obj...
06/12/2013 07:36:36 pm: Query has run: <CALL USP_GetCategories2();>.
06/12/2013 07:36:36 pm: ... Got dataset to return in json obj
06/12/2013 07:36:36 pm: Query has run: <CALL USP_GetAccounts();>.
06/12/2013 07:36:36 pm: ... Got dataset to return in json obj
