01/23/2013 01:39:09 pm: Get the dataset to return in json obj...
01/23/2013 01:39:09 pm: Get the dataset to return in json obj...
01/23/2013 01:39:09 pm: Get the dataset to return in json obj...
01/23/2013 01:39:09 pm: Get the dataset to return in json obj...
01/23/2013 01:39:09 pm: Get the dataset to return in json obj...
01/23/2013 01:39:10 pm: Query has run: <CALL USP_GetCategories2();>.
01/23/2013 01:39:10 pm: ... Got dataset to return in json obj
01/23/2013 01:39:10 pm: Query has run: <CALL USP_GetPayees();>.
01/23/2013 01:39:10 pm: Query has run: <CALL USP_GetAccounts();>.
01/23/2013 01:39:10 pm: ... Got dataset to return in json obj
01/23/2013 01:39:10 pm: ... Got dataset to return in json obj
01/23/2013 01:39:10 pm: Query has run: <CALL USP_GetCurrencies();>.
01/23/2013 01:39:10 pm: Query has run: <CALL USP_GetCategories();>.
01/23/2013 01:39:10 pm: ... Got dataset to return in json obj
01/23/2013 01:39:10 pm: ... Got dataset to return in json obj
01/23/2013 01:39:12 pm: Get the dataset to return in json obj...
01/23/2013 01:39:12 pm: Query has run: <CALL USP_GetAccounts();>.
01/23/2013 01:39:12 pm: ... Got dataset to return in json obj
01/23/2013 01:39:12 pm: Get the dataset to return in json obj...
01/23/2013 01:39:12 pm: Get the dataset to return in json obj...
01/23/2013 01:39:12 pm: Query has run: <CALL USP_GetCategories2();>.
01/23/2013 01:39:12 pm: ... Got dataset to return in json obj
01/23/2013 01:39:12 pm: Get the dataset to return in json obj...
01/23/2013 01:39:12 pm: Get the dataset to return in json obj...
01/23/2013 01:39:12 pm: Query has run: <CALL USP_GetCurrencies();>.
01/23/2013 01:39:12 pm: ... Got dataset to return in json obj
01/23/2013 01:39:12 pm: Query has run: <CALL USP_GetPayees();>.
01/23/2013 01:39:12 pm: ... Got dataset to return in json obj
01/23/2013 01:39:12 pm: Query has run: <CALL USP_GetCategories();>.
01/23/2013 01:39:12 pm: ... Got dataset to return in json obj
01/23/2013 01:40:07 pm: Amount value: 250. Preg_match_all result is <1>
01/23/2013 01:40:07 pm: Currency = <3>.
01/23/2013 01:40:13 pm: Get the dataset to return in json obj...
01/23/2013 01:40:13 pm: Query has run: <CALL USP_GetPayees();>.
01/23/2013 01:40:13 pm: ... Got dataset to return in json obj
01/23/2013 01:40:13 pm: Get the dataset to return in json obj...
01/23/2013 01:40:13 pm: Get the dataset to return in json obj...
01/23/2013 01:40:13 pm: Query has run: <CALL USP_GetAccounts();>.
01/23/2013 01:40:13 pm: ... Got dataset to return in json obj
01/23/2013 01:40:13 pm: Get the dataset to return in json obj...
01/23/2013 01:40:13 pm: Get the dataset to return in json obj...
01/23/2013 01:40:13 pm: Query has run: <CALL USP_GetCategories();>.
01/23/2013 01:40:13 pm: Query has run: <CALL USP_GetCurrencies();>.
01/23/2013 01:40:13 pm: ... Got dataset to return in json obj
01/23/2013 01:40:13 pm: ... Got dataset to return in json obj
01/23/2013 01:40:13 pm: Query has run: <CALL USP_GetCategories2();>.
01/23/2013 01:40:13 pm: ... Got dataset to return in json obj
01/23/2013 01:40:13 pm: Get the dataset to return in json obj...
01/23/2013 01:40:13 pm: Query has run: <CALL USP_GetAccounts();>.
01/23/2013 01:40:13 pm: ... Got dataset to return in json obj
01/23/2013 01:40:13 pm: Get the dataset to return in json obj...
01/23/2013 01:40:13 pm: Query has run: <CALL USP_GetCurrencies();>.
01/23/2013 01:40:13 pm: ... Got dataset to return in json obj
01/23/2013 01:40:13 pm: Get the dataset to return in json obj...
01/23/2013 01:40:13 pm: Query has run: <CALL USP_GetCategories();>.
01/23/2013 01:40:13 pm: ... Got dataset to return in json obj
01/23/2013 01:40:13 pm: Get the dataset to return in json obj...
01/23/2013 01:40:13 pm: Query has run: <CALL USP_GetPayees();>.
01/23/2013 01:40:13 pm: ... Got dataset to return in json obj
01/23/2013 01:40:13 pm: Get the dataset to return in json obj...
01/23/2013 01:40:13 pm: Query has run: <CALL USP_GetCategories2();>.
01/23/2013 01:40:13 pm: ... Got dataset to return in json obj
01/23/2013 01:51:05 pm: Get the dataset to return in json obj...
01/23/2013 01:51:05 pm: Get the dataset to return in json obj...
01/23/2013 01:51:05 pm: Get the dataset to return in json obj...
01/23/2013 01:51:05 pm: Get the dataset to return in json obj...
01/23/2013 01:51:05 pm: Get the dataset to return in json obj...
01/23/2013 01:51:05 pm: Query has run: <CALL USP_GetCurrencies();>.
01/23/2013 01:51:05 pm: ... Got dataset to return in json obj
01/23/2013 01:51:05 pm: Query has run: <CALL USP_GetAccounts();>.
01/23/2013 01:51:05 pm: ... Got dataset to return in json obj
01/23/2013 01:51:05 pm: Query has run: <CALL USP_GetCategories();>.
01/23/2013 01:51:05 pm: ... Got dataset to return in json obj
01/23/2013 01:51:05 pm: Query has run: <CALL USP_GetCategories2();>.
01/23/2013 01:51:05 pm: ... Got dataset to return in json obj
01/23/2013 01:51:05 pm: Query has run: <CALL USP_GetPayees();>.
01/23/2013 01:51:05 pm: ... Got dataset to return in json obj
01/23/2013 01:51:13 pm: Get the dataset to return in json obj...
01/23/2013 01:51:13 pm: Get the dataset to return in json obj...
01/23/2013 01:51:13 pm: Get the dataset to return in json obj...
01/23/2013 01:51:13 pm: Query has run: <CALL USP_GetCurrencies();>.
01/23/2013 01:51:13 pm: ... Got dataset to return in json obj
01/23/2013 01:51:13 pm: Query has run: <CALL USP_GetAccounts();>.
01/23/2013 01:51:13 pm: ... Got dataset to return in json obj
01/23/2013 01:51:13 pm: Get the dataset to return in json obj...
01/23/2013 01:51:13 pm: Query has run: <CALL USP_GetPayees();>.
01/23/2013 01:51:13 pm: ... Got dataset to return in json obj
01/23/2013 01:51:13 pm: Query has run: <CALL USP_GetCategories();>.
01/23/2013 01:51:13 pm: ... Got dataset to return in json obj
01/23/2013 01:51:13 pm: Get the dataset to return in json obj...
01/23/2013 01:51:13 pm: Query has run: <CALL USP_GetCategories2();>.
01/23/2013 01:51:13 pm: ... Got dataset to return in json obj
01/23/2013 01:51:29 pm: Amount value: 250. Preg_match_all result is <1>
01/23/2013 01:51:29 pm: Currency = <1>.
01/23/2013 01:51:34 pm: Get the dataset to return in json obj...
01/23/2013 01:51:34 pm: Get the dataset to return in json obj...
01/23/2013 01:51:34 pm: Get the dataset to return in json obj...
01/23/2013 01:51:34 pm: Get the dataset to return in json obj...
01/23/2013 01:51:34 pm: Query has run: <CALL USP_GetCategories2();>.
01/23/2013 01:51:34 pm: ... Got dataset to return in json obj
01/23/2013 01:51:34 pm: Query has run: <CALL USP_GetPayees();>.
01/23/2013 01:51:34 pm: ... Got dataset to return in json obj
01/23/2013 01:51:34 pm: Get the dataset to return in json obj...
01/23/2013 01:51:34 pm: Query has run: <CALL USP_GetCategories();>.
01/23/2013 01:51:34 pm: ... Got dataset to return in json obj
01/23/2013 01:51:34 pm: Query has run: <CALL USP_GetCurrencies();>.
01/23/2013 01:51:34 pm: ... Got dataset to return in json obj
01/23/2013 01:51:34 pm: Query has run: <CALL USP_GetAccounts();>.
01/23/2013 01:51:34 pm: ... Got dataset to return in json obj
01/23/2013 01:51:38 pm: Get the dataset to return in json obj...
01/23/2013 01:51:38 pm: Get the dataset to return in json obj...
01/23/2013 01:51:38 pm: Get the dataset to return in json obj...
01/23/2013 01:51:38 pm: Get the dataset to return in json obj...
01/23/2013 01:51:38 pm: Query has run: <CALL USP_GetAccounts();>.
01/23/2013 01:51:38 pm: ... Got dataset to return in json obj
01/23/2013 01:51:38 pm: Get the dataset to return in json obj...
01/23/2013 01:51:38 pm: Query has run: <CALL USP_GetCategories();>.
01/23/2013 01:51:38 pm: ... Got dataset to return in json obj
01/23/2013 01:51:38 pm: Query has run: <CALL USP_GetCurrencies();>.
01/23/2013 01:51:38 pm: ... Got dataset to return in json obj
01/23/2013 01:51:38 pm: Query has run: <CALL USP_GetPayees();>.
01/23/2013 01:51:38 pm: ... Got dataset to return in json obj
01/23/2013 01:51:38 pm: Query has run: <CALL USP_GetCategories2();>.
01/23/2013 01:51:38 pm: ... Got dataset to return in json obj
01/23/2013 01:51:39 pm: Get the dataset to return in json obj...
01/23/2013 01:51:39 pm: Query has run: <CALL USP_GetCurrencies();>.
01/23/2013 01:51:39 pm: ... Got dataset to return in json obj
01/23/2013 01:51:39 pm: Get the dataset to return in json obj...
01/23/2013 01:51:39 pm: Get the dataset to return in json obj...
01/23/2013 01:51:39 pm: Get the dataset to return in json obj...
01/23/2013 01:51:39 pm: Query has run: <CALL USP_GetAccounts();>.
01/23/2013 01:51:39 pm: ... Got dataset to return in json obj
01/23/2013 01:51:39 pm: Query has run: <CALL USP_GetPayees();>.
01/23/2013 01:51:39 pm: ... Got dataset to return in json obj
01/23/2013 01:51:39 pm: Query has run: <CALL USP_GetCategories2();>.
01/23/2013 01:51:39 pm: ... Got dataset to return in json obj
01/23/2013 01:51:39 pm: Get the dataset to return in json obj...
01/23/2013 01:51:39 pm: Query has run: <CALL USP_GetCategories();>.
01/23/2013 01:51:39 pm: ... Got dataset to return in json obj
01/23/2013 01:51:45 pm: Get the dataset to return in json obj...
01/23/2013 01:51:45 pm: Get the dataset to return in json obj...
01/23/2013 01:51:45 pm: Query has run: <CALL USP_GetAccounts();>.
01/23/2013 01:51:45 pm: ... Got dataset to return in json obj
01/23/2013 01:51:45 pm: Query has run: <CALL USP_GetPayees();>.
01/23/2013 01:51:45 pm: ... Got dataset to return in json obj
01/23/2013 01:51:45 pm: Get the dataset to return in json obj...
01/23/2013 01:51:45 pm: Get the dataset to return in json obj...
01/23/2013 01:51:45 pm: Get the dataset to return in json obj...
01/23/2013 01:51:45 pm: Query has run: <CALL USP_GetCurrencies();>.
01/23/2013 01:51:45 pm: ... Got dataset to return in json obj
01/23/2013 01:51:45 pm: Query has run: <CALL USP_GetCategories();>.
01/23/2013 01:51:45 pm: ... Got dataset to return in json obj
01/23/2013 01:51:45 pm: Query has run: <CALL USP_GetCategories2();>.
01/23/2013 01:51:45 pm: ... Got dataset to return in json obj
01/23/2013 01:51:49 pm: Get the dataset to return in json obj...
01/23/2013 01:51:49 pm: Get the dataset to return in json obj...
01/23/2013 01:51:49 pm: Get the dataset to return in json obj...
01/23/2013 01:51:49 pm: Query has run: <CALL USP_GetAccounts();>.
01/23/2013 01:51:49 pm: ... Got dataset to return in json obj
01/23/2013 01:51:49 pm: Query has run: <CALL USP_GetCurrencies();>.
01/23/2013 01:51:49 pm: ... Got dataset to return in json obj
01/23/2013 01:51:49 pm: Get the dataset to return in json obj...
01/23/2013 01:51:49 pm: Query has run: <CALL USP_GetPayees();>.
01/23/2013 01:51:49 pm: ... Got dataset to return in json obj
01/23/2013 01:51:49 pm: Query has run: <CALL USP_GetCategories();>.
01/23/2013 01:51:49 pm: ... Got dataset to return in json obj
01/23/2013 01:51:49 pm: Get the dataset to return in json obj...
01/23/2013 01:51:49 pm: Query has run: <CALL USP_GetCategories2();>.
01/23/2013 01:51:49 pm: ... Got dataset to return in json obj
01/23/2013 01:51:50 pm: Get the dataset to return in json obj...
01/23/2013 01:51:50 pm: Get the dataset to return in json obj...
01/23/2013 01:51:50 pm: Query has run: <CALL USP_GetCurrencies();>.
01/23/2013 01:51:50 pm: Query has run: <CALL USP_GetAccounts();>.
01/23/2013 01:51:50 pm: ... Got dataset to return in json obj
01/23/2013 01:51:50 pm: Get the dataset to return in json obj...
01/23/2013 01:51:50 pm: ... Got dataset to return in json obj
01/23/2013 01:51:50 pm: Get the dataset to return in json obj...
01/23/2013 01:51:50 pm: Get the dataset to return in json obj...
01/23/2013 01:51:50 pm: Query has run: <CALL USP_GetPayees();>.
01/23/2013 01:51:50 pm: ... Got dataset to return in json obj
01/23/2013 01:51:50 pm: Query has run: <CALL USP_GetCategories();>.
01/23/2013 01:51:50 pm: ... Got dataset to return in json obj
01/23/2013 01:51:50 pm: Query has run: <CALL USP_GetCategories2();>.
01/23/2013 01:51:50 pm: ... Got dataset to return in json obj
