05/27/2013 06:46:32 pm: Get the dataset to return in json obj...
05/27/2013 06:46:32 pm: Get the dataset to return in json obj...
05/27/2013 06:46:32 pm: Get the dataset to return in json obj...
05/27/2013 06:46:32 pm: Get the dataset to return in json obj...
05/27/2013 06:46:32 pm: Query has run: <CALL USP_GetCategories2();>.
05/27/2013 06:46:32 pm: ... Got dataset to return in json obj
05/27/2013 06:46:32 pm: Query has run: <CALL USP_GetAccounts();>.
05/27/2013 06:46:32 pm: ... Got dataset to return in json obj
05/27/2013 06:46:32 pm: Query has run: <CALL USP_GetCurrencies();>.
05/27/2013 06:46:32 pm: Query has run: <CALL USP_GetPayees();>.
05/27/2013 06:46:32 pm: ... Got dataset to return in json obj
05/27/2013 06:46:32 pm: ... Got dataset to return in json obj
05/27/2013 06:46:32 pm: Query has run: <CALL USP_GetCategories();>.
05/27/2013 06:46:32 pm: ... Got dataset to return in json obj
05/27/2013 06:46:43 pm: Get the dataset to return in json obj...
05/27/2013 06:46:43 pm: Query has run: <CALL USP_GetAccounts();>.
05/27/2013 06:46:43 pm: ... Got dataset to return in json obj
05/27/2013 06:46:43 pm: Get the dataset to return in json obj...
05/27/2013 06:46:43 pm: Query has run: <CALL USP_GetCurrencies();>.
05/27/2013 06:46:43 pm: ... Got dataset to return in json obj
05/27/2013 06:46:43 pm: Get the dataset to return in json obj...
05/27/2013 06:46:43 pm: Get the dataset to return in json obj...
05/27/2013 06:46:43 pm: Query has run: <CALL USP_GetCategories();>.
05/27/2013 06:46:43 pm: ... Got dataset to return in json obj
05/27/2013 06:46:43 pm: Query has run: <CALL USP_GetPayees();>.
05/27/2013 06:46:43 pm: Get the dataset to return in json obj...
05/27/2013 06:46:43 pm: ... Got dataset to return in json obj
05/27/2013 06:46:43 pm: Query has run: <CALL USP_GetCategories2();>.
05/27/2013 06:46:43 pm: ... Got dataset to return in json obj
