05/23/2013 06:35:15 pm: Get the dataset to return in json obj...
05/23/2013 06:35:15 pm: Get the dataset to return in json obj...
05/23/2013 06:35:15 pm: Get the dataset to return in json obj...
05/23/2013 06:35:15 pm: Query has run: <CALL USP_GetCategories();>.
05/23/2013 06:35:15 pm: ... Got dataset to return in json obj
05/23/2013 06:35:15 pm: Query has run: <CALL USP_GetPayees();>.
05/23/2013 06:35:15 pm: ... Got dataset to return in json obj
05/23/2013 06:35:15 pm: Query has run: <CALL USP_GetCurrencies();>.
05/23/2013 06:35:15 pm: ... Got dataset to return in json obj
05/23/2013 06:35:15 pm: Query has run: <CALL USP_GetAccounts();>.
05/23/2013 06:35:15 pm: ... Got dataset to return in json obj
05/23/2013 06:35:16 pm: Get the dataset to return in json obj...
05/23/2013 06:35:16 pm: Query has run: <CALL USP_GetCategories2();>.
05/23/2013 06:35:16 pm: ... Got dataset to return in json obj
05/23/2013 06:35:31 pm: Get the dataset to return in json obj...
05/23/2013 06:35:31 pm: Query has run: <CALL USP_GetAccounts();>.
05/23/2013 06:35:31 pm: ... Got dataset to return in json obj
05/23/2013 06:35:31 pm: Get the dataset to return in json obj...
05/23/2013 06:35:31 pm: Get the dataset to return in json obj...
05/23/2013 06:35:31 pm: Query has run: <CALL USP_GetCurrencies();>.
05/23/2013 06:35:31 pm: ... Got dataset to return in json obj
05/23/2013 06:35:31 pm: Query has run: <CALL USP_GetPayees();>.
05/23/2013 06:35:31 pm: ... Got dataset to return in json obj
05/23/2013 06:35:31 pm: Get the dataset to return in json obj...
05/23/2013 06:35:31 pm: Query has run: <CALL USP_GetCategories();>.
05/23/2013 06:35:31 pm: ... Got dataset to return in json obj
05/23/2013 06:35:31 pm: Get the dataset to return in json obj...
05/23/2013 06:35:31 pm: Query has run: <CALL USP_GetCategories2();>.
05/23/2013 06:35:31 pm: ... Got dataset to return in json obj
