01/20/2013 11:17:41 pm: Get the dataset to return in json obj...
01/20/2013 11:17:41 pm: Get the dataset to return in json obj...
01/20/2013 11:17:41 pm: Get the dataset to return in json obj...
01/20/2013 11:17:41 pm: Query has run: <CALL USP_GetPayees();>.
01/20/2013 11:17:41 pm: ... Got dataset to return in json obj
01/20/2013 11:17:41 pm: Query has run: <CALL USP_GetCategories();>.
01/20/2013 11:17:41 pm: ... Got dataset to return in json obj
01/20/2013 11:17:41 pm: Get the dataset to return in json obj...
01/20/2013 11:17:41 pm: Get the dataset to return in json obj...
01/20/2013 11:17:42 pm: Query has run: <CALL USP_GetCategories2();>.
01/20/2013 11:17:42 pm: ... Got dataset to return in json obj
01/20/2013 11:17:42 pm: Query has run: <CALL USP_GetAccounts();>.
01/20/2013 11:17:42 pm: ... Got dataset to return in json obj
01/20/2013 11:17:42 pm: Query has run: <CALL USP_GetCurrencies();>.
01/20/2013 11:17:42 pm: ... Got dataset to return in json obj
01/20/2013 11:17:43 pm: Get the dataset to return in json obj...
01/20/2013 11:17:43 pm: Get the dataset to return in json obj...
01/20/2013 11:17:43 pm: Query has run: <CALL USP_GetCategories();>.
01/20/2013 11:17:43 pm: ... Got dataset to return in json obj
01/20/2013 11:17:43 pm: Get the dataset to return in json obj...
01/20/2013 11:17:43 pm: Get the dataset to return in json obj...
01/20/2013 11:17:43 pm: Query has run: <CALL USP_GetAccounts();>.
01/20/2013 11:17:43 pm: ... Got dataset to return in json obj
01/20/2013 11:17:43 pm: Query has run: <CALL USP_GetCategories2();>.
01/20/2013 11:17:43 pm: ... Got dataset to return in json obj
01/20/2013 11:17:43 pm: Query has run: <CALL USP_GetPayees();>.
01/20/2013 11:17:43 pm: ... Got dataset to return in json obj
01/20/2013 11:17:43 pm: Get the dataset to return in json obj...
01/20/2013 11:17:43 pm: Query has run: <CALL USP_GetCurrencies();>.
01/20/2013 11:17:43 pm: ... Got dataset to return in json obj
01/20/2013 11:18:09 pm: Amount value: -22. Preg_match_all result is <1>
01/20/2013 11:18:10 pm: Currency = <3>.
01/20/2013 11:18:18 pm: Get the dataset to return in json obj...
01/20/2013 11:18:18 pm: Query has run: <CALL USP_GetAccounts();>.
01/20/2013 11:18:18 pm: ... Got dataset to return in json obj
01/20/2013 11:18:18 pm: Get the dataset to return in json obj...
01/20/2013 11:18:18 pm: Get the dataset to return in json obj...
01/20/2013 11:18:18 pm: Get the dataset to return in json obj...
01/20/2013 11:18:18 pm: Query has run: <CALL USP_GetPayees();>.
01/20/2013 11:18:18 pm: ... Got dataset to return in json obj
01/20/2013 11:18:18 pm: Query has run: <CALL USP_GetCategories2();>.
01/20/2013 11:18:18 pm: ... Got dataset to return in json obj
01/20/2013 11:18:18 pm: Query has run: <CALL USP_GetCurrencies();>.
01/20/2013 11:18:18 pm: ... Got dataset to return in json obj
01/20/2013 11:18:18 pm: Get the dataset to return in json obj...
01/20/2013 11:18:18 pm: Query has run: <CALL USP_GetCategories();>.
01/20/2013 11:18:18 pm: ... Got dataset to return in json obj
