02/13/2013 09:23:07 pm: Get the dataset to return in json obj...
02/13/2013 09:23:07 pm: Get the dataset to return in json obj...
02/13/2013 09:23:07 pm: Get the dataset to return in json obj...
02/13/2013 09:23:07 pm: Get the dataset to return in json obj...
02/13/2013 09:23:07 pm: Get the dataset to return in json obj...
02/13/2013 09:23:07 pm: Query has run: <CALL USP_GetPayees();>.
02/13/2013 09:23:07 pm: ... Got dataset to return in json obj
02/13/2013 09:23:07 pm: Query has run: <CALL USP_GetCategories2();>.
02/13/2013 09:23:07 pm: ... Got dataset to return in json obj
02/13/2013 09:23:07 pm: Query has run: <CALL USP_GetCurrencies();>.
02/13/2013 09:23:07 pm: ... Got dataset to return in json obj
02/13/2013 09:23:07 pm: Query has run: <CALL USP_GetCategories();>.
02/13/2013 09:23:07 pm: ... Got dataset to return in json obj
02/13/2013 09:23:07 pm: Query has run: <CALL USP_GetAccounts();>.
02/13/2013 09:23:07 pm: ... Got dataset to return in json obj
02/13/2013 09:25:20 pm: Amount value: -12,66. Preg_match_all result is <1>
02/13/2013 09:25:20 pm: Currency = <1>.
02/13/2013 09:25:23 pm: Get the dataset to return in json obj...
02/13/2013 09:25:23 pm: Query has run: <CALL USP_GetAccounts();>.
02/13/2013 09:25:23 pm: ... Got dataset to return in json obj
02/13/2013 09:25:23 pm: Get the dataset to return in json obj...
02/13/2013 09:25:23 pm: Get the dataset to return in json obj...
02/13/2013 09:25:23 pm: Get the dataset to return in json obj...
02/13/2013 09:25:23 pm: Query has run: <CALL USP_GetCategories();>.
02/13/2013 09:25:23 pm: ... Got dataset to return in json obj
02/13/2013 09:25:23 pm: Query has run: <CALL USP_GetPayees();>.
02/13/2013 09:25:23 pm: ... Got dataset to return in json obj
02/13/2013 09:25:23 pm: Query has run: <CALL USP_GetCurrencies();>.
02/13/2013 09:25:23 pm: ... Got dataset to return in json obj
02/13/2013 09:25:23 pm: Get the dataset to return in json obj...
02/13/2013 09:25:23 pm: Query has run: <CALL USP_GetCategories2();>.
02/13/2013 09:25:23 pm: ... Got dataset to return in json obj
