01/26/2013 07:18:11 pm: Get the dataset to return in json obj...
01/26/2013 07:18:11 pm: Get the dataset to return in json obj...
01/26/2013 07:18:11 pm: Get the dataset to return in json obj...
01/26/2013 07:18:11 pm: Get the dataset to return in json obj...
01/26/2013 07:18:11 pm: Get the dataset to return in json obj...
01/26/2013 07:18:11 pm: Query has run: <CALL USP_GetPayees();>.
01/26/2013 07:18:11 pm: ... Got dataset to return in json obj
01/26/2013 07:18:12 pm: Query has run: <CALL USP_GetCategories();>.
01/26/2013 07:18:12 pm: Query has run: <CALL USP_GetCurrencies();>.
01/26/2013 07:18:12 pm: ... Got dataset to return in json obj
01/26/2013 07:18:12 pm: Query has run: <CALL USP_GetAccounts();>.
01/26/2013 07:18:12 pm: ... Got dataset to return in json obj
01/26/2013 07:18:12 pm: ... Got dataset to return in json obj
01/26/2013 07:18:12 pm: Query has run: <CALL USP_GetCategories2();>.
01/26/2013 07:18:12 pm: ... Got dataset to return in json obj
01/26/2013 07:18:21 pm: Get the dataset to return in json obj...
01/26/2013 07:18:21 pm: Query has run: <CALL USP_GetAccounts();>.
01/26/2013 07:18:21 pm: ... Got dataset to return in json obj
01/26/2013 07:18:21 pm: Get the dataset to return in json obj...
01/26/2013 07:18:21 pm: Query has run: <CALL USP_GetCurrencies();>.
01/26/2013 07:18:21 pm: ... Got dataset to return in json obj
01/26/2013 07:18:21 pm: Get the dataset to return in json obj...
01/26/2013 07:18:21 pm: Query has run: <CALL USP_GetCategories();>.
01/26/2013 07:18:21 pm: Get the dataset to return in json obj...
01/26/2013 07:18:21 pm: ... Got dataset to return in json obj
01/26/2013 07:18:21 pm: Get the dataset to return in json obj...
01/26/2013 07:18:21 pm: Query has run: <CALL USP_GetCategories2();>.
01/26/2013 07:18:21 pm: ... Got dataset to return in json obj
01/26/2013 07:18:21 pm: Query has run: <CALL USP_GetPayees();>.
01/26/2013 07:18:21 pm: ... Got dataset to return in json obj
01/26/2013 07:18:24 pm: Get the dataset to return in json obj...
01/26/2013 07:18:24 pm: Get the dataset to return in json obj...
01/26/2013 07:18:24 pm: Get the dataset to return in json obj...
01/26/2013 07:18:24 pm: Query has run: <CALL USP_GetCurrencies();>.
01/26/2013 07:18:24 pm: ... Got dataset to return in json obj
01/26/2013 07:18:24 pm: Query has run: <CALL USP_GetPayees();>.
01/26/2013 07:18:24 pm: ... Got dataset to return in json obj
01/26/2013 07:18:24 pm: Get the dataset to return in json obj...
01/26/2013 07:18:24 pm: Query has run: <CALL USP_GetCategories();>.
01/26/2013 07:18:24 pm: ... Got dataset to return in json obj
01/26/2013 07:18:24 pm: Get the dataset to return in json obj...
01/26/2013 07:18:24 pm: Query has run: <CALL USP_GetAccounts();>.
01/26/2013 07:18:24 pm: ... Got dataset to return in json obj
01/26/2013 07:18:24 pm: Query has run: <CALL USP_GetCategories2();>.
01/26/2013 07:18:24 pm: ... Got dataset to return in json obj
01/26/2013 07:18:26 pm: Get the dataset to return in json obj...
01/26/2013 07:18:26 pm: Query has run: <CALL USP_GetAccounts();>.
01/26/2013 07:18:26 pm: ... Got dataset to return in json obj
01/26/2013 07:18:26 pm: Get the dataset to return in json obj...
01/26/2013 07:18:26 pm: Query has run: <CALL USP_GetCurrencies();>.
01/26/2013 07:18:26 pm: ... Got dataset to return in json obj
01/26/2013 07:18:26 pm: Get the dataset to return in json obj...
01/26/2013 07:18:26 pm: Get the dataset to return in json obj...
01/26/2013 07:18:26 pm: Query has run: <CALL USP_GetPayees();>.
01/26/2013 07:18:26 pm: ... Got dataset to return in json obj
01/26/2013 07:18:26 pm: Get the dataset to return in json obj...
01/26/2013 07:18:26 pm: Query has run: <CALL USP_GetCategories();>.
01/26/2013 07:18:26 pm: ... Got dataset to return in json obj
01/26/2013 07:18:26 pm: Query has run: <CALL USP_GetCategories2();>.
01/26/2013 07:18:26 pm: ... Got dataset to return in json obj
01/26/2013 07:18:37 pm: Get the dataset to return in json obj...
01/26/2013 07:18:37 pm: Get the dataset to return in json obj...
01/26/2013 07:18:37 pm: Query has run: <CALL USP_GetAccounts();>.
01/26/2013 07:18:37 pm: ... Got dataset to return in json obj
01/26/2013 07:18:37 pm: Query has run: <CALL USP_GetPayees();>.
01/26/2013 07:18:37 pm: Get the dataset to return in json obj...
01/26/2013 07:18:37 pm: ... Got dataset to return in json obj
01/26/2013 07:18:37 pm: Query has run: <CALL USP_GetCategories();>.
01/26/2013 07:18:37 pm: ... Got dataset to return in json obj
01/26/2013 07:18:37 pm: Get the dataset to return in json obj...
01/26/2013 07:18:37 pm: Query has run: <CALL USP_GetCurrencies();>.
01/26/2013 07:18:37 pm: ... Got dataset to return in json obj
01/26/2013 07:18:37 pm: Get the dataset to return in json obj...
01/26/2013 07:18:38 pm: Query has run: <CALL USP_GetCategories2();>.
01/26/2013 07:18:38 pm: ... Got dataset to return in json obj
01/26/2013 07:19:11 pm: Amount value: -7,63. Preg_match_all result is <1>
01/26/2013 07:19:11 pm: Currency = <3>.
01/26/2013 07:19:33 pm: Amount value: -33,75. Preg_match_all result is <1>
01/26/2013 07:19:33 pm: Currency = <3>.
01/26/2013 07:19:54 pm: Amount value: -110. Preg_match_all result is <1>
01/26/2013 07:19:54 pm: Currency = <3>.
01/26/2013 07:19:57 pm: Get the dataset to return in json obj...
01/26/2013 07:19:57 pm: Query has run: <CALL USP_GetAccounts();>.
01/26/2013 07:19:57 pm: ... Got dataset to return in json obj
01/26/2013 07:19:57 pm: Get the dataset to return in json obj...
01/26/2013 07:19:57 pm: Get the dataset to return in json obj...
01/26/2013 07:19:57 pm: Get the dataset to return in json obj...
01/26/2013 07:19:57 pm: Query has run: <CALL USP_GetCategories();>.
01/26/2013 07:19:57 pm: ... Got dataset to return in json obj
01/26/2013 07:19:57 pm: Query has run: <CALL USP_GetPayees();>.
01/26/2013 07:19:57 pm: ... Got dataset to return in json obj
01/26/2013 07:19:57 pm: Get the dataset to return in json obj...
01/26/2013 07:19:57 pm: Query has run: <CALL USP_GetCategories2();>.
01/26/2013 07:19:57 pm: ... Got dataset to return in json obj
01/26/2013 07:19:57 pm: Query has run: <CALL USP_GetCurrencies();>.
01/26/2013 07:19:57 pm: ... Got dataset to return in json obj
01/26/2013 07:21:42 pm: Get the dataset to return in json obj...
01/26/2013 07:21:42 pm: Query has run: <CALL USP_GetCurrencies();>.
01/26/2013 07:21:42 pm: Get the dataset to return in json obj...
01/26/2013 07:21:42 pm: ... Got dataset to return in json obj
01/26/2013 07:21:42 pm: Get the dataset to return in json obj...
01/26/2013 07:21:42 pm: Get the dataset to return in json obj...
01/26/2013 07:21:42 pm: Query has run: <CALL USP_GetAccounts();>.
01/26/2013 07:21:42 pm: ... Got dataset to return in json obj
01/26/2013 07:21:42 pm: Query has run: <CALL USP_GetCategories();>.
01/26/2013 07:21:42 pm: ... Got dataset to return in json obj
01/26/2013 07:21:42 pm: Get the dataset to return in json obj...
01/26/2013 07:21:42 pm: Query has run: <CALL USP_GetCategories2();>.
01/26/2013 07:21:42 pm: ... Got dataset to return in json obj
01/26/2013 07:21:42 pm: Query has run: <CALL USP_GetPayees();>.
01/26/2013 07:21:42 pm: ... Got dataset to return in json obj
01/26/2013 07:21:49 pm: Get the dataset to return in json obj...
01/26/2013 07:21:49 pm: Query has run: <CALL USP_GetAccounts();>.
01/26/2013 07:21:49 pm: ... Got dataset to return in json obj
01/26/2013 07:21:49 pm: Get the dataset to return in json obj...
01/26/2013 07:21:49 pm: Get the dataset to return in json obj...
01/26/2013 07:21:49 pm: Query has run: <CALL USP_GetCurrencies();>.
01/26/2013 07:21:49 pm: ... Got dataset to return in json obj
01/26/2013 07:21:49 pm: Query has run: <CALL USP_GetPayees();>.
01/26/2013 07:21:49 pm: ... Got dataset to return in json obj
01/26/2013 07:21:49 pm: Get the dataset to return in json obj...
01/26/2013 07:21:49 pm: Query has run: <CALL USP_GetCategories2();>.
01/26/2013 07:21:49 pm: ... Got dataset to return in json obj
01/26/2013 07:21:49 pm: Get the dataset to return in json obj...
01/26/2013 07:21:49 pm: Query has run: <CALL USP_GetCategories();>.
01/26/2013 07:21:49 pm: ... Got dataset to return in json obj
01/26/2013 07:25:55 pm: Amount value: -416. Preg_match_all result is <1>
01/26/2013 07:25:55 pm: Currency = <3>.
01/26/2013 07:27:35 pm: Get the dataset to return in json obj...
01/26/2013 07:27:35 pm: Get the dataset to return in json obj...
01/26/2013 07:27:35 pm: Query has run: <CALL USP_GetCurrencies();>.
01/26/2013 07:27:35 pm: ... Got dataset to return in json obj
01/26/2013 07:27:35 pm: Query has run: <CALL USP_GetAccounts();>.
01/26/2013 07:27:35 pm: ... Got dataset to return in json obj
01/26/2013 07:27:35 pm: Get the dataset to return in json obj...
01/26/2013 07:27:35 pm: Get the dataset to return in json obj...
01/26/2013 07:27:35 pm: Query has run: <CALL USP_GetPayees();>.
01/26/2013 07:27:35 pm: ... Got dataset to return in json obj
01/26/2013 07:27:35 pm: Get the dataset to return in json obj...
01/26/2013 07:27:35 pm: Query has run: <CALL USP_GetCategories();>.
01/26/2013 07:27:35 pm: ... Got dataset to return in json obj
01/26/2013 07:27:35 pm: Query has run: <CALL USP_GetCategories2();>.
01/26/2013 07:27:35 pm: ... Got dataset to return in json obj
01/26/2013 07:27:39 pm: Get the dataset to return in json obj...
01/26/2013 07:27:39 pm: Query has run: <CALL USP_GetAccounts();>.
01/26/2013 07:27:39 pm: ... Got dataset to return in json obj
01/26/2013 07:27:39 pm: Get the dataset to return in json obj...
01/26/2013 07:27:39 pm: Query has run: <CALL USP_GetCurrencies();>.
01/26/2013 07:27:39 pm: Get the dataset to return in json obj...
01/26/2013 07:27:39 pm: ... Got dataset to return in json obj
01/26/2013 07:27:39 pm: Get the dataset to return in json obj...
01/26/2013 07:27:39 pm: Query has run: <CALL USP_GetCategories();>.
01/26/2013 07:27:39 pm: ... Got dataset to return in json obj
01/26/2013 07:27:39 pm: Query has run: <CALL USP_GetPayees();>.
01/26/2013 07:27:39 pm: ... Got dataset to return in json obj
01/26/2013 07:27:39 pm: Get the dataset to return in json obj...
01/26/2013 07:27:39 pm: Query has run: <CALL USP_GetCategories2();>.
01/26/2013 07:27:39 pm: ... Got dataset to return in json obj
01/26/2013 07:28:04 pm: Get the dataset to return in json obj...
01/26/2013 07:28:04 pm: Get the dataset to return in json obj...
01/26/2013 07:28:04 pm: Get the dataset to return in json obj...
01/26/2013 07:28:04 pm: Query has run: <CALL USP_GetCurrencies();>.
01/26/2013 07:28:04 pm: ... Got dataset to return in json obj
01/26/2013 07:28:04 pm: Get the dataset to return in json obj...
01/26/2013 07:28:04 pm: Query has run: <CALL USP_GetCategories();>.
01/26/2013 07:28:04 pm: ... Got dataset to return in json obj
01/26/2013 07:28:04 pm: Get the dataset to return in json obj...
01/26/2013 07:28:04 pm: Query has run: <CALL USP_GetPayees();>.
01/26/2013 07:28:04 pm: ... Got dataset to return in json obj
01/26/2013 07:28:04 pm: Query has run: <CALL USP_GetAccounts();>.
01/26/2013 07:28:04 pm: ... Got dataset to return in json obj
01/26/2013 07:28:04 pm: Query has run: <CALL USP_GetCategories2();>.
01/26/2013 07:28:04 pm: ... Got dataset to return in json obj
01/26/2013 07:28:16 pm: Get the dataset to return in json obj...
01/26/2013 07:28:16 pm: Query has run: <CALL USP_GetAccounts();>.
01/26/2013 07:28:16 pm: ... Got dataset to return in json obj
01/26/2013 07:28:16 pm: Get the dataset to return in json obj...
01/26/2013 07:28:16 pm: Get the dataset to return in json obj...
01/26/2013 07:28:16 pm: Get the dataset to return in json obj...
01/26/2013 07:28:16 pm: Query has run: <CALL USP_GetCategories();>.
01/26/2013 07:28:16 pm: ... Got dataset to return in json obj
01/26/2013 07:28:16 pm: Query has run: <CALL USP_GetPayees();>.
01/26/2013 07:28:16 pm: ... Got dataset to return in json obj
01/26/2013 07:28:16 pm: Query has run: <CALL USP_GetCategories2();>.
01/26/2013 07:28:16 pm: ... Got dataset to return in json obj
01/26/2013 07:28:16 pm: Get the dataset to return in json obj...
01/26/2013 07:28:16 pm: Query has run: <CALL USP_GetCurrencies();>.
01/26/2013 07:28:16 pm: ... Got dataset to return in json obj
01/26/2013 08:38:21 pm: Get the dataset to return in json obj...
01/26/2013 08:38:21 pm: Get the dataset to return in json obj...
01/26/2013 08:38:21 pm: Query has run: <CALL USP_GetPayees();>.
01/26/2013 08:38:21 pm: ... Got dataset to return in json obj
01/26/2013 08:38:21 pm: Query has run: <CALL USP_GetAccounts();>.
01/26/2013 08:38:21 pm: ... Got dataset to return in json obj
01/26/2013 08:38:21 pm: Get the dataset to return in json obj...
01/26/2013 08:38:21 pm: Query has run: <CALL USP_GetCurrencies();>.
01/26/2013 08:38:21 pm: ... Got dataset to return in json obj
01/26/2013 08:38:21 pm: Get the dataset to return in json obj...
01/26/2013 08:38:21 pm: Query has run: <CALL USP_GetCategories2();>.
01/26/2013 08:38:21 pm: ... Got dataset to return in json obj
01/26/2013 08:38:21 pm: Get the dataset to return in json obj...
01/26/2013 08:38:21 pm: Query has run: <CALL USP_GetCategories();>.
01/26/2013 08:38:21 pm: ... Got dataset to return in json obj
01/26/2013 08:38:24 pm: Get the dataset to return in json obj...
01/26/2013 08:38:24 pm: Get the dataset to return in json obj...
01/26/2013 08:38:24 pm: Query has run: <CALL USP_GetPayees();>.
01/26/2013 08:38:24 pm: ... Got dataset to return in json obj
01/26/2013 08:38:24 pm: Get the dataset to return in json obj...
01/26/2013 08:38:24 pm: Query has run: <CALL USP_GetCategories2();>.
01/26/2013 08:38:24 pm: ... Got dataset to return in json obj
01/26/2013 08:38:24 pm: Get the dataset to return in json obj...
01/26/2013 08:38:24 pm: Query has run: <CALL USP_GetCurrencies();>.
01/26/2013 08:38:24 pm: ... Got dataset to return in json obj
01/26/2013 08:38:24 pm: Query has run: <CALL USP_GetCategories();>.
01/26/2013 08:38:24 pm: ... Got dataset to return in json obj
01/26/2013 08:38:24 pm: Get the dataset to return in json obj...
01/26/2013 08:38:24 pm: Query has run: <CALL USP_GetAccounts();>.
01/26/2013 08:38:24 pm: ... Got dataset to return in json obj
01/26/2013 08:38:31 pm: Get the dataset to return in json obj...
01/26/2013 08:38:31 pm: Query has run: <CALL USP_GetAccounts();>.
01/26/2013 08:38:31 pm: ... Got dataset to return in json obj
01/26/2013 08:38:31 pm: Get the dataset to return in json obj...
01/26/2013 08:38:31 pm: Get the dataset to return in json obj...
01/26/2013 08:38:31 pm: Get the dataset to return in json obj...
01/26/2013 08:38:31 pm: Get the dataset to return in json obj...
01/26/2013 08:38:31 pm: Query has run: <CALL USP_GetCurrencies();>.
01/26/2013 08:38:31 pm: Query has run: <CALL USP_GetPayees();>.
01/26/2013 08:38:31 pm: ... Got dataset to return in json obj
01/26/2013 08:38:31 pm: Query has run: <CALL USP_GetCategories();>.
01/26/2013 08:38:31 pm: ... Got dataset to return in json obj
01/26/2013 08:38:31 pm: ... Got dataset to return in json obj
01/26/2013 08:38:31 pm: Query has run: <CALL USP_GetCategories2();>.
01/26/2013 08:38:31 pm: ... Got dataset to return in json obj
01/26/2013 08:38:34 pm: Get the dataset to return in json obj...
01/26/2013 08:38:34 pm: Get the dataset to return in json obj...
01/26/2013 08:38:34 pm: Get the dataset to return in json obj...
01/26/2013 08:38:34 pm: Get the dataset to return in json obj...
01/26/2013 08:38:34 pm: Query has run: <CALL USP_GetAccounts();>.
01/26/2013 08:38:34 pm: ... Got dataset to return in json obj
01/26/2013 08:38:34 pm: Query has run: <CALL USP_GetCurrencies();>.
01/26/2013 08:38:34 pm: Get the dataset to return in json obj...
01/26/2013 08:38:34 pm: ... Got dataset to return in json obj
01/26/2013 08:38:34 pm: Query has run: <CALL USP_GetPayees();>.
01/26/2013 08:38:34 pm: ... Got dataset to return in json obj
01/26/2013 08:38:34 pm: Query has run: <CALL USP_GetCategories2();>.
01/26/2013 08:38:34 pm: ... Got dataset to return in json obj
01/26/2013 08:38:34 pm: Query has run: <CALL USP_GetCategories();>.
01/26/2013 08:38:34 pm: ... Got dataset to return in json obj
01/26/2013 08:38:35 pm: Get the dataset to return in json obj...
01/26/2013 08:38:35 pm: Get the dataset to return in json obj...
01/26/2013 08:38:35 pm: Query has run: <CALL USP_GetAccounts();>.
01/26/2013 08:38:35 pm: ... Got dataset to return in json obj
01/26/2013 08:38:35 pm: Query has run: <CALL USP_GetCurrencies();>.
01/26/2013 08:38:36 pm: Get the dataset to return in json obj...
01/26/2013 08:38:36 pm: ... Got dataset to return in json obj
01/26/2013 08:38:36 pm: Get the dataset to return in json obj...
01/26/2013 08:38:36 pm: Get the dataset to return in json obj...
01/26/2013 08:38:36 pm: Query has run: <CALL USP_GetCategories();>.
01/26/2013 08:38:36 pm: ... Got dataset to return in json obj
01/26/2013 08:38:36 pm: Query has run: <CALL USP_GetPayees();>.
01/26/2013 08:38:36 pm: ... Got dataset to return in json obj
01/26/2013 08:38:36 pm: Query has run: <CALL USP_GetCategories2();>.
01/26/2013 08:38:36 pm: ... Got dataset to return in json obj
01/26/2013 08:38:58 pm: Get the dataset to return in json obj...
01/26/2013 08:38:58 pm: Query has run: <CALL USP_GetAccounts();>.
01/26/2013 08:38:58 pm: ... Got dataset to return in json obj
01/26/2013 08:38:58 pm: Get the dataset to return in json obj...
01/26/2013 08:38:58 pm: Query has run: <CALL USP_GetCurrencies();>.
01/26/2013 08:38:58 pm: ... Got dataset to return in json obj
01/26/2013 08:38:58 pm: Get the dataset to return in json obj...
01/26/2013 08:38:58 pm: Query has run: <CALL USP_GetPayees();>.
01/26/2013 08:38:58 pm: ... Got dataset to return in json obj
01/26/2013 08:38:58 pm: Get the dataset to return in json obj...
01/26/2013 08:38:58 pm: Query has run: <CALL USP_GetCategories2();>.
01/26/2013 08:38:58 pm: ... Got dataset to return in json obj
01/26/2013 08:38:58 pm: Get the dataset to return in json obj...
01/26/2013 08:38:58 pm: Query has run: <CALL USP_GetCategories();>.
01/26/2013 08:38:58 pm: ... Got dataset to return in json obj
01/26/2013 08:39:19 pm: Amount value: -20. Preg_match_all result is <1>
01/26/2013 08:39:19 pm: Currency = <3>.
01/26/2013 08:39:27 pm: Amount value: -20. Preg_match_all result is <1>
01/26/2013 08:39:27 pm: Currency = <3>.
01/26/2013 08:39:32 pm: Amount value: -20. Preg_match_all result is <1>
01/26/2013 08:39:32 pm: Currency = <3>.
01/26/2013 08:39:34 pm: Amount value: -20. Preg_match_all result is <1>
01/26/2013 08:39:34 pm: Currency = <3>.
01/26/2013 08:39:57 pm: Amount value: -20. Preg_match_all result is <1>
01/26/2013 08:39:57 pm: Currency = <3>.
01/26/2013 08:40:45 pm: Amount value: -13,33. Preg_match_all result is <1>
01/26/2013 08:40:45 pm: Currency = <3>.
01/26/2013 08:41:32 pm: Amount value: -16,33. Preg_match_all result is <1>
01/26/2013 08:41:32 pm: Currency = <3>.
01/26/2013 08:41:34 pm: Get the dataset to return in json obj...
01/26/2013 08:41:34 pm: Get the dataset to return in json obj...
01/26/2013 08:41:34 pm: Get the dataset to return in json obj...
01/26/2013 08:41:34 pm: Query has run: <CALL USP_GetCategories();>.
01/26/2013 08:41:34 pm: ... Got dataset to return in json obj
01/26/2013 08:41:34 pm: Query has run: <CALL USP_GetCategories2();>.
01/26/2013 08:41:34 pm: ... Got dataset to return in json obj
01/26/2013 08:41:34 pm: Query has run: <CALL USP_GetAccounts();>.
01/26/2013 08:41:34 pm: ... Got dataset to return in json obj
01/26/2013 08:41:34 pm: Get the dataset to return in json obj...
01/26/2013 08:41:34 pm: Get the dataset to return in json obj...
01/26/2013 08:41:34 pm: Query has run: <CALL USP_GetCurrencies();>.
01/26/2013 08:41:34 pm: ... Got dataset to return in json obj
01/26/2013 08:41:34 pm: Query has run: <CALL USP_GetPayees();>.
01/26/2013 08:41:34 pm: ... Got dataset to return in json obj
01/26/2013 08:41:36 pm: Get the dataset to return in json obj...
01/26/2013 08:41:36 pm: Get the dataset to return in json obj...
01/26/2013 08:41:36 pm: Query has run: <CALL USP_GetCurrencies();>.
01/26/2013 08:41:36 pm: ... Got dataset to return in json obj
01/26/2013 08:41:36 pm: Get the dataset to return in json obj...
01/26/2013 08:41:36 pm: Get the dataset to return in json obj...
01/26/2013 08:41:36 pm: Query has run: <CALL USP_GetCategories();>.
01/26/2013 08:41:36 pm: ... Got dataset to return in json obj
01/26/2013 08:41:36 pm: Query has run: <CALL USP_GetCategories2();>.
01/26/2013 08:41:36 pm: ... Got dataset to return in json obj
01/26/2013 08:41:36 pm: Get the dataset to return in json obj...
01/26/2013 08:41:36 pm: Query has run: <CALL USP_GetPayees();>.
01/26/2013 08:41:36 pm: ... Got dataset to return in json obj
01/26/2013 08:41:36 pm: Query has run: <CALL USP_GetAccounts();>.
01/26/2013 08:41:36 pm: ... Got dataset to return in json obj
01/26/2013 08:41:37 pm: Get the dataset to return in json obj...
01/26/2013 08:41:37 pm: Get the dataset to return in json obj...
01/26/2013 08:41:37 pm: Get the dataset to return in json obj...
01/26/2013 08:41:37 pm: Get the dataset to return in json obj...
01/26/2013 08:41:37 pm: Get the dataset to return in json obj...
01/26/2013 08:41:37 pm: Query has run: <CALL USP_GetCurrencies();>.
01/26/2013 08:41:37 pm: Query has run: <CALL USP_GetAccounts();>.
01/26/2013 08:41:37 pm: ... Got dataset to return in json obj
01/26/2013 08:41:37 pm: ... Got dataset to return in json obj
01/26/2013 08:41:37 pm: Query has run: <CALL USP_GetPayees();>.
01/26/2013 08:41:37 pm: ... Got dataset to return in json obj
01/26/2013 08:41:37 pm: Query has run: <CALL USP_GetCategories();>.
01/26/2013 08:41:37 pm: ... Got dataset to return in json obj
01/26/2013 08:41:37 pm: Query has run: <CALL USP_GetCategories2();>.
01/26/2013 08:41:37 pm: ... Got dataset to return in json obj
01/26/2013 08:41:42 pm: Get the dataset to return in json obj...
01/26/2013 08:41:42 pm: Query has run: <CALL USP_GetAccounts();>.
01/26/2013 08:41:42 pm: ... Got dataset to return in json obj
01/26/2013 08:41:42 pm: Get the dataset to return in json obj...
01/26/2013 08:41:42 pm: Query has run: <CALL USP_GetCurrencies();>.
01/26/2013 08:41:42 pm: ... Got dataset to return in json obj
01/26/2013 08:41:42 pm: Get the dataset to return in json obj...
01/26/2013 08:41:42 pm: Get the dataset to return in json obj...
01/26/2013 08:41:42 pm: Query has run: <CALL USP_GetCategories();>.
01/26/2013 08:41:42 pm: ... Got dataset to return in json obj
01/26/2013 08:41:42 pm: Query has run: <CALL USP_GetPayees();>.
01/26/2013 08:41:42 pm: ... Got dataset to return in json obj
01/26/2013 08:41:42 pm: Get the dataset to return in json obj...
01/26/2013 08:41:42 pm: Query has run: <CALL USP_GetCategories2();>.
01/26/2013 08:41:42 pm: ... Got dataset to return in json obj
01/26/2013 08:41:58 pm: Get the dataset to return in json obj...
01/26/2013 08:41:58 pm: Get the dataset to return in json obj...
01/26/2013 08:41:58 pm: Get the dataset to return in json obj...
01/26/2013 08:41:58 pm: Query has run: <CALL USP_GetAccounts();>.
01/26/2013 08:41:58 pm: ... Got dataset to return in json obj
01/26/2013 08:41:58 pm: Get the dataset to return in json obj...
01/26/2013 08:41:59 pm: Query has run: <CALL USP_GetCurrencies();>.
01/26/2013 08:41:59 pm: ... Got dataset to return in json obj
01/26/2013 08:41:58 pm: Query has run: <CALL USP_GetCategories();>.
01/26/2013 08:41:59 pm: ... Got dataset to return in json obj
01/26/2013 08:41:58 pm: Get the dataset to return in json obj...
01/26/2013 08:41:59 pm: Query has run: <CALL USP_GetPayees();>.
01/26/2013 08:41:59 pm: ... Got dataset to return in json obj
01/26/2013 08:41:59 pm: Query has run: <CALL USP_GetCategories2();>.
01/26/2013 08:41:59 pm: ... Got dataset to return in json obj
01/26/2013 08:44:07 pm: Get the dataset to return in json obj...
01/26/2013 08:44:07 pm: Get the dataset to return in json obj...
01/26/2013 08:44:07 pm: Query has run: <CALL USP_GetCurrencies();>.
01/26/2013 08:44:07 pm: ... Got dataset to return in json obj
01/26/2013 08:44:07 pm: Get the dataset to return in json obj...
01/26/2013 08:44:07 pm: Query has run: <CALL USP_GetAccounts();>.
01/26/2013 08:44:07 pm: ... Got dataset to return in json obj
01/26/2013 08:44:07 pm: Get the dataset to return in json obj...
01/26/2013 08:44:07 pm: Query has run: <CALL USP_GetCategories();>.
01/26/2013 08:44:07 pm: ... Got dataset to return in json obj
01/26/2013 08:44:07 pm: Query has run: <CALL USP_GetPayees();>.
01/26/2013 08:44:07 pm: ... Got dataset to return in json obj
01/26/2013 08:44:07 pm: Get the dataset to return in json obj...
01/26/2013 08:44:07 pm: Query has run: <CALL USP_GetCategories2();>.
01/26/2013 08:44:07 pm: ... Got dataset to return in json obj
01/26/2013 08:44:28 pm: Get the dataset to return in json obj...
01/26/2013 08:44:28 pm: Get the dataset to return in json obj...
01/26/2013 08:44:28 pm: Get the dataset to return in json obj...
01/26/2013 08:44:28 pm: Get the dataset to return in json obj...
01/26/2013 08:44:28 pm: Query has run: <CALL USP_GetAccounts();>.
01/26/2013 08:44:28 pm: ... Got dataset to return in json obj
01/26/2013 08:44:28 pm: Query has run: <CALL USP_GetPayees();>.
01/26/2013 08:44:28 pm: ... Got dataset to return in json obj
01/26/2013 08:44:28 pm: Query has run: <CALL USP_GetCurrencies();>.
01/26/2013 08:44:28 pm: ... Got dataset to return in json obj
01/26/2013 08:44:28 pm: Query has run: <CALL USP_GetCategories2();>.
01/26/2013 08:44:28 pm: ... Got dataset to return in json obj
01/26/2013 08:44:28 pm: Get the dataset to return in json obj...
01/26/2013 08:44:28 pm: Query has run: <CALL USP_GetCategories();>.
01/26/2013 08:44:28 pm: ... Got dataset to return in json obj
01/26/2013 08:44:42 pm: Amount value: -37,33. Preg_match_all result is <1>
01/26/2013 08:44:42 pm: Currency = <3>.
01/26/2013 08:44:46 pm: Get the dataset to return in json obj...
01/26/2013 08:44:46 pm: Get the dataset to return in json obj...
01/26/2013 08:44:46 pm: Query has run: <CALL USP_GetCurrencies();>.
01/26/2013 08:44:46 pm: ... Got dataset to return in json obj
01/26/2013 08:44:46 pm: Query has run: <CALL USP_GetAccounts();>.
01/26/2013 08:44:46 pm: ... Got dataset to return in json obj
01/26/2013 08:44:46 pm: Get the dataset to return in json obj...
01/26/2013 08:44:46 pm: Get the dataset to return in json obj...
01/26/2013 08:44:46 pm: Query has run: <CALL USP_GetCategories();>.
01/26/2013 08:44:46 pm: ... Got dataset to return in json obj
01/26/2013 08:44:46 pm: Query has run: <CALL USP_GetPayees();>.
01/26/2013 08:44:46 pm: ... Got dataset to return in json obj
01/26/2013 08:44:46 pm: Get the dataset to return in json obj...
01/26/2013 08:44:46 pm: Query has run: <CALL USP_GetCategories2();>.
01/26/2013 08:44:46 pm: ... Got dataset to return in json obj
01/26/2013 08:45:28 pm: Get the dataset to return in json obj...
01/26/2013 08:45:28 pm: Get the dataset to return in json obj...
01/26/2013 08:45:28 pm: Get the dataset to return in json obj...
01/26/2013 08:45:28 pm: Query has run: <CALL USP_GetCategories();>.
01/26/2013 08:45:28 pm: ... Got dataset to return in json obj
01/26/2013 08:45:28 pm: Query has run: <CALL USP_GetPayees();>.
01/26/2013 08:45:28 pm: ... Got dataset to return in json obj
01/26/2013 08:45:28 pm: Query has run: <CALL USP_GetCategories2();>.
01/26/2013 08:45:28 pm: ... Got dataset to return in json obj
01/26/2013 08:45:28 pm: Get the dataset to return in json obj...
01/26/2013 08:45:28 pm: Get the dataset to return in json obj...
01/26/2013 08:45:28 pm: Query has run: <CALL USP_GetCurrencies();>.
01/26/2013 08:45:28 pm: ... Got dataset to return in json obj
01/26/2013 08:45:28 pm: Query has run: <CALL USP_GetAccounts();>.
01/26/2013 08:45:28 pm: ... Got dataset to return in json obj
01/26/2013 08:45:49 pm: Get the dataset to return in json obj...
01/26/2013 08:45:49 pm: Query has run: <CALL USP_GetAccounts();>.
01/26/2013 08:45:49 pm: Get the dataset to return in json obj...
01/26/2013 08:45:49 pm: ... Got dataset to return in json obj
01/26/2013 08:45:49 pm: Get the dataset to return in json obj...
01/26/2013 08:45:49 pm: Query has run: <CALL USP_GetCurrencies();>.
01/26/2013 08:45:49 pm: ... Got dataset to return in json obj
01/26/2013 08:45:49 pm: Query has run: <CALL USP_GetPayees();>.
01/26/2013 08:45:49 pm: ... Got dataset to return in json obj
01/26/2013 08:45:49 pm: Get the dataset to return in json obj...
01/26/2013 08:45:49 pm: Query has run: <CALL USP_GetCategories();>.
01/26/2013 08:45:49 pm: ... Got dataset to return in json obj
01/26/2013 08:45:49 pm: Get the dataset to return in json obj...
01/26/2013 08:45:49 pm: Query has run: <CALL USP_GetCategories2();>.
01/26/2013 08:45:49 pm: ... Got dataset to return in json obj
01/26/2013 08:45:59 pm: Get the dataset to return in json obj...
01/26/2013 08:45:59 pm: Get the dataset to return in json obj...
01/26/2013 08:45:59 pm: Get the dataset to return in json obj...
01/26/2013 08:45:59 pm: Get the dataset to return in json obj...
01/26/2013 08:45:59 pm: Query has run: <CALL USP_GetCurrencies();>.
01/26/2013 08:45:59 pm: ... Got dataset to return in json obj
01/26/2013 08:45:59 pm: Query has run: <CALL USP_GetAccounts();>.
01/26/2013 08:45:59 pm: ... Got dataset to return in json obj
01/26/2013 08:45:59 pm: Query has run: <CALL USP_GetPayees();>.
01/26/2013 08:45:59 pm: ... Got dataset to return in json obj
01/26/2013 08:45:59 pm: Query has run: <CALL USP_GetCategories2();>.
01/26/2013 08:45:59 pm: ... Got dataset to return in json obj
01/26/2013 08:45:59 pm: Get the dataset to return in json obj...
01/26/2013 08:45:59 pm: Query has run: <CALL USP_GetCategories();>.
01/26/2013 08:45:59 pm: ... Got dataset to return in json obj
01/26/2013 08:45:59 pm: Get the dataset to return in json obj...
01/26/2013 08:45:59 pm: Get the dataset to return in json obj...
01/26/2013 08:45:59 pm: Query has run: <CALL USP_GetCurrencies();>.
01/26/2013 08:45:59 pm: ... Got dataset to return in json obj
01/26/2013 08:45:59 pm: Get the dataset to return in json obj...
01/26/2013 08:45:59 pm: Query has run: <CALL USP_GetCategories();>.
01/26/2013 08:45:59 pm: ... Got dataset to return in json obj
01/26/2013 08:45:59 pm: Query has run: <CALL USP_GetAccounts();>.
01/26/2013 08:45:59 pm: ... Got dataset to return in json obj
01/26/2013 08:45:59 pm: Get the dataset to return in json obj...
01/26/2013 08:45:59 pm: Get the dataset to return in json obj...
01/26/2013 08:45:59 pm: Query has run: <CALL USP_GetCategories2();>.
01/26/2013 08:45:59 pm: ... Got dataset to return in json obj
01/26/2013 08:45:59 pm: Query has run: <CALL USP_GetPayees();>.
01/26/2013 08:45:59 pm: ... Got dataset to return in json obj
01/26/2013 08:52:08 pm: Amount value: 298,16. Preg_match_all result is <1>
01/26/2013 08:52:08 pm: Currency = <1>.
01/26/2013 08:53:23 pm: Get the dataset to return in json obj...
01/26/2013 08:53:23 pm: Get the dataset to return in json obj...
01/26/2013 08:53:23 pm: Get the dataset to return in json obj...
01/26/2013 08:53:23 pm: Get the dataset to return in json obj...
01/26/2013 08:53:23 pm: Query has run: <CALL USP_GetCategories();>.
01/26/2013 08:53:23 pm: ... Got dataset to return in json obj
01/26/2013 08:53:23 pm: Query has run: <CALL USP_GetCategories2();>.
01/26/2013 08:53:23 pm: ... Got dataset to return in json obj
01/26/2013 08:53:23 pm: Query has run: <CALL USP_GetAccounts();>.
01/26/2013 08:53:23 pm: ... Got dataset to return in json obj
01/26/2013 08:53:23 pm: Query has run: <CALL USP_GetPayees();>.
01/26/2013 08:53:23 pm: ... Got dataset to return in json obj
01/26/2013 08:53:23 pm: Get the dataset to return in json obj...
01/26/2013 08:53:23 pm: Query has run: <CALL USP_GetCurrencies();>.
01/26/2013 08:53:23 pm: ... Got dataset to return in json obj
01/26/2013 08:53:24 pm: Get the dataset to return in json obj...
01/26/2013 08:53:24 pm: Get the dataset to return in json obj...
01/26/2013 08:53:24 pm: Query has run: <CALL USP_GetAccounts();>.
01/26/2013 08:53:24 pm: ... Got dataset to return in json obj
01/26/2013 08:53:24 pm: Query has run: <CALL USP_GetCategories2();>.
01/26/2013 08:53:24 pm: ... Got dataset to return in json obj
01/26/2013 08:53:24 pm: Get the dataset to return in json obj...
01/26/2013 08:53:24 pm: Get the dataset to return in json obj...
01/26/2013 08:53:24 pm: Get the dataset to return in json obj...
01/26/2013 08:53:24 pm: Query has run: <CALL USP_GetCurrencies();>.
01/26/2013 08:53:24 pm: ... Got dataset to return in json obj
01/26/2013 08:53:24 pm: Query has run: <CALL USP_GetCategories();>.
01/26/2013 08:53:24 pm: ... Got dataset to return in json obj
01/26/2013 08:53:24 pm: Query has run: <CALL USP_GetPayees();>.
01/26/2013 08:53:24 pm: ... Got dataset to return in json obj
01/26/2013 08:53:25 pm: Get the dataset to return in json obj...
01/26/2013 08:53:25 pm: Query has run: <CALL USP_GetAccounts();>.
01/26/2013 08:53:25 pm: ... Got dataset to return in json obj
01/26/2013 08:53:25 pm: Get the dataset to return in json obj...
01/26/2013 08:53:25 pm: Query has run: <CALL USP_GetPayees();>.
01/26/2013 08:53:25 pm: ... Got dataset to return in json obj
01/26/2013 08:53:25 pm: Get the dataset to return in json obj...
01/26/2013 08:53:25 pm: Query has run: <CALL USP_GetCurrencies();>.
01/26/2013 08:53:25 pm: ... Got dataset to return in json obj
01/26/2013 08:53:25 pm: Get the dataset to return in json obj...
01/26/2013 08:53:25 pm: Query has run: <CALL USP_GetCategories();>.
01/26/2013 08:53:25 pm: ... Got dataset to return in json obj
01/26/2013 08:53:25 pm: Get the dataset to return in json obj...
01/26/2013 08:53:25 pm: Query has run: <CALL USP_GetCategories2();>.
01/26/2013 08:53:25 pm: ... Got dataset to return in json obj
01/26/2013 08:53:36 pm: Get the dataset to return in json obj...
01/26/2013 08:53:36 pm: Get the dataset to return in json obj...
01/26/2013 08:53:36 pm: Get the dataset to return in json obj...
01/26/2013 08:53:36 pm: Get the dataset to return in json obj...
01/26/2013 08:53:36 pm: Query has run: <CALL USP_GetAccounts();>.
01/26/2013 08:53:36 pm: Query has run: <CALL USP_GetPayees();>.
01/26/2013 08:53:36 pm: ... Got dataset to return in json obj
01/26/2013 08:53:36 pm: ... Got dataset to return in json obj
01/26/2013 08:53:36 pm: Query has run: <CALL USP_GetCurrencies();>.
01/26/2013 08:53:36 pm: ... Got dataset to return in json obj
01/26/2013 08:53:36 pm: Query has run: <CALL USP_GetCategories();>.
01/26/2013 08:53:36 pm: ... Got dataset to return in json obj
01/26/2013 08:53:36 pm: Get the dataset to return in json obj...
01/26/2013 08:53:36 pm: Query has run: <CALL USP_GetCategories2();>.
01/26/2013 08:53:36 pm: ... Got dataset to return in json obj
01/26/2013 08:53:48 pm: Get the dataset to return in json obj...
01/26/2013 08:53:48 pm: Get the dataset to return in json obj...
01/26/2013 08:53:48 pm: Query has run: <CALL USP_GetCurrencies();>.
01/26/2013 08:53:48 pm: ... Got dataset to return in json obj
01/26/2013 08:53:48 pm: Query has run: <CALL USP_GetCategories();>.
01/26/2013 08:53:48 pm: ... Got dataset to return in json obj
01/26/2013 08:53:48 pm: Get the dataset to return in json obj...
01/26/2013 08:53:48 pm: Query has run: <CALL USP_GetAccounts();>.
01/26/2013 08:53:48 pm: ... Got dataset to return in json obj
01/26/2013 08:53:48 pm: Get the dataset to return in json obj...
01/26/2013 08:53:48 pm: Get the dataset to return in json obj...
01/26/2013 08:53:48 pm: Query has run: <CALL USP_GetCategories2();>.
01/26/2013 08:53:48 pm: ... Got dataset to return in json obj
01/26/2013 08:53:48 pm: Query has run: <CALL USP_GetPayees();>.
01/26/2013 08:53:48 pm: ... Got dataset to return in json obj
01/26/2013 08:53:52 pm: Get the dataset to return in json obj...
01/26/2013 08:53:52 pm: Get the dataset to return in json obj...
01/26/2013 08:53:52 pm: Get the dataset to return in json obj...
01/26/2013 08:53:52 pm: Query has run: <CALL USP_GetCurrencies();>.
01/26/2013 08:53:52 pm: ... Got dataset to return in json obj
01/26/2013 08:53:52 pm: Query has run: <CALL USP_GetAccounts();>.
01/26/2013 08:53:52 pm: ... Got dataset to return in json obj
01/26/2013 08:53:52 pm: Query has run: <CALL USP_GetPayees();>.
01/26/2013 08:53:52 pm: ... Got dataset to return in json obj
01/26/2013 08:53:52 pm: Get the dataset to return in json obj...
01/26/2013 08:53:52 pm: Get the dataset to return in json obj...
01/26/2013 08:53:52 pm: Query has run: <CALL USP_GetCategories();>.
01/26/2013 08:53:52 pm: ... Got dataset to return in json obj
01/26/2013 08:53:52 pm: Query has run: <CALL USP_GetCategories2();>.
01/26/2013 08:53:52 pm: ... Got dataset to return in json obj
01/26/2013 08:54:38 pm: Amount value: -10. Preg_match_all result is <1>
01/26/2013 08:54:39 pm: Currency = <1>.
01/26/2013 08:55:59 pm: Amount value: -10,34. Preg_match_all result is <1>
01/26/2013 08:55:59 pm: Currency = <1>.
01/26/2013 08:56:24 pm: Amount value: -2,25. Preg_match_all result is <1>
01/26/2013 08:56:24 pm: Currency = <1>.
01/26/2013 08:56:56 pm: Amount value: -15,96. Preg_match_all result is <1>
01/26/2013 08:56:56 pm: Currency = <1>.
01/26/2013 08:57:17 pm: Amount value: -6,38. Preg_match_all result is <1>
01/26/2013 08:57:17 pm: Currency = <1>.
01/26/2013 08:58:36 pm: Amount value: -2. Preg_match_all result is <1>
01/26/2013 08:58:37 pm: Currency = <1>.
01/26/2013 08:58:41 pm: Get the dataset to return in json obj...
01/26/2013 08:58:41 pm: Get the dataset to return in json obj...
01/26/2013 08:58:41 pm: Query has run: <CALL USP_GetCurrencies();>.
01/26/2013 08:58:41 pm: ... Got dataset to return in json obj
01/26/2013 08:58:41 pm: Query has run: <CALL USP_GetPayees();>.
01/26/2013 08:58:41 pm: ... Got dataset to return in json obj
01/26/2013 08:58:41 pm: Get the dataset to return in json obj...
01/26/2013 08:58:41 pm: Query has run: <CALL USP_GetAccounts();>.
01/26/2013 08:58:41 pm: ... Got dataset to return in json obj
01/26/2013 08:58:41 pm: Get the dataset to return in json obj...
01/26/2013 08:58:41 pm: Query has run: <CALL USP_GetCategories();>.
01/26/2013 08:58:41 pm: ... Got dataset to return in json obj
01/26/2013 08:58:41 pm: Get the dataset to return in json obj...
01/26/2013 08:58:41 pm: Query has run: <CALL USP_GetCategories2();>.
01/26/2013 08:58:41 pm: ... Got dataset to return in json obj
01/26/2013 08:58:53 pm: Get the dataset to return in json obj...
01/26/2013 08:58:53 pm: Query has run: <CALL USP_GetAccounts();>.
01/26/2013 08:58:53 pm: ... Got dataset to return in json obj
01/26/2013 08:58:53 pm: Get the dataset to return in json obj...
01/26/2013 08:58:53 pm: Get the dataset to return in json obj...
01/26/2013 08:58:53 pm: Query has run: <CALL USP_GetCurrencies();>.
01/26/2013 08:58:53 pm: ... Got dataset to return in json obj
01/26/2013 08:58:53 pm: Query has run: <CALL USP_GetPayees();>.
01/26/2013 08:58:53 pm: ... Got dataset to return in json obj
01/26/2013 08:58:53 pm: Get the dataset to return in json obj...
01/26/2013 08:58:53 pm: Get the dataset to return in json obj...
01/26/2013 08:58:53 pm: Query has run: <CALL USP_GetCategories();>.
01/26/2013 08:58:53 pm: ... Got dataset to return in json obj
01/26/2013 08:58:53 pm: Query has run: <CALL USP_GetCategories2();>.
01/26/2013 08:58:53 pm: ... Got dataset to return in json obj
01/26/2013 09:35:43 pm: Get the dataset to return in json obj...
01/26/2013 09:35:43 pm: Query has run: <CALL USP_GetAccounts();>.
01/26/2013 09:35:43 pm: ... Got dataset to return in json obj
01/26/2013 09:35:43 pm: Get the dataset to return in json obj...
01/26/2013 09:35:43 pm: Get the dataset to return in json obj...
01/26/2013 09:35:43 pm: Query has run: <CALL USP_GetCurrencies();>.
01/26/2013 09:35:43 pm: ... Got dataset to return in json obj
01/26/2013 09:35:43 pm: Query has run: <CALL USP_GetPayees();>.
01/26/2013 09:35:43 pm: ... Got dataset to return in json obj
01/26/2013 09:35:43 pm: Get the dataset to return in json obj...
01/26/2013 09:35:43 pm: Get the dataset to return in json obj...
01/26/2013 09:35:43 pm: Query has run: <CALL USP_GetCategories();>.
01/26/2013 09:35:43 pm: ... Got dataset to return in json obj
01/26/2013 09:35:43 pm: Query has run: <CALL USP_GetCategories2();>.
01/26/2013 09:35:43 pm: ... Got dataset to return in json obj
01/26/2013 09:37:21 pm: Get the dataset to return in json obj...
01/26/2013 09:37:21 pm: Get the dataset to return in json obj...
01/26/2013 09:37:21 pm: Query has run: <CALL USP_GetCurrencies();>.
01/26/2013 09:37:21 pm: ... Got dataset to return in json obj
01/26/2013 09:37:21 pm: Query has run: <CALL USP_GetCategories2();>.
01/26/2013 09:37:21 pm: ... Got dataset to return in json obj
01/26/2013 09:37:21 pm: Get the dataset to return in json obj...
01/26/2013 09:37:21 pm: Get the dataset to return in json obj...
01/26/2013 09:37:21 pm: Get the dataset to return in json obj...
01/26/2013 09:37:21 pm: Query has run: <CALL USP_GetPayees();>.
01/26/2013 09:37:21 pm: ... Got dataset to return in json obj
01/26/2013 09:37:21 pm: Query has run: <CALL USP_GetAccounts();>.
01/26/2013 09:37:21 pm: ... Got dataset to return in json obj
01/26/2013 09:37:21 pm: Query has run: <CALL USP_GetCategories();>.
01/26/2013 09:37:21 pm: ... Got dataset to return in json obj
01/26/2013 09:38:16 pm: Get the dataset to return in json obj...
01/26/2013 09:38:16 pm: Get the dataset to return in json obj...
01/26/2013 09:38:16 pm: Query has run: <CALL USP_GetCurrencies();>.
01/26/2013 09:38:16 pm: ... Got dataset to return in json obj
01/26/2013 09:38:16 pm: Get the dataset to return in json obj...
01/26/2013 09:38:16 pm: Query has run: <CALL USP_GetAccounts();>.
01/26/2013 09:38:16 pm: ... Got dataset to return in json obj
01/26/2013 09:38:16 pm: Get the dataset to return in json obj...
01/26/2013 09:38:16 pm: Get the dataset to return in json obj...
01/26/2013 09:38:16 pm: Query has run: <CALL USP_GetPayees();>.
01/26/2013 09:38:16 pm: ... Got dataset to return in json obj
01/26/2013 09:38:16 pm: Query has run: <CALL USP_GetCategories();>.
01/26/2013 09:38:16 pm: ... Got dataset to return in json obj
01/26/2013 09:38:16 pm: Query has run: <CALL USP_GetCategories2();>.
01/26/2013 09:38:16 pm: ... Got dataset to return in json obj
01/26/2013 09:39:25 pm: Get the dataset to return in json obj...
01/26/2013 09:39:25 pm: Get the dataset to return in json obj...
01/26/2013 09:39:25 pm: Query has run: <CALL USP_GetCurrencies();>.
01/26/2013 09:39:25 pm: ... Got dataset to return in json obj
01/26/2013 09:39:25 pm: Query has run: <CALL USP_GetAccounts();>.
01/26/2013 09:39:25 pm: ... Got dataset to return in json obj
01/26/2013 09:39:25 pm: Get the dataset to return in json obj...
01/26/2013 09:39:25 pm: Query has run: <CALL USP_GetPayees();>.
01/26/2013 09:39:25 pm: Get the dataset to return in json obj...
01/26/2013 09:39:25 pm: ... Got dataset to return in json obj
01/26/2013 09:39:25 pm: Query has run: <CALL USP_GetCategories();>.
01/26/2013 09:39:25 pm: ... Got dataset to return in json obj
01/26/2013 09:39:25 pm: Get the dataset to return in json obj...
01/26/2013 09:39:25 pm: Query has run: <CALL USP_GetCategories2();>.
01/26/2013 09:39:25 pm: ... Got dataset to return in json obj
01/26/2013 09:39:34 pm: Get the dataset to return in json obj...
01/26/2013 09:39:34 pm: Query has run: <CALL USP_GetCurrencies();>.
01/26/2013 09:39:34 pm: ... Got dataset to return in json obj
01/26/2013 09:39:34 pm: Get the dataset to return in json obj...
01/26/2013 09:39:34 pm: Get the dataset to return in json obj...
01/26/2013 09:39:34 pm: Query has run: <CALL USP_GetPayees();>.
01/26/2013 09:39:34 pm: ... Got dataset to return in json obj
01/26/2013 09:39:34 pm: Get the dataset to return in json obj...
01/26/2013 09:39:34 pm: Query has run: <CALL USP_GetAccounts();>.
01/26/2013 09:39:34 pm: ... Got dataset to return in json obj
01/26/2013 09:39:34 pm: Query has run: <CALL USP_GetCategories();>.
01/26/2013 09:39:34 pm: ... Got dataset to return in json obj
01/26/2013 09:39:34 pm: Get the dataset to return in json obj...
01/26/2013 09:39:34 pm: Query has run: <CALL USP_GetCategories2();>.
01/26/2013 09:39:34 pm: ... Got dataset to return in json obj
01/26/2013 09:40:30 pm: Get the dataset to return in json obj...
01/26/2013 09:40:30 pm: Get the dataset to return in json obj...
01/26/2013 09:40:30 pm: Query has run: <CALL USP_GetAccounts();>.
01/26/2013 09:40:30 pm: ... Got dataset to return in json obj
01/26/2013 09:40:30 pm: Get the dataset to return in json obj...
01/26/2013 09:40:30 pm: Query has run: <CALL USP_GetCurrencies();>.
01/26/2013 09:40:30 pm: Query has run: <CALL USP_GetPayees();>.
01/26/2013 09:40:30 pm: ... Got dataset to return in json obj
01/26/2013 09:40:30 pm: ... Got dataset to return in json obj
01/26/2013 09:40:30 pm: Get the dataset to return in json obj...
01/26/2013 09:40:30 pm: Query has run: <CALL USP_GetCategories();>.
01/26/2013 09:40:30 pm: ... Got dataset to return in json obj
01/26/2013 09:40:30 pm: Get the dataset to return in json obj...
01/26/2013 09:40:30 pm: Query has run: <CALL USP_GetCategories2();>.
01/26/2013 09:40:30 pm: ... Got dataset to return in json obj
01/26/2013 09:40:30 pm: Get the dataset to return in json obj...
01/26/2013 09:40:30 pm: Get the dataset to return in json obj...
01/26/2013 09:40:30 pm: Get the dataset to return in json obj...
01/26/2013 09:40:30 pm: Get the dataset to return in json obj...
01/26/2013 09:40:30 pm: Query has run: <CALL USP_GetCurrencies();>.
01/26/2013 09:40:30 pm: ... Got dataset to return in json obj
01/26/2013 09:40:30 pm: Query has run: <CALL USP_GetCategories2();>.
01/26/2013 09:40:30 pm: ... Got dataset to return in json obj
01/26/2013 09:40:30 pm: Query has run: <CALL USP_GetPayees();>.
01/26/2013 09:40:30 pm: ... Got dataset to return in json obj
01/26/2013 09:40:30 pm: Query has run: <CALL USP_GetCategories();>.
01/26/2013 09:40:30 pm: ... Got dataset to return in json obj
01/26/2013 09:40:30 pm: Get the dataset to return in json obj...
01/26/2013 09:40:30 pm: Query has run: <CALL USP_GetAccounts();>.
01/26/2013 09:40:30 pm: ... Got dataset to return in json obj
01/26/2013 09:40:33 pm: Query has run: <CALL USP_GetAccounts ()>.
01/26/2013 09:40:36 pm: Query has run: <CALL USP_GetCategories2 ()>.
01/26/2013 09:40:40 pm: Get the dataset to return in json obj...
01/26/2013 09:40:40 pm: Get the dataset to return in json obj...
01/26/2013 09:40:40 pm: Query has run: <CALL USP_GetCurrencies();>.
01/26/2013 09:40:40 pm: ... Got dataset to return in json obj
01/26/2013 09:40:40 pm: Query has run: <CALL USP_GetAccounts();>.
01/26/2013 09:40:40 pm: ... Got dataset to return in json obj
01/26/2013 09:40:40 pm: Get the dataset to return in json obj...
01/26/2013 09:40:40 pm: Get the dataset to return in json obj...
01/26/2013 09:40:40 pm: Get the dataset to return in json obj...
01/26/2013 09:40:40 pm: Query has run: <CALL USP_GetPayees();>.
01/26/2013 09:40:40 pm: ... Got dataset to return in json obj
01/26/2013 09:40:40 pm: Query has run: <CALL USP_GetCategories2();>.
01/26/2013 09:40:40 pm: Query has run: <CALL USP_GetCategories();>.
01/26/2013 09:40:40 pm: ... Got dataset to return in json obj
01/26/2013 09:40:40 pm: ... Got dataset to return in json obj
01/26/2013 09:40:49 pm: Get the dataset to return in json obj...
01/26/2013 09:40:49 pm: Get the dataset to return in json obj...
01/26/2013 09:40:49 pm: Get the dataset to return in json obj...
01/26/2013 09:40:49 pm: Query has run: <CALL USP_GetAccounts();>.
01/26/2013 09:40:49 pm: ... Got dataset to return in json obj
01/26/2013 09:40:49 pm: Query has run: <CALL USP_GetPayees();>.
01/26/2013 09:40:49 pm: ... Got dataset to return in json obj
01/26/2013 09:40:49 pm: Query has run: <CALL USP_GetCurrencies();>.
01/26/2013 09:40:49 pm: ... Got dataset to return in json obj
01/26/2013 09:40:49 pm: Get the dataset to return in json obj...
01/26/2013 09:40:49 pm: Get the dataset to return in json obj...
01/26/2013 09:40:49 pm: Query has run: <CALL USP_GetCategories();>.
01/26/2013 09:40:49 pm: ... Got dataset to return in json obj
01/26/2013 09:40:49 pm: Query has run: <CALL USP_GetCategories2();>.
01/26/2013 09:40:49 pm: ... Got dataset to return in json obj
01/26/2013 09:40:58 pm: Get the dataset to return in json obj...
01/26/2013 09:40:58 pm: Query has run: <CALL USP_GetAccounts();>.
01/26/2013 09:40:58 pm: ... Got dataset to return in json obj
01/26/2013 09:40:58 pm: Get the dataset to return in json obj...
01/26/2013 09:40:58 pm: Get the dataset to return in json obj...
01/26/2013 09:40:58 pm: Query has run: <CALL USP_GetPayees();>.
01/26/2013 09:40:58 pm: ... Got dataset to return in json obj
01/26/2013 09:40:58 pm: Get the dataset to return in json obj...
01/26/2013 09:40:58 pm: Get the dataset to return in json obj...
01/26/2013 09:40:58 pm: Query has run: <CALL USP_GetCurrencies();>.
01/26/2013 09:40:58 pm: ... Got dataset to return in json obj
01/26/2013 09:40:58 pm: Query has run: <CALL USP_GetCategories();>.
01/26/2013 09:40:58 pm: ... Got dataset to return in json obj
01/26/2013 09:40:58 pm: Query has run: <CALL USP_GetCategories2();>.
01/26/2013 09:40:58 pm: ... Got dataset to return in json obj
01/26/2013 09:41:31 pm: Get the dataset to return in json obj...
01/26/2013 09:41:31 pm: Query has run: <CALL USP_GetCurrencies();>.
01/26/2013 09:41:31 pm: Get the dataset to return in json obj...
01/26/2013 09:41:31 pm: Get the dataset to return in json obj...
01/26/2013 09:41:31 pm: ... Got dataset to return in json obj
01/26/2013 09:41:31 pm: Query has run: <CALL USP_GetAccounts();>.
01/26/2013 09:41:31 pm: ... Got dataset to return in json obj
01/26/2013 09:41:31 pm: Get the dataset to return in json obj...
01/26/2013 09:41:31 pm: Query has run: <CALL USP_GetPayees();>.
01/26/2013 09:41:31 pm: ... Got dataset to return in json obj
01/26/2013 09:41:31 pm: Query has run: <CALL USP_GetCategories();>.
01/26/2013 09:41:31 pm: ... Got dataset to return in json obj
01/26/2013 09:41:31 pm: Get the dataset to return in json obj...
01/26/2013 09:41:31 pm: Query has run: <CALL USP_GetCategories2();>.
01/26/2013 09:41:31 pm: ... Got dataset to return in json obj
01/26/2013 09:42:16 pm: Query has run: <CALL USP_GetCategories2 ()>.
01/26/2013 09:42:22 pm: Get the dataset to return in json obj...
01/26/2013 09:42:22 pm: Query has run: <CALL USP_GetAccounts();>.
01/26/2013 09:42:22 pm: Get the dataset to return in json obj...
01/26/2013 09:42:22 pm: ... Got dataset to return in json obj
01/26/2013 09:42:22 pm: Get the dataset to return in json obj...
01/26/2013 09:42:22 pm: Query has run: <CALL USP_GetCurrencies();>.
01/26/2013 09:42:22 pm: ... Got dataset to return in json obj
01/26/2013 09:42:22 pm: Get the dataset to return in json obj...
01/26/2013 09:42:22 pm: Get the dataset to return in json obj...
01/26/2013 09:42:22 pm: Query has run: <CALL USP_GetPayees();>.
01/26/2013 09:42:22 pm: ... Got dataset to return in json obj
01/26/2013 09:42:22 pm: Query has run: <CALL USP_GetCategories2();>.
01/26/2013 09:42:22 pm: ... Got dataset to return in json obj
01/26/2013 09:42:22 pm: Query has run: <CALL USP_GetCategories();>.
01/26/2013 09:42:22 pm: ... Got dataset to return in json obj
01/26/2013 09:42:37 pm: Amount value: -900. Preg_match_all result is <1>
01/26/2013 09:42:37 pm: Currency = <1>.
01/26/2013 09:42:40 pm: Get the dataset to return in json obj...
01/26/2013 09:42:40 pm: Query has run: <CALL USP_GetAccounts();>.
01/26/2013 09:42:40 pm: ... Got dataset to return in json obj
01/26/2013 09:42:40 pm: Get the dataset to return in json obj...
01/26/2013 09:42:40 pm: Get the dataset to return in json obj...
01/26/2013 09:42:40 pm: Query has run: <CALL USP_GetPayees();>.
01/26/2013 09:42:40 pm: ... Got dataset to return in json obj
01/26/2013 09:42:40 pm: Get the dataset to return in json obj...
01/26/2013 09:42:40 pm: Query has run: <CALL USP_GetCategories2();>.
01/26/2013 09:42:40 pm: ... Got dataset to return in json obj
01/26/2013 09:42:40 pm: Get the dataset to return in json obj...
01/26/2013 09:42:40 pm: Query has run: <CALL USP_GetCategories();>.
01/26/2013 09:42:40 pm: ... Got dataset to return in json obj
01/26/2013 09:42:40 pm: Query has run: <CALL USP_GetCurrencies();>.
01/26/2013 09:42:40 pm: ... Got dataset to return in json obj
01/26/2013 09:42:49 pm: Get the dataset to return in json obj...
01/26/2013 09:42:49 pm: Get the dataset to return in json obj...
01/26/2013 09:42:49 pm: Get the dataset to return in json obj...
01/26/2013 09:42:49 pm: Get the dataset to return in json obj...
01/26/2013 09:42:49 pm: Get the dataset to return in json obj...
01/26/2013 09:42:49 pm: Query has run: <CALL USP_GetCurrencies();>.
01/26/2013 09:42:49 pm: ... Got dataset to return in json obj
01/26/2013 09:42:49 pm: Query has run: <CALL USP_GetPayees();>.
01/26/2013 09:42:49 pm: ... Got dataset to return in json obj
01/26/2013 09:42:49 pm: Query has run: <CALL USP_GetCategories();>.
01/26/2013 09:42:49 pm: ... Got dataset to return in json obj
01/26/2013 09:42:49 pm: Query has run: <CALL USP_GetAccounts();>.
01/26/2013 09:42:49 pm: ... Got dataset to return in json obj
01/26/2013 09:42:49 pm: Query has run: <CALL USP_GetCategories2();>.
01/26/2013 09:42:49 pm: ... Got dataset to return in json obj
01/26/2013 09:43:01 pm: Get the dataset to return in json obj...
01/26/2013 09:43:01 pm: Get the dataset to return in json obj...
01/26/2013 09:43:01 pm: Query has run: <CALL USP_GetAccounts();>.
01/26/2013 09:43:01 pm: ... Got dataset to return in json obj
01/26/2013 09:43:01 pm: Get the dataset to return in json obj...
01/26/2013 09:43:01 pm: Query has run: <CALL USP_GetCurrencies();>.
01/26/2013 09:43:01 pm: ... Got dataset to return in json obj
01/26/2013 09:43:01 pm: Query has run: <CALL USP_GetPayees();>.
01/26/2013 09:43:01 pm: ... Got dataset to return in json obj
01/26/2013 09:43:01 pm: Get the dataset to return in json obj...
01/26/2013 09:43:01 pm: Get the dataset to return in json obj...
01/26/2013 09:43:01 pm: Query has run: <CALL USP_GetCategories();>.
01/26/2013 09:43:01 pm: ... Got dataset to return in json obj
01/26/2013 09:43:01 pm: Query has run: <CALL USP_GetCategories2();>.
01/26/2013 09:43:01 pm: ... Got dataset to return in json obj
