05/11/2013 08:43:04 am: Get the dataset to return in json obj...
05/11/2013 08:43:04 am: Get the dataset to return in json obj...
05/11/2013 08:43:04 am: Get the dataset to return in json obj...
05/11/2013 08:43:04 am: Query has run: <CALL USP_GetPayees();>.
05/11/2013 08:43:04 am: ... Got dataset to return in json obj
05/11/2013 08:43:04 am: Get the dataset to return in json obj...
05/11/2013 08:43:04 am: Query has run: <CALL USP_GetCategories();>.
05/11/2013 08:43:04 am: ... Got dataset to return in json obj
05/11/2013 08:43:04 am: Query has run: <CALL USP_GetCurrencies();>.
05/11/2013 08:43:04 am: ... Got dataset to return in json obj
05/11/2013 08:43:04 am: Query has run: <CALL USP_GetAccounts();>.
05/11/2013 08:43:04 am: ... Got dataset to return in json obj
05/11/2013 08:43:04 am: Get the dataset to return in json obj...
05/11/2013 08:43:04 am: Query has run: <CALL USP_GetCategories2();>.
05/11/2013 08:43:04 am: ... Got dataset to return in json obj
05/11/2013 03:52:27 pm: Get the dataset to return in json obj...
05/11/2013 03:52:27 pm: Get the dataset to return in json obj...
05/11/2013 03:52:27 pm: Get the dataset to return in json obj...
05/11/2013 03:52:27 pm: Get the dataset to return in json obj...
05/11/2013 03:52:27 pm: Query has run: <CALL USP_GetPayees();>.
05/11/2013 03:52:27 pm: Query has run: <CALL USP_GetCategories();>.
05/11/2013 03:52:27 pm: ... Got dataset to return in json obj
05/11/2013 03:52:27 pm: ... Got dataset to return in json obj
05/11/2013 03:52:27 pm: Query has run: <CALL USP_GetAccounts();>.
05/11/2013 03:52:28 pm: ... Got dataset to return in json obj
05/11/2013 03:52:28 pm: Query has run: <CALL USP_GetCurrencies();>.
05/11/2013 03:52:28 pm: Get the dataset to return in json obj...
05/11/2013 03:52:28 pm: ... Got dataset to return in json obj
05/11/2013 03:52:28 pm: Query has run: <CALL USP_GetCategories2();>.
05/11/2013 03:52:28 pm: ... Got dataset to return in json obj
