06/22/2013 07:33:42 am: Get the dataset to return in json obj...
06/22/2013 07:33:42 am: Get the dataset to return in json obj...
06/22/2013 07:33:42 am: Get the dataset to return in json obj...
06/22/2013 07:33:42 am: Get the dataset to return in json obj...
06/22/2013 07:33:42 am: Query has run: <CALL USP_GetCategories2();>.
06/22/2013 07:33:42 am: Query has run: <CALL USP_GetCurrencies();>.
06/22/2013 07:33:42 am: ... Got dataset to return in json obj
06/22/2013 07:33:42 am: ... Got dataset to return in json obj
06/22/2013 07:33:42 am: Query has run: <CALL USP_GetPayees();>.
06/22/2013 07:33:42 am: ... Got dataset to return in json obj
06/22/2013 07:33:42 am: Query has run: <CALL USP_GetAccounts();>.
06/22/2013 07:33:42 am: ... Got dataset to return in json obj
06/22/2013 07:33:42 am: Get the dataset to return in json obj...
06/22/2013 07:33:42 am: Query has run: <CALL USP_GetCategories();>.
06/22/2013 07:33:42 am: ... Got dataset to return in json obj
06/22/2013 07:33:56 am: Get the dataset to return in json obj...
06/22/2013 07:33:56 am: Get the dataset to return in json obj...
06/22/2013 07:33:56 am: Get the dataset to return in json obj...
06/22/2013 07:33:56 am: Get the dataset to return in json obj...
06/22/2013 07:33:56 am: Get the dataset to return in json obj...
06/22/2013 07:33:57 am: Query has run: <CALL USP_GetCurrencies();>.
06/22/2013 07:33:57 am: ... Got dataset to return in json obj
06/22/2013 07:33:57 am: Query has run: <CALL USP_GetCategories();>.
06/22/2013 07:33:57 am: ... Got dataset to return in json obj
06/22/2013 07:33:57 am: Query has run: <CALL USP_GetAccounts();>.
06/22/2013 07:33:57 am: ... Got dataset to return in json obj
06/22/2013 07:33:57 am: Query has run: <CALL USP_GetPayees();>.
06/22/2013 07:33:57 am: ... Got dataset to return in json obj
06/22/2013 07:33:57 am: Query has run: <CALL USP_GetCategories2();>.
06/22/2013 07:33:57 am: ... Got dataset to return in json obj
06/22/2013 11:44:14 am: Get the dataset to return in json obj...
06/22/2013 11:44:14 am: Get the dataset to return in json obj...
06/22/2013 11:44:14 am: Get the dataset to return in json obj...
06/22/2013 11:44:14 am: Get the dataset to return in json obj...
06/22/2013 11:44:14 am: Get the dataset to return in json obj...
06/22/2013 11:44:14 am: Query has run: <CALL USP_GetAccounts();>.
06/22/2013 11:44:14 am: ... Got dataset to return in json obj
06/22/2013 11:44:15 am: Query has run: <CALL USP_GetCategories();>.
06/22/2013 11:44:15 am: ... Got dataset to return in json obj
06/22/2013 11:44:14 am: Query has run: <CALL USP_GetPayees();>.
06/22/2013 11:44:15 am: ... Got dataset to return in json obj
06/22/2013 11:44:15 am: Query has run: <CALL USP_GetCurrencies();>.
06/22/2013 11:44:15 am: ... Got dataset to return in json obj
06/22/2013 11:44:15 am: Query has run: <CALL USP_GetCategories2();>.
06/22/2013 11:44:15 am: ... Got dataset to return in json obj
06/22/2013 11:44:30 am: Get the dataset to return in json obj...
06/22/2013 11:44:30 am: Query has run: <CALL USP_GetCurrencies();>.
06/22/2013 11:44:30 am: ... Got dataset to return in json obj
06/22/2013 11:44:30 am: Get the dataset to return in json obj...
06/22/2013 11:44:30 am: Query has run: <CALL USP_GetAccounts();>.
06/22/2013 11:44:30 am: ... Got dataset to return in json obj
06/22/2013 11:44:30 am: Get the dataset to return in json obj...
06/22/2013 11:44:30 am: Get the dataset to return in json obj...
06/22/2013 11:44:30 am: Query has run: <CALL USP_GetPayees();>.
06/22/2013 11:44:30 am: ... Got dataset to return in json obj
06/22/2013 11:44:30 am: Query has run: <CALL USP_GetCategories();>.
06/22/2013 11:44:30 am: ... Got dataset to return in json obj
06/22/2013 11:44:30 am: Get the dataset to return in json obj...
06/22/2013 11:44:30 am: Query has run: <CALL USP_GetCategories2();>.
06/22/2013 11:44:30 am: ... Got dataset to return in json obj
06/22/2013 03:54:36 pm: Get the dataset to return in json obj...
06/22/2013 03:54:36 pm: Get the dataset to return in json obj...
06/22/2013 03:54:36 pm: Query has run: <CALL USP_GetAccounts();>.
06/22/2013 03:54:36 pm: Query has run: <CALL USP_GetCurrencies();>.
06/22/2013 03:54:36 pm: ... Got dataset to return in json obj
06/22/2013 03:54:36 pm: ... Got dataset to return in json obj
06/22/2013 03:54:37 pm: Get the dataset to return in json obj...
06/22/2013 03:54:37 pm: Query has run: <CALL USP_GetPayees();>.
06/22/2013 03:54:37 pm: ... Got dataset to return in json obj
06/22/2013 03:54:38 pm: Get the dataset to return in json obj...
06/22/2013 03:54:38 pm: Query has run: <CALL USP_GetCategories();>.
06/22/2013 03:54:38 pm: ... Got dataset to return in json obj
06/22/2013 03:54:38 pm: Get the dataset to return in json obj...
06/22/2013 03:54:38 pm: Query has run: <CALL USP_GetCategories2();>.
06/22/2013 03:54:38 pm: ... Got dataset to return in json obj
06/22/2013 03:54:49 pm: Get the dataset to return in json obj...
06/22/2013 03:54:49 pm: Get the dataset to return in json obj...
06/22/2013 03:54:49 pm: Get the dataset to return in json obj...
06/22/2013 03:54:49 pm: Query has run: <CALL USP_GetCategories2();>.
06/22/2013 03:54:49 pm: ... Got dataset to return in json obj
06/22/2013 03:54:49 pm: Get the dataset to return in json obj...
06/22/2013 03:54:49 pm: Get the dataset to return in json obj...
06/22/2013 03:54:50 pm: Query has run: <CALL USP_GetCategories();>.
06/22/2013 03:54:49 pm: Query has run: <CALL USP_GetAccounts();>.
06/22/2013 03:54:50 pm: Query has run: <CALL USP_GetCurrencies();>.
06/22/2013 03:54:50 pm: Query has run: <CALL USP_GetPayees();>.
06/22/2013 03:54:50 pm: ... Got dataset to return in json obj
06/22/2013 03:54:50 pm: ... Got dataset to return in json obj
06/22/2013 03:54:50 pm: ... Got dataset to return in json obj
06/22/2013 03:54:50 pm: ... Got dataset to return in json obj
