06/08/2013 06:52:37 am: Get the dataset to return in json obj...
06/08/2013 06:52:37 am: Get the dataset to return in json obj...
06/08/2013 06:52:37 am: Get the dataset to return in json obj...
06/08/2013 06:52:37 am: Query has run: <CALL USP_GetPayees();>.
06/08/2013 06:52:37 am: Get the dataset to return in json obj...
06/08/2013 06:52:37 am: ... Got dataset to return in json obj
06/08/2013 06:52:37 am: Query has run: <CALL USP_GetCategories();>.
06/08/2013 06:52:37 am: ... Got dataset to return in json obj
06/08/2013 06:52:37 am: Query has run: <CALL USP_GetAccounts();>.
06/08/2013 06:52:37 am: ... Got dataset to return in json obj
06/08/2013 06:52:37 am: Get the dataset to return in json obj...
06/08/2013 06:52:37 am: Query has run: <CALL USP_GetCurrencies();>.
06/08/2013 06:52:37 am: ... Got dataset to return in json obj
06/08/2013 06:52:37 am: Query has run: <CALL USP_GetCategories2();>.
06/08/2013 06:52:37 am: ... Got dataset to return in json obj
06/08/2013 06:52:48 am: Get the dataset to return in json obj...
06/08/2013 06:52:48 am: Query has run: <CALL USP_GetAccounts();>.
06/08/2013 06:52:48 am: ... Got dataset to return in json obj
06/08/2013 06:52:48 am: Get the dataset to return in json obj...
06/08/2013 06:52:48 am: Query has run: <CALL USP_GetCurrencies();>.
06/08/2013 06:52:48 am: ... Got dataset to return in json obj
06/08/2013 06:52:48 am: Get the dataset to return in json obj...
06/08/2013 06:52:48 am: Get the dataset to return in json obj...
06/08/2013 06:52:48 am: Query has run: <CALL USP_GetPayees();>.
06/08/2013 06:52:48 am: Get the dataset to return in json obj...
06/08/2013 06:52:48 am: ... Got dataset to return in json obj
06/08/2013 06:52:48 am: Query has run: <CALL USP_GetCategories2();>.
06/08/2013 06:52:48 am: ... Got dataset to return in json obj
06/08/2013 06:52:48 am: Query has run: <CALL USP_GetCategories();>.
06/08/2013 06:52:48 am: ... Got dataset to return in json obj
06/08/2013 03:21:34 pm: Get the dataset to return in json obj...
06/08/2013 03:21:34 pm: Get the dataset to return in json obj...
06/08/2013 03:21:34 pm: Get the dataset to return in json obj...
06/08/2013 03:21:34 pm: Get the dataset to return in json obj...
06/08/2013 03:21:34 pm: Get the dataset to return in json obj...
06/08/2013 03:21:34 pm: Query has run: <CALL USP_GetPayees();>.
06/08/2013 03:21:34 pm: ... Got dataset to return in json obj
06/08/2013 03:21:34 pm: Query has run: <CALL USP_GetCategories2();>.
06/08/2013 03:21:34 pm: ... Got dataset to return in json obj
06/08/2013 03:21:34 pm: Query has run: <CALL USP_GetCurrencies();>.
06/08/2013 03:21:34 pm: ... Got dataset to return in json obj
06/08/2013 03:21:34 pm: Query has run: <CALL USP_GetCategories();>.
06/08/2013 03:21:34 pm: ... Got dataset to return in json obj
06/08/2013 03:21:34 pm: Query has run: <CALL USP_GetAccounts();>.
06/08/2013 03:21:34 pm: ... Got dataset to return in json obj
06/08/2013 03:21:57 pm: Get the dataset to return in json obj...
06/08/2013 03:21:57 pm: Query has run: <CALL USP_GetAccounts();>.
06/08/2013 03:21:57 pm: ... Got dataset to return in json obj
06/08/2013 03:21:57 pm: Get the dataset to return in json obj...
06/08/2013 03:21:57 pm: Query has run: <CALL USP_GetCurrencies();>.
06/08/2013 03:21:57 pm: ... Got dataset to return in json obj
06/08/2013 03:21:57 pm: Get the dataset to return in json obj...
06/08/2013 03:21:57 pm: Query has run: <CALL USP_GetPayees();>.
06/08/2013 03:21:57 pm: ... Got dataset to return in json obj
06/08/2013 03:21:57 pm: Get the dataset to return in json obj...
06/08/2013 03:21:57 pm: Query has run: <CALL USP_GetCategories2();>.
06/08/2013 03:21:57 pm: ... Got dataset to return in json obj
06/08/2013 03:21:57 pm: Get the dataset to return in json obj...
06/08/2013 03:21:57 pm: Query has run: <CALL USP_GetCategories();>.
06/08/2013 03:21:57 pm: ... Got dataset to return in json obj
06/08/2013 05:03:39 pm: Get the dataset to return in json obj...
06/08/2013 05:03:39 pm: Query has run: <CALL USP_GetAccounts();>.
06/08/2013 05:03:39 pm: ... Got dataset to return in json obj
06/08/2013 05:03:39 pm: Get the dataset to return in json obj...
06/08/2013 05:03:39 pm: Query has run: <CALL USP_GetCurrencies();>.
06/08/2013 05:03:39 pm: ... Got dataset to return in json obj
06/08/2013 05:03:39 pm: Get the dataset to return in json obj...
06/08/2013 05:03:39 pm: Get the dataset to return in json obj...
06/08/2013 05:03:39 pm: Query has run: <CALL USP_GetCategories();>.
06/08/2013 05:03:39 pm: ... Got dataset to return in json obj
06/08/2013 05:03:39 pm: Query has run: <CALL USP_GetPayees();>.
06/08/2013 05:03:39 pm: ... Got dataset to return in json obj
06/08/2013 05:03:39 pm: Get the dataset to return in json obj...
06/08/2013 05:03:39 pm: Query has run: <CALL USP_GetCategories2();>.
06/08/2013 05:03:39 pm: ... Got dataset to return in json obj
