06/03/2013 06:15:39 pm: Get the dataset to return in json obj...
06/03/2013 06:15:39 pm: Get the dataset to return in json obj...
06/03/2013 06:15:39 pm: Get the dataset to return in json obj...
06/03/2013 06:15:39 pm: Get the dataset to return in json obj...
06/03/2013 06:15:39 pm: Query has run: <CALL USP_GetCategories2();>.
06/03/2013 06:15:39 pm: ... Got dataset to return in json obj
06/03/2013 06:15:39 pm: Query has run: <CALL USP_GetCategories();>.
06/03/2013 06:15:39 pm: Query has run: <CALL USP_GetPayees();>.
06/03/2013 06:15:39 pm: ... Got dataset to return in json obj
06/03/2013 06:15:39 pm: Query has run: <CALL USP_GetAccounts();>.
06/03/2013 06:15:39 pm: ... Got dataset to return in json obj
06/03/2013 06:15:39 pm: ... Got dataset to return in json obj
06/03/2013 06:15:39 pm: Query has run: <CALL USP_GetCurrencies();>.
06/03/2013 06:15:39 pm: ... Got dataset to return in json obj
06/03/2013 06:15:50 pm: Get the dataset to return in json obj...
06/03/2013 06:15:50 pm: Query has run: <CALL USP_GetAccounts();>.
06/03/2013 06:15:50 pm: ... Got dataset to return in json obj
06/03/2013 06:15:50 pm: Get the dataset to return in json obj...
06/03/2013 06:15:50 pm: Query has run: <CALL USP_GetCurrencies();>.
06/03/2013 06:15:50 pm: ... Got dataset to return in json obj
06/03/2013 06:15:50 pm: Get the dataset to return in json obj...
06/03/2013 06:15:50 pm: Get the dataset to return in json obj...
06/03/2013 06:15:50 pm: Query has run: <CALL USP_GetPayees();>.
06/03/2013 06:15:50 pm: ... Got dataset to return in json obj
06/03/2013 06:15:50 pm: Get the dataset to return in json obj...
06/03/2013 06:15:50 pm: Query has run: <CALL USP_GetCategories();>.
06/03/2013 06:15:50 pm: ... Got dataset to return in json obj
06/03/2013 06:15:50 pm: Query has run: <CALL USP_GetCategories2();>.
06/03/2013 06:15:50 pm: ... Got dataset to return in json obj
06/03/2013 08:40:56 pm: Get the dataset to return in json obj...
06/03/2013 08:40:56 pm: Query has run: <CALL USP_GetCurrencies();>.
06/03/2013 08:40:56 pm: ... Got dataset to return in json obj
06/03/2013 08:40:56 pm: Get the dataset to return in json obj...
06/03/2013 08:40:56 pm: Get the dataset to return in json obj...
06/03/2013 08:40:56 pm: Query has run: <CALL USP_GetAccounts();>.
06/03/2013 08:40:56 pm: ... Got dataset to return in json obj
06/03/2013 08:40:56 pm: Get the dataset to return in json obj...
06/03/2013 08:40:56 pm: Query has run: <CALL USP_GetCategories();>.
06/03/2013 08:40:56 pm: ... Got dataset to return in json obj
06/03/2013 08:40:56 pm: Get the dataset to return in json obj...
06/03/2013 08:40:56 pm: Query has run: <CALL USP_GetPayees();>.
06/03/2013 08:40:56 pm: ... Got dataset to return in json obj
06/03/2013 08:40:56 pm: Query has run: <CALL USP_GetCategories2();>.
06/03/2013 08:40:56 pm: ... Got dataset to return in json obj
06/03/2013 08:41:23 pm: Amount value: -13. Preg_match_all result is <1>
06/03/2013 08:41:23 pm: Currency = <1>.
06/03/2013 08:42:02 pm: Get the dataset to return in json obj...
06/03/2013 08:42:02 pm: Get the dataset to return in json obj...
06/03/2013 08:42:02 pm: Query has run: <CALL USP_GetAccounts();>.
06/03/2013 08:42:02 pm: ... Got dataset to return in json obj
06/03/2013 08:42:02 pm: Get the dataset to return in json obj...
06/03/2013 08:42:02 pm: Query has run: <CALL USP_GetCurrencies();>.
06/03/2013 08:42:02 pm: ... Got dataset to return in json obj
06/03/2013 08:42:02 pm: Query has run: <CALL USP_GetPayees();>.
06/03/2013 08:42:02 pm: ... Got dataset to return in json obj
06/03/2013 08:42:02 pm: Get the dataset to return in json obj...
06/03/2013 08:42:02 pm: Get the dataset to return in json obj...
06/03/2013 08:42:02 pm: Query has run: <CALL USP_GetCategories();>.
06/03/2013 08:42:02 pm: ... Got dataset to return in json obj
06/03/2013 08:42:02 pm: Query has run: <CALL USP_GetCategories2();>.
06/03/2013 08:42:02 pm: ... Got dataset to return in json obj
