06/14/2013 06:17:45 pm: Get the dataset to return in json obj...
06/14/2013 06:17:45 pm: Get the dataset to return in json obj...
06/14/2013 06:17:45 pm: Query has run: <CALL USP_GetAccounts();>.
06/14/2013 06:17:45 pm: ... Got dataset to return in json obj
06/14/2013 06:17:45 pm: Query has run: <CALL USP_GetCurrencies();>.
06/14/2013 06:17:45 pm: ... Got dataset to return in json obj
06/14/2013 06:17:45 pm: Get the dataset to return in json obj...
06/14/2013 06:17:45 pm: Query has run: <CALL USP_GetPayees();>.
06/14/2013 06:17:45 pm: ... Got dataset to return in json obj
06/14/2013 06:17:46 pm: Get the dataset to return in json obj...
06/14/2013 06:17:46 pm: Get the dataset to return in json obj...
06/14/2013 06:17:46 pm: Query has run: <CALL USP_GetCategories();>.
06/14/2013 06:17:46 pm: ... Got dataset to return in json obj
06/14/2013 06:17:46 pm: Query has run: <CALL USP_GetCategories2();>.
06/14/2013 06:17:46 pm: ... Got dataset to return in json obj
06/14/2013 06:18:02 pm: Get the dataset to return in json obj...
06/14/2013 06:18:02 pm: Query has run: <CALL USP_GetAccounts();>.
06/14/2013 06:18:02 pm: ... Got dataset to return in json obj
06/14/2013 06:18:02 pm: Get the dataset to return in json obj...
06/14/2013 06:18:02 pm: Get the dataset to return in json obj...
06/14/2013 06:18:02 pm: Get the dataset to return in json obj...
06/14/2013 06:18:02 pm: Get the dataset to return in json obj...
06/14/2013 06:18:02 pm: Query has run: <CALL USP_GetPayees();>.
06/14/2013 06:18:02 pm: ... Got dataset to return in json obj
06/14/2013 06:18:02 pm: Query has run: <CALL USP_GetCategories2();>.
06/14/2013 06:18:02 pm: Query has run: <CALL USP_GetCurrencies();>.
06/14/2013 06:18:02 pm: ... Got dataset to return in json obj
06/14/2013 06:18:02 pm: Query has run: <CALL USP_GetCategories();>.
06/14/2013 06:18:02 pm: ... Got dataset to return in json obj
06/14/2013 06:18:02 pm: ... Got dataset to return in json obj
06/14/2013 06:53:44 pm: Get the dataset to return in json obj...
06/14/2013 06:53:44 pm: Get the dataset to return in json obj...
06/14/2013 06:53:44 pm: Query has run: <CALL USP_GetAccounts();>.
06/14/2013 06:53:44 pm: ... Got dataset to return in json obj
06/14/2013 06:53:44 pm: Get the dataset to return in json obj...
06/14/2013 06:53:44 pm: Query has run: <CALL USP_GetCurrencies();>.
06/14/2013 06:53:44 pm: ... Got dataset to return in json obj
06/14/2013 06:53:44 pm: Get the dataset to return in json obj...
06/14/2013 06:53:44 pm: Query has run: <CALL USP_GetPayees();>.
06/14/2013 06:53:44 pm: ... Got dataset to return in json obj
06/14/2013 06:53:44 pm: Query has run: <CALL USP_GetCategories();>.
06/14/2013 06:53:44 pm: ... Got dataset to return in json obj
06/14/2013 06:53:44 pm: Get the dataset to return in json obj...
06/14/2013 06:53:44 pm: Query has run: <CALL USP_GetCategories2();>.
06/14/2013 06:53:44 pm: ... Got dataset to return in json obj
06/14/2013 06:54:12 pm: Amount value: -5,49. Preg_match_all result is <1>
06/14/2013 06:54:13 pm: Currency = <1>.
06/14/2013 06:54:54 pm: Amount value: -16,9. Preg_match_all result is <1>
06/14/2013 06:54:54 pm: Currency = <1>.
06/14/2013 06:54:59 pm: Amount value: -13. Preg_match_all result is <1>
06/14/2013 06:54:59 pm: Currency = <1>.
06/14/2013 06:55:19 pm: Amount value: -2,85. Preg_match_all result is <1>
06/14/2013 06:55:19 pm: Currency = <1>.
06/14/2013 06:55:28 pm: Get the dataset to return in json obj...
06/14/2013 06:55:28 pm: Get the dataset to return in json obj...
06/14/2013 06:55:28 pm: Query has run: <CALL USP_GetCurrencies();>.
06/14/2013 06:55:28 pm: ... Got dataset to return in json obj
06/14/2013 06:55:28 pm: Query has run: <CALL USP_GetAccounts();>.
06/14/2013 06:55:28 pm: ... Got dataset to return in json obj
06/14/2013 06:55:28 pm: Get the dataset to return in json obj...
06/14/2013 06:55:28 pm: Get the dataset to return in json obj...
06/14/2013 06:55:28 pm: Get the dataset to return in json obj...
06/14/2013 06:55:28 pm: Query has run: <CALL USP_GetCategories2();>.
06/14/2013 06:55:28 pm: ... Got dataset to return in json obj
06/14/2013 06:55:28 pm: Query has run: <CALL USP_GetCategories();>.
06/14/2013 06:55:28 pm: ... Got dataset to return in json obj
06/14/2013 06:55:28 pm: Query has run: <CALL USP_GetPayees();>.
06/14/2013 06:55:28 pm: ... Got dataset to return in json obj
06/14/2013 06:55:39 pm: Get the dataset to return in json obj...
06/14/2013 06:55:39 pm: Get the dataset to return in json obj...
06/14/2013 06:55:39 pm: Query has run: <CALL USP_GetCurrencies();>.
06/14/2013 06:55:39 pm: Get the dataset to return in json obj...
06/14/2013 06:55:39 pm: Get the dataset to return in json obj...
06/14/2013 06:55:39 pm: ... Got dataset to return in json obj
06/14/2013 06:55:39 pm: Get the dataset to return in json obj...
06/14/2013 06:55:39 pm: Query has run: <CALL USP_GetAccounts();>.
06/14/2013 06:55:39 pm: ... Got dataset to return in json obj
06/14/2013 06:55:39 pm: Query has run: <CALL USP_GetCategories();>.
06/14/2013 06:55:39 pm: ... Got dataset to return in json obj
06/14/2013 06:55:39 pm: Query has run: <CALL USP_GetPayees();>.
06/14/2013 06:55:39 pm: ... Got dataset to return in json obj
06/14/2013 06:55:39 pm: Query has run: <CALL USP_GetCategories2();>.
06/14/2013 06:55:39 pm: ... Got dataset to return in json obj
06/14/2013 06:55:43 pm: Get the dataset to return in json obj...
06/14/2013 06:55:43 pm: Query has run: <CALL USP_GetAccounts();>.
06/14/2013 06:55:43 pm: ... Got dataset to return in json obj
06/14/2013 06:55:43 pm: Get the dataset to return in json obj...
06/14/2013 06:55:43 pm: Query has run: <CALL USP_GetCurrencies();>.
06/14/2013 06:55:43 pm: ... Got dataset to return in json obj
06/14/2013 06:55:43 pm: Get the dataset to return in json obj...
06/14/2013 06:55:43 pm: Get the dataset to return in json obj...
06/14/2013 06:55:43 pm: Query has run: <CALL USP_GetCategories();>.
06/14/2013 06:55:43 pm: ... Got dataset to return in json obj
06/14/2013 06:55:43 pm: Query has run: <CALL USP_GetPayees();>.
06/14/2013 06:55:43 pm: ... Got dataset to return in json obj
06/14/2013 06:55:43 pm: Get the dataset to return in json obj...
06/14/2013 06:55:43 pm: Query has run: <CALL USP_GetCategories2();>.
06/14/2013 06:55:43 pm: ... Got dataset to return in json obj
