04/20/2013 08:51:26 am: Get the dataset to return in json obj...
04/20/2013 08:51:26 am: Get the dataset to return in json obj...
04/20/2013 08:51:26 am: Get the dataset to return in json obj...
04/20/2013 08:51:26 am: Get the dataset to return in json obj...
04/20/2013 08:51:26 am: Get the dataset to return in json obj...
04/20/2013 08:51:27 am: Query has run: <CALL USP_GetPayees();>.
04/20/2013 08:51:27 am: ... Got dataset to return in json obj
04/20/2013 08:51:27 am: Query has run: <CALL USP_GetCategories();>.
04/20/2013 08:51:27 am: Query has run: <CALL USP_GetCategories2();>.
04/20/2013 08:51:27 am: Query has run: <CALL USP_GetCurrencies();>.
04/20/2013 08:51:27 am: ... Got dataset to return in json obj
04/20/2013 08:51:29 am: ... Got dataset to return in json obj
04/20/2013 08:51:28 am: Query has run: <CALL USP_GetAccounts();>.
04/20/2013 08:51:28 am: ... Got dataset to return in json obj
04/20/2013 08:51:29 am: ... Got dataset to return in json obj
04/20/2013 10:44:10 pm: Get the dataset to return in json obj...
04/20/2013 10:44:10 pm: Query has run: <CALL USP_GetCategories();>.
04/20/2013 10:44:10 pm: ... Got dataset to return in json obj
04/20/2013 10:44:10 pm: Get the dataset to return in json obj...
04/20/2013 10:44:10 pm: Get the dataset to return in json obj...
04/20/2013 10:44:10 pm: Query has run: <CALL USP_GetCategories2();>.
04/20/2013 10:44:10 pm: Get the dataset to return in json obj...
04/20/2013 10:44:10 pm: Query has run: <CALL USP_GetAccounts();>.
04/20/2013 10:44:10 pm: ... Got dataset to return in json obj
04/20/2013 10:44:10 pm: ... Got dataset to return in json obj
04/20/2013 10:44:10 pm: Query has run: <CALL USP_GetPayees();>.
04/20/2013 10:44:10 pm: ... Got dataset to return in json obj
04/20/2013 10:44:10 pm: Get the dataset to return in json obj...
04/20/2013 10:44:10 pm: Query has run: <CALL USP_GetCurrencies();>.
04/20/2013 10:44:10 pm: ... Got dataset to return in json obj
