04/30/2013 06:41:08 pm: Get the dataset to return in json obj...
04/30/2013 06:41:08 pm: Get the dataset to return in json obj...
04/30/2013 06:41:08 pm: Get the dataset to return in json obj...
04/30/2013 06:41:08 pm: Get the dataset to return in json obj...
04/30/2013 06:41:08 pm: Get the dataset to return in json obj...
04/30/2013 06:41:09 pm: Query has run: <CALL USP_GetCategories2();>.
04/30/2013 06:41:09 pm: ... Got dataset to return in json obj
04/30/2013 06:41:09 pm: Query has run: <CALL USP_GetCurrencies();>.
04/30/2013 06:41:09 pm: ... Got dataset to return in json obj
04/30/2013 06:41:09 pm: Query has run: <CALL USP_GetAccounts();>.
04/30/2013 06:41:09 pm: ... Got dataset to return in json obj
04/30/2013 06:41:09 pm: Query has run: <CALL USP_GetPayees();>.
04/30/2013 06:41:09 pm: ... Got dataset to return in json obj
04/30/2013 06:41:09 pm: Query has run: <CALL USP_GetCategories();>.
04/30/2013 06:41:09 pm: ... Got dataset to return in json obj
04/30/2013 09:17:52 pm: Get the dataset to return in json obj...
04/30/2013 09:17:52 pm: Get the dataset to return in json obj...
04/30/2013 09:17:52 pm: Get the dataset to return in json obj...
04/30/2013 09:17:52 pm: Get the dataset to return in json obj...
04/30/2013 09:17:52 pm: Get the dataset to return in json obj...
04/30/2013 09:17:52 pm: Query has run: <CALL USP_GetCategories();>.
04/30/2013 09:17:52 pm: ... Got dataset to return in json obj
04/30/2013 09:17:52 pm: Query has run: <CALL USP_GetPayees();>.
04/30/2013 09:17:52 pm: Query has run: <CALL USP_GetCategories2();>.
04/30/2013 09:17:52 pm: ... Got dataset to return in json obj
04/30/2013 09:17:52 pm: ... Got dataset to return in json obj
04/30/2013 09:17:53 pm: Query has run: <CALL USP_GetCurrencies();>.
04/30/2013 09:17:53 pm: ... Got dataset to return in json obj
04/30/2013 09:17:53 pm: Query has run: <CALL USP_GetAccounts();>.
04/30/2013 09:17:53 pm: ... Got dataset to return in json obj
04/30/2013 09:21:53 pm: Get the dataset to return in json obj...
04/30/2013 09:21:53 pm: Query has run: <CALL USP_GetAccounts();>.
04/30/2013 09:21:53 pm: ... Got dataset to return in json obj
04/30/2013 09:21:53 pm: Get the dataset to return in json obj...
04/30/2013 09:21:53 pm: Get the dataset to return in json obj...
04/30/2013 09:21:53 pm: Get the dataset to return in json obj...
04/30/2013 09:21:53 pm: Get the dataset to return in json obj...
04/30/2013 09:21:53 pm: Query has run: <CALL USP_GetPayees();>.
04/30/2013 09:21:53 pm: ... Got dataset to return in json obj
04/30/2013 09:21:53 pm: Query has run: <CALL USP_GetCategories();>.
04/30/2013 09:21:53 pm: ... Got dataset to return in json obj
04/30/2013 09:21:53 pm: Query has run: <CALL USP_GetCategories2();>.
04/30/2013 09:21:53 pm: ... Got dataset to return in json obj
04/30/2013 09:21:53 pm: Query has run: <CALL USP_GetCurrencies();>.
04/30/2013 09:21:53 pm: ... Got dataset to return in json obj
04/30/2013 09:24:04 pm: Get the dataset to return in json obj...
04/30/2013 09:24:04 pm: Get the dataset to return in json obj...
04/30/2013 09:24:04 pm: Query has run: <CALL USP_GetCurrencies();>.
04/30/2013 09:24:04 pm: ... Got dataset to return in json obj
04/30/2013 09:24:04 pm: Query has run: <CALL USP_GetCategories();>.
04/30/2013 09:24:04 pm: ... Got dataset to return in json obj
04/30/2013 09:24:04 pm: Get the dataset to return in json obj...
04/30/2013 09:24:04 pm: Query has run: <CALL USP_GetPayees();>.
04/30/2013 09:24:04 pm: ... Got dataset to return in json obj
04/30/2013 09:24:04 pm: Get the dataset to return in json obj...
04/30/2013 09:24:05 pm: Query has run: <CALL USP_GetCategories2();>.
04/30/2013 09:24:05 pm: ... Got dataset to return in json obj
04/30/2013 09:24:05 pm: Get the dataset to return in json obj...
04/30/2013 09:24:05 pm: Query has run: <CALL USP_GetAccounts();>.
04/30/2013 09:24:05 pm: ... Got dataset to return in json obj
04/30/2013 09:24:08 pm: Currency = <1>.
