05/16/2013 06:12:04 pm: Get the dataset to return in json obj...
05/16/2013 06:12:04 pm: Get the dataset to return in json obj...
05/16/2013 06:12:04 pm: Get the dataset to return in json obj...
05/16/2013 06:12:04 pm: Get the dataset to return in json obj...
05/16/2013 06:12:04 pm: Get the dataset to return in json obj...
05/16/2013 06:12:04 pm: Query has run: <CALL USP_GetAccounts();>.
05/16/2013 06:12:04 pm: ... Got dataset to return in json obj
05/16/2013 06:12:04 pm: Query has run: <CALL USP_GetCurrencies();>.
05/16/2013 06:12:04 pm: ... Got dataset to return in json obj
05/16/2013 06:12:04 pm: Query has run: <CALL USP_GetCategories();>.
05/16/2013 06:12:04 pm: Query has run: <CALL USP_GetPayees();>.
05/16/2013 06:12:04 pm: ... Got dataset to return in json obj
05/16/2013 06:12:04 pm: ... Got dataset to return in json obj
05/16/2013 06:12:04 pm: Query has run: <CALL USP_GetCategories2();>.
05/16/2013 06:12:04 pm: ... Got dataset to return in json obj
05/16/2013 06:12:37 pm: Get the dataset to return in json obj...
05/16/2013 06:12:37 pm: Get the dataset to return in json obj...
05/16/2013 06:12:37 pm: Get the dataset to return in json obj...
05/16/2013 06:12:37 pm: Get the dataset to return in json obj...
05/16/2013 06:12:37 pm: Query has run: <CALL USP_GetCategories();>.
05/16/2013 06:12:37 pm: ... Got dataset to return in json obj
05/16/2013 06:12:37 pm: Get the dataset to return in json obj...
05/16/2013 06:12:37 pm: Query has run: <CALL USP_GetAccounts();>.
05/16/2013 06:12:37 pm: ... Got dataset to return in json obj
05/16/2013 06:12:37 pm: Query has run: <CALL USP_GetPayees();>.
05/16/2013 06:12:37 pm: ... Got dataset to return in json obj
05/16/2013 06:12:37 pm: Query has run: <CALL USP_GetCurrencies();>.
05/16/2013 06:12:37 pm: ... Got dataset to return in json obj
05/16/2013 06:12:37 pm: Query has run: <CALL USP_GetCategories2();>.
05/16/2013 06:12:37 pm: ... Got dataset to return in json obj
05/16/2013 06:12:37 pm: Get the dataset to return in json obj...
05/16/2013 06:12:37 pm: Query has run: <CALL USP_GetCurrencies();>.
05/16/2013 06:12:37 pm: ... Got dataset to return in json obj
05/16/2013 06:12:37 pm: Get the dataset to return in json obj...
05/16/2013 06:12:37 pm: Get the dataset to return in json obj...
05/16/2013 06:12:37 pm: Get the dataset to return in json obj...
05/16/2013 06:12:37 pm: Get the dataset to return in json obj...
05/16/2013 06:12:37 pm: Query has run: <CALL USP_GetCategories();>.
05/16/2013 06:12:37 pm: ... Got dataset to return in json obj
05/16/2013 06:12:37 pm: Query has run: <CALL USP_GetCategories2();>.
05/16/2013 06:12:37 pm: ... Got dataset to return in json obj
05/16/2013 06:12:37 pm: Query has run: <CALL USP_GetAccounts();>.
05/16/2013 06:12:37 pm: ... Got dataset to return in json obj
05/16/2013 06:12:37 pm: Query has run: <CALL USP_GetPayees();>.
05/16/2013 06:12:37 pm: ... Got dataset to return in json obj
05/16/2013 06:12:55 pm: Line 78-> Query 1 to run: <CALL USP_InsertPayee ('Food store');>.
05/16/2013 06:12:55 pm: Line 87-> Query2 to run: <CALL USP_GetPayees();>.
05/16/2013 06:12:55 pm: Start insert...
05/16/2013 06:12:55 pm: Query has run: <CALL USP_InsertPayee ('Food store');>.
05/16/2013 06:12:55 pm: Query has run: <CALL USP_GetPayees ()>.
05/16/2013 06:12:55 pm: ... End insert
05/16/2013 06:12:55 pm: Get the dataset to return in json obj...
05/16/2013 06:12:55 pm: Query has run: <CALL USP_GetPayees();>.
05/16/2013 06:12:55 pm: ... Got dataset to return in json obj
05/16/2013 06:13:02 pm: Query has run: <CALL USP_GetPayees ()>.
05/16/2013 06:13:42 pm: Amount value: -22,19. Preg_match_all result is <1>
05/16/2013 06:13:42 pm: Currency = <1>.
05/16/2013 06:14:16 pm: Amount value: -3.5. Preg_match_all result is <1>
05/16/2013 06:14:16 pm: Currency = <1>.
05/16/2013 06:16:42 pm: Amount value: -5,62. Preg_match_all result is <1>
05/16/2013 06:16:42 pm: Currency = <1>.
05/16/2013 06:19:11 pm: Get the dataset to return in json obj...
05/16/2013 06:19:11 pm: Get the dataset to return in json obj...
05/16/2013 06:19:11 pm: Get the dataset to return in json obj...
05/16/2013 06:19:11 pm: Get the dataset to return in json obj...
05/16/2013 06:19:11 pm: Query has run: <CALL USP_GetPayees();>.
05/16/2013 06:19:11 pm: ... Got dataset to return in json obj
05/16/2013 06:19:11 pm: Query has run: <CALL USP_GetCategories();>.
05/16/2013 06:19:11 pm: ... Got dataset to return in json obj
05/16/2013 06:19:11 pm: Query has run: <CALL USP_GetCurrencies();>.
05/16/2013 06:19:11 pm: ... Got dataset to return in json obj
05/16/2013 06:19:11 pm: Get the dataset to return in json obj...
05/16/2013 06:19:11 pm: Query has run: <CALL USP_GetAccounts();>.
05/16/2013 06:19:11 pm: ... Got dataset to return in json obj
05/16/2013 06:19:11 pm: Query has run: <CALL USP_GetCategories2();>.
05/16/2013 06:19:11 pm: ... Got dataset to return in json obj
05/16/2013 06:19:26 pm: Get the dataset to return in json obj...
05/16/2013 06:19:26 pm: Get the dataset to return in json obj...
05/16/2013 06:19:26 pm: Get the dataset to return in json obj...
05/16/2013 06:19:26 pm: Query has run: <CALL USP_GetCategories2();>.
05/16/2013 06:19:26 pm: ... Got dataset to return in json obj
05/16/2013 06:19:26 pm: Get the dataset to return in json obj...
05/16/2013 06:19:26 pm: Query has run: <CALL USP_GetPayees();>.
05/16/2013 06:19:26 pm: Get the dataset to return in json obj...
05/16/2013 06:19:26 pm: Query has run: <CALL USP_GetCurrencies();>.
05/16/2013 06:19:26 pm: ... Got dataset to return in json obj
05/16/2013 06:19:26 pm: Query has run: <CALL USP_GetCategories();>.
05/16/2013 06:19:26 pm: ... Got dataset to return in json obj
05/16/2013 06:19:26 pm: ... Got dataset to return in json obj
05/16/2013 06:19:26 pm: Query has run: <CALL USP_GetAccounts();>.
05/16/2013 06:19:26 pm: ... Got dataset to return in json obj
05/16/2013 06:19:50 pm: Amount value: -400. Preg_match_all result is <1>
05/16/2013 06:19:50 pm: Currency = <1>.
05/16/2013 06:19:53 pm: Get the dataset to return in json obj...
05/16/2013 06:19:53 pm: Get the dataset to return in json obj...
05/16/2013 06:19:53 pm: Query has run: <CALL USP_GetCurrencies();>.
05/16/2013 06:19:53 pm: ... Got dataset to return in json obj
05/16/2013 06:19:53 pm: Get the dataset to return in json obj...
05/16/2013 06:19:53 pm: Get the dataset to return in json obj...
05/16/2013 06:19:53 pm: Get the dataset to return in json obj...
05/16/2013 06:19:53 pm: Query has run: <CALL USP_GetAccounts();>.
05/16/2013 06:19:53 pm: ... Got dataset to return in json obj
05/16/2013 06:19:53 pm: Query has run: <CALL USP_GetCategories();>.
05/16/2013 06:19:53 pm: Query has run: <CALL USP_GetCategories2();>.
05/16/2013 06:19:53 pm: ... Got dataset to return in json obj
05/16/2013 06:19:53 pm: ... Got dataset to return in json obj
05/16/2013 06:19:53 pm: Query has run: <CALL USP_GetPayees();>.
05/16/2013 06:19:53 pm: ... Got dataset to return in json obj
05/16/2013 06:19:59 pm: Get the dataset to return in json obj...
05/16/2013 06:19:59 pm: Get the dataset to return in json obj...
05/16/2013 06:19:59 pm: Get the dataset to return in json obj...
05/16/2013 06:19:59 pm: Get the dataset to return in json obj...
05/16/2013 06:19:59 pm: Get the dataset to return in json obj...
05/16/2013 06:19:59 pm: Query has run: <CALL USP_GetAccounts();>.
05/16/2013 06:19:59 pm: ... Got dataset to return in json obj
05/16/2013 06:19:59 pm: Query has run: <CALL USP_GetCategories2();>.
05/16/2013 06:19:59 pm: ... Got dataset to return in json obj
05/16/2013 06:19:59 pm: Query has run: <CALL USP_GetCategories();>.
05/16/2013 06:19:59 pm: ... Got dataset to return in json obj
05/16/2013 06:19:59 pm: Query has run: <CALL USP_GetCurrencies();>.
05/16/2013 06:19:59 pm: ... Got dataset to return in json obj
05/16/2013 06:19:59 pm: Query has run: <CALL USP_GetPayees();>.
05/16/2013 06:19:59 pm: ... Got dataset to return in json obj
05/16/2013 06:20:08 pm: Get the dataset to return in json obj...
05/16/2013 06:20:08 pm: Get the dataset to return in json obj...
05/16/2013 06:20:08 pm: Get the dataset to return in json obj...
05/16/2013 06:20:08 pm: Get the dataset to return in json obj...
05/16/2013 06:20:08 pm: Query has run: <CALL USP_GetCurrencies();>.
05/16/2013 06:20:08 pm: ... Got dataset to return in json obj
05/16/2013 06:20:08 pm: Query has run: <CALL USP_GetCategories();>.
05/16/2013 06:20:08 pm: ... Got dataset to return in json obj
05/16/2013 06:20:08 pm: Query has run: <CALL USP_GetAccounts();>.
05/16/2013 06:20:08 pm: ... Got dataset to return in json obj
05/16/2013 06:20:08 pm: Get the dataset to return in json obj...
05/16/2013 06:20:08 pm: Query has run: <CALL USP_GetPayees();>.
05/16/2013 06:20:08 pm: ... Got dataset to return in json obj
05/16/2013 06:20:08 pm: Query has run: <CALL USP_GetCategories2();>.
05/16/2013 06:20:08 pm: ... Got dataset to return in json obj
05/16/2013 08:35:41 pm: Get the dataset to return in json obj...
05/16/2013 08:35:41 pm: Get the dataset to return in json obj...
05/16/2013 08:35:41 pm: Get the dataset to return in json obj...
05/16/2013 08:35:41 pm: Get the dataset to return in json obj...
05/16/2013 08:35:41 pm: Query has run: <CALL USP_GetCurrencies();>.
05/16/2013 08:35:41 pm: ... Got dataset to return in json obj
05/16/2013 08:35:41 pm: Query has run: <CALL USP_GetPayees();>.
05/16/2013 08:35:41 pm: ... Got dataset to return in json obj
05/16/2013 08:35:41 pm: Get the dataset to return in json obj...
05/16/2013 08:35:41 pm: Query has run: <CALL USP_GetCategories();>.
05/16/2013 08:35:41 pm: ... Got dataset to return in json obj
05/16/2013 08:35:41 pm: Query has run: <CALL USP_GetAccounts();>.
05/16/2013 08:35:41 pm: ... Got dataset to return in json obj
05/16/2013 08:35:41 pm: Query has run: <CALL USP_GetCategories2();>.
05/16/2013 08:35:41 pm: ... Got dataset to return in json obj
05/16/2013 08:37:16 pm: Get the dataset to return in json obj...
05/16/2013 08:37:16 pm: Query has run: <CALL USP_GetAccounts();>.
05/16/2013 08:37:16 pm: ... Got dataset to return in json obj
05/16/2013 08:37:16 pm: Get the dataset to return in json obj...
05/16/2013 08:37:16 pm: Get the dataset to return in json obj...
05/16/2013 08:37:16 pm: Get the dataset to return in json obj...
05/16/2013 08:37:16 pm: Query has run: <CALL USP_GetCategories();>.
05/16/2013 08:37:16 pm: ... Got dataset to return in json obj
05/16/2013 08:37:16 pm: Query has run: <CALL USP_GetPayees();>.
05/16/2013 08:37:16 pm: ... Got dataset to return in json obj
05/16/2013 08:37:16 pm: Query has run: <CALL USP_GetCurrencies();>.
05/16/2013 08:37:16 pm: ... Got dataset to return in json obj
05/16/2013 08:37:16 pm: Get the dataset to return in json obj...
05/16/2013 08:37:17 pm: Query has run: <CALL USP_GetCategories2();>.
05/16/2013 08:37:17 pm: ... Got dataset to return in json obj
05/16/2013 08:38:05 pm: Amount value: -6.5. Preg_match_all result is <1>
05/16/2013 08:38:05 pm: Currency = <1>.
