06/07/2013 07:04:21 pm: Get the dataset to return in json obj...
06/07/2013 07:04:21 pm: Get the dataset to return in json obj...
06/07/2013 07:04:21 pm: Get the dataset to return in json obj...
06/07/2013 07:04:21 pm: Get the dataset to return in json obj...
06/07/2013 07:04:21 pm: Get the dataset to return in json obj...
06/07/2013 07:04:21 pm: Query has run: <CALL USP_GetPayees();>.
06/07/2013 07:04:21 pm: Query has run: <CALL USP_GetCategories();>.
06/07/2013 07:04:21 pm: ... Got dataset to return in json obj
06/07/2013 07:04:21 pm: ... Got dataset to return in json obj
06/07/2013 07:04:21 pm: Query has run: <CALL USP_GetCurrencies();>.
06/07/2013 07:04:21 pm: ... Got dataset to return in json obj
06/07/2013 07:04:21 pm: Query has run: <CALL USP_GetCategories2();>.
06/07/2013 07:04:21 pm: ... Got dataset to return in json obj
06/07/2013 07:04:21 pm: Query has run: <CALL USP_GetAccounts();>.
06/07/2013 07:04:21 pm: ... Got dataset to return in json obj
06/07/2013 07:04:29 pm: Get the dataset to return in json obj...
06/07/2013 07:04:29 pm: Query has run: <CALL USP_GetAccounts();>.
06/07/2013 07:04:29 pm: ... Got dataset to return in json obj
06/07/2013 07:04:29 pm: Get the dataset to return in json obj...
06/07/2013 07:04:29 pm: Query has run: <CALL USP_GetCurrencies();>.
06/07/2013 07:04:29 pm: ... Got dataset to return in json obj
06/07/2013 07:04:29 pm: Get the dataset to return in json obj...
06/07/2013 07:04:29 pm: Get the dataset to return in json obj...
06/07/2013 07:04:29 pm: Query has run: <CALL USP_GetCategories();>.
06/07/2013 07:04:29 pm: ... Got dataset to return in json obj
06/07/2013 07:04:29 pm: Query has run: <CALL USP_GetPayees();>.
06/07/2013 07:04:29 pm: ... Got dataset to return in json obj
06/07/2013 07:04:29 pm: Get the dataset to return in json obj...
06/07/2013 07:04:29 pm: Query has run: <CALL USP_GetCategories2();>.
06/07/2013 07:04:29 pm: ... Got dataset to return in json obj
06/07/2013 07:12:38 pm: Get the dataset to return in json obj...
06/07/2013 07:12:38 pm: Get the dataset to return in json obj...
06/07/2013 07:12:38 pm: Get the dataset to return in json obj...
06/07/2013 07:12:38 pm: Get the dataset to return in json obj...
06/07/2013 07:12:38 pm: Get the dataset to return in json obj...
06/07/2013 07:12:38 pm: Query has run: <CALL USP_GetCurrencies();>.
06/07/2013 07:12:38 pm: ... Got dataset to return in json obj
06/07/2013 07:12:38 pm: Query has run: <CALL USP_GetCategories();>.
06/07/2013 07:12:38 pm: ... Got dataset to return in json obj
06/07/2013 07:12:38 pm: Query has run: <CALL USP_GetAccounts();>.
06/07/2013 07:12:38 pm: ... Got dataset to return in json obj
06/07/2013 07:12:38 pm: Query has run: <CALL USP_GetPayees();>.
06/07/2013 07:12:38 pm: ... Got dataset to return in json obj
06/07/2013 07:12:38 pm: Query has run: <CALL USP_GetCategories2();>.
06/07/2013 07:12:38 pm: ... Got dataset to return in json obj
06/07/2013 07:12:57 pm: Amount value: -12,53. Preg_match_all result is <1>
06/07/2013 07:12:58 pm: Currency = <1>.
06/07/2013 07:13:07 pm: Amount value: -16,56. Preg_match_all result is <1>
06/07/2013 07:13:07 pm: Currency = <1>.
06/07/2013 07:13:13 pm: Get the dataset to return in json obj...
06/07/2013 07:13:13 pm: Query has run: <CALL USP_GetAccounts();>.
06/07/2013 07:13:13 pm: ... Got dataset to return in json obj
06/07/2013 07:13:13 pm: Get the dataset to return in json obj...
06/07/2013 07:13:13 pm: Get the dataset to return in json obj...
06/07/2013 07:13:13 pm: Get the dataset to return in json obj...
06/07/2013 07:13:13 pm: Get the dataset to return in json obj...
06/07/2013 07:13:13 pm: Query has run: <CALL USP_GetCurrencies();>.
06/07/2013 07:13:13 pm: ... Got dataset to return in json obj
06/07/2013 07:13:13 pm: Query has run: <CALL USP_GetCategories();>.
06/07/2013 07:13:13 pm: ... Got dataset to return in json obj
06/07/2013 07:13:13 pm: Query has run: <CALL USP_GetPayees();>.
06/07/2013 07:13:13 pm: ... Got dataset to return in json obj
06/07/2013 07:13:13 pm: Query has run: <CALL USP_GetCategories2();>.
06/07/2013 07:13:13 pm: ... Got dataset to return in json obj
