06/11/2013 06:38:43 pm: Get the dataset to return in json obj...
06/11/2013 06:38:43 pm: Get the dataset to return in json obj...
06/11/2013 06:38:43 pm: Get the dataset to return in json obj...
06/11/2013 06:38:43 pm: Get the dataset to return in json obj...
06/11/2013 06:38:44 pm: Query has run: <CALL USP_GetCurrencies();>.
06/11/2013 06:38:44 pm: ... Got dataset to return in json obj
06/11/2013 06:38:44 pm: Query has run: <CALL USP_GetPayees();>.
06/11/2013 06:38:44 pm: ... Got dataset to return in json obj
06/11/2013 06:38:44 pm: Query has run: <CALL USP_GetAccounts();>.
06/11/2013 06:38:44 pm: ... Got dataset to return in json obj
06/11/2013 06:38:44 pm: Query has run: <CALL USP_GetCategories();>.
06/11/2013 06:38:44 pm: ... Got dataset to return in json obj
06/11/2013 06:38:44 pm: Get the dataset to return in json obj...
06/11/2013 06:38:44 pm: Query has run: <CALL USP_GetAccounts();>.
06/11/2013 06:38:44 pm: ... Got dataset to return in json obj
06/11/2013 06:38:44 pm: Get the dataset to return in json obj...
06/11/2013 06:38:44 pm: Get the dataset to return in json obj...
06/11/2013 06:38:44 pm: Get the dataset to return in json obj...
06/11/2013 06:38:44 pm: Get the dataset to return in json obj...
06/11/2013 06:38:44 pm: Query has run: <CALL USP_GetPayees();>.
06/11/2013 06:38:44 pm: ... Got dataset to return in json obj
06/11/2013 06:38:44 pm: Query has run: <CALL USP_GetCategories();>.
06/11/2013 06:38:44 pm: ... Got dataset to return in json obj
06/11/2013 06:38:44 pm: Query has run: <CALL USP_GetCurrencies();>.
06/11/2013 06:38:44 pm: ... Got dataset to return in json obj
06/11/2013 06:38:44 pm: Query has run: <CALL USP_GetCategories2();>.
06/11/2013 06:38:44 pm: ... Got dataset to return in json obj
06/11/2013 06:38:44 pm: Get the dataset to return in json obj...
06/11/2013 06:38:44 pm: Query has run: <CALL USP_GetCategories2();>.
06/11/2013 06:38:44 pm: ... Got dataset to return in json obj
06/11/2013 07:47:23 pm: Get the dataset to return in json obj...
06/11/2013 07:47:23 pm: Query has run: <CALL USP_GetAccounts();>.
06/11/2013 07:47:23 pm: ... Got dataset to return in json obj
06/11/2013 07:47:23 pm: Get the dataset to return in json obj...
06/11/2013 07:47:23 pm: Get the dataset to return in json obj...
06/11/2013 07:47:23 pm: Get the dataset to return in json obj...
06/11/2013 07:47:23 pm: Query has run: <CALL USP_GetCurrencies();>.
06/11/2013 07:47:23 pm: ... Got dataset to return in json obj
06/11/2013 07:47:23 pm: Get the dataset to return in json obj...
06/11/2013 07:47:23 pm: Query has run: <CALL USP_GetCategories();>.
06/11/2013 07:47:23 pm: ... Got dataset to return in json obj
06/11/2013 07:47:23 pm: Query has run: <CALL USP_GetPayees();>.
06/11/2013 07:47:23 pm: ... Got dataset to return in json obj
06/11/2013 07:47:23 pm: Query has run: <CALL USP_GetCategories2();>.
06/11/2013 07:47:23 pm: ... Got dataset to return in json obj
06/11/2013 07:47:27 pm: Get the dataset to return in json obj...
06/11/2013 07:47:27 pm: Get the dataset to return in json obj...
06/11/2013 07:47:27 pm: Get the dataset to return in json obj...
06/11/2013 07:47:27 pm: Get the dataset to return in json obj...
06/11/2013 07:47:27 pm: Get the dataset to return in json obj...
06/11/2013 07:47:27 pm: Query has run: <CALL USP_GetCurrencies();>.
06/11/2013 07:47:27 pm: ... Got dataset to return in json obj
06/11/2013 07:47:27 pm: Query has run: <CALL USP_GetAccounts();>.
06/11/2013 07:47:27 pm: ... Got dataset to return in json obj
06/11/2013 07:47:27 pm: Query has run: <CALL USP_GetPayees();>.
06/11/2013 07:47:27 pm: ... Got dataset to return in json obj
06/11/2013 07:47:27 pm: Query has run: <CALL USP_GetCategories2();>.
06/11/2013 07:47:27 pm: ... Got dataset to return in json obj
06/11/2013 07:47:27 pm: Query has run: <CALL USP_GetCategories();>.
06/11/2013 07:47:27 pm: ... Got dataset to return in json obj
06/11/2013 07:47:30 pm: Currency = <1>.
06/11/2013 07:47:35 pm: Get the dataset to return in json obj...
06/11/2013 07:47:35 pm: Get the dataset to return in json obj...
06/11/2013 07:47:35 pm: Get the dataset to return in json obj...
06/11/2013 07:47:35 pm: Get the dataset to return in json obj...
06/11/2013 07:47:35 pm: Query has run: <CALL USP_GetCurrencies();>.
06/11/2013 07:47:35 pm: ... Got dataset to return in json obj
06/11/2013 07:47:35 pm: Get the dataset to return in json obj...
06/11/2013 07:47:35 pm: Query has run: <CALL USP_GetCategories();>.
06/11/2013 07:47:35 pm: ... Got dataset to return in json obj
06/11/2013 07:47:35 pm: Query has run: <CALL USP_GetAccounts();>.
06/11/2013 07:47:35 pm: ... Got dataset to return in json obj
06/11/2013 07:47:35 pm: Query has run: <CALL USP_GetPayees();>.
06/11/2013 07:47:35 pm: ... Got dataset to return in json obj
06/11/2013 07:47:35 pm: Query has run: <CALL USP_GetCategories2();>.
06/11/2013 07:47:35 pm: ... Got dataset to return in json obj
06/11/2013 07:49:55 pm: Get the dataset to return in json obj...
06/11/2013 07:49:55 pm: Get the dataset to return in json obj...
06/11/2013 07:49:55 pm: Query has run: <CALL USP_GetAccounts();>.
06/11/2013 07:49:55 pm: ... Got dataset to return in json obj
06/11/2013 07:49:55 pm: Get the dataset to return in json obj...
06/11/2013 07:49:55 pm: Get the dataset to return in json obj...
06/11/2013 07:49:55 pm: Get the dataset to return in json obj...
06/11/2013 07:49:55 pm: Query has run: <CALL USP_GetCategories2();>.
06/11/2013 07:49:55 pm: ... Got dataset to return in json obj
06/11/2013 07:49:55 pm: Query has run: <CALL USP_GetCurrencies();>.
06/11/2013 07:49:55 pm: ... Got dataset to return in json obj
06/11/2013 07:49:55 pm: Query has run: <CALL USP_GetCategories();>.
06/11/2013 07:49:55 pm: ... Got dataset to return in json obj
06/11/2013 07:49:55 pm: Query has run: <CALL USP_GetPayees();>.
06/11/2013 07:49:55 pm: ... Got dataset to return in json obj
06/11/2013 07:49:56 pm: Currency = <1>.
06/11/2013 07:49:59 pm: Get the dataset to return in json obj...
06/11/2013 07:49:59 pm: Get the dataset to return in json obj...
06/11/2013 07:49:59 pm: Query has run: <CALL USP_GetCategories();>.
06/11/2013 07:49:59 pm: ... Got dataset to return in json obj
06/11/2013 07:49:59 pm: Query has run: <CALL USP_GetCategories2();>.
06/11/2013 07:49:59 pm: ... Got dataset to return in json obj
06/11/2013 07:49:59 pm: Get the dataset to return in json obj...
06/11/2013 07:49:59 pm: Get the dataset to return in json obj...
06/11/2013 07:49:59 pm: Get the dataset to return in json obj...
06/11/2013 07:49:59 pm: Query has run: <CALL USP_GetAccounts();>.
06/11/2013 07:49:59 pm: ... Got dataset to return in json obj
06/11/2013 07:49:59 pm: Query has run: <CALL USP_GetCurrencies();>.
06/11/2013 07:49:59 pm: ... Got dataset to return in json obj
06/11/2013 07:49:59 pm: Query has run: <CALL USP_GetPayees();>.
06/11/2013 07:49:59 pm: ... Got dataset to return in json obj
