06/06/2013 06:39:06 pm: Get the dataset to return in json obj...
06/06/2013 06:39:06 pm: Get the dataset to return in json obj...
06/06/2013 06:39:06 pm: Get the dataset to return in json obj...
06/06/2013 06:39:06 pm: Get the dataset to return in json obj...
06/06/2013 06:39:06 pm: Query has run: <CALL USP_GetPayees();>.
06/06/2013 06:39:06 pm: ... Got dataset to return in json obj
06/06/2013 06:39:06 pm: Query has run: <CALL USP_GetCurrencies();>.
06/06/2013 06:39:06 pm: ... Got dataset to return in json obj
06/06/2013 06:39:06 pm: Query has run: <CALL USP_GetCategories();>.
06/06/2013 06:39:06 pm: ... Got dataset to return in json obj
06/06/2013 06:39:06 pm: Query has run: <CALL USP_GetAccounts();>.
06/06/2013 06:39:06 pm: ... Got dataset to return in json obj
06/06/2013 06:39:06 pm: Get the dataset to return in json obj...
06/06/2013 06:39:06 pm: Query has run: <CALL USP_GetCategories2();>.
06/06/2013 06:39:06 pm: ... Got dataset to return in json obj
06/06/2013 06:39:21 pm: Get the dataset to return in json obj...
06/06/2013 06:39:21 pm: Query has run: <CALL USP_GetAccounts();>.
06/06/2013 06:39:21 pm: ... Got dataset to return in json obj
06/06/2013 06:39:21 pm: Get the dataset to return in json obj...
06/06/2013 06:39:21 pm: Query has run: <CALL USP_GetCurrencies();>.
06/06/2013 06:39:21 pm: ... Got dataset to return in json obj
06/06/2013 06:39:21 pm: Get the dataset to return in json obj...
06/06/2013 06:39:21 pm: Query has run: <CALL USP_GetPayees();>.
06/06/2013 06:39:21 pm: ... Got dataset to return in json obj
06/06/2013 06:39:21 pm: Get the dataset to return in json obj...
06/06/2013 06:39:21 pm: Get the dataset to return in json obj...
06/06/2013 06:39:21 pm: Query has run: <CALL USP_GetCategories();>.
06/06/2013 06:39:21 pm: ... Got dataset to return in json obj
06/06/2013 06:39:21 pm: Query has run: <CALL USP_GetCategories2();>.
06/06/2013 06:39:21 pm: ... Got dataset to return in json obj
06/06/2013 07:29:02 pm: Get the dataset to return in json obj...
06/06/2013 07:29:02 pm: Get the dataset to return in json obj...
06/06/2013 07:29:02 pm: Query has run: <CALL USP_GetAccounts();>.
06/06/2013 07:29:02 pm: ... Got dataset to return in json obj
06/06/2013 07:29:02 pm: Query has run: <CALL USP_GetCurrencies();>.
06/06/2013 07:29:02 pm: ... Got dataset to return in json obj
06/06/2013 07:29:02 pm: Get the dataset to return in json obj...
06/06/2013 07:29:02 pm: Query has run: <CALL USP_GetPayees();>.
06/06/2013 07:29:02 pm: ... Got dataset to return in json obj
06/06/2013 07:29:02 pm: Get the dataset to return in json obj...
06/06/2013 07:29:02 pm: Query has run: <CALL USP_GetCategories();>.
06/06/2013 07:29:02 pm: ... Got dataset to return in json obj
06/06/2013 07:29:02 pm: Get the dataset to return in json obj...
06/06/2013 07:29:02 pm: Query has run: <CALL USP_GetCategories2();>.
06/06/2013 07:29:02 pm: ... Got dataset to return in json obj
06/06/2013 07:29:25 pm: Amount value: -,42. Preg_match_all result is <1>
06/06/2013 07:29:25 pm: Currency = <1>.
06/06/2013 07:29:32 pm: Get the dataset to return in json obj...
06/06/2013 07:29:32 pm: Get the dataset to return in json obj...
06/06/2013 07:29:32 pm: Get the dataset to return in json obj...
06/06/2013 07:29:32 pm: Get the dataset to return in json obj...
06/06/2013 07:29:32 pm: Query has run: <CALL USP_GetPayees();>.
06/06/2013 07:29:32 pm: ... Got dataset to return in json obj
06/06/2013 07:29:32 pm: Get the dataset to return in json obj...
06/06/2013 07:29:32 pm: Query has run: <CALL USP_GetAccounts();>.
06/06/2013 07:29:32 pm: ... Got dataset to return in json obj
06/06/2013 07:29:32 pm: Query has run: <CALL USP_GetCurrencies();>.
06/06/2013 07:29:32 pm: ... Got dataset to return in json obj
06/06/2013 07:29:32 pm: Query has run: <CALL USP_GetCategories2();>.
06/06/2013 07:29:32 pm: ... Got dataset to return in json obj
06/06/2013 07:29:32 pm: Query has run: <CALL USP_GetCategories();>.
06/06/2013 07:29:32 pm: ... Got dataset to return in json obj
