01/22/2013 08:26:46 am: Get the dataset to return in json obj...
01/22/2013 08:26:46 am: Get the dataset to return in json obj...
01/22/2013 08:26:46 am: Query has run: <CALL USP_GetPayees();>.
01/22/2013 08:26:46 am: ... Got dataset to return in json obj
01/22/2013 08:26:46 am: Get the dataset to return in json obj...
01/22/2013 08:26:46 am: Get the dataset to return in json obj...
01/22/2013 08:26:46 am: Get the dataset to return in json obj...
01/22/2013 08:26:46 am: Query has run: <CALL USP_GetCategories();>.
01/22/2013 08:26:46 am: ... Got dataset to return in json obj
01/22/2013 08:26:46 am: Query has run: <CALL USP_GetCategories2();>.
01/22/2013 08:26:46 am: ... Got dataset to return in json obj
01/22/2013 08:26:46 am: Query has run: <CALL USP_GetAccounts();>.
01/22/2013 08:26:46 am: ... Got dataset to return in json obj
01/22/2013 08:26:46 am: Query has run: <CALL USP_GetCurrencies();>.
01/22/2013 08:26:46 am: ... Got dataset to return in json obj
01/22/2013 08:26:58 am: Get the dataset to return in json obj...
01/22/2013 08:26:58 am: Query has run: <CALL USP_GetAccounts();>.
01/22/2013 08:26:58 am: ... Got dataset to return in json obj
01/22/2013 08:26:58 am: Get the dataset to return in json obj...
01/22/2013 08:26:58 am: Get the dataset to return in json obj...
01/22/2013 08:26:58 am: Query has run: <CALL USP_GetCategories2();>.
01/22/2013 08:26:58 am: ... Got dataset to return in json obj
01/22/2013 08:26:58 am: Get the dataset to return in json obj...
01/22/2013 08:26:58 am: Query has run: <CALL USP_GetCurrencies();>.
01/22/2013 08:26:58 am: ... Got dataset to return in json obj
01/22/2013 08:26:58 am: Get the dataset to return in json obj...
01/22/2013 08:26:58 am: Query has run: <CALL USP_GetPayees();>.
01/22/2013 08:26:58 am: ... Got dataset to return in json obj
01/22/2013 08:26:58 am: Query has run: <CALL USP_GetCategories();>.
01/22/2013 08:26:58 am: ... Got dataset to return in json obj
01/22/2013 08:27:35 am: Amount value: -11,1. Preg_match_all result is <1>
01/22/2013 08:27:35 am: Currency = <1>.
01/22/2013 08:33:45 am: Amount value: -7,75. Preg_match_all result is <1>
01/22/2013 08:33:45 am: Currency = <1>.
01/22/2013 08:40:17 am: Get the dataset to return in json obj...
01/22/2013 08:40:17 am: Get the dataset to return in json obj...
01/22/2013 08:40:17 am: Get the dataset to return in json obj...
01/22/2013 08:40:17 am: Query has run: <CALL USP_GetAccounts();>.
01/22/2013 08:40:17 am: ... Got dataset to return in json obj
01/22/2013 08:40:17 am: Query has run: <CALL USP_GetPayees();>.
01/22/2013 08:40:17 am: ... Got dataset to return in json obj
01/22/2013 08:40:17 am: Query has run: <CALL USP_GetCurrencies();>.
01/22/2013 08:40:17 am: ... Got dataset to return in json obj
01/22/2013 08:40:17 am: Get the dataset to return in json obj...
01/22/2013 08:40:17 am: Get the dataset to return in json obj...
01/22/2013 08:40:17 am: Query has run: <CALL USP_GetCategories();>.
01/22/2013 08:40:17 am: ... Got dataset to return in json obj
01/22/2013 08:40:17 am: Query has run: <CALL USP_GetCategories2();>.
01/22/2013 08:40:17 am: ... Got dataset to return in json obj
01/22/2013 02:01:00 pm: Get the dataset to return in json obj...
01/22/2013 02:01:00 pm: Query has run: <CALL USP_GetAccounts();>.
01/22/2013 02:01:00 pm: ... Got dataset to return in json obj
01/22/2013 02:01:00 pm: Get the dataset to return in json obj...
01/22/2013 02:01:00 pm: Query has run: <CALL USP_GetCurrencies();>.
01/22/2013 02:01:00 pm: Get the dataset to return in json obj...
01/22/2013 02:01:00 pm: ... Got dataset to return in json obj
01/22/2013 02:01:00 pm: Get the dataset to return in json obj...
01/22/2013 02:01:00 pm: Query has run: <CALL USP_GetPayees();>.
01/22/2013 02:01:00 pm: ... Got dataset to return in json obj
01/22/2013 02:01:00 pm: Query has run: <CALL USP_GetCategories();>.
01/22/2013 02:01:00 pm: ... Got dataset to return in json obj
01/22/2013 02:01:00 pm: Get the dataset to return in json obj...
01/22/2013 02:01:00 pm: Query has run: <CALL USP_GetCategories2();>.
01/22/2013 02:01:00 pm: ... Got dataset to return in json obj
01/22/2013 02:01:14 pm: Get the dataset to return in json obj...
01/22/2013 02:01:14 pm: Get the dataset to return in json obj...
01/22/2013 02:01:14 pm: Get the dataset to return in json obj...
01/22/2013 02:01:14 pm: Query has run: <CALL USP_GetCategories();>.
01/22/2013 02:01:14 pm: ... Got dataset to return in json obj
01/22/2013 02:01:14 pm: Get the dataset to return in json obj...
01/22/2013 02:01:14 pm: Get the dataset to return in json obj...
01/22/2013 02:01:14 pm: Query has run: <CALL USP_GetCurrencies();>.
01/22/2013 02:01:14 pm: ... Got dataset to return in json obj
01/22/2013 02:01:14 pm: Query has run: <CALL USP_GetPayees();>.
01/22/2013 02:01:14 pm: Query has run: <CALL USP_GetAccounts();>.
01/22/2013 02:01:14 pm: ... Got dataset to return in json obj
01/22/2013 02:01:14 pm: ... Got dataset to return in json obj
01/22/2013 02:01:14 pm: Query has run: <CALL USP_GetCategories2();>.
01/22/2013 02:01:14 pm: ... Got dataset to return in json obj
01/22/2013 02:01:47 pm: Get the dataset to return in json obj...
01/22/2013 02:01:47 pm: Get the dataset to return in json obj...
01/22/2013 02:01:47 pm: Get the dataset to return in json obj...
01/22/2013 02:01:47 pm: Query has run: <CALL USP_GetCurrencies();>.
01/22/2013 02:01:47 pm: ... Got dataset to return in json obj
01/22/2013 02:01:47 pm: Query has run: <CALL USP_GetPayees();>.
01/22/2013 02:01:47 pm: ... Got dataset to return in json obj
01/22/2013 02:01:47 pm: Query has run: <CALL USP_GetAccounts();>.
01/22/2013 02:01:47 pm: ... Got dataset to return in json obj
01/22/2013 02:01:47 pm: Get the dataset to return in json obj...
01/22/2013 02:01:47 pm: Query has run: <CALL USP_GetCategories();>.
01/22/2013 02:01:47 pm: ... Got dataset to return in json obj
01/22/2013 02:01:47 pm: Get the dataset to return in json obj...
01/22/2013 02:01:47 pm: Query has run: <CALL USP_GetCategories2();>.
01/22/2013 02:01:47 pm: ... Got dataset to return in json obj
01/22/2013 02:01:54 pm: Get the dataset to return in json obj...
01/22/2013 02:01:54 pm: Get the dataset to return in json obj...
01/22/2013 02:01:54 pm: Get the dataset to return in json obj...
01/22/2013 02:01:54 pm: Query has run: <CALL USP_GetCurrencies();>.
01/22/2013 02:01:54 pm: ... Got dataset to return in json obj
01/22/2013 02:01:54 pm: Query has run: <CALL USP_GetAccounts();>.
01/22/2013 02:01:54 pm: ... Got dataset to return in json obj
01/22/2013 02:01:54 pm: Get the dataset to return in json obj...
01/22/2013 02:01:54 pm: Query has run: <CALL USP_GetCategories();>.
01/22/2013 02:01:54 pm: ... Got dataset to return in json obj
01/22/2013 02:01:54 pm: Query has run: <CALL USP_GetPayees();>.
01/22/2013 02:01:54 pm: ... Got dataset to return in json obj
01/22/2013 02:01:54 pm: Get the dataset to return in json obj...
01/22/2013 02:01:54 pm: Query has run: <CALL USP_GetCategories2();>.
01/22/2013 02:01:54 pm: ... Got dataset to return in json obj
