01/01/2013 04:54:13 pm: Get the dataset to return in json obj...
01/01/2013 04:54:13 pm: Get the dataset to return in json obj...
01/01/2013 04:54:13 pm: Get the dataset to return in json obj...
01/01/2013 04:54:13 pm: Get the dataset to return in json obj...
01/01/2013 04:54:13 pm: Get the dataset to return in json obj...
01/01/2013 04:54:13 pm: Query has run: <CALL USP_GetPayees();>.
01/01/2013 04:54:13 pm: ... Got dataset to return in json obj
01/01/2013 04:54:13 pm: Query has run: <CALL USP_GetCategories();>.
01/01/2013 04:54:13 pm: ... Got dataset to return in json obj
01/01/2013 04:54:13 pm: Query has run: <CALL USP_GetCategories2();>.
01/01/2013 04:54:13 pm: ... Got dataset to return in json obj
01/01/2013 04:54:13 pm: Query has run: <CALL USP_GetAccounts();>.
01/01/2013 04:54:13 pm: ... Got dataset to return in json obj
01/01/2013 04:54:13 pm: Query has run: <CALL USP_GetCurrencies();>.
01/01/2013 04:54:13 pm: ... Got dataset to return in json obj
01/01/2013 04:54:21 pm: Get the dataset to return in json obj...
01/01/2013 04:54:21 pm: Get the dataset to return in json obj...
01/01/2013 04:54:21 pm: Query has run: <CALL USP_GetCategories();>.
01/01/2013 04:54:21 pm: ... Got dataset to return in json obj
01/01/2013 04:54:21 pm: Query has run: <CALL USP_GetPayees();>.
01/01/2013 04:54:21 pm: ... Got dataset to return in json obj
01/01/2013 04:54:21 pm: Get the dataset to return in json obj...
01/01/2013 04:54:21 pm: Get the dataset to return in json obj...
01/01/2013 04:54:21 pm: Query has run: <CALL USP_GetAccounts();>.
01/01/2013 04:54:21 pm: ... Got dataset to return in json obj
01/01/2013 04:54:21 pm: Get the dataset to return in json obj...
01/01/2013 04:54:21 pm: Query has run: <CALL USP_GetCurrencies();>.
01/01/2013 04:54:21 pm: ... Got dataset to return in json obj
01/01/2013 04:54:21 pm: Query has run: <CALL USP_GetCategories2();>.
01/01/2013 04:54:21 pm: ... Got dataset to return in json obj
01/01/2013 04:54:45 pm: Amount value: -9,5. Preg_match_all result is <1>
01/01/2013 04:54:45 pm: Currency = <3>.
01/01/2013 04:57:56 pm: Amount value: -16,83. Preg_match_all result is <1>
01/01/2013 04:57:56 pm: Currency = <3>.
01/01/2013 04:58:27 pm: Amount value: -21,45. Preg_match_all result is <1>
01/01/2013 04:58:27 pm: Currency = <3>.
01/01/2013 04:58:29 pm: Get the dataset to return in json obj...
01/01/2013 04:58:29 pm: Get the dataset to return in json obj...
01/01/2013 04:58:29 pm: Get the dataset to return in json obj...
01/01/2013 04:58:29 pm: Query has run: <CALL USP_GetCurrencies();>.
01/01/2013 04:58:29 pm: Query has run: <CALL USP_GetAccounts();>.
01/01/2013 04:58:29 pm: ... Got dataset to return in json obj
01/01/2013 04:58:29 pm: ... Got dataset to return in json obj
01/01/2013 04:58:29 pm: Query has run: <CALL USP_GetPayees();>.
01/01/2013 04:58:29 pm: ... Got dataset to return in json obj
01/01/2013 04:58:29 pm: Get the dataset to return in json obj...
01/01/2013 04:58:29 pm: Get the dataset to return in json obj...
01/01/2013 04:58:29 pm: Query has run: <CALL USP_GetCategories();>.
01/01/2013 04:58:29 pm: ... Got dataset to return in json obj
01/01/2013 04:58:29 pm: Query has run: <CALL USP_GetCategories2();>.
01/01/2013 04:58:29 pm: ... Got dataset to return in json obj
01/01/2013 04:58:47 pm: Get the dataset to return in json obj...
01/01/2013 04:58:47 pm: Get the dataset to return in json obj...
01/01/2013 04:58:47 pm: Query has run: <CALL USP_GetCurrencies();>.
01/01/2013 04:58:47 pm: ... Got dataset to return in json obj
01/01/2013 04:58:47 pm: Query has run: <CALL USP_GetAccounts();>.
01/01/2013 04:58:47 pm: ... Got dataset to return in json obj
01/01/2013 04:58:47 pm: Get the dataset to return in json obj...
01/01/2013 04:58:47 pm: Get the dataset to return in json obj...
01/01/2013 04:58:47 pm: Query has run: <CALL USP_GetPayees();>.
01/01/2013 04:58:47 pm: ... Got dataset to return in json obj
01/01/2013 04:58:47 pm: Get the dataset to return in json obj...
01/01/2013 04:58:47 pm: Query has run: <CALL USP_GetCategories();>.
01/01/2013 04:58:47 pm: ... Got dataset to return in json obj
01/01/2013 04:58:47 pm: Query has run: <CALL USP_GetCategories2();>.
01/01/2013 04:58:47 pm: ... Got dataset to return in json obj
