01/27/2013 02:29:17 pm: Get the dataset to return in json obj...
01/27/2013 02:29:17 pm: Get the dataset to return in json obj...
01/27/2013 02:29:17 pm: Get the dataset to return in json obj...
01/27/2013 02:29:17 pm: Get the dataset to return in json obj...
01/27/2013 02:29:17 pm: Get the dataset to return in json obj...
01/27/2013 02:29:17 pm: Query has run: <CALL USP_GetCategories();>.
01/27/2013 02:29:17 pm: ... Got dataset to return in json obj
01/27/2013 02:29:17 pm: Query has run: <CALL USP_GetPayees();>.
01/27/2013 02:29:17 pm: ... Got dataset to return in json obj
01/27/2013 02:29:17 pm: Query has run: <CALL USP_GetCategories2();>.
01/27/2013 02:29:17 pm: ... Got dataset to return in json obj
01/27/2013 02:29:17 pm: Query has run: <CALL USP_GetCurrencies();>.
01/27/2013 02:29:17 pm: ... Got dataset to return in json obj
01/27/2013 02:29:17 pm: Query has run: <CALL USP_GetAccounts();>.
01/27/2013 02:29:17 pm: ... Got dataset to return in json obj
01/27/2013 02:29:47 pm: Get the dataset to return in json obj...
01/27/2013 02:29:47 pm: Query has run: <CALL USP_GetAccounts();>.
01/27/2013 02:29:47 pm: ... Got dataset to return in json obj
01/27/2013 02:29:47 pm: Get the dataset to return in json obj...
01/27/2013 02:29:47 pm: Query has run: <CALL USP_GetCurrencies();>.
01/27/2013 02:29:47 pm: ... Got dataset to return in json obj
01/27/2013 02:29:47 pm: Get the dataset to return in json obj...
01/27/2013 02:29:47 pm: Get the dataset to return in json obj...
01/27/2013 02:29:47 pm: Query has run: <CALL USP_GetCategories();>.
01/27/2013 02:29:47 pm: ... Got dataset to return in json obj
01/27/2013 02:29:47 pm: Query has run: <CALL USP_GetPayees();>.
01/27/2013 02:29:47 pm: ... Got dataset to return in json obj
01/27/2013 02:29:47 pm: Get the dataset to return in json obj...
01/27/2013 02:29:47 pm: Query has run: <CALL USP_GetCategories2();>.
01/27/2013 02:29:47 pm: ... Got dataset to return in json obj
01/27/2013 02:30:56 pm: Currency = <1>.
01/27/2013 02:31:02 pm: Get the dataset to return in json obj...
01/27/2013 02:31:02 pm: Query has run: <CALL USP_GetPayees();>.
01/27/2013 02:31:02 pm: ... Got dataset to return in json obj
01/27/2013 02:31:02 pm: Get the dataset to return in json obj...
01/27/2013 02:31:02 pm: Get the dataset to return in json obj...
01/27/2013 02:31:02 pm: Get the dataset to return in json obj...
01/27/2013 02:31:02 pm: Query has run: <CALL USP_GetAccounts();>.
01/27/2013 02:31:02 pm: ... Got dataset to return in json obj
01/27/2013 02:31:02 pm: Query has run: <CALL USP_GetCategories2();>.
01/27/2013 02:31:02 pm: ... Got dataset to return in json obj
01/27/2013 02:31:02 pm: Query has run: <CALL USP_GetCategories();>.
01/27/2013 02:31:02 pm: ... Got dataset to return in json obj
01/27/2013 02:31:02 pm: Get the dataset to return in json obj...
01/27/2013 02:31:02 pm: Query has run: <CALL USP_GetCurrencies();>.
01/27/2013 02:31:02 pm: ... Got dataset to return in json obj
01/27/2013 02:31:35 pm: Get the dataset to return in json obj...
01/27/2013 02:31:35 pm: Query has run: <CALL USP_GetCurrencies();>.
01/27/2013 02:31:35 pm: ... Got dataset to return in json obj
01/27/2013 02:31:35 pm: Get the dataset to return in json obj...
01/27/2013 02:31:35 pm: Query has run: <CALL USP_GetAccounts();>.
01/27/2013 02:31:35 pm: ... Got dataset to return in json obj
01/27/2013 02:31:35 pm: Get the dataset to return in json obj...
01/27/2013 02:31:35 pm: Get the dataset to return in json obj...
01/27/2013 02:31:35 pm: Query has run: <CALL USP_GetPayees();>.
01/27/2013 02:31:35 pm: ... Got dataset to return in json obj
01/27/2013 02:31:35 pm: Query has run: <CALL USP_GetCategories();>.
01/27/2013 02:31:35 pm: ... Got dataset to return in json obj
01/27/2013 02:31:35 pm: Get the dataset to return in json obj...
01/27/2013 02:31:35 pm: Query has run: <CALL USP_GetCategories2();>.
01/27/2013 02:31:35 pm: ... Got dataset to return in json obj
01/27/2013 02:31:57 pm: Amount value: -4,62. Preg_match_all result is <1>
01/27/2013 02:31:57 pm: Currency = <1>.
01/27/2013 02:32:30 pm: Amount value: -13,25. Preg_match_all result is <1>
01/27/2013 02:32:30 pm: Currency = <1>.
01/27/2013 02:38:00 pm: Amount value: -5,76. Preg_match_all result is <1>
01/27/2013 02:38:00 pm: Currency = <1>.
01/27/2013 02:38:05 pm: Get the dataset to return in json obj...
01/27/2013 02:38:05 pm: Query has run: <CALL USP_GetAccounts();>.
01/27/2013 02:38:05 pm: ... Got dataset to return in json obj
01/27/2013 02:38:05 pm: Get the dataset to return in json obj...
01/27/2013 02:38:05 pm: Query has run: <CALL USP_GetCurrencies();>.
01/27/2013 02:38:05 pm: ... Got dataset to return in json obj
01/27/2013 02:38:05 pm: Get the dataset to return in json obj...
01/27/2013 02:38:05 pm: Query has run: <CALL USP_GetPayees();>.
01/27/2013 02:38:05 pm: ... Got dataset to return in json obj
01/27/2013 02:38:05 pm: Get the dataset to return in json obj...
01/27/2013 02:38:05 pm: Query has run: <CALL USP_GetCategories();>.
01/27/2013 02:38:05 pm: ... Got dataset to return in json obj
01/27/2013 02:38:05 pm: Get the dataset to return in json obj...
01/27/2013 02:38:05 pm: Query has run: <CALL USP_GetCategories2();>.
01/27/2013 02:38:05 pm: ... Got dataset to return in json obj
01/27/2013 02:40:41 pm: Get the dataset to return in json obj...
01/27/2013 02:40:41 pm: Get the dataset to return in json obj...
01/27/2013 02:40:41 pm: Get the dataset to return in json obj...
01/27/2013 02:40:41 pm: Query has run: <CALL USP_GetCurrencies();>.
01/27/2013 02:40:41 pm: ... Got dataset to return in json obj
01/27/2013 02:40:41 pm: Query has run: <CALL USP_GetCategories();>.
01/27/2013 02:40:41 pm: ... Got dataset to return in json obj
01/27/2013 02:40:41 pm: Get the dataset to return in json obj...
01/27/2013 02:40:41 pm: Query has run: <CALL USP_GetAccounts();>.
01/27/2013 02:40:41 pm: ... Got dataset to return in json obj
01/27/2013 02:40:41 pm: Get the dataset to return in json obj...
01/27/2013 02:40:41 pm: Query has run: <CALL USP_GetPayees();>.
01/27/2013 02:40:41 pm: ... Got dataset to return in json obj
01/27/2013 02:40:41 pm: Query has run: <CALL USP_GetCategories2();>.
01/27/2013 02:40:41 pm: ... Got dataset to return in json obj
01/27/2013 10:27:08 pm: Get the dataset to return in json obj...
01/27/2013 10:27:08 pm: Get the dataset to return in json obj...
01/27/2013 10:27:08 pm: Query has run: <CALL USP_GetAccounts();>.
01/27/2013 10:27:08 pm: ... Got dataset to return in json obj
01/27/2013 10:27:08 pm: Query has run: <CALL USP_GetCurrencies();>.
01/27/2013 10:27:08 pm: ... Got dataset to return in json obj
01/27/2013 10:27:08 pm: Get the dataset to return in json obj...
01/27/2013 10:27:08 pm: Query has run: <CALL USP_GetPayees();>.
01/27/2013 10:27:08 pm: ... Got dataset to return in json obj
01/27/2013 10:27:08 pm: Get the dataset to return in json obj...
01/27/2013 10:27:08 pm: Get the dataset to return in json obj...
01/27/2013 10:27:08 pm: Query has run: <CALL USP_GetCategories();>.
01/27/2013 10:27:08 pm: ... Got dataset to return in json obj
01/27/2013 10:27:08 pm: Query has run: <CALL USP_GetCategories2();>.
01/27/2013 10:27:08 pm: ... Got dataset to return in json obj
01/27/2013 10:27:33 pm: Amount value: -12. Preg_match_all result is <1>
01/27/2013 10:27:33 pm: Currency = <1>.
