02/03/2013 03:04:10 pm: Get the dataset to return in json obj...
02/03/2013 03:04:10 pm: Get the dataset to return in json obj...
02/03/2013 03:04:10 pm: Get the dataset to return in json obj...
02/03/2013 03:04:10 pm: Get the dataset to return in json obj...
02/03/2013 03:04:10 pm: Get the dataset to return in json obj...
02/03/2013 03:04:10 pm: Query has run: <CALL USP_GetPayees();>.
02/03/2013 03:04:10 pm: ... Got dataset to return in json obj
02/03/2013 03:04:10 pm: Query has run: <CALL USP_GetCategories();>.
02/03/2013 03:04:10 pm: ... Got dataset to return in json obj
02/03/2013 03:04:10 pm: Query has run: <CALL USP_GetCategories2();>.
02/03/2013 03:04:10 pm: ... Got dataset to return in json obj
02/03/2013 03:04:10 pm: Query has run: <CALL USP_GetCurrencies();>.
02/03/2013 03:04:10 pm: ... Got dataset to return in json obj
02/03/2013 03:04:10 pm: Query has run: <CALL USP_GetAccounts();>.
02/03/2013 03:04:10 pm: ... Got dataset to return in json obj
02/03/2013 03:04:13 pm: Get the dataset to return in json obj...
02/03/2013 03:04:13 pm: Query has run: <CALL USP_GetCategories();>.
02/03/2013 03:04:13 pm: ... Got dataset to return in json obj
02/03/2013 03:04:13 pm: Get the dataset to return in json obj...
02/03/2013 03:04:13 pm: Get the dataset to return in json obj...
02/03/2013 03:04:13 pm: Query has run: <CALL USP_GetCurrencies();>.
02/03/2013 03:04:13 pm: ... Got dataset to return in json obj
02/03/2013 03:04:13 pm: Query has run: <CALL USP_GetAccounts();>.
02/03/2013 03:04:13 pm: ... Got dataset to return in json obj
02/03/2013 03:04:13 pm: Get the dataset to return in json obj...
02/03/2013 03:04:13 pm: Get the dataset to return in json obj...
02/03/2013 03:04:13 pm: Query has run: <CALL USP_GetCategories2();>.
02/03/2013 03:04:13 pm: Query has run: <CALL USP_GetPayees();>.
02/03/2013 03:04:13 pm: ... Got dataset to return in json obj
02/03/2013 03:04:13 pm: ... Got dataset to return in json obj
02/03/2013 03:04:15 pm: Get the dataset to return in json obj...
02/03/2013 03:04:15 pm: Get the dataset to return in json obj...
02/03/2013 03:04:15 pm: Query has run: <CALL USP_GetAccounts();>.
02/03/2013 03:04:15 pm: Query has run: <CALL USP_GetCurrencies();>.
02/03/2013 03:04:15 pm: ... Got dataset to return in json obj
02/03/2013 03:04:15 pm: ... Got dataset to return in json obj
02/03/2013 03:04:15 pm: Get the dataset to return in json obj...
02/03/2013 03:04:15 pm: Query has run: <CALL USP_GetPayees();>.
02/03/2013 03:04:15 pm: ... Got dataset to return in json obj
02/03/2013 03:04:15 pm: Get the dataset to return in json obj...
02/03/2013 03:04:15 pm: Query has run: <CALL USP_GetCategories();>.
02/03/2013 03:04:15 pm: ... Got dataset to return in json obj
02/03/2013 03:04:15 pm: Get the dataset to return in json obj...
02/03/2013 03:04:15 pm: Query has run: <CALL USP_GetCategories2();>.
02/03/2013 03:04:15 pm: ... Got dataset to return in json obj
02/03/2013 03:04:15 pm: Get the dataset to return in json obj...
02/03/2013 03:04:15 pm: Get the dataset to return in json obj...
02/03/2013 03:04:15 pm: Get the dataset to return in json obj...
02/03/2013 03:04:15 pm: Query has run: <CALL USP_GetAccounts();>.
02/03/2013 03:04:15 pm: ... Got dataset to return in json obj
02/03/2013 03:04:15 pm: Query has run: <CALL USP_GetCurrencies();>.
02/03/2013 03:04:15 pm: ... Got dataset to return in json obj
02/03/2013 03:04:15 pm: Get the dataset to return in json obj...
02/03/2013 03:04:15 pm: Get the dataset to return in json obj...
02/03/2013 03:04:15 pm: Query has run: <CALL USP_GetCategories();>.
02/03/2013 03:04:15 pm: ... Got dataset to return in json obj
02/03/2013 03:04:15 pm: Query has run: <CALL USP_GetCategories2();>.
02/03/2013 03:04:15 pm: ... Got dataset to return in json obj
02/03/2013 03:04:15 pm: Query has run: <CALL USP_GetPayees();>.
02/03/2013 03:04:15 pm: ... Got dataset to return in json obj
02/03/2013 07:21:21 pm: Currency = <1>.
02/03/2013 07:21:25 pm: Get the dataset to return in json obj...
02/03/2013 07:21:25 pm: Get the dataset to return in json obj...
02/03/2013 07:21:25 pm: Query has run: <CALL USP_GetAccounts();>.
02/03/2013 07:21:25 pm: Get the dataset to return in json obj...
02/03/2013 07:21:25 pm: Get the dataset to return in json obj...
02/03/2013 07:21:25 pm: Get the dataset to return in json obj...
02/03/2013 07:21:25 pm: ... Got dataset to return in json obj
02/03/2013 07:21:25 pm: Query has run: <CALL USP_GetCurrencies();>.
02/03/2013 07:21:25 pm: ... Got dataset to return in json obj
02/03/2013 07:21:25 pm: Query has run: <CALL USP_GetCategories();>.
02/03/2013 07:21:25 pm: ... Got dataset to return in json obj
02/03/2013 07:21:25 pm: Query has run: <CALL USP_GetCategories2();>.
02/03/2013 07:21:25 pm: Query has run: <CALL USP_GetPayees();>.
02/03/2013 07:21:25 pm: ... Got dataset to return in json obj
02/03/2013 07:21:25 pm: ... Got dataset to return in json obj
02/03/2013 08:46:15 pm: Amount value: -12,07,. Preg_match_all result is <1>
02/03/2013 08:46:15 pm: Currency = <1>.
02/03/2013 08:56:30 pm: Amount value: -6,29. Preg_match_all result is <1>
02/03/2013 08:56:30 pm: Currency = <1>.
02/03/2013 08:56:58 pm: Amount value: -4,99. Preg_match_all result is <1>
02/03/2013 08:56:58 pm: Currency = <1>.
02/03/2013 08:57:09 pm: Amount value: -,79. Preg_match_all result is <1>
02/03/2013 08:57:09 pm: Currency = <1>.
02/03/2013 08:58:29 pm: Get the dataset to return in json obj...
02/03/2013 08:58:29 pm: Get the dataset to return in json obj...
02/03/2013 08:58:29 pm: Query has run: <CALL USP_GetAccounts();>.
02/03/2013 08:58:29 pm: ... Got dataset to return in json obj
02/03/2013 08:58:29 pm: Get the dataset to return in json obj...
02/03/2013 08:58:29 pm: Query has run: <CALL USP_GetCategories();>.
02/03/2013 08:58:29 pm: Get the dataset to return in json obj...
02/03/2013 08:58:29 pm: ... Got dataset to return in json obj
02/03/2013 08:58:29 pm: Query has run: <CALL USP_GetCategories2();>.
02/03/2013 08:58:29 pm: Get the dataset to return in json obj...
02/03/2013 08:58:29 pm: ... Got dataset to return in json obj
02/03/2013 08:58:29 pm: Query has run: <CALL USP_GetPayees();>.
02/03/2013 08:58:29 pm: ... Got dataset to return in json obj
02/03/2013 08:58:29 pm: Query has run: <CALL USP_GetCurrencies();>.
02/03/2013 08:58:29 pm: ... Got dataset to return in json obj
02/03/2013 09:27:06 pm: Currency = <1>.
02/03/2013 09:27:10 pm: Get the dataset to return in json obj...
02/03/2013 09:27:10 pm: Query has run: <CALL USP_GetAccounts();>.
02/03/2013 09:27:10 pm: ... Got dataset to return in json obj
02/03/2013 09:27:10 pm: Get the dataset to return in json obj...
02/03/2013 09:27:10 pm: Get the dataset to return in json obj...
02/03/2013 09:27:10 pm: Query has run: <CALL USP_GetCurrencies();>.
02/03/2013 09:27:10 pm: ... Got dataset to return in json obj
02/03/2013 09:27:10 pm: Query has run: <CALL USP_GetCategories();>.
02/03/2013 09:27:10 pm: ... Got dataset to return in json obj
02/03/2013 09:27:10 pm: Get the dataset to return in json obj...
02/03/2013 09:27:10 pm: Get the dataset to return in json obj...
02/03/2013 09:27:10 pm: Query has run: <CALL USP_GetPayees();>.
02/03/2013 09:27:10 pm: ... Got dataset to return in json obj
02/03/2013 09:27:10 pm: Query has run: <CALL USP_GetCategories2();>.
02/03/2013 09:27:10 pm: ... Got dataset to return in json obj
02/03/2013 09:27:26 pm: Get the dataset to return in json obj...
02/03/2013 09:27:26 pm: Get the dataset to return in json obj...
02/03/2013 09:27:26 pm: Query has run: <CALL USP_GetAccounts();>.
02/03/2013 09:27:26 pm: ... Got dataset to return in json obj
02/03/2013 09:27:26 pm: Query has run: <CALL USP_GetCurrencies();>.
02/03/2013 09:27:26 pm: ... Got dataset to return in json obj
02/03/2013 09:27:26 pm: Get the dataset to return in json obj...
02/03/2013 09:27:26 pm: Get the dataset to return in json obj...
02/03/2013 09:27:26 pm: Query has run: <CALL USP_GetCategories();>.
02/03/2013 09:27:26 pm: ... Got dataset to return in json obj
02/03/2013 09:27:26 pm: Query has run: <CALL USP_GetPayees();>.
02/03/2013 09:27:26 pm: ... Got dataset to return in json obj
02/03/2013 09:27:26 pm: Get the dataset to return in json obj...
02/03/2013 09:27:26 pm: Query has run: <CALL USP_GetCategories2();>.
02/03/2013 09:27:26 pm: ... Got dataset to return in json obj
02/03/2013 09:32:28 pm: Currency = <1>.
02/03/2013 09:32:33 pm: Get the dataset to return in json obj...
02/03/2013 09:32:33 pm: Get the dataset to return in json obj...
02/03/2013 09:32:33 pm: Query has run: <CALL USP_GetCurrencies();>.
02/03/2013 09:32:33 pm: ... Got dataset to return in json obj
02/03/2013 09:32:33 pm: Query has run: <CALL USP_GetAccounts();>.
02/03/2013 09:32:33 pm: ... Got dataset to return in json obj
02/03/2013 09:32:33 pm: Get the dataset to return in json obj...
02/03/2013 09:32:33 pm: Get the dataset to return in json obj...
02/03/2013 09:32:33 pm: Query has run: <CALL USP_GetCategories2();>.
02/03/2013 09:32:33 pm: ... Got dataset to return in json obj
02/03/2013 09:32:33 pm: Query has run: <CALL USP_GetCategories();>.
02/03/2013 09:32:33 pm: ... Got dataset to return in json obj
02/03/2013 09:32:33 pm: Get the dataset to return in json obj...
02/03/2013 09:32:33 pm: Query has run: <CALL USP_GetPayees();>.
02/03/2013 09:32:33 pm: ... Got dataset to return in json obj
