04/28/2013 07:26:53 am: Get the dataset to return in json obj...
04/28/2013 07:26:53 am: Get the dataset to return in json obj...
04/28/2013 07:26:53 am: Get the dataset to return in json obj...
04/28/2013 07:26:55 am: Query has run: <CALL USP_GetCurrencies();>.
04/28/2013 07:26:55 am: ... Got dataset to return in json obj
04/28/2013 07:26:55 am: Query has run: <CALL USP_GetCategories();>.
04/28/2013 07:26:55 am: Query has run: <CALL USP_GetAccounts();>.
04/28/2013 07:26:55 am: ... Got dataset to return in json obj
04/28/2013 07:26:55 am: Query has run: <CALL USP_GetPayees();>.
04/28/2013 07:26:55 am: ... Got dataset to return in json obj
04/28/2013 07:26:55 am: ... Got dataset to return in json obj
04/28/2013 07:26:55 am: Query has run: <CALL USP_GetCategories2();>.
04/28/2013 07:26:56 am: ... Got dataset to return in json obj
04/28/2013 02:34:53 pm: Get the dataset to return in json obj...
04/28/2013 02:34:53 pm: Get the dataset to return in json obj...
04/28/2013 02:34:53 pm: Get the dataset to return in json obj...
04/28/2013 02:34:53 pm: Get the dataset to return in json obj...
04/28/2013 02:34:53 pm: Get the dataset to return in json obj...
04/28/2013 02:34:53 pm: Query has run: <CALL USP_GetCurrencies();>.
04/28/2013 02:34:53 pm: ... Got dataset to return in json obj
04/28/2013 02:34:53 pm: Query has run: <CALL USP_GetPayees();>.
04/28/2013 02:34:53 pm: ... Got dataset to return in json obj
04/28/2013 02:34:53 pm: Query has run: <CALL USP_GetAccounts();>.
04/28/2013 02:34:53 pm: ... Got dataset to return in json obj
04/28/2013 02:34:53 pm: Query has run: <CALL USP_GetCategories2();>.
04/28/2013 02:34:53 pm: ... Got dataset to return in json obj
04/28/2013 02:34:53 pm: Query has run: <CALL USP_GetCategories();>.
04/28/2013 02:34:53 pm: ... Got dataset to return in json obj
04/28/2013 02:35:29 pm: Amount value: -1,49. Preg_match_all result is <1>
04/28/2013 02:35:29 pm: Currency = <1>.
04/28/2013 02:35:44 pm: Amount value: -8,13. Preg_match_all result is <1>
04/28/2013 02:35:44 pm: Currency = <1>.
04/28/2013 02:36:30 pm: Get the dataset to return in json obj...
04/28/2013 02:36:30 pm: Query has run: <CALL USP_GetAccounts();>.
04/28/2013 02:36:30 pm: ... Got dataset to return in json obj
04/28/2013 02:36:30 pm: Get the dataset to return in json obj...
04/28/2013 02:36:30 pm: Get the dataset to return in json obj...
04/28/2013 02:36:30 pm: Query has run: <CALL USP_GetPayees();>.
04/28/2013 02:36:30 pm: ... Got dataset to return in json obj
04/28/2013 02:36:30 pm: Query has run: <CALL USP_GetCurrencies();>.
04/28/2013 02:36:30 pm: Get the dataset to return in json obj...
04/28/2013 02:36:30 pm: ... Got dataset to return in json obj
04/28/2013 02:36:30 pm: Get the dataset to return in json obj...
04/28/2013 02:36:30 pm: Query has run: <CALL USP_GetCategories2();>.
04/28/2013 02:36:30 pm: ... Got dataset to return in json obj
04/28/2013 02:36:30 pm: Query has run: <CALL USP_GetCategories();>.
04/28/2013 02:36:30 pm: ... Got dataset to return in json obj
04/28/2013 04:10:41 pm: Get the dataset to return in json obj...
04/28/2013 04:10:41 pm: Query has run: <CALL USP_GetAccounts();>.
04/28/2013 04:10:41 pm: ... Got dataset to return in json obj
04/28/2013 04:10:41 pm: Get the dataset to return in json obj...
04/28/2013 04:10:41 pm: Query has run: <CALL USP_GetCurrencies();>.
04/28/2013 04:10:41 pm: ... Got dataset to return in json obj
04/28/2013 04:10:42 pm: Get the dataset to return in json obj...
04/28/2013 04:10:42 pm: Get the dataset to return in json obj...
04/28/2013 04:10:42 pm: Query has run: <CALL USP_GetCategories();>.
04/28/2013 04:10:42 pm: ... Got dataset to return in json obj
04/28/2013 04:10:42 pm: Query has run: <CALL USP_GetPayees();>.
04/28/2013 04:10:42 pm: ... Got dataset to return in json obj
04/28/2013 04:10:43 pm: Get the dataset to return in json obj...
04/28/2013 04:10:43 pm: Query has run: <CALL USP_GetCategories2();>.
04/28/2013 04:10:43 pm: ... Got dataset to return in json obj
