06/15/2013 07:51:30 am: Get the dataset to return in json obj...
06/15/2013 07:51:30 am: Query has run: <CALL USP_GetAccounts();>.
06/15/2013 07:51:30 am: ... Got dataset to return in json obj
06/15/2013 07:51:30 am: Get the dataset to return in json obj...
06/15/2013 07:51:30 am: Query has run: <CALL USP_GetPayees();>.
06/15/2013 07:51:30 am: ... Got dataset to return in json obj
06/15/2013 07:51:30 am: Get the dataset to return in json obj...
06/15/2013 07:51:30 am: Query has run: <CALL USP_GetCurrencies();>.
06/15/2013 07:51:30 am: ... Got dataset to return in json obj
06/15/2013 07:51:30 am: Get the dataset to return in json obj...
06/15/2013 07:51:30 am: Query has run: <CALL USP_GetCategories();>.
06/15/2013 07:51:30 am: ... Got dataset to return in json obj
06/15/2013 07:51:30 am: Get the dataset to return in json obj...
06/15/2013 07:51:30 am: Query has run: <CALL USP_GetCategories2();>.
06/15/2013 07:51:30 am: ... Got dataset to return in json obj
06/15/2013 07:51:41 am: Get the dataset to return in json obj...
06/15/2013 07:51:41 am: Get the dataset to return in json obj...
06/15/2013 07:51:41 am: Get the dataset to return in json obj...
06/15/2013 07:51:41 am: Get the dataset to return in json obj...
06/15/2013 07:51:41 am: Get the dataset to return in json obj...
06/15/2013 07:51:41 am: Query has run: <CALL USP_GetCurrencies();>.
06/15/2013 07:51:41 am: ... Got dataset to return in json obj
06/15/2013 07:51:41 am: Query has run: <CALL USP_GetCategories2();>.
06/15/2013 07:51:41 am: ... Got dataset to return in json obj
06/15/2013 07:51:41 am: Query has run: <CALL USP_GetPayees();>.
06/15/2013 07:51:41 am: ... Got dataset to return in json obj
06/15/2013 07:51:41 am: Query has run: <CALL USP_GetCategories();>.
06/15/2013 07:51:41 am: Query has run: <CALL USP_GetAccounts();>.
06/15/2013 07:51:41 am: ... Got dataset to return in json obj
06/15/2013 07:51:41 am: ... Got dataset to return in json obj
06/15/2013 04:11:04 pm: Get the dataset to return in json obj...
06/15/2013 04:11:04 pm: Get the dataset to return in json obj...
06/15/2013 04:11:04 pm: Get the dataset to return in json obj...
06/15/2013 04:11:04 pm: Get the dataset to return in json obj...
06/15/2013 04:11:04 pm: Get the dataset to return in json obj...
06/15/2013 04:11:04 pm: Query has run: <CALL USP_GetPayees();>.
06/15/2013 04:11:04 pm: ... Got dataset to return in json obj
06/15/2013 04:11:04 pm: Query has run: <CALL USP_GetCategories();>.
06/15/2013 04:11:04 pm: ... Got dataset to return in json obj
06/15/2013 04:11:04 pm: Query has run: <CALL USP_GetCategories2();>.
06/15/2013 04:11:04 pm: ... Got dataset to return in json obj
06/15/2013 04:11:04 pm: Query has run: <CALL USP_GetCurrencies();>.
06/15/2013 04:11:04 pm: ... Got dataset to return in json obj
06/15/2013 04:11:04 pm: Query has run: <CALL USP_GetAccounts();>.
06/15/2013 04:11:04 pm: ... Got dataset to return in json obj
06/15/2013 04:11:21 pm: Get the dataset to return in json obj...
06/15/2013 04:11:21 pm: Query has run: <CALL USP_GetAccounts();>.
06/15/2013 04:11:21 pm: ... Got dataset to return in json obj
06/15/2013 04:11:21 pm: Get the dataset to return in json obj...
06/15/2013 04:11:21 pm: Get the dataset to return in json obj...
06/15/2013 04:11:21 pm: Get the dataset to return in json obj...
06/15/2013 04:11:21 pm: Get the dataset to return in json obj...
06/15/2013 04:11:21 pm: Query has run: <CALL USP_GetCategories();>.
06/15/2013 04:11:21 pm: ... Got dataset to return in json obj
06/15/2013 04:11:21 pm: Query has run: <CALL USP_GetCategories2();>.
06/15/2013 04:11:21 pm: ... Got dataset to return in json obj
06/15/2013 04:11:21 pm: Query has run: <CALL USP_GetPayees();>.
06/15/2013 04:11:21 pm: ... Got dataset to return in json obj
06/15/2013 04:11:21 pm: Query has run: <CALL USP_GetCurrencies();>.
06/15/2013 04:11:21 pm: ... Got dataset to return in json obj
