01/09/2013 08:43:35 am: Get the dataset to return in json obj...
01/09/2013 08:43:35 am: Get the dataset to return in json obj...
01/09/2013 08:43:35 am: Get the dataset to return in json obj...
01/09/2013 08:43:35 am: Get the dataset to return in json obj...
01/09/2013 08:43:36 am: Query has run: <CALL USP_GetCategories();>.
01/09/2013 08:43:36 am: ... Got dataset to return in json obj
01/09/2013 08:43:36 am: Query has run: <CALL USP_GetCurrencies();>.
01/09/2013 08:43:36 am: ... Got dataset to return in json obj
01/09/2013 08:43:36 am: Query has run: <CALL USP_GetAccounts();>.
01/09/2013 08:43:36 am: ... Got dataset to return in json obj
01/09/2013 08:43:36 am: Query has run: <CALL USP_GetPayees();>.
01/09/2013 08:43:36 am: ... Got dataset to return in json obj
01/09/2013 08:43:36 am: Query has run: <CALL USP_GetCategories2();>.
01/09/2013 08:43:36 am: ... Got dataset to return in json obj
01/09/2013 08:43:39 am: Get the dataset to return in json obj...
01/09/2013 08:43:39 am: Query has run: <CALL USP_GetAccounts();>.
01/09/2013 08:43:39 am: ... Got dataset to return in json obj
01/09/2013 08:43:39 am: Get the dataset to return in json obj...
01/09/2013 08:43:39 am: Get the dataset to return in json obj...
01/09/2013 08:43:39 am: Get the dataset to return in json obj...
01/09/2013 08:43:39 am: Get the dataset to return in json obj...
01/09/2013 08:43:39 am: Query has run: <CALL USP_GetCurrencies();>.
01/09/2013 08:43:39 am: ... Got dataset to return in json obj
01/09/2013 08:43:39 am: Query has run: <CALL USP_GetPayees();>.
01/09/2013 08:43:39 am: ... Got dataset to return in json obj
01/09/2013 08:43:39 am: Query has run: <CALL USP_GetCategories2();>.
01/09/2013 08:43:39 am: ... Got dataset to return in json obj
01/09/2013 08:43:39 am: Query has run: <CALL USP_GetCategories();>.
01/09/2013 08:43:39 am: ... Got dataset to return in json obj
01/09/2013 08:44:08 am: Amount value: -45,2. Preg_match_all result is <1>
01/09/2013 08:44:08 am: Currency = <3>.
01/09/2013 08:44:10 am: Get the dataset to return in json obj...
01/09/2013 08:44:10 am: Get the dataset to return in json obj...
01/09/2013 08:44:10 am: Query has run: <CALL USP_GetCategories();>.
01/09/2013 08:44:10 am: ... Got dataset to return in json obj
01/09/2013 08:44:10 am: Get the dataset to return in json obj...
01/09/2013 08:44:10 am: Query has run: <CALL USP_GetAccounts();>.
01/09/2013 08:44:10 am: ... Got dataset to return in json obj
01/09/2013 08:44:10 am: Query has run: <CALL USP_GetCategories2();>.
01/09/2013 08:44:10 am: ... Got dataset to return in json obj
01/09/2013 08:44:10 am: Get the dataset to return in json obj...
01/09/2013 08:44:10 am: Get the dataset to return in json obj...
01/09/2013 08:44:10 am: Query has run: <CALL USP_GetCurrencies();>.
01/09/2013 08:44:10 am: ... Got dataset to return in json obj
01/09/2013 08:44:10 am: Query has run: <CALL USP_GetPayees();>.
01/09/2013 08:44:10 am: ... Got dataset to return in json obj
01/09/2013 09:12:04 am: Get the dataset to return in json obj...
01/09/2013 09:12:04 am: Get the dataset to return in json obj...
01/09/2013 09:12:04 am: Query has run: <CALL USP_GetAccounts();>.
01/09/2013 09:12:04 am: ... Got dataset to return in json obj
01/09/2013 09:12:04 am: Query has run: <CALL USP_GetCurrencies();>.
01/09/2013 09:12:04 am: ... Got dataset to return in json obj
01/09/2013 09:12:04 am: Get the dataset to return in json obj...
01/09/2013 09:12:04 am: Query has run: <CALL USP_GetPayees();>.
01/09/2013 09:12:04 am: ... Got dataset to return in json obj
01/09/2013 09:12:04 am: Get the dataset to return in json obj...
01/09/2013 09:12:04 am: Get the dataset to return in json obj...
01/09/2013 09:12:04 am: Query has run: <CALL USP_GetCategories();>.
01/09/2013 09:12:04 am: ... Got dataset to return in json obj
01/09/2013 09:12:04 am: Query has run: <CALL USP_GetCategories2();>.
01/09/2013 09:12:04 am: ... Got dataset to return in json obj
01/09/2013 09:38:08 pm: Get the dataset to return in json obj...
01/09/2013 09:38:08 pm: Get the dataset to return in json obj...
01/09/2013 09:38:08 pm: Get the dataset to return in json obj...
01/09/2013 09:38:08 pm: Get the dataset to return in json obj...
01/09/2013 09:38:08 pm: Get the dataset to return in json obj...
01/09/2013 09:38:08 pm: Query has run: <CALL USP_GetCurrencies();>.
01/09/2013 09:38:08 pm: ... Got dataset to return in json obj
01/09/2013 09:38:08 pm: Query has run: <CALL USP_GetCategories();>.
01/09/2013 09:38:08 pm: ... Got dataset to return in json obj
01/09/2013 09:38:08 pm: Query has run: <CALL USP_GetCategories2();>.
01/09/2013 09:38:08 pm: ... Got dataset to return in json obj
01/09/2013 09:38:08 pm: Query has run: <CALL USP_GetPayees();>.
01/09/2013 09:38:08 pm: ... Got dataset to return in json obj
01/09/2013 09:38:08 pm: Query has run: <CALL USP_GetAccounts();>.
01/09/2013 09:38:08 pm: ... Got dataset to return in json obj
