05/04/2013 08:51:57 am: Get the dataset to return in json obj...
05/04/2013 08:51:57 am: Get the dataset to return in json obj...
05/04/2013 08:51:57 am: Get the dataset to return in json obj...
05/04/2013 08:51:57 am: Get the dataset to return in json obj...
05/04/2013 08:51:57 am: Query has run: <CALL USP_GetPayees();>.
05/04/2013 08:51:57 am: ... Got dataset to return in json obj
05/04/2013 08:51:57 am: Query has run: <CALL USP_GetAccounts();>.
05/04/2013 08:51:57 am: ... Got dataset to return in json obj
05/04/2013 08:51:57 am: Query has run: <CALL USP_GetCategories2();>.
05/04/2013 08:51:57 am: ... Got dataset to return in json obj
05/04/2013 08:51:57 am: Query has run: <CALL USP_GetCurrencies();>.
05/04/2013 08:51:57 am: ... Got dataset to return in json obj
05/04/2013 08:51:57 am: Query has run: <CALL USP_GetCategories();>.
05/04/2013 08:51:57 am: ... Got dataset to return in json obj
05/04/2013 03:53:22 pm: Get the dataset to return in json obj...
05/04/2013 03:53:22 pm: Get the dataset to return in json obj...
05/04/2013 03:53:22 pm: Get the dataset to return in json obj...
05/04/2013 03:53:22 pm: Get the dataset to return in json obj...
05/04/2013 03:53:22 pm: Get the dataset to return in json obj...
05/04/2013 03:53:23 pm: Query has run: <CALL USP_GetPayees();>.
05/04/2013 03:53:23 pm: ... Got dataset to return in json obj
05/04/2013 03:53:23 pm: Query has run: <CALL USP_GetCurrencies();>.
05/04/2013 03:53:23 pm: ... Got dataset to return in json obj
05/04/2013 03:53:23 pm: Query has run: <CALL USP_GetCategories2();>.
05/04/2013 03:53:23 pm: ... Got dataset to return in json obj
05/04/2013 03:53:23 pm: Query has run: <CALL USP_GetAccounts();>.
05/04/2013 03:53:23 pm: ... Got dataset to return in json obj
05/04/2013 03:53:23 pm: Query has run: <CALL USP_GetCategories();>.
05/04/2013 03:53:23 pm: ... Got dataset to return in json obj
05/04/2013 09:51:29 pm: Get the dataset to return in json obj...
05/04/2013 09:51:29 pm: Get the dataset to return in json obj...
05/04/2013 09:51:29 pm: Get the dataset to return in json obj...
05/04/2013 09:51:29 pm: Get the dataset to return in json obj...
05/04/2013 09:51:29 pm: Get the dataset to return in json obj...
05/04/2013 09:51:29 pm: Query has run: <CALL USP_GetAccounts();>.
05/04/2013 09:51:29 pm: ... Got dataset to return in json obj
05/04/2013 09:51:29 pm: Query has run: <CALL USP_GetCategories();>.
05/04/2013 09:51:29 pm: ... Got dataset to return in json obj
05/04/2013 09:51:29 pm: Query has run: <CALL USP_GetCurrencies();>.
05/04/2013 09:51:29 pm: ... Got dataset to return in json obj
05/04/2013 09:51:29 pm: Query has run: <CALL USP_GetCategories2();>.
05/04/2013 09:51:29 pm: ... Got dataset to return in json obj
05/04/2013 09:51:29 pm: Query has run: <CALL USP_GetPayees();>.
05/04/2013 09:51:29 pm: ... Got dataset to return in json obj
05/04/2013 09:51:35 pm: Currency = <1>.
05/04/2013 09:51:50 pm: Get the dataset to return in json obj...
05/04/2013 09:51:50 pm: Get the dataset to return in json obj...
05/04/2013 09:51:50 pm: Get the dataset to return in json obj...
05/04/2013 09:51:50 pm: Get the dataset to return in json obj...
05/04/2013 09:51:50 pm: Query has run: <CALL USP_GetAccounts();>.
05/04/2013 09:51:50 pm: ... Got dataset to return in json obj
05/04/2013 09:51:50 pm: Get the dataset to return in json obj...
05/04/2013 09:51:50 pm: Query has run: <CALL USP_GetCategories2();>.
05/04/2013 09:51:50 pm: ... Got dataset to return in json obj
05/04/2013 09:51:50 pm: Query has run: <CALL USP_GetCategories();>.
05/04/2013 09:51:50 pm: Query has run: <CALL USP_GetPayees();>.
05/04/2013 09:51:50 pm: ... Got dataset to return in json obj
05/04/2013 09:51:50 pm: ... Got dataset to return in json obj
05/04/2013 09:51:50 pm: Query has run: <CALL USP_GetCurrencies();>.
05/04/2013 09:51:50 pm: ... Got dataset to return in json obj
