01/08/2013 01:15:48 pm: Get the dataset to return in json obj...
01/08/2013 01:15:48 pm: Get the dataset to return in json obj...
01/08/2013 01:15:48 pm: Query has run: <CALL USP_GetPayees();>.
01/08/2013 01:15:48 pm: ... Got dataset to return in json obj
01/08/2013 01:15:48 pm: Get the dataset to return in json obj...
01/08/2013 01:15:48 pm: Get the dataset to return in json obj...
01/08/2013 01:15:48 pm: Get the dataset to return in json obj...
01/08/2013 01:15:49 pm: Query has run: <CALL USP_GetCategories2();>.
01/08/2013 01:15:49 pm: ... Got dataset to return in json obj
01/08/2013 01:15:49 pm: Query has run: <CALL USP_GetCategories();>.
01/08/2013 01:15:49 pm: ... Got dataset to return in json obj
01/08/2013 01:15:49 pm: Query has run: <CALL USP_GetCurrencies();>.
01/08/2013 01:15:49 pm: ... Got dataset to return in json obj
01/08/2013 01:15:49 pm: Query has run: <CALL USP_GetAccounts();>.
01/08/2013 01:15:49 pm: ... Got dataset to return in json obj
01/08/2013 04:22:14 pm: Get the dataset to return in json obj...
01/08/2013 04:22:14 pm: Query has run: <CALL USP_GetCategories2();>.
01/08/2013 04:22:14 pm: ... Got dataset to return in json obj
01/08/2013 04:22:14 pm: Get the dataset to return in json obj...
01/08/2013 04:22:14 pm: Query has run: <CALL USP_GetAccounts();>.
01/08/2013 04:22:14 pm: ... Got dataset to return in json obj
01/08/2013 04:22:14 pm: Get the dataset to return in json obj...
01/08/2013 04:22:14 pm: Query has run: <CALL USP_GetCurrencies();>.
01/08/2013 04:22:14 pm: ... Got dataset to return in json obj
01/08/2013 04:22:14 pm: Get the dataset to return in json obj...
01/08/2013 04:22:14 pm: Get the dataset to return in json obj...
01/08/2013 04:22:14 pm: Query has run: <CALL USP_GetPayees();>.
01/08/2013 04:22:14 pm: ... Got dataset to return in json obj
01/08/2013 04:22:14 pm: Query has run: <CALL USP_GetCategories();>.
01/08/2013 04:22:14 pm: ... Got dataset to return in json obj
01/08/2013 04:23:06 pm: Amount value: -3,91. Preg_match_all result is <1>
01/08/2013 04:23:07 pm: Currency = <1>.
01/08/2013 04:49:27 pm: Get the dataset to return in json obj...
01/08/2013 04:49:27 pm: Get the dataset to return in json obj...
01/08/2013 04:49:27 pm: Get the dataset to return in json obj...
01/08/2013 04:49:27 pm: Query has run: <CALL USP_GetCategories();>.
01/08/2013 04:49:27 pm: Query has run: <CALL USP_GetPayees();>.
01/08/2013 04:49:27 pm: ... Got dataset to return in json obj
01/08/2013 04:49:27 pm: ... Got dataset to return in json obj
01/08/2013 04:49:27 pm: Query has run: <CALL USP_GetCategories2();>.
01/08/2013 04:49:27 pm: Get the dataset to return in json obj...
01/08/2013 04:49:27 pm: ... Got dataset to return in json obj
01/08/2013 04:49:27 pm: Query has run: <CALL USP_GetAccounts();>.
01/08/2013 04:49:27 pm: ... Got dataset to return in json obj
01/08/2013 04:49:27 pm: Get the dataset to return in json obj...
01/08/2013 04:49:27 pm: Query has run: <CALL USP_GetCurrencies();>.
01/08/2013 04:49:27 pm: ... Got dataset to return in json obj
