01/07/2013 07:53:58 am: Get the dataset to return in json obj...
01/07/2013 07:53:58 am: Get the dataset to return in json obj...
01/07/2013 07:53:58 am: Get the dataset to return in json obj...
01/07/2013 07:53:58 am: Get the dataset to return in json obj...
01/07/2013 07:53:58 am: Query has run: <CALL USP_GetAccounts();>.
01/07/2013 07:53:58 am: ... Got dataset to return in json obj
01/07/2013 07:53:58 am: Get the dataset to return in json obj...
01/07/2013 07:53:58 am: Query has run: <CALL USP_GetCategories2();>.
01/07/2013 07:53:58 am: ... Got dataset to return in json obj
01/07/2013 07:53:58 am: Query has run: <CALL USP_GetCategories();>.
01/07/2013 07:53:58 am: ... Got dataset to return in json obj
01/07/2013 07:53:58 am: Query has run: <CALL USP_GetPayees();>.
01/07/2013 07:53:58 am: ... Got dataset to return in json obj
01/07/2013 07:53:58 am: Query has run: <CALL USP_GetCurrencies();>.
01/07/2013 07:53:58 am: ... Got dataset to return in json obj
01/07/2013 07:54:21 am: Get the dataset to return in json obj...
01/07/2013 07:54:21 am: Get the dataset to return in json obj...
01/07/2013 07:54:21 am: Get the dataset to return in json obj...
01/07/2013 07:54:21 am: Query has run: <CALL USP_GetAccounts();>.
01/07/2013 07:54:21 am: ... Got dataset to return in json obj
01/07/2013 07:54:21 am: Query has run: <CALL USP_GetCategories();>.
01/07/2013 07:54:21 am: ... Got dataset to return in json obj
01/07/2013 07:54:21 am: Get the dataset to return in json obj...
01/07/2013 07:54:21 am: Query has run: <CALL USP_GetCurrencies();>.
01/07/2013 07:54:21 am: ... Got dataset to return in json obj
01/07/2013 07:54:21 am: Query has run: <CALL USP_GetPayees();>.
01/07/2013 07:54:21 am: ... Got dataset to return in json obj
01/07/2013 07:54:21 am: Get the dataset to return in json obj...
01/07/2013 07:54:21 am: Query has run: <CALL USP_GetCategories2();>.
01/07/2013 07:54:21 am: ... Got dataset to return in json obj
01/07/2013 07:54:38 am: Amount value: -500. Preg_match_all result is <1>
01/07/2013 07:54:38 am: Currency = <1>.
01/07/2013 08:00:08 am: Get the dataset to return in json obj...
01/07/2013 08:00:08 am: Query has run: <CALL USP_GetAccounts();>.
01/07/2013 08:00:08 am: ... Got dataset to return in json obj
01/07/2013 08:00:08 am: Get the dataset to return in json obj...
01/07/2013 08:00:08 am: Query has run: <CALL USP_GetCurrencies();>.
01/07/2013 08:00:08 am: ... Got dataset to return in json obj
01/07/2013 08:00:08 am: Get the dataset to return in json obj...
01/07/2013 08:00:08 am: Query has run: <CALL USP_GetCategories();>.
01/07/2013 08:00:08 am: ... Got dataset to return in json obj
01/07/2013 08:00:08 am: Get the dataset to return in json obj...
01/07/2013 08:00:08 am: Query has run: <CALL USP_GetPayees();>.
01/07/2013 08:00:08 am: ... Got dataset to return in json obj
01/07/2013 08:00:08 am: Get the dataset to return in json obj...
01/07/2013 08:00:08 am: Query has run: <CALL USP_GetCategories2();>.
01/07/2013 08:00:08 am: ... Got dataset to return in json obj
01/07/2013 08:01:01 am: Get the dataset to return in json obj...
01/07/2013 08:01:01 am: Query has run: <CALL USP_GetCategories();>.
01/07/2013 08:01:01 am: ... Got dataset to return in json obj
01/07/2013 08:01:01 am: Get the dataset to return in json obj...
01/07/2013 08:01:01 am: Get the dataset to return in json obj...
01/07/2013 08:01:01 am: Get the dataset to return in json obj...
01/07/2013 08:01:01 am: Query has run: <CALL USP_GetAccounts();>.
01/07/2013 08:01:01 am: Query has run: <CALL USP_GetCurrencies();>.
01/07/2013 08:01:01 am: ... Got dataset to return in json obj
01/07/2013 08:01:01 am: ... Got dataset to return in json obj
01/07/2013 08:01:01 am: Get the dataset to return in json obj...
01/07/2013 08:01:01 am: Query has run: <CALL USP_GetPayees();>.
01/07/2013 08:01:01 am: ... Got dataset to return in json obj
01/07/2013 08:01:01 am: Query has run: <CALL USP_GetCategories2();>.
01/07/2013 08:01:01 am: ... Got dataset to return in json obj
01/07/2013 08:04:40 am: Get the dataset to return in json obj...
01/07/2013 08:04:40 am: Get the dataset to return in json obj...
01/07/2013 08:04:40 am: Get the dataset to return in json obj...
01/07/2013 08:04:40 am: Query has run: <CALL USP_GetAccounts();>.
01/07/2013 08:04:40 am: ... Got dataset to return in json obj
01/07/2013 08:04:40 am: Query has run: <CALL USP_GetCurrencies();>.
01/07/2013 08:04:40 am: ... Got dataset to return in json obj
01/07/2013 08:04:40 am: Query has run: <CALL USP_GetPayees();>.
01/07/2013 08:04:40 am: ... Got dataset to return in json obj
01/07/2013 08:04:40 am: Get the dataset to return in json obj...
01/07/2013 08:04:40 am: Query has run: <CALL USP_GetCategories();>.
01/07/2013 08:04:40 am: ... Got dataset to return in json obj
01/07/2013 08:04:40 am: Get the dataset to return in json obj...
01/07/2013 08:04:40 am: Query has run: <CALL USP_GetCategories2();>.
01/07/2013 08:04:40 am: ... Got dataset to return in json obj
01/07/2013 08:05:13 am: Get the dataset to return in json obj...
01/07/2013 08:05:13 am: Get the dataset to return in json obj...
01/07/2013 08:05:13 am: Query has run: <CALL USP_GetCurrencies();>.
01/07/2013 08:05:13 am: ... Got dataset to return in json obj
01/07/2013 08:05:13 am: Query has run: <CALL USP_GetCategories();>.
01/07/2013 08:05:13 am: ... Got dataset to return in json obj
01/07/2013 08:05:13 am: Get the dataset to return in json obj...
01/07/2013 08:05:13 am: Get the dataset to return in json obj...
01/07/2013 08:05:13 am: Get the dataset to return in json obj...
01/07/2013 08:05:13 am: Query has run: <CALL USP_GetPayees();>.
01/07/2013 08:05:13 am: ... Got dataset to return in json obj
01/07/2013 08:05:13 am: Query has run: <CALL USP_GetAccounts();>.
01/07/2013 08:05:13 am: ... Got dataset to return in json obj
01/07/2013 08:05:13 am: Query has run: <CALL USP_GetCategories2();>.
01/07/2013 08:05:13 am: ... Got dataset to return in json obj
01/07/2013 08:39:00 am: Get the dataset to return in json obj...
01/07/2013 08:39:00 am: Get the dataset to return in json obj...
01/07/2013 08:39:00 am: Get the dataset to return in json obj...
01/07/2013 08:39:00 am: Query has run: <CALL USP_GetCurrencies();>.
01/07/2013 08:39:00 am: ... Got dataset to return in json obj
01/07/2013 08:39:00 am: Query has run: <CALL USP_GetCategories();>.
01/07/2013 08:39:00 am: ... Got dataset to return in json obj
01/07/2013 08:39:00 am: Query has run: <CALL USP_GetAccounts();>.
01/07/2013 08:39:00 am: ... Got dataset to return in json obj
01/07/2013 08:39:00 am: Get the dataset to return in json obj...
01/07/2013 08:39:00 am: Get the dataset to return in json obj...
01/07/2013 08:39:00 am: Query has run: <CALL USP_GetPayees();>.
01/07/2013 08:39:00 am: ... Got dataset to return in json obj
01/07/2013 08:39:00 am: Query has run: <CALL USP_GetCategories2();>.
01/07/2013 08:39:00 am: ... Got dataset to return in json obj
01/07/2013 08:39:01 am: Get the dataset to return in json obj...
01/07/2013 08:39:01 am: Get the dataset to return in json obj...
01/07/2013 08:39:01 am: Get the dataset to return in json obj...
01/07/2013 08:39:01 am: Query has run: <CALL USP_GetPayees();>.
01/07/2013 08:39:01 am: ... Got dataset to return in json obj
01/07/2013 08:39:01 am: Query has run: <CALL USP_GetAccounts();>.
01/07/2013 08:39:01 am: Query has run: <CALL USP_GetCurrencies();>.
01/07/2013 08:39:01 am: ... Got dataset to return in json obj
01/07/2013 08:39:01 am: ... Got dataset to return in json obj
01/07/2013 08:39:01 am: Get the dataset to return in json obj...
01/07/2013 08:39:01 am: Query has run: <CALL USP_GetCategories();>.
01/07/2013 08:39:01 am: ... Got dataset to return in json obj
01/07/2013 08:39:01 am: Get the dataset to return in json obj...
01/07/2013 08:39:01 am: Query has run: <CALL USP_GetCategories2();>.
01/07/2013 08:39:01 am: ... Got dataset to return in json obj
01/07/2013 12:15:04 pm: Get the dataset to return in json obj...
01/07/2013 12:15:04 pm: Get the dataset to return in json obj...
01/07/2013 12:15:04 pm: Get the dataset to return in json obj...
01/07/2013 12:15:04 pm: Get the dataset to return in json obj...
01/07/2013 12:15:04 pm: Get the dataset to return in json obj...
01/07/2013 12:15:04 pm: Query has run: <CALL USP_GetAccounts();>.
01/07/2013 12:15:04 pm: Query has run: <CALL USP_GetCategories2();>.
01/07/2013 12:15:04 pm: ... Got dataset to return in json obj
01/07/2013 12:15:04 pm: ... Got dataset to return in json obj
01/07/2013 12:15:04 pm: Query has run: <CALL USP_GetCurrencies();>.
01/07/2013 12:15:04 pm: ... Got dataset to return in json obj
01/07/2013 12:15:04 pm: Query has run: <CALL USP_GetPayees();>.
01/07/2013 12:15:04 pm: ... Got dataset to return in json obj
01/07/2013 12:15:04 pm: Query has run: <CALL USP_GetCategories();>.
01/07/2013 12:15:04 pm: ... Got dataset to return in json obj
01/07/2013 09:09:08 pm: Get the dataset to return in json obj...
01/07/2013 09:09:08 pm: Get the dataset to return in json obj...
01/07/2013 09:09:08 pm: Get the dataset to return in json obj...
01/07/2013 09:09:08 pm: Get the dataset to return in json obj...
01/07/2013 09:09:08 pm: Get the dataset to return in json obj...
01/07/2013 09:09:08 pm: Query has run: <CALL USP_GetCurrencies();>.
01/07/2013 09:09:08 pm: ... Got dataset to return in json obj
01/07/2013 09:09:08 pm: Query has run: <CALL USP_GetCategories();>.
01/07/2013 09:09:08 pm: ... Got dataset to return in json obj
01/07/2013 09:09:08 pm: Query has run: <CALL USP_GetAccounts();>.
01/07/2013 09:09:08 pm: ... Got dataset to return in json obj
01/07/2013 09:09:08 pm: Query has run: <CALL USP_GetCategories2();>.
01/07/2013 09:09:08 pm: ... Got dataset to return in json obj
01/07/2013 09:09:08 pm: Query has run: <CALL USP_GetPayees();>.
01/07/2013 09:09:08 pm: ... Got dataset to return in json obj
01/07/2013 09:44:00 pm: Amount value: -4,99. Preg_match_all result is <1>
01/07/2013 09:44:01 pm: Currency = <3>.
01/07/2013 09:44:19 pm: Amount value: -4,99. Preg_match_all result is <1>
01/07/2013 09:44:19 pm: Currency = <3>.
01/07/2013 09:44:38 pm: Amount value: -4,99. Preg_match_all result is <1>
01/07/2013 09:44:38 pm: Currency = <3>.
01/07/2013 09:45:59 pm: Amount value: -15.92. Preg_match_all result is <1>
01/07/2013 09:45:59 pm: Currency = <3>.
01/07/2013 09:50:48 pm: Amount value: -15.92. Preg_match_all result is <1>
01/07/2013 09:50:48 pm: Currency = <3>.
01/07/2013 09:51:06 pm: Amount value: 200. Preg_match_all result is <1>
01/07/2013 09:51:06 pm: Currency = <3>.
01/07/2013 09:51:22 pm: Amount value: 200. Preg_match_all result is <1>
01/07/2013 09:51:22 pm: Currency = <3>.
01/07/2013 09:51:26 pm: Get the dataset to return in json obj...
01/07/2013 09:51:26 pm: Query has run: <CALL USP_GetAccounts();>.
01/07/2013 09:51:26 pm: ... Got dataset to return in json obj
01/07/2013 09:51:26 pm: Get the dataset to return in json obj...
01/07/2013 09:51:26 pm: Get the dataset to return in json obj...
01/07/2013 09:51:26 pm: Query has run: <CALL USP_GetCurrencies();>.
01/07/2013 09:51:26 pm: ... Got dataset to return in json obj
01/07/2013 09:51:26 pm: Query has run: <CALL USP_GetPayees();>.
01/07/2013 09:51:26 pm: ... Got dataset to return in json obj
01/07/2013 09:51:26 pm: Get the dataset to return in json obj...
01/07/2013 09:51:26 pm: Query has run: <CALL USP_GetCategories();>.
01/07/2013 09:51:26 pm: ... Got dataset to return in json obj
01/07/2013 09:51:26 pm: Get the dataset to return in json obj...
01/07/2013 09:51:26 pm: Query has run: <CALL USP_GetCategories2();>.
01/07/2013 09:51:26 pm: ... Got dataset to return in json obj
01/07/2013 09:51:38 pm: Get the dataset to return in json obj...
01/07/2013 09:51:38 pm: Get the dataset to return in json obj...
01/07/2013 09:51:38 pm: Get the dataset to return in json obj...
01/07/2013 09:51:38 pm: Query has run: <CALL USP_GetPayees();>.
01/07/2013 09:51:38 pm: ... Got dataset to return in json obj
01/07/2013 09:51:38 pm: Get the dataset to return in json obj...
01/07/2013 09:51:38 pm: Query has run: <CALL USP_GetCurrencies();>.
01/07/2013 09:51:38 pm: ... Got dataset to return in json obj
01/07/2013 09:51:38 pm: Query has run: <CALL USP_GetAccounts();>.
01/07/2013 09:51:38 pm: ... Got dataset to return in json obj
01/07/2013 09:51:38 pm: Query has run: <CALL USP_GetCategories();>.
01/07/2013 09:51:38 pm: ... Got dataset to return in json obj
01/07/2013 09:51:38 pm: Get the dataset to return in json obj...
01/07/2013 09:51:38 pm: Query has run: <CALL USP_GetCategories2();>.
01/07/2013 09:51:38 pm: ... Got dataset to return in json obj
01/07/2013 09:51:39 pm: Get the dataset to return in json obj...
01/07/2013 09:51:39 pm: Get the dataset to return in json obj...
01/07/2013 09:51:39 pm: Get the dataset to return in json obj...
01/07/2013 09:51:39 pm: Get the dataset to return in json obj...
01/07/2013 09:51:39 pm: Get the dataset to return in json obj...
01/07/2013 09:51:39 pm: Query has run: <CALL USP_GetCategories();>.
01/07/2013 09:51:39 pm: ... Got dataset to return in json obj
01/07/2013 09:51:39 pm: Query has run: <CALL USP_GetPayees();>.
01/07/2013 09:51:39 pm: ... Got dataset to return in json obj
01/07/2013 09:51:39 pm: Query has run: <CALL USP_GetCategories2();>.
01/07/2013 09:51:39 pm: ... Got dataset to return in json obj
01/07/2013 09:51:39 pm: Query has run: <CALL USP_GetAccounts();>.
01/07/2013 09:51:39 pm: ... Got dataset to return in json obj
01/07/2013 09:51:39 pm: Query has run: <CALL USP_GetCurrencies();>.
01/07/2013 09:51:39 pm: ... Got dataset to return in json obj
01/07/2013 09:51:49 pm: Get the dataset to return in json obj...
01/07/2013 09:51:49 pm: Query has run: <CALL USP_GetCurrencies();>.
01/07/2013 09:51:49 pm: ... Got dataset to return in json obj
01/07/2013 09:51:49 pm: Get the dataset to return in json obj...
01/07/2013 09:51:49 pm: Query has run: <CALL USP_GetAccounts();>.
01/07/2013 09:51:49 pm: ... Got dataset to return in json obj
01/07/2013 09:51:49 pm: Get the dataset to return in json obj...
01/07/2013 09:51:49 pm: Get the dataset to return in json obj...
01/07/2013 09:51:49 pm: Get the dataset to return in json obj...
01/07/2013 09:51:49 pm: Query has run: <CALL USP_GetPayees();>.
01/07/2013 09:51:49 pm: ... Got dataset to return in json obj
01/07/2013 09:51:49 pm: Query has run: <CALL USP_GetCategories();>.
01/07/2013 09:51:49 pm: ... Got dataset to return in json obj
01/07/2013 09:51:49 pm: Query has run: <CALL USP_GetCategories2();>.
01/07/2013 09:51:49 pm: ... Got dataset to return in json obj
01/07/2013 09:51:58 pm: Get the dataset to return in json obj...
01/07/2013 09:51:58 pm: Query has run: <CALL USP_GetAccounts();>.
01/07/2013 09:51:58 pm: ... Got dataset to return in json obj
01/07/2013 09:51:58 pm: Get the dataset to return in json obj...
01/07/2013 09:51:58 pm: Get the dataset to return in json obj...
01/07/2013 09:51:58 pm: Get the dataset to return in json obj...
01/07/2013 09:51:58 pm: Get the dataset to return in json obj...
01/07/2013 09:51:58 pm: Query has run: <CALL USP_GetCurrencies();>.
01/07/2013 09:51:58 pm: Query has run: <CALL USP_GetCategories2();>.
01/07/2013 09:51:58 pm: ... Got dataset to return in json obj
01/07/2013 09:51:58 pm: Query has run: <CALL USP_GetCategories();>.
01/07/2013 09:51:58 pm: ... Got dataset to return in json obj
01/07/2013 09:51:58 pm: ... Got dataset to return in json obj
01/07/2013 09:51:58 pm: Query has run: <CALL USP_GetPayees();>.
01/07/2013 09:51:58 pm: ... Got dataset to return in json obj
01/07/2013 09:52:20 pm: Get the dataset to return in json obj...
01/07/2013 09:52:20 pm: Get the dataset to return in json obj...
01/07/2013 09:52:20 pm: Query has run: <CALL USP_GetPayees();>.
01/07/2013 09:52:20 pm: Get the dataset to return in json obj...
01/07/2013 09:52:20 pm: Get the dataset to return in json obj...
01/07/2013 09:52:20 pm: Get the dataset to return in json obj...
01/07/2013 09:52:20 pm: ... Got dataset to return in json obj
01/07/2013 09:52:20 pm: Query has run: <CALL USP_GetAccounts();>.
01/07/2013 09:52:20 pm: Query has run: <CALL USP_GetCategories();>.
01/07/2013 09:52:20 pm: ... Got dataset to return in json obj
01/07/2013 09:52:20 pm: ... Got dataset to return in json obj
01/07/2013 09:52:20 pm: Query has run: <CALL USP_GetCategories2();>.
01/07/2013 09:52:20 pm: Query has run: <CALL USP_GetCurrencies();>.
01/07/2013 09:52:20 pm: ... Got dataset to return in json obj
01/07/2013 09:52:20 pm: ... Got dataset to return in json obj
01/07/2013 09:52:53 pm: Get the dataset to return in json obj...
01/07/2013 09:52:53 pm: Get the dataset to return in json obj...
01/07/2013 09:52:53 pm: Query has run: <CALL USP_GetCurrencies();>.
01/07/2013 09:52:53 pm: ... Got dataset to return in json obj
01/07/2013 09:52:53 pm: Query has run: <CALL USP_GetAccounts();>.
01/07/2013 09:52:53 pm: ... Got dataset to return in json obj
01/07/2013 09:52:53 pm: Get the dataset to return in json obj...
01/07/2013 09:52:53 pm: Get the dataset to return in json obj...
01/07/2013 09:52:53 pm: Query has run: <CALL USP_GetPayees();>.
01/07/2013 09:52:53 pm: ... Got dataset to return in json obj
01/07/2013 09:52:53 pm: Query has run: <CALL USP_GetCategories();>.
01/07/2013 09:52:53 pm: ... Got dataset to return in json obj
01/07/2013 09:52:53 pm: Get the dataset to return in json obj...
01/07/2013 09:52:53 pm: Query has run: <CALL USP_GetCategories2();>.
01/07/2013 09:52:53 pm: ... Got dataset to return in json obj
01/07/2013 09:53:02 pm: Get the dataset to return in json obj...
01/07/2013 09:53:02 pm: Query has run: <CALL USP_GetPayees();>.
01/07/2013 09:53:02 pm: ... Got dataset to return in json obj
01/07/2013 09:53:02 pm: Get the dataset to return in json obj...
01/07/2013 09:53:02 pm: Query has run: <CALL USP_GetCurrencies();>.
01/07/2013 09:53:02 pm: ... Got dataset to return in json obj
01/07/2013 09:53:02 pm: Get the dataset to return in json obj...
01/07/2013 09:53:03 pm: Query has run: <CALL USP_GetCategories2();>.
01/07/2013 09:53:03 pm: ... Got dataset to return in json obj
01/07/2013 09:53:03 pm: Get the dataset to return in json obj...
01/07/2013 09:53:03 pm: Query has run: <CALL USP_GetAccounts();>.
01/07/2013 09:53:03 pm: ... Got dataset to return in json obj
01/07/2013 09:53:03 pm: Get the dataset to return in json obj...
01/07/2013 09:53:03 pm: Query has run: <CALL USP_GetCategories();>.
01/07/2013 09:53:03 pm: ... Got dataset to return in json obj
01/07/2013 09:53:24 pm: Get the dataset to return in json obj...
01/07/2013 09:53:24 pm: Get the dataset to return in json obj...
01/07/2013 09:53:24 pm: Get the dataset to return in json obj...
01/07/2013 09:53:24 pm: Get the dataset to return in json obj...
01/07/2013 09:53:24 pm: Get the dataset to return in json obj...
01/07/2013 09:53:24 pm: Query has run: <CALL USP_GetCategories();>.
01/07/2013 09:53:24 pm: ... Got dataset to return in json obj
01/07/2013 09:53:24 pm: Query has run: <CALL USP_GetCurrencies();>.
01/07/2013 09:53:24 pm: ... Got dataset to return in json obj
01/07/2013 09:53:24 pm: Query has run: <CALL USP_GetCategories2();>.
01/07/2013 09:53:24 pm: ... Got dataset to return in json obj
01/07/2013 09:53:24 pm: Query has run: <CALL USP_GetPayees();>.
01/07/2013 09:53:24 pm: ... Got dataset to return in json obj
01/07/2013 09:53:24 pm: Query has run: <CALL USP_GetAccounts();>.
01/07/2013 09:53:24 pm: ... Got dataset to return in json obj
01/07/2013 09:53:26 pm: Get the dataset to return in json obj...
01/07/2013 09:53:26 pm: Get the dataset to return in json obj...
01/07/2013 09:53:26 pm: Get the dataset to return in json obj...
01/07/2013 09:53:26 pm: Get the dataset to return in json obj...
01/07/2013 09:53:26 pm: Query has run: <CALL USP_GetPayees();>.
01/07/2013 09:53:26 pm: ... Got dataset to return in json obj
01/07/2013 09:53:26 pm: Query has run: <CALL USP_GetAccounts();>.
01/07/2013 09:53:26 pm: Get the dataset to return in json obj...
01/07/2013 09:53:26 pm: ... Got dataset to return in json obj
01/07/2013 09:53:26 pm: Query has run: <CALL USP_GetCurrencies();>.
01/07/2013 09:53:26 pm: ... Got dataset to return in json obj
01/07/2013 09:53:26 pm: Query has run: <CALL USP_GetCategories();>.
01/07/2013 09:53:26 pm: ... Got dataset to return in json obj
01/07/2013 09:53:26 pm: Query has run: <CALL USP_GetCategories2();>.
01/07/2013 09:53:26 pm: ... Got dataset to return in json obj
01/07/2013 09:53:47 pm: Amount value: -9,12. Preg_match_all result is <1>
01/07/2013 09:53:47 pm: Currency = <1>.
01/07/2013 09:54:19 pm: Amount value: -26,23. Preg_match_all result is <1>
01/07/2013 09:54:19 pm: Currency = <1>.
01/07/2013 09:55:43 pm: Amount value: -286,66. Preg_match_all result is <1>
01/07/2013 09:55:43 pm: Currency = <1>.
01/07/2013 09:55:58 pm: Get the dataset to return in json obj...
01/07/2013 09:55:58 pm: Get the dataset to return in json obj...
01/07/2013 09:55:58 pm: Query has run: <CALL USP_GetAccounts();>.
01/07/2013 09:55:58 pm: ... Got dataset to return in json obj
01/07/2013 09:55:58 pm: Get the dataset to return in json obj...
01/07/2013 09:55:58 pm: Query has run: <CALL USP_GetCurrencies();>.
01/07/2013 09:55:58 pm: ... Got dataset to return in json obj
01/07/2013 09:55:58 pm: Get the dataset to return in json obj...
01/07/2013 09:55:58 pm: Query has run: <CALL USP_GetPayees();>.
01/07/2013 09:55:58 pm: ... Got dataset to return in json obj
01/07/2013 09:55:58 pm: Query has run: <CALL USP_GetCategories();>.
01/07/2013 09:55:58 pm: ... Got dataset to return in json obj
01/07/2013 09:55:58 pm: Get the dataset to return in json obj...
01/07/2013 09:55:58 pm: Query has run: <CALL USP_GetCategories2();>.
01/07/2013 09:55:58 pm: ... Got dataset to return in json obj
