05/29/2013 06:30:29 pm: Get the dataset to return in json obj...
05/29/2013 06:30:29 pm: Get the dataset to return in json obj...
05/29/2013 06:30:29 pm: Query has run: <CALL USP_GetCurrencies();>.
05/29/2013 06:30:29 pm: ... Got dataset to return in json obj
05/29/2013 06:30:29 pm: Query has run: <CALL USP_GetPayees();>.
05/29/2013 06:30:29 pm: Query has run: <CALL USP_GetAccounts();>.
05/29/2013 06:30:29 pm: ... Got dataset to return in json obj
05/29/2013 06:30:29 pm: ... Got dataset to return in json obj
05/29/2013 06:30:30 pm: Get the dataset to return in json obj...
05/29/2013 06:30:30 pm: Query has run: <CALL USP_GetCategories();>.
05/29/2013 06:30:30 pm: ... Got dataset to return in json obj
05/29/2013 06:30:31 pm: Get the dataset to return in json obj...
05/29/2013 06:30:31 pm: Query has run: <CALL USP_GetCategories2();>.
05/29/2013 06:30:31 pm: ... Got dataset to return in json obj
05/29/2013 06:30:42 pm: Get the dataset to return in json obj...
05/29/2013 06:30:42 pm: Query has run: <CALL USP_GetAccounts();>.
05/29/2013 06:30:42 pm: ... Got dataset to return in json obj
05/29/2013 06:30:42 pm: Get the dataset to return in json obj...
05/29/2013 06:30:42 pm: Get the dataset to return in json obj...
05/29/2013 06:30:42 pm: Get the dataset to return in json obj...
05/29/2013 06:30:42 pm: Query has run: <CALL USP_GetCategories();>.
05/29/2013 06:30:42 pm: ... Got dataset to return in json obj
05/29/2013 06:30:42 pm: Get the dataset to return in json obj...
05/29/2013 06:30:42 pm: Query has run: <CALL USP_GetCurrencies();>.
05/29/2013 06:30:42 pm: Query has run: <CALL USP_GetPayees();>.
05/29/2013 06:30:42 pm: ... Got dataset to return in json obj
05/29/2013 06:30:42 pm: ... Got dataset to return in json obj
05/29/2013 06:30:42 pm: Query has run: <CALL USP_GetCategories2();>.
05/29/2013 06:30:42 pm: ... Got dataset to return in json obj
05/29/2013 10:41:24 pm: Get the dataset to return in json obj...
05/29/2013 10:41:24 pm: Get the dataset to return in json obj...
05/29/2013 10:41:24 pm: Get the dataset to return in json obj...
05/29/2013 10:41:24 pm: Get the dataset to return in json obj...
05/29/2013 10:41:24 pm: Get the dataset to return in json obj...
05/29/2013 10:41:25 pm: Query has run: <CALL USP_GetAccounts();>.
05/29/2013 10:41:25 pm: ... Got dataset to return in json obj
05/29/2013 10:41:25 pm: Query has run: <CALL USP_GetCategories();>.
05/29/2013 10:41:25 pm: ... Got dataset to return in json obj
05/29/2013 10:41:25 pm: Query has run: <CALL USP_GetCategories2();>.
05/29/2013 10:41:25 pm: ... Got dataset to return in json obj
05/29/2013 10:41:25 pm: Query has run: <CALL USP_GetPayees();>.
05/29/2013 10:41:25 pm: ... Got dataset to return in json obj
05/29/2013 10:41:25 pm: Query has run: <CALL USP_GetCurrencies();>.
05/29/2013 10:41:25 pm: ... Got dataset to return in json obj
05/29/2013 10:42:01 pm: Amount value: -6. Preg_match_all result is <1>
05/29/2013 10:42:02 pm: Currency = <1>.
05/29/2013 10:42:08 pm: Amount value: -6. Preg_match_all result is <1>
05/29/2013 10:42:08 pm: Currency = <1>.
