01/18/2013 02:29:17 pm: Get the dataset to return in json obj...
01/18/2013 02:29:17 pm: Get the dataset to return in json obj...
01/18/2013 02:29:17 pm: Get the dataset to return in json obj...
01/18/2013 02:29:17 pm: Get the dataset to return in json obj...
01/18/2013 02:29:17 pm: Query has run: <CALL USP_GetPayees();>.
01/18/2013 02:29:17 pm: ... Got dataset to return in json obj
01/18/2013 02:29:17 pm: Get the dataset to return in json obj...
01/18/2013 02:29:18 pm: Query has run: <CALL USP_GetCategories();>.
01/18/2013 02:29:18 pm: ... Got dataset to return in json obj
01/18/2013 02:29:18 pm: Query has run: <CALL USP_GetAccounts();>.
01/18/2013 02:29:18 pm: Query has run: <CALL USP_GetCategories2();>.
01/18/2013 02:29:18 pm: ... Got dataset to return in json obj
01/18/2013 02:29:18 pm: ... Got dataset to return in json obj
01/18/2013 02:29:18 pm: Query has run: <CALL USP_GetCurrencies();>.
01/18/2013 02:29:18 pm: ... Got dataset to return in json obj
01/18/2013 02:30:26 pm: Get the dataset to return in json obj...
01/18/2013 02:30:26 pm: Get the dataset to return in json obj...
01/18/2013 02:30:26 pm: Get the dataset to return in json obj...
01/18/2013 02:30:26 pm: Query has run: <CALL USP_GetCurrencies();>.
01/18/2013 02:30:26 pm: ... Got dataset to return in json obj
01/18/2013 02:30:26 pm: Query has run: <CALL USP_GetPayees();>.
01/18/2013 02:30:26 pm: ... Got dataset to return in json obj
01/18/2013 02:30:26 pm: Query has run: <CALL USP_GetCategories2();>.
01/18/2013 02:30:26 pm: ... Got dataset to return in json obj
01/18/2013 02:30:26 pm: Get the dataset to return in json obj...
01/18/2013 02:30:26 pm: Get the dataset to return in json obj...
01/18/2013 02:30:26 pm: Query has run: <CALL USP_GetAccounts();>.
01/18/2013 02:30:26 pm: ... Got dataset to return in json obj
01/18/2013 02:30:26 pm: Query has run: <CALL USP_GetCategories();>.
01/18/2013 02:30:26 pm: ... Got dataset to return in json obj
01/18/2013 02:30:27 pm: Get the dataset to return in json obj...
01/18/2013 02:30:27 pm: Query has run: <CALL USP_GetAccounts();>.
01/18/2013 02:30:27 pm: Get the dataset to return in json obj...
01/18/2013 02:30:27 pm: ... Got dataset to return in json obj
01/18/2013 02:30:27 pm: Get the dataset to return in json obj...
01/18/2013 02:30:27 pm: Get the dataset to return in json obj...
01/18/2013 02:30:27 pm: Query has run: <CALL USP_GetCategories();>.
01/18/2013 02:30:27 pm: ... Got dataset to return in json obj
01/18/2013 02:30:27 pm: Query has run: <CALL USP_GetPayees();>.
01/18/2013 02:30:27 pm: ... Got dataset to return in json obj
01/18/2013 02:30:27 pm: Get the dataset to return in json obj...
01/18/2013 02:30:27 pm: Query has run: <CALL USP_GetCategories2();>.
01/18/2013 02:30:27 pm: ... Got dataset to return in json obj
01/18/2013 02:30:27 pm: Query has run: <CALL USP_GetCurrencies();>.
01/18/2013 02:30:27 pm: ... Got dataset to return in json obj
01/18/2013 02:32:10 pm: Amount value: -5,23. Preg_match_all result is <1>
01/18/2013 02:32:10 pm: Currency = <3>.
01/18/2013 02:32:36 pm: Amount value: -14,53. Preg_match_all result is <1>
01/18/2013 02:32:36 pm: Currency = <3>.
01/18/2013 02:32:39 pm: Get the dataset to return in json obj...
01/18/2013 02:32:39 pm: Get the dataset to return in json obj...
01/18/2013 02:32:39 pm: Query has run: <CALL USP_GetCategories();>.
01/18/2013 02:32:39 pm: ... Got dataset to return in json obj
01/18/2013 02:32:39 pm: Get the dataset to return in json obj...
01/18/2013 02:32:39 pm: Query has run: <CALL USP_GetPayees();>.
01/18/2013 02:32:39 pm: ... Got dataset to return in json obj
01/18/2013 02:32:39 pm: Query has run: <CALL USP_GetCategories2();>.
01/18/2013 02:32:39 pm: ... Got dataset to return in json obj
01/18/2013 02:32:39 pm: Get the dataset to return in json obj...
01/18/2013 02:32:39 pm: Query has run: <CALL USP_GetAccounts();>.
01/18/2013 02:32:39 pm: ... Got dataset to return in json obj
01/18/2013 02:32:39 pm: Get the dataset to return in json obj...
01/18/2013 02:32:39 pm: Query has run: <CALL USP_GetCurrencies();>.
01/18/2013 02:32:39 pm: ... Got dataset to return in json obj
