04/18/2013 07:23:12 pm: Get the dataset to return in json obj...
04/18/2013 07:23:12 pm: Get the dataset to return in json obj...
04/18/2013 07:23:12 pm: Get the dataset to return in json obj...
04/18/2013 07:23:12 pm: Get the dataset to return in json obj...
04/18/2013 07:23:15 pm: Query has run: <CALL USP_GetCategories();>.
04/18/2013 07:23:15 pm: ... Got dataset to return in json obj
04/18/2013 07:23:15 pm: Query has run: <CALL USP_GetCategories2();>.
04/18/2013 07:23:15 pm: ... Got dataset to return in json obj
04/18/2013 07:23:15 pm: Query has run: <CALL USP_GetPayees();>.
04/18/2013 07:23:15 pm: ... Got dataset to return in json obj
04/18/2013 07:23:15 pm: Query has run: <CALL USP_GetAccounts();>.
04/18/2013 07:23:15 pm: ... Got dataset to return in json obj
04/18/2013 07:23:15 pm: Query has run: <CALL USP_GetCurrencies();>.
04/18/2013 07:23:15 pm: ... Got dataset to return in json obj
04/18/2013 08:26:05 pm: Amount value: -7,53. Preg_match_all result is <1>
04/18/2013 08:26:06 pm: Currency = <1>.
04/18/2013 08:26:33 pm: Amount value: -14,04. Preg_match_all result is <1>
04/18/2013 08:26:33 pm: Currency = <1>.
04/18/2013 08:26:47 pm: Amount value: -8,9. Preg_match_all result is <1>
04/18/2013 08:26:47 pm: Currency = <1>.
04/18/2013 08:29:05 pm: Get the dataset to return in json obj...
04/18/2013 08:29:05 pm: Get the dataset to return in json obj...
04/18/2013 08:29:05 pm: Get the dataset to return in json obj...
04/18/2013 08:29:05 pm: Query has run: <CALL USP_GetCategories();>.
04/18/2013 08:29:05 pm: Get the dataset to return in json obj...
04/18/2013 08:29:05 pm: ... Got dataset to return in json obj
04/18/2013 08:29:05 pm: Query has run: <CALL USP_GetCurrencies();>.
04/18/2013 08:29:05 pm: ... Got dataset to return in json obj
04/18/2013 08:29:05 pm: Get the dataset to return in json obj...
04/18/2013 08:29:05 pm: Query has run: <CALL USP_GetCategories2();>.
04/18/2013 08:29:05 pm: ... Got dataset to return in json obj
04/18/2013 08:29:05 pm: Query has run: <CALL USP_GetAccounts();>.
04/18/2013 08:29:05 pm: ... Got dataset to return in json obj
04/18/2013 08:29:05 pm: Query has run: <CALL USP_GetPayees();>.
04/18/2013 08:29:05 pm: ... Got dataset to return in json obj
04/18/2013 08:29:50 pm: Get the dataset to return in json obj...
04/18/2013 08:29:50 pm: Get the dataset to return in json obj...
04/18/2013 08:29:50 pm: Get the dataset to return in json obj...
04/18/2013 08:29:50 pm: Get the dataset to return in json obj...
04/18/2013 08:29:50 pm: Query has run: <CALL USP_GetAccounts();>.
04/18/2013 08:29:50 pm: ... Got dataset to return in json obj
04/18/2013 08:29:50 pm: Query has run: <CALL USP_GetPayees();>.
04/18/2013 08:29:50 pm: ... Got dataset to return in json obj
04/18/2013 08:29:50 pm: Query has run: <CALL USP_GetCategories();>.
04/18/2013 08:29:50 pm: ... Got dataset to return in json obj
04/18/2013 08:29:50 pm: Query has run: <CALL USP_GetCurrencies();>.
04/18/2013 08:29:50 pm: ... Got dataset to return in json obj
04/18/2013 08:29:50 pm: Get the dataset to return in json obj...
04/18/2013 08:29:50 pm: Query has run: <CALL USP_GetCategories2();>.
04/18/2013 08:29:50 pm: ... Got dataset to return in json obj
04/18/2013 08:29:53 pm: Currency = <1>.
04/18/2013 08:29:56 pm: Get the dataset to return in json obj...
04/18/2013 08:29:56 pm: Get the dataset to return in json obj...
04/18/2013 08:29:56 pm: Query has run: <CALL USP_GetPayees();>.
04/18/2013 08:29:56 pm: ... Got dataset to return in json obj
04/18/2013 08:29:56 pm: Query has run: <CALL USP_GetCategories();>.
04/18/2013 08:29:56 pm: ... Got dataset to return in json obj
04/18/2013 08:29:56 pm: Get the dataset to return in json obj...
04/18/2013 08:29:56 pm: Get the dataset to return in json obj...
04/18/2013 08:29:56 pm: Get the dataset to return in json obj...
04/18/2013 08:29:56 pm: Query has run: <CALL USP_GetCurrencies();>.
04/18/2013 08:29:56 pm: ... Got dataset to return in json obj
04/18/2013 08:29:56 pm: Query has run: <CALL USP_GetAccounts();>.
04/18/2013 08:29:56 pm: ... Got dataset to return in json obj
04/18/2013 08:29:56 pm: Query has run: <CALL USP_GetCategories2();>.
04/18/2013 08:29:56 pm: ... Got dataset to return in json obj
04/18/2013 08:30:33 pm: Get the dataset to return in json obj...
04/18/2013 08:30:33 pm: Query has run: <CALL USP_GetAccounts();>.
04/18/2013 08:30:33 pm: ... Got dataset to return in json obj
04/18/2013 08:30:33 pm: Get the dataset to return in json obj...
04/18/2013 08:30:33 pm: Query has run: <CALL USP_GetCurrencies();>.
04/18/2013 08:30:33 pm: ... Got dataset to return in json obj
04/18/2013 08:30:33 pm: Get the dataset to return in json obj...
04/18/2013 08:30:33 pm: Query has run: <CALL USP_GetCategories();>.
04/18/2013 08:30:33 pm: Get the dataset to return in json obj...
04/18/2013 08:30:33 pm: ... Got dataset to return in json obj
04/18/2013 08:30:33 pm: Query has run: <CALL USP_GetCategories2();>.
04/18/2013 08:30:33 pm: Get the dataset to return in json obj...
04/18/2013 08:30:33 pm: ... Got dataset to return in json obj
04/18/2013 08:30:33 pm: Query has run: <CALL USP_GetPayees();>.
04/18/2013 08:30:33 pm: ... Got dataset to return in json obj
