06/04/2013 06:33:29 pm: Get the dataset to return in json obj...
06/04/2013 06:33:29 pm: Get the dataset to return in json obj...
06/04/2013 06:33:29 pm: Get the dataset to return in json obj...
06/04/2013 06:33:29 pm: Get the dataset to return in json obj...
06/04/2013 06:33:29 pm: Get the dataset to return in json obj...
06/04/2013 06:33:29 pm: Query has run: <CALL USP_GetCategories2();>.
06/04/2013 06:33:29 pm: Query has run: <CALL USP_GetCategories();>.
06/04/2013 06:33:29 pm: ... Got dataset to return in json obj
06/04/2013 06:33:29 pm: ... Got dataset to return in json obj
06/04/2013 06:33:29 pm: Query has run: <CALL USP_GetPayees();>.
06/04/2013 06:33:29 pm: ... Got dataset to return in json obj
06/04/2013 06:33:29 pm: Query has run: <CALL USP_GetCurrencies();>.
06/04/2013 06:33:29 pm: ... Got dataset to return in json obj
06/04/2013 06:33:29 pm: Query has run: <CALL USP_GetAccounts();>.
06/04/2013 06:33:29 pm: ... Got dataset to return in json obj
06/04/2013 06:33:37 pm: Get the dataset to return in json obj...
06/04/2013 06:33:37 pm: Query has run: <CALL USP_GetAccounts();>.
06/04/2013 06:33:37 pm: ... Got dataset to return in json obj
06/04/2013 06:33:37 pm: Get the dataset to return in json obj...
06/04/2013 06:33:37 pm: Get the dataset to return in json obj...
06/04/2013 06:33:37 pm: Get the dataset to return in json obj...
06/04/2013 06:33:37 pm: Get the dataset to return in json obj...
06/04/2013 06:33:37 pm: Query has run: <CALL USP_GetCurrencies();>.
06/04/2013 06:33:37 pm: Query has run: <CALL USP_GetCategories2();>.
06/04/2013 06:33:37 pm: ... Got dataset to return in json obj
06/04/2013 06:33:37 pm: Query has run: <CALL USP_GetPayees();>.
06/04/2013 06:33:37 pm: ... Got dataset to return in json obj
06/04/2013 06:33:37 pm: ... Got dataset to return in json obj
06/04/2013 06:33:37 pm: Query has run: <CALL USP_GetCategories();>.
06/04/2013 06:33:37 pm: ... Got dataset to return in json obj
