01/10/2013 10:24:33 am: Get the dataset to return in json obj...
01/10/2013 10:24:33 am: Get the dataset to return in json obj...
01/10/2013 10:24:33 am: Get the dataset to return in json obj...
01/10/2013 10:24:33 am: Get the dataset to return in json obj...
01/10/2013 10:24:33 am: Query has run: <CALL USP_GetCategories();>.
01/10/2013 10:24:33 am: ... Got dataset to return in json obj
01/10/2013 10:24:33 am: Query has run: <CALL USP_GetCurrencies();>.
01/10/2013 10:24:33 am: ... Got dataset to return in json obj
01/10/2013 10:24:33 am: Query has run: <CALL USP_GetPayees();>.
01/10/2013 10:24:33 am: ... Got dataset to return in json obj
01/10/2013 10:24:33 am: Query has run: <CALL USP_GetCategories2();>.
01/10/2013 10:24:33 am: ... Got dataset to return in json obj
01/10/2013 10:24:33 am: Query has run: <CALL USP_GetAccounts();>.
01/10/2013 10:24:33 am: ... Got dataset to return in json obj
01/10/2013 10:25:05 am: Get the dataset to return in json obj...
01/10/2013 10:25:05 am: Get the dataset to return in json obj...
01/10/2013 10:25:05 am: Get the dataset to return in json obj...
01/10/2013 10:25:05 am: Query has run: <CALL USP_GetCurrencies();>.
01/10/2013 10:25:05 am: ... Got dataset to return in json obj
01/10/2013 10:25:05 am: Get the dataset to return in json obj...
01/10/2013 10:25:05 am: Query has run: <CALL USP_GetAccounts();>.
01/10/2013 10:25:05 am: ... Got dataset to return in json obj
01/10/2013 10:25:05 am: Query has run: <CALL USP_GetCategories();>.
01/10/2013 10:25:05 am: ... Got dataset to return in json obj
01/10/2013 10:25:05 am: Query has run: <CALL USP_GetPayees();>.
01/10/2013 10:25:05 am: ... Got dataset to return in json obj
01/10/2013 10:25:05 am: Get the dataset to return in json obj...
01/10/2013 10:25:05 am: Query has run: <CALL USP_GetCategories2();>.
01/10/2013 10:25:05 am: ... Got dataset to return in json obj
01/10/2013 10:25:06 am: Get the dataset to return in json obj...
01/10/2013 10:25:06 am: Get the dataset to return in json obj...
01/10/2013 10:25:06 am: Get the dataset to return in json obj...
01/10/2013 10:25:06 am: Get the dataset to return in json obj...
01/10/2013 10:25:06 am: Get the dataset to return in json obj...
01/10/2013 10:25:06 am: Query has run: <CALL USP_GetCategories();>.
01/10/2013 10:25:06 am: ... Got dataset to return in json obj
01/10/2013 10:25:06 am: Query has run: <CALL USP_GetCategories2();>.
01/10/2013 10:25:06 am: ... Got dataset to return in json obj
01/10/2013 10:25:06 am: Query has run: <CALL USP_GetAccounts();>.
01/10/2013 10:25:06 am: ... Got dataset to return in json obj
01/10/2013 10:25:06 am: Query has run: <CALL USP_GetPayees();>.
01/10/2013 10:25:06 am: ... Got dataset to return in json obj
01/10/2013 10:25:06 am: Query has run: <CALL USP_GetCurrencies();>.
01/10/2013 10:25:06 am: ... Got dataset to return in json obj
01/10/2013 10:25:32 am: Amount value: -5. Preg_match_all result is <1>
01/10/2013 10:25:33 am: Currency = <3>.
01/10/2013 10:25:36 am: Get the dataset to return in json obj...
01/10/2013 10:25:36 am: Get the dataset to return in json obj...
01/10/2013 10:25:36 am: Get the dataset to return in json obj...
01/10/2013 10:25:36 am: Get the dataset to return in json obj...
01/10/2013 10:25:36 am: Query has run: <CALL USP_GetPayees();>.
01/10/2013 10:25:36 am: ... Got dataset to return in json obj
01/10/2013 10:25:36 am: Query has run: <CALL USP_GetCurrencies();>.
01/10/2013 10:25:36 am: ... Got dataset to return in json obj
01/10/2013 10:25:36 am: Query has run: <CALL USP_GetAccounts();>.
01/10/2013 10:25:36 am: ... Got dataset to return in json obj
01/10/2013 10:25:36 am: Query has run: <CALL USP_GetCategories();>.
01/10/2013 10:25:36 am: ... Got dataset to return in json obj
01/10/2013 10:25:36 am: Get the dataset to return in json obj...
01/10/2013 10:25:36 am: Query has run: <CALL USP_GetCategories2();>.
01/10/2013 10:25:36 am: ... Got dataset to return in json obj
01/10/2013 02:54:36 pm: Currency = <3>.
01/10/2013 02:54:39 pm: Get the dataset to return in json obj...
01/10/2013 02:54:39 pm: Get the dataset to return in json obj...
01/10/2013 02:54:39 pm: Get the dataset to return in json obj...
01/10/2013 02:54:39 pm: Query has run: <CALL USP_GetCurrencies();>.
01/10/2013 02:54:39 pm: ... Got dataset to return in json obj
01/10/2013 02:54:39 pm: Query has run: <CALL USP_GetPayees();>.
01/10/2013 02:54:39 pm: ... Got dataset to return in json obj
01/10/2013 02:54:39 pm: Query has run: <CALL USP_GetAccounts();>.
01/10/2013 02:54:39 pm: ... Got dataset to return in json obj
01/10/2013 02:54:39 pm: Get the dataset to return in json obj...
01/10/2013 02:54:39 pm: Get the dataset to return in json obj...
01/10/2013 02:54:39 pm: Query has run: <CALL USP_GetCategories();>.
01/10/2013 02:54:39 pm: ... Got dataset to return in json obj
01/10/2013 02:54:39 pm: Query has run: <CALL USP_GetCategories2();>.
01/10/2013 02:54:39 pm: ... Got dataset to return in json obj
01/10/2013 02:54:46 pm: Get the dataset to return in json obj...
01/10/2013 02:54:46 pm: Get the dataset to return in json obj...
01/10/2013 02:54:46 pm: Query has run: <CALL USP_GetCategories2();>.
01/10/2013 02:54:46 pm: ... Got dataset to return in json obj
01/10/2013 02:54:46 pm: Query has run: <CALL USP_GetPayees();>.
01/10/2013 02:54:46 pm: ... Got dataset to return in json obj
01/10/2013 02:54:46 pm: Get the dataset to return in json obj...
01/10/2013 02:54:46 pm: Get the dataset to return in json obj...
01/10/2013 02:54:46 pm: Query has run: <CALL USP_GetCurrencies();>.
01/10/2013 02:54:46 pm: ... Got dataset to return in json obj
01/10/2013 02:54:46 pm: Get the dataset to return in json obj...
01/10/2013 02:54:46 pm: Query has run: <CALL USP_GetAccounts();>.
01/10/2013 02:54:46 pm: ... Got dataset to return in json obj
01/10/2013 02:54:46 pm: Query has run: <CALL USP_GetCategories();>.
01/10/2013 02:54:46 pm: ... Got dataset to return in json obj
01/10/2013 02:54:55 pm: Get the dataset to return in json obj...
01/10/2013 02:54:55 pm: Query has run: <CALL USP_GetCategories();>.
01/10/2013 02:54:55 pm: ... Got dataset to return in json obj
01/10/2013 02:54:55 pm: Get the dataset to return in json obj...
01/10/2013 02:54:55 pm: Get the dataset to return in json obj...
01/10/2013 02:54:55 pm: Get the dataset to return in json obj...
01/10/2013 02:54:55 pm: Query has run: <CALL USP_GetAccounts();>.
01/10/2013 02:54:55 pm: ... Got dataset to return in json obj
01/10/2013 02:54:55 pm: Query has run: <CALL USP_GetCurrencies();>.
01/10/2013 02:54:55 pm: ... Got dataset to return in json obj
01/10/2013 02:54:55 pm: Query has run: <CALL USP_GetCategories2();>.
01/10/2013 02:54:55 pm: ... Got dataset to return in json obj
01/10/2013 02:54:55 pm: Get the dataset to return in json obj...
01/10/2013 02:54:55 pm: Query has run: <CALL USP_GetPayees();>.
01/10/2013 02:54:55 pm: ... Got dataset to return in json obj
01/10/2013 03:07:09 pm: Get the dataset to return in json obj...
01/10/2013 03:07:09 pm: Get the dataset to return in json obj...
01/10/2013 03:07:09 pm: Get the dataset to return in json obj...
01/10/2013 03:07:09 pm: Query has run: <CALL USP_GetCategories();>.
01/10/2013 03:07:09 pm: ... Got dataset to return in json obj
01/10/2013 03:07:09 pm: Get the dataset to return in json obj...
01/10/2013 03:07:09 pm: Get the dataset to return in json obj...
01/10/2013 03:07:09 pm: Query has run: <CALL USP_GetPayees();>.
01/10/2013 03:07:09 pm: Query has run: <CALL USP_GetCurrencies();>.
01/10/2013 03:07:09 pm: ... Got dataset to return in json obj
01/10/2013 03:07:09 pm: Query has run: <CALL USP_GetAccounts();>.
01/10/2013 03:07:09 pm: ... Got dataset to return in json obj
01/10/2013 03:07:09 pm: ... Got dataset to return in json obj
01/10/2013 03:07:09 pm: Query has run: <CALL USP_GetCategories2();>.
01/10/2013 03:07:09 pm: ... Got dataset to return in json obj
01/10/2013 03:08:06 pm: Currency = <1>.
01/10/2013 03:41:41 pm: Get the dataset to return in json obj...
01/10/2013 03:41:41 pm: Get the dataset to return in json obj...
01/10/2013 03:41:41 pm: Query has run: <CALL USP_GetCurrencies();>.
01/10/2013 03:41:41 pm: ... Got dataset to return in json obj
01/10/2013 03:41:41 pm: Query has run: <CALL USP_GetAccounts();>.
01/10/2013 03:41:41 pm: ... Got dataset to return in json obj
01/10/2013 03:41:41 pm: Get the dataset to return in json obj...
01/10/2013 03:41:41 pm: Query has run: <CALL USP_GetPayees();>.
01/10/2013 03:41:41 pm: ... Got dataset to return in json obj
01/10/2013 03:41:41 pm: Get the dataset to return in json obj...
01/10/2013 03:41:41 pm: Query has run: <CALL USP_GetCategories();>.
01/10/2013 03:41:41 pm: ... Got dataset to return in json obj
01/10/2013 03:41:41 pm: Get the dataset to return in json obj...
01/10/2013 03:41:41 pm: Query has run: <CALL USP_GetCategories2();>.
01/10/2013 03:41:41 pm: ... Got dataset to return in json obj
01/10/2013 03:42:17 pm: Get the dataset to return in json obj...
01/10/2013 03:42:17 pm: Query has run: <CALL USP_GetAccounts();>.
01/10/2013 03:42:17 pm: ... Got dataset to return in json obj
01/10/2013 03:42:17 pm: Get the dataset to return in json obj...
01/10/2013 03:42:17 pm: Get the dataset to return in json obj...
01/10/2013 03:42:17 pm: Get the dataset to return in json obj...
01/10/2013 03:42:17 pm: Query has run: <CALL USP_GetCategories();>.
01/10/2013 03:42:17 pm: ... Got dataset to return in json obj
01/10/2013 03:42:17 pm: Query has run: <CALL USP_GetCurrencies();>.
01/10/2013 03:42:17 pm: ... Got dataset to return in json obj
01/10/2013 03:42:17 pm: Get the dataset to return in json obj...
01/10/2013 03:42:17 pm: Query has run: <CALL USP_GetCategories2();>.
01/10/2013 03:42:17 pm: ... Got dataset to return in json obj
01/10/2013 03:42:17 pm: Query has run: <CALL USP_GetPayees();>.
01/10/2013 03:42:17 pm: ... Got dataset to return in json obj
01/10/2013 03:42:27 pm: Get the dataset to return in json obj...
01/10/2013 03:42:27 pm: Query has run: <CALL USP_GetAccounts();>.
01/10/2013 03:42:27 pm: ... Got dataset to return in json obj
01/10/2013 03:42:27 pm: Get the dataset to return in json obj...
01/10/2013 03:42:27 pm: Get the dataset to return in json obj...
01/10/2013 03:42:27 pm: Query has run: <CALL USP_GetCurrencies();>.
01/10/2013 03:42:27 pm: ... Got dataset to return in json obj
01/10/2013 03:42:27 pm: Query has run: <CALL USP_GetPayees();>.
01/10/2013 03:42:27 pm: ... Got dataset to return in json obj
01/10/2013 03:42:27 pm: Get the dataset to return in json obj...
01/10/2013 03:42:27 pm: Query has run: <CALL USP_GetCategories();>.
01/10/2013 03:42:27 pm: ... Got dataset to return in json obj
01/10/2013 03:42:27 pm: Get the dataset to return in json obj...
01/10/2013 03:42:27 pm: Query has run: <CALL USP_GetCategories2();>.
01/10/2013 03:42:27 pm: ... Got dataset to return in json obj
01/10/2013 03:42:36 pm: Get the dataset to return in json obj...
01/10/2013 03:42:36 pm: Get the dataset to return in json obj...
01/10/2013 03:42:36 pm: Query has run: <CALL USP_GetCurrencies();>.
01/10/2013 03:42:36 pm: ... Got dataset to return in json obj
01/10/2013 03:42:36 pm: Query has run: <CALL USP_GetAccounts();>.
01/10/2013 03:42:36 pm: ... Got dataset to return in json obj
01/10/2013 03:42:36 pm: Get the dataset to return in json obj...
01/10/2013 03:42:36 pm: Get the dataset to return in json obj...
01/10/2013 03:42:36 pm: Get the dataset to return in json obj...
01/10/2013 03:42:36 pm: Query has run: <CALL USP_GetPayees();>.
01/10/2013 03:42:36 pm: ... Got dataset to return in json obj
01/10/2013 03:42:36 pm: Query has run: <CALL USP_GetCategories2();>.
01/10/2013 03:42:36 pm: ... Got dataset to return in json obj
01/10/2013 03:42:36 pm: Query has run: <CALL USP_GetCategories();>.
01/10/2013 03:42:36 pm: ... Got dataset to return in json obj
01/10/2013 03:42:40 pm: Get the dataset to return in json obj...
01/10/2013 03:42:40 pm: Get the dataset to return in json obj...
01/10/2013 03:42:40 pm: Query has run: <CALL USP_GetCurrencies();>.
01/10/2013 03:42:40 pm: ... Got dataset to return in json obj
01/10/2013 03:42:40 pm: Query has run: <CALL USP_GetAccounts();>.
01/10/2013 03:42:40 pm: ... Got dataset to return in json obj
01/10/2013 03:42:40 pm: Get the dataset to return in json obj...
01/10/2013 03:42:40 pm: Get the dataset to return in json obj...
01/10/2013 03:42:40 pm: Get the dataset to return in json obj...
01/10/2013 03:42:40 pm: Query has run: <CALL USP_GetCategories();>.
01/10/2013 03:42:40 pm: ... Got dataset to return in json obj
01/10/2013 03:42:40 pm: Query has run: <CALL USP_GetPayees();>.
01/10/2013 03:42:40 pm: ... Got dataset to return in json obj
01/10/2013 03:42:40 pm: Query has run: <CALL USP_GetCategories2();>.
01/10/2013 03:42:40 pm: ... Got dataset to return in json obj
01/10/2013 03:42:47 pm: Get the dataset to return in json obj...
01/10/2013 03:42:47 pm: Query has run: <CALL USP_GetPayees();>.
01/10/2013 03:42:47 pm: ... Got dataset to return in json obj
01/10/2013 03:42:47 pm: Get the dataset to return in json obj...
01/10/2013 03:42:47 pm: Query has run: <CALL USP_GetAccounts();>.
01/10/2013 03:42:47 pm: ... Got dataset to return in json obj
01/10/2013 03:42:47 pm: Get the dataset to return in json obj...
01/10/2013 03:42:47 pm: Get the dataset to return in json obj...
01/10/2013 03:42:47 pm: Get the dataset to return in json obj...
01/10/2013 03:42:47 pm: Query has run: <CALL USP_GetCurrencies();>.
01/10/2013 03:42:47 pm: ... Got dataset to return in json obj
01/10/2013 03:42:47 pm: Query has run: <CALL USP_GetCategories2();>.
01/10/2013 03:42:47 pm: ... Got dataset to return in json obj
01/10/2013 03:42:47 pm: Query has run: <CALL USP_GetCategories();>.
01/10/2013 03:42:47 pm: ... Got dataset to return in json obj
01/10/2013 03:47:40 pm: Get the dataset to return in json obj...
01/10/2013 03:47:40 pm: Get the dataset to return in json obj...
01/10/2013 03:47:40 pm: Get the dataset to return in json obj...
01/10/2013 03:47:40 pm: Query has run: <CALL USP_GetAccounts();>.
01/10/2013 03:47:40 pm: ... Got dataset to return in json obj
01/10/2013 03:47:40 pm: Query has run: <CALL USP_GetPayees();>.
01/10/2013 03:47:40 pm: ... Got dataset to return in json obj
01/10/2013 03:47:40 pm: Get the dataset to return in json obj...
01/10/2013 03:47:40 pm: Query has run: <CALL USP_GetCurrencies();>.
01/10/2013 03:47:40 pm: ... Got dataset to return in json obj
01/10/2013 03:47:40 pm: Get the dataset to return in json obj...
01/10/2013 03:47:40 pm: Query has run: <CALL USP_GetCategories2();>.
01/10/2013 03:47:40 pm: ... Got dataset to return in json obj
01/10/2013 03:47:40 pm: Query has run: <CALL USP_GetCategories();>.
01/10/2013 03:47:40 pm: ... Got dataset to return in json obj
