02/18/2013 10:27:37 pm: Get the dataset to return in json obj...
02/18/2013 10:27:37 pm: Get the dataset to return in json obj...
02/18/2013 10:27:37 pm: Get the dataset to return in json obj...
02/18/2013 10:27:37 pm: Get the dataset to return in json obj...
02/18/2013 10:27:38 pm: Query has run: <CALL USP_GetCategories();>.
02/18/2013 10:27:38 pm: ... Got dataset to return in json obj
02/18/2013 10:27:38 pm: Query has run: <CALL USP_GetPayees();>.
02/18/2013 10:27:38 pm: Query has run: <CALL USP_GetCurrencies();>.
02/18/2013 10:27:38 pm: ... Got dataset to return in json obj
02/18/2013 10:27:38 pm: ... Got dataset to return in json obj
02/18/2013 10:27:38 pm: Query has run: <CALL USP_GetCategories2();>.
02/18/2013 10:27:38 pm: ... Got dataset to return in json obj
02/18/2013 10:27:38 pm: Query has run: <CALL USP_GetAccounts();>.
02/18/2013 10:27:38 pm: ... Got dataset to return in json obj
02/18/2013 10:27:38 pm: Get the dataset to return in json obj...
02/18/2013 10:27:38 pm: Query has run: <CALL USP_GetCategories();>.
02/18/2013 10:27:38 pm: ... Got dataset to return in json obj
02/18/2013 10:27:38 pm: Get the dataset to return in json obj...
02/18/2013 10:27:38 pm: Get the dataset to return in json obj...
02/18/2013 10:27:38 pm: Get the dataset to return in json obj...
02/18/2013 10:27:38 pm: Get the dataset to return in json obj...
02/18/2013 10:27:38 pm: Query has run: <CALL USP_GetCurrencies();>.
02/18/2013 10:27:38 pm: ... Got dataset to return in json obj
02/18/2013 10:27:38 pm: Query has run: <CALL USP_GetPayees();>.
02/18/2013 10:27:38 pm: ... Got dataset to return in json obj
02/18/2013 10:27:38 pm: Query has run: <CALL USP_GetCategories2();>.
02/18/2013 10:27:38 pm: ... Got dataset to return in json obj
02/18/2013 10:27:38 pm: Query has run: <CALL USP_GetAccounts();>.
02/18/2013 10:27:38 pm: ... Got dataset to return in json obj
