01/15/2013 09:22:34 am: Get the dataset to return in json obj...
01/15/2013 09:22:34 am: Get the dataset to return in json obj...
01/15/2013 09:22:34 am: Get the dataset to return in json obj...
01/15/2013 09:22:34 am: Get the dataset to return in json obj...
01/15/2013 09:22:34 am: Query has run: <CALL USP_GetCategories();>.
01/15/2013 09:22:34 am: Query has run: <CALL USP_GetPayees();>.
01/15/2013 09:22:34 am: ... Got dataset to return in json obj
01/15/2013 09:22:34 am: ... Got dataset to return in json obj
01/15/2013 09:22:34 am: Query has run: <CALL USP_GetCategories2();>.
01/15/2013 09:22:34 am: Query has run: <CALL USP_GetCurrencies();>.
01/15/2013 09:22:34 am: ... Got dataset to return in json obj
01/15/2013 09:22:34 am: ... Got dataset to return in json obj
01/15/2013 09:22:34 am: Query has run: <CALL USP_GetAccounts();>.
01/15/2013 09:22:34 am: ... Got dataset to return in json obj
01/15/2013 09:23:16 am: Amount value: -54,97. Preg_match_all result is <1>
01/15/2013 09:23:16 am: Currency = <1>.
01/15/2013 09:23:20 am: Get the dataset to return in json obj...
01/15/2013 09:23:20 am: Query has run: <CALL USP_GetAccounts();>.
01/15/2013 09:23:20 am: ... Got dataset to return in json obj
01/15/2013 09:23:20 am: Get the dataset to return in json obj...
01/15/2013 09:23:20 am: Get the dataset to return in json obj...
01/15/2013 09:23:20 am: Get the dataset to return in json obj...
01/15/2013 09:23:20 am: Query has run: <CALL USP_GetPayees();>.
01/15/2013 09:23:20 am: Get the dataset to return in json obj...
01/15/2013 09:23:20 am: ... Got dataset to return in json obj
01/15/2013 09:23:20 am: Query has run: <CALL USP_GetCategories();>.
01/15/2013 09:23:20 am: ... Got dataset to return in json obj
01/15/2013 09:23:20 am: Query has run: <CALL USP_GetCurrencies();>.
01/15/2013 09:23:20 am: ... Got dataset to return in json obj
01/15/2013 09:23:20 am: Query has run: <CALL USP_GetCategories2();>.
01/15/2013 09:23:20 am: ... Got dataset to return in json obj
01/15/2013 02:49:53 pm: Get the dataset to return in json obj...
01/15/2013 02:49:53 pm: Get the dataset to return in json obj...
01/15/2013 02:49:53 pm: Query has run: <CALL USP_GetAccounts();>.
01/15/2013 02:49:53 pm: ... Got dataset to return in json obj
01/15/2013 02:49:53 pm: Get the dataset to return in json obj...
01/15/2013 02:49:53 pm: Query has run: <CALL USP_GetCurrencies();>.
01/15/2013 02:49:53 pm: ... Got dataset to return in json obj
01/15/2013 02:49:53 pm: Query has run: <CALL USP_GetPayees();>.
01/15/2013 02:49:53 pm: ... Got dataset to return in json obj
01/15/2013 02:49:53 pm: Get the dataset to return in json obj...
01/15/2013 02:49:53 pm: Query has run: <CALL USP_GetCategories();>.
01/15/2013 02:49:53 pm: ... Got dataset to return in json obj
01/15/2013 02:49:53 pm: Get the dataset to return in json obj...
01/15/2013 02:49:53 pm: Query has run: <CALL USP_GetCategories2();>.
01/15/2013 02:49:53 pm: ... Got dataset to return in json obj
01/15/2013 02:49:56 pm: Get the dataset to return in json obj...
01/15/2013 02:49:56 pm: Get the dataset to return in json obj...
01/15/2013 02:49:56 pm: Get the dataset to return in json obj...
01/15/2013 02:49:56 pm: Query has run: <CALL USP_GetCurrencies();>.
01/15/2013 02:49:56 pm: Query has run: <CALL USP_GetPayees();>.
01/15/2013 02:49:56 pm: ... Got dataset to return in json obj
01/15/2013 02:49:56 pm: Query has run: <CALL USP_GetAccounts();>.
01/15/2013 02:49:56 pm: ... Got dataset to return in json obj
01/15/2013 02:49:56 pm: ... Got dataset to return in json obj
01/15/2013 02:49:56 pm: Get the dataset to return in json obj...
01/15/2013 02:49:56 pm: Query has run: <CALL USP_GetCategories();>.
01/15/2013 02:49:56 pm: ... Got dataset to return in json obj
01/15/2013 02:49:56 pm: Get the dataset to return in json obj...
01/15/2013 02:49:56 pm: Query has run: <CALL USP_GetCategories2();>.
01/15/2013 02:49:56 pm: ... Got dataset to return in json obj
01/15/2013 02:50:27 pm: Amount value: -4,6. Preg_match_all result is <1>
01/15/2013 02:50:27 pm: Currency = <3>.
01/15/2013 02:51:38 pm: Amount value: -7,89. Preg_match_all result is <1>
01/15/2013 02:51:38 pm: Currency = <3>.
01/15/2013 02:51:42 pm: Get the dataset to return in json obj...
01/15/2013 02:51:42 pm: Get the dataset to return in json obj...
01/15/2013 02:51:42 pm: Get the dataset to return in json obj...
01/15/2013 02:51:42 pm: Get the dataset to return in json obj...
01/15/2013 02:51:42 pm: Query has run: <CALL USP_GetAccounts();>.
01/15/2013 02:51:42 pm: ... Got dataset to return in json obj
01/15/2013 02:51:42 pm: Query has run: <CALL USP_GetCategories();>.
01/15/2013 02:51:42 pm: ... Got dataset to return in json obj
01/15/2013 02:51:42 pm: Query has run: <CALL USP_GetPayees();>.
01/15/2013 02:51:42 pm: ... Got dataset to return in json obj
01/15/2013 02:51:42 pm: Query has run: <CALL USP_GetCurrencies();>.
01/15/2013 02:51:42 pm: ... Got dataset to return in json obj
01/15/2013 02:51:42 pm: Get the dataset to return in json obj...
01/15/2013 02:51:42 pm: Query has run: <CALL USP_GetCategories2();>.
01/15/2013 02:51:42 pm: ... Got dataset to return in json obj
01/15/2013 03:05:09 pm: Get the dataset to return in json obj...
01/15/2013 03:05:09 pm: Get the dataset to return in json obj...
01/15/2013 03:05:09 pm: Query has run: <CALL USP_GetAccounts();>.
01/15/2013 03:05:09 pm: ... Got dataset to return in json obj
01/15/2013 03:05:09 pm: Query has run: <CALL USP_GetCurrencies();>.
01/15/2013 03:05:09 pm: ... Got dataset to return in json obj
01/15/2013 03:05:09 pm: Get the dataset to return in json obj...
01/15/2013 03:05:09 pm: Get the dataset to return in json obj...
01/15/2013 03:05:09 pm: Query has run: <CALL USP_GetPayees();>.
01/15/2013 03:05:09 pm: ... Got dataset to return in json obj
01/15/2013 03:05:09 pm: Query has run: <CALL USP_GetCategories2();>.
01/15/2013 03:05:09 pm: ... Got dataset to return in json obj
01/15/2013 03:05:09 pm: Get the dataset to return in json obj...
01/15/2013 03:05:09 pm: Query has run: <CALL USP_GetCategories();>.
01/15/2013 03:05:09 pm: ... Got dataset to return in json obj
01/15/2013 03:05:16 pm: Get the dataset to return in json obj...
01/15/2013 03:05:16 pm: Get the dataset to return in json obj...
01/15/2013 03:05:16 pm: Get the dataset to return in json obj...
01/15/2013 03:05:16 pm: Get the dataset to return in json obj...
01/15/2013 03:05:16 pm: Query has run: <CALL USP_GetCategories();>.
01/15/2013 03:05:16 pm: Get the dataset to return in json obj...
01/15/2013 03:05:16 pm: ... Got dataset to return in json obj
01/15/2013 03:05:16 pm: Query has run: <CALL USP_GetAccounts();>.
01/15/2013 03:05:16 pm: ... Got dataset to return in json obj
01/15/2013 03:05:16 pm: Query has run: <CALL USP_GetCurrencies();>.
01/15/2013 03:05:16 pm: ... Got dataset to return in json obj
01/15/2013 03:05:16 pm: Query has run: <CALL USP_GetCategories2();>.
01/15/2013 03:05:16 pm: ... Got dataset to return in json obj
01/15/2013 03:05:16 pm: Query has run: <CALL USP_GetPayees();>.
01/15/2013 03:05:16 pm: ... Got dataset to return in json obj
01/15/2013 03:05:52 pm: Get the dataset to return in json obj...
01/15/2013 03:05:52 pm: Query has run: <CALL USP_GetCurrencies();>.
01/15/2013 03:05:52 pm: ... Got dataset to return in json obj
01/15/2013 03:05:52 pm: Get the dataset to return in json obj...
01/15/2013 03:05:52 pm: Get the dataset to return in json obj...
01/15/2013 03:05:52 pm: Query has run: <CALL USP_GetPayees();>.
01/15/2013 03:05:52 pm: ... Got dataset to return in json obj
01/15/2013 03:05:52 pm: Query has run: <CALL USP_GetAccounts();>.
01/15/2013 03:05:52 pm: ... Got dataset to return in json obj
01/15/2013 03:05:52 pm: Get the dataset to return in json obj...
01/15/2013 03:05:52 pm: Get the dataset to return in json obj...
01/15/2013 03:05:52 pm: Query has run: <CALL USP_GetCategories();>.
01/15/2013 03:05:52 pm: ... Got dataset to return in json obj
01/15/2013 03:05:52 pm: Query has run: <CALL USP_GetCategories2();>.
01/15/2013 03:05:52 pm: ... Got dataset to return in json obj
01/15/2013 03:06:56 pm: Get the dataset to return in json obj...
01/15/2013 03:06:56 pm: Get the dataset to return in json obj...
01/15/2013 03:06:56 pm: Query has run: <CALL USP_GetCategories2();>.
01/15/2013 03:06:56 pm: ... Got dataset to return in json obj
01/15/2013 03:06:56 pm: Get the dataset to return in json obj...
01/15/2013 03:06:56 pm: Get the dataset to return in json obj...
01/15/2013 03:06:56 pm: Get the dataset to return in json obj...
01/15/2013 03:06:56 pm: Query has run: <CALL USP_GetAccounts();>.
01/15/2013 03:06:56 pm: Query has run: <CALL USP_GetCurrencies();>.
01/15/2013 03:06:56 pm: ... Got dataset to return in json obj
01/15/2013 03:06:56 pm: Query has run: <CALL USP_GetPayees();>.
01/15/2013 03:06:56 pm: ... Got dataset to return in json obj
01/15/2013 03:06:56 pm: Query has run: <CALL USP_GetCategories();>.
01/15/2013 03:06:56 pm: ... Got dataset to return in json obj
01/15/2013 03:06:56 pm: ... Got dataset to return in json obj
01/15/2013 03:06:59 pm: Get the dataset to return in json obj...
01/15/2013 03:06:59 pm: Get the dataset to return in json obj...
01/15/2013 03:06:59 pm: Get the dataset to return in json obj...
01/15/2013 03:06:59 pm: Get the dataset to return in json obj...
01/15/2013 03:06:59 pm: Get the dataset to return in json obj...
01/15/2013 03:06:59 pm: Query has run: <CALL USP_GetAccounts();>.
01/15/2013 03:06:59 pm: ... Got dataset to return in json obj
01/15/2013 03:06:59 pm: Query has run: <CALL USP_GetPayees();>.
01/15/2013 03:06:59 pm: ... Got dataset to return in json obj
01/15/2013 03:06:59 pm: Query has run: <CALL USP_GetCategories2();>.
01/15/2013 03:06:59 pm: ... Got dataset to return in json obj
01/15/2013 03:06:59 pm: Query has run: <CALL USP_GetCurrencies();>.
01/15/2013 03:06:59 pm: ... Got dataset to return in json obj
01/15/2013 03:06:59 pm: Query has run: <CALL USP_GetCategories();>.
01/15/2013 03:06:59 pm: ... Got dataset to return in json obj
01/15/2013 03:08:11 pm: Query has run: <CALL USP_GetAccounts ()>.
01/15/2013 03:08:20 pm: Get the dataset to return in json obj...
01/15/2013 03:08:20 pm: Get the dataset to return in json obj...
01/15/2013 03:08:20 pm: Query has run: <CALL USP_GetCurrencies();>.
01/15/2013 03:08:20 pm: ... Got dataset to return in json obj
01/15/2013 03:08:20 pm: Get the dataset to return in json obj...
01/15/2013 03:08:20 pm: Query has run: <CALL USP_GetCategories();>.
01/15/2013 03:08:20 pm: ... Got dataset to return in json obj
01/15/2013 03:08:20 pm: Get the dataset to return in json obj...
01/15/2013 03:08:20 pm: Get the dataset to return in json obj...
01/15/2013 03:08:20 pm: Query has run: <CALL USP_GetPayees();>.
01/15/2013 03:08:20 pm: ... Got dataset to return in json obj
01/15/2013 03:08:20 pm: Query has run: <CALL USP_GetCategories2();>.
01/15/2013 03:08:20 pm: ... Got dataset to return in json obj
01/15/2013 03:08:20 pm: Query has run: <CALL USP_GetAccounts();>.
01/15/2013 03:08:20 pm: ... Got dataset to return in json obj
01/15/2013 03:08:29 pm: Get the dataset to return in json obj...
01/15/2013 03:08:29 pm: Get the dataset to return in json obj...
01/15/2013 03:08:29 pm: Get the dataset to return in json obj...
01/15/2013 03:08:29 pm: Query has run: <CALL USP_GetPayees();>.
01/15/2013 03:08:29 pm: ... Got dataset to return in json obj
01/15/2013 03:08:29 pm: Query has run: <CALL USP_GetCategories();>.
01/15/2013 03:08:29 pm: ... Got dataset to return in json obj
01/15/2013 03:08:29 pm: Get the dataset to return in json obj...
01/15/2013 03:08:29 pm: Query has run: <CALL USP_GetCategories2();>.
01/15/2013 03:08:29 pm: ... Got dataset to return in json obj
01/15/2013 03:08:29 pm: Query has run: <CALL USP_GetAccounts();>.
01/15/2013 03:08:29 pm: ... Got dataset to return in json obj
01/15/2013 03:08:29 pm: Get the dataset to return in json obj...
01/15/2013 03:08:29 pm: Query has run: <CALL USP_GetCurrencies();>.
01/15/2013 03:08:29 pm: ... Got dataset to return in json obj
01/15/2013 03:10:46 pm: Query has run: <CALL USP_GetCategories2 ()>.
01/15/2013 03:10:50 pm: Get the dataset to return in json obj...
01/15/2013 03:10:50 pm: Query has run: <CALL USP_GetAccounts();>.
01/15/2013 03:10:50 pm: Get the dataset to return in json obj...
01/15/2013 03:10:50 pm: ... Got dataset to return in json obj
01/15/2013 03:10:50 pm: Get the dataset to return in json obj...
01/15/2013 03:10:50 pm: Query has run: <CALL USP_GetCurrencies();>.
01/15/2013 03:10:50 pm: ... Got dataset to return in json obj
01/15/2013 03:10:50 pm: Query has run: <CALL USP_GetPayees();>.
01/15/2013 03:10:50 pm: ... Got dataset to return in json obj
01/15/2013 03:10:50 pm: Get the dataset to return in json obj...
01/15/2013 03:10:50 pm: Get the dataset to return in json obj...
01/15/2013 03:10:50 pm: Query has run: <CALL USP_GetCategories();>.
01/15/2013 03:10:50 pm: ... Got dataset to return in json obj
01/15/2013 03:10:50 pm: Query has run: <CALL USP_GetCategories2();>.
01/15/2013 03:10:50 pm: ... Got dataset to return in json obj
01/15/2013 03:11:14 pm: Amount value: -100. Preg_match_all result is <1>
01/15/2013 03:11:14 pm: Currency = <1>.
01/15/2013 03:11:19 pm: Get the dataset to return in json obj...
01/15/2013 03:11:19 pm: Query has run: <CALL USP_GetAccounts();>.
01/15/2013 03:11:19 pm: ... Got dataset to return in json obj
01/15/2013 03:11:19 pm: Get the dataset to return in json obj...
01/15/2013 03:11:19 pm: Query has run: <CALL USP_GetCurrencies();>.
01/15/2013 03:11:19 pm: ... Got dataset to return in json obj
01/15/2013 03:11:19 pm: Get the dataset to return in json obj...
01/15/2013 03:11:19 pm: Get the dataset to return in json obj...
01/15/2013 03:11:19 pm: Query has run: <CALL USP_GetCategories();>.
01/15/2013 03:11:19 pm: ... Got dataset to return in json obj
01/15/2013 03:11:19 pm: Query has run: <CALL USP_GetPayees();>.
01/15/2013 03:11:19 pm: ... Got dataset to return in json obj
01/15/2013 03:11:19 pm: Get the dataset to return in json obj...
01/15/2013 03:11:19 pm: Query has run: <CALL USP_GetCategories2();>.
01/15/2013 03:11:19 pm: ... Got dataset to return in json obj
01/15/2013 04:02:41 pm: Get the dataset to return in json obj...
01/15/2013 04:02:41 pm: Query has run: <CALL USP_GetAccounts();>.
01/15/2013 04:02:41 pm: ... Got dataset to return in json obj
01/15/2013 04:02:41 pm: Get the dataset to return in json obj...
01/15/2013 04:02:41 pm: Query has run: <CALL USP_GetCurrencies();>.
01/15/2013 04:02:41 pm: ... Got dataset to return in json obj
01/15/2013 04:02:41 pm: Get the dataset to return in json obj...
01/15/2013 04:02:41 pm: Get the dataset to return in json obj...
01/15/2013 04:02:41 pm: Query has run: <CALL USP_GetPayees();>.
01/15/2013 04:02:41 pm: ... Got dataset to return in json obj
01/15/2013 04:02:41 pm: Query has run: <CALL USP_GetCategories();>.
01/15/2013 04:02:41 pm: ... Got dataset to return in json obj
01/15/2013 04:02:41 pm: Get the dataset to return in json obj...
01/15/2013 04:02:41 pm: Query has run: <CALL USP_GetCategories2();>.
01/15/2013 04:02:41 pm: ... Got dataset to return in json obj
01/15/2013 04:03:48 pm: Currency = <1>.
