02/09/2013 11:03:56 am: Currency = <1>.
02/09/2013 11:04:04 am: Get the dataset to return in json obj...
02/09/2013 11:04:04 am: Get the dataset to return in json obj...
02/09/2013 11:04:04 am: Get the dataset to return in json obj...
02/09/2013 11:04:04 am: Get the dataset to return in json obj...
02/09/2013 11:04:04 am: Get the dataset to return in json obj...
02/09/2013 11:04:04 am: Query has run: <CALL USP_GetCategories();>.
02/09/2013 11:04:04 am: ... Got dataset to return in json obj
02/09/2013 11:04:04 am: Query has run: <CALL USP_GetCategories2();>.
02/09/2013 11:04:04 am: ... Got dataset to return in json obj
02/09/2013 11:04:04 am: Query has run: <CALL USP_GetCurrencies();>.
02/09/2013 11:04:04 am: ... Got dataset to return in json obj
02/09/2013 11:04:04 am: Query has run: <CALL USP_GetAccounts();>.
02/09/2013 11:04:04 am: ... Got dataset to return in json obj
02/09/2013 11:04:04 am: Query has run: <CALL USP_GetPayees();>.
02/09/2013 11:04:04 am: ... Got dataset to return in json obj
02/09/2013 11:59:10 am: Get the dataset to return in json obj...
02/09/2013 11:59:10 am: Query has run: <CALL USP_GetCategories();>.
02/09/2013 11:59:10 am: ... Got dataset to return in json obj
02/09/2013 11:59:10 am: Get the dataset to return in json obj...
02/09/2013 11:59:10 am: Get the dataset to return in json obj...
02/09/2013 11:59:10 am: Query has run: <CALL USP_GetAccounts();>.
02/09/2013 11:59:10 am: ... Got dataset to return in json obj
02/09/2013 11:59:10 am: Get the dataset to return in json obj...
02/09/2013 11:59:10 am: Query has run: <CALL USP_GetCategories2();>.
02/09/2013 11:59:10 am: ... Got dataset to return in json obj
02/09/2013 11:59:10 am: Query has run: <CALL USP_GetPayees();>.
02/09/2013 11:59:10 am: ... Got dataset to return in json obj
02/09/2013 11:59:10 am: Get the dataset to return in json obj...
02/09/2013 11:59:10 am: Query has run: <CALL USP_GetCurrencies();>.
02/09/2013 11:59:10 am: ... Got dataset to return in json obj
02/09/2013 05:41:52 pm: Get the dataset to return in json obj...
02/09/2013 05:41:52 pm: Get the dataset to return in json obj...
02/09/2013 05:41:52 pm: Get the dataset to return in json obj...
02/09/2013 05:41:52 pm: Get the dataset to return in json obj...
02/09/2013 05:41:52 pm: Get the dataset to return in json obj...
02/09/2013 05:41:52 pm: Query has run: <CALL USP_GetCurrencies();>.
02/09/2013 05:41:52 pm: Query has run: <CALL USP_GetCategories();>.
02/09/2013 05:41:52 pm: ... Got dataset to return in json obj
02/09/2013 05:41:52 pm: ... Got dataset to return in json obj
02/09/2013 05:41:52 pm: Query has run: <CALL USP_GetCategories2();>.
02/09/2013 05:41:52 pm: ... Got dataset to return in json obj
02/09/2013 05:41:52 pm: Query has run: <CALL USP_GetPayees();>.
02/09/2013 05:41:52 pm: ... Got dataset to return in json obj
02/09/2013 05:41:52 pm: Query has run: <CALL USP_GetAccounts();>.
02/09/2013 05:41:52 pm: ... Got dataset to return in json obj
02/09/2013 05:41:54 pm: Get the dataset to return in json obj...
02/09/2013 05:41:54 pm: Get the dataset to return in json obj...
02/09/2013 05:41:54 pm: Get the dataset to return in json obj...
02/09/2013 05:41:54 pm: Query has run: <CALL USP_GetAccounts();>.
02/09/2013 05:41:54 pm: ... Got dataset to return in json obj
02/09/2013 05:41:54 pm: Query has run: <CALL USP_GetCurrencies();>.
02/09/2013 05:41:54 pm: ... Got dataset to return in json obj
02/09/2013 05:41:54 pm: Query has run: <CALL USP_GetPayees();>.
02/09/2013 05:41:54 pm: ... Got dataset to return in json obj
02/09/2013 05:41:54 pm: Get the dataset to return in json obj...
02/09/2013 05:41:54 pm: Get the dataset to return in json obj...
02/09/2013 05:41:54 pm: Query has run: <CALL USP_GetCategories();>.
02/09/2013 05:41:54 pm: ... Got dataset to return in json obj
02/09/2013 05:41:54 pm: Query has run: <CALL USP_GetCategories2();>.
02/09/2013 05:41:54 pm: ... Got dataset to return in json obj
02/09/2013 05:42:09 pm: Get the dataset to return in json obj...
02/09/2013 05:42:09 pm: Query has run: <CALL USP_GetAccounts();>.
02/09/2013 05:42:09 pm: ... Got dataset to return in json obj
02/09/2013 05:42:09 pm: Get the dataset to return in json obj...
02/09/2013 05:42:09 pm: Get the dataset to return in json obj...
02/09/2013 05:42:09 pm: Get the dataset to return in json obj...
02/09/2013 05:42:09 pm: Query has run: <CALL USP_GetCategories2();>.
02/09/2013 05:42:09 pm: ... Got dataset to return in json obj
02/09/2013 05:42:09 pm: Get the dataset to return in json obj...
02/09/2013 05:42:09 pm: Query has run: <CALL USP_GetCurrencies();>.
02/09/2013 05:42:09 pm: ... Got dataset to return in json obj
02/09/2013 05:42:09 pm: Query has run: <CALL USP_GetCategories();>.
02/09/2013 05:42:09 pm: ... Got dataset to return in json obj
02/09/2013 05:42:09 pm: Query has run: <CALL USP_GetPayees();>.
02/09/2013 05:42:09 pm: ... Got dataset to return in json obj
02/09/2013 05:42:46 pm: Get the dataset to return in json obj...
02/09/2013 05:42:46 pm: Query has run: <CALL USP_GetAccounts();>.
02/09/2013 05:42:46 pm: ... Got dataset to return in json obj
02/09/2013 05:42:46 pm: Get the dataset to return in json obj...
02/09/2013 05:42:46 pm: Query has run: <CALL USP_GetCurrencies();>.
02/09/2013 05:42:46 pm: Get the dataset to return in json obj...
02/09/2013 05:42:46 pm: ... Got dataset to return in json obj
02/09/2013 05:42:46 pm: Query has run: <CALL USP_GetPayees();>.
02/09/2013 05:42:46 pm: ... Got dataset to return in json obj
02/09/2013 05:42:46 pm: Get the dataset to return in json obj...
02/09/2013 05:42:46 pm: Query has run: <CALL USP_GetCategories2();>.
02/09/2013 05:42:46 pm: ... Got dataset to return in json obj
02/09/2013 05:42:46 pm: Get the dataset to return in json obj...
02/09/2013 05:42:46 pm: Query has run: <CALL USP_GetCategories();>.
02/09/2013 05:42:46 pm: ... Got dataset to return in json obj
02/09/2013 05:43:46 pm: Amount value: -5. Preg_match_all result is <1>
02/09/2013 05:43:46 pm: Currency = <1>.
02/09/2013 05:43:49 pm: Get the dataset to return in json obj...
02/09/2013 05:43:49 pm: Get the dataset to return in json obj...
02/09/2013 05:43:49 pm: Query has run: <CALL USP_GetCurrencies();>.
02/09/2013 05:43:49 pm: ... Got dataset to return in json obj
02/09/2013 05:43:49 pm: Query has run: <CALL USP_GetAccounts();>.
02/09/2013 05:43:49 pm: ... Got dataset to return in json obj
02/09/2013 05:43:49 pm: Get the dataset to return in json obj...
02/09/2013 05:43:49 pm: Get the dataset to return in json obj...
02/09/2013 05:43:49 pm: Query has run: <CALL USP_GetCategories();>.
02/09/2013 05:43:49 pm: ... Got dataset to return in json obj
02/09/2013 05:43:49 pm: Query has run: <CALL USP_GetPayees();>.
02/09/2013 05:43:49 pm: ... Got dataset to return in json obj
02/09/2013 05:43:49 pm: Get the dataset to return in json obj...
02/09/2013 05:43:49 pm: Query has run: <CALL USP_GetCategories2();>.
02/09/2013 05:43:49 pm: ... Got dataset to return in json obj
02/09/2013 05:44:36 pm: Get the dataset to return in json obj...
02/09/2013 05:44:36 pm: Get the dataset to return in json obj...
02/09/2013 05:44:36 pm: Query has run: <CALL USP_GetCurrencies();>.
02/09/2013 05:44:36 pm: ... Got dataset to return in json obj
02/09/2013 05:44:36 pm: Get the dataset to return in json obj...
02/09/2013 05:44:36 pm: Query has run: <CALL USP_GetAccounts();>.
02/09/2013 05:44:36 pm: ... Got dataset to return in json obj
02/09/2013 05:44:36 pm: Query has run: <CALL USP_GetPayees();>.
02/09/2013 05:44:36 pm: Get the dataset to return in json obj...
02/09/2013 05:44:36 pm: ... Got dataset to return in json obj
02/09/2013 05:44:36 pm: Get the dataset to return in json obj...
02/09/2013 05:44:36 pm: Query has run: <CALL USP_GetCategories2();>.
02/09/2013 05:44:36 pm: ... Got dataset to return in json obj
02/09/2013 05:44:36 pm: Query has run: <CALL USP_GetCategories();>.
02/09/2013 05:44:36 pm: ... Got dataset to return in json obj
02/09/2013 05:44:44 pm: Get the dataset to return in json obj...
02/09/2013 05:44:44 pm: Get the dataset to return in json obj...
02/09/2013 05:44:44 pm: Query has run: <CALL USP_GetCurrencies();>.
02/09/2013 05:44:44 pm: ... Got dataset to return in json obj
02/09/2013 05:44:44 pm: Get the dataset to return in json obj...
02/09/2013 05:44:44 pm: Query has run: <CALL USP_GetPayees();>.
02/09/2013 05:44:44 pm: ... Got dataset to return in json obj
02/09/2013 05:44:44 pm: Query has run: <CALL USP_GetCategories();>.
02/09/2013 05:44:44 pm: ... Got dataset to return in json obj
02/09/2013 05:44:44 pm: Get the dataset to return in json obj...
02/09/2013 05:44:44 pm: Get the dataset to return in json obj...
02/09/2013 05:44:44 pm: Query has run: <CALL USP_GetCategories2();>.
02/09/2013 05:44:44 pm: ... Got dataset to return in json obj
02/09/2013 05:44:44 pm: Query has run: <CALL USP_GetAccounts();>.
02/09/2013 05:44:44 pm: ... Got dataset to return in json obj
02/09/2013 06:04:02 pm: Currency = <1>.
02/09/2013 06:04:07 pm: Get the dataset to return in json obj...
02/09/2013 06:04:07 pm: Query has run: <CALL USP_GetAccounts();>.
02/09/2013 06:04:07 pm: Get the dataset to return in json obj...
02/09/2013 06:04:07 pm: ... Got dataset to return in json obj
02/09/2013 06:04:07 pm: Query has run: <CALL USP_GetCurrencies();>.
02/09/2013 06:04:07 pm: ... Got dataset to return in json obj
02/09/2013 06:04:07 pm: Get the dataset to return in json obj...
02/09/2013 06:04:07 pm: Get the dataset to return in json obj...
02/09/2013 06:04:07 pm: Query has run: <CALL USP_GetPayees();>.
02/09/2013 06:04:07 pm: ... Got dataset to return in json obj
02/09/2013 06:04:07 pm: Query has run: <CALL USP_GetCategories();>.
02/09/2013 06:04:07 pm: ... Got dataset to return in json obj
02/09/2013 06:04:07 pm: Get the dataset to return in json obj...
02/09/2013 06:04:07 pm: Query has run: <CALL USP_GetCategories2();>.
02/09/2013 06:04:07 pm: ... Got dataset to return in json obj
02/09/2013 08:41:43 pm: Get the dataset to return in json obj...
02/09/2013 08:41:43 pm: Query has run: <CALL USP_GetAccounts();>.
02/09/2013 08:41:43 pm: ... Got dataset to return in json obj
02/09/2013 08:41:43 pm: Get the dataset to return in json obj...
02/09/2013 08:41:43 pm: Query has run: <CALL USP_GetCurrencies();>.
02/09/2013 08:41:43 pm: ... Got dataset to return in json obj
02/09/2013 08:41:43 pm: Get the dataset to return in json obj...
02/09/2013 08:41:43 pm: Query has run: <CALL USP_GetCategories();>.
02/09/2013 08:41:43 pm: ... Got dataset to return in json obj
02/09/2013 08:41:44 pm: Get the dataset to return in json obj...
02/09/2013 08:41:44 pm: Query has run: <CALL USP_GetPayees();>.
02/09/2013 08:41:44 pm: ... Got dataset to return in json obj
02/09/2013 08:41:44 pm: Get the dataset to return in json obj...
02/09/2013 08:41:44 pm: Query has run: <CALL USP_GetCategories2();>.
02/09/2013 08:41:44 pm: ... Got dataset to return in json obj
02/09/2013 08:41:44 pm: Currency = <1>.
