04/27/2013 08:16:07 am: Get the dataset to return in json obj...
04/27/2013 08:16:07 am: Get the dataset to return in json obj...
04/27/2013 08:16:07 am: Get the dataset to return in json obj...
04/27/2013 08:16:07 am: Get the dataset to return in json obj...
04/27/2013 08:16:07 am: Query has run: <CALL USP_GetCategories();>.
04/27/2013 08:16:07 am: Query has run: <CALL USP_GetPayees();>.
04/27/2013 08:16:07 am: ... Got dataset to return in json obj
04/27/2013 08:16:07 am: ... Got dataset to return in json obj
04/27/2013 08:16:07 am: Get the dataset to return in json obj...
04/27/2013 08:16:07 am: Query has run: <CALL USP_GetAccounts();>.
04/27/2013 08:16:07 am: ... Got dataset to return in json obj
04/27/2013 08:16:07 am: Query has run: <CALL USP_GetCurrencies();>.
04/27/2013 08:16:07 am: ... Got dataset to return in json obj
04/27/2013 08:16:07 am: Query has run: <CALL USP_GetCategories2();>.
04/27/2013 08:16:07 am: ... Got dataset to return in json obj
04/27/2013 12:11:38 pm: Get the dataset to return in json obj...
04/27/2013 12:11:38 pm: Get the dataset to return in json obj...
04/27/2013 12:11:38 pm: Get the dataset to return in json obj...
04/27/2013 12:11:38 pm: Get the dataset to return in json obj...
04/27/2013 12:11:38 pm: Query has run: <CALL USP_GetCurrencies();>.
04/27/2013 12:11:38 pm: ... Got dataset to return in json obj
04/27/2013 12:11:38 pm: Query has run: <CALL USP_GetCategories2();>.
04/27/2013 12:11:38 pm: Get the dataset to return in json obj...
04/27/2013 12:11:38 pm: Query has run: <CALL USP_GetAccounts();>.
04/27/2013 12:11:38 pm: ... Got dataset to return in json obj
04/27/2013 12:11:38 pm: ... Got dataset to return in json obj
04/27/2013 12:11:38 pm: Query has run: <CALL USP_GetPayees();>.
04/27/2013 12:11:38 pm: ... Got dataset to return in json obj
04/27/2013 12:11:38 pm: Query has run: <CALL USP_GetCategories();>.
04/27/2013 12:11:38 pm: ... Got dataset to return in json obj
04/27/2013 06:49:54 pm: Get the dataset to return in json obj...
04/27/2013 06:49:54 pm: Get the dataset to return in json obj...
04/27/2013 06:49:54 pm: Get the dataset to return in json obj...
04/27/2013 06:49:54 pm: Get the dataset to return in json obj...
04/27/2013 06:49:54 pm: Get the dataset to return in json obj...
04/27/2013 06:49:55 pm: Query has run: <CALL USP_GetCurrencies();>.
04/27/2013 06:49:55 pm: ... Got dataset to return in json obj
04/27/2013 06:49:55 pm: Query has run: <CALL USP_GetPayees();>.
04/27/2013 06:49:55 pm: ... Got dataset to return in json obj
04/27/2013 06:49:55 pm: Query has run: <CALL USP_GetCategories();>.
04/27/2013 06:49:55 pm: ... Got dataset to return in json obj
04/27/2013 06:49:55 pm: Query has run: <CALL USP_GetAccounts();>.
04/27/2013 06:49:55 pm: ... Got dataset to return in json obj
04/27/2013 06:49:55 pm: Query has run: <CALL USP_GetCategories2();>.
04/27/2013 06:49:55 pm: ... Got dataset to return in json obj
04/27/2013 08:54:57 pm: Get the dataset to return in json obj...
04/27/2013 08:54:57 pm: Get the dataset to return in json obj...
04/27/2013 08:54:57 pm: Get the dataset to return in json obj...
04/27/2013 08:54:57 pm: Query has run: <CALL USP_GetAccounts();>.
04/27/2013 08:54:57 pm: ... Got dataset to return in json obj
04/27/2013 08:54:57 pm: Query has run: <CALL USP_GetPayees();>.
04/27/2013 08:54:57 pm: Get the dataset to return in json obj...
04/27/2013 08:54:57 pm: Query has run: <CALL USP_GetCategories2();>.
04/27/2013 08:54:57 pm: ... Got dataset to return in json obj
04/27/2013 08:54:57 pm: Query has run: <CALL USP_GetCategories();>.
04/27/2013 08:54:57 pm: ... Got dataset to return in json obj
04/27/2013 08:54:57 pm: ... Got dataset to return in json obj
04/27/2013 08:54:57 pm: Get the dataset to return in json obj...
04/27/2013 08:54:57 pm: Query has run: <CALL USP_GetCurrencies();>.
04/27/2013 08:54:57 pm: ... Got dataset to return in json obj
04/27/2013 08:57:16 pm: Get the dataset to return in json obj...
04/27/2013 08:57:16 pm: Query has run: <CALL USP_GetAccounts();>.
04/27/2013 08:57:16 pm: ... Got dataset to return in json obj
04/27/2013 08:57:16 pm: Get the dataset to return in json obj...
04/27/2013 08:57:16 pm: Query has run: <CALL USP_GetCurrencies();>.
04/27/2013 08:57:16 pm: ... Got dataset to return in json obj
04/27/2013 08:57:16 pm: Get the dataset to return in json obj...
04/27/2013 08:57:16 pm: Get the dataset to return in json obj...
04/27/2013 08:57:16 pm: Query has run: <CALL USP_GetPayees();>.
04/27/2013 08:57:16 pm: ... Got dataset to return in json obj
04/27/2013 08:57:16 pm: Query has run: <CALL USP_GetCategories();>.
04/27/2013 08:57:16 pm: ... Got dataset to return in json obj
04/27/2013 08:57:16 pm: Get the dataset to return in json obj...
04/27/2013 08:57:16 pm: Query has run: <CALL USP_GetCategories2();>.
04/27/2013 08:57:16 pm: ... Got dataset to return in json obj
04/27/2013 08:59:11 pm: Amount value: -2,04. Preg_match_all result is <1>
04/27/2013 08:59:11 pm: Currency = <1>.
04/27/2013 09:00:01 pm: Amount value: -7,25. Preg_match_all result is <1>
04/27/2013 09:00:01 pm: Currency = <1>.
04/27/2013 09:01:32 pm: Get the dataset to return in json obj...
04/27/2013 09:01:32 pm: Get the dataset to return in json obj...
04/27/2013 09:01:32 pm: Get the dataset to return in json obj...
04/27/2013 09:01:32 pm: Get the dataset to return in json obj...
04/27/2013 09:01:32 pm: Query has run: <CALL USP_GetAccounts();>.
04/27/2013 09:01:32 pm: ... Got dataset to return in json obj
04/27/2013 09:01:32 pm: Query has run: <CALL USP_GetCurrencies();>.
04/27/2013 09:01:32 pm: ... Got dataset to return in json obj
04/27/2013 09:01:32 pm: Query has run: <CALL USP_GetPayees();>.
04/27/2013 09:01:32 pm: ... Got dataset to return in json obj
04/27/2013 09:01:32 pm: Get the dataset to return in json obj...
04/27/2013 09:01:32 pm: Query has run: <CALL USP_GetCategories();>.
04/27/2013 09:01:32 pm: ... Got dataset to return in json obj
04/27/2013 09:01:32 pm: Query has run: <CALL USP_GetCategories2();>.
04/27/2013 09:01:32 pm: ... Got dataset to return in json obj
04/27/2013 09:02:33 pm: Get the dataset to return in json obj...
04/27/2013 09:02:33 pm: Get the dataset to return in json obj...
04/27/2013 09:02:33 pm: Query has run: <CALL USP_GetCategories();>.
04/27/2013 09:02:33 pm: ... Got dataset to return in json obj
04/27/2013 09:02:33 pm: Get the dataset to return in json obj...
04/27/2013 09:02:33 pm: Get the dataset to return in json obj...
04/27/2013 09:02:33 pm: Query has run: <CALL USP_GetCurrencies();>.
04/27/2013 09:02:33 pm: ... Got dataset to return in json obj
04/27/2013 09:02:33 pm: Get the dataset to return in json obj...
04/27/2013 09:02:33 pm: Query has run: <CALL USP_GetCategories2();>.
04/27/2013 09:02:33 pm: ... Got dataset to return in json obj
04/27/2013 09:02:33 pm: Query has run: <CALL USP_GetAccounts();>.
04/27/2013 09:02:33 pm: ... Got dataset to return in json obj
04/27/2013 09:02:33 pm: Query has run: <CALL USP_GetPayees();>.
04/27/2013 09:02:33 pm: ... Got dataset to return in json obj
04/27/2013 09:02:58 pm: Get the dataset to return in json obj...
04/27/2013 09:02:58 pm: Get the dataset to return in json obj...
04/27/2013 09:02:58 pm: Get the dataset to return in json obj...
04/27/2013 09:02:58 pm: Query has run: <CALL USP_GetAccounts();>.
04/27/2013 09:02:58 pm: ... Got dataset to return in json obj
04/27/2013 09:02:58 pm: Query has run: <CALL USP_GetCategories();>.
04/27/2013 09:02:58 pm: ... Got dataset to return in json obj
04/27/2013 09:02:58 pm: Get the dataset to return in json obj...
04/27/2013 09:02:58 pm: Query has run: <CALL USP_GetCurrencies();>.
04/27/2013 09:02:58 pm: ... Got dataset to return in json obj
04/27/2013 09:02:58 pm: Get the dataset to return in json obj...
04/27/2013 09:02:58 pm: Query has run: <CALL USP_GetPayees();>.
04/27/2013 09:02:58 pm: ... Got dataset to return in json obj
04/27/2013 09:02:58 pm: Query has run: <CALL USP_GetCategories2();>.
04/27/2013 09:02:58 pm: ... Got dataset to return in json obj
04/27/2013 09:10:45 pm: Get the dataset to return in json obj...
04/27/2013 09:10:45 pm: Get the dataset to return in json obj...
04/27/2013 09:10:45 pm: Query has run: <CALL USP_GetAccounts();>.
04/27/2013 09:10:45 pm: ... Got dataset to return in json obj
04/27/2013 09:10:45 pm: Get the dataset to return in json obj...
04/27/2013 09:10:45 pm: Get the dataset to return in json obj...
04/27/2013 09:10:45 pm: Get the dataset to return in json obj...
04/27/2013 09:10:45 pm: Query has run: <CALL USP_GetCurrencies();>.
04/27/2013 09:10:45 pm: ... Got dataset to return in json obj
04/27/2013 09:10:45 pm: Query has run: <CALL USP_GetCategories2();>.
04/27/2013 09:10:45 pm: ... Got dataset to return in json obj
04/27/2013 09:10:45 pm: Query has run: <CALL USP_GetPayees();>.
04/27/2013 09:10:45 pm: ... Got dataset to return in json obj
04/27/2013 09:10:45 pm: Query has run: <CALL USP_GetCategories();>.
04/27/2013 09:10:45 pm: ... Got dataset to return in json obj
04/27/2013 09:11:04 pm: Amount value: -200. Preg_match_all result is <1>
04/27/2013 09:11:04 pm: Currency = <1>.
04/27/2013 09:38:18 pm: Amount value: -12,14. Preg_match_all result is <1>
04/27/2013 09:38:18 pm: Currency = <1>.
04/27/2013 09:38:36 pm: Amount value: -14,47. Preg_match_all result is <1>
04/27/2013 09:38:36 pm: Currency = <1>.
04/27/2013 09:38:45 pm: Get the dataset to return in json obj...
04/27/2013 09:38:45 pm: Get the dataset to return in json obj...
04/27/2013 09:38:45 pm: Query has run: <CALL USP_GetCurrencies();>.
04/27/2013 09:38:45 pm: ... Got dataset to return in json obj
04/27/2013 09:38:45 pm: Query has run: <CALL USP_GetAccounts();>.
04/27/2013 09:38:45 pm: ... Got dataset to return in json obj
04/27/2013 09:38:45 pm: Get the dataset to return in json obj...
04/27/2013 09:38:45 pm: Query has run: <CALL USP_GetPayees();>.
04/27/2013 09:38:45 pm: ... Got dataset to return in json obj
04/27/2013 09:38:45 pm: Get the dataset to return in json obj...
04/27/2013 09:38:45 pm: Query has run: <CALL USP_GetCategories();>.
04/27/2013 09:38:45 pm: ... Got dataset to return in json obj
04/27/2013 09:38:45 pm: Get the dataset to return in json obj...
04/27/2013 09:38:45 pm: Query has run: <CALL USP_GetCategories2();>.
04/27/2013 09:38:45 pm: ... Got dataset to return in json obj
04/27/2013 11:21:14 pm: Get the dataset to return in json obj...
04/27/2013 11:21:14 pm: Get the dataset to return in json obj...
04/27/2013 11:21:14 pm: Query has run: <CALL USP_GetCurrencies();>.
04/27/2013 11:21:14 pm: ... Got dataset to return in json obj
04/27/2013 11:21:14 pm: Query has run: <CALL USP_GetAccounts();>.
04/27/2013 11:21:14 pm: ... Got dataset to return in json obj
04/27/2013 11:21:14 pm: Get the dataset to return in json obj...
04/27/2013 11:21:14 pm: Get the dataset to return in json obj...
04/27/2013 11:21:14 pm: Query has run: <CALL USP_GetCategories();>.
04/27/2013 11:21:14 pm: ... Got dataset to return in json obj
04/27/2013 11:21:14 pm: Query has run: <CALL USP_GetPayees();>.
04/27/2013 11:21:14 pm: ... Got dataset to return in json obj
04/27/2013 11:21:14 pm: Get the dataset to return in json obj...
04/27/2013 11:21:14 pm: Query has run: <CALL USP_GetCategories2();>.
04/27/2013 11:21:14 pm: ... Got dataset to return in json obj
04/27/2013 11:21:18 pm: Get the dataset to return in json obj...
04/27/2013 11:21:18 pm: Get the dataset to return in json obj...
04/27/2013 11:21:18 pm: Query has run: <CALL USP_GetAccounts();>.
04/27/2013 11:21:18 pm: Query has run: <CALL USP_GetCurrencies();>.
04/27/2013 11:21:18 pm: ... Got dataset to return in json obj
04/27/2013 11:21:18 pm: ... Got dataset to return in json obj
04/27/2013 11:21:18 pm: Get the dataset to return in json obj...
04/27/2013 11:21:18 pm: Query has run: <CALL USP_GetPayees();>.
04/27/2013 11:21:18 pm: ... Got dataset to return in json obj
04/27/2013 11:21:18 pm: Get the dataset to return in json obj...
04/27/2013 11:21:18 pm: Get the dataset to return in json obj...
04/27/2013 11:21:18 pm: Query has run: <CALL USP_GetCategories();>.
04/27/2013 11:21:18 pm: ... Got dataset to return in json obj
04/27/2013 11:21:18 pm: Query has run: <CALL USP_GetCategories2();>.
04/27/2013 11:21:18 pm: ... Got dataset to return in json obj
04/27/2013 11:21:23 pm: Get the dataset to return in json obj...
04/27/2013 11:21:23 pm: Query has run: <CALL USP_GetAccounts();>.
04/27/2013 11:21:23 pm: Get the dataset to return in json obj...
04/27/2013 11:21:23 pm: ... Got dataset to return in json obj
04/27/2013 11:21:23 pm: Get the dataset to return in json obj...
04/27/2013 11:21:23 pm: Get the dataset to return in json obj...
04/27/2013 11:21:23 pm: Query has run: <CALL USP_GetPayees();>.
04/27/2013 11:21:23 pm: ... Got dataset to return in json obj
04/27/2013 11:21:23 pm: Query has run: <CALL USP_GetCategories();>.
04/27/2013 11:21:23 pm: ... Got dataset to return in json obj
04/27/2013 11:21:23 pm: Query has run: <CALL USP_GetCategories2();>.
04/27/2013 11:21:23 pm: ... Got dataset to return in json obj
04/27/2013 11:21:23 pm: Get the dataset to return in json obj...
04/27/2013 11:21:23 pm: Query has run: <CALL USP_GetCurrencies();>.
04/27/2013 11:21:23 pm: ... Got dataset to return in json obj
04/27/2013 11:21:24 pm: Currency = <1>.
04/27/2013 11:21:29 pm: Get the dataset to return in json obj...
04/27/2013 11:21:29 pm: Query has run: <CALL USP_GetAccounts();>.
04/27/2013 11:21:29 pm: ... Got dataset to return in json obj
04/27/2013 11:21:29 pm: Get the dataset to return in json obj...
04/27/2013 11:21:29 pm: Get the dataset to return in json obj...
04/27/2013 11:21:29 pm: Query has run: <CALL USP_GetPayees();>.
04/27/2013 11:21:29 pm: ... Got dataset to return in json obj
04/27/2013 11:21:29 pm: Query has run: <CALL USP_GetCurrencies();>.
04/27/2013 11:21:29 pm: ... Got dataset to return in json obj
04/27/2013 11:21:29 pm: Get the dataset to return in json obj...
04/27/2013 11:21:29 pm: Query has run: <CALL USP_GetCategories();>.
04/27/2013 11:21:29 pm: ... Got dataset to return in json obj
04/27/2013 11:21:29 pm: Get the dataset to return in json obj...
04/27/2013 11:21:29 pm: Query has run: <CALL USP_GetCategories2();>.
04/27/2013 11:21:29 pm: ... Got dataset to return in json obj
04/27/2013 11:29:14 pm: Get the dataset to return in json obj...
04/27/2013 11:29:14 pm: Get the dataset to return in json obj...
04/27/2013 11:29:14 pm: Get the dataset to return in json obj...
04/27/2013 11:29:14 pm: Query has run: <CALL USP_GetAccounts();>.
04/27/2013 11:29:14 pm: ... Got dataset to return in json obj
04/27/2013 11:29:14 pm: Query has run: <CALL USP_GetCurrencies();>.
04/27/2013 11:29:14 pm: ... Got dataset to return in json obj
04/27/2013 11:29:14 pm: Query has run: <CALL USP_GetPayees();>.
04/27/2013 11:29:14 pm: ... Got dataset to return in json obj
04/27/2013 11:29:14 pm: Get the dataset to return in json obj...
04/27/2013 11:29:14 pm: Query has run: <CALL USP_GetCategories();>.
04/27/2013 11:29:14 pm: ... Got dataset to return in json obj
04/27/2013 11:29:14 pm: Get the dataset to return in json obj...
04/27/2013 11:29:14 pm: Query has run: <CALL USP_GetCategories2();>.
04/27/2013 11:29:14 pm: ... Got dataset to return in json obj
04/27/2013 11:29:43 pm: Amount value: -750. Preg_match_all result is <1>
04/27/2013 11:29:43 pm: Currency = <1>.
04/27/2013 11:31:14 pm: Get the dataset to return in json obj...
04/27/2013 11:31:14 pm: Get the dataset to return in json obj...
04/27/2013 11:31:14 pm: Get the dataset to return in json obj...
04/27/2013 11:31:14 pm: Query has run: <CALL USP_GetCurrencies();>.
04/27/2013 11:31:14 pm: ... Got dataset to return in json obj
04/27/2013 11:31:14 pm: Query has run: <CALL USP_GetPayees();>.
04/27/2013 11:31:14 pm: ... Got dataset to return in json obj
04/27/2013 11:31:14 pm: Query has run: <CALL USP_GetAccounts();>.
04/27/2013 11:31:14 pm: ... Got dataset to return in json obj
04/27/2013 11:31:14 pm: Get the dataset to return in json obj...
04/27/2013 11:31:14 pm: Query has run: <CALL USP_GetCategories();>.
04/27/2013 11:31:14 pm: ... Got dataset to return in json obj
04/27/2013 11:31:14 pm: Get the dataset to return in json obj...
04/27/2013 11:31:14 pm: Query has run: <CALL USP_GetCategories2();>.
04/27/2013 11:31:14 pm: ... Got dataset to return in json obj
