03/10/2013 07:36:45 pm: Get the dataset to return in json obj...
03/10/2013 07:36:45 pm: Get the dataset to return in json obj...
03/10/2013 07:36:45 pm: Get the dataset to return in json obj...
03/10/2013 07:36:45 pm: Get the dataset to return in json obj...
03/10/2013 07:36:45 pm: Get the dataset to return in json obj...
03/10/2013 07:36:45 pm: Query has run: <CALL USP_GetPayees();>.
03/10/2013 07:36:45 pm: ... Got dataset to return in json obj
03/10/2013 07:36:45 pm: Query has run: <CALL USP_GetCategories();>.
03/10/2013 07:36:45 pm: ... Got dataset to return in json obj
03/10/2013 07:36:45 pm: Query has run: <CALL USP_GetCategories2();>.
03/10/2013 07:36:45 pm: Query has run: <CALL USP_GetCurrencies();>.
03/10/2013 07:36:45 pm: ... Got dataset to return in json obj
03/10/2013 07:36:45 pm: ... Got dataset to return in json obj
03/10/2013 07:36:45 pm: Query has run: <CALL USP_GetAccounts();>.
03/10/2013 07:36:45 pm: ... Got dataset to return in json obj
03/10/2013 07:37:07 pm: Amount value: 12,14. Preg_match_all result is <1>
03/10/2013 07:37:07 pm: Currency = <1>.
03/10/2013 07:37:11 pm: Amount value: -12,14. Preg_match_all result is <1>
03/10/2013 07:37:11 pm: Currency = <1>.
03/10/2013 07:37:16 pm: Amount value: -3,88. Preg_match_all result is <1>
03/10/2013 07:37:16 pm: Currency = <1>.
03/10/2013 07:37:30 pm: Amount value: -8,75. Preg_match_all result is <1>
03/10/2013 07:37:30 pm: Currency = <1>.
03/10/2013 07:38:02 pm: Amount value: -18,71. Preg_match_all result is <1>
03/10/2013 07:38:02 pm: Currency = <1>.
03/10/2013 07:38:32 pm: Amount value: -4,25. Preg_match_all result is <1>
03/10/2013 07:38:32 pm: Currency = <1>.
03/10/2013 07:38:51 pm: Amount value: -1,09. Preg_match_all result is <1>
03/10/2013 07:38:51 pm: Currency = <1>.
03/10/2013 07:38:59 pm: Get the dataset to return in json obj...
03/10/2013 07:38:59 pm: Get the dataset to return in json obj...
03/10/2013 07:38:59 pm: Get the dataset to return in json obj...
03/10/2013 07:38:59 pm: Get the dataset to return in json obj...
03/10/2013 07:38:59 pm: Query has run: <CALL USP_GetAccounts();>.
03/10/2013 07:38:59 pm: ... Got dataset to return in json obj
03/10/2013 07:38:59 pm: Get the dataset to return in json obj...
03/10/2013 07:38:59 pm: Query has run: <CALL USP_GetCurrencies();>.
03/10/2013 07:38:59 pm: ... Got dataset to return in json obj
03/10/2013 07:38:59 pm: Query has run: <CALL USP_GetPayees();>.
03/10/2013 07:38:59 pm: ... Got dataset to return in json obj
03/10/2013 07:38:59 pm: Query has run: <CALL USP_GetCategories();>.
03/10/2013 07:38:59 pm: ... Got dataset to return in json obj
03/10/2013 07:38:59 pm: Query has run: <CALL USP_GetCategories2();>.
03/10/2013 07:38:59 pm: ... Got dataset to return in json obj
03/10/2013 07:39:35 pm: Get the dataset to return in json obj...
03/10/2013 07:39:35 pm: Query has run: <CALL USP_GetAccounts();>.
03/10/2013 07:39:35 pm: ... Got dataset to return in json obj
03/10/2013 07:39:35 pm: Get the dataset to return in json obj...
03/10/2013 07:39:35 pm: Get the dataset to return in json obj...
03/10/2013 07:39:35 pm: Query has run: <CALL USP_GetCategories();>.
03/10/2013 07:39:35 pm: ... Got dataset to return in json obj
03/10/2013 07:39:35 pm: Get the dataset to return in json obj...
03/10/2013 07:39:35 pm: Query has run: <CALL USP_GetPayees();>.
03/10/2013 07:39:35 pm: Query has run: <CALL USP_GetCurrencies();>.
03/10/2013 07:39:35 pm: ... Got dataset to return in json obj
03/10/2013 07:39:35 pm: ... Got dataset to return in json obj
03/10/2013 07:39:35 pm: Get the dataset to return in json obj...
03/10/2013 07:39:35 pm: Query has run: <CALL USP_GetCategories2();>.
03/10/2013 07:39:35 pm: ... Got dataset to return in json obj
