02/21/2013 09:47:09 pm: Get the dataset to return in json obj...
02/21/2013 09:47:09 pm: Get the dataset to return in json obj...
02/21/2013 09:47:09 pm: Get the dataset to return in json obj...
02/21/2013 09:47:09 pm: Get the dataset to return in json obj...
02/21/2013 09:47:09 pm: Get the dataset to return in json obj...
02/21/2013 09:47:09 pm: Query has run: <CALL USP_GetCategories();>.
02/21/2013 09:47:09 pm: ... Got dataset to return in json obj
02/21/2013 09:47:09 pm: Query has run: <CALL USP_GetCategories2();>.
02/21/2013 09:47:09 pm: ... Got dataset to return in json obj
02/21/2013 09:47:09 pm: Query has run: <CALL USP_GetPayees();>.
02/21/2013 09:47:09 pm: ... Got dataset to return in json obj
02/21/2013 09:47:10 pm: Query has run: <CALL USP_GetCurrencies();>.
02/21/2013 09:47:10 pm: ... Got dataset to return in json obj
02/21/2013 09:47:10 pm: Query has run: <CALL USP_GetAccounts();>.
02/21/2013 09:47:10 pm: ... Got dataset to return in json obj
02/21/2013 09:47:49 pm: Amount value: -3,87. Preg_match_all result is <1>
02/21/2013 09:47:50 pm: Currency = <1>.
02/21/2013 09:48:50 pm: Get the dataset to return in json obj...
02/21/2013 09:48:50 pm: Get the dataset to return in json obj...
02/21/2013 09:48:50 pm: Query has run: <CALL USP_GetCurrencies();>.
02/21/2013 09:48:50 pm: ... Got dataset to return in json obj
02/21/2013 09:48:50 pm: Get the dataset to return in json obj...
02/21/2013 09:48:50 pm: Query has run: <CALL USP_GetAccounts();>.
02/21/2013 09:48:50 pm: ... Got dataset to return in json obj
02/21/2013 09:48:50 pm: Query has run: <CALL USP_GetPayees();>.
02/21/2013 09:48:50 pm: ... Got dataset to return in json obj
02/21/2013 09:48:50 pm: Get the dataset to return in json obj...
02/21/2013 09:48:50 pm: Get the dataset to return in json obj...
02/21/2013 09:48:50 pm: Query has run: <CALL USP_GetCategories();>.
02/21/2013 09:48:50 pm: ... Got dataset to return in json obj
02/21/2013 09:48:50 pm: Query has run: <CALL USP_GetCategories2();>.
02/21/2013 09:48:50 pm: ... Got dataset to return in json obj
