01/13/2013 09:13:41 pm: Get the dataset to return in json obj...
01/13/2013 09:13:41 pm: Get the dataset to return in json obj...
01/13/2013 09:13:41 pm: Get the dataset to return in json obj...
01/13/2013 09:13:41 pm: Get the dataset to return in json obj...
01/13/2013 09:13:41 pm: Get the dataset to return in json obj...
01/13/2013 09:13:41 pm: Query has run: <CALL USP_GetAccounts();>.
01/13/2013 09:13:41 pm: ... Got dataset to return in json obj
01/13/2013 09:13:41 pm: Query has run: <CALL USP_GetCategories();>.
01/13/2013 09:13:41 pm: ... Got dataset to return in json obj
01/13/2013 09:13:41 pm: Query has run: <CALL USP_GetCurrencies();>.
01/13/2013 09:13:41 pm: ... Got dataset to return in json obj
01/13/2013 09:13:41 pm: Query has run: <CALL USP_GetCategories2();>.
01/13/2013 09:13:41 pm: ... Got dataset to return in json obj
01/13/2013 09:13:41 pm: Query has run: <CALL USP_GetPayees();>.
01/13/2013 09:13:41 pm: ... Got dataset to return in json obj
01/13/2013 09:15:35 pm: Get the dataset to return in json obj...
01/13/2013 09:15:35 pm: Query has run: <CALL USP_GetPayees();>.
01/13/2013 09:15:35 pm: ... Got dataset to return in json obj
01/13/2013 09:15:35 pm: Get the dataset to return in json obj...
01/13/2013 09:15:35 pm: Get the dataset to return in json obj...
01/13/2013 09:15:35 pm: Get the dataset to return in json obj...
01/13/2013 09:15:35 pm: Get the dataset to return in json obj...
01/13/2013 09:15:35 pm: Query has run: <CALL USP_GetCurrencies();>.
01/13/2013 09:15:35 pm: ... Got dataset to return in json obj
01/13/2013 09:15:35 pm: Query has run: <CALL USP_GetAccounts();>.
01/13/2013 09:15:35 pm: ... Got dataset to return in json obj
01/13/2013 09:15:35 pm: Query has run: <CALL USP_GetCategories();>.
01/13/2013 09:15:35 pm: ... Got dataset to return in json obj
01/13/2013 09:15:35 pm: Query has run: <CALL USP_GetCategories2();>.
01/13/2013 09:15:35 pm: ... Got dataset to return in json obj
01/13/2013 09:15:45 pm: Get the dataset to return in json obj...
01/13/2013 09:15:45 pm: Query has run: <CALL USP_GetCurrencies();>.
01/13/2013 09:15:45 pm: ... Got dataset to return in json obj
01/13/2013 09:15:45 pm: Get the dataset to return in json obj...
01/13/2013 09:15:45 pm: Get the dataset to return in json obj...
01/13/2013 09:15:45 pm: Get the dataset to return in json obj...
01/13/2013 09:15:45 pm: Query has run: <CALL USP_GetCategories();>.
01/13/2013 09:15:45 pm: ... Got dataset to return in json obj
01/13/2013 09:15:45 pm: Query has run: <CALL USP_GetPayees();>.
01/13/2013 09:15:45 pm: ... Got dataset to return in json obj
01/13/2013 09:15:45 pm: Query has run: <CALL USP_GetAccounts();>.
01/13/2013 09:15:45 pm: ... Got dataset to return in json obj
01/13/2013 09:15:45 pm: Get the dataset to return in json obj...
01/13/2013 09:15:45 pm: Query has run: <CALL USP_GetCategories2();>.
01/13/2013 09:15:45 pm: ... Got dataset to return in json obj
01/13/2013 09:16:31 pm: Get the dataset to return in json obj...
01/13/2013 09:16:31 pm: Get the dataset to return in json obj...
01/13/2013 09:16:31 pm: Get the dataset to return in json obj...
01/13/2013 09:16:31 pm: Query has run: <CALL USP_GetCurrencies();>.
01/13/2013 09:16:31 pm: ... Got dataset to return in json obj
01/13/2013 09:16:31 pm: Query has run: <CALL USP_GetAccounts();>.
01/13/2013 09:16:31 pm: ... Got dataset to return in json obj
01/13/2013 09:16:31 pm: Query has run: <CALL USP_GetCategories();>.
01/13/2013 09:16:31 pm: ... Got dataset to return in json obj
01/13/2013 09:16:31 pm: Get the dataset to return in json obj...
01/13/2013 09:16:31 pm: Get the dataset to return in json obj...
01/13/2013 09:16:31 pm: Query has run: <CALL USP_GetCategories2();>.
01/13/2013 09:16:31 pm: ... Got dataset to return in json obj
01/13/2013 09:16:31 pm: Query has run: <CALL USP_GetPayees();>.
01/13/2013 09:16:31 pm: ... Got dataset to return in json obj
01/13/2013 09:24:20 pm: Get the dataset to return in json obj...
01/13/2013 09:24:20 pm: Get the dataset to return in json obj...
01/13/2013 09:24:20 pm: Get the dataset to return in json obj...
01/13/2013 09:24:20 pm: Query has run: <CALL USP_GetCurrencies();>.
01/13/2013 09:24:20 pm: Get the dataset to return in json obj...
01/13/2013 09:24:20 pm: ... Got dataset to return in json obj
01/13/2013 09:24:20 pm: Query has run: <CALL USP_GetPayees();>.
01/13/2013 09:24:20 pm: ... Got dataset to return in json obj
01/13/2013 09:24:20 pm: Query has run: <CALL USP_GetAccounts();>.
01/13/2013 09:24:20 pm: ... Got dataset to return in json obj
01/13/2013 09:24:20 pm: Get the dataset to return in json obj...
01/13/2013 09:24:20 pm: Query has run: <CALL USP_GetCategories();>.
01/13/2013 09:24:20 pm: ... Got dataset to return in json obj
01/13/2013 09:24:20 pm: Query has run: <CALL USP_GetCategories2();>.
01/13/2013 09:24:20 pm: ... Got dataset to return in json obj
01/13/2013 09:26:28 pm: Get the dataset to return in json obj...
01/13/2013 09:26:28 pm: Query has run: <CALL USP_GetCurrencies();>.
01/13/2013 09:26:28 pm: ... Got dataset to return in json obj
01/13/2013 09:26:28 pm: Get the dataset to return in json obj...
01/13/2013 09:26:28 pm: Get the dataset to return in json obj...
01/13/2013 09:26:28 pm: Get the dataset to return in json obj...
01/13/2013 09:26:28 pm: Query has run: <CALL USP_GetCategories2();>.
01/13/2013 09:26:28 pm: Query has run: <CALL USP_GetPayees();>.
01/13/2013 09:26:28 pm: ... Got dataset to return in json obj
01/13/2013 09:26:28 pm: ... Got dataset to return in json obj
01/13/2013 09:26:28 pm: Query has run: <CALL USP_GetAccounts();>.
01/13/2013 09:26:28 pm: ... Got dataset to return in json obj
01/13/2013 09:26:28 pm: Get the dataset to return in json obj...
01/13/2013 09:26:28 pm: Query has run: <CALL USP_GetCategories();>.
01/13/2013 09:26:28 pm: ... Got dataset to return in json obj
01/13/2013 09:26:34 pm: Get the dataset to return in json obj...
01/13/2013 09:26:34 pm: Get the dataset to return in json obj...
01/13/2013 09:26:34 pm: Get the dataset to return in json obj...
01/13/2013 09:26:34 pm: Query has run: <CALL USP_GetCategories();>.
01/13/2013 09:26:34 pm: ... Got dataset to return in json obj
01/13/2013 09:26:34 pm: Query has run: <CALL USP_GetCurrencies();>.
01/13/2013 09:26:34 pm: ... Got dataset to return in json obj
01/13/2013 09:26:34 pm: Query has run: <CALL USP_GetPayees();>.
01/13/2013 09:26:34 pm: ... Got dataset to return in json obj
01/13/2013 09:26:34 pm: Get the dataset to return in json obj...
01/13/2013 09:26:34 pm: Query has run: <CALL USP_GetCategories2();>.
01/13/2013 09:26:34 pm: ... Got dataset to return in json obj
01/13/2013 09:26:34 pm: Get the dataset to return in json obj...
01/13/2013 09:26:34 pm: Query has run: <CALL USP_GetAccounts();>.
01/13/2013 09:26:34 pm: ... Got dataset to return in json obj
01/13/2013 09:27:31 pm: Get the dataset to return in json obj...
01/13/2013 09:27:31 pm: Get the dataset to return in json obj...
01/13/2013 09:27:31 pm: Get the dataset to return in json obj...
01/13/2013 09:27:31 pm: Get the dataset to return in json obj...
01/13/2013 09:27:31 pm: Query has run: <CALL USP_GetCurrencies();>.
01/13/2013 09:27:31 pm: ... Got dataset to return in json obj
01/13/2013 09:27:31 pm: Query has run: <CALL USP_GetCategories2();>.
01/13/2013 09:27:31 pm: ... Got dataset to return in json obj
01/13/2013 09:27:31 pm: Query has run: <CALL USP_GetCategories();>.
01/13/2013 09:27:31 pm: ... Got dataset to return in json obj
01/13/2013 09:27:31 pm: Query has run: <CALL USP_GetPayees();>.
01/13/2013 09:27:31 pm: ... Got dataset to return in json obj
01/13/2013 09:27:31 pm: Get the dataset to return in json obj...
01/13/2013 09:27:31 pm: Query has run: <CALL USP_GetAccounts();>.
01/13/2013 09:27:31 pm: ... Got dataset to return in json obj
01/13/2013 09:27:37 pm: Get the dataset to return in json obj...
01/13/2013 09:27:37 pm: Query has run: <CALL USP_GetCurrencies();>.
01/13/2013 09:27:37 pm: ... Got dataset to return in json obj
01/13/2013 09:27:37 pm: Get the dataset to return in json obj...
01/13/2013 09:27:37 pm: Get the dataset to return in json obj...
01/13/2013 09:27:37 pm: Get the dataset to return in json obj...
01/13/2013 09:27:37 pm: Get the dataset to return in json obj...
01/13/2013 09:27:37 pm: Query has run: <CALL USP_GetCategories2();>.
01/13/2013 09:27:37 pm: ... Got dataset to return in json obj
01/13/2013 09:27:37 pm: Query has run: <CALL USP_GetCategories();>.
01/13/2013 09:27:37 pm: ... Got dataset to return in json obj
01/13/2013 09:27:37 pm: Query has run: <CALL USP_GetPayees();>.
01/13/2013 09:27:37 pm: ... Got dataset to return in json obj
01/13/2013 09:27:37 pm: Query has run: <CALL USP_GetAccounts();>.
01/13/2013 09:27:37 pm: ... Got dataset to return in json obj
01/13/2013 09:27:55 pm: Get the dataset to return in json obj...
01/13/2013 09:27:55 pm: Get the dataset to return in json obj...
01/13/2013 09:27:55 pm: Query has run: <CALL USP_GetCurrencies();>.
01/13/2013 09:27:55 pm: Get the dataset to return in json obj...
01/13/2013 09:27:55 pm: Query has run: <CALL USP_GetAccounts();>.
01/13/2013 09:27:55 pm: Get the dataset to return in json obj...
01/13/2013 09:27:55 pm: ... Got dataset to return in json obj
01/13/2013 09:27:55 pm: ... Got dataset to return in json obj
01/13/2013 09:27:55 pm: Query has run: <CALL USP_GetCategories();>.
01/13/2013 09:27:55 pm: ... Got dataset to return in json obj
01/13/2013 09:27:55 pm: Query has run: <CALL USP_GetPayees();>.
01/13/2013 09:27:56 pm: ... Got dataset to return in json obj
01/13/2013 09:27:56 pm: Get the dataset to return in json obj...
01/13/2013 09:27:56 pm: Query has run: <CALL USP_GetCategories2();>.
01/13/2013 09:27:56 pm: ... Got dataset to return in json obj
01/13/2013 09:27:57 pm: Get the dataset to return in json obj...
01/13/2013 09:27:57 pm: Get the dataset to return in json obj...
01/13/2013 09:27:57 pm: Get the dataset to return in json obj...
01/13/2013 09:27:57 pm: Get the dataset to return in json obj...
01/13/2013 09:27:57 pm: Query has run: <CALL USP_GetPayees();>.
01/13/2013 09:27:57 pm: ... Got dataset to return in json obj
01/13/2013 09:27:57 pm: Query has run: <CALL USP_GetAccounts();>.
01/13/2013 09:27:57 pm: ... Got dataset to return in json obj
01/13/2013 09:27:57 pm: Query has run: <CALL USP_GetCategories();>.
01/13/2013 09:27:57 pm: ... Got dataset to return in json obj
01/13/2013 09:27:57 pm: Query has run: <CALL USP_GetCategories2();>.
01/13/2013 09:27:57 pm: ... Got dataset to return in json obj
01/13/2013 09:27:57 pm: Get the dataset to return in json obj...
01/13/2013 09:27:57 pm: Query has run: <CALL USP_GetCurrencies();>.
01/13/2013 09:27:57 pm: ... Got dataset to return in json obj
01/13/2013 09:27:58 pm: Get the dataset to return in json obj...
01/13/2013 09:27:58 pm: Get the dataset to return in json obj...
01/13/2013 09:27:58 pm: Get the dataset to return in json obj...
01/13/2013 09:27:58 pm: Query has run: <CALL USP_GetAccounts();>.
01/13/2013 09:27:58 pm: ... Got dataset to return in json obj
01/13/2013 09:27:58 pm: Get the dataset to return in json obj...
01/13/2013 09:27:58 pm: Query has run: <CALL USP_GetCurrencies();>.
01/13/2013 09:27:58 pm: ... Got dataset to return in json obj
01/13/2013 09:27:58 pm: Query has run: <CALL USP_GetPayees();>.
01/13/2013 09:27:58 pm: ... Got dataset to return in json obj
01/13/2013 09:27:58 pm: Query has run: <CALL USP_GetCategories2();>.
01/13/2013 09:27:58 pm: ... Got dataset to return in json obj
01/13/2013 09:27:58 pm: Get the dataset to return in json obj...
01/13/2013 09:27:58 pm: Query has run: <CALL USP_GetCategories();>.
01/13/2013 09:27:58 pm: ... Got dataset to return in json obj
01/13/2013 09:28:40 pm: Get the dataset to return in json obj...
01/13/2013 09:28:40 pm: Get the dataset to return in json obj...
01/13/2013 09:28:40 pm: Query has run: <CALL USP_GetCurrencies();>.
01/13/2013 09:28:40 pm: Query has run: <CALL USP_GetAccounts();>.
01/13/2013 09:28:40 pm: ... Got dataset to return in json obj
01/13/2013 09:28:40 pm: ... Got dataset to return in json obj
01/13/2013 09:28:40 pm: Get the dataset to return in json obj...
01/13/2013 09:28:40 pm: Get the dataset to return in json obj...
01/13/2013 09:28:40 pm: Query has run: <CALL USP_GetPayees();>.
01/13/2013 09:28:40 pm: ... Got dataset to return in json obj
01/13/2013 09:28:40 pm: Query has run: <CALL USP_GetCategories2();>.
01/13/2013 09:28:40 pm: ... Got dataset to return in json obj
01/13/2013 09:28:40 pm: Get the dataset to return in json obj...
01/13/2013 09:28:40 pm: Query has run: <CALL USP_GetCategories();>.
01/13/2013 09:28:40 pm: ... Got dataset to return in json obj
01/13/2013 09:28:52 pm: Get the dataset to return in json obj...
01/13/2013 09:28:52 pm: Get the dataset to return in json obj...
01/13/2013 09:28:52 pm: Get the dataset to return in json obj...
01/13/2013 09:28:52 pm: Get the dataset to return in json obj...
01/13/2013 09:28:52 pm: Query has run: <CALL USP_GetAccounts();>.
01/13/2013 09:28:52 pm: ... Got dataset to return in json obj
01/13/2013 09:28:52 pm: Query has run: <CALL USP_GetPayees();>.
01/13/2013 09:28:52 pm: ... Got dataset to return in json obj
01/13/2013 09:28:52 pm: Query has run: <CALL USP_GetCurrencies();>.
01/13/2013 09:28:52 pm: ... Got dataset to return in json obj
01/13/2013 09:28:52 pm: Query has run: <CALL USP_GetCategories();>.
01/13/2013 09:28:53 pm: ... Got dataset to return in json obj
01/13/2013 09:28:53 pm: Get the dataset to return in json obj...
01/13/2013 09:28:53 pm: Query has run: <CALL USP_GetCategories2();>.
01/13/2013 09:28:53 pm: ... Got dataset to return in json obj
01/13/2013 09:29:30 pm: Get the dataset to return in json obj...
01/13/2013 09:29:30 pm: Get the dataset to return in json obj...
01/13/2013 09:29:30 pm: Get the dataset to return in json obj...
01/13/2013 09:29:30 pm: Query has run: <CALL USP_GetCategories2();>.
01/13/2013 09:29:30 pm: Get the dataset to return in json obj...
01/13/2013 09:29:30 pm: ... Got dataset to return in json obj
01/13/2013 09:29:30 pm: Get the dataset to return in json obj...
01/13/2013 09:29:30 pm: Query has run: <CALL USP_GetCurrencies();>.
01/13/2013 09:29:30 pm: Query has run: <CALL USP_GetCategories();>.
01/13/2013 09:29:30 pm: ... Got dataset to return in json obj
01/13/2013 09:29:30 pm: Query has run: <CALL USP_GetPayees();>.
01/13/2013 09:29:30 pm: ... Got dataset to return in json obj
01/13/2013 09:29:30 pm: ... Got dataset to return in json obj
01/13/2013 09:29:30 pm: Query has run: <CALL USP_GetAccounts();>.
01/13/2013 09:29:30 pm: ... Got dataset to return in json obj
01/13/2013 09:30:06 pm: Get the dataset to return in json obj...
01/13/2013 09:30:06 pm: Get the dataset to return in json obj...
01/13/2013 09:30:06 pm: Query has run: <CALL USP_GetCurrencies();>.
01/13/2013 09:30:06 pm: ... Got dataset to return in json obj
01/13/2013 09:30:06 pm: Get the dataset to return in json obj...
01/13/2013 09:30:06 pm: Get the dataset to return in json obj...
01/13/2013 09:30:06 pm: Query has run: <CALL USP_GetAccounts();>.
01/13/2013 09:30:06 pm: ... Got dataset to return in json obj
01/13/2013 09:30:06 pm: Query has run: <CALL USP_GetCategories2();>.
01/13/2013 09:30:06 pm: ... Got dataset to return in json obj
01/13/2013 09:30:06 pm: Query has run: <CALL USP_GetPayees();>.
01/13/2013 09:30:06 pm: ... Got dataset to return in json obj
01/13/2013 09:30:06 pm: Get the dataset to return in json obj...
01/13/2013 09:30:06 pm: Query has run: <CALL USP_GetCategories();>.
01/13/2013 09:30:06 pm: ... Got dataset to return in json obj
01/13/2013 09:30:45 pm: Get the dataset to return in json obj...
01/13/2013 09:30:45 pm: Get the dataset to return in json obj...
01/13/2013 09:30:45 pm: Query has run: <CALL USP_GetCurrencies();>.
01/13/2013 09:30:45 pm: ... Got dataset to return in json obj
01/13/2013 09:30:45 pm: Query has run: <CALL USP_GetAccounts();>.
01/13/2013 09:30:45 pm: ... Got dataset to return in json obj
01/13/2013 09:30:45 pm: Get the dataset to return in json obj...
01/13/2013 09:30:45 pm: Get the dataset to return in json obj...
01/13/2013 09:30:45 pm: Query has run: <CALL USP_GetCategories2();>.
01/13/2013 09:30:45 pm: ... Got dataset to return in json obj
01/13/2013 09:30:45 pm: Get the dataset to return in json obj...
01/13/2013 09:30:45 pm: Query has run: <CALL USP_GetCategories();>.
01/13/2013 09:30:45 pm: ... Got dataset to return in json obj
01/13/2013 09:30:45 pm: Query has run: <CALL USP_GetPayees();>.
01/13/2013 09:30:45 pm: ... Got dataset to return in json obj
01/13/2013 09:31:00 pm: Get the dataset to return in json obj...
01/13/2013 09:31:00 pm: Get the dataset to return in json obj...
01/13/2013 09:31:00 pm: Query has run: <CALL USP_GetCurrencies();>.
01/13/2013 09:31:00 pm: ... Got dataset to return in json obj
01/13/2013 09:31:00 pm: Query has run: <CALL USP_GetAccounts();>.
01/13/2013 09:31:00 pm: ... Got dataset to return in json obj
01/13/2013 09:31:00 pm: Get the dataset to return in json obj...
01/13/2013 09:31:00 pm: Query has run: <CALL USP_GetCategories();>.
01/13/2013 09:31:00 pm: ... Got dataset to return in json obj
01/13/2013 09:31:00 pm: Get the dataset to return in json obj...
01/13/2013 09:31:00 pm: Query has run: <CALL USP_GetPayees();>.
01/13/2013 09:31:00 pm: ... Got dataset to return in json obj
01/13/2013 09:31:00 pm: Get the dataset to return in json obj...
01/13/2013 09:31:00 pm: Query has run: <CALL USP_GetCategories2();>.
01/13/2013 09:31:00 pm: ... Got dataset to return in json obj
01/13/2013 09:31:09 pm: Get the dataset to return in json obj...
01/13/2013 09:31:09 pm: Get the dataset to return in json obj...
01/13/2013 09:31:09 pm: Query has run: <CALL USP_GetAccounts();>.
01/13/2013 09:31:09 pm: Get the dataset to return in json obj...
01/13/2013 09:31:09 pm: ... Got dataset to return in json obj
01/13/2013 09:31:09 pm: Query has run: <CALL USP_GetCurrencies();>.
01/13/2013 09:31:09 pm: ... Got dataset to return in json obj
01/13/2013 09:31:09 pm: Query has run: <CALL USP_GetPayees();>.
01/13/2013 09:31:09 pm: ... Got dataset to return in json obj
01/13/2013 09:31:09 pm: Get the dataset to return in json obj...
01/13/2013 09:31:09 pm: Get the dataset to return in json obj...
01/13/2013 09:31:09 pm: Query has run: <CALL USP_GetCategories();>.
01/13/2013 09:31:09 pm: ... Got dataset to return in json obj
01/13/2013 09:31:09 pm: Query has run: <CALL USP_GetCategories2();>.
01/13/2013 09:31:09 pm: ... Got dataset to return in json obj
01/13/2013 09:31:17 pm: Get the dataset to return in json obj...
01/13/2013 09:31:17 pm: Get the dataset to return in json obj...
01/13/2013 09:31:17 pm: Query has run: <CALL USP_GetPayees();>.
01/13/2013 09:31:17 pm: ... Got dataset to return in json obj
01/13/2013 09:31:17 pm: Query has run: <CALL USP_GetAccounts();>.
01/13/2013 09:31:17 pm: ... Got dataset to return in json obj
01/13/2013 09:31:17 pm: Get the dataset to return in json obj...
01/13/2013 09:31:17 pm: Get the dataset to return in json obj...
01/13/2013 09:31:17 pm: Query has run: <CALL USP_GetCategories2();>.
01/13/2013 09:31:17 pm: ... Got dataset to return in json obj
01/13/2013 09:31:17 pm: Get the dataset to return in json obj...
01/13/2013 09:31:17 pm: Query has run: <CALL USP_GetCategories();>.
01/13/2013 09:31:17 pm: ... Got dataset to return in json obj
01/13/2013 09:31:17 pm: Query has run: <CALL USP_GetCurrencies();>.
01/13/2013 09:31:17 pm: ... Got dataset to return in json obj
01/13/2013 09:31:29 pm: Get the dataset to return in json obj...
01/13/2013 09:31:29 pm: Query has run: <CALL USP_GetCurrencies();>.
01/13/2013 09:31:29 pm: ... Got dataset to return in json obj
01/13/2013 09:31:29 pm: Get the dataset to return in json obj...
01/13/2013 09:31:29 pm: Get the dataset to return in json obj...
01/13/2013 09:31:29 pm: Query has run: <CALL USP_GetAccounts();>.
01/13/2013 09:31:29 pm: Get the dataset to return in json obj...
01/13/2013 09:31:29 pm: ... Got dataset to return in json obj
01/13/2013 09:31:29 pm: Query has run: <CALL USP_GetCategories();>.
01/13/2013 09:31:29 pm: ... Got dataset to return in json obj
01/13/2013 09:31:29 pm: Get the dataset to return in json obj...
01/13/2013 09:31:29 pm: Query has run: <CALL USP_GetCategories2();>.
01/13/2013 09:31:29 pm: ... Got dataset to return in json obj
01/13/2013 09:31:29 pm: Query has run: <CALL USP_GetPayees();>.
01/13/2013 09:31:29 pm: ... Got dataset to return in json obj
01/13/2013 09:31:56 pm: Get the dataset to return in json obj...
01/13/2013 09:31:56 pm: Get the dataset to return in json obj...
01/13/2013 09:31:56 pm: Get the dataset to return in json obj...
01/13/2013 09:31:56 pm: Get the dataset to return in json obj...
01/13/2013 09:31:56 pm: Get the dataset to return in json obj...
01/13/2013 09:31:56 pm: Query has run: <CALL USP_GetCurrencies();>.
01/13/2013 09:31:56 pm: ... Got dataset to return in json obj
01/13/2013 09:31:56 pm: Query has run: <CALL USP_GetCategories();>.
01/13/2013 09:31:56 pm: ... Got dataset to return in json obj
01/13/2013 09:31:56 pm: Query has run: <CALL USP_GetPayees();>.
01/13/2013 09:31:56 pm: Query has run: <CALL USP_GetAccounts();>.
01/13/2013 09:31:56 pm: Query has run: <CALL USP_GetCategories2();>.
01/13/2013 09:31:56 pm: ... Got dataset to return in json obj
01/13/2013 09:31:56 pm: ... Got dataset to return in json obj
01/13/2013 09:31:56 pm: ... Got dataset to return in json obj
01/13/2013 09:44:07 pm: Get the dataset to return in json obj...
01/13/2013 09:44:07 pm: Get the dataset to return in json obj...
01/13/2013 09:44:07 pm: Get the dataset to return in json obj...
01/13/2013 09:44:07 pm: Get the dataset to return in json obj...
01/13/2013 09:44:07 pm: Query has run: <CALL USP_GetCurrencies();>.
01/13/2013 09:44:07 pm: ... Got dataset to return in json obj
01/13/2013 09:44:07 pm: Query has run: <CALL USP_GetAccounts();>.
01/13/2013 09:44:07 pm: ... Got dataset to return in json obj
01/13/2013 09:44:07 pm: Query has run: <CALL USP_GetCategories();>.
01/13/2013 09:44:07 pm: Get the dataset to return in json obj...
01/13/2013 09:44:07 pm: Query has run: <CALL USP_GetCategories2();>.
01/13/2013 09:44:07 pm: ... Got dataset to return in json obj
01/13/2013 09:44:07 pm: ... Got dataset to return in json obj
01/13/2013 09:44:07 pm: Query has run: <CALL USP_GetPayees();>.
01/13/2013 09:44:07 pm: ... Got dataset to return in json obj
01/13/2013 09:52:12 pm: Get the dataset to return in json obj...
01/13/2013 09:52:12 pm: Get the dataset to return in json obj...
01/13/2013 09:52:12 pm: Query has run: <CALL USP_GetPayees();>.
01/13/2013 09:52:12 pm: ... Got dataset to return in json obj
01/13/2013 09:52:12 pm: Query has run: <CALL USP_GetCurrencies();>.
01/13/2013 09:52:12 pm: ... Got dataset to return in json obj
01/13/2013 09:52:12 pm: Get the dataset to return in json obj...
01/13/2013 09:52:12 pm: Get the dataset to return in json obj...
01/13/2013 09:52:12 pm: Get the dataset to return in json obj...
01/13/2013 09:52:12 pm: Query has run: <CALL USP_GetCategories();>.
01/13/2013 09:52:12 pm: ... Got dataset to return in json obj
01/13/2013 09:52:12 pm: Query has run: <CALL USP_GetCategories2();>.
01/13/2013 09:52:12 pm: ... Got dataset to return in json obj
01/13/2013 09:52:12 pm: Query has run: <CALL USP_GetAccounts();>.
01/13/2013 09:52:12 pm: ... Got dataset to return in json obj
01/13/2013 09:52:12 pm: Get the dataset to return in json obj...
01/13/2013 09:52:12 pm: Query has run: <CALL USP_GetAccounts();>.
01/13/2013 09:52:12 pm: ... Got dataset to return in json obj
01/13/2013 09:52:12 pm: Get the dataset to return in json obj...
01/13/2013 09:52:12 pm: Get the dataset to return in json obj...
01/13/2013 09:52:12 pm: Query has run: <CALL USP_GetCurrencies();>.
01/13/2013 09:52:12 pm: ... Got dataset to return in json obj
01/13/2013 09:52:12 pm: Get the dataset to return in json obj...
01/13/2013 09:52:12 pm: Query has run: <CALL USP_GetCategories();>.
01/13/2013 09:52:12 pm: ... Got dataset to return in json obj
01/13/2013 09:52:12 pm: Query has run: <CALL USP_GetPayees();>.
01/13/2013 09:52:12 pm: ... Got dataset to return in json obj
01/13/2013 09:52:12 pm: Get the dataset to return in json obj...
01/13/2013 09:52:12 pm: Query has run: <CALL USP_GetCategories2();>.
01/13/2013 09:52:12 pm: ... Got dataset to return in json obj
01/13/2013 09:52:13 pm: Get the dataset to return in json obj...
01/13/2013 09:52:13 pm: Get the dataset to return in json obj...
01/13/2013 09:52:13 pm: Query has run: <CALL USP_GetAccounts();>.
01/13/2013 09:52:13 pm: ... Got dataset to return in json obj
01/13/2013 09:52:13 pm: Query has run: <CALL USP_GetCurrencies();>.
01/13/2013 09:52:13 pm: ... Got dataset to return in json obj
01/13/2013 09:52:13 pm: Get the dataset to return in json obj...
01/13/2013 09:52:13 pm: Get the dataset to return in json obj...
01/13/2013 09:52:13 pm: Query has run: <CALL USP_GetPayees();>.
01/13/2013 09:52:13 pm: ... Got dataset to return in json obj
01/13/2013 09:52:13 pm: Get the dataset to return in json obj...
01/13/2013 09:52:13 pm: Query has run: <CALL USP_GetCategories2();>.
01/13/2013 09:52:13 pm: ... Got dataset to return in json obj
01/13/2013 09:52:13 pm: Query has run: <CALL USP_GetCategories();>.
01/13/2013 09:52:13 pm: ... Got dataset to return in json obj
