04/02/2013 07:48:43 pm: Get the dataset to return in json obj...
04/02/2013 07:48:43 pm: Get the dataset to return in json obj...
04/02/2013 07:48:43 pm: Get the dataset to return in json obj...
04/02/2013 07:48:43 pm: Get the dataset to return in json obj...
04/02/2013 07:48:43 pm: Get the dataset to return in json obj...
04/02/2013 07:48:43 pm: Query has run: <CALL USP_GetCategories();>.
04/02/2013 07:48:43 pm: ... Got dataset to return in json obj
04/02/2013 07:48:43 pm: Query has run: <CALL USP_GetPayees();>.
04/02/2013 07:48:43 pm: Query has run: <CALL USP_GetCurrencies();>.
04/02/2013 07:48:43 pm: Query has run: <CALL USP_GetCategories2();>.
04/02/2013 07:48:43 pm: ... Got dataset to return in json obj
04/02/2013 07:48:43 pm: ... Got dataset to return in json obj
04/02/2013 07:48:43 pm: Query has run: <CALL USP_GetAccounts();>.
04/02/2013 07:48:43 pm: ... Got dataset to return in json obj
04/02/2013 07:48:43 pm: ... Got dataset to return in json obj
04/02/2013 07:49:31 pm: Amount value: -8. Preg_match_all result is <1>
04/02/2013 07:49:32 pm: Currency = <1>.
04/02/2013 07:50:04 pm: Amount value: -7,5. Preg_match_all result is <1>
04/02/2013 07:50:04 pm: Currency = <1>.
04/02/2013 07:50:13 pm: Get the dataset to return in json obj...
04/02/2013 07:50:13 pm: Get the dataset to return in json obj...
04/02/2013 07:50:13 pm: Query has run: <CALL USP_GetAccounts();>.
04/02/2013 07:50:13 pm: ... Got dataset to return in json obj
04/02/2013 07:50:13 pm: Query has run: <CALL USP_GetCurrencies();>.
04/02/2013 07:50:13 pm: ... Got dataset to return in json obj
04/02/2013 07:50:13 pm: Get the dataset to return in json obj...
04/02/2013 07:50:13 pm: Get the dataset to return in json obj...
04/02/2013 07:50:13 pm: Query has run: <CALL USP_GetCategories2();>.
04/02/2013 07:50:13 pm: ... Got dataset to return in json obj
04/02/2013 07:50:13 pm: Query has run: <CALL USP_GetCategories();>.
04/02/2013 07:50:13 pm: ... Got dataset to return in json obj
04/02/2013 07:50:13 pm: Get the dataset to return in json obj...
04/02/2013 07:50:13 pm: Query has run: <CALL USP_GetPayees();>.
04/02/2013 07:50:13 pm: ... Got dataset to return in json obj
04/02/2013 07:50:14 pm: Get the dataset to return in json obj...
04/02/2013 07:50:14 pm: Get the dataset to return in json obj...
04/02/2013 07:50:14 pm: Get the dataset to return in json obj...
04/02/2013 07:50:14 pm: Get the dataset to return in json obj...
04/02/2013 07:50:14 pm: Query has run: <CALL USP_GetPayees();>.
04/02/2013 07:50:14 pm: ... Got dataset to return in json obj
04/02/2013 07:50:14 pm: Get the dataset to return in json obj...
04/02/2013 07:50:14 pm: Query has run: <CALL USP_GetCategories2();>.
04/02/2013 07:50:14 pm: ... Got dataset to return in json obj
04/02/2013 07:50:14 pm: Query has run: <CALL USP_GetCurrencies();>.
04/02/2013 07:50:14 pm: ... Got dataset to return in json obj
04/02/2013 07:50:14 pm: Query has run: <CALL USP_GetCategories();>.
04/02/2013 07:50:14 pm: ... Got dataset to return in json obj
04/02/2013 07:50:14 pm: Query has run: <CALL USP_GetAccounts();>.
04/02/2013 07:50:14 pm: ... Got dataset to return in json obj
04/02/2013 07:50:15 pm: Get the dataset to return in json obj...
04/02/2013 07:50:15 pm: Query has run: <CALL USP_GetCategories2();>.
04/02/2013 07:50:15 pm: ... Got dataset to return in json obj
04/02/2013 07:50:15 pm: Get the dataset to return in json obj...
04/02/2013 07:50:15 pm: Query has run: <CALL USP_GetCurrencies();>.
04/02/2013 07:50:15 pm: ... Got dataset to return in json obj
04/02/2013 07:50:15 pm: Get the dataset to return in json obj...
04/02/2013 07:50:15 pm: Get the dataset to return in json obj...
04/02/2013 07:50:15 pm: Get the dataset to return in json obj...
04/02/2013 07:50:15 pm: Query has run: <CALL USP_GetAccounts();>.
04/02/2013 07:50:15 pm: ... Got dataset to return in json obj
04/02/2013 07:50:15 pm: Query has run: <CALL USP_GetCategories();>.
04/02/2013 07:50:15 pm: ... Got dataset to return in json obj
04/02/2013 07:50:15 pm: Query has run: <CALL USP_GetPayees();>.
04/02/2013 07:50:15 pm: ... Got dataset to return in json obj
04/02/2013 07:50:45 pm: Amount value: -23. Preg_match_all result is <1>
04/02/2013 07:50:45 pm: Currency = <2>.
04/02/2013 07:50:51 pm: Get the dataset to return in json obj...
04/02/2013 07:50:51 pm: Get the dataset to return in json obj...
04/02/2013 07:50:51 pm: Query has run: <CALL USP_GetCategories2();>.
04/02/2013 07:50:51 pm: ... Got dataset to return in json obj
04/02/2013 07:50:51 pm: Get the dataset to return in json obj...
04/02/2013 07:50:51 pm: Get the dataset to return in json obj...
04/02/2013 07:50:51 pm: Query has run: <CALL USP_GetPayees();>.
04/02/2013 07:50:51 pm: ... Got dataset to return in json obj
04/02/2013 07:50:51 pm: Query has run: <CALL USP_GetCurrencies();>.
04/02/2013 07:50:51 pm: ... Got dataset to return in json obj
04/02/2013 07:50:51 pm: Get the dataset to return in json obj...
04/02/2013 07:50:51 pm: Query has run: <CALL USP_GetCategories();>.
04/02/2013 07:50:51 pm: ... Got dataset to return in json obj
04/02/2013 07:50:51 pm: Query has run: <CALL USP_GetAccounts();>.
04/02/2013 07:50:51 pm: ... Got dataset to return in json obj
04/02/2013 07:50:54 pm: Get the dataset to return in json obj...
04/02/2013 07:50:54 pm: Query has run: <CALL USP_GetAccounts();>.
04/02/2013 07:50:54 pm: ... Got dataset to return in json obj
04/02/2013 07:50:54 pm: Get the dataset to return in json obj...
04/02/2013 07:50:54 pm: Get the dataset to return in json obj...
04/02/2013 07:50:54 pm: Get the dataset to return in json obj...
04/02/2013 07:50:54 pm: Get the dataset to return in json obj...
04/02/2013 07:50:54 pm: Query has run: <CALL USP_GetCategories();>.
04/02/2013 07:50:54 pm: ... Got dataset to return in json obj
04/02/2013 07:50:54 pm: Query has run: <CALL USP_GetCurrencies();>.
04/02/2013 07:50:54 pm: Query has run: <CALL USP_GetPayees();>.
04/02/2013 07:50:54 pm: ... Got dataset to return in json obj
04/02/2013 07:50:54 pm: ... Got dataset to return in json obj
04/02/2013 07:50:54 pm: Query has run: <CALL USP_GetCategories2();>.
04/02/2013 07:50:54 pm: ... Got dataset to return in json obj
04/02/2013 07:51:02 pm: Get the dataset to return in json obj...
04/02/2013 07:51:02 pm: Query has run: <CALL USP_GetCurrencies();>.
04/02/2013 07:51:02 pm: ... Got dataset to return in json obj
04/02/2013 07:51:02 pm: Get the dataset to return in json obj...
04/02/2013 07:51:02 pm: Get the dataset to return in json obj...
04/02/2013 07:51:02 pm: Query has run: <CALL USP_GetCategories();>.
04/02/2013 07:51:02 pm: ... Got dataset to return in json obj
04/02/2013 07:51:02 pm: Get the dataset to return in json obj...
04/02/2013 07:51:02 pm: Get the dataset to return in json obj...
04/02/2013 07:51:02 pm: Query has run: <CALL USP_GetCategories2();>.
04/02/2013 07:51:02 pm: ... Got dataset to return in json obj
04/02/2013 07:51:02 pm: Query has run: <CALL USP_GetAccounts();>.
04/02/2013 07:51:02 pm: ... Got dataset to return in json obj
04/02/2013 07:51:02 pm: Query has run: <CALL USP_GetPayees();>.
04/02/2013 07:51:02 pm: ... Got dataset to return in json obj
04/02/2013 07:51:55 pm: Get the dataset to return in json obj...
04/02/2013 07:51:55 pm: Get the dataset to return in json obj...
04/02/2013 07:51:55 pm: Query has run: <CALL USP_GetCurrencies();>.
04/02/2013 07:51:55 pm: ... Got dataset to return in json obj
04/02/2013 07:51:55 pm: Query has run: <CALL USP_GetAccounts();>.
04/02/2013 07:51:55 pm: ... Got dataset to return in json obj
04/02/2013 07:51:55 pm: Get the dataset to return in json obj...
04/02/2013 07:51:55 pm: Get the dataset to return in json obj...
04/02/2013 07:51:55 pm: Query has run: <CALL USP_GetPayees();>.
04/02/2013 07:51:55 pm: ... Got dataset to return in json obj
04/02/2013 07:51:55 pm: Get the dataset to return in json obj...
04/02/2013 07:51:55 pm: Query has run: <CALL USP_GetCategories2();>.
04/02/2013 07:51:55 pm: ... Got dataset to return in json obj
04/02/2013 07:51:55 pm: Query has run: <CALL USP_GetCategories();>.
04/02/2013 07:51:55 pm: ... Got dataset to return in json obj
