06/10/2013 06:37:48 pm: Get the dataset to return in json obj...
06/10/2013 06:37:48 pm: Get the dataset to return in json obj...
06/10/2013 06:37:48 pm: Get the dataset to return in json obj...
06/10/2013 06:37:48 pm: Get the dataset to return in json obj...
06/10/2013 06:37:48 pm: Query has run: <CALL USP_GetPayees();>.
06/10/2013 06:37:48 pm: ... Got dataset to return in json obj
06/10/2013 06:37:49 pm: Query has run: <CALL USP_GetCategories();>.
06/10/2013 06:37:49 pm: ... Got dataset to return in json obj
06/10/2013 06:37:49 pm: Query has run: <CALL USP_GetAccounts();>.
06/10/2013 06:37:49 pm: ... Got dataset to return in json obj
06/10/2013 06:37:49 pm: Query has run: <CALL USP_GetCategories2();>.
06/10/2013 06:37:49 pm: ... Got dataset to return in json obj
06/10/2013 06:37:49 pm: Query has run: <CALL USP_GetCurrencies();>.
06/10/2013 06:37:49 pm: ... Got dataset to return in json obj
06/10/2013 06:37:58 pm: Get the dataset to return in json obj...
06/10/2013 06:37:58 pm: Get the dataset to return in json obj...
06/10/2013 06:37:58 pm: Get the dataset to return in json obj...
06/10/2013 06:37:58 pm: Get the dataset to return in json obj...
06/10/2013 06:37:58 pm: Get the dataset to return in json obj...
06/10/2013 06:37:58 pm: Query has run: <CALL USP_GetCategories();>.
06/10/2013 06:37:58 pm: ... Got dataset to return in json obj
06/10/2013 06:37:58 pm: Query has run: <CALL USP_GetCurrencies();>.
06/10/2013 06:37:58 pm: ... Got dataset to return in json obj
06/10/2013 06:37:58 pm: Query has run: <CALL USP_GetAccounts();>.
06/10/2013 06:37:58 pm: Query has run: <CALL USP_GetCategories2();>.
06/10/2013 06:37:58 pm: ... Got dataset to return in json obj
06/10/2013 06:37:58 pm: ... Got dataset to return in json obj
06/10/2013 06:37:58 pm: Query has run: <CALL USP_GetPayees();>.
06/10/2013 06:37:58 pm: ... Got dataset to return in json obj
06/10/2013 10:56:06 pm: Get the dataset to return in json obj...
06/10/2013 10:56:06 pm: Get the dataset to return in json obj...
06/10/2013 10:56:06 pm: Get the dataset to return in json obj...
06/10/2013 10:56:06 pm: Get the dataset to return in json obj...
06/10/2013 10:56:06 pm: Query has run: <CALL USP_GetAccounts();>.
06/10/2013 10:56:06 pm: ... Got dataset to return in json obj
06/10/2013 10:56:06 pm: Query has run: <CALL USP_GetCategories();>.
06/10/2013 10:56:06 pm: ... Got dataset to return in json obj
06/10/2013 10:56:06 pm: Query has run: <CALL USP_GetCurrencies();>.
06/10/2013 10:56:06 pm: ... Got dataset to return in json obj
06/10/2013 10:56:06 pm: Query has run: <CALL USP_GetPayees();>.
06/10/2013 10:56:06 pm: ... Got dataset to return in json obj
06/10/2013 10:56:07 pm: Get the dataset to return in json obj...
06/10/2013 10:56:07 pm: Query has run: <CALL USP_GetCategories2();>.
06/10/2013 10:56:07 pm: ... Got dataset to return in json obj
06/10/2013 10:56:25 pm: Get the dataset to return in json obj...
06/10/2013 10:56:25 pm: Query has run: <CALL USP_GetAccounts();>.
06/10/2013 10:56:25 pm: ... Got dataset to return in json obj
06/10/2013 10:56:25 pm: Get the dataset to return in json obj...
06/10/2013 10:56:25 pm: Query has run: <CALL USP_GetCurrencies();>.
06/10/2013 10:56:25 pm: ... Got dataset to return in json obj
06/10/2013 10:56:25 pm: Get the dataset to return in json obj...
06/10/2013 10:56:25 pm: Get the dataset to return in json obj...
06/10/2013 10:56:25 pm: Query has run: <CALL USP_GetPayees();>.
06/10/2013 10:56:25 pm: Query has run: <CALL USP_GetCategories();>.
06/10/2013 10:56:25 pm: ... Got dataset to return in json obj
06/10/2013 10:56:25 pm: ... Got dataset to return in json obj
06/10/2013 10:56:25 pm: Get the dataset to return in json obj...
06/10/2013 10:56:25 pm: Query has run: <CALL USP_GetCategories2();>.
06/10/2013 10:56:25 pm: ... Got dataset to return in json obj
