03/19/2013 08:36:59 pm: Get the dataset to return in json obj...
03/19/2013 08:36:59 pm: Get the dataset to return in json obj...
03/19/2013 08:36:59 pm: Get the dataset to return in json obj...
03/19/2013 08:36:59 pm: Get the dataset to return in json obj...
03/19/2013 08:36:59 pm: Get the dataset to return in json obj...
03/19/2013 08:36:59 pm: Query has run: <CALL USP_GetCategories();>.
03/19/2013 08:36:59 pm: ... Got dataset to return in json obj
03/19/2013 08:36:59 pm: Query has run: <CALL USP_GetCurrencies();>.
03/19/2013 08:36:59 pm: ... Got dataset to return in json obj
03/19/2013 08:36:59 pm: Query has run: <CALL USP_GetCategories2();>.
03/19/2013 08:36:59 pm: ... Got dataset to return in json obj
03/19/2013 08:36:59 pm: Query has run: <CALL USP_GetAccounts();>.
03/19/2013 08:36:59 pm: ... Got dataset to return in json obj
03/19/2013 08:36:59 pm: Query has run: <CALL USP_GetPayees();>.
03/19/2013 08:36:59 pm: ... Got dataset to return in json obj
03/19/2013 08:38:04 pm: Amount value: -310. Preg_match_all result is <1>
03/19/2013 08:38:04 pm: Currency = <1>.
03/19/2013 08:38:39 pm: Amount value: -220. Preg_match_all result is <1>
03/19/2013 08:38:39 pm: Currency = <1>.
03/19/2013 08:40:25 pm: Amount value: -133,89. Preg_match_all result is <1>
03/19/2013 08:40:25 pm: Currency = <1>.
03/19/2013 08:40:32 pm: Get the dataset to return in json obj...
03/19/2013 08:40:32 pm: Query has run: <CALL USP_GetAccounts();>.
03/19/2013 08:40:32 pm: ... Got dataset to return in json obj
03/19/2013 08:40:32 pm: Get the dataset to return in json obj...
03/19/2013 08:40:32 pm: Get the dataset to return in json obj...
03/19/2013 08:40:32 pm: Get the dataset to return in json obj...
03/19/2013 08:40:32 pm: Get the dataset to return in json obj...
03/19/2013 08:40:32 pm: Query has run: <CALL USP_GetCurrencies();>.
03/19/2013 08:40:32 pm: ... Got dataset to return in json obj
03/19/2013 08:40:32 pm: Query has run: <CALL USP_GetPayees();>.
03/19/2013 08:40:32 pm: ... Got dataset to return in json obj
03/19/2013 08:40:32 pm: Query has run: <CALL USP_GetCategories();>.
03/19/2013 08:40:32 pm: ... Got dataset to return in json obj
03/19/2013 08:40:32 pm: Query has run: <CALL USP_GetCategories2();>.
03/19/2013 08:40:32 pm: ... Got dataset to return in json obj
03/19/2013 08:40:34 pm: Get the dataset to return in json obj...
03/19/2013 08:40:34 pm: Get the dataset to return in json obj...
03/19/2013 08:40:34 pm: Query has run: <CALL USP_GetAccounts();>.
03/19/2013 08:40:34 pm: ... Got dataset to return in json obj
03/19/2013 08:40:34 pm: Get the dataset to return in json obj...
03/19/2013 08:40:34 pm: Query has run: <CALL USP_GetCurrencies();>.
03/19/2013 08:40:34 pm: ... Got dataset to return in json obj
03/19/2013 08:40:34 pm: Query has run: <CALL USP_GetPayees();>.
03/19/2013 08:40:34 pm: ... Got dataset to return in json obj
03/19/2013 08:40:34 pm: Get the dataset to return in json obj...
03/19/2013 08:40:34 pm: Query has run: <CALL USP_GetCategories();>.
03/19/2013 08:40:34 pm: ... Got dataset to return in json obj
03/19/2013 08:40:34 pm: Get the dataset to return in json obj...
03/19/2013 08:40:34 pm: Query has run: <CALL USP_GetCategories2();>.
03/19/2013 08:40:34 pm: ... Got dataset to return in json obj
03/19/2013 08:40:51 pm: Get the dataset to return in json obj...
03/19/2013 08:40:51 pm: Get the dataset to return in json obj...
03/19/2013 08:40:51 pm: Query has run: <CALL USP_GetCurrencies();>.
03/19/2013 08:40:51 pm: ... Got dataset to return in json obj
03/19/2013 08:40:51 pm: Query has run: <CALL USP_GetAccounts();>.
03/19/2013 08:40:51 pm: ... Got dataset to return in json obj
03/19/2013 08:40:51 pm: Get the dataset to return in json obj...
03/19/2013 08:40:51 pm: Query has run: <CALL USP_GetPayees();>.
03/19/2013 08:40:51 pm: ... Got dataset to return in json obj
03/19/2013 08:40:51 pm: Get the dataset to return in json obj...
03/19/2013 08:40:51 pm: Query has run: <CALL USP_GetCategories();>.
03/19/2013 08:40:51 pm: ... Got dataset to return in json obj
03/19/2013 08:40:51 pm: Get the dataset to return in json obj...
03/19/2013 08:40:51 pm: Query has run: <CALL USP_GetCategories2();>.
03/19/2013 08:40:51 pm: ... Got dataset to return in json obj
03/19/2013 08:41:17 pm: Amount value: -50. Preg_match_all result is <1>
03/19/2013 08:41:17 pm: Currency = <1>.
03/19/2013 08:41:22 pm: Get the dataset to return in json obj...
03/19/2013 08:41:22 pm: Query has run: <CALL USP_GetAccounts();>.
03/19/2013 08:41:22 pm: ... Got dataset to return in json obj
03/19/2013 08:41:22 pm: Get the dataset to return in json obj...
03/19/2013 08:41:22 pm: Get the dataset to return in json obj...
03/19/2013 08:41:22 pm: Get the dataset to return in json obj...
03/19/2013 08:41:22 pm: Get the dataset to return in json obj...
03/19/2013 08:41:22 pm: Query has run: <CALL USP_GetCurrencies();>.
03/19/2013 08:41:22 pm: ... Got dataset to return in json obj
03/19/2013 08:41:22 pm: Query has run: <CALL USP_GetCategories2();>.
03/19/2013 08:41:22 pm: ... Got dataset to return in json obj
03/19/2013 08:41:22 pm: Query has run: <CALL USP_GetCategories();>.
03/19/2013 08:41:22 pm: ... Got dataset to return in json obj
03/19/2013 08:41:22 pm: Query has run: <CALL USP_GetPayees();>.
03/19/2013 08:41:22 pm: ... Got dataset to return in json obj
