05/31/2013 07:27:16 pm: Get the dataset to return in json obj...
05/31/2013 07:27:16 pm: Get the dataset to return in json obj...
05/31/2013 07:27:16 pm: Get the dataset to return in json obj...
05/31/2013 07:27:16 pm: Get the dataset to return in json obj...
05/31/2013 07:27:16 pm: Get the dataset to return in json obj...
05/31/2013 07:27:16 pm: Query has run: <CALL USP_GetCategories();>.
05/31/2013 07:27:16 pm: ... Got dataset to return in json obj
05/31/2013 07:27:16 pm: Query has run: <CALL USP_GetCurrencies();>.
05/31/2013 07:27:16 pm: ... Got dataset to return in json obj
05/31/2013 07:27:16 pm: Query has run: <CALL USP_GetPayees();>.
05/31/2013 07:27:16 pm: Query has run: <CALL USP_GetAccounts();>.
05/31/2013 07:27:16 pm: ... Got dataset to return in json obj
05/31/2013 07:27:16 pm: ... Got dataset to return in json obj
05/31/2013 07:27:16 pm: Query has run: <CALL USP_GetCategories2();>.
05/31/2013 07:27:16 pm: ... Got dataset to return in json obj
05/31/2013 07:27:21 pm: Get the dataset to return in json obj...
05/31/2013 07:27:21 pm: Query has run: <CALL USP_GetAccounts();>.
05/31/2013 07:27:21 pm: ... Got dataset to return in json obj
05/31/2013 07:27:21 pm: Get the dataset to return in json obj...
05/31/2013 07:27:21 pm: Query has run: <CALL USP_GetCurrencies();>.
05/31/2013 07:27:21 pm: ... Got dataset to return in json obj
05/31/2013 07:27:21 pm: Get the dataset to return in json obj...
05/31/2013 07:27:21 pm: Query has run: <CALL USP_GetPayees();>.
05/31/2013 07:27:21 pm: ... Got dataset to return in json obj
05/31/2013 07:27:21 pm: Get the dataset to return in json obj...
05/31/2013 07:27:21 pm: Get the dataset to return in json obj...
05/31/2013 07:27:21 pm: Query has run: <CALL USP_GetCategories();>.
05/31/2013 07:27:21 pm: ... Got dataset to return in json obj
05/31/2013 07:27:21 pm: Query has run: <CALL USP_GetCategories2();>.
05/31/2013 07:27:21 pm: ... Got dataset to return in json obj
05/31/2013 08:48:07 pm: Amount value: -7,06. Preg_match_all result is <1>
05/31/2013 08:48:08 pm: Currency = <1>.
05/31/2013 08:48:21 pm: Amount value: -18,33. Preg_match_all result is <1>
05/31/2013 08:48:21 pm: Currency = <1>.
05/31/2013 08:48:37 pm: Amount value: -16,99. Preg_match_all result is <1>
05/31/2013 08:48:37 pm: Currency = <1>.
05/31/2013 08:50:01 pm: Amount value: -21. Preg_match_all result is <1>
05/31/2013 08:50:01 pm: Currency = <1>.
05/31/2013 08:50:20 pm: Amount value: -4. Preg_match_all result is <1>
05/31/2013 08:50:20 pm: Currency = <1>.
05/31/2013 08:51:01 pm: Amount value: -52,31. Preg_match_all result is <1>
05/31/2013 08:51:02 pm: Currency = <1>.
05/31/2013 08:51:08 pm: Amount value: -52,31. Preg_match_all result is <1>
05/31/2013 08:51:08 pm: Currency = <1>.
05/31/2013 08:51:28 pm: Amount value: -1,67. Preg_match_all result is <1>
05/31/2013 08:51:28 pm: Currency = <1>.
05/31/2013 08:51:36 pm: Amount value: -1,67. Preg_match_all result is <1>
05/31/2013 08:51:36 pm: Currency = <1>.
05/31/2013 08:52:07 pm: Amount value: 50. Preg_match_all result is <1>
05/31/2013 08:52:07 pm: Currency = <1>.
05/31/2013 08:52:21 pm: Amount value: -50. Preg_match_all result is <1>
05/31/2013 08:52:21 pm: Currency = <1>.
05/31/2013 08:52:39 pm: Amount value: -50. Preg_match_all result is <1>
05/31/2013 08:52:39 pm: Currency = <1>.
05/31/2013 08:54:37 pm: Get the dataset to return in json obj...
05/31/2013 08:54:37 pm: Get the dataset to return in json obj...
05/31/2013 08:54:37 pm: Query has run: <CALL USP_GetAccounts();>.
05/31/2013 08:54:37 pm: ... Got dataset to return in json obj
05/31/2013 08:54:37 pm: Get the dataset to return in json obj...
05/31/2013 08:54:37 pm: Get the dataset to return in json obj...
05/31/2013 08:54:37 pm: Query has run: <CALL USP_GetPayees();>.
05/31/2013 08:54:37 pm: ... Got dataset to return in json obj
05/31/2013 08:54:37 pm: Query has run: <CALL USP_GetCategories();>.
05/31/2013 08:54:37 pm: ... Got dataset to return in json obj
05/31/2013 08:54:37 pm: Query has run: <CALL USP_GetCurrencies();>.
05/31/2013 08:54:37 pm: ... Got dataset to return in json obj
05/31/2013 08:54:37 pm: Get the dataset to return in json obj...
05/31/2013 08:54:37 pm: Query has run: <CALL USP_GetCategories2();>.
05/31/2013 08:54:37 pm: ... Got dataset to return in json obj
05/31/2013 09:05:51 pm: Get the dataset to return in json obj...
05/31/2013 09:05:51 pm: Get the dataset to return in json obj...
05/31/2013 09:05:51 pm: Get the dataset to return in json obj...
05/31/2013 09:05:51 pm: Get the dataset to return in json obj...
05/31/2013 09:05:51 pm: Query has run: <CALL USP_GetAccounts();>.
05/31/2013 09:05:52 pm: ... Got dataset to return in json obj
05/31/2013 09:05:51 pm: Get the dataset to return in json obj...
05/31/2013 09:05:52 pm: Query has run: <CALL USP_GetCurrencies();>.
05/31/2013 09:05:52 pm: ... Got dataset to return in json obj
05/31/2013 09:05:52 pm: Query has run: <CALL USP_GetCategories();>.
05/31/2013 09:05:52 pm: ... Got dataset to return in json obj
05/31/2013 09:05:52 pm: Query has run: <CALL USP_GetPayees();>.
05/31/2013 09:05:52 pm: ... Got dataset to return in json obj
05/31/2013 09:05:52 pm: Query has run: <CALL USP_GetCategories2();>.
05/31/2013 09:05:52 pm: ... Got dataset to return in json obj
05/31/2013 09:07:01 pm: Amount value: -47. Preg_match_all result is <1>
05/31/2013 09:07:01 pm: Currency = <1>.
05/31/2013 09:07:10 pm: Get the dataset to return in json obj...
05/31/2013 09:07:10 pm: Get the dataset to return in json obj...
05/31/2013 09:07:10 pm: Get the dataset to return in json obj...
05/31/2013 09:07:10 pm: Get the dataset to return in json obj...
05/31/2013 09:07:10 pm: Query has run: <CALL USP_GetAccounts();>.
05/31/2013 09:07:10 pm: ... Got dataset to return in json obj
05/31/2013 09:07:10 pm: Get the dataset to return in json obj...
05/31/2013 09:07:10 pm: Query has run: <CALL USP_GetCurrencies();>.
05/31/2013 09:07:10 pm: ... Got dataset to return in json obj
05/31/2013 09:07:10 pm: Query has run: <CALL USP_GetPayees();>.
05/31/2013 09:07:10 pm: ... Got dataset to return in json obj
05/31/2013 09:07:10 pm: Query has run: <CALL USP_GetCategories();>.
05/31/2013 09:07:10 pm: ... Got dataset to return in json obj
05/31/2013 09:07:10 pm: Query has run: <CALL USP_GetCategories2();>.
05/31/2013 09:07:10 pm: ... Got dataset to return in json obj
