05/01/2013 06:37:31 pm: Get the dataset to return in json obj...
05/01/2013 06:37:32 pm: Query has run: <CALL USP_GetAccounts();>.
05/01/2013 06:37:32 pm: ... Got dataset to return in json obj
05/01/2013 06:37:32 pm: Get the dataset to return in json obj...
05/01/2013 06:37:32 pm: Get the dataset to return in json obj...
05/01/2013 06:37:32 pm: Query has run: <CALL USP_GetCurrencies();>.
05/01/2013 06:37:32 pm: ... Got dataset to return in json obj
05/01/2013 06:37:32 pm: Query has run: <CALL USP_GetPayees();>.
05/01/2013 06:37:32 pm: ... Got dataset to return in json obj
05/01/2013 06:37:33 pm: Get the dataset to return in json obj...
05/01/2013 06:37:33 pm: Get the dataset to return in json obj...
05/01/2013 06:37:34 pm: Query has run: <CALL USP_GetCategories();>.
05/01/2013 06:37:34 pm: ... Got dataset to return in json obj
05/01/2013 06:37:34 pm: Query has run: <CALL USP_GetCategories2();>.
05/01/2013 06:37:34 pm: ... Got dataset to return in json obj
05/01/2013 06:37:40 pm: Get the dataset to return in json obj...
05/01/2013 06:37:40 pm: Get the dataset to return in json obj...
05/01/2013 06:37:40 pm: Query has run: <CALL USP_GetAccounts();>.
05/01/2013 06:37:40 pm: ... Got dataset to return in json obj
05/01/2013 06:37:40 pm: Query has run: <CALL USP_GetCurrencies();>.
05/01/2013 06:37:40 pm: ... Got dataset to return in json obj
05/01/2013 06:37:40 pm: Get the dataset to return in json obj...
05/01/2013 06:37:40 pm: Query has run: <CALL USP_GetPayees();>.
05/01/2013 06:37:40 pm: ... Got dataset to return in json obj
05/01/2013 06:37:40 pm: Get the dataset to return in json obj...
05/01/2013 06:37:40 pm: Query has run: <CALL USP_GetCategories();>.
05/01/2013 06:37:40 pm: ... Got dataset to return in json obj
05/01/2013 06:37:40 pm: Get the dataset to return in json obj...
05/01/2013 06:37:40 pm: Query has run: <CALL USP_GetCategories2();>.
05/01/2013 06:37:40 pm: ... Got dataset to return in json obj
05/01/2013 06:37:40 pm: Get the dataset to return in json obj...
05/01/2013 06:37:40 pm: Query has run: <CALL USP_GetPayees();>.
05/01/2013 06:37:40 pm: ... Got dataset to return in json obj
05/01/2013 06:37:40 pm: Get the dataset to return in json obj...
05/01/2013 06:37:40 pm: Query has run: <CALL USP_GetCategories();>.
05/01/2013 06:37:40 pm: ... Got dataset to return in json obj
05/01/2013 06:37:40 pm: Get the dataset to return in json obj...
05/01/2013 06:37:40 pm: Get the dataset to return in json obj...
05/01/2013 06:37:40 pm: Query has run: <CALL USP_GetCurrencies();>.
05/01/2013 06:37:40 pm: ... Got dataset to return in json obj
05/01/2013 06:37:40 pm: Query has run: <CALL USP_GetAccounts();>.
05/01/2013 06:37:40 pm: ... Got dataset to return in json obj
05/01/2013 06:37:40 pm: Get the dataset to return in json obj...
05/01/2013 06:37:40 pm: Query has run: <CALL USP_GetCategories2();>.
05/01/2013 06:37:40 pm: ... Got dataset to return in json obj
05/01/2013 08:37:03 pm: Get the dataset to return in json obj...
05/01/2013 08:37:03 pm: Get the dataset to return in json obj...
05/01/2013 08:37:03 pm: Get the dataset to return in json obj...
05/01/2013 08:37:04 pm: Get the dataset to return in json obj...
05/01/2013 08:37:04 pm: Get the dataset to return in json obj...
05/01/2013 08:37:06 pm: Query has run: <CALL USP_GetCategories();>.
05/01/2013 08:37:06 pm: Query has run: <CALL USP_GetPayees();>.
05/01/2013 08:37:06 pm: Query has run: <CALL USP_GetAccounts();>.
05/01/2013 08:37:06 pm: Query has run: <CALL USP_GetCurrencies();>.
05/01/2013 08:37:06 pm: ... Got dataset to return in json obj
05/01/2013 08:37:06 pm: ... Got dataset to return in json obj
05/01/2013 08:37:06 pm: ... Got dataset to return in json obj
05/01/2013 08:37:06 pm: ... Got dataset to return in json obj
05/01/2013 08:37:06 pm: Query has run: <CALL USP_GetCategories2();>.
05/01/2013 08:37:06 pm: ... Got dataset to return in json obj
05/01/2013 08:37:14 pm: Get the dataset to return in json obj...
05/01/2013 08:37:14 pm: Get the dataset to return in json obj...
05/01/2013 08:37:14 pm: Query has run: <CALL USP_GetCurrencies();>.
05/01/2013 08:37:14 pm: ... Got dataset to return in json obj
05/01/2013 08:37:14 pm: Get the dataset to return in json obj...
05/01/2013 08:37:14 pm: Get the dataset to return in json obj...
05/01/2013 08:37:15 pm: Query has run: <CALL USP_GetAccounts();>.
05/01/2013 08:37:15 pm: ... Got dataset to return in json obj
05/01/2013 08:37:15 pm: Get the dataset to return in json obj...
05/01/2013 08:37:15 pm: Query has run: <CALL USP_GetCategories();>.
05/01/2013 08:37:15 pm: ... Got dataset to return in json obj
05/01/2013 08:37:15 pm: Query has run: <CALL USP_GetPayees();>.
05/01/2013 08:37:15 pm: ... Got dataset to return in json obj
05/01/2013 08:37:15 pm: Query has run: <CALL USP_GetCategories2();>.
05/01/2013 08:37:15 pm: ... Got dataset to return in json obj
05/01/2013 08:37:15 pm: Get the dataset to return in json obj...
05/01/2013 08:37:15 pm: Get the dataset to return in json obj...
05/01/2013 08:37:15 pm: Query has run: <CALL USP_GetAccounts();>.
05/01/2013 08:37:15 pm: ... Got dataset to return in json obj
05/01/2013 08:37:15 pm: Get the dataset to return in json obj...
05/01/2013 08:37:15 pm: Get the dataset to return in json obj...
05/01/2013 08:37:15 pm: Get the dataset to return in json obj...
05/01/2013 08:37:15 pm: Query has run: <CALL USP_GetPayees();>.
05/01/2013 08:37:15 pm: ... Got dataset to return in json obj
05/01/2013 08:37:15 pm: Query has run: <CALL USP_GetCurrencies();>.
05/01/2013 08:37:15 pm: ... Got dataset to return in json obj
05/01/2013 08:37:15 pm: Query has run: <CALL USP_GetCategories();>.
05/01/2013 08:37:15 pm: ... Got dataset to return in json obj
05/01/2013 08:37:15 pm: Query has run: <CALL USP_GetCategories2();>.
05/01/2013 08:37:15 pm: ... Got dataset to return in json obj
05/01/2013 09:28:04 pm: Get the dataset to return in json obj...
05/01/2013 09:28:04 pm: Get the dataset to return in json obj...
05/01/2013 09:28:04 pm: Get the dataset to return in json obj...
05/01/2013 09:28:04 pm: Query has run: <CALL USP_GetAccounts();>.
05/01/2013 09:28:04 pm: ... Got dataset to return in json obj
05/01/2013 09:28:04 pm: Query has run: <CALL USP_GetCurrencies();>.
05/01/2013 09:28:04 pm: ... Got dataset to return in json obj
05/01/2013 09:28:04 pm: Query has run: <CALL USP_GetPayees();>.
05/01/2013 09:28:04 pm: ... Got dataset to return in json obj
05/01/2013 09:28:04 pm: Get the dataset to return in json obj...
05/01/2013 09:28:04 pm: Query has run: <CALL USP_GetCategories2();>.
05/01/2013 09:28:04 pm: ... Got dataset to return in json obj
05/01/2013 09:28:04 pm: Get the dataset to return in json obj...
05/01/2013 09:28:04 pm: Query has run: <CALL USP_GetCategories();>.
05/01/2013 09:28:04 pm: ... Got dataset to return in json obj
05/01/2013 09:28:14 pm: Line 78-> Query 1 to run: <CALL USP_InsertPayee ('Amazon');>.
05/01/2013 09:28:14 pm: Line 87-> Query2 to run: <CALL USP_GetPayees();>.
05/01/2013 09:28:14 pm: Start insert...
05/01/2013 09:28:14 pm: Query has run: <CALL USP_InsertPayee ('Amazon');>.
05/01/2013 09:28:14 pm: Query has run: <CALL USP_GetPayees ()>.
05/01/2013 09:28:14 pm: ... End insert
05/01/2013 09:28:14 pm: Get the dataset to return in json obj...
05/01/2013 09:28:14 pm: Query has run: <CALL USP_GetPayees();>.
05/01/2013 09:28:14 pm: ... Got dataset to return in json obj
05/01/2013 09:28:41 pm: Query has run: <CALL USP_GetPayees ()>.
05/01/2013 09:28:52 pm: Amount value: -67,33. Preg_match_all result is <1>
05/01/2013 09:28:52 pm: Currency = <1>.
