02/25/2013 09:47:20 pm: Get the dataset to return in json obj...
02/25/2013 09:47:20 pm: Get the dataset to return in json obj...
02/25/2013 09:47:20 pm: Get the dataset to return in json obj...
02/25/2013 09:47:20 pm: Get the dataset to return in json obj...
02/25/2013 09:47:20 pm: Query has run: <CALL USP_GetPayees();>.
02/25/2013 09:47:20 pm: ... Got dataset to return in json obj
02/25/2013 09:47:20 pm: Query has run: <CALL USP_GetCategories();>.
02/25/2013 09:47:20 pm: ... Got dataset to return in json obj
02/25/2013 09:47:20 pm: Query has run: <CALL USP_GetCurrencies();>.
02/25/2013 09:47:20 pm: ... Got dataset to return in json obj
02/25/2013 09:47:20 pm: Query has run: <CALL USP_GetCategories2();>.
02/25/2013 09:47:20 pm: ... Got dataset to return in json obj
02/25/2013 09:47:20 pm: Query has run: <CALL USP_GetAccounts();>.
02/25/2013 09:47:20 pm: ... Got dataset to return in json obj
02/25/2013 09:47:49 pm: Amount value: -6. Preg_match_all result is <1>
02/25/2013 09:47:49 pm: Currency = <1>.
02/25/2013 09:47:52 pm: Get the dataset to return in json obj...
02/25/2013 09:47:52 pm: Query has run: <CALL USP_GetAccounts();>.
02/25/2013 09:47:52 pm: ... Got dataset to return in json obj
02/25/2013 09:47:52 pm: Get the dataset to return in json obj...
02/25/2013 09:47:52 pm: Get the dataset to return in json obj...
02/25/2013 09:47:52 pm: Get the dataset to return in json obj...
02/25/2013 09:47:52 pm: Get the dataset to return in json obj...
02/25/2013 09:47:52 pm: Query has run: <CALL USP_GetPayees();>.
02/25/2013 09:47:52 pm: ... Got dataset to return in json obj
02/25/2013 09:47:52 pm: Query has run: <CALL USP_GetCategories();>.
02/25/2013 09:47:52 pm: Query has run: <CALL USP_GetCurrencies();>.
02/25/2013 09:47:52 pm: ... Got dataset to return in json obj
02/25/2013 09:47:52 pm: Query has run: <CALL USP_GetCategories2();>.
02/25/2013 09:47:52 pm: ... Got dataset to return in json obj
02/25/2013 09:47:52 pm: ... Got dataset to return in json obj
02/25/2013 09:49:31 pm: Get the dataset to return in json obj...
02/25/2013 09:49:31 pm: Get the dataset to return in json obj...
02/25/2013 09:49:31 pm: Query has run: <CALL USP_GetAccounts();>.
02/25/2013 09:49:31 pm: ... Got dataset to return in json obj
02/25/2013 09:49:31 pm: Get the dataset to return in json obj...
02/25/2013 09:49:31 pm: Get the dataset to return in json obj...
02/25/2013 09:49:31 pm: Get the dataset to return in json obj...
02/25/2013 09:49:31 pm: Query has run: <CALL USP_GetCategories2();>.
02/25/2013 09:49:31 pm: ... Got dataset to return in json obj
02/25/2013 09:49:31 pm: Query has run: <CALL USP_GetCurrencies();>.
02/25/2013 09:49:31 pm: ... Got dataset to return in json obj
02/25/2013 09:49:31 pm: Query has run: <CALL USP_GetCategories();>.
02/25/2013 09:49:31 pm: Query has run: <CALL USP_GetPayees();>.
02/25/2013 09:49:31 pm: ... Got dataset to return in json obj
02/25/2013 09:49:31 pm: ... Got dataset to return in json obj
02/25/2013 09:50:01 pm: Amount value: 0,13. Preg_match_all result is <1>
02/25/2013 09:50:01 pm: Currency = <1>.
02/25/2013 09:50:31 pm: Get the dataset to return in json obj...
02/25/2013 09:50:31 pm: Get the dataset to return in json obj...
02/25/2013 09:50:31 pm: Get the dataset to return in json obj...
02/25/2013 09:50:31 pm: Get the dataset to return in json obj...
02/25/2013 09:50:31 pm: Query has run: <CALL USP_GetPayees();>.
02/25/2013 09:50:31 pm: ... Got dataset to return in json obj
02/25/2013 09:50:31 pm: Get the dataset to return in json obj...
02/25/2013 09:50:31 pm: Query has run: <CALL USP_GetCategories();>.
02/25/2013 09:50:31 pm: ... Got dataset to return in json obj
02/25/2013 09:50:31 pm: Query has run: <CALL USP_GetCurrencies();>.
02/25/2013 09:50:31 pm: ... Got dataset to return in json obj
02/25/2013 09:50:31 pm: Query has run: <CALL USP_GetCategories2();>.
02/25/2013 09:50:31 pm: ... Got dataset to return in json obj
02/25/2013 09:50:31 pm: Query has run: <CALL USP_GetAccounts();>.
02/25/2013 09:50:31 pm: ... Got dataset to return in json obj
02/25/2013 09:55:27 pm: Get the dataset to return in json obj...
02/25/2013 09:55:27 pm: Query has run: <CALL USP_GetAccounts();>.
02/25/2013 09:55:27 pm: ... Got dataset to return in json obj
02/25/2013 09:55:27 pm: Get the dataset to return in json obj...
02/25/2013 09:55:27 pm: Get the dataset to return in json obj...
02/25/2013 09:55:27 pm: Get the dataset to return in json obj...
02/25/2013 09:55:27 pm: Query has run: <CALL USP_GetPayees();>.
02/25/2013 09:55:27 pm: ... Got dataset to return in json obj
02/25/2013 09:55:27 pm: Query has run: <CALL USP_GetCategories2();>.
02/25/2013 09:55:27 pm: ... Got dataset to return in json obj
02/25/2013 09:55:27 pm: Query has run: <CALL USP_GetCurrencies();>.
02/25/2013 09:55:27 pm: ... Got dataset to return in json obj
02/25/2013 09:55:27 pm: Get the dataset to return in json obj...
02/25/2013 09:55:27 pm: Query has run: <CALL USP_GetCategories();>.
02/25/2013 09:55:27 pm: ... Got dataset to return in json obj
02/25/2013 09:55:45 pm: Amount value: 0,02. Preg_match_all result is <1>
02/25/2013 09:55:45 pm: Currency = <1>.
02/25/2013 09:55:55 pm: Amount value: 0,02. Preg_match_all result is <1>
02/25/2013 09:55:55 pm: Currency = <1>.
02/25/2013 09:56:15 pm: Get the dataset to return in json obj...
02/25/2013 09:56:15 pm: Get the dataset to return in json obj...
02/25/2013 09:56:15 pm: Get the dataset to return in json obj...
02/25/2013 09:56:15 pm: Get the dataset to return in json obj...
02/25/2013 09:56:15 pm: Get the dataset to return in json obj...
02/25/2013 09:56:15 pm: Query has run: <CALL USP_GetCategories2();>.
02/25/2013 09:56:15 pm: ... Got dataset to return in json obj
02/25/2013 09:56:15 pm: Query has run: <CALL USP_GetAccounts();>.
02/25/2013 09:56:15 pm: ... Got dataset to return in json obj
02/25/2013 09:56:15 pm: Query has run: <CALL USP_GetCurrencies();>.
02/25/2013 09:56:15 pm: ... Got dataset to return in json obj
02/25/2013 09:56:15 pm: Query has run: <CALL USP_GetPayees();>.
02/25/2013 09:56:15 pm: ... Got dataset to return in json obj
02/25/2013 09:56:15 pm: Query has run: <CALL USP_GetCategories();>.
02/25/2013 09:56:15 pm: ... Got dataset to return in json obj
02/25/2013 09:56:28 pm: Get the dataset to return in json obj...
02/25/2013 09:56:28 pm: Query has run: <CALL USP_GetAccounts();>.
02/25/2013 09:56:28 pm: ... Got dataset to return in json obj
02/25/2013 09:56:28 pm: Get the dataset to return in json obj...
02/25/2013 09:56:28 pm: Query has run: <CALL USP_GetCurrencies();>.
02/25/2013 09:56:28 pm: ... Got dataset to return in json obj
02/25/2013 09:56:28 pm: Get the dataset to return in json obj...
02/25/2013 09:56:28 pm: Get the dataset to return in json obj...
02/25/2013 09:56:28 pm: Query has run: <CALL USP_GetPayees();>.
02/25/2013 09:56:28 pm: ... Got dataset to return in json obj
02/25/2013 09:56:28 pm: Query has run: <CALL USP_GetCategories();>.
02/25/2013 09:56:28 pm: ... Got dataset to return in json obj
02/25/2013 09:56:28 pm: Get the dataset to return in json obj...
02/25/2013 09:56:28 pm: Query has run: <CALL USP_GetCategories2();>.
02/25/2013 09:56:28 pm: ... Got dataset to return in json obj
02/25/2013 09:57:27 pm: Amount value: -9,39. Preg_match_all result is <1>
02/25/2013 09:57:27 pm: Currency = <1>.
02/25/2013 09:58:01 pm: Amount value: -100,13. Preg_match_all result is <1>
02/25/2013 09:58:01 pm: Currency = <1>.
02/25/2013 10:01:25 pm: Get the dataset to return in json obj...
02/25/2013 10:01:25 pm: Query has run: <CALL USP_GetAccounts();>.
02/25/2013 10:01:25 pm: ... Got dataset to return in json obj
02/25/2013 10:01:25 pm: Get the dataset to return in json obj...
02/25/2013 10:01:25 pm: Get the dataset to return in json obj...
02/25/2013 10:01:25 pm: Query has run: <CALL USP_GetCurrencies();>.
02/25/2013 10:01:25 pm: ... Got dataset to return in json obj
02/25/2013 10:01:25 pm: Get the dataset to return in json obj...
02/25/2013 10:01:25 pm: Query has run: <CALL USP_GetCategories();>.
02/25/2013 10:01:25 pm: ... Got dataset to return in json obj
02/25/2013 10:01:25 pm: Get the dataset to return in json obj...
02/25/2013 10:01:25 pm: Query has run: <CALL USP_GetPayees();>.
02/25/2013 10:01:25 pm: ... Got dataset to return in json obj
02/25/2013 10:01:25 pm: Query has run: <CALL USP_GetCategories2();>.
02/25/2013 10:01:25 pm: ... Got dataset to return in json obj
