05/25/2013 10:03:32 am: Get the dataset to return in json obj...
05/25/2013 10:03:32 am: Get the dataset to return in json obj...
05/25/2013 10:03:32 am: Get the dataset to return in json obj...
05/25/2013 10:03:32 am: Get the dataset to return in json obj...
05/25/2013 10:03:32 am: Get the dataset to return in json obj...
05/25/2013 10:03:32 am: Query has run: <CALL USP_GetAccounts();>.
05/25/2013 10:03:32 am: ... Got dataset to return in json obj
05/25/2013 10:03:32 am: Query has run: <CALL USP_GetCategories();>.
05/25/2013 10:03:32 am: ... Got dataset to return in json obj
05/25/2013 10:03:32 am: Query has run: <CALL USP_GetCategories2();>.
05/25/2013 10:03:32 am: ... Got dataset to return in json obj
05/25/2013 10:03:32 am: Query has run: <CALL USP_GetPayees();>.
05/25/2013 10:03:32 am: Query has run: <CALL USP_GetCurrencies();>.
05/25/2013 10:03:32 am: ... Got dataset to return in json obj
05/25/2013 10:03:32 am: ... Got dataset to return in json obj
05/25/2013 10:03:44 am: Get the dataset to return in json obj...
05/25/2013 10:03:44 am: Get the dataset to return in json obj...
05/25/2013 10:03:44 am: Get the dataset to return in json obj...
05/25/2013 10:03:44 am: Get the dataset to return in json obj...
05/25/2013 10:03:44 am: Get the dataset to return in json obj...
05/25/2013 10:03:44 am: Query has run: <CALL USP_GetAccounts();>.
05/25/2013 10:03:44 am: ... Got dataset to return in json obj
05/25/2013 10:03:44 am: Query has run: <CALL USP_GetCategories();>.
05/25/2013 10:03:44 am: ... Got dataset to return in json obj
05/25/2013 10:03:44 am: Query has run: <CALL USP_GetCurrencies();>.
05/25/2013 10:03:44 am: ... Got dataset to return in json obj
05/25/2013 10:03:44 am: Query has run: <CALL USP_GetPayees();>.
05/25/2013 10:03:44 am: ... Got dataset to return in json obj
05/25/2013 10:03:44 am: Query has run: <CALL USP_GetCategories2();>.
05/25/2013 10:03:44 am: ... Got dataset to return in json obj
05/25/2013 05:30:37 pm: Get the dataset to return in json obj...
05/25/2013 05:30:37 pm: Get the dataset to return in json obj...
05/25/2013 05:30:37 pm: Get the dataset to return in json obj...
05/25/2013 05:30:37 pm: Get the dataset to return in json obj...
05/25/2013 05:30:37 pm: Get the dataset to return in json obj...
05/25/2013 05:30:38 pm: Query has run: <CALL USP_GetCurrencies();>.
05/25/2013 05:30:38 pm: ... Got dataset to return in json obj
05/25/2013 05:30:38 pm: Query has run: <CALL USP_GetPayees();>.
05/25/2013 05:30:38 pm: ... Got dataset to return in json obj
05/25/2013 05:30:38 pm: Query has run: <CALL USP_GetCategories();>.
05/25/2013 05:30:38 pm: ... Got dataset to return in json obj
05/25/2013 05:30:38 pm: Query has run: <CALL USP_GetAccounts();>.
05/25/2013 05:30:38 pm: ... Got dataset to return in json obj
05/25/2013 05:30:38 pm: Query has run: <CALL USP_GetCategories2();>.
05/25/2013 05:30:38 pm: ... Got dataset to return in json obj
05/25/2013 05:30:50 pm: Get the dataset to return in json obj...
05/25/2013 05:30:50 pm: Get the dataset to return in json obj...
05/25/2013 05:30:50 pm: Get the dataset to return in json obj...
05/25/2013 05:30:50 pm: Get the dataset to return in json obj...
05/25/2013 05:30:50 pm: Get the dataset to return in json obj...
05/25/2013 05:30:50 pm: Query has run: <CALL USP_GetCurrencies();>.
05/25/2013 05:30:50 pm: ... Got dataset to return in json obj
05/25/2013 05:30:50 pm: Query has run: <CALL USP_GetCategories2();>.
05/25/2013 05:30:50 pm: ... Got dataset to return in json obj
05/25/2013 05:30:50 pm: Query has run: <CALL USP_GetAccounts();>.
05/25/2013 05:30:50 pm: ... Got dataset to return in json obj
05/25/2013 05:30:50 pm: Query has run: <CALL USP_GetPayees();>.
05/25/2013 05:30:50 pm: ... Got dataset to return in json obj
05/25/2013 05:30:50 pm: Query has run: <CALL USP_GetCategories();>.
05/25/2013 05:30:50 pm: ... Got dataset to return in json obj
05/25/2013 10:09:21 pm: Get the dataset to return in json obj...
05/25/2013 10:09:21 pm: Get the dataset to return in json obj...
05/25/2013 10:09:21 pm: Get the dataset to return in json obj...
05/25/2013 10:09:21 pm: Get the dataset to return in json obj...
05/25/2013 10:09:21 pm: Get the dataset to return in json obj...
05/25/2013 10:09:21 pm: Query has run: <CALL USP_GetCurrencies();>.
05/25/2013 10:09:21 pm: ... Got dataset to return in json obj
05/25/2013 10:09:21 pm: Query has run: <CALL USP_GetPayees();>.
05/25/2013 10:09:21 pm: ... Got dataset to return in json obj
05/25/2013 10:09:21 pm: Query has run: <CALL USP_GetCategories();>.
05/25/2013 10:09:21 pm: ... Got dataset to return in json obj
05/25/2013 10:09:21 pm: Query has run: <CALL USP_GetCategories2();>.
05/25/2013 10:09:21 pm: ... Got dataset to return in json obj
05/25/2013 10:09:21 pm: Query has run: <CALL USP_GetAccounts();>.
05/25/2013 10:09:21 pm: ... Got dataset to return in json obj
05/25/2013 10:11:07 pm: Amount value: -127,23. Preg_match_all result is <1>
05/25/2013 10:11:09 pm: Currency = <1>.
05/25/2013 10:11:51 pm: Amount value: -10. Preg_match_all result is <1>
05/25/2013 10:11:52 pm: Currency = <1>.
05/25/2013 10:12:05 pm: Amount value: -10. Preg_match_all result is <1>
05/25/2013 10:12:06 pm: Currency = <1>.
05/25/2013 10:12:13 pm: Get the dataset to return in json obj...
05/25/2013 10:12:13 pm: Query has run: <CALL USP_GetCurrencies();>.
05/25/2013 10:12:13 pm: ... Got dataset to return in json obj
05/25/2013 10:12:13 pm: Get the dataset to return in json obj...
05/25/2013 10:12:13 pm: Get the dataset to return in json obj...
05/25/2013 10:12:13 pm: Get the dataset to return in json obj...
05/25/2013 10:12:13 pm: Get the dataset to return in json obj...
05/25/2013 10:12:13 pm: Query has run: <CALL USP_GetPayees();>.
05/25/2013 10:12:13 pm: ... Got dataset to return in json obj
05/25/2013 10:12:13 pm: Query has run: <CALL USP_GetAccounts();>.
05/25/2013 10:12:13 pm: ... Got dataset to return in json obj
05/25/2013 10:12:13 pm: Query has run: <CALL USP_GetCategories2();>.
05/25/2013 10:12:13 pm: ... Got dataset to return in json obj
05/25/2013 10:12:13 pm: Query has run: <CALL USP_GetCategories();>.
05/25/2013 10:12:13 pm: ... Got dataset to return in json obj
05/25/2013 10:12:28 pm: Get the dataset to return in json obj...
05/25/2013 10:12:28 pm: Get the dataset to return in json obj...
05/25/2013 10:12:28 pm: Get the dataset to return in json obj...
05/25/2013 10:12:28 pm: Get the dataset to return in json obj...
05/25/2013 10:12:28 pm: Get the dataset to return in json obj...
05/25/2013 10:12:28 pm: Query has run: <CALL USP_GetCategories2();>.
05/25/2013 10:12:28 pm: ... Got dataset to return in json obj
05/25/2013 10:12:28 pm: Query has run: <CALL USP_GetCurrencies();>.
05/25/2013 10:12:28 pm: ... Got dataset to return in json obj
05/25/2013 10:12:28 pm: Query has run: <CALL USP_GetCategories();>.
05/25/2013 10:12:28 pm: ... Got dataset to return in json obj
05/25/2013 10:12:28 pm: Query has run: <CALL USP_GetPayees();>.
05/25/2013 10:12:28 pm: ... Got dataset to return in json obj
05/25/2013 10:12:28 pm: Query has run: <CALL USP_GetAccounts();>.
05/25/2013 10:12:28 pm: ... Got dataset to return in json obj
05/25/2013 10:12:51 pm: Amount value: -80. Preg_match_all result is <1>
05/25/2013 10:12:52 pm: Currency = <1>.
05/25/2013 10:12:57 pm: Get the dataset to return in json obj...
05/25/2013 10:12:57 pm: Get the dataset to return in json obj...
05/25/2013 10:12:57 pm: Get the dataset to return in json obj...
05/25/2013 10:12:57 pm: Get the dataset to return in json obj...
05/25/2013 10:12:57 pm: Query has run: <CALL USP_GetAccounts();>.
05/25/2013 10:12:57 pm: ... Got dataset to return in json obj
05/25/2013 10:12:57 pm: Get the dataset to return in json obj...
05/25/2013 10:12:57 pm: Query has run: <CALL USP_GetCategories();>.
05/25/2013 10:12:57 pm: ... Got dataset to return in json obj
05/25/2013 10:12:57 pm: Query has run: <CALL USP_GetPayees();>.
05/25/2013 10:12:57 pm: ... Got dataset to return in json obj
05/25/2013 10:12:57 pm: Query has run: <CALL USP_GetCategories2();>.
05/25/2013 10:12:57 pm: ... Got dataset to return in json obj
05/25/2013 10:12:57 pm: Query has run: <CALL USP_GetCurrencies();>.
05/25/2013 10:12:57 pm: ... Got dataset to return in json obj
05/25/2013 10:13:09 pm: Get the dataset to return in json obj...
05/25/2013 10:13:09 pm: Get the dataset to return in json obj...
05/25/2013 10:13:09 pm: Get the dataset to return in json obj...
05/25/2013 10:13:09 pm: Get the dataset to return in json obj...
05/25/2013 10:13:09 pm: Get the dataset to return in json obj...
05/25/2013 10:13:09 pm: Query has run: <CALL USP_GetCategories();>.
05/25/2013 10:13:09 pm: ... Got dataset to return in json obj
05/25/2013 10:13:09 pm: Query has run: <CALL USP_GetCurrencies();>.
05/25/2013 10:13:09 pm: ... Got dataset to return in json obj
05/25/2013 10:13:09 pm: Query has run: <CALL USP_GetAccounts();>.
05/25/2013 10:13:09 pm: ... Got dataset to return in json obj
05/25/2013 10:13:09 pm: Query has run: <CALL USP_GetPayees();>.
05/25/2013 10:13:09 pm: ... Got dataset to return in json obj
05/25/2013 10:13:09 pm: Query has run: <CALL USP_GetCategories2();>.
05/25/2013 10:13:09 pm: ... Got dataset to return in json obj
05/25/2013 10:13:10 pm: Get the dataset to return in json obj...
05/25/2013 10:13:10 pm: Get the dataset to return in json obj...
05/25/2013 10:13:10 pm: Get the dataset to return in json obj...
05/25/2013 10:13:10 pm: Get the dataset to return in json obj...
05/25/2013 10:13:10 pm: Query has run: <CALL USP_GetPayees();>.
05/25/2013 10:13:10 pm: ... Got dataset to return in json obj
05/25/2013 10:13:10 pm: Get the dataset to return in json obj...
05/25/2013 10:13:10 pm: Query has run: <CALL USP_GetCurrencies();>.
05/25/2013 10:13:10 pm: ... Got dataset to return in json obj
05/25/2013 10:13:10 pm: Query has run: <CALL USP_GetCategories2();>.
05/25/2013 10:13:10 pm: ... Got dataset to return in json obj
05/25/2013 10:13:10 pm: Query has run: <CALL USP_GetAccounts();>.
05/25/2013 10:13:10 pm: ... Got dataset to return in json obj
05/25/2013 10:13:10 pm: Query has run: <CALL USP_GetCategories();>.
05/25/2013 10:13:10 pm: ... Got dataset to return in json obj
05/25/2013 10:13:15 pm: Get the dataset to return in json obj...
05/25/2013 10:13:15 pm: Get the dataset to return in json obj...
05/25/2013 10:13:15 pm: Get the dataset to return in json obj...
05/25/2013 10:13:15 pm: Get the dataset to return in json obj...
05/25/2013 10:13:15 pm: Get the dataset to return in json obj...
05/25/2013 10:13:15 pm: Query has run: <CALL USP_GetAccounts();>.
05/25/2013 10:13:15 pm: ... Got dataset to return in json obj
05/25/2013 10:13:15 pm: Query has run: <CALL USP_GetPayees();>.
05/25/2013 10:13:15 pm: ... Got dataset to return in json obj
05/25/2013 10:13:15 pm: Query has run: <CALL USP_GetCurrencies();>.
05/25/2013 10:13:15 pm: ... Got dataset to return in json obj
05/25/2013 10:13:15 pm: Query has run: <CALL USP_GetCategories();>.
05/25/2013 10:13:15 pm: ... Got dataset to return in json obj
05/25/2013 10:13:15 pm: Query has run: <CALL USP_GetCategories2();>.
05/25/2013 10:13:15 pm: ... Got dataset to return in json obj
05/25/2013 10:13:16 pm: Get the dataset to return in json obj...
05/25/2013 10:13:16 pm: Get the dataset to return in json obj...
05/25/2013 10:13:16 pm: Get the dataset to return in json obj...
05/25/2013 10:13:16 pm: Query has run: <CALL USP_GetAccounts();>.
05/25/2013 10:13:16 pm: ... Got dataset to return in json obj
05/25/2013 10:13:16 pm: Get the dataset to return in json obj...
05/25/2013 10:13:16 pm: Get the dataset to return in json obj...
05/25/2013 10:13:16 pm: Query has run: <CALL USP_GetCurrencies();>.
05/25/2013 10:13:16 pm: Query has run: <CALL USP_GetCategories();>.
05/25/2013 10:13:16 pm: ... Got dataset to return in json obj
05/25/2013 10:13:16 pm: ... Got dataset to return in json obj
05/25/2013 10:13:16 pm: Query has run: <CALL USP_GetCategories2();>.
05/25/2013 10:13:16 pm: ... Got dataset to return in json obj
05/25/2013 10:13:16 pm: Query has run: <CALL USP_GetPayees();>.
05/25/2013 10:13:16 pm: ... Got dataset to return in json obj
