05/28/2013 06:55:12 pm: Get the dataset to return in json obj...
05/28/2013 06:55:12 pm: Get the dataset to return in json obj...
05/28/2013 06:55:12 pm: Query has run: <CALL USP_GetCategories2();>.
05/28/2013 06:55:12 pm: ... Got dataset to return in json obj
05/28/2013 06:55:12 pm: Get the dataset to return in json obj...
05/28/2013 06:55:12 pm: Get the dataset to return in json obj...
05/28/2013 06:55:12 pm: Query has run: <CALL USP_GetAccounts();>.
05/28/2013 06:55:12 pm: Query has run: <CALL USP_GetCategories();>.
05/28/2013 06:55:12 pm: ... Got dataset to return in json obj
05/28/2013 06:55:12 pm: Query has run: <CALL USP_GetCurrencies();>.
05/28/2013 06:55:12 pm: ... Got dataset to return in json obj
05/28/2013 06:55:12 pm: ... Got dataset to return in json obj
05/28/2013 06:55:12 pm: Query has run: <CALL USP_GetPayees();>.
05/28/2013 06:55:12 pm: ... Got dataset to return in json obj
05/28/2013 06:55:23 pm: Get the dataset to return in json obj...
05/28/2013 06:55:23 pm: Get the dataset to return in json obj...
05/28/2013 06:55:23 pm: Get the dataset to return in json obj...
05/28/2013 06:55:23 pm: Get the dataset to return in json obj...
05/28/2013 06:55:23 pm: Get the dataset to return in json obj...
05/28/2013 06:55:23 pm: Query has run: <CALL USP_GetCurrencies();>.
05/28/2013 06:55:23 pm: ... Got dataset to return in json obj
05/28/2013 06:55:23 pm: Query has run: <CALL USP_GetPayees();>.
05/28/2013 06:55:23 pm: ... Got dataset to return in json obj
05/28/2013 06:55:23 pm: Query has run: <CALL USP_GetCategories();>.
05/28/2013 06:55:23 pm: Query has run: <CALL USP_GetCategories2();>.
05/28/2013 06:55:23 pm: ... Got dataset to return in json obj
05/28/2013 06:55:23 pm: ... Got dataset to return in json obj
05/28/2013 06:55:23 pm: Query has run: <CALL USP_GetAccounts();>.
05/28/2013 06:55:23 pm: ... Got dataset to return in json obj
05/28/2013 07:15:09 pm: Get the dataset to return in json obj...
05/28/2013 07:15:09 pm: Get the dataset to return in json obj...
05/28/2013 07:15:09 pm: Get the dataset to return in json obj...
05/28/2013 07:15:09 pm: Get the dataset to return in json obj...
05/28/2013 07:15:09 pm: Get the dataset to return in json obj...
05/28/2013 07:15:09 pm: Query has run: <CALL USP_GetAccounts();>.
05/28/2013 07:15:09 pm: ... Got dataset to return in json obj
05/28/2013 07:15:09 pm: Query has run: <CALL USP_GetCurrencies();>.
05/28/2013 07:15:09 pm: ... Got dataset to return in json obj
05/28/2013 07:15:09 pm: Query has run: <CALL USP_GetPayees();>.
05/28/2013 07:15:09 pm: ... Got dataset to return in json obj
05/28/2013 07:15:09 pm: Query has run: <CALL USP_GetCategories();>.
05/28/2013 07:15:09 pm: ... Got dataset to return in json obj
05/28/2013 07:15:09 pm: Query has run: <CALL USP_GetCategories2();>.
05/28/2013 07:15:09 pm: ... Got dataset to return in json obj
05/28/2013 07:15:25 pm: Amount value: -6. Preg_match_all result is <1>
05/28/2013 07:15:25 pm: Currency = <1>.
05/28/2013 07:15:49 pm: Amount value: 25. Preg_match_all result is <1>
05/28/2013 07:15:49 pm: Currency = <1>.
05/28/2013 07:16:02 pm: Get the dataset to return in json obj...
05/28/2013 07:16:02 pm: Query has run: <CALL USP_GetAccounts();>.
05/28/2013 07:16:02 pm: ... Got dataset to return in json obj
05/28/2013 07:16:02 pm: Get the dataset to return in json obj...
05/28/2013 07:16:02 pm: Get the dataset to return in json obj...
05/28/2013 07:16:02 pm: Get the dataset to return in json obj...
05/28/2013 07:16:02 pm: Get the dataset to return in json obj...
05/28/2013 07:16:02 pm: Query has run: <CALL USP_GetCurrencies();>.
05/28/2013 07:16:02 pm: ... Got dataset to return in json obj
05/28/2013 07:16:02 pm: Query has run: <CALL USP_GetCategories2();>.
05/28/2013 07:16:02 pm: ... Got dataset to return in json obj
05/28/2013 07:16:02 pm: Query has run: <CALL USP_GetPayees();>.
05/28/2013 07:16:02 pm: ... Got dataset to return in json obj
05/28/2013 07:16:02 pm: Query has run: <CALL USP_GetCategories();>.
05/28/2013 07:16:02 pm: ... Got dataset to return in json obj
05/28/2013 07:17:12 pm: Get the dataset to return in json obj...
05/28/2013 07:17:12 pm: Get the dataset to return in json obj...
05/28/2013 07:17:12 pm: Query has run: <CALL USP_GetCurrencies();>.
05/28/2013 07:17:12 pm: ... Got dataset to return in json obj
05/28/2013 07:17:12 pm: Get the dataset to return in json obj...
05/28/2013 07:17:12 pm: Query has run: <CALL USP_GetAccounts();>.
05/28/2013 07:17:12 pm: ... Got dataset to return in json obj
05/28/2013 07:17:12 pm: Query has run: <CALL USP_GetPayees();>.
05/28/2013 07:17:12 pm: ... Got dataset to return in json obj
05/28/2013 07:17:12 pm: Get the dataset to return in json obj...
05/28/2013 07:17:12 pm: Query has run: <CALL USP_GetCategories();>.
05/28/2013 07:17:12 pm: ... Got dataset to return in json obj
05/28/2013 07:17:12 pm: Get the dataset to return in json obj...
05/28/2013 07:17:12 pm: Query has run: <CALL USP_GetCategories2();>.
05/28/2013 07:17:12 pm: ... Got dataset to return in json obj
05/28/2013 07:17:34 pm: Amount value: -20. Preg_match_all result is <1>
05/28/2013 07:17:34 pm: Currency = <1>.
05/28/2013 07:17:38 pm: Get the dataset to return in json obj...
05/28/2013 07:17:38 pm: Get the dataset to return in json obj...
05/28/2013 07:17:38 pm: Query has run: <CALL USP_GetCurrencies();>.
05/28/2013 07:17:38 pm: ... Got dataset to return in json obj
05/28/2013 07:17:38 pm: Get the dataset to return in json obj...
05/28/2013 07:17:38 pm: Query has run: <CALL USP_GetAccounts();>.
05/28/2013 07:17:38 pm: ... Got dataset to return in json obj
05/28/2013 07:17:38 pm: Query has run: <CALL USP_GetCategories2();>.
05/28/2013 07:17:38 pm: ... Got dataset to return in json obj
05/28/2013 07:17:38 pm: Get the dataset to return in json obj...
05/28/2013 07:17:38 pm: Get the dataset to return in json obj...
05/28/2013 07:17:38 pm: Query has run: <CALL USP_GetPayees();>.
05/28/2013 07:17:38 pm: ... Got dataset to return in json obj
05/28/2013 07:17:38 pm: Query has run: <CALL USP_GetCategories();>.
05/28/2013 07:17:38 pm: ... Got dataset to return in json obj
05/28/2013 07:17:39 pm: Get the dataset to return in json obj...
05/28/2013 07:17:39 pm: Get the dataset to return in json obj...
05/28/2013 07:17:39 pm: Query has run: <CALL USP_GetCurrencies();>.
05/28/2013 07:17:39 pm: Get the dataset to return in json obj...
05/28/2013 07:17:39 pm: Get the dataset to return in json obj...
05/28/2013 07:17:39 pm: Get the dataset to return in json obj...
05/28/2013 07:17:39 pm: ... Got dataset to return in json obj
05/28/2013 07:17:39 pm: Query has run: <CALL USP_GetAccounts();>.
05/28/2013 07:17:39 pm: ... Got dataset to return in json obj
05/28/2013 07:17:39 pm: Query has run: <CALL USP_GetPayees();>.
05/28/2013 07:17:39 pm: ... Got dataset to return in json obj
05/28/2013 07:17:39 pm: Query has run: <CALL USP_GetCategories();>.
05/28/2013 07:17:39 pm: ... Got dataset to return in json obj
05/28/2013 07:17:39 pm: Query has run: <CALL USP_GetCategories2();>.
05/28/2013 07:17:39 pm: ... Got dataset to return in json obj
05/28/2013 07:17:49 pm: Get the dataset to return in json obj...
05/28/2013 07:17:49 pm: Get the dataset to return in json obj...
05/28/2013 07:17:49 pm: Get the dataset to return in json obj...
05/28/2013 07:17:49 pm: Query has run: <CALL USP_GetCurrencies();>.
05/28/2013 07:17:49 pm: ... Got dataset to return in json obj
05/28/2013 07:17:49 pm: Get the dataset to return in json obj...
05/28/2013 07:17:49 pm: Query has run: <CALL USP_GetAccounts();>.
05/28/2013 07:17:49 pm: ... Got dataset to return in json obj
05/28/2013 07:17:49 pm: Query has run: <CALL USP_GetPayees();>.
05/28/2013 07:17:49 pm: ... Got dataset to return in json obj
05/28/2013 07:17:49 pm: Get the dataset to return in json obj...
05/28/2013 07:17:49 pm: Query has run: <CALL USP_GetCategories2();>.
05/28/2013 07:17:49 pm: ... Got dataset to return in json obj
05/28/2013 07:17:49 pm: Query has run: <CALL USP_GetCategories();>.
05/28/2013 07:17:49 pm: ... Got dataset to return in json obj
05/28/2013 07:17:50 pm: Get the dataset to return in json obj...
05/28/2013 07:17:50 pm: Get the dataset to return in json obj...
05/28/2013 07:17:50 pm: Query has run: <CALL USP_GetAccounts();>.
05/28/2013 07:17:50 pm: ... Got dataset to return in json obj
05/28/2013 07:17:50 pm: Query has run: <CALL USP_GetCurrencies();>.
05/28/2013 07:17:50 pm: ... Got dataset to return in json obj
05/28/2013 07:17:50 pm: Get the dataset to return in json obj...
05/28/2013 07:17:50 pm: Get the dataset to return in json obj...
05/28/2013 07:17:50 pm: Query has run: <CALL USP_GetCategories();>.
05/28/2013 07:17:50 pm: ... Got dataset to return in json obj
05/28/2013 07:17:50 pm: Query has run: <CALL USP_GetPayees();>.
05/28/2013 07:17:50 pm: ... Got dataset to return in json obj
05/28/2013 07:17:50 pm: Get the dataset to return in json obj...
05/28/2013 07:17:50 pm: Query has run: <CALL USP_GetCategories2();>.
05/28/2013 07:17:50 pm: ... Got dataset to return in json obj
