06/09/2013 06:58:35 am: Get the dataset to return in json obj...
06/09/2013 06:58:35 am: Get the dataset to return in json obj...
06/09/2013 06:58:35 am: Get the dataset to return in json obj...
06/09/2013 06:58:35 am: Get the dataset to return in json obj...
06/09/2013 06:58:35 am: Get the dataset to return in json obj...
06/09/2013 06:58:35 am: Query has run: <CALL USP_GetCategories();>.
06/09/2013 06:58:35 am: ... Got dataset to return in json obj
06/09/2013 06:58:35 am: Query has run: <CALL USP_GetCurrencies();>.
06/09/2013 06:58:35 am: Query has run: <CALL USP_GetPayees();>.
06/09/2013 06:58:35 am: ... Got dataset to return in json obj
06/09/2013 06:58:35 am: ... Got dataset to return in json obj
06/09/2013 06:58:35 am: Query has run: <CALL USP_GetCategories2();>.
06/09/2013 06:58:35 am: ... Got dataset to return in json obj
06/09/2013 06:58:35 am: Query has run: <CALL USP_GetAccounts();>.
06/09/2013 06:58:35 am: ... Got dataset to return in json obj
06/09/2013 06:58:45 am: Get the dataset to return in json obj...
06/09/2013 06:58:45 am: Get the dataset to return in json obj...
06/09/2013 06:58:45 am: Query has run: <CALL USP_GetCurrencies();>.
06/09/2013 06:58:45 am: ... Got dataset to return in json obj
06/09/2013 06:58:45 am: Query has run: <CALL USP_GetAccounts();>.
06/09/2013 06:58:45 am: ... Got dataset to return in json obj
06/09/2013 06:58:46 am: Get the dataset to return in json obj...
06/09/2013 06:58:46 am: Query has run: <CALL USP_GetCategories();>.
06/09/2013 06:58:46 am: ... Got dataset to return in json obj
06/09/2013 06:58:46 am: Get the dataset to return in json obj...
06/09/2013 06:58:46 am: Get the dataset to return in json obj...
06/09/2013 06:58:46 am: Query has run: <CALL USP_GetCategories2();>.
06/09/2013 06:58:46 am: ... Got dataset to return in json obj
06/09/2013 06:58:46 am: Query has run: <CALL USP_GetPayees();>.
06/09/2013 06:58:46 am: ... Got dataset to return in json obj
06/09/2013 06:24:58 pm: Amount value: -82,45. Preg_match_all result is <1>
06/09/2013 06:24:59 pm: Currency = <1>.
06/09/2013 06:58:34 pm: Amount value: -11,94. Preg_match_all result is <1>
06/09/2013 06:58:34 pm: Currency = <1>.
06/09/2013 06:59:10 pm: Amount value: -2,74. Preg_match_all result is <1>
06/09/2013 06:59:10 pm: Currency = <1>.
06/09/2013 06:59:24 pm: Amount value: -2,36. Preg_match_all result is <1>
06/09/2013 06:59:24 pm: Currency = <1>.
06/09/2013 06:59:36 pm: Amount value: -2,84. Preg_match_all result is <1>
06/09/2013 06:59:36 pm: Currency = <1>.
06/09/2013 06:59:40 pm: Get the dataset to return in json obj...
06/09/2013 06:59:40 pm: Get the dataset to return in json obj...
06/09/2013 06:59:40 pm: Query has run: <CALL USP_GetCurrencies();>.
06/09/2013 06:59:40 pm: ... Got dataset to return in json obj
06/09/2013 06:59:40 pm: Get the dataset to return in json obj...
06/09/2013 06:59:40 pm: Get the dataset to return in json obj...
06/09/2013 06:59:40 pm: Get the dataset to return in json obj...
06/09/2013 06:59:40 pm: Query has run: <CALL USP_GetAccounts();>.
06/09/2013 06:59:40 pm: ... Got dataset to return in json obj
06/09/2013 06:59:40 pm: Query has run: <CALL USP_GetPayees();>.
06/09/2013 06:59:40 pm: ... Got dataset to return in json obj
06/09/2013 06:59:40 pm: Query has run: <CALL USP_GetCategories();>.
06/09/2013 06:59:40 pm: ... Got dataset to return in json obj
06/09/2013 06:59:40 pm: Query has run: <CALL USP_GetCategories2();>.
06/09/2013 06:59:40 pm: ... Got dataset to return in json obj
06/09/2013 07:57:30 pm: Get the dataset to return in json obj...
06/09/2013 07:57:30 pm: Get the dataset to return in json obj...
06/09/2013 07:57:30 pm: Get the dataset to return in json obj...
06/09/2013 07:57:30 pm: Get the dataset to return in json obj...
06/09/2013 07:57:30 pm: Query has run: <CALL USP_GetAccounts();>.
06/09/2013 07:57:30 pm: ... Got dataset to return in json obj
06/09/2013 07:57:30 pm: Query has run: <CALL USP_GetCurrencies();>.
06/09/2013 07:57:30 pm: Query has run: <CALL USP_GetPayees();>.
06/09/2013 07:57:30 pm: ... Got dataset to return in json obj
06/09/2013 07:57:30 pm: Get the dataset to return in json obj...
06/09/2013 07:57:30 pm: ... Got dataset to return in json obj
06/09/2013 07:57:30 pm: Query has run: <CALL USP_GetCategories();>.
06/09/2013 07:57:30 pm: ... Got dataset to return in json obj
06/09/2013 07:57:30 pm: Query has run: <CALL USP_GetCategories2();>.
06/09/2013 07:57:30 pm: ... Got dataset to return in json obj
06/09/2013 07:58:01 pm: Amount value: -4,49. Preg_match_all result is <1>
06/09/2013 07:58:01 pm: Currency = <1>.
06/09/2013 07:58:03 pm: Get the dataset to return in json obj...
06/09/2013 07:58:03 pm: Query has run: <CALL USP_GetCurrencies();>.
06/09/2013 07:58:03 pm: ... Got dataset to return in json obj
06/09/2013 07:58:03 pm: Get the dataset to return in json obj...
06/09/2013 07:58:03 pm: Get the dataset to return in json obj...
06/09/2013 07:58:03 pm: Get the dataset to return in json obj...
06/09/2013 07:58:03 pm: Query has run: <CALL USP_GetCategories();>.
06/09/2013 07:58:03 pm: ... Got dataset to return in json obj
06/09/2013 07:58:03 pm: Query has run: <CALL USP_GetPayees();>.
06/09/2013 07:58:03 pm: ... Got dataset to return in json obj
06/09/2013 07:58:03 pm: Query has run: <CALL USP_GetAccounts();>.
06/09/2013 07:58:03 pm: ... Got dataset to return in json obj
06/09/2013 07:58:03 pm: Get the dataset to return in json obj...
06/09/2013 07:58:03 pm: Query has run: <CALL USP_GetCategories2();>.
06/09/2013 07:58:03 pm: ... Got dataset to return in json obj
06/09/2013 08:34:00 pm: Get the dataset to return in json obj...
06/09/2013 08:34:00 pm: Get the dataset to return in json obj...
06/09/2013 08:34:00 pm: Get the dataset to return in json obj...
06/09/2013 08:34:00 pm: Get the dataset to return in json obj...
06/09/2013 08:34:00 pm: Get the dataset to return in json obj...
06/09/2013 08:34:00 pm: Query has run: <CALL USP_GetPayees();>.
06/09/2013 08:34:00 pm: Query has run: <CALL USP_GetCategories();>.
06/09/2013 08:34:00 pm: ... Got dataset to return in json obj
06/09/2013 08:34:00 pm: Query has run: <CALL USP_GetCategories2();>.
06/09/2013 08:34:00 pm: ... Got dataset to return in json obj
06/09/2013 08:34:00 pm: ... Got dataset to return in json obj
06/09/2013 08:34:00 pm: Query has run: <CALL USP_GetAccounts();>.
06/09/2013 08:34:00 pm: ... Got dataset to return in json obj
06/09/2013 08:34:00 pm: Query has run: <CALL USP_GetCurrencies();>.
06/09/2013 08:34:00 pm: ... Got dataset to return in json obj
06/09/2013 08:34:16 pm: Get the dataset to return in json obj...
06/09/2013 08:34:16 pm: Get the dataset to return in json obj...
06/09/2013 08:34:16 pm: Query has run: <CALL USP_GetAccounts();>.
06/09/2013 08:34:16 pm: Get the dataset to return in json obj...
06/09/2013 08:34:16 pm: Get the dataset to return in json obj...
06/09/2013 08:34:16 pm: ... Got dataset to return in json obj
06/09/2013 08:34:16 pm: Get the dataset to return in json obj...
06/09/2013 08:34:16 pm: Query has run: <CALL USP_GetCurrencies();>.
06/09/2013 08:34:16 pm: ... Got dataset to return in json obj
06/09/2013 08:34:16 pm: Query has run: <CALL USP_GetCategories();>.
06/09/2013 08:34:16 pm: ... Got dataset to return in json obj
06/09/2013 08:34:16 pm: Query has run: <CALL USP_GetCategories2();>.
06/09/2013 08:34:16 pm: Query has run: <CALL USP_GetPayees();>.
06/09/2013 08:34:16 pm: ... Got dataset to return in json obj
06/09/2013 08:34:16 pm: ... Got dataset to return in json obj
