02/11/2013 09:24:52 pm: Get the dataset to return in json obj...
02/11/2013 09:24:52 pm: Get the dataset to return in json obj...
02/11/2013 09:24:52 pm: Get the dataset to return in json obj...
02/11/2013 09:24:52 pm: Get the dataset to return in json obj...
02/11/2013 09:24:52 pm: Get the dataset to return in json obj...
02/11/2013 09:24:52 pm: Query has run: <CALL USP_GetPayees();>.
02/11/2013 09:24:52 pm: ... Got dataset to return in json obj
02/11/2013 09:24:52 pm: Query has run: <CALL USP_GetCategories();>.
02/11/2013 09:24:52 pm: ... Got dataset to return in json obj
02/11/2013 09:24:52 pm: Query has run: <CALL USP_GetCategories2();>.
02/11/2013 09:24:52 pm: ... Got dataset to return in json obj
02/11/2013 09:24:52 pm: Query has run: <CALL USP_GetAccounts();>.
02/11/2013 09:24:52 pm: ... Got dataset to return in json obj
02/11/2013 09:24:52 pm: Query has run: <CALL USP_GetCurrencies();>.
02/11/2013 09:24:52 pm: ... Got dataset to return in json obj
02/11/2013 09:25:15 pm: Get the dataset to return in json obj...
02/11/2013 09:25:15 pm: Query has run: <CALL USP_GetAccounts();>.
02/11/2013 09:25:15 pm: ... Got dataset to return in json obj
02/11/2013 09:25:15 pm: Get the dataset to return in json obj...
02/11/2013 09:25:15 pm: Get the dataset to return in json obj...
02/11/2013 09:25:15 pm: Get the dataset to return in json obj...
02/11/2013 09:25:15 pm: Query has run: <CALL USP_GetCurrencies();>.
02/11/2013 09:25:15 pm: ... Got dataset to return in json obj
02/11/2013 09:25:15 pm: Query has run: <CALL USP_GetPayees();>.
02/11/2013 09:25:15 pm: ... Got dataset to return in json obj
02/11/2013 09:25:15 pm: Query has run: <CALL USP_GetCategories();>.
02/11/2013 09:25:15 pm: ... Got dataset to return in json obj
02/11/2013 09:25:15 pm: Get the dataset to return in json obj...
02/11/2013 09:25:15 pm: Query has run: <CALL USP_GetCategories2();>.
02/11/2013 09:25:15 pm: ... Got dataset to return in json obj
02/11/2013 09:25:22 pm: Get the dataset to return in json obj...
02/11/2013 09:25:22 pm: Query has run: <CALL USP_GetAccounts();>.
02/11/2013 09:25:22 pm: ... Got dataset to return in json obj
02/11/2013 09:25:22 pm: Get the dataset to return in json obj...
02/11/2013 09:25:22 pm: Get the dataset to return in json obj...
02/11/2013 09:25:22 pm: Query has run: <CALL USP_GetCurrencies();>.
02/11/2013 09:25:22 pm: ... Got dataset to return in json obj
02/11/2013 09:25:22 pm: Query has run: <CALL USP_GetPayees();>.
02/11/2013 09:25:22 pm: Get the dataset to return in json obj...
02/11/2013 09:25:22 pm: ... Got dataset to return in json obj
02/11/2013 09:25:22 pm: Query has run: <CALL USP_GetCategories2();>.
02/11/2013 09:25:22 pm: ... Got dataset to return in json obj
02/11/2013 09:25:22 pm: Get the dataset to return in json obj...
02/11/2013 09:25:22 pm: Query has run: <CALL USP_GetCategories();>.
02/11/2013 09:25:22 pm: ... Got dataset to return in json obj
02/11/2013 09:35:37 pm: Get the dataset to return in json obj...
02/11/2013 09:35:37 pm: Get the dataset to return in json obj...
02/11/2013 09:35:37 pm: Get the dataset to return in json obj...
02/11/2013 09:35:37 pm: Get the dataset to return in json obj...
02/11/2013 09:35:37 pm: Get the dataset to return in json obj...
02/11/2013 09:35:37 pm: Query has run: <CALL USP_GetAccounts();>.
02/11/2013 09:35:37 pm: ... Got dataset to return in json obj
02/11/2013 09:35:37 pm: Query has run: <CALL USP_GetCategories2();>.
02/11/2013 09:35:37 pm: ... Got dataset to return in json obj
02/11/2013 09:35:37 pm: Query has run: <CALL USP_GetPayees();>.
02/11/2013 09:35:37 pm: Query has run: <CALL USP_GetCategories();>.
02/11/2013 09:35:37 pm: ... Got dataset to return in json obj
02/11/2013 09:35:37 pm: Query has run: <CALL USP_GetCurrencies();>.
02/11/2013 09:35:37 pm: ... Got dataset to return in json obj
02/11/2013 09:35:37 pm: ... Got dataset to return in json obj
02/11/2013 09:35:58 pm: Amount value: 846. Preg_match_all result is <1>
02/11/2013 09:35:58 pm: Currency = <1>.
02/11/2013 09:36:02 pm: Get the dataset to return in json obj...
02/11/2013 09:36:02 pm: Get the dataset to return in json obj...
02/11/2013 09:36:02 pm: Get the dataset to return in json obj...
02/11/2013 09:36:02 pm: Query has run: <CALL USP_GetAccounts();>.
02/11/2013 09:36:02 pm: ... Got dataset to return in json obj
02/11/2013 09:36:02 pm: Query has run: <CALL USP_GetCurrencies();>.
02/11/2013 09:36:02 pm: ... Got dataset to return in json obj
02/11/2013 09:36:02 pm: Query has run: <CALL USP_GetPayees();>.
02/11/2013 09:36:02 pm: ... Got dataset to return in json obj
02/11/2013 09:36:02 pm: Get the dataset to return in json obj...
02/11/2013 09:36:02 pm: Get the dataset to return in json obj...
02/11/2013 09:36:02 pm: Query has run: <CALL USP_GetCategories();>.
02/11/2013 09:36:02 pm: ... Got dataset to return in json obj
02/11/2013 09:36:02 pm: Query has run: <CALL USP_GetCategories2();>.
02/11/2013 09:36:02 pm: ... Got dataset to return in json obj
02/11/2013 09:36:14 pm: Get the dataset to return in json obj...
02/11/2013 09:36:14 pm: Query has run: <CALL USP_GetAccounts();>.
02/11/2013 09:36:14 pm: Get the dataset to return in json obj...
02/11/2013 09:36:14 pm: ... Got dataset to return in json obj
02/11/2013 09:36:14 pm: Query has run: <CALL USP_GetCurrencies();>.
02/11/2013 09:36:14 pm: ... Got dataset to return in json obj
02/11/2013 09:36:14 pm: Get the dataset to return in json obj...
02/11/2013 09:36:14 pm: Get the dataset to return in json obj...
02/11/2013 09:36:14 pm: Query has run: <CALL USP_GetPayees();>.
02/11/2013 09:36:14 pm: ... Got dataset to return in json obj
02/11/2013 09:36:14 pm: Get the dataset to return in json obj...
02/11/2013 09:36:14 pm: Query has run: <CALL USP_GetCategories();>.
02/11/2013 09:36:14 pm: ... Got dataset to return in json obj
02/11/2013 09:36:14 pm: Query has run: <CALL USP_GetCategories2();>.
02/11/2013 09:36:14 pm: ... Got dataset to return in json obj
02/11/2013 09:36:49 pm: Get the dataset to return in json obj...
02/11/2013 09:36:49 pm: Get the dataset to return in json obj...
02/11/2013 09:36:49 pm: Get the dataset to return in json obj...
02/11/2013 09:36:49 pm: Get the dataset to return in json obj...
02/11/2013 09:36:49 pm: Query has run: <CALL USP_GetAccounts();>.
02/11/2013 09:36:49 pm: Query has run: <CALL USP_GetPayees();>.
02/11/2013 09:36:49 pm: ... Got dataset to return in json obj
02/11/2013 09:36:49 pm: ... Got dataset to return in json obj
02/11/2013 09:36:49 pm: Query has run: <CALL USP_GetCurrencies();>.
02/11/2013 09:36:49 pm: ... Got dataset to return in json obj
02/11/2013 09:36:49 pm: Query has run: <CALL USP_GetCategories2();>.
02/11/2013 09:36:49 pm: ... Got dataset to return in json obj
02/11/2013 09:36:49 pm: Get the dataset to return in json obj...
02/11/2013 09:36:50 pm: Query has run: <CALL USP_GetCategories();>.
02/11/2013 09:36:50 pm: ... Got dataset to return in json obj
02/11/2013 09:36:57 pm: Get the dataset to return in json obj...
02/11/2013 09:36:57 pm: Get the dataset to return in json obj...
02/11/2013 09:36:57 pm: Query has run: <CALL USP_GetAccounts();>.
02/11/2013 09:36:57 pm: ... Got dataset to return in json obj
02/11/2013 09:36:57 pm: Query has run: <CALL USP_GetCurrencies();>.
02/11/2013 09:36:57 pm: ... Got dataset to return in json obj
02/11/2013 09:36:57 pm: Get the dataset to return in json obj...
02/11/2013 09:36:57 pm: Get the dataset to return in json obj...
02/11/2013 09:36:57 pm: Query has run: <CALL USP_GetPayees();>.
02/11/2013 09:36:57 pm: ... Got dataset to return in json obj
02/11/2013 09:36:57 pm: Get the dataset to return in json obj...
02/11/2013 09:36:57 pm: Query has run: <CALL USP_GetCategories2();>.
02/11/2013 09:36:57 pm: ... Got dataset to return in json obj
02/11/2013 09:36:57 pm: Query has run: <CALL USP_GetCategories();>.
02/11/2013 09:36:57 pm: ... Got dataset to return in json obj
