04/22/2013 06:37:13 pm: Get the dataset to return in json obj...
04/22/2013 06:37:13 pm: Get the dataset to return in json obj...
04/22/2013 06:37:13 pm: Get the dataset to return in json obj...
04/22/2013 06:37:13 pm: Get the dataset to return in json obj...
04/22/2013 06:37:13 pm: Get the dataset to return in json obj...
04/22/2013 06:37:13 pm: Query has run: <CALL USP_GetPayees();>.
04/22/2013 06:37:13 pm: ... Got dataset to return in json obj
04/22/2013 06:37:14 pm: Query has run: <CALL USP_GetCategories2();>.
04/22/2013 06:37:14 pm: ... Got dataset to return in json obj
04/22/2013 06:37:14 pm: Query has run: <CALL USP_GetCurrencies();>.
04/22/2013 06:37:14 pm: ... Got dataset to return in json obj
04/22/2013 06:37:14 pm: Query has run: <CALL USP_GetCategories();>.
04/22/2013 06:37:14 pm: ... Got dataset to return in json obj
04/22/2013 06:37:14 pm: Query has run: <CALL USP_GetAccounts();>.
04/22/2013 06:37:14 pm: ... Got dataset to return in json obj
04/22/2013 07:02:51 pm: Get the dataset to return in json obj...
04/22/2013 07:02:51 pm: Get the dataset to return in json obj...
04/22/2013 07:02:51 pm: Query has run: <CALL USP_GetAccounts();>.
04/22/2013 07:02:51 pm: ... Got dataset to return in json obj
04/22/2013 07:02:51 pm: Query has run: <CALL USP_GetCurrencies();>.
04/22/2013 07:02:51 pm: ... Got dataset to return in json obj
04/22/2013 07:02:51 pm: Get the dataset to return in json obj...
04/22/2013 07:02:51 pm: Query has run: <CALL USP_GetCategories2();>.
04/22/2013 07:02:51 pm: ... Got dataset to return in json obj
04/22/2013 07:02:52 pm: Get the dataset to return in json obj...
04/22/2013 07:02:52 pm: Get the dataset to return in json obj...
04/22/2013 07:02:52 pm: Query has run: <CALL USP_GetCategories();>.
04/22/2013 07:02:52 pm: ... Got dataset to return in json obj
04/22/2013 07:02:52 pm: Query has run: <CALL USP_GetPayees();>.
04/22/2013 07:02:52 pm: ... Got dataset to return in json obj
04/22/2013 09:58:29 pm: Get the dataset to return in json obj...
04/22/2013 09:58:29 pm: Get the dataset to return in json obj...
04/22/2013 09:58:29 pm: Query has run: <CALL USP_GetAccounts();>.
04/22/2013 09:58:29 pm: ... Got dataset to return in json obj
04/22/2013 09:58:29 pm: Query has run: <CALL USP_GetCurrencies();>.
04/22/2013 09:58:29 pm: ... Got dataset to return in json obj
04/22/2013 09:58:29 pm: Get the dataset to return in json obj...
04/22/2013 09:58:29 pm: Query has run: <CALL USP_GetPayees();>.
04/22/2013 09:58:29 pm: ... Got dataset to return in json obj
04/22/2013 09:58:29 pm: Get the dataset to return in json obj...
04/22/2013 09:58:29 pm: Query has run: <CALL USP_GetCategories2();>.
04/22/2013 09:58:29 pm: ... Got dataset to return in json obj
04/22/2013 09:58:30 pm: Get the dataset to return in json obj...
04/22/2013 09:58:30 pm: Query has run: <CALL USP_GetCategories();>.
04/22/2013 09:58:30 pm: ... Got dataset to return in json obj
04/22/2013 09:58:42 pm: Get the dataset to return in json obj...
04/22/2013 09:58:42 pm: Get the dataset to return in json obj...
04/22/2013 09:58:42 pm: Query has run: <CALL USP_GetAccounts();>.
04/22/2013 09:58:42 pm: Get the dataset to return in json obj...
04/22/2013 09:58:42 pm: Get the dataset to return in json obj...
04/22/2013 09:58:42 pm: Query has run: <CALL USP_GetPayees();>.
04/22/2013 09:58:42 pm: ... Got dataset to return in json obj
04/22/2013 09:58:42 pm: Get the dataset to return in json obj...
04/22/2013 09:58:42 pm: Query has run: <CALL USP_GetCategories();>.
04/22/2013 09:58:42 pm: ... Got dataset to return in json obj
04/22/2013 09:58:42 pm: ... Got dataset to return in json obj
04/22/2013 09:58:42 pm: Query has run: <CALL USP_GetCategories2();>.
04/22/2013 09:58:42 pm: ... Got dataset to return in json obj
04/22/2013 09:58:42 pm: Query has run: <CALL USP_GetCurrencies();>.
04/22/2013 09:58:42 pm: ... Got dataset to return in json obj
04/22/2013 10:01:32 pm: Get the dataset to return in json obj...
04/22/2013 10:01:32 pm: Query has run: <CALL USP_GetAccounts();>.
04/22/2013 10:01:32 pm: ... Got dataset to return in json obj
04/22/2013 10:01:33 pm: Get the dataset to return in json obj...
04/22/2013 10:01:33 pm: Query has run: <CALL USP_GetCurrencies();>.
04/22/2013 10:01:33 pm: ... Got dataset to return in json obj
04/22/2013 10:01:34 pm: Get the dataset to return in json obj...
04/22/2013 10:01:34 pm: Get the dataset to return in json obj...
04/22/2013 10:01:34 pm: Query has run: <CALL USP_GetCategories();>.
04/22/2013 10:01:34 pm: ... Got dataset to return in json obj
04/22/2013 10:01:34 pm: Query has run: <CALL USP_GetPayees();>.
04/22/2013 10:01:34 pm: ... Got dataset to return in json obj
04/22/2013 10:01:36 pm: Get the dataset to return in json obj...
04/22/2013 10:01:36 pm: Query has run: <CALL USP_GetCategories2();>.
04/22/2013 10:01:36 pm: ... Got dataset to return in json obj
04/22/2013 10:10:05 pm: Get the dataset to return in json obj...
04/22/2013 10:10:05 pm: Get the dataset to return in json obj...
04/22/2013 10:10:05 pm: Query has run: <CALL USP_GetCurrencies();>.
04/22/2013 10:10:05 pm: ... Got dataset to return in json obj
04/22/2013 10:10:05 pm: Get the dataset to return in json obj...
04/22/2013 10:10:05 pm: Query has run: <CALL USP_GetCategories();>.
04/22/2013 10:10:05 pm: ... Got dataset to return in json obj
04/22/2013 10:10:05 pm: Get the dataset to return in json obj...
04/22/2013 10:10:05 pm: Query has run: <CALL USP_GetAccounts();>.
04/22/2013 10:10:05 pm: ... Got dataset to return in json obj
04/22/2013 10:10:05 pm: Get the dataset to return in json obj...
04/22/2013 10:10:05 pm: Query has run: <CALL USP_GetPayees();>.
04/22/2013 10:10:05 pm: ... Got dataset to return in json obj
04/22/2013 10:10:05 pm: Query has run: <CALL USP_GetCategories2();>.
04/22/2013 10:10:05 pm: ... Got dataset to return in json obj
04/22/2013 10:10:44 pm: Amount value: -135,98. Preg_match_all result is <1>
04/22/2013 10:10:44 pm: Currency = <1>.
04/22/2013 10:10:48 pm: Get the dataset to return in json obj...
04/22/2013 10:10:48 pm: Get the dataset to return in json obj...
04/22/2013 10:10:48 pm: Query has run: <CALL USP_GetAccounts();>.
04/22/2013 10:10:48 pm: ... Got dataset to return in json obj
04/22/2013 10:10:48 pm: Query has run: <CALL USP_GetCurrencies();>.
04/22/2013 10:10:48 pm: ... Got dataset to return in json obj
04/22/2013 10:10:48 pm: Get the dataset to return in json obj...
04/22/2013 10:10:48 pm: Get the dataset to return in json obj...
04/22/2013 10:10:48 pm: Get the dataset to return in json obj...
04/22/2013 10:10:48 pm: Query has run: <CALL USP_GetCategories2();>.
04/22/2013 10:10:48 pm: ... Got dataset to return in json obj
04/22/2013 10:10:48 pm: Query has run: <CALL USP_GetPayees();>.
04/22/2013 10:10:48 pm: ... Got dataset to return in json obj
04/22/2013 10:10:48 pm: Query has run: <CALL USP_GetCategories();>.
04/22/2013 10:10:48 pm: ... Got dataset to return in json obj
04/22/2013 10:11:23 pm: Get the dataset to return in json obj...
04/22/2013 10:11:23 pm: Get the dataset to return in json obj...
04/22/2013 10:11:23 pm: Query has run: <CALL USP_GetAccounts();>.
04/22/2013 10:11:23 pm: ... Got dataset to return in json obj
04/22/2013 10:11:23 pm: Query has run: <CALL USP_GetPayees();>.
04/22/2013 10:11:23 pm: ... Got dataset to return in json obj
04/22/2013 10:11:23 pm: Get the dataset to return in json obj...
04/22/2013 10:11:23 pm: Get the dataset to return in json obj...
04/22/2013 10:11:23 pm: Get the dataset to return in json obj...
04/22/2013 10:11:23 pm: Query has run: <CALL USP_GetCurrencies();>.
04/22/2013 10:11:23 pm: ... Got dataset to return in json obj
04/22/2013 10:11:23 pm: Query has run: <CALL USP_GetCategories();>.
04/22/2013 10:11:23 pm: ... Got dataset to return in json obj
04/22/2013 10:11:23 pm: Query has run: <CALL USP_GetCategories2();>.
04/22/2013 10:11:23 pm: ... Got dataset to return in json obj
04/22/2013 10:11:24 pm: Currency = <1>.
04/22/2013 10:11:32 pm: Get the dataset to return in json obj...
04/22/2013 10:11:32 pm: Get the dataset to return in json obj...
04/22/2013 10:11:32 pm: Query has run: <CALL USP_GetCategories();>.
04/22/2013 10:11:32 pm: ... Got dataset to return in json obj
04/22/2013 10:11:32 pm: Get the dataset to return in json obj...
04/22/2013 10:11:32 pm: Query has run: <CALL USP_GetAccounts();>.
04/22/2013 10:11:32 pm: ... Got dataset to return in json obj
04/22/2013 10:11:32 pm: Get the dataset to return in json obj...
04/22/2013 10:11:32 pm: Query has run: <CALL USP_GetCurrencies();>.
04/22/2013 10:11:32 pm: ... Got dataset to return in json obj
04/22/2013 10:11:32 pm: Query has run: <CALL USP_GetCategories2();>.
04/22/2013 10:11:32 pm: ... Got dataset to return in json obj
04/22/2013 10:11:32 pm: Get the dataset to return in json obj...
04/22/2013 10:11:32 pm: Query has run: <CALL USP_GetPayees();>.
04/22/2013 10:11:32 pm: ... Got dataset to return in json obj
04/22/2013 10:11:43 pm: Get the dataset to return in json obj...
04/22/2013 10:11:43 pm: Query has run: <CALL USP_GetCurrencies();>.
04/22/2013 10:11:43 pm: ... Got dataset to return in json obj
04/22/2013 10:11:43 pm: Get the dataset to return in json obj...
04/22/2013 10:11:43 pm: Get the dataset to return in json obj...
04/22/2013 10:11:43 pm: Query has run: <CALL USP_GetAccounts();>.
04/22/2013 10:11:43 pm: ... Got dataset to return in json obj
04/22/2013 10:11:43 pm: Query has run: <CALL USP_GetPayees();>.
04/22/2013 10:11:43 pm: ... Got dataset to return in json obj
04/22/2013 10:11:43 pm: Get the dataset to return in json obj...
04/22/2013 10:11:43 pm: Query has run: <CALL USP_GetCategories();>.
04/22/2013 10:11:43 pm: ... Got dataset to return in json obj
04/22/2013 10:11:44 pm: Get the dataset to return in json obj...
04/22/2013 10:11:44 pm: Query has run: <CALL USP_GetCategories2();>.
04/22/2013 10:11:44 pm: ... Got dataset to return in json obj
