05/08/2013 06:44:48 pm: Get the dataset to return in json obj...
05/08/2013 06:44:48 pm: Get the dataset to return in json obj...
05/08/2013 06:44:49 pm: Query has run: <CALL USP_GetAccounts();>.
05/08/2013 06:44:49 pm: ... Got dataset to return in json obj
05/08/2013 06:44:49 pm: Query has run: <CALL USP_GetCurrencies();>.
05/08/2013 06:44:49 pm: ... Got dataset to return in json obj
05/08/2013 06:44:49 pm: Get the dataset to return in json obj...
05/08/2013 06:44:49 pm: Query has run: <CALL USP_GetPayees();>.
05/08/2013 06:44:49 pm: ... Got dataset to return in json obj
05/08/2013 06:44:49 pm: Get the dataset to return in json obj...
05/08/2013 06:44:49 pm: Query has run: <CALL USP_GetCategories();>.
05/08/2013 06:44:49 pm: ... Got dataset to return in json obj
05/08/2013 06:44:50 pm: Get the dataset to return in json obj...
05/08/2013 06:44:50 pm: Query has run: <CALL USP_GetCategories2();>.
05/08/2013 06:44:50 pm: ... Got dataset to return in json obj
05/08/2013 06:44:54 pm: Get the dataset to return in json obj...
05/08/2013 06:44:54 pm: Get the dataset to return in json obj...
05/08/2013 06:44:54 pm: Query has run: <CALL USP_GetAccounts();>.
05/08/2013 06:44:54 pm: ... Got dataset to return in json obj
05/08/2013 06:44:54 pm: Query has run: <CALL USP_GetPayees();>.
05/08/2013 06:44:54 pm: ... Got dataset to return in json obj
05/08/2013 06:44:54 pm: Get the dataset to return in json obj...
05/08/2013 06:44:54 pm: Get the dataset to return in json obj...
05/08/2013 06:44:54 pm: Query has run: <CALL USP_GetCurrencies();>.
05/08/2013 06:44:55 pm: ... Got dataset to return in json obj
05/08/2013 06:44:55 pm: Get the dataset to return in json obj...
05/08/2013 06:44:55 pm: Query has run: <CALL USP_GetCategories();>.
05/08/2013 06:44:55 pm: ... Got dataset to return in json obj
05/08/2013 06:44:55 pm: Query has run: <CALL USP_GetCategories2();>.
05/08/2013 06:44:55 pm: ... Got dataset to return in json obj
05/08/2013 06:47:15 pm: Get the dataset to return in json obj...
05/08/2013 06:47:15 pm: Get the dataset to return in json obj...
05/08/2013 06:47:15 pm: Get the dataset to return in json obj...
05/08/2013 06:47:15 pm: Get the dataset to return in json obj...
05/08/2013 06:47:15 pm: Get the dataset to return in json obj...
05/08/2013 06:47:16 pm: Query has run: <CALL USP_GetPayees();>.
05/08/2013 06:47:16 pm: ... Got dataset to return in json obj
05/08/2013 06:47:16 pm: Query has run: <CALL USP_GetCategories();>.
05/08/2013 06:47:16 pm: ... Got dataset to return in json obj
05/08/2013 06:47:16 pm: Query has run: <CALL USP_GetCategories2();>.
05/08/2013 06:47:16 pm: ... Got dataset to return in json obj
05/08/2013 06:47:16 pm: Query has run: <CALL USP_GetCurrencies();>.
05/08/2013 06:47:16 pm: ... Got dataset to return in json obj
05/08/2013 06:47:16 pm: Query has run: <CALL USP_GetAccounts();>.
05/08/2013 06:47:16 pm: ... Got dataset to return in json obj
05/08/2013 07:21:11 pm: Get the dataset to return in json obj...
05/08/2013 07:21:11 pm: Get the dataset to return in json obj...
05/08/2013 07:21:11 pm: Get the dataset to return in json obj...
05/08/2013 07:21:11 pm: Get the dataset to return in json obj...
05/08/2013 07:21:11 pm: Get the dataset to return in json obj...
05/08/2013 07:21:11 pm: Query has run: <CALL USP_GetCategories();>.
05/08/2013 07:21:11 pm: ... Got dataset to return in json obj
05/08/2013 07:21:11 pm: Query has run: <CALL USP_GetAccounts();>.
05/08/2013 07:21:11 pm: ... Got dataset to return in json obj
05/08/2013 07:21:11 pm: Query has run: <CALL USP_GetPayees();>.
05/08/2013 07:21:11 pm: ... Got dataset to return in json obj
05/08/2013 07:21:11 pm: Query has run: <CALL USP_GetCurrencies();>.
05/08/2013 07:21:11 pm: ... Got dataset to return in json obj
05/08/2013 07:21:11 pm: Query has run: <CALL USP_GetCategories2();>.
05/08/2013 07:21:11 pm: ... Got dataset to return in json obj
05/08/2013 07:24:44 pm: Get the dataset to return in json obj...
05/08/2013 07:24:44 pm: Get the dataset to return in json obj...
05/08/2013 07:24:44 pm: Query has run: <CALL USP_GetAccounts();>.
05/08/2013 07:24:44 pm: ... Got dataset to return in json obj
05/08/2013 07:24:44 pm: Query has run: <CALL USP_GetCurrencies();>.
05/08/2013 07:24:44 pm: ... Got dataset to return in json obj
05/08/2013 07:24:44 pm: Get the dataset to return in json obj...
05/08/2013 07:24:44 pm: Get the dataset to return in json obj...
05/08/2013 07:24:44 pm: Get the dataset to return in json obj...
05/08/2013 07:24:44 pm: Query has run: <CALL USP_GetCategories();>.
05/08/2013 07:24:44 pm: ... Got dataset to return in json obj
05/08/2013 07:24:44 pm: Query has run: <CALL USP_GetCategories2();>.
05/08/2013 07:24:44 pm: ... Got dataset to return in json obj
05/08/2013 07:24:44 pm: Query has run: <CALL USP_GetPayees();>.
05/08/2013 07:24:44 pm: ... Got dataset to return in json obj
05/08/2013 07:25:14 pm: Amount value: -14,64. Preg_match_all result is <1>
05/08/2013 07:25:14 pm: Currency = <1>.
05/08/2013 07:26:05 pm: Amount value: -21,1. Preg_match_all result is <1>
05/08/2013 07:26:05 pm: Currency = <1>.
05/08/2013 07:26:09 pm: Get the dataset to return in json obj...
05/08/2013 07:26:09 pm: Get the dataset to return in json obj...
05/08/2013 07:26:09 pm: Query has run: <CALL USP_GetAccounts();>.
05/08/2013 07:26:09 pm: ... Got dataset to return in json obj
05/08/2013 07:26:09 pm: Query has run: <CALL USP_GetCurrencies();>.
05/08/2013 07:26:09 pm: ... Got dataset to return in json obj
05/08/2013 07:26:09 pm: Get the dataset to return in json obj...
05/08/2013 07:26:09 pm: Query has run: <CALL USP_GetPayees();>.
05/08/2013 07:26:09 pm: ... Got dataset to return in json obj
05/08/2013 07:26:09 pm: Get the dataset to return in json obj...
05/08/2013 07:26:09 pm: Query has run: <CALL USP_GetCategories2();>.
05/08/2013 07:26:09 pm: ... Got dataset to return in json obj
05/08/2013 07:26:09 pm: Get the dataset to return in json obj...
05/08/2013 07:26:09 pm: Query has run: <CALL USP_GetCategories();>.
05/08/2013 07:26:09 pm: ... Got dataset to return in json obj
