03/17/2013 10:05:03 am: Get the dataset to return in json obj...
03/17/2013 10:05:03 am: Get the dataset to return in json obj...
03/17/2013 10:05:03 am: Get the dataset to return in json obj...
03/17/2013 10:05:03 am: Get the dataset to return in json obj...
03/17/2013 10:05:03 am: Get the dataset to return in json obj...
03/17/2013 10:05:03 am: Query has run: <CALL USP_GetCategories();>.
03/17/2013 10:05:03 am: ... Got dataset to return in json obj
03/17/2013 10:05:03 am: Query has run: <CALL USP_GetPayees();>.
03/17/2013 10:05:03 am: ... Got dataset to return in json obj
03/17/2013 10:05:03 am: Query has run: <CALL USP_GetCategories2();>.
03/17/2013 10:05:03 am: ... Got dataset to return in json obj
03/17/2013 10:05:03 am: Query has run: <CALL USP_GetCurrencies();>.
03/17/2013 10:05:03 am: ... Got dataset to return in json obj
03/17/2013 10:05:03 am: Query has run: <CALL USP_GetAccounts();>.
03/17/2013 10:05:03 am: ... Got dataset to return in json obj
03/17/2013 10:11:13 am: Get the dataset to return in json obj...
03/17/2013 10:11:13 am: Query has run: <CALL USP_GetAccounts();>.
03/17/2013 10:11:13 am: Get the dataset to return in json obj...
03/17/2013 10:11:13 am: Get the dataset to return in json obj...
03/17/2013 10:11:13 am: Get the dataset to return in json obj...
03/17/2013 10:11:13 am: ... Got dataset to return in json obj
03/17/2013 10:11:13 am: Query has run: <CALL USP_GetCurrencies();>.
03/17/2013 10:11:13 am: ... Got dataset to return in json obj
03/17/2013 10:11:13 am: Query has run: <CALL USP_GetCategories();>.
03/17/2013 10:11:13 am: ... Got dataset to return in json obj
03/17/2013 10:11:13 am: Get the dataset to return in json obj...
03/17/2013 10:11:13 am: Query has run: <CALL USP_GetPayees();>.
03/17/2013 10:11:13 am: ... Got dataset to return in json obj
03/17/2013 10:11:13 am: Query has run: <CALL USP_GetCategories2();>.
03/17/2013 10:11:13 am: ... Got dataset to return in json obj
03/17/2013 10:16:54 am: Get the dataset to return in json obj...
03/17/2013 10:16:54 am: Query has run: <CALL USP_GetAccounts();>.
03/17/2013 10:16:54 am: ... Got dataset to return in json obj
03/17/2013 10:16:54 am: Get the dataset to return in json obj...
03/17/2013 10:16:54 am: Query has run: <CALL USP_GetCurrencies();>.
03/17/2013 10:16:54 am: ... Got dataset to return in json obj
03/17/2013 10:16:54 am: Get the dataset to return in json obj...
03/17/2013 10:16:54 am: Query has run: <CALL USP_GetCategories();>.
03/17/2013 10:16:54 am: ... Got dataset to return in json obj
03/17/2013 10:16:54 am: Get the dataset to return in json obj...
03/17/2013 10:16:54 am: Get the dataset to return in json obj...
03/17/2013 10:16:54 am: Query has run: <CALL USP_GetPayees();>.
03/17/2013 10:16:54 am: ... Got dataset to return in json obj
03/17/2013 10:16:54 am: Query has run: <CALL USP_GetCategories2();>.
03/17/2013 10:16:54 am: ... Got dataset to return in json obj
03/17/2013 10:17:40 am: Amount value: 30. Preg_match_all result is <1>
03/17/2013 10:17:40 am: Currency = <1>.
03/17/2013 10:18:12 am: Get the dataset to return in json obj...
03/17/2013 10:18:12 am: Get the dataset to return in json obj...
03/17/2013 10:18:12 am: Query has run: <CALL USP_GetCurrencies();>.
03/17/2013 10:18:12 am: ... Got dataset to return in json obj
03/17/2013 10:18:12 am: Query has run: <CALL USP_GetAccounts();>.
03/17/2013 10:18:12 am: ... Got dataset to return in json obj
03/17/2013 10:18:12 am: Get the dataset to return in json obj...
03/17/2013 10:18:12 am: Query has run: <CALL USP_GetPayees();>.
03/17/2013 10:18:12 am: ... Got dataset to return in json obj
03/17/2013 10:18:12 am: Get the dataset to return in json obj...
03/17/2013 10:18:12 am: Get the dataset to return in json obj...
03/17/2013 10:18:12 am: Query has run: <CALL USP_GetCategories2();>.
03/17/2013 10:18:12 am: ... Got dataset to return in json obj
03/17/2013 10:18:12 am: Query has run: <CALL USP_GetCategories();>.
03/17/2013 10:18:12 am: ... Got dataset to return in json obj
03/17/2013 06:01:40 pm: Get the dataset to return in json obj...
03/17/2013 06:01:40 pm: Get the dataset to return in json obj...
03/17/2013 06:01:40 pm: Get the dataset to return in json obj...
03/17/2013 06:01:40 pm: Get the dataset to return in json obj...
03/17/2013 06:01:40 pm: Get the dataset to return in json obj...
03/17/2013 06:01:41 pm: Query has run: <CALL USP_GetCategories();>.
03/17/2013 06:01:41 pm: ... Got dataset to return in json obj
03/17/2013 06:01:41 pm: Query has run: <CALL USP_GetCurrencies();>.
03/17/2013 06:01:41 pm: ... Got dataset to return in json obj
03/17/2013 06:01:41 pm: Query has run: <CALL USP_GetAccounts();>.
03/17/2013 06:01:41 pm: ... Got dataset to return in json obj
03/17/2013 06:01:41 pm: Query has run: <CALL USP_GetCategories2();>.
03/17/2013 06:01:41 pm: ... Got dataset to return in json obj
03/17/2013 06:01:41 pm: Query has run: <CALL USP_GetPayees();>.
03/17/2013 06:01:41 pm: ... Got dataset to return in json obj
03/17/2013 06:02:05 pm: Amount value: -8,81. Preg_match_all result is <1>
03/17/2013 06:02:06 pm: Currency = <1>.
03/17/2013 06:02:14 pm: Amount value: -15,43. Preg_match_all result is <1>
03/17/2013 06:02:14 pm: Currency = <1>.
03/17/2013 06:02:26 pm: Amount value: -3,87. Preg_match_all result is <1>
03/17/2013 06:02:26 pm: Currency = <1>.
03/17/2013 06:02:37 pm: Get the dataset to return in json obj...
03/17/2013 06:02:37 pm: Query has run: <CALL USP_GetAccounts();>.
03/17/2013 06:02:37 pm: ... Got dataset to return in json obj
03/17/2013 06:02:37 pm: Get the dataset to return in json obj...
03/17/2013 06:02:37 pm: Query has run: <CALL USP_GetCurrencies();>.
03/17/2013 06:02:37 pm: ... Got dataset to return in json obj
03/17/2013 06:02:37 pm: Get the dataset to return in json obj...
03/17/2013 06:02:37 pm: Get the dataset to return in json obj...
03/17/2013 06:02:37 pm: Query has run: <CALL USP_GetCategories();>.
03/17/2013 06:02:37 pm: ... Got dataset to return in json obj
03/17/2013 06:02:37 pm: Query has run: <CALL USP_GetPayees();>.
03/17/2013 06:02:37 pm: ... Got dataset to return in json obj
03/17/2013 06:02:37 pm: Get the dataset to return in json obj...
03/17/2013 06:02:37 pm: Query has run: <CALL USP_GetCategories2();>.
03/17/2013 06:02:37 pm: ... Got dataset to return in json obj
03/17/2013 06:05:17 pm: Get the dataset to return in json obj...
03/17/2013 06:05:17 pm: Get the dataset to return in json obj...
03/17/2013 06:05:17 pm: Get the dataset to return in json obj...
03/17/2013 06:05:17 pm: Query has run: <CALL USP_GetCurrencies();>.
03/17/2013 06:05:17 pm: ... Got dataset to return in json obj
03/17/2013 06:05:17 pm: Query has run: <CALL USP_GetAccounts();>.
03/17/2013 06:05:17 pm: ... Got dataset to return in json obj
03/17/2013 06:05:17 pm: Get the dataset to return in json obj...
03/17/2013 06:05:17 pm: Query has run: <CALL USP_GetPayees();>.
03/17/2013 06:05:17 pm: ... Got dataset to return in json obj
03/17/2013 06:05:17 pm: Query has run: <CALL USP_GetCategories();>.
03/17/2013 06:05:17 pm: ... Got dataset to return in json obj
03/17/2013 06:05:17 pm: Get the dataset to return in json obj...
03/17/2013 06:05:17 pm: Query has run: <CALL USP_GetCategories2();>.
03/17/2013 06:05:17 pm: ... Got dataset to return in json obj
03/17/2013 06:05:25 pm: Amount value: -8,96. Preg_match_all result is <1>
03/17/2013 06:05:25 pm: Currency = <1>.
03/17/2013 06:05:29 pm: Get the dataset to return in json obj...
03/17/2013 06:05:29 pm: Query has run: <CALL USP_GetAccounts();>.
03/17/2013 06:05:29 pm: ... Got dataset to return in json obj
03/17/2013 06:05:29 pm: Get the dataset to return in json obj...
03/17/2013 06:05:29 pm: Query has run: <CALL USP_GetCurrencies();>.
03/17/2013 06:05:29 pm: ... Got dataset to return in json obj
03/17/2013 06:05:29 pm: Get the dataset to return in json obj...
03/17/2013 06:05:29 pm: Query has run: <CALL USP_GetPayees();>.
03/17/2013 06:05:29 pm: ... Got dataset to return in json obj
03/17/2013 06:05:29 pm: Get the dataset to return in json obj...
03/17/2013 06:05:29 pm: Get the dataset to return in json obj...
03/17/2013 06:05:29 pm: Query has run: <CALL USP_GetCategories();>.
03/17/2013 06:05:29 pm: ... Got dataset to return in json obj
03/17/2013 06:05:29 pm: Query has run: <CALL USP_GetCategories2();>.
03/17/2013 06:05:29 pm: ... Got dataset to return in json obj
03/17/2013 07:18:27 pm: Get the dataset to return in json obj...
03/17/2013 07:18:27 pm: Get the dataset to return in json obj...
03/17/2013 07:18:27 pm: Query has run: <CALL USP_GetPayees();>.
03/17/2013 07:18:27 pm: ... Got dataset to return in json obj
03/17/2013 07:18:27 pm: Query has run: <CALL USP_GetAccounts();>.
03/17/2013 07:18:27 pm: ... Got dataset to return in json obj
03/17/2013 07:18:27 pm: Get the dataset to return in json obj...
03/17/2013 07:18:27 pm: Get the dataset to return in json obj...
03/17/2013 07:18:27 pm: Query has run: <CALL USP_GetCategories();>.
03/17/2013 07:18:27 pm: ... Got dataset to return in json obj
03/17/2013 07:18:27 pm: Query has run: <CALL USP_GetCurrencies();>.
03/17/2013 07:18:27 pm: ... Got dataset to return in json obj
03/17/2013 07:18:27 pm: Get the dataset to return in json obj...
03/17/2013 07:18:27 pm: Query has run: <CALL USP_GetCategories2();>.
03/17/2013 07:18:27 pm: ... Got dataset to return in json obj
03/17/2013 07:18:59 pm: Get the dataset to return in json obj...
03/17/2013 07:18:59 pm: Query has run: <CALL USP_GetAccounts();>.
03/17/2013 07:18:59 pm: ... Got dataset to return in json obj
03/17/2013 07:18:59 pm: Get the dataset to return in json obj...
03/17/2013 07:18:59 pm: Get the dataset to return in json obj...
03/17/2013 07:18:59 pm: Query has run: <CALL USP_GetCurrencies();>.
03/17/2013 07:18:59 pm: ... Got dataset to return in json obj
03/17/2013 07:18:59 pm: Get the dataset to return in json obj...
03/17/2013 07:18:59 pm: Query has run: <CALL USP_GetPayees();>.
03/17/2013 07:18:59 pm: ... Got dataset to return in json obj
03/17/2013 07:18:59 pm: Query has run: <CALL USP_GetCategories();>.
03/17/2013 07:18:59 pm: ... Got dataset to return in json obj
03/17/2013 07:18:59 pm: Get the dataset to return in json obj...
03/17/2013 07:18:59 pm: Query has run: <CALL USP_GetCategories2();>.
03/17/2013 07:18:59 pm: ... Got dataset to return in json obj
