04/15/2013 06:55:42 pm: Get the dataset to return in json obj...
04/15/2013 06:55:42 pm: Get the dataset to return in json obj...
04/15/2013 06:55:42 pm: Get the dataset to return in json obj...
04/15/2013 06:55:42 pm: Get the dataset to return in json obj...
04/15/2013 06:55:42 pm: Query has run: <CALL USP_GetPayees();>.
04/15/2013 06:55:42 pm: ... Got dataset to return in json obj
04/15/2013 06:55:42 pm: Query has run: <CALL USP_GetCategories2();>.
04/15/2013 06:55:42 pm: ... Got dataset to return in json obj
04/15/2013 06:55:42 pm: Query has run: <CALL USP_GetCurrencies();>.
04/15/2013 06:55:42 pm: ... Got dataset to return in json obj
04/15/2013 06:55:42 pm: Query has run: <CALL USP_GetCategories();>.
04/15/2013 06:55:42 pm: ... Got dataset to return in json obj
04/15/2013 06:55:42 pm: Query has run: <CALL USP_GetAccounts();>.
04/15/2013 06:55:42 pm: ... Got dataset to return in json obj
04/15/2013 06:55:46 pm: Get the dataset to return in json obj...
04/15/2013 06:55:46 pm: Get the dataset to return in json obj...
04/15/2013 06:55:46 pm: Query has run: <CALL USP_GetCurrencies();>.
04/15/2013 06:55:46 pm: ... Got dataset to return in json obj
04/15/2013 06:55:46 pm: Query has run: <CALL USP_GetPayees();>.
04/15/2013 06:55:46 pm: Get the dataset to return in json obj...
04/15/2013 06:55:46 pm: ... Got dataset to return in json obj
04/15/2013 06:55:46 pm: Get the dataset to return in json obj...
04/15/2013 06:55:46 pm: Query has run: <CALL USP_GetCategories();>.
04/15/2013 06:55:46 pm: ... Got dataset to return in json obj
04/15/2013 06:55:46 pm: Query has run: <CALL USP_GetAccounts();>.
04/15/2013 06:55:46 pm: Get the dataset to return in json obj...
04/15/2013 06:55:46 pm: ... Got dataset to return in json obj
04/15/2013 06:55:46 pm: Query has run: <CALL USP_GetCategories2();>.
04/15/2013 06:55:46 pm: ... Got dataset to return in json obj
04/15/2013 06:56:14 pm: Amount value: 120. Preg_match_all result is <1>
04/15/2013 06:56:14 pm: Currency = <1>.
04/15/2013 06:57:28 pm: Amount value: -13,36. Preg_match_all result is <1>
04/15/2013 06:57:28 pm: Currency = <1>.
04/15/2013 06:57:31 pm: Get the dataset to return in json obj...
04/15/2013 06:57:31 pm: Get the dataset to return in json obj...
04/15/2013 06:57:31 pm: Query has run: <CALL USP_GetAccounts();>.
04/15/2013 06:57:31 pm: ... Got dataset to return in json obj
04/15/2013 06:57:31 pm: Query has run: <CALL USP_GetCurrencies();>.
04/15/2013 06:57:31 pm: ... Got dataset to return in json obj
04/15/2013 06:57:31 pm: Get the dataset to return in json obj...
04/15/2013 06:57:31 pm: Get the dataset to return in json obj...
04/15/2013 06:57:31 pm: Get the dataset to return in json obj...
04/15/2013 06:57:31 pm: Query has run: <CALL USP_GetCategories();>.
04/15/2013 06:57:31 pm: ... Got dataset to return in json obj
04/15/2013 06:57:31 pm: Query has run: <CALL USP_GetCategories2();>.
04/15/2013 06:57:31 pm: ... Got dataset to return in json obj
04/15/2013 06:57:31 pm: Query has run: <CALL USP_GetPayees();>.
04/15/2013 06:57:31 pm: ... Got dataset to return in json obj
04/15/2013 06:57:42 pm: Get the dataset to return in json obj...
04/15/2013 06:57:42 pm: Query has run: <CALL USP_GetAccounts();>.
04/15/2013 06:57:42 pm: Get the dataset to return in json obj...
04/15/2013 06:57:42 pm: ... Got dataset to return in json obj
04/15/2013 06:57:42 pm: Get the dataset to return in json obj...
04/15/2013 06:57:42 pm: Query has run: <CALL USP_GetCurrencies();>.
04/15/2013 06:57:42 pm: ... Got dataset to return in json obj
04/15/2013 06:57:42 pm: Query has run: <CALL USP_GetCategories();>.
04/15/2013 06:57:42 pm: Get the dataset to return in json obj...
04/15/2013 06:57:42 pm: ... Got dataset to return in json obj
04/15/2013 06:57:42 pm: Get the dataset to return in json obj...
04/15/2013 06:57:42 pm: Query has run: <CALL USP_GetCategories2();>.
04/15/2013 06:57:42 pm: ... Got dataset to return in json obj
04/15/2013 06:57:42 pm: Query has run: <CALL USP_GetPayees();>.
04/15/2013 06:57:42 pm: ... Got dataset to return in json obj
04/15/2013 06:57:47 pm: Get the dataset to return in json obj...
04/15/2013 06:57:47 pm: Query has run: <CALL USP_GetCurrencies();>.
04/15/2013 06:57:47 pm: ... Got dataset to return in json obj
04/15/2013 06:57:47 pm: Get the dataset to return in json obj...
04/15/2013 06:57:47 pm: Get the dataset to return in json obj...
04/15/2013 06:57:47 pm: Get the dataset to return in json obj...
04/15/2013 06:57:47 pm: Query has run: <CALL USP_GetAccounts();>.
04/15/2013 06:57:47 pm: ... Got dataset to return in json obj
04/15/2013 06:57:47 pm: Query has run: <CALL USP_GetCategories();>.
04/15/2013 06:57:47 pm: ... Got dataset to return in json obj
04/15/2013 06:57:47 pm: Get the dataset to return in json obj...
04/15/2013 06:57:47 pm: Query has run: <CALL USP_GetPayees();>.
04/15/2013 06:57:47 pm: ... Got dataset to return in json obj
04/15/2013 06:57:47 pm: Query has run: <CALL USP_GetCategories2();>.
04/15/2013 06:57:47 pm: ... Got dataset to return in json obj
