09/20/2012 07:09:53 pm: CALL USP_GetCategories2();
09/20/2012 07:09:53 pm: CALL USP_GetCategories();
09/20/2012 07:09:53 pm: CALL USP_GetCurrencies();
09/20/2012 07:09:53 pm: CALL USP_GetPayees();
09/20/2012 07:09:53 pm: CALL USP_GetAccounts();
09/20/2012 07:10:37 pm: CALL USP_GetCurrencies();
09/20/2012 07:10:37 pm: CALL USP_GetAccounts();
09/20/2012 07:10:37 pm: CALL USP_GetPayees();
09/20/2012 07:10:37 pm: CALL USP_GetCategories();
09/20/2012 07:10:37 pm: CALL USP_GetCategories2();
09/20/2012 07:10:41 pm: CALL USP_GetCurrencies();
09/20/2012 07:10:41 pm: CALL USP_GetAccounts();
09/20/2012 07:10:41 pm: CALL USP_GetPayees();
09/20/2012 07:10:41 pm: CALL USP_GetCategories();
09/20/2012 07:10:41 pm: CALL USP_GetCategories2();
09/20/2012 07:10:42 pm: CALL USP_GetPayees();
09/20/2012 07:10:42 pm: CALL USP_GetAccounts();
09/20/2012 07:10:42 pm: CALL USP_GetCurrencies();
09/20/2012 07:10:42 pm: CALL USP_GetCategories();
09/20/2012 07:10:42 pm: CALL USP_GetCategories2();
09/20/2012 07:30:07 pm: CALL USP_GetAccounts();
09/20/2012 07:30:07 pm: CALL USP_GetCurrencies();
09/20/2012 07:30:07 pm: CALL USP_GetPayees();
09/20/2012 07:30:07 pm: CALL USP_GetCategories2();
09/20/2012 07:30:07 pm: CALL USP_GetCategories();
09/20/2012 07:30:15 pm: CALL USP_GetCurrencies();
09/20/2012 07:30:15 pm: CALL USP_GetAccounts();
09/20/2012 07:30:15 pm: CALL USP_GetPayees();
09/20/2012 07:30:15 pm: CALL USP_GetCategories();
09/20/2012 07:30:15 pm: CALL USP_GetCategories2();
09/20/2012 07:30:45 pm: CALL USP_InsertTransaction('2012-09-20','11','1','2','1','15','187','25','Tioga wheel');
09/20/2012 07:30:45 pm: CALL USP_InsertTransaction('2012-09-20','11','1','2','1','15','187','25','Tioga wheel');
09/20/2012 07:31:40 pm: CALL USP_InsertTransaction('2012-09-20','17','1','1','1','1','208','-7.86','2 x Park Tools Puncture Repair Kit Super Patch');
09/20/2012 07:31:40 pm: CALL USP_InsertTransaction('2012-09-20','17','1','1','1','1','208','-7.86','2 x Park Tools Puncture Repair Kit Super Patch');
09/20/2012 07:31:45 pm: CALL USP_GetAccounts();
09/20/2012 07:31:45 pm: CALL USP_GetCurrencies();
09/20/2012 07:31:45 pm: CALL USP_GetCategories();
09/20/2012 07:31:45 pm: CALL USP_GetPayees();
09/20/2012 07:31:45 pm: CALL USP_GetCategories2();
