11/07/2012 07:33:43 pm: CALL USP_GetCurrencies();
11/07/2012 07:33:43 pm: CALL USP_GetPayees();
11/07/2012 07:33:43 pm: CALL USP_GetCategories2();
11/07/2012 07:33:43 pm: CALL USP_GetCategories();
11/07/2012 07:33:43 pm: CALL USP_GetAccounts();
11/07/2012 07:34:17 pm: CALL USP_GetAccounts();
11/07/2012 07:34:17 pm: CALL USP_GetCategories();
11/07/2012 07:34:17 pm: CALL USP_GetPayees();
11/07/2012 07:34:17 pm: CALL USP_GetCurrencies();
11/07/2012 07:34:17 pm: CALL USP_GetCategories2();
11/07/2012 07:35:24 pm: CALL USP_GetAccounts();
11/07/2012 07:35:24 pm: CALL USP_GetCurrencies();
11/07/2012 07:35:24 pm: CALL USP_GetCategories();
11/07/2012 07:35:24 pm: CALL USP_GetPayees();
11/07/2012 07:35:24 pm: CALL USP_GetCategories2();
11/07/2012 07:50:52 pm: CALL USP_GetCurrencies();
11/07/2012 07:50:52 pm: CALL USP_GetAccounts();
11/07/2012 07:50:52 pm: CALL USP_GetPayees();
11/07/2012 07:50:52 pm: CALL USP_GetCategories();
11/07/2012 07:50:52 pm: CALL USP_GetCategories2();
11/07/2012 07:54:31 pm: CALL USP_GetAccounts();
11/07/2012 07:54:31 pm: CALL USP_GetCurrencies();
11/07/2012 07:54:31 pm: CALL USP_GetCategories();
11/07/2012 07:54:31 pm: CALL USP_GetPayees();
11/07/2012 07:54:31 pm: CALL USP_GetCategories2();
11/07/2012 08:01:05 pm: CALL USP_GetAccounts();
11/07/2012 08:01:05 pm: CALL USP_GetPayees();
11/07/2012 08:01:05 pm: CALL USP_GetCategories();
11/07/2012 08:01:05 pm: CALL USP_GetCurrencies();
11/07/2012 08:01:05 pm: CALL USP_GetCategories2();
11/07/2012 08:02:09 pm: CALL USP_GetAccounts();
11/07/2012 08:02:09 pm: CALL USP_GetCategories();
11/07/2012 08:02:09 pm: CALL USP_GetPayees();
11/07/2012 08:02:09 pm: CALL USP_GetCurrencies();
11/07/2012 08:02:09 pm: CALL USP_GetCategories2();
11/07/2012 08:20:56 pm: CALL USP_GetAccounts();
11/07/2012 08:20:56 pm: CALL USP_GetCurrencies();
11/07/2012 08:20:56 pm: CALL USP_GetPayees();
11/07/2012 08:20:56 pm: CALL USP_GetCategories();
11/07/2012 08:20:56 pm: CALL USP_GetCategories2();
11/07/2012 08:33:30 pm: CALL USP_GetAccounts();
11/07/2012 08:33:30 pm: CALL USP_GetCurrencies();
11/07/2012 08:33:30 pm: CALL USP_GetPayees();
11/07/2012 08:33:30 pm: CALL USP_GetCategories();
11/07/2012 08:33:30 pm: CALL USP_GetCategories2();
11/07/2012 09:04:57 pm: CALL USP_GetPayees();
11/07/2012 09:04:57 pm: CALL USP_GetAccounts();
11/07/2012 09:04:57 pm: CALL USP_GetCategories2();
11/07/2012 09:04:57 pm: CALL USP_GetCurrencies();
11/07/2012 09:04:57 pm: CALL USP_GetCategories();
11/07/2012 09:13:06 pm: CALL USP_GetCurrencies();
11/07/2012 09:13:06 pm: CALL USP_GetAccounts();
11/07/2012 09:13:06 pm: CALL USP_GetPayees();
11/07/2012 09:13:06 pm: CALL USP_GetCategories2();
11/07/2012 09:13:06 pm: CALL USP_GetCategories();
11/07/2012 09:24:44 pm: CALL USP_GetAccounts();
11/07/2012 09:24:44 pm: CALL USP_GetCurrencies();
11/07/2012 09:24:44 pm: CALL USP_GetPayees();
11/07/2012 09:24:44 pm: CALL USP_GetCategories();
11/07/2012 09:24:44 pm: CALL USP_GetCategories2();
11/07/2012 09:31:13 pm: CALL USP_GetAccounts();
11/07/2012 09:31:13 pm: CALL USP_GetCurrencies();
11/07/2012 09:31:13 pm: CALL USP_GetCategories();
11/07/2012 09:31:13 pm: CALL USP_GetPayees();
11/07/2012 09:31:13 pm: CALL USP_GetCategories2();
11/07/2012 09:34:28 pm: CALL USP_GetAccounts();
11/07/2012 09:34:28 pm: CALL USP_GetPayees();
11/07/2012 09:34:28 pm: CALL USP_GetCategories();
11/07/2012 09:34:28 pm: CALL USP_GetCurrencies();
11/07/2012 09:34:28 pm: CALL USP_GetCategories2();
11/07/2012 09:36:14 pm: CALL USP_GetCurrencies();
11/07/2012 09:36:14 pm: CALL USP_GetPayees();
11/07/2012 09:36:14 pm: CALL USP_GetAccounts();
11/07/2012 09:36:14 pm: CALL USP_GetCategories();
11/07/2012 09:36:14 pm: CALL USP_GetCategories2();
11/07/2012 09:41:18 pm: CALL USP_GetPayees();
11/07/2012 09:41:18 pm: CALL USP_GetCurrencies();
11/07/2012 09:41:18 pm: CALL USP_GetCategories();
11/07/2012 09:41:18 pm: CALL USP_GetAccounts();
11/07/2012 09:41:18 pm: CALL USP_GetCategories2();
11/07/2012 09:54:33 pm: CALL USP_GetAccounts();
11/07/2012 09:54:33 pm: CALL USP_GetCurrencies();
11/07/2012 09:54:33 pm: CALL USP_GetCategories();
11/07/2012 09:54:33 pm: CALL USP_GetPayees();
11/07/2012 09:54:33 pm: CALL USP_GetCategories2();
11/07/2012 10:23:56 pm: CALL USP_GetCategories();
11/07/2012 10:23:56 pm: CALL USP_GetCurrencies();
11/07/2012 10:23:56 pm: CALL USP_GetAccounts();
11/07/2012 10:23:56 pm: CALL USP_GetPayees();
11/07/2012 10:23:56 pm: CALL USP_GetCategories2();
11/07/2012 10:24:43 pm: CALL USP_GetAccounts();
11/07/2012 10:24:43 pm: CALL USP_GetCategories();
11/07/2012 10:24:43 pm: CALL USP_GetCurrencies();
11/07/2012 10:24:43 pm: CALL USP_GetCategories2();
11/07/2012 10:24:43 pm: CALL USP_GetPayees();
11/07/2012 10:43:08 pm: CALL USP_GetCategories();
11/07/2012 10:43:08 pm: CALL USP_GetAccounts();
11/07/2012 10:43:08 pm: CALL USP_GetCategories2();
11/07/2012 10:43:08 pm: CALL USP_GetPayees();
11/07/2012 10:43:08 pm: CALL USP_GetCurrencies();
11/07/2012 10:46:59 pm: CALL USP_GetCurrencies();
11/07/2012 10:46:59 pm: CALL USP_GetAccounts();
11/07/2012 10:46:59 pm: CALL USP_GetCategories();
11/07/2012 10:46:59 pm: CALL USP_GetPayees();
11/07/2012 10:46:59 pm: CALL USP_GetCategories2();
11/07/2012 10:53:31 pm: CALL USP_GetAccounts();
11/07/2012 10:53:31 pm: CALL USP_GetPayees();
11/07/2012 10:53:31 pm: CALL USP_GetCategories();
11/07/2012 10:53:31 pm: CALL USP_GetCategories2();
11/07/2012 10:53:31 pm: CALL USP_GetCurrencies();
11/07/2012 10:55:57 pm: CALL USP_GetAccounts();
11/07/2012 10:55:57 pm: CALL USP_GetCurrencies();
11/07/2012 10:55:57 pm: CALL USP_GetCategories();
11/07/2012 10:55:57 pm: CALL USP_GetPayees();
11/07/2012 10:55:57 pm: CALL USP_GetCategories2();
11/07/2012 10:56:40 pm: CALL USP_GetPayees();
11/07/2012 10:56:40 pm: CALL USP_GetCategories();
11/07/2012 10:56:40 pm: CALL USP_GetCurrencies();
11/07/2012 10:56:40 pm: CALL USP_GetAccounts();
11/07/2012 10:56:40 pm: CALL USP_GetCategories2();
11/07/2012 11:06:09 pm: CALL USP_GetAccounts();
11/07/2012 11:06:09 pm: CALL USP_GetCurrencies();
11/07/2012 11:06:09 pm: CALL USP_GetCategories();
11/07/2012 11:06:09 pm: CALL USP_GetCategories2();
11/07/2012 11:06:09 pm: CALL USP_GetPayees();
11/07/2012 11:11:48 pm: CALL USP_GetAccounts();
11/07/2012 11:11:48 pm: CALL USP_GetCurrencies();
11/07/2012 11:11:48 pm: CALL USP_GetCategories();
11/07/2012 11:11:48 pm: CALL USP_GetCategories2();
11/07/2012 11:11:48 pm: CALL USP_GetPayees();
11/07/2012 11:12:21 pm: CALL USP_GetAccounts();
11/07/2012 11:12:21 pm: CALL USP_GetCurrencies();
11/07/2012 11:12:21 pm: CALL USP_GetPayees();
11/07/2012 11:12:21 pm: CALL USP_GetCategories();
11/07/2012 11:12:22 pm: CALL USP_GetCategories2();
11/07/2012 11:12:29 pm: CALL USP_GetPayees();
11/07/2012 11:12:29 pm: CALL USP_GetAccounts();
11/07/2012 11:12:29 pm: CALL USP_GetCurrencies();
11/07/2012 11:12:29 pm: CALL USP_GetCategories();
11/07/2012 11:12:29 pm: CALL USP_GetCategories2();
11/07/2012 11:17:48 pm: CALL USP_GetPayees();
11/07/2012 11:17:48 pm: CALL USP_GetCurrencies();
11/07/2012 11:17:48 pm: CALL USP_GetAccounts();
11/07/2012 11:17:48 pm: CALL USP_GetCategories2();
11/07/2012 11:17:48 pm: CALL USP_GetCategories();
11/07/2012 11:18:23 pm: CALL USP_GetAccounts();
11/07/2012 11:18:23 pm: CALL USP_GetCurrencies();
11/07/2012 11:18:23 pm: CALL USP_GetPayees();
11/07/2012 11:18:23 pm: CALL USP_GetCategories();
11/07/2012 11:18:23 pm: CALL USP_GetCategories2();
