12/04/2012 08:46:01 am: CALL USP_GetCategories();
12/04/2012 08:46:01 am: CALL USP_GetCurrencies();
12/04/2012 08:46:01 am: CALL USP_GetCategories2();
12/04/2012 08:46:01 am: CALL USP_GetAccounts();
12/04/2012 02:43:50 pm: CALL USP_GetCategories();
12/04/2012 02:43:50 pm: CALL USP_GetCurrencies();
12/04/2012 02:43:50 pm: CALL USP_GetCategories2();
12/04/2012 02:43:50 pm: CALL USP_GetAccounts();
12/04/2012 02:43:50 pm: CALL USP_GetPayees();
12/04/2012 02:44:22 pm: CALL USP_InsertTransaction('2012-12-04','19','1','1','7','45','219','-32.55','');
12/04/2012 02:44:22 pm: CALL USP_InsertTransaction('2012-12-04','19','1','1','7','45','219','-32.55','');
12/04/2012 02:44:29 pm: CALL USP_GetAccounts();
12/04/2012 02:44:29 pm: CALL USP_GetCurrencies();
12/04/2012 02:44:29 pm: CALL USP_GetPayees();
12/04/2012 02:44:29 pm: CALL USP_GetCategories();
12/04/2012 02:44:29 pm: CALL USP_GetCategories2();
12/04/2012 02:49:43 pm: CALL USP_GetCurrencies();
12/04/2012 02:49:44 pm: CALL USP_GetAccounts();
12/04/2012 02:49:44 pm: CALL USP_GetPayees();
12/04/2012 02:49:44 pm: CALL USP_GetCategories2();
12/04/2012 02:49:44 pm: CALL USP_GetCategories();
12/04/2012 02:49:52 pm: CALL USP_InsertTransaction('2012-12-04','19','1','1','7','45','187','-32.55','');
12/04/2012 02:49:52 pm: CALL USP_InsertTransaction('2012-12-04','19','1','1','7','45','187','-32.55','');
12/04/2012 02:53:06 pm: CALL USP_InsertTransaction('2012-12-04','19','1','1','7','45','187','-13.5','');
12/04/2012 02:53:06 pm: CALL USP_InsertTransaction('2012-12-04','19','1','1','7','45','187','-13.5','');
12/04/2012 02:53:09 pm: CALL USP_GetAccounts();
12/04/2012 02:53:09 pm: CALL USP_GetCategories();
12/04/2012 02:53:09 pm: CALL USP_GetPayees();
12/04/2012 02:53:09 pm: CALL USP_GetCurrencies();
12/04/2012 02:53:09 pm: CALL USP_GetCategories2();
12/04/2012 03:48:30 pm: CALL USP_GetCategories2();
12/04/2012 03:48:30 pm: CALL USP_GetPayees();
12/04/2012 03:48:30 pm: CALL USP_GetAccounts();
12/04/2012 03:48:30 pm: CALL USP_GetCategories();
12/04/2012 03:48:30 pm: CALL USP_GetCurrencies();
12/04/2012 03:48:53 pm: CALL USP_GetAccounts();
12/04/2012 03:48:53 pm: CALL USP_GetCurrencies();
12/04/2012 03:48:53 pm: CALL USP_GetCategories();
12/04/2012 03:48:53 pm: CALL USP_GetCategories2();
12/04/2012 03:48:53 pm: CALL USP_GetPayees();
12/04/2012 03:49:02 pm: CALL USP_GetAccounts();
12/04/2012 03:49:02 pm: CALL USP_GetPayees();
12/04/2012 03:49:02 pm: CALL USP_GetCurrencies();
12/04/2012 03:49:02 pm: CALL USP_GetCategories();
12/04/2012 03:49:02 pm: CALL USP_GetCategories2();
12/04/2012 04:00:45 pm: CALL USP_GetAccounts();
12/04/2012 04:00:45 pm: CALL USP_GetCurrencies();
12/04/2012 04:00:45 pm: CALL USP_GetPayees();
12/04/2012 04:00:45 pm: CALL USP_GetCategories();
12/04/2012 04:00:45 pm: CALL USP_GetCategories2();
12/04/2012 04:00:54 pm: CALL USP_GetCurrencies();
12/04/2012 04:00:54 pm: CALL USP_GetAccounts();
12/04/2012 04:00:54 pm: CALL USP_GetPayees();
12/04/2012 04:00:54 pm: CALL USP_GetCategories2();
12/04/2012 04:00:54 pm: CALL USP_GetCategories();
12/04/2012 04:02:45 pm: CALL USP_GetAccounts();
12/04/2012 04:02:45 pm: CALL USP_GetCurrencies();
12/04/2012 04:02:45 pm: CALL USP_GetPayees();
12/04/2012 04:02:45 pm: CALL USP_GetCategories();
12/04/2012 04:02:45 pm: CALL USP_GetCategories2();
12/04/2012 04:05:54 pm: CALL USP_GetPayees();
12/04/2012 04:05:54 pm: CALL USP_GetAccounts();
12/04/2012 04:05:54 pm: CALL USP_GetCurrencies();
12/04/2012 04:05:54 pm: CALL USP_GetCategories2();
12/04/2012 04:05:54 pm: CALL USP_GetCategories();
12/04/2012 04:08:55 pm: CALL USP_GetCurrencies();
12/04/2012 04:08:55 pm: CALL USP_GetPayees();
12/04/2012 04:08:55 pm: CALL USP_GetCategories();
12/04/2012 04:08:55 pm: CALL USP_GetAccounts();
12/04/2012 04:08:55 pm: CALL USP_GetCategories2();
12/04/2012 04:09:02 pm: CALL USP_GetAccounts();
12/04/2012 04:09:02 pm: CALL USP_GetCurrencies();
12/04/2012 04:09:02 pm: CALL USP_GetPayees();
12/04/2012 04:09:02 pm: CALL USP_GetCategories();
12/04/2012 04:09:02 pm: CALL USP_GetCategories2();
12/04/2012 04:14:49 pm: CALL USP_GetCurrencies();
12/04/2012 04:14:49 pm: CALL USP_GetCategories();
12/04/2012 04:14:49 pm: CALL USP_GetCategories2();
12/04/2012 04:14:49 pm: CALL USP_GetPayees();
12/04/2012 04:14:49 pm: CALL USP_GetAccounts();
12/04/2012 04:15:47 pm: CALL USP_GetAccounts();
12/04/2012 04:15:47 pm: CALL USP_GetCategories2();
12/04/2012 04:15:47 pm: CALL USP_GetCurrencies();
12/04/2012 04:15:47 pm: CALL USP_GetCategories();
12/04/2012 04:15:47 pm: CALL USP_GetPayees();
12/04/2012 04:16:06 pm: CALL USP_GetAccounts();
12/04/2012 04:16:06 pm: CALL USP_GetCurrencies();
12/04/2012 04:16:06 pm: CALL USP_GetPayees();
12/04/2012 04:16:06 pm: CALL USP_GetCategories();
12/04/2012 04:16:06 pm: CALL USP_GetCategories2();
12/04/2012 04:19:49 pm: CALL USP_GetAccounts();
12/04/2012 04:19:49 pm: CALL USP_GetCurrencies();
12/04/2012 04:19:49 pm: CALL USP_GetPayees();
12/04/2012 04:19:49 pm: CALL USP_GetCategories();
12/04/2012 04:19:49 pm: CALL USP_GetCategories2();
12/04/2012 04:20:18 pm: CALL USP_GetCategories();
12/04/2012 04:20:18 pm: CALL USP_GetCategories2();
12/04/2012 04:20:18 pm: CALL USP_GetCurrencies();
12/04/2012 04:20:18 pm: CALL USP_GetPayees();
12/04/2012 04:20:18 pm: CALL USP_GetAccounts();
12/04/2012 04:20:31 pm: CALL USP_GetAccounts();
12/04/2012 04:20:31 pm: CALL USP_GetCurrencies();
12/04/2012 04:20:31 pm: CALL USP_GetPayees();
12/04/2012 04:20:31 pm: CALL USP_GetCategories();
12/04/2012 04:20:31 pm: CALL USP_GetCategories2();
12/04/2012 04:21:18 pm: CALL USP_GetCurrencies();
12/04/2012 04:21:18 pm: CALL USP_GetAccounts();
12/04/2012 04:21:18 pm: CALL USP_GetCategories();
12/04/2012 04:21:18 pm: CALL USP_GetCategories2();
12/04/2012 04:21:18 pm: CALL USP_GetPayees();
12/04/2012 04:21:34 pm: CALL USP_GetAccounts();
12/04/2012 04:21:34 pm: CALL USP_GetCurrencies();
12/04/2012 04:21:34 pm: CALL USP_GetPayees();
12/04/2012 04:21:34 pm: CALL USP_GetCategories();
12/04/2012 04:21:34 pm: CALL USP_GetCategories2();
12/04/2012 04:21:41 pm: CALL USP_GetPayees();
12/04/2012 04:21:41 pm: CALL USP_GetCategories();
12/04/2012 04:21:41 pm: CALL USP_GetCategories2();
12/04/2012 04:21:41 pm: CALL USP_GetAccounts();
12/04/2012 04:21:41 pm: CALL USP_GetCurrencies();
12/04/2012 04:21:45 pm: CALL USP_GetAccounts();
12/04/2012 04:21:45 pm: CALL USP_GetCurrencies();
12/04/2012 04:21:45 pm: CALL USP_GetPayees();
12/04/2012 04:21:45 pm: CALL USP_GetCategories();
12/04/2012 04:21:45 pm: CALL USP_GetCategories2();
12/04/2012 04:21:49 pm: CALL USP_GetAccounts();
12/04/2012 04:21:49 pm: CALL USP_GetCurrencies();
12/04/2012 04:21:49 pm: CALL USP_GetPayees();
12/04/2012 04:21:49 pm: CALL USP_GetCategories();
12/04/2012 04:21:49 pm: CALL USP_GetCategories2();
12/04/2012 04:38:28 pm: CALL USP_GetAccounts();
12/04/2012 04:38:28 pm: CALL USP_GetCategories();
12/04/2012 04:38:28 pm: CALL USP_GetPayees();
12/04/2012 04:38:28 pm: CALL USP_GetCategories2();
12/04/2012 04:38:28 pm: CALL USP_GetCurrencies();
12/04/2012 04:39:23 pm: CALL USP_GetCategories();
12/04/2012 04:39:23 pm: CALL USP_GetCategories2();
12/04/2012 04:39:23 pm: CALL USP_GetAccounts();
12/04/2012 04:39:23 pm: CALL USP_GetPayees();
12/04/2012 04:39:23 pm: CALL USP_GetCurrencies();
12/04/2012 04:40:52 pm: CALL USP_GetAccounts();
12/04/2012 04:40:52 pm: CALL USP_GetCurrencies();
12/04/2012 04:40:52 pm: CALL USP_GetPayees();
12/04/2012 04:40:52 pm: CALL USP_GetCategories();
12/04/2012 04:40:52 pm: CALL USP_GetCategories2();
