10/28/2012 02:03:04 pm: CALL USP_GetPayees();
10/28/2012 02:03:04 pm: CALL USP_GetCategories();
10/28/2012 02:03:04 pm: CALL USP_GetCategories2();
10/28/2012 02:03:04 pm: CALL USP_GetCurrencies();
10/28/2012 02:03:04 pm: CALL USP_GetAccounts();
10/28/2012 02:21:40 pm: CALL USP_GetAccounts();
10/28/2012 02:21:40 pm: CALL USP_GetPayees();
10/28/2012 02:21:40 pm: CALL USP_GetCategories();
10/28/2012 02:21:40 pm: CALL USP_GetCategories2();
10/28/2012 02:21:40 pm: CALL USP_GetCurrencies();
10/28/2012 02:22:15 pm: CALL USP_InsertTransaction('2012-10-28','11','1','1','7','45','8','-7.63','');
10/28/2012 02:22:15 pm: CALL USP_InsertTransaction('2012-10-28','11','1','1','7','45','8','-7.63','');
10/28/2012 02:22:24 pm: CALL USP_InsertTransaction('2012-10-28','11','1','1','7','45','8','-3.25','');
10/28/2012 02:22:24 pm: CALL USP_InsertTransaction('2012-10-28','11','1','1','7','45','8','-3.25','');
10/28/2012 02:22:58 pm: CALL USP_InsertTransaction('2012-10-28','11','1','1','11','61','8','-5.34','');
10/28/2012 02:22:58 pm: CALL USP_InsertTransaction('2012-10-28','11','1','1','11','61','8','-5.34','');
10/28/2012 02:29:51 pm: CALL USP_GetAccounts();
10/28/2012 02:29:51 pm: CALL USP_GetCategories();
10/28/2012 02:29:51 pm: CALL USP_GetCategories2();
10/28/2012 02:29:51 pm: CALL USP_GetCurrencies();
10/28/2012 02:29:51 pm: CALL USP_GetPayees();
10/28/2012 02:32:19 pm: CALL USP_GetCategories2();
10/28/2012 02:32:19 pm: CALL USP_GetCurrencies();
10/28/2012 02:32:19 pm: CALL USP_GetCategories();
10/28/2012 02:32:19 pm: CALL USP_GetAccounts();
10/28/2012 02:32:19 pm: CALL USP_GetPayees();
10/28/2012 02:32:50 pm: CALL USP_GetAccounts();
10/28/2012 02:32:50 pm: CALL USP_GetCurrencies();
10/28/2012 02:32:50 pm: CALL USP_GetPayees();
10/28/2012 02:32:50 pm: CALL USP_GetCategories();
10/28/2012 02:32:50 pm: CALL USP_GetCategories2();
10/28/2012 02:36:59 pm: CALL USP_InsertTransaction('2012-10-30','1','1','2','2','18','210','30.42','');
10/28/2012 02:36:59 pm: CALL USP_InsertTransaction('2012-10-30','1','1','2','2','18','210','30.42','');
10/28/2012 02:37:13 pm: CALL USP_InsertTransaction('2012-10-30','1','1','2','2','19','210','2.78','');
10/28/2012 02:37:13 pm: CALL USP_InsertTransaction('2012-10-30','1','1','2','2','19','210','2.78','');
10/28/2012 02:37:35 pm: CALL USP_GetAccounts();
10/28/2012 02:37:35 pm: CALL USP_GetCurrencies();
10/28/2012 02:37:35 pm: CALL USP_GetCategories();
10/28/2012 02:37:35 pm: CALL USP_GetPayees();
10/28/2012 02:37:35 pm: CALL USP_GetCategories2();
10/28/2012 02:38:04 pm: CALL USP_GetAccounts();
10/28/2012 02:38:04 pm: CALL USP_GetCategories();
10/28/2012 02:38:04 pm: CALL USP_GetPayees();
10/28/2012 02:38:04 pm: CALL USP_GetCurrencies();
10/28/2012 02:38:04 pm: CALL USP_GetCategories2();
10/28/2012 02:40:36 pm: CALL USP_GetCurrencies();
10/28/2012 02:40:36 pm: CALL USP_GetAccounts();
10/28/2012 02:40:36 pm: CALL USP_GetCategories();
10/28/2012 02:40:36 pm: CALL USP_GetCategories2();
10/28/2012 02:40:36 pm: CALL USP_GetPayees();
10/28/2012 03:14:12 pm: CALL USP_GetAccounts();
10/28/2012 03:14:12 pm: CALL USP_GetPayees();
10/28/2012 03:14:12 pm: CALL USP_GetCategories();
10/28/2012 03:14:12 pm: CALL USP_GetCategories2();
10/28/2012 03:14:12 pm: CALL USP_GetCurrencies();
10/28/2012 03:19:59 pm: CALL USP_GetCategories2();
10/28/2012 03:19:59 pm: CALL USP_GetCategories();
10/28/2012 03:19:59 pm: CALL USP_GetPayees();
10/28/2012 03:19:59 pm: CALL USP_GetAccounts();
10/28/2012 03:19:59 pm: CALL USP_GetCurrencies();
10/28/2012 03:27:12 pm: CALL USP_GetAccounts();
10/28/2012 03:27:12 pm: CALL USP_GetCategories2();
10/28/2012 03:27:12 pm: CALL USP_GetPayees();
10/28/2012 03:27:12 pm: CALL USP_GetCurrencies();
10/28/2012 03:27:12 pm: CALL USP_GetCategories();
10/28/2012 03:27:42 pm: CALL USP_GetPayees();
10/28/2012 03:27:42 pm: CALL USP_GetAccounts();
10/28/2012 03:27:42 pm: CALL USP_GetCurrencies();
10/28/2012 03:27:42 pm: CALL USP_GetCategories2();
10/28/2012 03:27:42 pm: CALL USP_GetCategories();
10/28/2012 03:27:51 pm: CALL USP_GetAccounts();
10/28/2012 03:27:51 pm: CALL USP_GetCategories();
10/28/2012 03:27:51 pm: CALL USP_GetCategories2();
10/28/2012 03:27:51 pm: CALL USP_GetCurrencies();
10/28/2012 03:27:51 pm: CALL USP_GetPayees();
10/28/2012 03:29:08 pm: CALL USP_GetAccounts();
10/28/2012 03:29:08 pm: CALL USP_GetCurrencies();
10/28/2012 03:29:08 pm: CALL USP_GetPayees();
10/28/2012 03:29:08 pm: CALL USP_GetCategories2();
10/28/2012 03:29:08 pm: CALL USP_GetCategories();
10/28/2012 03:46:26 pm: CALL USP_GetAccounts();
10/28/2012 03:46:26 pm: CALL USP_GetCurrencies();
10/28/2012 03:46:26 pm: CALL USP_GetPayees();
10/28/2012 03:46:26 pm: CALL USP_GetCategories();
10/28/2012 03:46:26 pm: CALL USP_GetCategories2();
10/28/2012 03:49:15 pm: CALL USP_GetAccounts();
10/28/2012 03:49:15 pm: CALL USP_GetCategories();
10/28/2012 03:49:15 pm: CALL USP_GetPayees();
10/28/2012 03:49:15 pm: CALL USP_GetCategories2();
10/28/2012 03:49:15 pm: CALL USP_GetCurrencies();
10/28/2012 03:49:36 pm: CALL USP_GetAccounts();
10/28/2012 03:49:36 pm: CALL USP_GetCurrencies();
10/28/2012 03:49:36 pm: CALL USP_GetPayees();
10/28/2012 03:49:36 pm: CALL USP_GetCategories();
10/28/2012 03:49:36 pm: CALL USP_GetCategories2();
10/28/2012 03:54:53 pm: CALL USP_GetAccounts();
10/28/2012 03:54:53 pm: CALL USP_GetPayees();
10/28/2012 03:54:53 pm: CALL USP_GetCurrencies();
10/28/2012 03:54:53 pm: CALL USP_GetCategories();
10/28/2012 03:54:53 pm: CALL USP_GetCategories2();
10/28/2012 03:56:37 pm: CALL USP_GetAccounts();
10/28/2012 03:56:37 pm: CALL USP_GetCurrencies();
10/28/2012 03:56:37 pm: CALL USP_GetPayees();
10/28/2012 03:56:37 pm: CALL USP_GetCategories2();
10/28/2012 03:56:37 pm: CALL USP_GetCategories();
10/28/2012 03:57:55 pm: CALL USP_GetAccounts();
10/28/2012 03:57:55 pm: CALL USP_GetCurrencies();
10/28/2012 03:57:55 pm: CALL USP_GetCategories2();
10/28/2012 03:57:55 pm: CALL USP_GetCategories();
10/28/2012 03:57:55 pm: CALL USP_GetPayees();
10/28/2012 03:59:59 pm: CALL USP_GetCategories2();
10/28/2012 03:59:59 pm: CALL USP_GetCategories();
10/28/2012 03:59:59 pm: CALL USP_GetCurrencies();
10/28/2012 03:59:59 pm: CALL USP_GetAccounts();
10/28/2012 03:59:59 pm: CALL USP_GetPayees();
10/28/2012 04:01:48 pm: CALL USP_GetCategories();
10/28/2012 04:01:48 pm: CALL USP_GetPayees();
10/28/2012 04:01:48 pm: CALL USP_GetAccounts();
10/28/2012 04:01:48 pm: CALL USP_GetCategories2();
10/28/2012 04:01:48 pm: CALL USP_GetCurrencies();
10/28/2012 04:04:55 pm: CALL USP_GetPayees();
10/28/2012 04:04:55 pm: CALL USP_GetCurrencies();
10/28/2012 04:04:55 pm: CALL USP_GetAccounts();
10/28/2012 04:04:55 pm: CALL USP_GetCategories();
10/28/2012 04:04:55 pm: CALL USP_GetCategories2();
10/28/2012 04:06:52 pm: CALL USP_GetCategories();
10/28/2012 04:06:52 pm: CALL USP_GetCategories2();
10/28/2012 04:06:52 pm: CALL USP_GetCurrencies();
10/28/2012 04:06:52 pm: CALL USP_GetPayees();
10/28/2012 04:06:52 pm: CALL USP_GetAccounts();
10/28/2012 04:07:32 pm: CALL USP_GetCurrencies();
10/28/2012 04:07:32 pm: CALL USP_GetCategories2();
10/28/2012 04:07:32 pm: CALL USP_GetPayees();
10/28/2012 04:07:32 pm: CALL USP_GetCategories();
10/28/2012 04:07:32 pm: CALL USP_GetAccounts();
10/28/2012 04:08:17 pm: CALL USP_GetAccounts();
10/28/2012 04:08:20 pm: CALL USP_GetCurrencies();
10/28/2012 04:08:22 pm: CALL USP_GetPayees();
10/28/2012 04:08:22 pm: CALL USP_GetCategories2();
10/28/2012 04:08:23 pm: CALL USP_GetCategories();
10/28/2012 04:12:27 pm: CALL USP_InsertCurrency ('Test','S');
10/28/2012 04:13:07 pm: CALL USP_GetCurrencies();
10/28/2012 04:13:22 pm: CALL USP_InsertCurrency ('Test2','S');
10/28/2012 04:13:22 pm: CALL USP_GetCurrencies();
10/28/2012 04:13:25 pm: CALL USP_InsertCurrency ('Test23','S');
10/28/2012 04:13:25 pm: CALL USP_GetCurrencies();
10/28/2012 04:13:26 pm: CALL USP_InsertCurrency ('Test234','S');
10/28/2012 04:13:26 pm: CALL USP_GetCurrencies();
10/28/2012 04:13:49 pm: CALL USP_GetCurrencies();
10/28/2012 04:13:49 pm: CALL USP_GetCategories2();
10/28/2012 04:13:49 pm: CALL USP_GetAccounts();
10/28/2012 04:13:49 pm: CALL USP_GetPayees();
10/28/2012 04:13:49 pm: CALL USP_GetCategories();
10/28/2012 04:14:42 pm: CALL USP_GetAccounts();
10/28/2012 04:14:42 pm: CALL USP_GetPayees();
10/28/2012 04:14:42 pm: CALL USP_GetCategories2();
10/28/2012 04:14:42 pm: CALL USP_GetCategories();
10/28/2012 04:14:42 pm: CALL USP_GetCurrencies();
10/28/2012 04:14:48 pm: CALL USP_InsertCategory ('Test');
10/28/2012 04:14:48 pm: CALL USP_GetCategories();
10/28/2012 04:16:17 pm: CALL USP_InsertCategory ('a');
10/28/2012 04:16:17 pm: CALL USP_GetCategories();
10/28/2012 04:25:52 pm: CALL USP_GetPayees();
10/28/2012 04:25:52 pm: CALL USP_GetAccounts();
10/28/2012 04:25:52 pm: CALL USP_GetCurrencies();
10/28/2012 04:25:52 pm: CALL USP_GetCategories();
10/28/2012 04:25:52 pm: CALL USP_GetCategories2();
10/28/2012 04:26:11 pm: CALL USP_GetCurrencies();
10/28/2012 04:26:11 pm: CALL USP_GetCategories();
10/28/2012 04:26:11 pm: CALL USP_GetPayees();
10/28/2012 04:26:11 pm: CALL USP_GetCategories2();
10/28/2012 04:26:11 pm: CALL USP_GetAccounts();
10/28/2012 04:26:45 pm: CALL USP_GetCurrencies();
10/28/2012 04:26:45 pm: CALL USP_GetAccounts();
10/28/2012 04:26:45 pm: CALL USP_GetCategories();
10/28/2012 04:26:45 pm: CALL USP_GetPayees();
10/28/2012 04:26:45 pm: CALL USP_GetCategories2();
10/28/2012 04:26:49 pm: CALL USP_InsertCategory ('a');
10/28/2012 04:26:49 pm: CALL USP_GetCategories();
10/28/2012 04:28:44 pm: CALL USP_GetAccounts();
10/28/2012 04:28:44 pm: CALL USP_GetPayees();
10/28/2012 04:28:44 pm: CALL USP_GetCategories();
10/28/2012 04:28:44 pm: CALL USP_GetCategories2();
10/28/2012 04:28:44 pm: CALL USP_GetCurrencies();
10/28/2012 04:28:46 pm: CALL USP_InsertCategory ('a');
10/28/2012 04:28:46 pm: CALL USP_GetCategories ()
10/28/2012 04:28:46 pm: CALL USP_GetCategories();
10/28/2012 04:29:27 pm: CALL USP_InsertSubCategory ('33','a');
10/28/2012 04:29:27 pm: CALL USP_GetCategories2();
10/28/2012 04:30:24 pm: CALL USP_GetAccounts();
10/28/2012 04:30:25 pm: CALL USP_GetCurrencies();
10/28/2012 04:30:26 pm: CALL USP_GetPayees();
10/28/2012 04:30:27 pm: CALL USP_GetCategories();
10/28/2012 04:30:28 pm: CALL USP_GetCategories2();
10/28/2012 04:32:40 pm: CALL USP_InsertSubCategory ('33','a');
10/28/2012 04:33:48 pm: CALL USP_InsertSubCategory ('33','b');
10/28/2012 04:33:49 pm: CALL USP_GetCategories2();
10/28/2012 04:33:49 pm: CALL USP_GetCategories2();
10/28/2012 04:34:28 pm: CALL USP_GetAccounts();
10/28/2012 04:34:29 pm: CALL USP_GetCurrencies();
10/28/2012 04:34:30 pm: CALL USP_GetPayees();
10/28/2012 04:34:31 pm: CALL USP_GetCategories2();
10/28/2012 04:34:32 pm: CALL USP_GetCategories();
10/28/2012 04:36:50 pm: CALL USP_InsertSubCategory ('33','a');
10/28/2012 04:38:46 pm: CALL USP_GetCategories2();
10/28/2012 04:39:24 pm: CALL USP_GetCurrencies();
10/28/2012 04:39:25 pm: CALL USP_GetCategories();
10/28/2012 04:39:26 pm: CALL USP_GetPayees();
10/28/2012 04:39:26 pm: CALL USP_GetCategories2();
10/28/2012 04:39:27 pm: CALL USP_GetAccounts();
10/28/2012 04:39:57 pm: CALL USP_InsertSubCategory ('33','a');
10/28/2012 05:26:13 pm: CALL USP_GetCategories2();
10/28/2012 05:28:04 pm: CALL USP_InsertSubCategory ('33','b');
10/28/2012 05:28:04 pm: CALL USP_GetCategories2();
10/28/2012 05:29:25 pm: CALL USP_GetCategories2();
10/28/2012 05:29:25 pm: CALL USP_GetPayees();
10/28/2012 05:29:25 pm: CALL USP_GetCategories();
10/28/2012 05:29:25 pm: CALL USP_GetAccounts();
10/28/2012 05:29:25 pm: CALL USP_GetCurrencies();
10/28/2012 05:29:36 pm: CALL USP_InsertSubCategory ('33','a');
10/28/2012 05:29:36 pm: CALL USP_GetCategories2();
10/28/2012 05:29:59 pm: CALL USP_GetCategories();
10/28/2012 05:29:59 pm: CALL USP_GetAccounts();
10/28/2012 05:29:59 pm: CALL USP_GetCurrencies();
10/28/2012 05:29:59 pm: CALL USP_GetPayees();
10/28/2012 05:29:59 pm: CALL USP_GetCategories2();
10/28/2012 05:30:06 pm: CALL USP_InsertSubCategory ('33','b');
10/28/2012 05:30:06 pm: CALL USP_GetCategories2();
10/28/2012 05:30:25 pm: CALL USP_GetAccounts();
10/28/2012 05:30:25 pm: CALL USP_GetCurrencies();
10/28/2012 05:30:25 pm: CALL USP_GetPayees();
10/28/2012 05:30:25 pm: CALL USP_GetCategories2();
10/28/2012 05:30:25 pm: CALL USP_GetCategories();
10/28/2012 05:30:32 pm: CALL USP_GetCategories2();
10/28/2012 05:30:32 pm: CALL USP_GetCategories();
10/28/2012 05:30:32 pm: CALL USP_GetAccounts();
10/28/2012 05:30:32 pm: CALL USP_GetPayees();
10/28/2012 05:30:32 pm: CALL USP_GetCurrencies();
10/28/2012 05:30:39 pm: CALL USP_InsertSubCategory ('33','c');
10/28/2012 05:30:39 pm: CALL USP_GetCategories2();
10/28/2012 05:32:56 pm: CALL USP_InsertPayee ('1st payee');
10/28/2012 05:32:56 pm: CALL USP_GetPayees ()
10/28/2012 05:32:56 pm: CALL USP_GetPayees();
10/28/2012 05:35:20 pm: CALL USP_InsertSubCategory ('33','d');
10/28/2012 05:35:20 pm: CALL USP_GetCategories2 ()
10/28/2012 05:35:20 pm: CALL USP_GetCategories2();
10/28/2012 05:36:42 pm: CALL USP_GetCategories2 ()
10/28/2012 05:36:43 pm: CALL USP_GetCategories ()
10/28/2012 05:37:52 pm: CALL USP_GetAccounts();
10/28/2012 05:37:52 pm: CALL USP_GetCurrencies();
10/28/2012 05:37:52 pm: CALL USP_GetCategories();
10/28/2012 05:37:52 pm: CALL USP_GetPayees();
10/28/2012 05:37:52 pm: CALL USP_GetCategories2();
10/28/2012 05:38:04 pm: CALL USP_GetCategories();
10/28/2012 05:38:04 pm: CALL USP_GetAccounts();
10/28/2012 05:38:04 pm: CALL USP_GetPayees();
10/28/2012 05:38:04 pm: CALL USP_GetCurrencies();
10/28/2012 05:38:04 pm: CALL USP_GetCategories2();
10/28/2012 05:53:23 pm: CALL USP_GetCurrencies();
10/28/2012 05:53:23 pm: CALL USP_GetAccounts();
10/28/2012 05:53:23 pm: CALL USP_GetPayees();
10/28/2012 05:53:23 pm: CALL USP_GetCategories2();
10/28/2012 05:53:23 pm: CALL USP_GetCategories();
10/28/2012 09:27:44 pm: CALL USP_GetAccounts();
10/28/2012 09:27:44 pm: CALL USP_GetCategories2();
10/28/2012 09:27:44 pm: CALL USP_GetPayees();
10/28/2012 09:27:44 pm: CALL USP_GetCurrencies();
10/28/2012 09:27:44 pm: CALL USP_GetCategories();
10/28/2012 09:27:59 pm: CALL USP_InsertTransaction('2012-10-28','1','1','3','23','105','135','-300','');
10/28/2012 09:27:59 pm: CALL USP_InsertTransaction('2012-10-28','1','1','3','23','105','135','-300','');
10/28/2012 09:27:59 pm: CALL USP_InsertTransaction('2012-10-28','6','1','3','23','105','135','300','');
10/28/2012 09:27:59 pm: CALL USP_InsertTransaction('2012-10-28','6','1','3','23','105','135','300','');
10/28/2012 09:28:03 pm: CALL USP_GetAccounts();
10/28/2012 09:28:03 pm: CALL USP_GetPayees();
10/28/2012 09:28:03 pm: CALL USP_GetCurrencies();
10/28/2012 09:28:03 pm: CALL USP_GetCategories();
10/28/2012 09:28:03 pm: CALL USP_GetCategories2();
