10/09/2012 07:14:14 pm: CALL USP_GetPayees();
10/09/2012 07:14:14 pm: CALL USP_GetCategories2();
10/09/2012 07:14:14 pm: CALL USP_GetCategories();
10/09/2012 07:14:14 pm: CALL USP_GetCurrencies();
10/09/2012 07:14:14 pm: CALL USP_GetAccounts();
10/09/2012 07:14:16 pm: CALL USP_GetAccounts();
10/09/2012 07:14:16 pm: CALL USP_GetCurrencies();
10/09/2012 07:14:16 pm: CALL USP_GetCategories();
10/09/2012 07:14:16 pm: CALL USP_GetPayees();
10/09/2012 07:14:16 pm: CALL USP_GetCategories2();
10/09/2012 07:14:36 pm: CALL USP_GetAccounts();
10/09/2012 07:14:37 pm: CALL USP_GetCategories();
10/09/2012 07:14:37 pm: CALL USP_GetPayees();
10/09/2012 07:14:37 pm: CALL USP_GetCurrencies();
10/09/2012 07:14:37 pm: CALL USP_GetCategories2();
10/09/2012 07:14:43 pm: CALL USP_GetAccounts();
10/09/2012 07:14:43 pm: CALL USP_GetCurrencies();
10/09/2012 07:14:43 pm: CALL USP_GetCategories();
10/09/2012 07:14:43 pm: CALL USP_GetPayees();
10/09/2012 07:14:43 pm: CALL USP_GetCategories2();
10/09/2012 07:15:08 pm: CALL USP_GetAccounts();
10/09/2012 07:15:08 pm: CALL USP_GetCurrencies();
10/09/2012 07:15:08 pm: CALL USP_GetPayees();
10/09/2012 07:15:08 pm: CALL USP_GetCategories();
10/09/2012 07:15:08 pm: CALL USP_GetCategories2();
10/09/2012 07:15:12 pm: CALL USP_GetPayees();
10/09/2012 07:15:12 pm: CALL USP_GetAccounts();
10/09/2012 07:15:12 pm: CALL USP_GetCurrencies();
10/09/2012 07:15:12 pm: CALL USP_GetCategories();
10/09/2012 07:15:12 pm: CALL USP_GetCategories2();
10/09/2012 07:19:20 pm: CALL USP_GetAccounts();
10/09/2012 07:19:20 pm: CALL USP_GetCurrencies();
10/09/2012 07:19:20 pm: CALL USP_GetCategories();
10/09/2012 07:19:20 pm: CALL USP_GetPayees();
10/09/2012 07:19:20 pm: CALL USP_GetCategories2();
10/09/2012 07:19:59 pm: CALL USP_InsertTransaction('2012-10-09','1','1','1','28','126','144','-1464.17','');
10/09/2012 07:19:59 pm: CALL USP_InsertTransaction('2012-10-09','1','1','1','28','126','144','-1464.17','');
10/09/2012 07:20:23 pm: CALL USP_InsertTransaction('2012-10-09','5','1','3','23','100','135','-600','');
10/09/2012 07:20:23 pm: CALL USP_InsertTransaction('2012-10-09','5','1','3','23','100','135','-600','');
10/09/2012 07:20:23 pm: CALL USP_InsertTransaction('2012-10-09','1','1','3','23','100','135','600','');
10/09/2012 07:20:23 pm: CALL USP_InsertTransaction('2012-10-09','1','1','3','23','100','135','600','');
10/09/2012 07:20:26 pm: CALL USP_GetAccounts();
10/09/2012 07:20:26 pm: CALL USP_GetCategories2();
10/09/2012 07:20:26 pm: CALL USP_GetCurrencies();
10/09/2012 07:20:26 pm: CALL USP_GetPayees();
10/09/2012 07:20:26 pm: CALL USP_GetCategories();
10/09/2012 07:20:27 pm: CALL USP_GetCurrencies();
10/09/2012 07:20:27 pm: CALL USP_GetAccounts();
10/09/2012 07:20:27 pm: CALL USP_GetCategories();
10/09/2012 07:20:27 pm: CALL USP_GetCategories2();
10/09/2012 07:20:27 pm: CALL USP_GetPayees();
10/09/2012 07:20:28 pm: CALL USP_GetAccounts();
10/09/2012 07:20:28 pm: CALL USP_GetCurrencies();
10/09/2012 07:20:28 pm: CALL USP_GetPayees();
10/09/2012 07:20:28 pm: CALL USP_GetCategories();
10/09/2012 07:20:28 pm: CALL USP_GetCategories2();
10/09/2012 07:20:43 pm: CALL USP_GetAccounts();
10/09/2012 07:20:43 pm: CALL USP_GetCurrencies();
10/09/2012 07:20:43 pm: CALL USP_GetPayees();
10/09/2012 07:20:43 pm: CALL USP_GetCategories();
10/09/2012 07:20:43 pm: CALL USP_GetCategories2();
10/09/2012 09:31:02 pm: CALL USP_GetCurrencies();
10/09/2012 09:31:02 pm: CALL USP_GetAccounts();
10/09/2012 09:31:02 pm: CALL USP_GetCategories();
10/09/2012 09:31:02 pm: CALL USP_GetCategories2();
10/09/2012 09:31:02 pm: CALL USP_GetPayees();
