08/16/2012 09:00:07 am: CALL USP_GetPayees();
08/16/2012 09:00:07 am: CALL USP_GetCategories2();
08/16/2012 09:00:07 am: CALL USP_GetCategories();
08/16/2012 09:00:07 am: CALL USP_GetCurrencies();
08/16/2012 09:00:07 am: CALL USP_GetAccounts();
08/16/2012 09:05:29 am: CALL USP_GetAccounts();
08/16/2012 09:05:29 am: CALL USP_GetCurrencies();
08/16/2012 09:05:29 am: CALL USP_GetCategories2();
08/16/2012 09:05:29 am: CALL USP_GetCategories();
08/16/2012 09:05:29 am: CALL USP_GetPayees();
08/16/2012 09:38:47 am: CALL USP_GetAccounts();
08/16/2012 09:38:47 am: CALL USP_GetCurrencies();
08/16/2012 09:38:47 am: CALL USP_GetPayees();
08/16/2012 09:38:47 am: CALL USP_GetCategories();
08/16/2012 09:38:47 am: CALL USP_GetCategories2();
08/16/2012 09:40:47 am: CALL USP_GetAccounts();
08/16/2012 09:40:47 am: CALL USP_GetCurrencies();
08/16/2012 09:40:47 am: CALL USP_GetPayees();
08/16/2012 09:40:47 am: CALL USP_GetCategories();
08/16/2012 09:40:47 am: CALL USP_GetCategories2();
08/16/2012 09:42:08 am: CALL USP_GetAccounts();
08/16/2012 09:42:08 am: CALL USP_GetPayees();
08/16/2012 09:42:08 am: CALL USP_GetCurrencies();
08/16/2012 09:42:08 am: CALL USP_GetCategories();
08/16/2012 09:42:08 am: CALL USP_GetCategories2();
08/16/2012 09:57:27 am: CALL USP_GetAccounts();
08/16/2012 09:57:27 am: CALL USP_GetCurrencies();
08/16/2012 09:57:27 am: CALL USP_GetPayees();
08/16/2012 09:57:27 am: CALL USP_GetCategories2();
08/16/2012 09:57:27 am: CALL USP_GetCategories();
08/16/2012 10:09:19 am: CALL USP_GetCurrencies();
08/16/2012 10:09:19 am: CALL USP_GetAccounts();
08/16/2012 10:09:19 am: CALL USP_GetCategories2();
08/16/2012 10:09:19 am: CALL USP_GetPayees();
08/16/2012 10:09:19 am: CALL USP_GetCategories();
08/16/2012 12:58:33 pm: CALL USP_GetAccounts();
08/16/2012 12:58:33 pm: CALL USP_GetCurrencies();
08/16/2012 12:58:33 pm: CALL USP_GetCategories();
08/16/2012 12:58:33 pm: CALL USP_GetPayees();
08/16/2012 12:58:33 pm: CALL USP_GetCategories2();
08/16/2012 12:59:19 pm: CALL USP_GetAccounts();
08/16/2012 12:59:19 pm: CALL USP_GetCurrencies();
08/16/2012 12:59:19 pm: CALL USP_GetPayees();
08/16/2012 12:59:19 pm: CALL USP_GetCategories();
08/16/2012 12:59:19 pm: CALL USP_GetCategories2();
08/16/2012 01:04:30 pm: CALL USP_GetCurrencies();
08/16/2012 01:04:30 pm: CALL USP_GetAccounts();
08/16/2012 01:04:30 pm: CALL USP_GetPayees();
08/16/2012 01:04:31 pm: CALL USP_GetCategories2();
08/16/2012 01:04:31 pm: CALL USP_GetCategories();
08/16/2012 01:05:13 pm: CALL USP_GetAccounts();
08/16/2012 01:05:13 pm: CALL USP_GetPayees();
08/16/2012 01:05:13 pm: CALL USP_GetCurrencies();
08/16/2012 01:05:13 pm: CALL USP_GetCategories();
08/16/2012 01:05:13 pm: CALL USP_GetCategories2();
08/16/2012 01:05:14 pm: CALL USP_GetCurrencies();
08/16/2012 01:05:14 pm: CALL USP_GetCategories();
08/16/2012 01:05:14 pm: CALL USP_GetAccounts();
08/16/2012 01:05:14 pm: CALL USP_GetCategories2();
08/16/2012 01:05:14 pm: CALL USP_GetPayees();
08/16/2012 01:05:26 pm: CALL USP_GetAccounts();
08/16/2012 01:05:26 pm: CALL USP_GetCategories2();
08/16/2012 01:05:26 pm: CALL USP_GetCategories();
08/16/2012 01:05:26 pm: CALL USP_GetPayees();
08/16/2012 01:05:26 pm: CALL USP_GetCurrencies();
08/16/2012 01:05:38 pm: CALL USP_GetAccounts();
08/16/2012 01:05:38 pm: CALL USP_GetCurrencies();
08/16/2012 01:05:38 pm: CALL USP_GetPayees();
08/16/2012 01:05:38 pm: CALL USP_GetCategories2();
08/16/2012 01:05:38 pm: CALL USP_GetCategories();
08/16/2012 01:06:31 pm: CALL USP_GetAccounts();
08/16/2012 01:06:31 pm: CALL USP_GetCurrencies();
08/16/2012 01:06:31 pm: CALL USP_GetPayees();
08/16/2012 01:06:32 pm: CALL USP_GetCategories();
08/16/2012 01:06:32 pm: CALL USP_GetCategories2();
08/16/2012 01:06:51 pm: CALL USP_GetAccounts();
08/16/2012 01:06:51 pm: CALL USP_GetCurrencies();
08/16/2012 01:06:51 pm: CALL USP_GetCategories();
08/16/2012 01:06:51 pm: CALL USP_GetCategories2();
08/16/2012 01:06:51 pm: CALL USP_GetPayees();
08/16/2012 01:07:15 pm: CALL USP_GetAccounts();
08/16/2012 01:07:15 pm: CALL USP_GetPayees();
08/16/2012 01:07:15 pm: CALL USP_GetCategories();
08/16/2012 01:07:15 pm: CALL USP_GetCategories2();
08/16/2012 01:07:15 pm: CALL USP_GetCurrencies();
08/16/2012 01:07:29 pm: CALL USP_GetAccounts();
08/16/2012 01:07:29 pm: CALL USP_GetCurrencies();
08/16/2012 01:07:29 pm: CALL USP_GetPayees();
08/16/2012 01:07:29 pm: CALL USP_GetCategories();
08/16/2012 01:07:29 pm: CALL USP_GetCategories2();
08/16/2012 01:08:12 pm: CALL USP_GetAccounts();
08/16/2012 01:08:12 pm: CALL USP_GetPayees();
08/16/2012 01:08:12 pm: CALL USP_GetCategories();
08/16/2012 01:08:12 pm: CALL USP_GetCategories2();
08/16/2012 01:08:12 pm: CALL USP_GetCurrencies();
08/16/2012 01:08:25 pm: CALL USP_GetAccounts();
08/16/2012 01:08:25 pm: CALL USP_GetCurrencies();
08/16/2012 01:08:25 pm: CALL USP_GetPayees();
08/16/2012 01:08:25 pm: CALL USP_GetCategories();
08/16/2012 01:08:25 pm: CALL USP_GetCategories2();
08/16/2012 01:08:57 pm: CALL USP_GetAccounts();
08/16/2012 01:08:57 pm: CALL USP_GetPayees();
08/16/2012 01:08:57 pm: CALL USP_GetCurrencies();
08/16/2012 01:08:57 pm: CALL USP_GetCategories();
08/16/2012 01:08:57 pm: CALL USP_GetCategories2();
08/16/2012 01:11:07 pm: CALL USP_GetAccounts();
08/16/2012 01:11:07 pm: CALL USP_GetPayees();
08/16/2012 01:11:07 pm: CALL USP_GetCategories2();
08/16/2012 01:11:07 pm: CALL USP_GetCategories();
08/16/2012 01:11:07 pm: CALL USP_GetCurrencies();
08/16/2012 01:11:31 pm: CALL USP_GetAccounts();
08/16/2012 01:11:31 pm: CALL USP_GetCurrencies();
08/16/2012 01:11:31 pm: CALL USP_GetPayees();
08/16/2012 01:11:31 pm: CALL USP_GetCategories();
08/16/2012 01:11:31 pm: CALL USP_GetCategories2();
08/16/2012 01:12:22 pm: CALL USP_GetAccounts();
08/16/2012 01:12:23 pm: CALL USP_GetPayees();
08/16/2012 01:12:23 pm: CALL USP_GetCategories2();
08/16/2012 01:12:23 pm: CALL USP_GetCurrencies();
08/16/2012 01:12:23 pm: CALL USP_GetCategories();
08/16/2012 01:12:41 pm: CALL USP_GetAccounts();
08/16/2012 01:12:41 pm: CALL USP_GetCurrencies();
08/16/2012 01:12:41 pm: CALL USP_GetPayees();
08/16/2012 01:12:41 pm: CALL USP_GetCategories();
08/16/2012 01:12:41 pm: CALL USP_GetCategories2();
08/16/2012 01:12:57 pm: CALL USP_GetAccounts();
08/16/2012 01:12:57 pm: CALL USP_GetCurrencies();
08/16/2012 01:12:57 pm: CALL USP_GetPayees();
08/16/2012 01:12:57 pm: CALL USP_GetCategories();
08/16/2012 01:12:57 pm: CALL USP_GetCategories2();
08/16/2012 01:13:06 pm: CALL USP_GetAccounts();
08/16/2012 01:13:06 pm: CALL USP_GetCurrencies();
08/16/2012 01:13:06 pm: CALL USP_GetPayees();
08/16/2012 01:13:06 pm: CALL USP_GetCategories();
08/16/2012 01:13:06 pm: CALL USP_GetCategories2();
08/16/2012 01:13:45 pm: CALL USP_GetCurrencies();
08/16/2012 01:13:45 pm: CALL USP_GetAccounts();
08/16/2012 01:13:45 pm: CALL USP_GetPayees();
08/16/2012 01:13:45 pm: CALL USP_GetCategories2();
08/16/2012 01:13:45 pm: CALL USP_GetCategories();
08/16/2012 01:14:29 pm: CALL USP_GetCurrencies();
08/16/2012 01:14:29 pm: CALL USP_GetAccounts();
08/16/2012 01:14:29 pm: CALL USP_GetCategories2();
08/16/2012 01:14:29 pm: CALL USP_GetCategories();
08/16/2012 01:14:29 pm: CALL USP_GetPayees();
08/16/2012 01:14:46 pm: CALL USP_GetCurrencies();
08/16/2012 01:14:46 pm: CALL USP_GetPayees();
08/16/2012 01:14:46 pm: CALL USP_GetAccounts();
08/16/2012 01:14:46 pm: CALL USP_GetCategories2();
08/16/2012 01:14:46 pm: CALL USP_GetCategories();
08/16/2012 05:52:26 pm: CALL USP_GetAccounts();
08/16/2012 05:52:26 pm: CALL USP_GetCurrencies();
08/16/2012 05:52:26 pm: CALL USP_GetCategories();
08/16/2012 05:52:26 pm: CALL USP_GetPayees();
08/16/2012 05:52:26 pm: CALL USP_GetCategories2();
08/16/2012 05:52:52 pm: CALL USP_GetCurrencies();
08/16/2012 05:52:52 pm: CALL USP_GetAccounts();
08/16/2012 05:52:52 pm: CALL USP_GetPayees();
08/16/2012 05:52:53 pm: CALL USP_GetCategories();
08/16/2012 05:52:53 pm: CALL USP_GetCategories2();
08/16/2012 05:53:05 pm: CALL USP_GetAccounts();
08/16/2012 05:53:05 pm: CALL USP_GetPayees();
08/16/2012 05:53:05 pm: CALL USP_GetCurrencies();
08/16/2012 05:53:05 pm: CALL USP_GetCategories();
08/16/2012 05:53:05 pm: CALL USP_GetCategories2();
08/16/2012 05:53:19 pm: CALL USP_GetAccounts();
08/16/2012 05:53:19 pm: CALL USP_GetCurrencies();
08/16/2012 05:53:19 pm: CALL USP_GetPayees();
08/16/2012 05:53:19 pm: CALL USP_GetCategories2();
08/16/2012 05:53:19 pm: CALL USP_GetCategories();
08/16/2012 05:53:33 pm: CALL USP_GetCurrencies();
08/16/2012 05:53:33 pm: CALL USP_GetAccounts();
08/16/2012 05:53:33 pm: CALL USP_GetCategories();
08/16/2012 05:53:33 pm: CALL USP_GetCategories2();
08/16/2012 05:53:33 pm: CALL USP_GetPayees();
08/16/2012 05:54:10 pm: CALL USP_GetAccounts();
08/16/2012 05:54:10 pm: CALL USP_GetCurrencies();
08/16/2012 05:54:10 pm: CALL USP_GetPayees();
08/16/2012 05:54:10 pm: CALL USP_GetCategories2();
08/16/2012 05:54:10 pm: CALL USP_GetCategories();
08/16/2012 07:30:25 pm: CALL USP_GetCategories2();
08/16/2012 07:30:25 pm: CALL USP_GetPayees();
08/16/2012 07:30:25 pm: CALL USP_GetCategories();
08/16/2012 07:30:25 pm: CALL USP_GetCurrencies();
08/16/2012 07:30:25 pm: CALL USP_GetAccounts();
08/16/2012 07:55:59 pm: CALL USP_GetAccounts();
08/16/2012 07:55:59 pm: CALL USP_GetCurrencies();
08/16/2012 07:55:59 pm: CALL USP_GetCategories();
08/16/2012 07:55:59 pm: CALL USP_GetPayees();
08/16/2012 07:55:59 pm: CALL USP_GetCategories2();
08/16/2012 07:57:24 pm: CALL USP_GetAccounts();
08/16/2012 07:57:24 pm: CALL USP_GetPayees();
08/16/2012 07:57:24 pm: CALL USP_GetCurrencies();
08/16/2012 07:57:24 pm: CALL USP_GetCategories2();
08/16/2012 07:57:24 pm: CALL USP_GetCategories();
08/16/2012 07:57:31 pm: CALL USP_GetAccounts();
08/16/2012 07:57:31 pm: CALL USP_GetCurrencies();
08/16/2012 07:57:31 pm: CALL USP_GetCategories2();
08/16/2012 07:57:31 pm: CALL USP_GetCategories();
08/16/2012 07:57:31 pm: CALL USP_GetPayees();
08/16/2012 07:57:56 pm: CALL USP_GetCategories();
08/16/2012 07:57:56 pm: CALL USP_GetPayees();
08/16/2012 07:57:56 pm: CALL USP_GetCurrencies();
08/16/2012 07:57:56 pm: CALL USP_GetAccounts();
08/16/2012 07:57:56 pm: CALL USP_GetCategories2();
08/16/2012 07:58:25 pm: CALL USP_GetCurrencies();
08/16/2012 07:58:25 pm: CALL USP_GetAccounts();
08/16/2012 07:58:25 pm: CALL USP_GetPayees();
08/16/2012 07:58:25 pm: CALL USP_GetCategories2();
08/16/2012 07:58:25 pm: CALL USP_GetCategories();
08/16/2012 09:15:54 pm: CALL USP_GetAccounts();
08/16/2012 09:15:54 pm: CALL USP_GetCurrencies();
08/16/2012 09:15:54 pm: CALL USP_GetPayees();
08/16/2012 09:15:54 pm: CALL USP_GetCategories();
08/16/2012 09:15:54 pm: CALL USP_GetCategories2();
08/16/2012 09:33:50 pm: CALL USP_GetAccounts();
08/16/2012 09:33:50 pm: CALL USP_GetPayees();
08/16/2012 09:33:50 pm: CALL USP_GetCurrencies();
08/16/2012 09:33:50 pm: CALL USP_GetCategories();
08/16/2012 09:33:50 pm: CALL USP_GetCategories2();
08/16/2012 09:34:07 pm: CALL USP_GetAccounts();
08/16/2012 09:34:08 pm: CALL USP_GetCurrencies();
08/16/2012 09:34:08 pm: CALL USP_GetCategories();
08/16/2012 09:34:08 pm: CALL USP_GetPayees();
08/16/2012 09:34:08 pm: CALL USP_GetCategories2();
08/16/2012 09:34:42 pm: CALL USP_GetCurrencies();
08/16/2012 09:34:42 pm: CALL USP_GetAccounts();
08/16/2012 09:34:42 pm: CALL USP_GetPayees();
08/16/2012 09:34:42 pm: CALL USP_GetCategories();
08/16/2012 09:34:42 pm: CALL USP_GetCategories2();
08/16/2012 09:34:50 pm: CALL USP_GetAccounts();
08/16/2012 09:34:50 pm: CALL USP_GetCurrencies();
08/16/2012 09:34:50 pm: CALL USP_GetPayees();
08/16/2012 09:34:50 pm: CALL USP_GetCategories();
08/16/2012 09:34:50 pm: CALL USP_GetCategories2();
08/16/2012 09:34:56 pm: CALL USP_GetNumberOfRowsUsingFilters_Transactions (1,null,null,null,null,null,'1990-01-01','2100-01-01');
08/16/2012 09:34:56 pm: call USP_GetTransactions(0,20,1,null,null,null,null,null,'1990-01-01','2100-01-01');
08/16/2012 09:34:57 pm: CALL USP_GetPayees();
08/16/2012 09:34:57 pm: CALL USP_GetCurrencies();
08/16/2012 09:34:57 pm: CALL USP_GetCategories();
08/16/2012 09:34:57 pm: CALL USP_GetCategories2();
08/16/2012 09:34:57 pm: CALL USP_GetAccounts();
08/16/2012 09:35:07 pm: CALL USP_GetCurrencies();
08/16/2012 09:35:07 pm: CALL USP_GetPayees();
08/16/2012 09:35:07 pm: CALL USP_GetCategories2();
08/16/2012 09:35:07 pm: CALL USP_GetCategories();
08/16/2012 09:35:07 pm: CALL USP_GetAccounts();
08/16/2012 09:36:04 pm: CALL USP_GetPayees();
08/16/2012 09:36:04 pm: CALL USP_GetAccounts();
08/16/2012 09:36:04 pm: CALL USP_GetCurrencies();
08/16/2012 09:36:04 pm: CALL USP_GetCategories2();
08/16/2012 09:36:04 pm: CALL USP_GetCategories();
08/16/2012 09:36:06 pm: CALL USP_GetAccounts();
08/16/2012 09:36:06 pm: CALL USP_GetCurrencies();
08/16/2012 09:36:06 pm: CALL USP_GetCategories();
08/16/2012 09:36:06 pm: CALL USP_GetPayees();
08/16/2012 09:36:06 pm: CALL USP_GetCategories2();
08/16/2012 09:36:57 pm: CALL USP_GetAccounts();
08/16/2012 09:36:57 pm: CALL USP_GetCurrencies();
08/16/2012 09:36:57 pm: CALL USP_GetPayees();
08/16/2012 09:36:57 pm: CALL USP_GetCategories();
08/16/2012 09:36:57 pm: CALL USP_GetCategories2();
08/16/2012 09:37:07 pm: CALL USP_GetCategories();
08/16/2012 09:37:07 pm: CALL USP_GetCurrencies();
08/16/2012 09:37:07 pm: CALL USP_GetPayees();
08/16/2012 09:37:07 pm: CALL USP_GetAccounts();
08/16/2012 09:37:07 pm: CALL USP_GetCategories2();
08/16/2012 09:37:40 pm: CALL USP_GetAccounts();
08/16/2012 09:37:40 pm: CALL USP_GetCurrencies();
08/16/2012 09:37:40 pm: CALL USP_GetPayees();
08/16/2012 09:37:40 pm: CALL USP_GetCategories();
08/16/2012 09:37:40 pm: CALL USP_GetCategories2();
08/16/2012 09:41:38 pm: CALL USP_GetAccounts();
08/16/2012 09:41:38 pm: CALL USP_GetCategories();
08/16/2012 09:41:38 pm: CALL USP_GetCurrencies();
08/16/2012 09:41:38 pm: CALL USP_GetPayees();
08/16/2012 09:41:38 pm: CALL USP_GetCategories2();
08/16/2012 09:56:25 pm: CALL USP_GetAccounts();
08/16/2012 09:56:25 pm: CALL USP_GetPayees();
08/16/2012 09:56:25 pm: CALL USP_GetCurrencies();
08/16/2012 09:56:25 pm: CALL USP_GetCategories();
08/16/2012 09:56:26 pm: CALL USP_GetCategories2();
08/16/2012 09:58:33 pm: CALL USP_GetAccounts();
08/16/2012 09:58:33 pm: CALL USP_GetCurrencies();
08/16/2012 09:58:33 pm: CALL USP_GetPayees();
08/16/2012 09:58:33 pm: CALL USP_GetCategories();
08/16/2012 09:58:33 pm: CALL USP_GetCategories2();
08/16/2012 09:58:47 pm: CALL USP_GetNumberOfRowsUsingFilters_Transactions (1,null,null,null,null,null,'1990-01-01','2100-01-01');
08/16/2012 09:58:47 pm: call USP_GetTransactions(0,20,1,null,null,null,null,null,'1990-01-01','2100-01-01');
08/16/2012 09:58:48 pm: CALL USP_GetCurrencies();
08/16/2012 09:58:48 pm: CALL USP_GetCategories();
08/16/2012 09:58:48 pm: CALL USP_GetPayees();
08/16/2012 09:58:48 pm: CALL USP_GetAccounts();
08/16/2012 09:58:48 pm: CALL USP_GetCategories2();
08/16/2012 09:59:54 pm: CALL USP_GetNumberOfRowsUsingFilters_Transactions (1,null,null,null,null,null,'1990-01-01','2100-01-01');
08/16/2012 09:59:54 pm: call USP_GetTransactions(0,20,1,null,null,null,null,null,'1990-01-01','2100-01-01');
08/16/2012 09:59:55 pm: CALL USP_GetAccounts();
08/16/2012 09:59:55 pm: CALL USP_GetCurrencies();
08/16/2012 09:59:55 pm: CALL USP_GetPayees();
08/16/2012 09:59:55 pm: CALL USP_GetCategories();
08/16/2012 09:59:55 pm: CALL USP_GetCategories2();
08/16/2012 10:00:05 pm: CALL USP_GetNumberOfRowsUsingFilters_Transactions (1,null,null,null,null,null,'1990-01-01','2100-01-01');
08/16/2012 10:00:05 pm: call USP_GetTransactions(0,20,1,null,null,null,null,null,'1990-01-01','2100-01-01');
08/16/2012 10:00:06 pm: CALL USP_GetAccounts();
08/16/2012 10:00:06 pm: CALL USP_GetCurrencies();
08/16/2012 10:00:06 pm: CALL USP_GetCategories2();
08/16/2012 10:00:06 pm: CALL USP_GetPayees();
08/16/2012 10:00:06 pm: CALL USP_GetCategories();
08/16/2012 10:00:29 pm: CALL USP_GetNumberOfRowsUsingFilters_Transactions (1,null,null,null,null,null,'1990-01-01','2100-01-01');
08/16/2012 10:00:29 pm: call USP_GetTransactions(0,20,1,null,null,null,null,null,'1990-01-01','2100-01-01');
08/16/2012 10:00:30 pm: CALL USP_GetAccounts();
08/16/2012 10:00:30 pm: CALL USP_GetCurrencies();
08/16/2012 10:00:30 pm: CALL USP_GetCategories();
08/16/2012 10:00:30 pm: CALL USP_GetCategories2();
08/16/2012 10:00:30 pm: CALL USP_GetPayees();
08/16/2012 10:01:09 pm: CALL USP_GetNumberOfRowsUsingFilters_Transactions (1,null,null,null,null,null,'1990-01-01','2100-01-01');
08/16/2012 10:01:09 pm: call USP_GetTransactions(0,20,1,null,null,null,null,null,'1990-01-01','2100-01-01');
08/16/2012 10:01:09 pm: CALL USP_GetAccounts();
08/16/2012 10:01:09 pm: CALL USP_GetCurrencies();
08/16/2012 10:01:09 pm: CALL USP_GetCategories();
08/16/2012 10:01:09 pm: CALL USP_GetCategories2();
08/16/2012 10:01:09 pm: CALL USP_GetPayees();
08/16/2012 10:01:28 pm: CALL USP_GetNumberOfRowsUsingFilters_Transactions (1,null,null,null,null,null,'1990-01-01','2100-01-01');
08/16/2012 10:01:28 pm: call USP_GetTransactions(0,20,1,null,null,null,null,null,'1990-01-01','2100-01-01');
08/16/2012 10:01:29 pm: CALL USP_GetAccounts();
08/16/2012 10:01:29 pm: CALL USP_GetCurrencies();
08/16/2012 10:01:29 pm: CALL USP_GetPayees();
08/16/2012 10:01:29 pm: CALL USP_GetCategories2();
08/16/2012 10:01:29 pm: CALL USP_GetCategories();
08/16/2012 10:02:33 pm: CALL USP_GetNumberOfRowsUsingFilters_Transactions (1,null,null,null,null,null,'1990-01-01','2100-01-01');
08/16/2012 10:02:34 pm: call USP_GetTransactions(0,20,1,null,null,null,null,null,'1990-01-01','2100-01-01');
08/16/2012 10:02:34 pm: CALL USP_GetAccounts();
08/16/2012 10:02:34 pm: CALL USP_GetCurrencies();
08/16/2012 10:02:34 pm: CALL USP_GetPayees();
08/16/2012 10:02:34 pm: CALL USP_GetCategories2();
08/16/2012 10:02:34 pm: CALL USP_GetCategories();
08/16/2012 10:03:11 pm: CALL USP_GetNumberOfRowsUsingFilters_Transactions (1,null,null,null,null,null,'1990-01-01','2100-01-01');
08/16/2012 10:03:11 pm: call USP_GetTransactions(0,20,1,null,null,null,null,null,'1990-01-01','2100-01-01');
08/16/2012 10:03:11 pm: CALL USP_GetAccounts();
08/16/2012 10:03:11 pm: CALL USP_GetCurrencies();
08/16/2012 10:03:11 pm: CALL USP_GetPayees();
08/16/2012 10:03:11 pm: CALL USP_GetCategories();
08/16/2012 10:03:11 pm: CALL USP_GetCategories2();
08/16/2012 10:03:37 pm: CALL USP_GetNumberOfRowsUsingFilters_Transactions (1,null,null,null,null,null,'1990-01-01','2100-01-01');
08/16/2012 10:03:37 pm: call USP_GetTransactions(0,20,1,null,null,null,null,null,'1990-01-01','2100-01-01');
08/16/2012 10:03:38 pm: CALL USP_GetAccounts();
08/16/2012 10:03:38 pm: CALL USP_GetCategories();
08/16/2012 10:03:38 pm: CALL USP_GetPayees();
08/16/2012 10:03:38 pm: CALL USP_GetCurrencies();
08/16/2012 10:03:38 pm: CALL USP_GetCategories2();
08/16/2012 10:03:39 pm: CALL USP_GetNumberOfRowsUsingFilters_Transactions (1,null,null,null,null,null,'1990-01-01','2100-01-01');
08/16/2012 10:03:39 pm: call USP_GetTransactions(0,20,1,null,null,null,null,null,'1990-01-01','2100-01-01');
08/16/2012 10:03:40 pm: CALL USP_GetAccounts();
08/16/2012 10:03:41 pm: CALL USP_GetCurrencies();
08/16/2012 10:03:41 pm: CALL USP_GetCategories();
08/16/2012 10:03:41 pm: CALL USP_GetCategories2();
08/16/2012 10:03:41 pm: CALL USP_GetPayees();
08/16/2012 10:05:02 pm: CALL USP_GetNumberOfRowsUsingFilters_Transactions (1,null,null,null,null,null,'1990-01-01','2100-01-01');
08/16/2012 10:05:02 pm: call USP_GetTransactions(0,20,1,null,null,null,null,null,'1990-01-01','2100-01-01');
08/16/2012 10:05:02 pm: CALL USP_GetAccounts();
08/16/2012 10:05:03 pm: CALL USP_GetCurrencies();
08/16/2012 10:05:03 pm: CALL USP_GetCategories2();
08/16/2012 10:05:03 pm: CALL USP_GetCategories();
08/16/2012 10:05:03 pm: CALL USP_GetPayees();
08/16/2012 10:05:11 pm: CALL USP_GetNumberOfRowsUsingFilters_Transactions (1,null,null,null,null,null,'1990-01-01','2100-01-01');
08/16/2012 10:05:12 pm: call USP_GetTransactions(0,20,1,null,null,null,null,null,'1990-01-01','2100-01-01');
08/16/2012 10:05:12 pm: CALL USP_GetAccounts();
08/16/2012 10:05:12 pm: CALL USP_GetCurrencies();
08/16/2012 10:05:12 pm: CALL USP_GetCategories();
08/16/2012 10:05:12 pm: CALL USP_GetPayees();
08/16/2012 10:05:12 pm: CALL USP_GetCategories2();
08/16/2012 10:05:13 pm: CALL USP_GetNumberOfRowsUsingFilters_Transactions (1,null,null,null,null,null,'1990-01-01','2100-01-01');
08/16/2012 10:05:13 pm: call USP_GetTransactions(0,20,1,null,null,null,null,null,'1990-01-01','2100-01-01');
08/16/2012 10:05:14 pm: CALL USP_GetCurrencies();
08/16/2012 10:05:14 pm: CALL USP_GetCategories();
08/16/2012 10:05:14 pm: CALL USP_GetAccounts();
08/16/2012 10:05:14 pm: CALL USP_GetPayees();
08/16/2012 10:05:14 pm: CALL USP_GetCategories2();
08/16/2012 10:06:53 pm: CALL USP_GetNumberOfRowsUsingFilters_Transactions (1,null,null,null,null,null,'1990-01-01','2100-01-01');
08/16/2012 10:06:53 pm: call USP_GetTransactions(0,20,1,null,null,null,null,null,'1990-01-01','2100-01-01');
08/16/2012 10:06:54 pm: CALL USP_GetAccounts();
08/16/2012 10:06:54 pm: CALL USP_GetCurrencies();
08/16/2012 10:06:54 pm: CALL USP_GetPayees();
08/16/2012 10:06:54 pm: CALL USP_GetCategories2();
08/16/2012 10:06:54 pm: CALL USP_GetCategories();
08/16/2012 10:07:45 pm: CALL USP_GetNumberOfRowsUsingFilters_Transactions (1,null,null,null,null,null,'1990-01-01','2100-01-01');
08/16/2012 10:07:45 pm: call USP_GetTransactions(0,20,1,null,null,null,null,null,'1990-01-01','2100-01-01');
08/16/2012 10:07:45 pm: CALL USP_GetAccounts();
08/16/2012 10:07:45 pm: CALL USP_GetPayees();
08/16/2012 10:07:45 pm: CALL USP_GetCategories2();
08/16/2012 10:07:45 pm: CALL USP_GetCategories();
08/16/2012 10:07:45 pm: CALL USP_GetCurrencies();
08/16/2012 10:09:55 pm: CALL USP_GetNumberOfRowsUsingFilters_Transactions (1,null,null,2,19,null,'1990-01-01','2100-01-01');
08/16/2012 10:09:55 pm: call USP_GetTransactions(0,20,1,null,null,2,19,null,'1990-01-01','2100-01-01');
08/16/2012 10:09:55 pm: CALL USP_GetAccounts();
08/16/2012 10:09:55 pm: CALL USP_GetCurrencies();
08/16/2012 10:09:55 pm: CALL USP_GetCategories();
08/16/2012 10:09:55 pm: CALL USP_GetPayees();
08/16/2012 10:09:55 pm: CALL USP_GetCategories2();
08/16/2012 10:13:26 pm: CALL USP_GetNumberOfRowsUsingFilters_Transactions (1,null,null,2,19,null,'1990-01-01','2100-01-01');
08/16/2012 10:13:26 pm: call USP_GetTransactions(0,20,1,null,null,2,19,null,'1990-01-01','2100-01-01');
08/16/2012 10:13:26 pm: CALL USP_GetAccounts();
08/16/2012 10:13:26 pm: CALL USP_GetCurrencies();
08/16/2012 10:13:26 pm: CALL USP_GetPayees();
08/16/2012 10:13:26 pm: CALL USP_GetCategories();
08/16/2012 10:13:26 pm: CALL USP_GetCategories2();
08/16/2012 10:13:32 pm: CALL USP_GetNumberOfRowsUsingFilters_Transactions (1,null,null,null,null,null,'1990-01-01','2100-01-01');
08/16/2012 10:13:32 pm: call USP_GetTransactions(0,20,1,null,null,null,null,null,'1990-01-01','2100-01-01');
08/16/2012 10:13:33 pm: CALL USP_GetPayees();
08/16/2012 10:13:33 pm: CALL USP_GetAccounts();
08/16/2012 10:13:33 pm: CALL USP_GetCurrencies();
08/16/2012 10:13:33 pm: CALL USP_GetCategories();
08/16/2012 10:13:33 pm: CALL USP_GetCategories2();
08/16/2012 10:13:49 pm: CALL USP_GetAccounts();
08/16/2012 10:13:49 pm: CALL USP_GetCurrencies();
08/16/2012 10:13:49 pm: CALL USP_GetPayees();
08/16/2012 10:13:50 pm: CALL USP_GetCategories2();
08/16/2012 10:13:50 pm: CALL USP_GetCategories();
08/16/2012 10:14:41 pm: CALL USP_GetCurrencies();
08/16/2012 10:14:41 pm: CALL USP_GetAccounts();
08/16/2012 10:14:41 pm: CALL USP_GetPayees();
08/16/2012 10:14:41 pm: CALL USP_GetCategories();
08/16/2012 10:14:41 pm: CALL USP_GetCategories2();
08/16/2012 10:15:44 pm: CALL USP_GetCurrencies();
08/16/2012 10:15:44 pm: CALL USP_GetPayees();
08/16/2012 10:15:44 pm: CALL USP_GetCategories();
08/16/2012 10:15:44 pm: CALL USP_GetAccounts();
08/16/2012 10:15:44 pm: CALL USP_GetCategories2();
08/16/2012 10:15:47 pm: CALL USP_GetAccounts();
08/16/2012 10:15:47 pm: CALL USP_GetCurrencies();
08/16/2012 10:15:47 pm: CALL USP_GetPayees();
08/16/2012 10:15:47 pm: CALL USP_GetCategories();
08/16/2012 10:15:47 pm: CALL USP_GetCategories2();
08/16/2012 10:15:51 pm: CALL USP_GetAccounts();
08/16/2012 10:15:51 pm: CALL USP_GetCurrencies();
08/16/2012 10:15:51 pm: CALL USP_GetPayees();
08/16/2012 10:15:51 pm: CALL USP_GetCategories();
08/16/2012 10:15:51 pm: CALL USP_GetCategories2();
08/16/2012 10:15:52 pm: CALL USP_GetAccounts();
08/16/2012 10:15:52 pm: CALL USP_GetCurrencies();
08/16/2012 10:15:52 pm: CALL USP_GetPayees();
08/16/2012 10:15:52 pm: CALL USP_GetCategories();
08/16/2012 10:15:52 pm: CALL USP_GetCategories2();
08/16/2012 10:15:53 pm: CALL USP_GetAccounts();
08/16/2012 10:15:53 pm: CALL USP_GetCurrencies();
08/16/2012 10:15:53 pm: CALL USP_GetPayees();
08/16/2012 10:15:53 pm: CALL USP_GetCategories2();
08/16/2012 10:15:53 pm: CALL USP_GetCategories();
08/16/2012 10:16:09 pm: CALL USP_GetPayees();
08/16/2012 10:16:09 pm: CALL USP_GetAccounts();
08/16/2012 10:16:09 pm: CALL USP_GetCurrencies();
08/16/2012 10:16:09 pm: CALL USP_GetCategories();
08/16/2012 10:16:09 pm: CALL USP_GetCategories2();
08/16/2012 10:16:11 pm: CALL USP_GetAccounts();
08/16/2012 10:16:11 pm: CALL USP_GetCurrencies();
08/16/2012 10:16:11 pm: CALL USP_GetPayees();
08/16/2012 10:16:11 pm: CALL USP_GetCategories();
08/16/2012 10:16:11 pm: CALL USP_GetCategories2();
08/16/2012 10:21:51 pm: CALL USP_GetCurrencies();
08/16/2012 10:21:51 pm: CALL USP_GetAccounts();
08/16/2012 10:21:51 pm: CALL USP_GetPayees();
08/16/2012 10:21:51 pm: CALL USP_GetCategories();
08/16/2012 10:21:51 pm: CALL USP_GetCategories2();
08/16/2012 10:21:57 pm: CALL USP_GetCurrencies();
08/16/2012 10:21:57 pm: CALL USP_GetAccounts();
08/16/2012 10:21:57 pm: CALL USP_GetCategories();
08/16/2012 10:21:57 pm: CALL USP_GetPayees();
08/16/2012 10:21:57 pm: CALL USP_GetCategories2();
08/16/2012 10:22:02 pm: CALL USP_GetAccounts();
08/16/2012 10:22:02 pm: CALL USP_GetCategories();
08/16/2012 10:22:02 pm: CALL USP_GetCurrencies();
08/16/2012 10:22:02 pm: CALL USP_GetPayees();
08/16/2012 10:22:02 pm: CALL USP_GetCategories2();
