12/03/2012 02:45:38 pm: CALL USP_GetCurrencies();
12/03/2012 02:45:38 pm: CALL USP_GetPayees();
12/03/2012 02:45:38 pm: CALL USP_GetCategories2();
12/03/2012 02:45:38 pm: CALL USP_GetAccounts();
12/03/2012 02:45:38 pm: CALL USP_GetCategories();
12/03/2012 02:45:48 pm: CALL USP_GetAccounts();
12/03/2012 02:45:48 pm: CALL USP_GetCurrencies();
12/03/2012 02:45:48 pm: CALL USP_GetCategories2();
12/03/2012 02:45:48 pm: CALL USP_GetCategories();
12/03/2012 02:45:48 pm: CALL USP_GetPayees();
12/03/2012 02:46:30 pm: CALL USP_GetPayees();
12/03/2012 02:46:30 pm: CALL USP_GetAccounts();
12/03/2012 02:46:30 pm: CALL USP_GetCurrencies();
12/03/2012 02:46:30 pm: CALL USP_GetCategories();
12/03/2012 02:46:30 pm: CALL USP_GetCategories2();
12/03/2012 02:47:16 pm: CALL USP_GetAccounts();
12/03/2012 02:47:16 pm: CALL USP_GetPayees();
12/03/2012 02:47:16 pm: CALL USP_GetCategories();
12/03/2012 02:47:16 pm: CALL USP_GetCategories2();
12/03/2012 02:47:16 pm: CALL USP_GetCurrencies();
12/03/2012 02:47:43 pm: CALL USP_GetCurrencies();
12/03/2012 02:47:43 pm: CALL USP_GetPayees();
12/03/2012 02:47:43 pm: CALL USP_GetCategories();
12/03/2012 02:47:43 pm: CALL USP_GetCategories2();
12/03/2012 02:47:43 pm: CALL USP_GetAccounts();
12/03/2012 02:47:44 pm: CALL USP_GetAccounts();
12/03/2012 02:47:44 pm: CALL USP_GetCategories();
12/03/2012 02:47:44 pm: CALL USP_GetPayees();
12/03/2012 02:47:44 pm: CALL USP_GetCategories2();
12/03/2012 02:47:44 pm: CALL USP_GetCurrencies();
12/03/2012 02:48:12 pm: CALL USP_InsertTransaction('2012-11-27','1','1','1','2','20','25','-43.29','');
12/03/2012 02:48:12 pm: CALL USP_InsertTransaction('2012-11-27','1','1','1','2','20','25','-43.29','');
12/03/2012 02:48:18 pm: CALL USP_GetPayees();
12/03/2012 02:48:18 pm: CALL USP_GetCurrencies();
12/03/2012 02:48:18 pm: CALL USP_GetCategories();
12/03/2012 02:48:18 pm: CALL USP_GetCategories2();
12/03/2012 02:48:18 pm: CALL USP_GetAccounts();
12/03/2012 02:48:51 pm: CALL USP_InsertTransaction('2012-12-02','19','1','1','7','45','187','-11.08','Food at chicago O'hare');
12/03/2012 02:48:58 pm: CALL USP_InsertTransaction('2012-12-02','19','1','1','7','45','187','-11.08','Food at chicago O'hare');
12/03/2012 02:49:04 pm: CALL USP_InsertTransaction('2012-12-02','19','1','1','7','45','187','-11.08','Food at chicago O'hare');
12/03/2012 02:49:13 pm: CALL USP_InsertTransaction('2012-12-02','19','1','1','7','45','187','-11.08','Food at chicago O''hare');
12/03/2012 02:49:13 pm: CALL USP_InsertTransaction('2012-12-02','19','1','1','7','45','187','-11.08','Food at chicago O''hare');
12/03/2012 02:49:25 pm: CALL USP_GetCurrencies();
12/03/2012 02:49:25 pm: CALL USP_GetCategories();
12/03/2012 02:49:25 pm: CALL USP_GetPayees();
12/03/2012 02:49:25 pm: CALL USP_GetAccounts();
12/03/2012 02:49:25 pm: CALL USP_GetCategories2();
12/03/2012 02:49:38 pm: CALL USP_InsertPayee ('Sprouts market');
12/03/2012 02:49:38 pm: CALL USP_GetPayees ()
12/03/2012 02:49:38 pm: CALL USP_GetPayees();
12/03/2012 02:49:46 pm: CALL USP_GetPayees();
12/03/2012 02:50:00 pm: CALL USP_GetPayees();
12/03/2012 02:50:12 pm: CALL USP_InsertPayee ('Trader Joe');
12/03/2012 02:50:12 pm: CALL USP_GetPayees ()
12/03/2012 02:50:12 pm: CALL USP_GetPayees();
12/03/2012 02:50:29 pm: CALL USP_InsertPayee ('Whole food market');
12/03/2012 02:50:29 pm: CALL USP_GetPayees ()
12/03/2012 02:50:29 pm: CALL USP_GetPayees();
12/03/2012 02:50:38 pm: CALL USP_InsertPayee ('Fry shop');
12/03/2012 02:50:38 pm: CALL USP_GetPayees ()
12/03/2012 02:50:38 pm: CALL USP_GetPayees();
12/03/2012 02:50:41 pm: CALL USP_InsertPayee ('Safeway');
12/03/2012 02:50:41 pm: CALL USP_GetPayees ()
12/03/2012 02:50:41 pm: CALL USP_GetPayees();
12/03/2012 02:50:46 pm: CALL USP_GetCurrencies();
12/03/2012 02:50:46 pm: CALL USP_GetAccounts();
12/03/2012 02:50:46 pm: CALL USP_GetPayees();
12/03/2012 02:50:46 pm: CALL USP_GetCategories2();
12/03/2012 02:50:46 pm: CALL USP_GetCategories();
12/03/2012 02:51:07 pm: CALL USP_GetAccounts();
12/03/2012 02:51:07 pm: CALL USP_GetCategories2();
12/03/2012 02:51:07 pm: CALL USP_GetCurrencies();
12/03/2012 02:51:07 pm: CALL USP_GetPayees();
12/03/2012 02:51:07 pm: CALL USP_GetCategories();
12/03/2012 02:51:10 pm: CALL USP_GetCategories2 ()
12/03/2012 02:51:12 pm: CALL USP_GetAccounts();
12/03/2012 02:51:12 pm: CALL USP_GetCategories2();
12/03/2012 02:51:12 pm: CALL USP_GetPayees();
12/03/2012 02:51:12 pm: CALL USP_GetCategories();
12/03/2012 02:51:12 pm: CALL USP_GetCurrencies();
12/03/2012 02:51:20 pm: CALL USP_GetCurrencies();
12/03/2012 02:51:20 pm: CALL USP_GetAccounts();
12/03/2012 02:51:20 pm: CALL USP_GetPayees();
12/03/2012 02:51:20 pm: CALL USP_GetCategories();
12/03/2012 02:51:20 pm: CALL USP_GetCategories2();
12/03/2012 02:52:15 pm: CALL USP_GetAccounts();
12/03/2012 02:52:15 pm: CALL USP_GetCurrencies();
12/03/2012 02:52:15 pm: CALL USP_GetPayees();
12/03/2012 02:52:15 pm: CALL USP_GetCategories2();
12/03/2012 02:52:15 pm: CALL USP_GetCategories();
12/03/2012 03:00:18 pm: CALL USP_GetPayees();
12/03/2012 03:00:18 pm: CALL USP_GetCategories();
12/03/2012 03:00:18 pm: CALL USP_GetAccounts();
12/03/2012 03:00:18 pm: CALL USP_GetCategories2();
12/03/2012 03:00:18 pm: CALL USP_GetCurrencies();
12/03/2012 04:03:13 pm: CALL USP_GetCategories2();
12/03/2012 04:03:13 pm: CALL USP_GetCurrencies();
12/03/2012 04:03:13 pm: CALL USP_GetAccounts();
12/03/2012 04:03:13 pm: CALL USP_GetCategories();
12/03/2012 04:03:13 pm: CALL USP_GetPayees();
12/03/2012 04:03:39 pm: CALL USP_InsertTransaction('2012-12-03','19','1','1','2','32','187','-25','Credit for december');
12/03/2012 04:03:39 pm: CALL USP_InsertTransaction('2012-12-03','19','1','1','2','32','187','-25','Credit for december');
12/03/2012 04:23:00 pm: CALL USP_InsertTransaction('2012-12-03','19','1','1','2','32','187','-25','Credit for december (480-370-4195)');
12/03/2012 04:23:00 pm: CALL USP_InsertTransaction('2012-12-03','19','1','1','2','32','187','-25','Credit for december (480-370-4195)');
12/03/2012 04:23:03 pm: CALL USP_GetCurrencies();
12/03/2012 04:23:03 pm: CALL USP_GetAccounts();
12/03/2012 04:23:03 pm: CALL USP_GetPayees();
12/03/2012 04:23:03 pm: CALL USP_GetCategories();
12/03/2012 04:23:03 pm: CALL USP_GetCategories2();
12/03/2012 04:23:10 pm: CALL USP_GetPayees();
12/03/2012 04:23:10 pm: CALL USP_GetAccounts();
12/03/2012 04:23:10 pm: CALL USP_GetCurrencies();
12/03/2012 04:23:10 pm: CALL USP_GetCategories();
12/03/2012 04:23:10 pm: CALL USP_GetCategories2();
12/03/2012 04:36:36 pm: CALL USP_GetCurrencies();
12/03/2012 04:36:36 pm: CALL USP_GetPayees();
12/03/2012 04:36:36 pm: CALL USP_GetAccounts();
12/03/2012 04:36:36 pm: CALL USP_GetCategories();
12/03/2012 04:36:36 pm: CALL USP_GetCategories2();
12/03/2012 04:37:53 pm: CALL USP_InsertTransaction('2012-12-03','19','1','1','7','45','218','-60.91','');
12/03/2012 04:37:53 pm: CALL USP_InsertTransaction('2012-12-03','19','1','1','7','45','218','-60.91','');
12/03/2012 04:37:55 pm: CALL USP_GetCurrencies();
12/03/2012 04:37:55 pm: CALL USP_GetAccounts();
12/03/2012 04:37:55 pm: CALL USP_GetPayees();
12/03/2012 04:37:56 pm: CALL USP_GetCategories();
12/03/2012 04:37:56 pm: CALL USP_GetCategories2();
12/03/2012 04:38:11 pm: CALL USP_GetCategories();
12/03/2012 04:38:11 pm: CALL USP_GetCurrencies();
12/03/2012 04:38:11 pm: CALL USP_GetAccounts();
12/03/2012 04:38:11 pm: CALL USP_GetCategories2();
12/03/2012 04:38:11 pm: CALL USP_GetPayees();
12/03/2012 04:52:45 pm: CALL USP_GetAccounts();
12/03/2012 04:52:45 pm: CALL USP_GetCategories2();
12/03/2012 04:52:45 pm: CALL USP_GetCategories();
12/03/2012 04:52:45 pm: CALL USP_GetPayees();
12/03/2012 04:52:45 pm: CALL USP_GetCurrencies();
12/03/2012 04:53:03 pm: CALL USP_GetCurrencies();
12/03/2012 04:53:03 pm: CALL USP_GetAccounts();
12/03/2012 04:53:03 pm: CALL USP_GetPayees();
12/03/2012 04:53:03 pm: CALL USP_GetCategories();
12/03/2012 04:53:03 pm: CALL USP_GetCategories2();
12/03/2012 04:53:14 pm: CALL USP_GetAccounts();
12/03/2012 04:53:14 pm: CALL USP_GetCurrencies();
12/03/2012 04:53:14 pm: CALL USP_GetPayees();
12/03/2012 04:53:14 pm: CALL USP_GetCategories();
12/03/2012 04:53:14 pm: CALL USP_GetCategories2();
12/03/2012 04:54:21 pm: CALL USP_InsertTransaction('2012-12-03','17','1','1','4','37','72','-25.27','magic mouse');
12/03/2012 04:54:21 pm: CALL USP_InsertTransaction('2012-12-03','17','1','1','4','37','72','-25.27','magic mouse');
12/03/2012 04:54:24 pm: CALL USP_GetAccounts();
12/03/2012 04:54:24 pm: CALL USP_GetCurrencies();
12/03/2012 04:54:24 pm: CALL USP_GetCategories();
12/03/2012 04:54:24 pm: CALL USP_GetPayees();
12/03/2012 04:54:24 pm: CALL USP_GetCategories2();
12/03/2012 04:54:31 pm: CALL USP_GetAccounts();
12/03/2012 04:54:31 pm: CALL USP_GetCurrencies();
12/03/2012 04:54:31 pm: CALL USP_GetPayees();
12/03/2012 04:54:31 pm: CALL USP_GetCategories2();
12/03/2012 04:54:31 pm: CALL USP_GetCategories();
12/03/2012 04:54:34 pm: CALL USP_GetCurrencies();
12/03/2012 04:54:34 pm: CALL USP_GetCategories();
12/03/2012 04:54:34 pm: CALL USP_GetAccounts();
12/03/2012 04:54:34 pm: CALL USP_GetCategories2();
12/03/2012 04:54:34 pm: CALL USP_GetPayees();
