08/20/2012 09:08:46 am: CALL USP_GetCategories();
/20/2012 09:08:46 am: CALL USP_GetCategories2();
08/20/2012 09:08:49 am: CALL USP_GetAccounts();
08/20/2012 09:08:49 am: CALL USP_GetCategories();
08/20/2012 09:08:49 am: CALL USP_GetCurrencies();
08/20/2012 09:08:49 am: CALL USP_GetPayees();
08/20/2012 09:08:49 am: CALL USP_GetCategories2();
08/20/2012 09:11:53 am: CALL USP_GetAccounts();
08/20/2012 09:11:53 am: CALL USP_GetCategories2();
08/20/2012 09:11:53 am: CALL USP_GetCurrencies();
08/20/2012 09:11:53 am: CALL USP_GetCategories();
08/20/2012 09:11:53 am: CALL USP_GetPayees();
08/20/2012 09:12:01 am: CALL USP_GetNumberOfRowsUsingFilters_Transactions (1,null,null,null,null,null,'1990-01-01','2100-01-01');
08/20/2012 09:12:01 am: call USP_GetTransactions(0,20,1,null,null,null,null,null,'1990-01-01','2100-01-01');
08/20/2012 09:12:01 am: CALL USP_GetCurrencies();
08/20/2012 09:12:01 am: CALL USP_GetPayees();
08/20/2012 09:12:01 am: CALL USP_GetCategories();
08/20/2012 09:12:01 am: CALL USP_GetAccounts();
08/20/2012 09:12:01 am: CALL USP_GetCategories2();
08/20/2012 09:14:50 am: CALL USP_GetNumberOfRowsUsingFilters_Transactions (1,null,null,null,null,null,'1990-01-01','2100-01-01');
08/20/2012 09:14:50 am: call USP_GetTransactions(0,20,1,null,null,null,null,null,'1990-01-01','2100-01-01');
08/20/2012 09:14:51 am: CALL USP_GetAccounts();
08/20/2012 09:14:51 am: CALL USP_GetCurrencies();
08/20/2012 09:14:51 am: CALL USP_GetPayees();
08/20/2012 09:14:51 am: CALL USP_GetCategories();
08/20/2012 09:14:51 am: CALL USP_GetCategories2();
08/20/2012 09:15:07 am: CALL USP_GetNumberOfRowsUsingFilters_Transactions (1,null,null,null,null,null,'1990-01-01','2100-01-01');
08/20/2012 09:15:07 am: call USP_GetTransactions(0,20,1,null,null,null,null,null,'1990-01-01','2100-01-01');
08/20/2012 09:15:08 am: CALL USP_GetCurrencies();
08/20/2012 09:15:08 am: CALL USP_GetAccounts();
08/20/2012 09:15:08 am: CALL USP_GetPayees();
08/20/2012 09:15:08 am: CALL USP_GetCategories2();
08/20/2012 09:15:08 am: CALL USP_GetCategories();
08/20/2012 09:15:14 am: CALL USP_GetNumberOfRowsUsingFilters_Transactions (1,null,null,null,null,null,'1990-01-01','2100-01-01');
08/20/2012 09:15:14 am: call USP_GetTransactions(0,20,1,null,null,null,null,null,'1990-01-01','2100-01-01');
08/20/2012 09:15:15 am: CALL USP_GetCurrencies();
08/20/2012 09:15:15 am: CALL USP_GetPayees();
08/20/2012 09:15:15 am: CALL USP_GetAccounts();
08/20/2012 09:15:15 am: CALL USP_GetCategories();
08/20/2012 09:15:15 am: CALL USP_GetCategories2();
08/20/2012 09:15:36 am: CALL USP_GetNumberOfRowsUsingFilters_Transactions (1,null,null,null,null,null,'1990-01-01','2100-01-01');
08/20/2012 09:15:36 am: call USP_GetTransactions(0,10,1,null,null,null,null,null,'1990-01-01','2100-01-01');
08/20/2012 09:15:37 am: CALL USP_GetAccounts();
08/20/2012 09:15:37 am: CALL USP_GetPayees();
08/20/2012 09:15:37 am: CALL USP_GetCategories();
08/20/2012 09:15:37 am: CALL USP_GetCurrencies();
08/20/2012 09:15:37 am: CALL USP_GetCategories2();
08/20/2012 09:15:56 am: CALL USP_GetAccounts();
08/20/2012 09:15:56 am: CALL USP_GetPayees();
08/20/2012 09:15:56 am: CALL USP_GetCurrencies();
08/20/2012 09:15:56 am: CALL USP_GetCategories();
08/20/2012 09:15:56 am: CALL USP_GetCategories2();
08/20/2012 09:16:37 am: CALL USP_GetAccounts();
08/20/2012 09:16:37 am: CALL USP_GetPayees();
08/20/2012 09:16:37 am: CALL USP_GetCurrencies();
08/20/2012 09:16:37 am: CALL USP_GetCategories2();
08/20/2012 09:16:37 am: CALL USP_GetCategories();
08/20/2012 09:17:15 am: CALL USP_InsertTransaction('2012-08-20','11','1','2','25','123','135','1.37','Rebalance account');
08/20/2012 09:17:15 am: CALL USP_InsertTransaction('2012-08-20','11','1','2','25','123','135','1.37','Rebalance account');
08/20/2012 10:48:37 am: CALL USP_GetNumberOfRowsUsingFilters_Transactions (1,null,null,null,null,null,'1990-01-01','2100-01-01');
08/20/2012 10:48:37 am: call USP_GetTransactions(0,10,1,null,null,null,null,null,'1990-01-01','2100-01-01');
08/20/2012 10:48:38 am: CALL USP_GetAccounts();
08/20/2012 10:48:38 am: CALL USP_GetCurrencies();
08/20/2012 10:48:38 am: CALL USP_GetCategories();
08/20/2012 10:48:38 am: CALL USP_GetCategories2();
08/20/2012 10:48:38 am: CALL USP_GetPayees();
08/20/2012 10:51:42 am: CALL USP_GetNumberOfRowsUsingFilters_Transactions (1,null,null,null,null,null,'1990-01-01','2100-01-01');
08/20/2012 10:51:42 am: call USP_GetTransactions(0,10,1,null,null,null,null,null,'1990-01-01','2100-01-01');
08/20/2012 10:51:43 am: CALL USP_GetAccounts();
08/20/2012 10:51:43 am: CALL USP_GetCurrencies();
08/20/2012 10:51:43 am: CALL USP_GetCategories();
08/20/2012 10:51:43 am: CALL USP_GetPayees();
08/20/2012 10:51:43 am: CALL USP_GetCategories2();
08/20/2012 10:52:27 am: CALL USP_GetCurrencies();
08/20/2012 10:52:27 am: CALL USP_GetCategories();
08/20/2012 10:52:27 am: CALL USP_GetPayees();
08/20/2012 10:52:27 am: CALL USP_GetCategories2();
08/20/2012 10:52:27 am: CALL USP_GetAccounts();
08/20/2012 10:52:41 am: CALL USP_GetCurrencies();
08/20/2012 10:52:41 am: CALL USP_GetCategories();
08/20/2012 10:52:41 am: CALL USP_GetPayees();
08/20/2012 10:52:41 am: CALL USP_GetAccounts();
08/20/2012 10:52:41 am: CALL USP_GetCategories2();
