11/04/2012 02:38:34 pm: CALL USP_GetCurrencies();
11/04/2012 02:38:34 pm: CALL USP_GetCategories();
11/04/2012 02:38:34 pm: CALL USP_GetPayees();
11/04/2012 02:38:34 pm: CALL USP_GetCategories2();
11/04/2012 02:38:34 pm: CALL USP_GetAccounts();
11/04/2012 02:38:38 pm: CALL USP_GetAccounts();
11/04/2012 02:38:38 pm: CALL USP_GetPayees();
11/04/2012 02:38:38 pm: CALL USP_GetCurrencies();
11/04/2012 02:38:38 pm: CALL USP_GetCategories();
11/04/2012 02:38:38 pm: CALL USP_GetCategories2();
11/04/2012 02:44:03 pm: CALL USP_InsertTransaction('2012-11-04','6','1','3','23','100','135','-120','');
11/04/2012 02:44:03 pm: CALL USP_InsertTransaction('2012-11-04','6','1','3','23','100','135','-120','');
11/04/2012 02:44:03 pm: CALL USP_InsertTransaction('2012-11-04','1','1','3','23','100','135','120','');
11/04/2012 02:44:03 pm: CALL USP_InsertTransaction('2012-11-04','1','1','3','23','100','135','120','');
11/04/2012 02:44:39 pm: CALL USP_InsertTransaction('2012-11-04','11','1','1','11','60','68','-50','travel case');
11/04/2012 02:44:39 pm: CALL USP_InsertTransaction('2012-11-04','11','1','1','11','60','68','-50','travel case');
11/04/2012 02:44:53 pm: CALL USP_InsertTransaction('2012-11-04','11','1','1','7','45','8','-6.44','');
11/04/2012 02:44:53 pm: CALL USP_InsertTransaction('2012-11-04','11','1','1','7','45','8','-6.44','');
11/04/2012 02:45:03 pm: CALL USP_InsertTransaction('2012-11-04','11','1','1','7','45','154','-3.02','');
11/04/2012 02:45:03 pm: CALL USP_InsertTransaction('2012-11-04','11','1','1','7','45','154','-3.02','');
11/04/2012 02:45:22 pm: CALL USP_InsertTransaction('2012-11-04','11','1','1','7','45','8','-17.38','');
11/04/2012 02:45:22 pm: CALL USP_InsertTransaction('2012-11-04','11','1','1','7','45','8','-17.38','');
11/04/2012 02:45:45 pm: CALL USP_InsertTransaction('2012-11-04','11','1','1','1','1','197','-13','lock for work');
11/04/2012 02:45:45 pm: CALL USP_InsertTransaction('2012-11-04','11','1','1','1','1','197','-13','lock for work');
11/04/2012 02:45:49 pm: CALL USP_GetAccounts();
11/04/2012 02:45:49 pm: CALL USP_GetCurrencies();
11/04/2012 02:45:49 pm: CALL USP_GetCategories();
11/04/2012 02:45:49 pm: CALL USP_GetPayees();
11/04/2012 02:45:49 pm: CALL USP_GetCategories2();
11/04/2012 03:35:22 pm: CALL USP_GetAccounts();
11/04/2012 03:35:22 pm: CALL USP_GetCurrencies();
11/04/2012 03:35:22 pm: CALL USP_GetCategories();
11/04/2012 03:35:22 pm: CALL USP_GetCategories2();
11/04/2012 03:35:22 pm: CALL USP_GetPayees();
11/04/2012 03:35:32 pm: CALL USP_GetAccounts();
11/04/2012 03:35:32 pm: CALL USP_GetCurrencies();
11/04/2012 03:35:32 pm: CALL USP_GetPayees();
11/04/2012 03:35:32 pm: CALL USP_GetCategories();
11/04/2012 03:35:32 pm: CALL USP_GetCategories2();
11/04/2012 03:56:58 pm: CALL USP_GetCurrencies();
11/04/2012 03:56:58 pm: CALL USP_GetAccounts();
11/04/2012 03:56:58 pm: CALL USP_GetPayees();
11/04/2012 03:56:58 pm: CALL USP_GetCategories();
11/04/2012 03:56:58 pm: CALL USP_GetCategories2();
11/04/2012 03:58:08 pm: CALL USP_GetPayees();
11/04/2012 03:58:08 pm: CALL USP_GetAccounts();
11/04/2012 03:58:08 pm: CALL USP_GetCategories();
11/04/2012 03:58:08 pm: CALL USP_GetCategories2();
11/04/2012 03:58:08 pm: CALL USP_GetCurrencies();
11/04/2012 03:58:08 pm: CALL USP_GetAccounts();
11/04/2012 03:58:09 pm: CALL USP_GetPayees();
11/04/2012 03:58:09 pm: CALL USP_GetCategories();
11/04/2012 03:58:09 pm: CALL USP_GetCategories2();
11/04/2012 03:58:09 pm: CALL USP_GetCurrencies();
11/04/2012 04:15:32 pm: CALL USP_GetPayees();
11/04/2012 04:15:32 pm: CALL USP_GetAccounts();
11/04/2012 04:15:32 pm: CALL USP_GetCurrencies();
11/04/2012 04:15:32 pm: CALL USP_GetCategories();
11/04/2012 04:15:32 pm: CALL USP_GetCategories2();
11/04/2012 04:15:40 pm: CALL USP_UpdateAccount (1,'2','AIB - Online notice 7-161');
11/04/2012 04:15:40 pm: CALL USP_GetAccounts ()
11/04/2012 04:15:40 pm: CALL USP_GetAccounts();
11/04/2012 05:34:34 pm: CALL USP_GetAccounts();
11/04/2012 05:34:34 pm: CALL USP_GetPayees();
11/04/2012 05:34:34 pm: CALL USP_GetCurrencies();
11/04/2012 05:34:34 pm: CALL USP_GetCategories2();
11/04/2012 05:34:34 pm: CALL USP_GetCategories();
11/04/2012 05:37:23 pm: CALL USP_GetAccounts();
11/04/2012 05:37:23 pm: CALL USP_GetCurrencies();
11/04/2012 05:37:23 pm: CALL USP_GetPayees();
11/04/2012 05:37:23 pm: CALL USP_GetCategories();
11/04/2012 05:37:23 pm: CALL USP_GetCategories2();
11/04/2012 05:37:33 pm: CALL USP_GetAccounts();
11/04/2012 05:37:33 pm: CALL USP_GetCurrencies();
11/04/2012 05:37:33 pm: CALL USP_GetCategories();
11/04/2012 05:37:33 pm: CALL USP_GetCategories2();
11/04/2012 05:37:33 pm: CALL USP_GetPayees();
11/04/2012 05:37:44 pm: CALL USP_GetAccounts();
11/04/2012 05:37:44 pm: CALL USP_GetCategories();
11/04/2012 05:37:44 pm: CALL USP_GetCurrencies();
11/04/2012 05:37:44 pm: CALL USP_GetPayees();
11/04/2012 05:37:44 pm: CALL USP_GetCategories2();
11/04/2012 05:37:47 pm: CALL USP_GetAccounts();
11/04/2012 05:37:47 pm: CALL USP_GetCurrencies();
11/04/2012 05:37:47 pm: CALL USP_GetPayees();
11/04/2012 05:37:47 pm: CALL USP_GetCategories();
11/04/2012 05:37:47 pm: CALL USP_GetCategories2();
11/04/2012 05:49:54 pm: CALL USP_GetAccounts();
11/04/2012 05:49:54 pm: CALL USP_GetCurrencies();
11/04/2012 05:49:54 pm: CALL USP_GetCategories();
11/04/2012 05:49:54 pm: CALL USP_GetPayees();
11/04/2012 05:49:54 pm: CALL USP_GetCategories2();
11/04/2012 05:53:19 pm: CALL USP_GetCategories();
11/04/2012 05:53:19 pm: CALL USP_GetAccounts();
11/04/2012 05:53:19 pm: CALL USP_GetCategories2();
11/04/2012 05:53:19 pm: CALL USP_GetPayees();
11/04/2012 05:53:19 pm: CALL USP_GetCurrencies();
11/04/2012 05:53:25 pm: CALL USP_GetCurrencies ()
11/04/2012 05:53:28 pm: CALL USP_GetAccounts ()
11/04/2012 05:53:31 pm: CALL USP_GetCategories2 ()
11/04/2012 05:53:33 pm: CALL USP_GetCategories ()
11/04/2012 05:53:36 pm: CALL USP_GetPayees ()
11/04/2012 05:53:38 pm: CALL USP_GetTransactionTypes ()
11/04/2012 05:53:45 pm: CALL USP_GetBudgetSettings ()
11/04/2012 05:58:00 pm: CALL USP_GetPayees();
11/04/2012 05:58:00 pm: CALL USP_GetCurrencies();
11/04/2012 05:58:00 pm: CALL USP_GetAccounts();
11/04/2012 05:58:00 pm: CALL USP_GetCategories();
11/04/2012 05:58:00 pm: CALL USP_GetCategories2();
11/04/2012 05:59:37 pm: CALL USP_GetAccounts();
11/04/2012 05:59:37 pm: CALL USP_GetCategories2();
11/04/2012 05:59:37 pm: CALL USP_GetCurrencies();
11/04/2012 05:59:37 pm: CALL USP_GetPayees();
11/04/2012 05:59:37 pm: CALL USP_GetCategories();
11/04/2012 06:17:31 pm: CALL USP_GetCategories();
11/04/2012 06:17:31 pm: CALL USP_GetCurrencies();
11/04/2012 06:17:31 pm: CALL USP_GetAccounts();
11/04/2012 06:17:31 pm: CALL USP_GetPayees();
11/04/2012 06:17:31 pm: CALL USP_GetCategories2();
11/04/2012 06:18:28 pm: CALL USP_GetAccounts();
11/04/2012 06:18:28 pm: CALL USP_GetPayees();
11/04/2012 06:18:28 pm: CALL USP_GetCurrencies();
11/04/2012 06:18:28 pm: CALL USP_GetCategories2();
11/04/2012 06:18:28 pm: CALL USP_GetCategories();
11/04/2012 06:18:31 pm: CALL USP_GetCategories();
11/04/2012 06:18:31 pm: CALL USP_GetCurrencies();
11/04/2012 06:18:31 pm: CALL USP_GetPayees();
11/04/2012 06:18:31 pm: CALL USP_GetAccounts();
11/04/2012 06:18:31 pm: CALL USP_GetCategories2();
