11/13/2012 06:35:07 pm: CALL USP_GetCurrencies();
11/13/2012 06:35:07 pm: CALL USP_GetCategories();
11/13/2012 06:35:07 pm: CALL USP_GetCategories2();
11/13/2012 06:35:07 pm: CALL USP_GetPayees();
11/13/2012 06:35:07 pm: CALL USP_GetAccounts();
11/13/2012 06:45:22 pm: CALL USP_GetAccounts();
11/13/2012 06:45:22 pm: CALL USP_GetCurrencies();
11/13/2012 06:45:22 pm: CALL USP_GetCategories();
11/13/2012 06:45:22 pm: CALL USP_GetCategories2();
11/13/2012 06:45:22 pm: CALL USP_GetPayees();
11/13/2012 07:34:46 pm: CALL USP_GetCurrencies();
11/13/2012 07:34:46 pm: CALL USP_GetAccounts();
11/13/2012 07:34:46 pm: CALL USP_GetPayees();
11/13/2012 07:34:46 pm: CALL USP_GetCategories();
11/13/2012 07:34:46 pm: CALL USP_GetCategories2();
11/13/2012 07:35:34 pm: CALL USP_GetPayees();
11/13/2012 07:35:34 pm: CALL USP_GetAccounts();
11/13/2012 07:35:34 pm: CALL USP_GetCategories2();
11/13/2012 07:35:34 pm: CALL USP_GetCurrencies();
11/13/2012 07:35:34 pm: CALL USP_GetCategories();
11/13/2012 07:37:10 pm: CALL USP_GetAccounts();
11/13/2012 07:37:10 pm: CALL USP_GetCurrencies();
11/13/2012 07:37:10 pm: CALL USP_GetPayees();
11/13/2012 07:37:10 pm: CALL USP_GetCategories();
11/13/2012 07:37:10 pm: CALL USP_GetCategories2();
11/13/2012 07:43:54 pm: CALL USP_GetAccounts();
11/13/2012 07:43:54 pm: CALL USP_GetCurrencies();
11/13/2012 07:43:54 pm: CALL USP_GetCategories();
11/13/2012 07:43:54 pm: CALL USP_GetPayees();
11/13/2012 07:43:54 pm: CALL USP_GetCategories2();
11/13/2012 07:44:30 pm: CALL USP_GetAccounts();
11/13/2012 07:44:30 pm: CALL USP_GetCurrencies();
11/13/2012 07:44:30 pm: CALL USP_GetCategories2();
11/13/2012 07:44:30 pm: CALL USP_GetCategories();
11/13/2012 07:44:30 pm: CALL USP_GetPayees();
11/13/2012 07:44:52 pm: CALL USP_GetAccounts();
11/13/2012 07:44:52 pm: CALL USP_GetPayees();
11/13/2012 07:44:52 pm: CALL USP_GetCurrencies();
11/13/2012 07:44:52 pm: CALL USP_GetCategories();
11/13/2012 07:44:52 pm: CALL USP_GetCategories2();
11/13/2012 07:46:14 pm: CALL USP_GetAccounts();
11/13/2012 07:46:14 pm: CALL USP_GetCurrencies();
11/13/2012 07:46:14 pm: CALL USP_GetPayees();
11/13/2012 07:46:14 pm: CALL USP_GetCategories();
11/13/2012 07:46:14 pm: CALL USP_GetCategories2();
11/13/2012 07:46:53 pm: CALL USP_GetAccounts();
11/13/2012 07:46:53 pm: CALL USP_GetPayees();
11/13/2012 07:46:53 pm: CALL USP_GetCurrencies();
11/13/2012 07:46:53 pm: CALL USP_GetCategories();
11/13/2012 07:46:53 pm: CALL USP_GetCategories2();
11/13/2012 07:48:02 pm: CALL USP_GetAccounts();
11/13/2012 07:48:02 pm: CALL USP_GetCurrencies();
11/13/2012 07:48:02 pm: CALL USP_GetPayees();
11/13/2012 07:48:02 pm: CALL USP_GetCategories();
11/13/2012 07:48:02 pm: CALL USP_GetCategories2();
11/13/2012 07:48:58 pm: CALL USP_GetCurrencies();
11/13/2012 07:48:58 pm: CALL USP_GetAccounts();
11/13/2012 07:48:58 pm: CALL USP_GetCategories();
11/13/2012 07:48:58 pm: CALL USP_GetPayees();
11/13/2012 07:48:58 pm: CALL USP_GetCategories2();
11/13/2012 07:49:59 pm: CALL USP_GetAccounts();
11/13/2012 07:49:59 pm: CALL USP_GetCategories();
11/13/2012 07:49:59 pm: CALL USP_GetPayees();
11/13/2012 07:49:59 pm: CALL USP_GetCurrencies();
11/13/2012 07:49:59 pm: CALL USP_GetCategories2();
11/13/2012 07:50:10 pm: CALL USP_GetAccounts();
11/13/2012 07:50:10 pm: CALL USP_GetCurrencies();
11/13/2012 07:50:10 pm: CALL USP_GetCategories2();
11/13/2012 07:50:10 pm: CALL USP_GetPayees();
11/13/2012 07:50:10 pm: CALL USP_GetCategories();
11/13/2012 07:50:50 pm: CALL USP_GetCategories();
11/13/2012 07:50:50 pm: CALL USP_GetPayees();
11/13/2012 07:50:50 pm: CALL USP_GetCurrencies();
11/13/2012 07:50:50 pm: CALL USP_GetCategories2();
11/13/2012 07:50:50 pm: CALL USP_GetAccounts();
11/13/2012 07:52:01 pm: CALL USP_GetAccounts();
11/13/2012 07:52:01 pm: CALL USP_GetCurrencies();
11/13/2012 07:52:01 pm: CALL USP_GetPayees();
11/13/2012 07:52:01 pm: CALL USP_GetCategories();
11/13/2012 07:52:01 pm: CALL USP_GetCategories2();
11/13/2012 07:52:44 pm: CALL USP_GetCategories2();
11/13/2012 07:52:44 pm: CALL USP_GetAccounts();
11/13/2012 07:52:44 pm: CALL USP_GetPayees();
11/13/2012 07:52:44 pm: CALL USP_GetCategories();
11/13/2012 07:52:44 pm: CALL USP_GetCurrencies();
11/13/2012 07:53:13 pm: CALL USP_GetCategories();
11/13/2012 07:53:13 pm: CALL USP_GetCurrencies();
11/13/2012 07:53:13 pm: CALL USP_GetPayees();
11/13/2012 07:53:13 pm: CALL USP_GetAccounts();
11/13/2012 07:53:13 pm: CALL USP_GetCategories2();
11/13/2012 07:53:42 pm: CALL USP_GetCurrencies();
11/13/2012 07:53:42 pm: CALL USP_GetPayees();
11/13/2012 07:53:42 pm: CALL USP_GetAccounts();
11/13/2012 07:53:42 pm: CALL USP_GetCategories();
11/13/2012 07:53:42 pm: CALL USP_GetCategories2();
11/13/2012 07:54:32 pm: CALL USP_GetAccounts();
11/13/2012 07:54:32 pm: CALL USP_GetCurrencies();
11/13/2012 07:54:32 pm: CALL USP_GetCategories();
11/13/2012 07:54:32 pm: CALL USP_GetCategories2();
11/13/2012 07:54:32 pm: CALL USP_GetPayees();
11/13/2012 08:04:39 pm: CALL USP_GetAccounts();
11/13/2012 08:04:39 pm: CALL USP_GetCurrencies();
11/13/2012 08:04:39 pm: CALL USP_GetPayees();
11/13/2012 08:04:39 pm: CALL USP_GetCategories();
11/13/2012 08:04:39 pm: CALL USP_GetCategories2();
11/13/2012 08:06:18 pm: CALL USP_GetAccounts();
11/13/2012 08:06:18 pm: CALL USP_GetCurrencies();
11/13/2012 08:06:18 pm: CALL USP_GetCategories2();
11/13/2012 08:06:18 pm: CALL USP_GetPayees();
11/13/2012 08:06:18 pm: CALL USP_GetCategories();
11/13/2012 08:07:54 pm: CALL USP_GetCategories2();
11/13/2012 08:07:54 pm: CALL USP_GetPayees();
11/13/2012 08:07:54 pm: CALL USP_GetAccounts();
11/13/2012 08:07:55 pm: CALL USP_GetCurrencies();
11/13/2012 08:07:55 pm: CALL USP_GetCategories();
11/13/2012 08:09:05 pm: CALL USP_GetAccounts();
11/13/2012 08:09:05 pm: CALL USP_GetCurrencies();
11/13/2012 08:09:05 pm: CALL USP_GetCategories();
11/13/2012 08:09:05 pm: CALL USP_GetPayees();
11/13/2012 08:09:05 pm: CALL USP_GetCategories2();
11/13/2012 08:09:57 pm: CALL USP_GetCurrencies();
11/13/2012 08:09:57 pm: CALL USP_GetAccounts();
11/13/2012 08:09:57 pm: CALL USP_GetCategories2();
11/13/2012 08:09:57 pm: CALL USP_GetCategories();
11/13/2012 08:09:57 pm: CALL USP_GetPayees();
11/13/2012 08:13:03 pm: CALL USP_GetCategories();
11/13/2012 08:13:03 pm: CALL USP_GetAccounts();
11/13/2012 08:13:03 pm: CALL USP_GetCurrencies();
11/13/2012 08:13:03 pm: CALL USP_GetPayees();
11/13/2012 08:13:03 pm: CALL USP_GetCategories2();
11/13/2012 08:15:43 pm: CALL USP_GetPayees();
11/13/2012 08:15:43 pm: CALL USP_GetAccounts();
11/13/2012 08:15:43 pm: CALL USP_GetCurrencies();
11/13/2012 08:15:43 pm: CALL USP_GetCategories();
11/13/2012 08:15:43 pm: CALL USP_GetCategories2();
11/13/2012 08:16:19 pm: CALL USP_GetAccounts();
11/13/2012 08:16:19 pm: CALL USP_GetCurrencies();
11/13/2012 08:16:19 pm: CALL USP_GetCategories();
11/13/2012 08:16:19 pm: CALL USP_GetPayees();
11/13/2012 08:16:19 pm: CALL USP_GetCategories2();
11/13/2012 08:16:59 pm: CALL USP_GetCurrencies();
11/13/2012 08:16:59 pm: CALL USP_GetAccounts();
11/13/2012 08:16:59 pm: CALL USP_GetCategories();
11/13/2012 08:16:59 pm: CALL USP_GetPayees();
11/13/2012 08:16:59 pm: CALL USP_GetCategories2();
11/13/2012 08:25:39 pm: CALL USP_GetAccounts();
11/13/2012 08:25:39 pm: CALL USP_GetCurrencies();
11/13/2012 08:25:39 pm: CALL USP_GetPayees();
11/13/2012 08:25:39 pm: CALL USP_GetCategories();
11/13/2012 08:25:39 pm: CALL USP_GetCategories2();
11/13/2012 08:31:28 pm: CALL USP_GetCurrencies();
11/13/2012 08:31:28 pm: CALL USP_GetCategories();
11/13/2012 08:31:28 pm: CALL USP_GetAccounts();
11/13/2012 08:31:28 pm: CALL USP_GetPayees();
11/13/2012 08:31:28 pm: CALL USP_GetCategories2();
11/13/2012 08:32:27 pm: CALL USP_GetAccounts();
11/13/2012 08:32:27 pm: CALL USP_GetCurrencies();
11/13/2012 08:32:27 pm: CALL USP_GetPayees();
11/13/2012 08:32:27 pm: CALL USP_GetCategories();
11/13/2012 08:32:27 pm: CALL USP_GetCategories2();
11/13/2012 08:33:26 pm: CALL USP_GetPayees();
11/13/2012 08:33:26 pm: CALL USP_GetCurrencies();
11/13/2012 08:33:26 pm: CALL USP_GetAccounts();
11/13/2012 08:33:26 pm: CALL USP_GetCategories();
11/13/2012 08:33:26 pm: CALL USP_GetCategories2();
11/13/2012 08:33:53 pm: CALL USP_GetCategories();
11/13/2012 08:33:53 pm: CALL USP_GetCategories2();
11/13/2012 08:33:53 pm: CALL USP_GetPayees();
11/13/2012 08:33:53 pm: CALL USP_GetAccounts();
11/13/2012 08:33:53 pm: CALL USP_GetCurrencies();
11/13/2012 08:48:53 pm: CALL USP_GetCurrencies();
11/13/2012 08:48:53 pm: CALL USP_GetAccounts();
11/13/2012 08:48:53 pm: CALL USP_GetCategories();
11/13/2012 08:48:53 pm: CALL USP_GetPayees();
11/13/2012 08:48:53 pm: CALL USP_GetCategories2();
11/13/2012 09:11:18 pm: CALL USP_GetAccounts();
11/13/2012 09:11:18 pm: CALL USP_GetPayees();
11/13/2012 09:11:18 pm: CALL USP_GetCategories2();
11/13/2012 09:11:18 pm: CALL USP_GetCategories();
11/13/2012 09:11:18 pm: CALL USP_GetCurrencies();
11/13/2012 09:49:57 pm: CALL USP_GetCategories();
11/13/2012 09:49:57 pm: CALL USP_GetPayees();
11/13/2012 09:49:57 pm: CALL USP_GetCurrencies();
11/13/2012 09:49:57 pm: CALL USP_GetAccounts();
11/13/2012 09:49:57 pm: CALL USP_GetCategories2();
11/13/2012 09:51:32 pm: CALL USP_GetPayees();
11/13/2012 09:51:32 pm: CALL USP_GetCurrencies();
11/13/2012 09:51:32 pm: CALL USP_GetCategories2();
11/13/2012 09:51:32 pm: CALL USP_GetCategories();
11/13/2012 09:51:32 pm: CALL USP_GetAccounts();
11/13/2012 09:51:34 pm: CALL USP_GetCategories();
11/13/2012 09:51:34 pm: CALL USP_GetCurrencies();
11/13/2012 09:51:34 pm: CALL USP_GetAccounts();
11/13/2012 09:51:34 pm: CALL USP_GetCategories2();
11/13/2012 09:51:34 pm: CALL USP_GetPayees();
11/13/2012 09:51:35 pm: CALL USP_GetAccounts();
11/13/2012 09:51:35 pm: CALL USP_GetCurrencies();
11/13/2012 09:51:35 pm: CALL USP_GetCategories2();
11/13/2012 09:51:35 pm: CALL USP_GetCategories();
11/13/2012 09:51:35 pm: CALL USP_GetPayees();
11/13/2012 09:51:36 pm: CALL USP_GetAccounts();
11/13/2012 09:51:36 pm: CALL USP_GetPayees();
11/13/2012 09:51:36 pm: CALL USP_GetCurrencies();
11/13/2012 09:51:36 pm: CALL USP_GetCategories();
11/13/2012 09:51:36 pm: CALL USP_GetCategories2();
11/13/2012 09:51:41 pm: CALL USP_GetCategories2();
11/13/2012 09:51:41 pm: CALL USP_GetAccounts();
11/13/2012 09:51:41 pm: CALL USP_GetPayees();
11/13/2012 09:51:41 pm: CALL USP_GetCategories();
11/13/2012 09:51:41 pm: CALL USP_GetCurrencies();
11/13/2012 09:51:46 pm: CALL USP_GetAccounts();
11/13/2012 09:51:46 pm: CALL USP_GetPayees();
11/13/2012 09:51:46 pm: CALL USP_GetCurrencies();
11/13/2012 09:51:46 pm: CALL USP_GetCategories();
11/13/2012 09:51:46 pm: CALL USP_GetCategories2();
11/13/2012 09:54:20 pm: CALL USP_GetCurrencies();
11/13/2012 09:54:20 pm: CALL USP_GetPayees();
11/13/2012 09:54:20 pm: CALL USP_GetCategories();
11/13/2012 09:54:20 pm: CALL USP_GetCategories2();
11/13/2012 09:54:20 pm: CALL USP_GetAccounts();
11/13/2012 09:55:32 pm: CALL USP_GetCurrencies();
11/13/2012 09:55:32 pm: CALL USP_GetCategories();
11/13/2012 09:55:32 pm: CALL USP_GetPayees();
11/13/2012 09:55:32 pm: CALL USP_GetAccounts();
11/13/2012 09:55:33 pm: CALL USP_GetCategories2();
11/13/2012 09:56:28 pm: CALL USP_GetAccounts();
11/13/2012 09:56:28 pm: CALL USP_GetCurrencies();
11/13/2012 09:56:28 pm: CALL USP_GetPayees();
11/13/2012 09:56:28 pm: CALL USP_GetCategories2();
11/13/2012 09:56:28 pm: CALL USP_GetCategories();
11/13/2012 09:57:39 pm: CALL USP_GetCategories();
11/13/2012 09:57:39 pm: CALL USP_GetAccounts();
11/13/2012 09:57:39 pm: CALL USP_GetPayees();
11/13/2012 09:57:39 pm: CALL USP_GetCategories2();
11/13/2012 09:57:39 pm: CALL USP_GetCurrencies();
