09/05/2012 08:57:03 am: CALL USP_GetCategories();
09/05/2012 08:57:03 am: CALL USP_GetPayees();
09/05/2012 08:57:03 am: CALL USP_GetCategories2();
09/05/2012 08:57:03 am: CALL USP_GetAccounts();
09/05/2012 08:57:03 am: CALL USP_GetCurrencies();
09/05/2012 08:58:20 am: CALL USP_GetPayees();
09/05/2012 08:58:20 am: CALL USP_GetCategories();
09/05/2012 08:58:20 am: CALL USP_GetCategories2();
09/05/2012 08:58:20 am: CALL USP_GetAccounts();
09/05/2012 08:58:20 am: CALL USP_GetCurrencies();
09/05/2012 08:58:26 am: CALL USP_GetAccounts();
09/05/2012 08:58:26 am: CALL USP_GetCurrencies();
09/05/2012 08:58:26 am: CALL USP_GetPayees();
09/05/2012 08:58:26 am: CALL USP_GetCategories();
09/05/2012 08:58:26 am: CALL USP_GetCategories2();
09/05/2012 08:58:55 am: CALL USP_GetCategories();
09/05/2012 08:58:55 am: CALL USP_GetAccounts();
09/05/2012 08:58:55 am: CALL USP_GetCurrencies();
09/05/2012 08:58:55 am: CALL USP_GetCategories2();
09/05/2012 08:58:55 am: CALL USP_GetPayees();
09/05/2012 08:58:56 am: CALL USP_GetAccounts();
09/05/2012 08:58:56 am: CALL USP_GetCurrencies();
09/05/2012 08:58:56 am: CALL USP_GetPayees();
09/05/2012 08:58:56 am: CALL USP_GetCategories2();
09/05/2012 08:58:56 am: CALL USP_GetCategories();
09/05/2012 08:59:23 am: CALL USP_GetCurrencies();
09/05/2012 08:59:23 am: CALL USP_GetAccounts();
09/05/2012 08:59:23 am: CALL USP_GetPayees();
09/05/2012 08:59:23 am: CALL USP_GetCategories();
09/05/2012 08:59:23 am: CALL USP_GetCategories2();
09/05/2012 09:00:43 am: CALL USP_InsertTransaction('2012-09-05','5','1','3','23','102','135','-355','');
09/05/2012 09:00:43 am: CALL USP_InsertTransaction('2012-09-05','5','1','3','23','102','135','-355','');
09/05/2012 09:00:43 am: CALL USP_InsertTransaction('2012-09-05','3','1','3','23','102','135','355','');
09/05/2012 09:00:43 am: CALL USP_InsertTransaction('2012-09-05','3','1','3','23','102','135','355','');
09/05/2012 09:00:46 am: CALL USP_GetAccounts();
09/05/2012 09:00:46 am: CALL USP_GetCurrencies();
09/05/2012 09:00:46 am: CALL USP_GetCategories2();
09/05/2012 09:00:46 am: CALL USP_GetCategories();
09/05/2012 09:00:46 am: CALL USP_GetPayees();
09/05/2012 09:00:53 am: CALL USP_GetAccounts();
09/05/2012 09:00:53 am: CALL USP_GetPayees();
09/05/2012 09:00:53 am: CALL USP_GetCurrencies();
09/05/2012 09:00:53 am: CALL USP_GetCategories();
09/05/2012 09:00:53 am: CALL USP_GetCategories2();
09/05/2012 01:19:54 pm: CALL USP_GetAccounts();
09/05/2012 01:19:55 pm: CALL USP_GetCategories();
09/05/2012 01:19:55 pm: CALL USP_GetCurrencies();
09/05/2012 01:19:55 pm: CALL USP_GetPayees();
09/05/2012 01:19:55 pm: CALL USP_GetCategories2();
