12/16/2012 09:03:42 am: CALL USP_GetCategories();
12/16/2012 09:03:42 am: CALL USP_GetCategories2();
12/16/2012 09:03:42 am: CALL USP_GetPayees();
12/16/2012 09:03:42 am: CALL USP_GetAccounts();
12/16/2012 09:03:42 am: CALL USP_GetCurrencies();
12/16/2012 09:03:49 am: CALL USP_GetCurrencies();
12/16/2012 09:03:49 am: CALL USP_GetAccounts();
12/16/2012 09:03:49 am: CALL USP_GetCategories();
12/16/2012 09:03:49 am: CALL USP_GetPayees();
12/16/2012 09:03:49 am: CALL USP_GetCategories2();
12/16/2012 09:05:38 am: CALL USP_InsertTransaction('2012-12-10','6','1','1','24','116','187','-268.22','Rainbow lake lodge');
12/16/2012 09:05:38 am: CALL USP_InsertTransaction('2012-12-10','6','1','1','24','116','187','-268.22','Rainbow lake lodge');
12/16/2012 09:06:29 am: CALL USP_InsertTransaction('2012-12-12','6','1','1','14','81','187','-28.17','Casa Grande Century 2013');
12/16/2012 09:06:29 am: CALL USP_InsertTransaction('2012-12-12','6','1','1','14','81','187','-28.17','Casa Grande Century 2013');
12/16/2012 09:08:17 am: CALL USP_InsertTransaction('2012-12-12','6','1','1','23','133','187','-162.1','Cash withdrawal');
12/16/2012 09:08:17 am: CALL USP_InsertTransaction('2012-12-12','6','1','1','23','133','187','-162.1','Cash withdrawal');
12/16/2012 09:09:08 am: CALL USP_InsertTransaction('2012-12-12','6','1','1','5','39','187','-10.22','Geology Underfoot in Northern Arizona');
12/16/2012 09:09:08 am: CALL USP_InsertTransaction('2012-12-12','6','1','1','5','39','187','-10.22','Geology Underfoot in Northern Arizona');
12/16/2012 09:11:02 am: CALL USP_InsertTransaction('2012-12-12','6','1','1','24','116','187','-85.81','Moenkopi hotel');
12/16/2012 09:11:02 am: CALL USP_InsertTransaction('2012-12-12','6','1','1','24','116','187','-85.81','Moenkopi hotel');
12/16/2012 09:11:08 am: CALL USP_GetCurrencies();
12/16/2012 09:11:08 am: CALL USP_GetAccounts();
12/16/2012 09:11:08 am: CALL USP_GetCategories();
12/16/2012 09:11:08 am: CALL USP_GetPayees();
12/16/2012 09:11:08 am: CALL USP_GetCategories2();
12/16/2012 09:13:28 am: CALL USP_GetCategories();
12/16/2012 09:13:28 am: CALL USP_GetPayees();
12/16/2012 09:13:28 am: CALL USP_GetCurrencies();
12/16/2012 09:13:28 am: CALL USP_GetAccounts();
12/16/2012 09:13:28 am: CALL USP_GetCategories2();
12/16/2012 09:13:39 am: CALL USP_GetAccounts();
12/16/2012 09:13:39 am: CALL USP_GetCategories2();
12/16/2012 09:13:40 am: CALL USP_GetCategories();
12/16/2012 09:13:40 am: CALL USP_GetPayees();
12/16/2012 09:13:40 am: CALL USP_GetCurrencies();
12/16/2012 10:08:28 am: CALL USP_GetCategories();
12/16/2012 10:08:28 am: CALL USP_GetCurrencies();
12/16/2012 10:08:28 am: CALL USP_GetAccounts();
12/16/2012 10:08:28 am: CALL USP_GetCategories2();
12/16/2012 10:08:28 am: CALL USP_GetPayees();
12/16/2012 10:09:04 am: CALL USP_GetCurrencies();
12/16/2012 10:09:04 am: CALL USP_GetAccounts();
12/16/2012 10:09:04 am: CALL USP_GetPayees();
12/16/2012 10:09:04 am: CALL USP_GetCategories();
12/16/2012 10:09:04 am: CALL USP_GetCategories2();
12/16/2012 10:15:55 am: CALL USP_InsertTransaction('2012-12-14','1','1','2','2','18','142','-35.12','');
12/16/2012 10:15:55 am: CALL USP_InsertTransaction('2012-12-14','1','1','2','2','18','142','-35.12','');
12/16/2012 10:16:05 am: CALL USP_InsertTransaction('2012-12-14','1','1','2','2','19','142','-2.78','');
12/16/2012 10:16:05 am: CALL USP_InsertTransaction('2012-12-14','1','1','2','2','19','142','-2.78','');
12/16/2012 10:16:09 am: CALL USP_GetAccounts();
12/16/2012 10:16:09 am: CALL USP_GetCategories();
12/16/2012 10:16:09 am: CALL USP_GetCurrencies();
12/16/2012 10:16:09 am: CALL USP_GetPayees();
12/16/2012 10:16:09 am: CALL USP_GetCategories2();
12/16/2012 10:16:28 am: CALL USP_GetCategories();
12/16/2012 10:16:28 am: CALL USP_GetAccounts();
12/16/2012 10:16:28 am: CALL USP_GetCurrencies();
12/16/2012 10:16:28 am: CALL USP_GetPayees();
12/16/2012 10:16:28 am: CALL USP_GetCategories2();
12/16/2012 10:23:10 am: CALL USP_GetCurrencies();
12/16/2012 10:23:10 am: CALL USP_GetAccounts();
12/16/2012 10:23:10 am: CALL USP_GetPayees();
12/16/2012 10:23:10 am: CALL USP_GetCategories();
12/16/2012 10:23:10 am: CALL USP_GetCategories2();
12/16/2012 10:23:40 am: CALL USP_InsertTransaction('2012-12-10','17','1','1','4','37','72','-3.98','HTC Desire V battery');
12/16/2012 10:23:40 am: CALL USP_InsertTransaction('2012-12-10','17','1','1','4','37','72','-3.98','HTC Desire V battery');
12/16/2012 10:23:45 am: CALL USP_GetAccounts();
12/16/2012 10:23:45 am: CALL USP_GetCurrencies();
12/16/2012 10:23:45 am: CALL USP_GetCategories();
12/16/2012 10:23:45 am: CALL USP_GetPayees();
12/16/2012 10:23:45 am: CALL USP_GetCategories2();
12/16/2012 10:25:57 am: CALL USP_GetCurrencies();
12/16/2012 10:25:57 am: CALL USP_GetAccounts();
12/16/2012 10:25:57 am: CALL USP_GetCategories();
12/16/2012 10:25:57 am: CALL USP_GetCategories2();
12/16/2012 10:25:57 am: CALL USP_GetPayees();
12/16/2012 10:26:26 am: CALL USP_InsertTransaction('2012-11-27','17','1','1','2','32','184','-5.83','120 min France');
12/16/2012 10:26:26 am: CALL USP_InsertTransaction('2012-11-27','17','1','1','2','32','184','-5.83','120 min France');
12/16/2012 10:26:33 am: CALL USP_GetCurrencies();
12/16/2012 10:26:33 am: CALL USP_GetPayees();
12/16/2012 10:26:33 am: CALL USP_GetCategories();
12/16/2012 10:26:33 am: CALL USP_GetAccounts();
12/16/2012 10:26:33 am: CALL USP_GetCategories2();
12/16/2012 10:27:08 am: CALL USP_GetAccounts();
12/16/2012 10:27:08 am: CALL USP_GetCurrencies();
12/16/2012 10:27:08 am: CALL USP_GetPayees();
12/16/2012 10:27:08 am: CALL USP_GetCategories2();
12/16/2012 10:27:08 am: CALL USP_GetCategories();
12/16/2012 10:27:46 am: CALL USP_InsertTransaction('2012-12-14','1','1','2','2','18','142','-35.12','');
12/16/2012 10:27:46 am: CALL USP_InsertTransaction('2012-12-14','1','1','2','2','18','142','-35.12','');
12/16/2012 10:28:04 am: CALL USP_InsertTransaction('2012-12-14','1','1','2','2','18','142','35.12','');
12/16/2012 10:28:04 am: CALL USP_InsertTransaction('2012-12-14','1','1','2','2','18','142','35.12','');
12/16/2012 10:28:14 am: CALL USP_InsertTransaction('2012-12-14','1','1','2','2','19','142','2.78','');
12/16/2012 10:28:14 am: CALL USP_InsertTransaction('2012-12-14','1','1','2','2','19','142','2.78','');
12/16/2012 10:28:18 am: CALL USP_GetAccounts();
12/16/2012 10:28:18 am: CALL USP_GetCurrencies();
12/16/2012 10:28:18 am: CALL USP_GetCategories();
12/16/2012 10:28:18 am: CALL USP_GetPayees();
12/16/2012 10:28:18 am: CALL USP_GetCategories2();
12/16/2012 10:29:32 am: CALL USP_GetAccounts();
12/16/2012 10:29:32 am: CALL USP_GetPayees();
12/16/2012 10:29:32 am: CALL USP_GetCurrencies();
12/16/2012 10:29:32 am: CALL USP_GetCategories();
12/16/2012 10:29:32 am: CALL USP_GetCategories2();
12/16/2012 10:29:46 am: CALL USP_InsertTransaction('2012-12-16','1','1','3','23','102','135','-125','');
12/16/2012 10:29:46 am: CALL USP_InsertTransaction('2012-12-16','1','1','3','23','102','135','-125','');
12/16/2012 10:29:46 am: CALL USP_InsertTransaction('2012-12-16','3','1','3','23','102','135','125','');
12/16/2012 10:29:46 am: CALL USP_InsertTransaction('2012-12-16','3','1','3','23','102','135','125','');
12/16/2012 10:29:50 am: CALL USP_GetAccounts();
12/16/2012 10:29:50 am: CALL USP_GetCategories2();
12/16/2012 10:29:50 am: CALL USP_GetCurrencies();
12/16/2012 10:29:50 am: CALL USP_GetPayees();
12/16/2012 10:29:50 am: CALL USP_GetCategories();
12/16/2012 10:30:16 am: CALL USP_GetCurrencies();
12/16/2012 10:30:16 am: CALL USP_GetCategories();
12/16/2012 10:30:16 am: CALL USP_GetAccounts();
12/16/2012 10:30:16 am: CALL USP_GetPayees();
12/16/2012 10:30:16 am: CALL USP_GetCategories2();
12/16/2012 10:30:33 am: CALL USP_GetAccounts();
12/16/2012 10:30:33 am: CALL USP_GetCategories2();
12/16/2012 10:30:33 am: CALL USP_GetCurrencies();
12/16/2012 10:30:33 am: CALL USP_GetCategories();
12/16/2012 10:30:33 am: CALL USP_GetPayees();
12/16/2012 10:31:02 am: CALL USP_InsertTransaction('2012-12-12','19','1','1','14','83','187','-1.3','postcards');
12/16/2012 10:31:02 am: CALL USP_InsertTransaction('2012-12-12','19','1','1','14','83','187','-1.3','postcards');
12/16/2012 10:31:22 am: CALL USP_InsertTransaction('2012-12-12','19','1','1','8','47','0','-11','jewelery');
12/16/2012 10:31:29 am: CALL USP_InsertTransaction('2012-12-12','19','1','1','8','47','0','-11','jewelery');
12/16/2012 10:32:10 am: CALL USP_InsertTransaction('2012-12-12','19','1','1','8','47','0','-11','jewelery');
12/16/2012 10:32:16 am: CALL USP_InsertTransaction('2012-12-12','19','1','1','8','47','0','-11','jewelery');
12/16/2012 10:32:31 am: CALL USP_InsertTransaction('2012-12-12','19','1','1','8','47','187','-11','jewelery for Aurélie');
12/16/2012 10:32:31 am: CALL USP_InsertTransaction('2012-12-12','19','1','1','8','47','187','-11','jewelery for Aurélie');
12/16/2012 10:32:37 am: CALL USP_GetAccounts();
12/16/2012 10:32:37 am: CALL USP_GetCurrencies();
12/16/2012 10:32:37 am: CALL USP_GetCategories2();
12/16/2012 10:32:37 am: CALL USP_GetPayees();
12/16/2012 10:32:37 am: CALL USP_GetCategories();
12/16/2012 10:32:39 am: CALL USP_GetPayees();
12/16/2012 10:32:39 am: CALL USP_GetCategories2();
12/16/2012 10:32:40 am: CALL USP_GetCurrencies();
12/16/2012 10:32:40 am: CALL USP_GetAccounts();
12/16/2012 10:32:40 am: CALL USP_GetCategories();
12/16/2012 10:32:57 am: CALL USP_GetCurrencies();
12/16/2012 10:32:57 am: CALL USP_GetAccounts();
12/16/2012 10:32:57 am: CALL USP_GetPayees();
12/16/2012 10:32:57 am: CALL USP_GetCategories();
12/16/2012 10:32:57 am: CALL USP_GetCategories2();
12/16/2012 10:34:07 am: CALL USP_InsertTransaction('2012-12-11','19','1','2','23','110','135','365','300 Euro conversion');
12/16/2012 10:34:07 am: CALL USP_InsertTransaction('2012-12-11','19','1','2','23','110','135','365','300 Euro conversion');
12/16/2012 10:34:11 am: CALL USP_GetCurrencies();
12/16/2012 10:34:11 am: CALL USP_GetPayees();
12/16/2012 10:34:11 am: CALL USP_GetCategories();
12/16/2012 10:34:11 am: CALL USP_GetAccounts();
12/16/2012 10:34:11 am: CALL USP_GetCategories2();
12/16/2012 10:34:12 am: CALL USP_GetAccounts();
12/16/2012 10:34:12 am: CALL USP_GetCurrencies();
12/16/2012 10:34:12 am: CALL USP_GetPayees();
12/16/2012 10:34:12 am: CALL USP_GetCategories();
12/16/2012 10:34:12 am: CALL USP_GetCategories2();
12/16/2012 10:34:13 am: CALL USP_GetAccounts();
12/16/2012 10:34:13 am: CALL USP_GetCurrencies();
12/16/2012 10:34:13 am: CALL USP_GetPayees();
12/16/2012 10:34:13 am: CALL USP_GetCategories();
12/16/2012 10:34:13 am: CALL USP_GetCategories2();
12/16/2012 10:34:14 am: CALL USP_GetAccounts();
12/16/2012 10:34:14 am: CALL USP_GetCategories2();
12/16/2012 10:34:14 am: CALL USP_GetCategories();
12/16/2012 10:34:14 am: CALL USP_GetCurrencies();
12/16/2012 10:34:14 am: CALL USP_GetPayees();
12/16/2012 10:34:14 am: CALL USP_GetAccounts();
12/16/2012 10:34:14 am: CALL USP_GetCurrencies();
12/16/2012 10:34:14 am: CALL USP_GetPayees();
12/16/2012 10:34:14 am: CALL USP_GetCategories();
12/16/2012 10:34:14 am: CALL USP_GetCategories2();
12/16/2012 10:34:14 am: CALL USP_GetCurrencies();
12/16/2012 10:34:14 am: CALL USP_GetPayees();
12/16/2012 10:34:14 am: CALL USP_GetAccounts();
12/16/2012 10:34:14 am: CALL USP_GetCategories();
12/16/2012 10:34:14 am: CALL USP_GetCategories2();
12/16/2012 10:34:27 am: CALL USP_GetAccounts();
12/16/2012 10:34:27 am: CALL USP_GetCategories();
12/16/2012 10:34:27 am: CALL USP_GetPayees();
12/16/2012 10:34:27 am: CALL USP_GetCurrencies();
12/16/2012 10:34:27 am: CALL USP_GetCategories2();
12/16/2012 10:34:40 am: CALL USP_GetCurrencies();
12/16/2012 10:34:40 am: CALL USP_GetCategories();
12/16/2012 10:34:40 am: CALL USP_GetPayees();
12/16/2012 10:34:40 am: CALL USP_GetCategories2();
12/16/2012 10:34:40 am: CALL USP_GetAccounts();
12/16/2012 12:34:04 pm: CALL USP_GetAccounts();
12/16/2012 12:34:04 pm: CALL USP_GetCategories();
12/16/2012 12:34:04 pm: CALL USP_GetCategories2();
12/16/2012 12:34:04 pm: CALL USP_GetCurrencies();
12/16/2012 12:34:04 pm: CALL USP_GetPayees();
12/16/2012 12:34:09 pm: CALL USP_GetAccounts();
12/16/2012 12:34:09 pm: CALL USP_GetPayees();
12/16/2012 12:34:09 pm: CALL USP_GetCategories();
12/16/2012 12:34:09 pm: CALL USP_GetCategories2();
12/16/2012 12:34:09 pm: CALL USP_GetCurrencies();
12/16/2012 09:05:43 pm: CALL USP_GetCurrencies();
12/16/2012 09:05:43 pm: CALL USP_GetAccounts();
12/16/2012 09:05:43 pm: CALL USP_GetPayees();
12/16/2012 09:05:43 pm: CALL USP_GetCategories();
12/16/2012 09:05:43 pm: CALL USP_GetCategories2();
12/16/2012 09:15:27 pm: CALL USP_InsertTransaction('2012-12-16','19','1','1','7','45','218','-11.63','');
12/16/2012 09:15:27 pm: CALL USP_InsertTransaction('2012-12-16','19','1','1','7','45','218','-11.63','');
12/16/2012 09:15:29 pm: CALL USP_GetCategories();
12/16/2012 09:15:29 pm: CALL USP_GetPayees();
12/16/2012 09:15:29 pm: CALL USP_GetCategories2();
12/16/2012 09:15:29 pm: CALL USP_GetAccounts();
12/16/2012 09:15:29 pm: CALL USP_GetCurrencies();
