09/23/2012 01:33:35 pm: CALL USP_GetCategories();
09/23/2012 01:33:35 pm: CALL USP_GetCurrencies();
09/23/2012 01:33:35 pm: CALL USP_GetCategories2();
09/23/2012 01:33:35 pm: CALL USP_GetAccounts();
09/23/2012 01:33:35 pm: CALL USP_GetPayees();
09/23/2012 01:33:36 pm: CALL USP_GetAccounts();
09/23/2012 01:33:36 pm: CALL USP_GetCurrencies();
09/23/2012 01:33:36 pm: CALL USP_GetCategories2();
09/23/2012 01:33:36 pm: CALL USP_GetPayees();
09/23/2012 01:33:36 pm: CALL USP_GetCategories();
09/23/2012 01:34:40 pm: CALL USP_InsertTransaction('2012-09-23','11','1','1','29','128','154','-10.95','Seaweed, Red rice');
09/23/2012 01:34:40 pm: CALL USP_InsertTransaction('2012-09-23','11','1','1','29','128','154','-10.95','Seaweed, Red rice');
09/23/2012 01:35:26 pm: CALL USP_InsertTransaction('2012-09-23','11','1','1','29','128','123','-10.32','8 x pack of mixed nuts');
09/23/2012 01:35:26 pm: CALL USP_InsertTransaction('2012-09-23','11','1','1','29','128','123','-10.32','8 x pack of mixed nuts');
09/23/2012 01:35:53 pm: CALL USP_InsertTransaction('2012-09-23','11','1','1','7','45','123','-1.99','');
09/23/2012 01:35:53 pm: CALL USP_InsertTransaction('2012-09-23','11','1','1','7','45','123','-1.99','');
09/23/2012 01:36:14 pm: CALL USP_InsertTransaction('2012-09-23','11','1','1','29','128','123','-1.89','spices');
09/23/2012 01:36:14 pm: CALL USP_InsertTransaction('2012-09-23','11','1','1','29','128','123','-1.89','spices');
09/23/2012 01:36:30 pm: CALL USP_InsertTransaction('2012-09-23','11','1','1','7','45','8','-8.49','');
09/23/2012 01:36:30 pm: CALL USP_InsertTransaction('2012-09-23','11','1','1','7','45','8','-8.49','');
09/23/2012 01:36:35 pm: CALL USP_InsertTransaction('2012-09-23','11','1','1','7','45','8','-2.98','');
09/23/2012 01:36:35 pm: CALL USP_InsertTransaction('2012-09-23','11','1','1','7','45','8','-2.98','');
09/23/2012 01:36:42 pm: CALL USP_GetPayees();
09/23/2012 01:36:42 pm: CALL USP_GetCurrencies();
09/23/2012 01:36:42 pm: CALL USP_GetCategories();
09/23/2012 01:36:42 pm: CALL USP_GetCategories2();
09/23/2012 01:36:42 pm: CALL USP_GetAccounts();
09/23/2012 07:55:20 pm: CALL USP_GetAccounts();
09/23/2012 07:55:20 pm: CALL USP_GetCurrencies();
09/23/2012 07:55:20 pm: CALL USP_GetPayees();
09/23/2012 07:55:20 pm: CALL USP_GetCategories2();
09/23/2012 07:55:20 pm: CALL USP_GetCategories();
09/23/2012 07:55:30 pm: CALL USP_GetCurrencies();
09/23/2012 07:55:30 pm: CALL USP_GetAccounts();
09/23/2012 07:55:30 pm: CALL USP_GetPayees();
09/23/2012 07:55:30 pm: CALL USP_GetCategories2();
09/23/2012 07:55:30 pm: CALL USP_GetCategories();
09/23/2012 09:32:22 pm: CALL USP_GetAccounts();
09/23/2012 09:32:22 pm: CALL USP_GetCurrencies();
09/23/2012 09:32:22 pm: CALL USP_GetCategories();
09/23/2012 09:32:22 pm: CALL USP_GetCategories2();
09/23/2012 09:32:22 pm: CALL USP_GetPayees();
09/23/2012 09:50:59 pm: CALL USP_GetPayees();
09/23/2012 09:50:59 pm: CALL USP_GetCurrencies();
09/23/2012 09:50:59 pm: CALL USP_GetAccounts();
09/23/2012 09:50:59 pm: CALL USP_GetCategories();
09/23/2012 09:50:59 pm: CALL USP_GetCategories2();
