09/27/2012 11:16:43 am: CALL USP_GetCategories();
09/27/2012 11:16:43 am: CALL USP_GetCategories2();
09/27/2012 11:16:43 am: CALL USP_GetPayees();
09/27/2012 11:16:43 am: CALL USP_GetAccounts();
09/27/2012 11:16:43 am: CALL USP_GetCurrencies();
09/27/2012 11:17:00 am: CALL USP_GetAccounts();
09/27/2012 11:17:00 am: CALL USP_GetPayees();
09/27/2012 11:17:00 am: CALL USP_GetCategories();
09/27/2012 11:17:00 am: CALL USP_GetCategories2();
09/27/2012 11:17:00 am: CALL USP_GetCurrencies();
09/27/2012 11:17:46 am: CALL USP_InsertTransaction('2012-09-27','1','1','1','2','20','25','-14.23','');
09/27/2012 11:17:46 am: CALL USP_InsertTransaction('2012-09-27','1','1','1','2','20','25','-14.23','');
09/27/2012 11:17:49 am: CALL USP_GetCurrencies();
09/27/2012 11:17:49 am: CALL USP_GetAccounts();
09/27/2012 11:17:49 am: CALL USP_GetCategories();
09/27/2012 11:17:49 am: CALL USP_GetPayees();
09/27/2012 11:17:50 am: CALL USP_GetCategories2();
09/27/2012 01:55:01 pm: CALL USP_GetAccounts();
09/27/2012 01:55:01 pm: CALL USP_GetCurrencies();
09/27/2012 01:55:02 pm: CALL USP_GetPayees();
09/27/2012 01:55:02 pm: CALL USP_GetCategories();
09/27/2012 01:55:02 pm: CALL USP_GetCategories2();
09/27/2012 07:57:38 pm: CALL USP_GetCategories();
09/27/2012 07:57:38 pm: CALL USP_GetCategories2();
09/27/2012 07:57:38 pm: CALL USP_GetPayees();
09/27/2012 07:57:38 pm: CALL USP_GetCurrencies();
09/27/2012 07:57:38 pm: CALL USP_GetAccounts();
09/27/2012 08:43:33 pm: CALL USP_GetCurrencies();
09/27/2012 08:43:33 pm: CALL USP_GetPayees();
09/27/2012 08:43:33 pm: CALL USP_GetCategories();
09/27/2012 08:43:33 pm: CALL USP_GetAccounts();
09/27/2012 08:43:34 pm: CALL USP_GetCategories2();
09/27/2012 08:43:56 pm: CALL USP_GetAccounts();
09/27/2012 08:43:56 pm: CALL USP_GetCurrencies();
09/27/2012 08:43:56 pm: CALL USP_GetPayees();
09/27/2012 08:43:56 pm: CALL USP_GetCategories();
09/27/2012 08:43:56 pm: CALL USP_GetCategories2();
09/27/2012 08:44:23 pm: CALL USP_InsertTransaction('2012-09-27','1','1','1','2','20','25','-14.23','');
09/27/2012 08:44:23 pm: CALL USP_InsertTransaction('2012-09-27','1','1','1','2','20','25','-14.23','');
09/27/2012 08:44:45 pm: CALL USP_InsertTransaction('2012-09-27','11','1','1','7','45','8','-4.48','');
09/27/2012 08:44:45 pm: CALL USP_InsertTransaction('2012-09-27','11','1','1','7','45','8','-4.48','');
09/27/2012 08:44:56 pm: CALL USP_GetCategories();
09/27/2012 08:44:56 pm: CALL USP_GetAccounts();
09/27/2012 08:44:56 pm: CALL USP_GetCurrencies();
09/27/2012 08:44:56 pm: CALL USP_GetCategories2();
09/27/2012 08:44:56 pm: CALL USP_GetPayees();
09/27/2012 08:44:58 pm: CALL USP_GetCurrencies();
09/27/2012 08:44:58 pm: CALL USP_GetAccounts();
09/27/2012 08:44:58 pm: CALL USP_GetCategories();
09/27/2012 08:44:58 pm: CALL USP_GetCategories2();
09/27/2012 08:44:58 pm: CALL USP_GetPayees();
