11/21/2012 07:51:35 pm: CALL USP_GetCurrencies();
11/21/2012 07:51:35 pm: CALL USP_GetCategories();
11/21/2012 07:51:35 pm: CALL USP_GetPayees();
11/21/2012 07:51:35 pm: CALL USP_GetAccounts();
11/21/2012 07:51:35 pm: CALL USP_GetCategories2();
11/21/2012 07:51:36 pm: CALL USP_GetCurrencies();
11/21/2012 07:51:36 pm: CALL USP_GetAccounts();
11/21/2012 07:51:36 pm: CALL USP_GetCategories();
11/21/2012 07:51:36 pm: CALL USP_GetPayees();
11/21/2012 07:51:36 pm: CALL USP_GetCategories2();
11/21/2012 07:53:58 pm: CALL USP_InsertTransaction('2012-11-21','6','1','1','14','82','208','-53.3','Petzl Tikka XP 2 Head Torch  Graphite');
11/21/2012 07:53:58 pm: CALL USP_InsertTransaction('2012-11-21','6','1','1','14','82','208','-53.3','Petzl Tikka XP 2 Head Torch  Graphite');
11/21/2012 07:54:10 pm: CALL USP_GetCategories();
11/21/2012 07:54:10 pm: CALL USP_GetAccounts();
11/21/2012 07:54:10 pm: CALL USP_GetPayees();
11/21/2012 07:54:10 pm: CALL USP_GetCurrencies();
11/21/2012 07:54:10 pm: CALL USP_GetCategories2();
11/21/2012 07:56:34 pm: CALL USP_GetCurrencies();
11/21/2012 07:56:34 pm: CALL USP_GetCategories();
11/21/2012 07:56:34 pm: CALL USP_GetCategories2();
11/21/2012 07:56:34 pm: CALL USP_GetAccounts();
11/21/2012 07:56:34 pm: CALL USP_GetPayees();
11/21/2012 07:57:05 pm: CALL USP_GetAccounts();
11/21/2012 07:57:05 pm: CALL USP_GetCurrencies();
11/21/2012 07:57:05 pm: CALL USP_GetCategories2();
11/21/2012 07:57:05 pm: CALL USP_GetCategories();
11/21/2012 07:57:05 pm: CALL USP_GetPayees();
11/21/2012 07:58:28 pm: CALL USP_GetAccounts();
11/21/2012 07:58:28 pm: CALL USP_GetCurrencies();
11/21/2012 07:58:28 pm: CALL USP_GetPayees();
11/21/2012 07:58:28 pm: CALL USP_GetCategories();
11/21/2012 07:58:28 pm: CALL USP_GetCategories2();
11/21/2012 08:08:02 pm: CALL USP_GetAccounts();
11/21/2012 08:08:02 pm: CALL USP_GetCurrencies();
11/21/2012 08:08:02 pm: CALL USP_GetPayees();
11/21/2012 08:08:02 pm: CALL USP_GetCategories();
11/21/2012 08:08:02 pm: CALL USP_GetCategories2();
11/21/2012 08:11:31 pm: CALL USP_GetCurrencies();
11/21/2012 08:11:31 pm: CALL USP_GetAccounts();
11/21/2012 08:11:31 pm: CALL USP_GetCategories();
11/21/2012 08:11:31 pm: CALL USP_GetCategories2();
11/21/2012 08:11:31 pm: CALL USP_GetPayees();
11/21/2012 09:02:09 pm: CALL USP_GetAccounts();
11/21/2012 09:02:09 pm: CALL USP_GetPayees();
11/21/2012 09:02:09 pm: CALL USP_GetCurrencies();
11/21/2012 09:02:10 pm: CALL USP_GetCategories2();
11/21/2012 09:02:10 pm: CALL USP_GetCategories();
11/21/2012 09:06:36 pm: CALL USP_GetAccounts ()
11/21/2012 09:08:31 pm: CALL USP_GetAccounts();
11/21/2012 09:08:31 pm: CALL USP_GetCategories2();
11/21/2012 09:08:31 pm: CALL USP_GetCurrencies();
11/21/2012 09:08:31 pm: CALL USP_GetPayees();
11/21/2012 09:08:31 pm: CALL USP_GetCategories();
11/21/2012 09:09:59 pm: CALL USP_GetAccounts();
11/21/2012 09:09:59 pm: CALL USP_GetCurrencies();
11/21/2012 09:09:59 pm: CALL USP_GetCategories2();
11/21/2012 09:09:59 pm: CALL USP_GetPayees();
11/21/2012 09:09:59 pm: CALL USP_GetCategories();
11/21/2012 09:10:28 pm: CALL USP_GetAccounts();
11/21/2012 09:10:28 pm: CALL USP_GetCurrencies();
11/21/2012 09:10:28 pm: CALL USP_GetCategories2();
11/21/2012 09:10:28 pm: CALL USP_GetPayees();
11/21/2012 09:10:28 pm: CALL USP_GetCategories();
11/21/2012 09:11:02 pm: CALL USP_GetAccounts();
11/21/2012 09:11:02 pm: CALL USP_GetCurrencies();
11/21/2012 09:11:02 pm: CALL USP_GetPayees();
11/21/2012 09:11:02 pm: CALL USP_GetCategories();
11/21/2012 09:11:02 pm: CALL USP_GetCategories2();
11/21/2012 09:11:03 pm: CALL USP_GetAccounts ()
11/21/2012 09:11:13 pm: CALL USP_GetCurrencies();
11/21/2012 09:11:13 pm: CALL USP_GetCategories();
11/21/2012 09:11:13 pm: CALL USP_GetPayees();
11/21/2012 09:11:13 pm: CALL USP_GetCategories2();
11/21/2012 09:11:13 pm: CALL USP_GetAccounts();
11/21/2012 09:12:47 pm: CALL USP_GetAccounts();
11/21/2012 09:12:47 pm: CALL USP_GetCategories();
11/21/2012 09:12:47 pm: CALL USP_GetCurrencies();
11/21/2012 09:12:47 pm: CALL USP_GetPayees();
11/21/2012 09:12:47 pm: CALL USP_GetCategories2();
11/21/2012 09:15:51 pm: CALL USP_GetCurrencies();
11/21/2012 09:15:51 pm: CALL USP_GetAccounts();
11/21/2012 09:15:51 pm: CALL USP_GetCategories();
11/21/2012 09:15:51 pm: CALL USP_GetPayees();
11/21/2012 09:15:51 pm: CALL USP_GetCategories2();
11/21/2012 09:15:54 pm: CALL USP_GetTransactionTypes ()
11/21/2012 09:17:56 pm: CALL USP_GetPayees ()
11/21/2012 09:18:51 pm: CALL USP_GetCurrencies ()
11/21/2012 09:19:26 pm: CALL USP_GetCategories ()
11/21/2012 09:20:15 pm: CALL USP_GetAccounts();
11/21/2012 09:20:15 pm: CALL USP_GetCurrencies();
11/21/2012 09:20:15 pm: CALL USP_GetCategories();
11/21/2012 09:20:15 pm: CALL USP_GetPayees();
11/21/2012 09:20:15 pm: CALL USP_GetCategories2();
11/21/2012 09:20:17 pm: CALL USP_GetCategories2 ()
11/21/2012 09:20:42 pm: CALL USP_GetAccounts();
11/21/2012 09:20:42 pm: CALL USP_GetPayees();
11/21/2012 09:20:42 pm: CALL USP_GetCurrencies();
11/21/2012 09:20:42 pm: CALL USP_GetCategories();
11/21/2012 09:20:42 pm: CALL USP_GetCategories2();
11/21/2012 09:21:17 pm: CALL USP_InsertTransaction('2012-11-21','','1','0','0','0','0','0','test after update');
11/21/2012 09:21:27 pm: CALL USP_InsertTransaction('2012-11-21','','1','0','0','0','0','0','test after update');
11/21/2012 09:22:12 pm: CALL USP_InsertTransaction('2012-11-21','1','1','1','25','123','135','0','test after update');
11/21/2012 09:22:12 pm: CALL USP_InsertTransaction('2012-11-21','1','1','1','25','123','135','0','test after update');
11/21/2012 09:22:20 pm: CALL USP_GetAccounts();
11/21/2012 09:22:20 pm: CALL USP_GetCurrencies();
11/21/2012 09:22:20 pm: CALL USP_GetCategories();
11/21/2012 09:22:20 pm: CALL USP_GetPayees();
11/21/2012 09:22:20 pm: CALL USP_GetCategories2();
11/21/2012 09:22:41 pm: CALL USP_GetAccounts();
11/21/2012 09:22:41 pm: CALL USP_GetCurrencies();
11/21/2012 09:22:41 pm: CALL USP_GetPayees();
11/21/2012 09:22:41 pm: CALL USP_GetCategories2();
11/21/2012 09:22:41 pm: CALL USP_GetCategories();
11/21/2012 09:27:31 pm: CALL USP_GetAccounts();
11/21/2012 09:27:31 pm: CALL USP_GetCurrencies();
11/21/2012 09:27:31 pm: CALL USP_GetPayees();
11/21/2012 09:27:31 pm: CALL USP_GetCategories();
11/21/2012 09:27:31 pm: CALL USP_GetCategories2();
11/21/2012 09:29:11 pm: CALL USP_GetAccounts();
11/21/2012 09:29:11 pm: CALL USP_GetCurrencies();
11/21/2012 09:29:11 pm: CALL USP_GetCategories();
11/21/2012 09:29:11 pm: CALL USP_GetCategories2();
11/21/2012 09:29:11 pm: CALL USP_GetPayees();
11/21/2012 09:32:09 pm: CALL USP_GetCategories();
11/21/2012 09:32:09 pm: CALL USP_GetCurrencies();
11/21/2012 09:32:09 pm: CALL USP_GetAccounts();
11/21/2012 09:32:09 pm: CALL USP_GetPayees();
11/21/2012 09:32:09 pm: CALL USP_GetCategories2();
11/21/2012 09:33:08 pm: CALL USP_GetAccounts();
11/21/2012 09:33:08 pm: CALL USP_GetCurrencies();
11/21/2012 09:33:08 pm: CALL USP_GetPayees();
11/21/2012 09:33:08 pm: CALL USP_GetCategories2();
11/21/2012 09:33:08 pm: CALL USP_GetCategories();
11/21/2012 09:34:32 pm: CALL USP_GetAccounts();
11/21/2012 09:34:32 pm: CALL USP_GetCurrencies();
11/21/2012 09:34:32 pm: CALL USP_GetPayees();
11/21/2012 09:34:32 pm: CALL USP_GetCategories();
11/21/2012 09:34:32 pm: CALL USP_GetCategories2();
