12/10/2012 03:20:19 am: CALL USP_GetPayees();
12/10/2012 03:20:19 am: CALL USP_GetCategories();
12/10/2012 03:20:19 am: CALL USP_GetCategories2();
12/10/2012 03:20:19 am: CALL USP_GetCurrencies();
12/10/2012 03:20:19 am: CALL USP_GetAccounts();
12/10/2012 03:20:32 am: CALL USP_GetPayees();
12/10/2012 03:20:32 am: CALL USP_GetCurrencies();
12/10/2012 03:20:32 am: CALL USP_GetCategories();
12/10/2012 03:20:32 am: CALL USP_GetCategories2();
12/10/2012 03:20:32 am: CALL USP_GetAccounts();
12/10/2012 03:21:33 am: CALL USP_InsertTransaction('2012-12-09','19','1','1','14','77','187','-12','Chez Vous resto');
12/10/2012 03:21:33 am: CALL USP_InsertTransaction('2012-12-09','19','1','1','14','77','187','-12','Chez Vous resto');
12/10/2012 03:21:35 am: CALL USP_GetCategories();
12/10/2012 03:21:35 am: CALL USP_GetCurrencies();
12/10/2012 03:21:35 am: CALL USP_GetCategories2();
12/10/2012 03:21:35 am: CALL USP_GetAccounts();
12/10/2012 03:21:35 am: CALL USP_GetPayees();
12/10/2012 03:21:51 am: CALL USP_GetCurrencies();
12/10/2012 03:21:51 am: CALL USP_GetPayees();
12/10/2012 03:21:51 am: CALL USP_GetCategories();
12/10/2012 03:21:51 am: CALL USP_GetCategories2();
12/10/2012 03:21:51 am: CALL USP_GetAccounts();
12/10/2012 03:22:31 am: CALL USP_GetAccounts();
12/10/2012 03:22:31 am: CALL USP_GetCategories2();
12/10/2012 03:22:31 am: CALL USP_GetCurrencies();
12/10/2012 03:22:31 am: CALL USP_GetCategories();
12/10/2012 03:22:31 am: CALL USP_GetPayees();
12/10/2012 03:22:41 am: CALL USP_GetCategories();
12/10/2012 03:22:41 am: CALL USP_GetCurrencies();
12/10/2012 03:22:41 am: CALL USP_GetAccounts();
12/10/2012 03:22:41 am: CALL USP_GetCategories2();
12/10/2012 03:22:41 am: CALL USP_GetPayees();
12/10/2012 04:34:08 am: CALL USP_GetPayees();
12/10/2012 04:34:08 am: CALL USP_GetCategories();
12/10/2012 04:34:08 am: CALL USP_GetCurrencies();
12/10/2012 04:34:08 am: CALL USP_GetAccounts();
12/10/2012 04:34:08 am: CALL USP_GetCategories2();
12/10/2012 04:34:15 am: CALL USP_GetAccounts();
12/10/2012 04:34:15 am: CALL USP_GetCurrencies();
12/10/2012 04:34:15 am: CALL USP_GetPayees();
12/10/2012 04:34:15 am: CALL USP_GetCategories();
12/10/2012 04:34:15 am: CALL USP_GetCategories2();
12/10/2012 04:34:58 am: CALL USP_InsertTransaction('2012-12-09','17','1','1','6','41','72','-3.98','HTC Desire V battery');
12/10/2012 04:34:58 am: CALL USP_InsertTransaction('2012-12-09','17','1','1','6','41','72','-3.98','HTC Desire V battery');
12/10/2012 05:35:23 pm: CALL USP_GetCategories();
12/10/2012 05:35:23 pm: CALL USP_GetPayees();
12/10/2012 05:35:23 pm: CALL USP_GetCurrencies();
12/10/2012 05:35:23 pm: CALL USP_GetCategories2();
12/10/2012 05:35:23 pm: CALL USP_GetAccounts();
12/10/2012 05:36:06 pm: CALL USP_InsertTransaction('2012-12-07','6','1','1','24','116','187','-90.14','Tuba city hotel');
12/10/2012 05:36:06 pm: CALL USP_InsertTransaction('2012-12-07','6','1','1','24','116','187','-90.14','Tuba city hotel');
12/10/2012 05:36:09 pm: CALL USP_GetAccounts();
12/10/2012 05:36:09 pm: CALL USP_GetPayees();
12/10/2012 05:36:09 pm: CALL USP_GetCategories();
12/10/2012 05:36:09 pm: CALL USP_GetCategories2();
12/10/2012 05:36:09 pm: CALL USP_GetCurrencies();
12/10/2012 05:36:44 pm: CALL USP_GetCurrencies();
12/10/2012 05:36:44 pm: CALL USP_GetPayees();
12/10/2012 05:36:44 pm: CALL USP_GetCategories();
12/10/2012 05:36:44 pm: CALL USP_GetAccounts();
12/10/2012 05:36:44 pm: CALL USP_GetCategories2();
12/10/2012 05:36:46 pm: CALL USP_GetCurrencies();
12/10/2012 05:36:46 pm: CALL USP_GetPayees();
12/10/2012 05:36:46 pm: CALL USP_GetAccounts();
12/10/2012 05:36:46 pm: CALL USP_GetCategories2();
12/10/2012 05:36:46 pm: CALL USP_GetCategories();
12/10/2012 05:37:20 pm: CALL USP_GetCurrencies();
12/10/2012 05:37:20 pm: CALL USP_GetCategories();
12/10/2012 05:37:20 pm: CALL USP_GetCategories2();
12/10/2012 05:37:20 pm: CALL USP_GetPayees();
12/10/2012 05:37:20 pm: CALL USP_GetAccounts();
12/10/2012 05:37:48 pm: CALL USP_GetCategories();
12/10/2012 05:37:48 pm: CALL USP_GetCategories2();
12/10/2012 05:37:48 pm: CALL USP_GetAccounts();
12/10/2012 05:37:48 pm: CALL USP_GetPayees();
12/10/2012 05:37:48 pm: CALL USP_GetCurrencies();
12/10/2012 05:37:52 pm: CALL USP_GetCategories();
12/10/2012 05:37:52 pm: CALL USP_GetAccounts();
12/10/2012 05:37:52 pm: CALL USP_GetCurrencies();
12/10/2012 05:37:52 pm: CALL USP_GetPayees();
12/10/2012 05:37:52 pm: CALL USP_GetCategories2();
12/10/2012 05:38:20 pm: CALL USP_InsertTransaction('2012-11-07','6','1','1','24','120','187','-11.97','VISA USA');
12/10/2012 05:38:20 pm: CALL USP_InsertTransaction('2012-11-07','6','1','1','24','120','187','-11.97','VISA USA');
12/10/2012 05:38:24 pm: CALL USP_GetAccounts();
12/10/2012 05:38:24 pm: CALL USP_GetCurrencies();
12/10/2012 05:38:24 pm: CALL USP_GetCategories();
12/10/2012 05:38:24 pm: CALL USP_GetPayees();
12/10/2012 05:38:24 pm: CALL USP_GetCategories2();
12/10/2012 06:12:44 pm: CALL USP_GetAccounts();
12/10/2012 06:12:44 pm: CALL USP_GetCurrencies();
12/10/2012 06:12:44 pm: CALL USP_GetPayees();
12/10/2012 06:12:44 pm: CALL USP_GetCategories2();
12/10/2012 06:12:44 pm: CALL USP_GetCategories();
12/10/2012 06:12:58 pm: CALL USP_GetAccounts();
12/10/2012 06:12:58 pm: CALL USP_GetCurrencies();
12/10/2012 06:12:58 pm: CALL USP_GetCategories2();
12/10/2012 06:12:58 pm: CALL USP_GetCategories();
12/10/2012 06:12:58 pm: CALL USP_GetPayees();
12/10/2012 07:17:39 pm: CALL USP_GetAccounts();
12/10/2012 07:17:39 pm: CALL USP_GetCurrencies();
12/10/2012 07:17:39 pm: CALL USP_GetCategories();
12/10/2012 07:17:39 pm: CALL USP_GetPayees();
12/10/2012 07:17:39 pm: CALL USP_GetCategories2();
12/10/2012 07:18:04 pm: CALL USP_GetPayees();
12/10/2012 07:18:04 pm: CALL USP_GetCurrencies();
12/10/2012 07:18:04 pm: CALL USP_GetAccounts();
12/10/2012 07:18:04 pm: CALL USP_GetCategories();
12/10/2012 07:18:04 pm: CALL USP_GetCategories2();
12/10/2012 07:18:13 pm: CALL USP_GetCurrencies();
12/10/2012 07:18:13 pm: CALL USP_GetCategories();
12/10/2012 07:18:13 pm: CALL USP_GetCategories2();
12/10/2012 07:18:13 pm: CALL USP_GetAccounts();
12/10/2012 07:18:13 pm: CALL USP_GetPayees();
12/10/2012 07:21:39 pm: CALL USP_GetCategories2();
12/10/2012 07:21:39 pm: CALL USP_GetCurrencies();
12/10/2012 07:21:39 pm: CALL USP_GetPayees();
12/10/2012 07:21:39 pm: CALL USP_GetCategories();
12/10/2012 07:21:39 pm: CALL USP_GetAccounts();
12/10/2012 07:21:48 pm: CALL USP_GetAccounts();
12/10/2012 07:21:48 pm: CALL USP_GetCurrencies();
12/10/2012 07:21:48 pm: CALL USP_GetPayees();
12/10/2012 07:21:48 pm: CALL USP_GetCategories();
12/10/2012 07:21:48 pm: CALL USP_GetCategories2();
12/10/2012 07:23:26 pm: CALL USP_GetPayees();
12/10/2012 07:23:26 pm: CALL USP_GetAccounts();
12/10/2012 07:23:26 pm: CALL USP_GetCategories2();
12/10/2012 07:23:26 pm: CALL USP_GetCategories();
12/10/2012 07:23:26 pm: CALL USP_GetCurrencies();
12/10/2012 07:23:56 pm: CALL USP_GetCurrencies();
12/10/2012 07:23:56 pm: CALL USP_GetAccounts();
12/10/2012 07:23:56 pm: CALL USP_GetPayees();
12/10/2012 07:23:56 pm: CALL USP_GetCategories2();
12/10/2012 07:23:56 pm: CALL USP_GetCategories();
12/10/2012 07:24:42 pm: CALL USP_GetAccounts();
12/10/2012 07:24:42 pm: CALL USP_GetCurrencies();
12/10/2012 07:24:42 pm: CALL USP_GetPayees();
12/10/2012 07:24:42 pm: CALL USP_GetCategories2();
12/10/2012 07:24:42 pm: CALL USP_GetCategories();
12/10/2012 07:29:21 pm: CALL USP_GetPayees();
12/10/2012 07:29:21 pm: CALL USP_GetAccounts();
12/10/2012 07:29:21 pm: CALL USP_GetCategories();
12/10/2012 07:29:21 pm: CALL USP_GetCurrencies();
12/10/2012 07:29:21 pm: CALL USP_GetCategories2();
12/10/2012 07:31:01 pm: CALL USP_GetAccounts();
12/10/2012 07:31:01 pm: CALL USP_GetCategories2();
12/10/2012 07:31:01 pm: CALL USP_GetPayees();
12/10/2012 07:31:01 pm: CALL USP_GetCurrencies();
12/10/2012 07:31:01 pm: CALL USP_GetCategories();
12/10/2012 11:32:05 am: CALL USP_GetAccounts();
12/10/2012 11:32:07 am: CALL USP_GetCurrencies();
12/10/2012 11:32:07 am: CALL USP_GetPayees();
12/10/2012 11:32:08 am: CALL USP_GetCategories();
12/10/2012 11:32:09 am: CALL USP_GetCategories2();
12/10/2012 11:48:28 am: CALL USP_GetAccounts();
12/10/2012 11:48:28 am: CALL USP_GetCurrencies();
12/10/2012 11:48:28 am: CALL USP_GetPayees();
12/10/2012 11:48:29 am: CALL USP_GetCategories2();
12/10/2012 11:48:30 am: CALL USP_GetCategories();
12/10/2012 02:01:38 pm: CALL USP_GetCurrencies();
12/10/2012 02:01:38 pm: CALL USP_GetPayees();
12/10/2012 02:01:38 pm: CALL USP_GetAccounts();
12/10/2012 02:01:38 pm: CALL USP_GetCategories();
12/10/2012 02:01:38 pm: CALL USP_GetCategories2();
12/10/2012 02:01:40 pm: CALL USP_GetPayees();
12/10/2012 02:01:40 pm: CALL USP_GetAccounts();
12/10/2012 02:01:40 pm: CALL USP_GetCurrencies();
12/10/2012 02:01:40 pm: CALL USP_GetCategories2();
12/10/2012 02:01:40 pm: CALL USP_GetCategories();
12/10/2012 02:01:41 pm: CALL USP_GetPayees();
12/10/2012 02:01:41 pm: CALL USP_GetCurrencies();
12/10/2012 02:01:41 pm: CALL USP_GetAccounts();
12/10/2012 02:01:41 pm: CALL USP_GetCategories();
12/10/2012 02:01:41 pm: CALL USP_GetCategories2();
12/10/2012 02:03:41 pm: CALL USP_GetAccounts();
12/10/2012 02:03:41 pm: CALL USP_GetCategories();
12/10/2012 02:03:41 pm: CALL USP_GetCurrencies();
12/10/2012 02:03:41 pm: CALL USP_GetPayees();
12/10/2012 02:03:41 pm: CALL USP_GetCategories2();
12/10/2012 02:03:42 pm: CALL USP_GetAccounts();
12/10/2012 02:03:42 pm: CALL USP_GetCurrencies();
12/10/2012 02:03:42 pm: CALL USP_GetPayees();
12/10/2012 02:03:42 pm: CALL USP_GetCategories();
12/10/2012 02:03:42 pm: CALL USP_GetCategories2();
12/10/2012 02:33:30 pm: CALL USP_GetAccounts();
12/10/2012 02:33:30 pm: CALL USP_GetCurrencies();
12/10/2012 02:33:30 pm: CALL USP_GetCategories();
12/10/2012 02:33:30 pm: CALL USP_GetCategories2();
12/10/2012 02:33:30 pm: CALL USP_GetPayees();
12/10/2012 02:39:29 pm: CALL USP_GetCurrencies();
12/10/2012 02:39:29 pm: CALL USP_GetAccounts();
12/10/2012 02:39:29 pm: CALL USP_GetPayees();
12/10/2012 02:39:29 pm: CALL USP_GetCategories2();
12/10/2012 02:39:29 pm: CALL USP_GetCategories();
12/10/2012 02:41:59 pm: CALL USP_GetAccounts();
12/10/2012 02:42:00 pm: CALL USP_GetCurrencies();
12/10/2012 02:42:01 pm: CALL USP_GetPayees();
12/10/2012 02:42:02 pm: CALL USP_GetCategories2();
12/10/2012 02:42:03 pm: CALL USP_GetCategories();
12/10/2012 02:42:17 pm: CALL USP_GetAccounts();
12/10/2012 02:42:18 pm: CALL USP_GetCategories();
12/10/2012 02:42:19 pm: CALL USP_GetCategories2();
12/10/2012 02:42:20 pm: CALL USP_GetCurrencies();
12/10/2012 02:42:20 pm: CALL USP_GetPayees();
12/10/2012 02:49:12 pm: CALL USP_GetCurrencies();
12/10/2012 02:49:13 pm: CALL USP_GetAccounts();
12/10/2012 02:49:13 pm: CALL USP_GetPayees();
12/10/2012 02:49:14 pm: CALL USP_GetCategories();
12/10/2012 02:49:15 pm: CALL USP_GetCategories2();
12/10/2012 02:54:06 pm: CALL USP_GetPayees();
12/10/2012 02:54:07 pm: CALL USP_GetCategories();
12/10/2012 02:54:08 pm: CALL USP_GetCurrencies();
12/10/2012 02:54:08 pm: CALL USP_GetCategories2();
12/10/2012 02:54:09 pm: CALL USP_GetAccounts();
12/10/2012 02:54:46 pm: CALL USP_GetAccounts();
12/10/2012 02:54:48 pm: CALL USP_GetCurrencies();
12/10/2012 02:54:49 pm: CALL USP_GetPayees();
12/10/2012 02:54:49 pm: CALL USP_GetCategories();
12/10/2012 02:54:50 pm: CALL USP_GetCategories2();
12/10/2012 04:31:23 pm: CALL USP_GetAccounts();
12/10/2012 04:31:23 pm: CALL USP_GetCurrencies();
12/10/2012 04:31:23 pm: CALL USP_GetCategories();
12/10/2012 04:31:23 pm: CALL USP_GetPayees();
12/10/2012 04:31:23 pm: CALL USP_GetCategories2();
12/10/2012 04:31:38 pm: CALL USP_GetCurrencies();
12/10/2012 04:31:38 pm: CALL USP_GetPayees();
12/10/2012 04:31:38 pm: CALL USP_GetAccounts();
12/10/2012 04:31:38 pm: CALL USP_GetCategories();
12/10/2012 04:31:38 pm: CALL USP_GetCategories2();
12/10/2012 04:32:22 pm: CALL USP_InsertTransaction('2012-12-10','19','1','0','7','45','218','-25.65','');
12/10/2012 04:33:56 pm: CALL USP_GetCurrencies();
12/10/2012 04:33:56 pm: CALL USP_GetAccounts();
12/10/2012 04:33:56 pm: CALL USP_GetPayees();
12/10/2012 04:33:56 pm: CALL USP_GetCategories();
12/10/2012 04:33:56 pm: CALL USP_GetCategories2();
12/10/2012 04:34:29 pm: CALL USP_InsertTransaction('2012-12-10','19','1','1','7','45','187','-25.65','');
12/10/2012 04:34:29 pm: CALL USP_InsertTransaction('2012-12-10','19','1','1','7','45','187','-25.65','');
12/10/2012 04:34:37 pm: CALL USP_GetAccounts();
12/10/2012 04:34:38 pm: CALL USP_GetCurrencies();
12/10/2012 04:34:38 pm: CALL USP_GetPayees();
12/10/2012 04:34:38 pm: CALL USP_GetCategories();
12/10/2012 04:34:38 pm: CALL USP_GetCategories2();
12/10/2012 04:34:48 pm: CALL USP_GetAccounts();
12/10/2012 04:34:48 pm: CALL USP_GetPayees();
12/10/2012 04:34:48 pm: CALL USP_GetCurrencies();
12/10/2012 04:34:48 pm: CALL USP_GetCategories();
12/10/2012 04:34:48 pm: CALL USP_GetCategories2();
12/10/2012 04:55:43 pm: CALL USP_GetAccounts();
12/10/2012 04:55:43 pm: CALL USP_GetCurrencies();
12/10/2012 04:55:43 pm: CALL USP_GetCategories();
12/10/2012 04:55:43 pm: CALL USP_GetCategories2();
12/10/2012 04:55:43 pm: CALL USP_GetPayees();
12/10/2012 04:56:03 pm: CALL USP_GetAccounts();
12/10/2012 04:56:03 pm: CALL USP_GetCurrencies();
12/10/2012 04:56:03 pm: CALL USP_GetPayees();
12/10/2012 04:56:03 pm: CALL USP_GetCategories();
12/10/2012 04:56:03 pm: CALL USP_GetCategories2();
