08/02/2012 11:01:36 am: CALL USP_GetPayees();
08/02/2012 11:01:36 am: CALL USP_GetCategories2();
08/02/2012 11:01:36 am: CALL USP_GetCategories();
08/02/2012 11:01:36 am: CALL USP_GetCurrencies();
08/02/2012 11:01:36 am: CALL USP_GetAccounts();
08/02/2012 01:36:50 pm: CALL USP_GetAccounts();
08/02/2012 01:36:50 pm: CALL USP_GetCurrencies();
08/02/2012 01:36:50 pm: CALL USP_GetPayees();
08/02/2012 01:36:50 pm: CALL USP_GetCategories2();
08/02/2012 01:36:50 pm: CALL USP_GetCategories();
08/02/2012 01:37:10 pm: CALL USP_GetNumberOfRowsUsingFilters_Transactions (1,null,null,null,null,null,'1990-01-01','2100-01-01');
08/02/2012 01:37:10 pm: call USP_GetTransactions(0,20,1,null,null,null,null,null,'1990-01-01','2100-01-01');
08/02/2012 01:37:14 pm: CALL USP_GetNumberOfRowsUsingFilters_Transactions (1,17,null,null,null,null,'1990-01-01','2100-01-01');
08/02/2012 01:37:14 pm: call USP_GetTransactions(0,20,1,17,null,null,null,null,'1990-01-01','2100-01-01');
08/02/2012 02:23:08 pm: CALL USP_GetNumberOfRowsUsingFilters_Transactions (1,null,null,null,null,null,'1990-01-01','2100-01-01');
08/02/2012 02:23:09 pm: call USP_GetTransactions(0,20,1,null,null,null,null,null,'1990-01-01','2100-01-01');
08/02/2012 02:23:14 pm: CALL USP_GetNumberOfRowsUsingFilters_Transactions (1,17,null,null,null,null,'1990-01-01','2100-01-01');
08/02/2012 02:23:14 pm: call USP_GetTransactions(0,20,1,17,null,null,null,null,'1990-01-01','2100-01-01');
08/02/2012 04:11:05 pm: CALL USP_GetAccounts();
08/02/2012 04:11:05 pm: CALL USP_GetCurrencies();
08/02/2012 04:11:05 pm: CALL USP_GetPayees();
08/02/2012 04:11:05 pm: CALL USP_GetCategories();
08/02/2012 04:11:05 pm: CALL USP_GetCategories2();
08/02/2012 04:12:07 pm: CALL USP_InsertTransaction('2012-08-02','17','1','1','1','11','72','-20.50','RALEIGH MICRO ADJUSTABLE QUALITY MTB SEATPOST');
08/02/2012 04:12:07 pm: CALL USP_InsertTransaction('2012-08-02','17','1','1','1','11','72','-20.50','RALEIGH MICRO ADJUSTABLE QUALITY MTB SEATPOST');
08/02/2012 07:09:27 pm: CALL USP_GetAccounts();
08/02/2012 07:09:27 pm: CALL USP_GetPayees();
08/02/2012 07:09:27 pm: CALL USP_GetCategories();
08/02/2012 07:09:27 pm: CALL USP_GetCategories2();
08/02/2012 07:09:27 pm: CALL USP_GetCurrencies();
08/02/2012 07:09:29 pm: CALL USP_GetCurrencies();
08/02/2012 07:09:29 pm: CALL USP_GetPayees();
08/02/2012 07:09:29 pm: CALL USP_GetCategories();
08/02/2012 07:09:29 pm: CALL USP_GetCategories2();
08/02/2012 07:09:29 pm: CALL USP_GetAccounts();
08/02/2012 07:10:10 pm: CALL USP_InsertTransaction('2012-08-02','11','1','2','6','41','187','35','MAC Magsafe charger');
08/02/2012 07:10:10 pm: CALL USP_InsertTransaction('2012-08-02','11','1','2','6','41','187','35','MAC Magsafe charger');
08/02/2012 07:10:39 pm: CALL USP_GetAccounts();
08/02/2012 07:10:39 pm: CALL USP_GetCurrencies();
08/02/2012 07:10:39 pm: CALL USP_GetCategories();
08/02/2012 07:10:39 pm: CALL USP_GetCategories2();
08/02/2012 07:10:39 pm: CALL USP_GetPayees();
08/02/2012 07:10:58 pm: CALL USP_InsertTransaction('2012-08-02','1','1','3','23','124','135','-250','');
08/02/2012 07:10:58 pm: CALL USP_InsertTransaction('2012-08-02','1','1','3','23','124','135','-250','');
08/02/2012 07:10:58 pm: CALL USP_InsertTransaction('2012-08-02','17','1','3','23','124','135','250','');
08/02/2012 07:10:58 pm: CALL USP_InsertTransaction('2012-08-02','17','1','3','23','124','135','250','');
