08/10/2012 09:29:03 am: CALL USP_GetNumberOfRowsUsingFilters_Transactions (2,null,null,null,null,null,'1990-01-01','2100-01-01');
08/10/2012 09:29:04 am: call USP_GetTransactions(0,20,2,null,null,null,null,null,'1990-01-01','2100-01-01');
08/10/2012 09:29:05 am: CALL USP_GetCategories();
08/10/2012 09:29:05 am: CALL USP_GetPayees();
08/10/2012 09:29:05 am: CALL USP_GetCategories2();
08/10/2012 09:29:05 am: CALL USP_GetAccounts();
08/10/2012 09:29:05 am: CALL USP_GetCurrencies();
08/10/2012 09:29:06 am: CALL USP_GetNumberOfRowsUsingFilters_Transactions (1,null,null,null,null,null,'1990-01-01','2100-01-01');
08/10/2012 09:29:06 am: call USP_GetTransactions(0,20,1,null,null,null,null,null,'1990-01-01','2100-01-01');
08/10/2012 09:29:06 am: CALL USP_GetAccounts();
08/10/2012 09:29:06 am: CALL USP_GetCurrencies();
08/10/2012 09:29:06 am: CALL USP_GetPayees();
08/10/2012 09:29:06 am: CALL USP_GetCategories2();
08/10/2012 09:29:06 am: CALL USP_GetCategories();
08/10/2012 09:29:07 am: CALL USP_GetAccounts();
08/10/2012 09:29:07 am: CALL USP_GetCurrencies();
08/10/2012 09:29:07 am: CALL USP_GetPayees();
08/10/2012 09:29:07 am: CALL USP_GetCategories();
08/10/2012 09:29:07 am: CALL USP_GetCategories2();
08/10/2012 09:29:11 am: CALL USP_GetAccounts();
08/10/2012 09:29:11 am: CALL USP_GetCurrencies();
08/10/2012 09:29:11 am: CALL USP_GetCategories2();
08/10/2012 09:29:11 am: CALL USP_GetPayees();
08/10/2012 09:29:11 am: CALL USP_GetCategories();
08/10/2012 09:29:42 am: CALL USP_InsertTransaction('2012-08-10','1','1','1','2','32','6','-15','Meteor top up');
08/10/2012 09:29:42 am: CALL USP_InsertTransaction('2012-08-10','1','1','1','2','32','6','-15','Meteor top up');
08/10/2012 09:29:56 am: CALL USP_InsertTransaction('2012-08-10','1','1','1','2','32','6','-10','Vodafone top up');
08/10/2012 09:29:56 am: CALL USP_InsertTransaction('2012-08-10','1','1','1','2','32','6','-10','Vodafone top up');
08/10/2012 09:30:04 am: CALL USP_GetAccounts();
08/10/2012 09:30:04 am: CALL USP_GetCategories2();
08/10/2012 09:30:04 am: CALL USP_GetCategories();
08/10/2012 09:30:04 am: CALL USP_GetPayees();
08/10/2012 09:30:04 am: CALL USP_GetCurrencies();
08/10/2012 09:30:09 am: CALL USP_GetCurrencies();
08/10/2012 09:30:09 am: CALL USP_GetAccounts();
08/10/2012 09:30:09 am: CALL USP_GetCategories2();
08/10/2012 09:30:09 am: CALL USP_GetPayees();
08/10/2012 09:30:09 am: CALL USP_GetCategories();
08/10/2012 09:30:16 am: CALL USP_GetAccounts();
08/10/2012 09:30:16 am: CALL USP_GetCategories2();
08/10/2012 09:30:16 am: CALL USP_GetCurrencies();
08/10/2012 09:30:16 am: CALL USP_GetPayees();
08/10/2012 09:30:16 am: CALL USP_GetCategories();
08/10/2012 11:59:47 am: CALL USP_GetCategories2();
08/10/2012 11:59:47 am: CALL USP_GetCurrencies();
08/10/2012 11:59:47 am: CALL USP_GetCategories();
08/10/2012 11:59:47 am: CALL USP_GetPayees();
08/10/2012 11:59:47 am: CALL USP_GetAccounts();
08/10/2012 11:59:50 am: CALL USP_GetAccounts();
08/10/2012 11:59:50 am: CALL USP_GetCategories();
08/10/2012 11:59:50 am: CALL USP_GetPayees();
08/10/2012 11:59:50 am: CALL USP_GetCurrencies();
08/10/2012 11:59:50 am: CALL USP_GetCategories2();
08/10/2012 01:22:37 pm: CALL USP_GetAccounts();
08/10/2012 01:22:37 pm: CALL USP_GetCategories2();
08/10/2012 01:22:37 pm: CALL USP_GetCategories();
08/10/2012 01:22:37 pm: CALL USP_GetCurrencies();
08/10/2012 01:22:38 pm: CALL USP_GetPayees();
08/10/2012 01:22:46 pm: CALL USP_GetPayees();
08/10/2012 01:22:46 pm: CALL USP_GetAccounts();
08/10/2012 01:22:46 pm: CALL USP_GetCategories2();
08/10/2012 01:22:46 pm: CALL USP_GetCurrencies();
08/10/2012 01:22:46 pm: CALL USP_GetCategories();
08/10/2012 01:22:50 pm: CALL USP_GetAccounts();
08/10/2012 01:22:50 pm: CALL USP_GetPayees();
08/10/2012 01:22:50 pm: CALL USP_GetCategories2();
08/10/2012 01:22:50 pm: CALL USP_GetCategories();
08/10/2012 01:22:50 pm: CALL USP_GetCurrencies();
08/10/2012 01:32:09 pm: CALL USP_GetAccounts();
08/10/2012 01:32:09 pm: CALL USP_GetPayees();
08/10/2012 01:32:09 pm: CALL USP_GetCategories();
08/10/2012 01:32:09 pm: CALL USP_GetCategories2();
08/10/2012 01:32:09 pm: CALL USP_GetCurrencies();
08/10/2012 01:32:56 pm: CALL USP_GetAccounts();
08/10/2012 01:32:56 pm: CALL USP_GetPayees();
08/10/2012 01:32:56 pm: CALL USP_GetCurrencies();
08/10/2012 01:32:56 pm: CALL USP_GetCategories();
08/10/2012 01:32:56 pm: CALL USP_GetCategories2();
08/10/2012 01:35:13 pm: CALL USP_GetAccounts();
08/10/2012 01:35:13 pm: CALL USP_GetCurrencies();
08/10/2012 01:35:13 pm: CALL USP_GetPayees();
08/10/2012 01:35:13 pm: CALL USP_GetCategories();
08/10/2012 01:35:13 pm: CALL USP_GetCategories2();
08/10/2012 01:35:46 pm: CALL USP_InsertTransaction('2012-08-10','17','1','2','1','3','208','29.76','Refund');
08/10/2012 01:35:46 pm: CALL USP_InsertTransaction('2012-08-10','17','1','2','1','3','208','29.76','Refund');
08/10/2012 01:35:48 pm: CALL USP_GetAccounts();
08/10/2012 01:35:48 pm: CALL USP_GetCurrencies();
08/10/2012 01:35:48 pm: CALL USP_GetCategories();
08/10/2012 01:35:48 pm: CALL USP_GetCategories2();
08/10/2012 01:35:48 pm: CALL USP_GetPayees();
08/10/2012 01:35:58 pm: CALL USP_GetAccounts();
08/10/2012 01:35:58 pm: CALL USP_GetCategories2();
08/10/2012 01:35:58 pm: CALL USP_GetCurrencies();
08/10/2012 01:35:58 pm: CALL USP_GetPayees();
08/10/2012 01:35:58 pm: CALL USP_GetCategories();
08/10/2012 01:36:05 pm: CALL USP_GetAccounts();
08/10/2012 01:36:05 pm: CALL USP_GetCurrencies();
08/10/2012 01:36:05 pm: CALL USP_GetPayees();
08/10/2012 01:36:05 pm: CALL USP_GetCategories();
08/10/2012 01:36:05 pm: CALL USP_GetCategories2();
08/10/2012 01:36:57 pm: CALL USP_GetAccounts();
08/10/2012 01:36:57 pm: CALL USP_GetCategories();
08/10/2012 01:36:57 pm: CALL USP_GetCurrencies();
08/10/2012 01:36:57 pm: CALL USP_GetCategories2();
08/10/2012 01:36:57 pm: CALL USP_GetPayees();
08/10/2012 01:37:07 pm: CALL USP_GetAccounts();
08/10/2012 01:37:07 pm: CALL USP_GetCurrencies();
08/10/2012 01:37:07 pm: CALL USP_GetCategories();
08/10/2012 01:37:07 pm: CALL USP_GetCategories2();
08/10/2012 01:37:07 pm: CALL USP_GetPayees();
08/10/2012 01:37:17 pm: CALL USP_GetCurrencies();
08/10/2012 01:37:17 pm: CALL USP_GetAccounts();
08/10/2012 01:37:17 pm: CALL USP_GetCategories();
08/10/2012 01:37:17 pm: CALL USP_GetPayees();
08/10/2012 01:37:17 pm: CALL USP_GetCategories2();
08/10/2012 01:48:46 pm: CALL USP_GetNumberOfRowsUsingFilters_Transactions (1,null,null,null,null,null,'1990-01-01','2100-01-01');
08/10/2012 01:48:47 pm: call USP_GetTransactions(0,20,1,null,null,null,null,null,'1990-01-01','2100-01-01');
08/10/2012 01:48:47 pm: CALL USP_GetAccounts();
08/10/2012 01:48:47 pm: CALL USP_GetCurrencies();
08/10/2012 01:48:47 pm: CALL USP_GetCategories();
08/10/2012 01:48:47 pm: CALL USP_GetPayees();
08/10/2012 01:48:47 pm: CALL USP_GetCategories2();
08/10/2012 01:48:48 pm: CALL USP_GetAccounts();
08/10/2012 01:48:48 pm: CALL USP_GetPayees();
08/10/2012 01:48:48 pm: CALL USP_GetCurrencies();
08/10/2012 01:48:48 pm: CALL USP_GetCategories();
08/10/2012 01:48:48 pm: CALL USP_GetCategories2();
08/10/2012 01:49:13 pm: CALL USP_InsertTransaction('2012-08-10','15','1','2','25','123','135','0','test');
08/10/2012 01:49:13 pm: CALL USP_InsertTransaction('2012-08-10','15','1','2','25','123','135','0','test');
08/10/2012 01:51:37 pm: CALL USP_InsertTransaction('2012-08-10','15','1','2','25','123','135','0','test');
08/10/2012 01:51:37 pm: CALL USP_InsertTransaction('2012-08-10','15','1','2','25','123','135','0','test');
08/10/2012 01:53:38 pm: CALL USP_InsertTransaction('2012-08-10','15','1','2','25','123','135','0','test');
08/10/2012 01:53:38 pm: CALL USP_InsertTransaction('2012-08-10','15','1','2','25','123','135','0','test');
08/10/2012 01:55:35 pm: CALL USP_GetAccounts();
08/10/2012 01:55:35 pm: CALL USP_GetCategories();
08/10/2012 01:55:35 pm: CALL USP_GetCategories2();
08/10/2012 01:55:35 pm: CALL USP_GetPayees();
08/10/2012 01:55:35 pm: CALL USP_GetCurrencies();
