10/14/2012 05:29:24 pm: CALL USP_GetCategories();
10/14/2012 05:29:24 pm: CALL USP_GetPayees();
10/14/2012 05:29:24 pm: CALL USP_GetCategories2();
10/14/2012 05:29:24 pm: CALL USP_GetAccounts();
10/14/2012 05:29:24 pm: CALL USP_GetCurrencies();
10/14/2012 05:29:33 pm: CALL USP_GetPayees();
10/14/2012 05:29:33 pm: CALL USP_GetCurrencies();
10/14/2012 05:29:33 pm: CALL USP_GetCategories2();
10/14/2012 05:29:33 pm: CALL USP_GetAccounts();
10/14/2012 05:29:33 pm: CALL USP_GetCategories();
10/14/2012 05:30:01 pm: CALL USP_InsertTransaction('2012-10-14','11','1','1','7','45','8','-21.44','');
10/14/2012 05:30:02 pm: CALL USP_InsertTransaction('2012-10-14','11','1','1','7','45','8','-21.44','');
10/14/2012 05:30:05 pm: CALL USP_GetAccounts();
10/14/2012 05:30:05 pm: CALL USP_GetCurrencies();
10/14/2012 05:30:05 pm: CALL USP_GetCategories();
10/14/2012 05:30:05 pm: CALL USP_GetPayees();
10/14/2012 05:30:05 pm: CALL USP_GetCategories2();
10/14/2012 05:33:21 pm: CALL USP_GetCurrencies();
10/14/2012 05:33:21 pm: CALL USP_GetAccounts();
10/14/2012 05:33:21 pm: CALL USP_GetCategories();
10/14/2012 05:33:21 pm: CALL USP_GetCategories2();
10/14/2012 05:33:21 pm: CALL USP_GetPayees();
