10/24/2012 09:38:13 pm: CALL USP_GetCategories();
10/24/2012 09:38:13 pm: CALL USP_GetCategories2();
10/24/2012 09:38:13 pm: CALL USP_GetPayees();
10/24/2012 09:38:13 pm: CALL USP_GetCurrencies();
10/24/2012 09:38:13 pm: CALL USP_GetAccounts();
10/24/2012 09:38:46 pm: CALL USP_GetCurrencies();
10/24/2012 09:38:46 pm: CALL USP_GetPayees();
10/24/2012 09:38:46 pm: CALL USP_GetAccounts();
10/24/2012 09:38:46 pm: CALL USP_GetCategories();
10/24/2012 09:38:46 pm: CALL USP_GetCategories2();
10/24/2012 09:40:00 pm: CALL USP_GetAccounts();
10/24/2012 09:40:00 pm: CALL USP_GetCurrencies();
10/24/2012 09:40:00 pm: CALL USP_GetCategories();
10/24/2012 09:40:00 pm: CALL USP_GetPayees();
10/24/2012 09:40:00 pm: CALL USP_GetCategories2();
10/24/2012 10:05:51 pm: CALL USP_GetCategories();
10/24/2012 10:05:51 pm: CALL USP_GetPayees();
10/24/2012 10:05:51 pm: CALL USP_GetCategories2();
10/24/2012 10:05:51 pm: CALL USP_GetAccounts();
10/24/2012 10:05:51 pm: CALL USP_GetCurrencies();
10/24/2012 10:10:05 pm: CALL USP_GetAccounts ()
10/24/2012 10:12:21 pm: CALL USP_GetCurrencies ()
10/24/2012 10:12:22 pm: CALL USP_GetCategories2 ()
10/24/2012 10:12:25 pm: CALL USP_GetCategories ()
10/24/2012 10:12:26 pm: CALL USP_GetPayees ()
10/24/2012 10:12:28 pm: CALL USP_GetBudgetSettings ()
10/24/2012 10:12:33 pm: CALL USP_GetTransactionTypes ()
