08/05/2012 03:48:23 pm: CALL USP_GetCurrencies();
08/05/2012 03:48:23 pm: CALL USP_GetCategories();
08/05/2012 03:48:23 pm: CALL USP_GetCategories2();
08/05/2012 03:48:24 pm: CALL USP_GetAccounts();
08/05/2012 03:48:24 pm: CALL USP_GetPayees();
08/05/2012 03:48:25 pm: CALL USP_GetCurrencies();
08/05/2012 03:48:25 pm: CALL USP_GetCategories();
08/05/2012 03:48:25 pm: CALL USP_GetCategories2();
08/05/2012 03:48:25 pm: CALL USP_GetAccounts();
08/05/2012 03:48:25 pm: CALL USP_GetPayees();
08/05/2012 03:48:29 pm: CALL USP_GetCurrencies();
08/05/2012 03:48:29 pm: CALL USP_GetCategories2();
08/05/2012 03:48:29 pm: CALL USP_GetCategories();
08/05/2012 03:48:29 pm: CALL USP_GetPayees();
08/05/2012 03:48:29 pm: CALL USP_GetAccounts();
08/05/2012 03:49:05 pm: CALL USP_InsertTransaction('2012-08-05','11','1','1','11','64','217','-31.99','plexiglass panel');
08/05/2012 03:49:05 pm: CALL USP_InsertTransaction('2012-08-05','11','1','1','11','64','217','-31.99','plexiglass panel');
08/05/2012 03:49:54 pm: CALL USP_InsertTransaction('2012-08-05','11','1','1','7','45','8','-5.86','');
08/05/2012 03:49:54 pm: CALL USP_InsertTransaction('2012-08-05','11','1','1','7','45','8','-5.86','');
08/05/2012 03:50:02 pm: CALL USP_InsertTransaction('2012-08-05','11','1','1','7','45','8','-12.8','');
08/05/2012 03:50:02 pm: CALL USP_InsertTransaction('2012-08-05','11','1','1','7','45','8','-12.8','');
08/05/2012 03:50:12 pm: CALL USP_InsertTransaction('2012-08-05','11','1','1','7','45','123','-10.25','');
08/05/2012 03:50:12 pm: CALL USP_InsertTransaction('2012-08-05','11','1','1','7','45','123','-10.25','');
08/05/2012 07:03:47 pm: CALL USP_GetCurrencies();
08/05/2012 07:03:47 pm: CALL USP_GetPayees();
08/05/2012 07:03:47 pm: CALL USP_GetCategories();
08/05/2012 07:03:47 pm: CALL USP_GetAccounts();
08/05/2012 07:03:47 pm: CALL USP_GetCategories2();
08/05/2012 07:06:18 pm: CALL USP_GetCurrencies();
08/05/2012 07:06:18 pm: CALL USP_GetAccounts();
08/05/2012 07:06:18 pm: CALL USP_GetPayees();
08/05/2012 07:06:18 pm: CALL USP_GetCategories();
08/05/2012 07:06:18 pm: CALL USP_GetCategories2();
08/05/2012 07:12:29 pm: CALL USP_GetAccounts();
08/05/2012 07:12:29 pm: CALL USP_GetCurrencies();
08/05/2012 07:12:29 pm: CALL USP_GetPayees();
08/05/2012 07:12:29 pm: CALL USP_GetCategories();
08/05/2012 07:12:29 pm: CALL USP_GetCategories2();
08/05/2012 07:12:31 pm: CALL USP_GetAccounts();
08/05/2012 07:12:31 pm: CALL USP_GetCategories2();
08/05/2012 07:12:31 pm: CALL USP_GetCategories();
08/05/2012 07:12:31 pm: CALL USP_GetCurrencies();
08/05/2012 07:12:31 pm: CALL USP_GetPayees();
08/05/2012 07:12:32 pm: CALL USP_GetAccounts();
08/05/2012 07:12:32 pm: CALL USP_GetCurrencies();
08/05/2012 07:12:32 pm: CALL USP_GetCategories2();
08/05/2012 07:12:32 pm: CALL USP_GetPayees();
08/05/2012 07:12:32 pm: CALL USP_GetCategories();
08/05/2012 07:12:32 pm: CALL USP_GetNumberOfRowsUsingFilters_Transactions (1,null,null,null,null,null,'1990-01-01','2100-01-01');
08/05/2012 07:12:32 pm: call USP_GetTransactions(0,20,1,null,null,null,null,null,'1990-01-01','2100-01-01');
08/05/2012 07:12:33 pm: CALL USP_GetAccounts();
08/05/2012 07:12:33 pm: CALL USP_GetCurrencies();
08/05/2012 07:12:33 pm: CALL USP_GetPayees();
08/05/2012 07:12:33 pm: CALL USP_GetCategories();
08/05/2012 07:12:33 pm: CALL USP_GetCategories2();
08/05/2012 07:12:36 pm: CALL USP_GetAccounts();
08/05/2012 07:12:36 pm: CALL USP_GetCurrencies();
08/05/2012 07:12:36 pm: CALL USP_GetPayees();
08/05/2012 07:12:36 pm: CALL USP_GetCategories();
08/05/2012 07:12:36 pm: CALL USP_GetCategories2();
08/05/2012 07:12:38 pm: CALL USP_GetAccounts();
08/05/2012 07:12:38 pm: CALL USP_GetCurrencies();
08/05/2012 07:12:38 pm: CALL USP_GetPayees();
08/05/2012 07:12:38 pm: CALL USP_GetCategories();
08/05/2012 07:12:38 pm: CALL USP_GetCategories2();
08/05/2012 07:12:38 pm: CALL USP_GetAccounts();
08/05/2012 07:12:38 pm: CALL USP_GetCategories();
08/05/2012 07:12:38 pm: CALL USP_GetCurrencies();
08/05/2012 07:12:38 pm: CALL USP_GetPayees();
08/05/2012 07:12:38 pm: CALL USP_GetCategories2();
08/05/2012 07:12:41 pm: CALL USP_GetAccounts();
08/05/2012 07:12:41 pm: CALL USP_GetCurrencies();
08/05/2012 07:12:41 pm: CALL USP_GetCategories();
08/05/2012 07:12:41 pm: CALL USP_GetPayees();
08/05/2012 07:12:41 pm: CALL USP_GetCategories2();
08/05/2012 07:12:43 pm: CALL USP_GetPayees();
08/05/2012 07:12:43 pm: CALL USP_GetCurrencies();
08/05/2012 07:12:43 pm: CALL USP_GetCategories2();
08/05/2012 07:12:43 pm: CALL USP_GetAccounts();
08/05/2012 07:12:43 pm: CALL USP_GetCategories();
08/05/2012 07:12:50 pm: CALL USP_GetAccounts();
08/05/2012 07:12:50 pm: CALL USP_GetCurrencies();
08/05/2012 07:12:50 pm: CALL USP_GetPayees();
08/05/2012 07:12:50 pm: CALL USP_GetCategories();
08/05/2012 07:12:50 pm: CALL USP_GetCategories2();
08/05/2012 07:12:52 pm: CALL USP_GetCurrencies();
08/05/2012 07:12:52 pm: CALL USP_GetCategories();
08/05/2012 07:12:52 pm: CALL USP_GetPayees();
08/05/2012 07:12:52 pm: CALL USP_GetAccounts();
08/05/2012 07:12:52 pm: CALL USP_GetCategories2();
08/05/2012 07:12:53 pm: CALL USP_GetCategories();
08/05/2012 07:12:53 pm: CALL USP_GetAccounts();
08/05/2012 07:12:53 pm: CALL USP_GetCurrencies();
08/05/2012 07:12:53 pm: CALL USP_GetPayees();
08/05/2012 07:12:53 pm: CALL USP_GetCategories2();
08/05/2012 07:12:55 pm: CALL USP_GetPayees();
08/05/2012 07:12:55 pm: CALL USP_GetCategories();
08/05/2012 07:12:55 pm: CALL USP_GetAccounts();
08/05/2012 07:12:55 pm: CALL USP_GetCurrencies();
08/05/2012 07:12:55 pm: CALL USP_GetCategories2();
08/05/2012 07:12:57 pm: CALL USP_GetAccounts();
08/05/2012 07:12:57 pm: CALL USP_GetCurrencies();
08/05/2012 07:12:57 pm: CALL USP_GetPayees();
08/05/2012 07:12:57 pm: CALL USP_GetCategories();
08/05/2012 07:12:57 pm: CALL USP_GetCategories2();
08/05/2012 07:12:58 pm: CALL USP_GetAccounts();
08/05/2012 07:12:58 pm: CALL USP_GetCurrencies();
08/05/2012 07:12:58 pm: CALL USP_GetCategories();
08/05/2012 07:12:58 pm: CALL USP_GetPayees();
08/05/2012 07:12:58 pm: CALL USP_GetCategories2();
08/05/2012 07:13:03 pm: CALL USP_GetCategories();
08/05/2012 07:13:03 pm: CALL USP_GetCategories2();
08/05/2012 07:13:03 pm: CALL USP_GetAccounts();
08/05/2012 07:13:03 pm: CALL USP_GetCurrencies();
08/05/2012 07:13:03 pm: CALL USP_GetPayees();
08/05/2012 07:13:05 pm: CALL USP_GetAccounts();
08/05/2012 07:13:05 pm: CALL USP_GetCategories();
08/05/2012 07:13:05 pm: CALL USP_GetCategories2();
08/05/2012 07:13:05 pm: CALL USP_GetPayees();
08/05/2012 07:13:05 pm: CALL USP_GetCurrencies();
08/05/2012 07:15:48 pm: CALL USP_GetAccounts();
08/05/2012 07:15:48 pm: CALL USP_GetCategories();
08/05/2012 07:15:48 pm: CALL USP_GetPayees();
08/05/2012 07:15:48 pm: CALL USP_GetCurrencies();
08/05/2012 07:15:48 pm: CALL USP_GetCategories2();
08/05/2012 07:15:49 pm: CALL USP_GetAccounts();
08/05/2012 07:15:49 pm: CALL USP_GetCurrencies();
08/05/2012 07:15:49 pm: CALL USP_GetCategories();
08/05/2012 07:15:49 pm: CALL USP_GetPayees();
08/05/2012 07:15:49 pm: CALL USP_GetCategories2();
08/05/2012 07:15:53 pm: CALL USP_GetCurrencies ()
08/05/2012 07:15:54 pm: CALL USP_GetAccounts ()
08/05/2012 07:15:55 pm: CALL USP_GetCategories2 ()
08/05/2012 07:15:56 pm: CALL USP_GetCategories ()
08/05/2012 07:15:56 pm: CALL USP_GetPayees ()
08/05/2012 07:15:57 pm: CALL USP_GetTransactionTypes ()
08/05/2012 07:16:27 pm: CALL USP_GetAccounts();
08/05/2012 07:16:27 pm: CALL USP_GetCurrencies();
08/05/2012 07:16:27 pm: CALL USP_GetCategories2();
08/05/2012 07:16:27 pm: CALL USP_GetCategories();
08/05/2012 07:16:27 pm: CALL USP_GetPayees();
08/05/2012 08:40:26 pm: CALL USP_GetCategories();
08/05/2012 08:40:26 pm: CALL USP_GetAccounts();
08/05/2012 08:40:26 pm: CALL USP_GetCurrencies();
08/05/2012 08:40:26 pm: CALL USP_GetCategories2();
08/05/2012 08:40:26 pm: CALL USP_GetPayees();
