10/27/2012 07:31:12 pm: CALL USP_GetCategories();
10/27/2012 07:31:12 pm: CALL USP_GetCategories2();
10/27/2012 07:31:12 pm: CALL USP_GetPayees();
10/27/2012 07:31:12 pm: CALL USP_GetAccounts();
10/27/2012 07:31:12 pm: CALL USP_GetCurrencies();
10/27/2012 07:31:37 pm: CALL USP_GetAccounts();
10/27/2012 07:31:37 pm: CALL USP_GetCategories();
10/27/2012 07:31:37 pm: CALL USP_GetCategories2();
10/27/2012 07:31:37 pm: CALL USP_GetPayees();
10/27/2012 07:31:37 pm: CALL USP_GetCurrencies();
10/27/2012 07:32:52 pm: CALL USP_InsertTransaction('2012-10-26','1','1','2','12','70','200','2157.46','');
10/27/2012 07:32:52 pm: CALL USP_InsertTransaction('2012-10-26','1','1','2','12','70','200','2157.46','');
10/27/2012 07:35:10 pm: CALL USP_InsertTransaction('2012-10-26','11','1','1','7','45','123','-5.03','');
10/27/2012 07:35:10 pm: CALL USP_InsertTransaction('2012-10-26','11','1','1','7','45','123','-5.03','');
10/27/2012 07:35:27 pm: CALL USP_InsertTransaction('2012-10-26','11','1','1','7','45','8','-20.21','');
10/27/2012 07:35:27 pm: CALL USP_InsertTransaction('2012-10-26','11','1','1','7','45','8','-20.21','');
10/27/2012 07:35:39 pm: CALL USP_InsertTransaction('2012-10-26','11','1','1','7','45','154','-5.5','');
10/27/2012 07:35:39 pm: CALL USP_InsertTransaction('2012-10-26','11','1','1','7','45','154','-5.5','');
10/27/2012 07:36:29 pm: CALL USP_GetAccounts();
10/27/2012 07:36:29 pm: CALL USP_GetCategories();
10/27/2012 07:36:29 pm: CALL USP_GetCurrencies();
10/27/2012 07:36:29 pm: CALL USP_GetPayees();
10/27/2012 07:36:29 pm: CALL USP_GetCategories2();
10/27/2012 07:36:49 pm: CALL USP_GetAccounts();
10/27/2012 07:36:49 pm: CALL USP_GetCurrencies();
10/27/2012 07:36:49 pm: CALL USP_GetCategories();
10/27/2012 07:36:49 pm: CALL USP_GetCategories2();
10/27/2012 07:36:49 pm: CALL USP_GetPayees();
10/27/2012 07:36:52 pm: CALL USP_GetBudgetSettings ()
10/27/2012 07:37:00 pm: CALL USP_GetAccounts();
10/27/2012 07:37:00 pm: CALL USP_GetPayees();
10/27/2012 07:37:00 pm: CALL USP_GetCategories2();
10/27/2012 07:37:00 pm: CALL USP_GetCurrencies();
10/27/2012 07:37:00 pm: CALL USP_GetCategories();
10/27/2012 07:37:04 pm: CALL USP_GetAccounts();
10/27/2012 07:37:04 pm: CALL USP_GetCategories2();
10/27/2012 07:37:04 pm: CALL USP_GetPayees();
10/27/2012 07:37:04 pm: CALL USP_GetCurrencies();
10/27/2012 07:37:04 pm: CALL USP_GetCategories();
10/27/2012 07:37:32 pm: CALL USP_GetAccounts();
10/27/2012 07:37:32 pm: CALL USP_GetCurrencies();
10/27/2012 07:37:32 pm: CALL USP_GetPayees();
10/27/2012 07:37:32 pm: CALL USP_GetCategories();
10/27/2012 07:37:32 pm: CALL USP_GetCategories2();
10/27/2012 07:38:33 pm: CALL USP_GetAccounts();
10/27/2012 07:38:33 pm: CALL USP_GetCurrencies();
10/27/2012 07:38:33 pm: CALL USP_GetCategories();
10/27/2012 07:38:33 pm: CALL USP_GetPayees();
10/27/2012 07:38:33 pm: CALL USP_GetCategories2();
10/27/2012 07:46:29 pm: CALL USP_GetCategories2();
10/27/2012 07:46:29 pm: CALL USP_GetCategories();
10/27/2012 07:46:29 pm: CALL USP_GetAccounts();
10/27/2012 07:46:29 pm: CALL USP_GetCurrencies();
10/27/2012 07:46:29 pm: CALL USP_GetPayees();
10/27/2012 07:46:31 pm: CALL USP_GetAccounts();
10/27/2012 07:46:31 pm: CALL USP_GetCurrencies();
10/27/2012 07:46:31 pm: CALL USP_GetCategories();
10/27/2012 07:46:31 pm: CALL USP_GetPayees();
10/27/2012 07:46:31 pm: CALL USP_GetCategories2();
10/27/2012 09:36:57 pm: CALL USP_GetCategories();
10/27/2012 09:36:57 pm: CALL USP_GetCurrencies();
10/27/2012 09:36:57 pm: CALL USP_GetAccounts();
10/27/2012 09:36:57 pm: CALL USP_GetPayees();
10/27/2012 09:36:57 pm: CALL USP_GetCategories2();
10/27/2012 10:18:31 pm: CALL USP_GetCurrencies();
10/27/2012 10:18:31 pm: CALL USP_GetAccounts();
10/27/2012 10:18:31 pm: CALL USP_GetPayees();
10/27/2012 10:18:31 pm: CALL USP_GetCategories();
10/27/2012 10:18:31 pm: CALL USP_GetCategories2();
10/27/2012 10:22:06 pm: CALL USP_GetAccounts();
10/27/2012 10:22:06 pm: CALL USP_GetCurrencies();
10/27/2012 10:22:06 pm: CALL USP_GetPayees();
10/27/2012 10:22:06 pm: CALL USP_GetCategories();
10/27/2012 10:22:06 pm: CALL USP_GetCategories2();
10/27/2012 10:23:27 pm: CALL USP_GetCategories2();
10/27/2012 10:23:27 pm: CALL USP_GetCategories();
10/27/2012 10:23:27 pm: CALL USP_GetAccounts();
10/27/2012 10:23:27 pm: CALL USP_GetCurrencies();
10/27/2012 10:23:27 pm: CALL USP_GetPayees();
10/27/2012 10:23:35 pm: CALL USP_GetAccounts();
10/27/2012 10:23:35 pm: CALL USP_GetCurrencies();
10/27/2012 10:23:35 pm: CALL USP_GetCategories2();
10/27/2012 10:23:36 pm: CALL USP_GetCategories();
10/27/2012 10:23:36 pm: CALL USP_GetPayees();
10/27/2012 10:24:03 pm: CALL USP_GetCurrencies();
10/27/2012 10:24:03 pm: CALL USP_GetPayees();
10/27/2012 10:24:03 pm: CALL USP_GetCategories();
10/27/2012 10:24:03 pm: CALL USP_GetAccounts();
10/27/2012 10:24:03 pm: CALL USP_GetCategories2();
10/27/2012 10:30:24 pm: CALL USP_GetCurrencies();
10/27/2012 10:30:24 pm: CALL USP_GetAccounts();
10/27/2012 10:30:24 pm: CALL USP_GetPayees();
10/27/2012 10:30:24 pm: CALL USP_GetCategories();
10/27/2012 10:30:24 pm: CALL USP_GetCategories2();
10/27/2012 10:49:23 pm: CALL USP_InsertAccount (1,'test2');
10/27/2012 10:49:23 pm: CALL USP_GetAccounts();
10/27/2012 10:50:41 pm: CALL USP_GetPayees();
10/27/2012 10:50:43 pm: CALL USP_GetAccounts();
10/27/2012 10:50:44 pm: CALL USP_GetCurrencies();
10/27/2012 10:50:45 pm: CALL USP_GetCategories();
10/27/2012 10:50:46 pm: CALL USP_GetCategories2();
10/27/2012 10:51:01 pm: CALL USP_GetAccounts();
10/27/2012 10:51:02 pm: CALL USP_GetCurrencies();
10/27/2012 10:51:03 pm: CALL USP_GetPayees();
10/27/2012 10:51:04 pm: CALL USP_GetCategories();
10/27/2012 10:51:05 pm: CALL USP_GetCategories2();
10/27/2012 10:53:41 pm: CALL USP_InsertAccount (1,'test3');
10/27/2012 11:00:18 pm: CALL USP_GetAccounts();
10/27/2012 11:00:40 pm: CALL USP_GetAccounts();
10/27/2012 11:00:41 pm: CALL USP_GetCurrencies();
10/27/2012 11:00:42 pm: CALL USP_GetPayees();
10/27/2012 11:01:02 pm: CALL USP_GetCategories();
10/27/2012 11:01:04 pm: CALL USP_GetCategories2();
10/27/2012 11:01:49 pm: CALL USP_InsertAccount (1,'test4');
10/27/2012 11:08:23 pm: CALL USP_GetAccounts();
10/27/2012 11:10:29 pm: CALL USP_InsertAccount (1,'test5');
10/27/2012 11:10:29 pm: CALL USP_GetAccounts();
10/27/2012 11:11:59 pm: CALL USP_InsertAccount (1,'test6');
10/27/2012 11:11:59 pm: CALL USP_GetAccounts();
10/27/2012 11:12:55 pm: CALL USP_InsertAccount (1,'test7');
10/27/2012 11:14:27 pm: CALL USP_GetAccounts();
10/27/2012 11:20:22 pm: CALL USP_InsertAccount (1,'test8');
10/27/2012 11:20:22 pm: CALL USP_GetAccounts();
10/27/2012 11:21:42 pm: CALL USP_InsertAccount (1,'test9');
10/27/2012 11:21:58 pm: CALL USP_GetAccounts();
10/27/2012 11:23:04 pm: CALL USP_InsertAccount (1,'test');
10/27/2012 11:23:04 pm: CALL USP_GetAccounts();
10/27/2012 11:23:06 pm: CALL USP_InsertAccount (1,'test1');
10/27/2012 11:23:06 pm: CALL USP_GetAccounts();
10/27/2012 11:23:18 pm: CALL USP_InsertAccount (1,'test2');
10/27/2012 11:23:18 pm: CALL USP_GetAccounts();
10/27/2012 11:32:55 pm: CALL USP_GetAccounts();
10/27/2012 11:32:55 pm: CALL USP_GetPayees();
10/27/2012 11:32:55 pm: CALL USP_GetCategories();
10/27/2012 11:32:55 pm: CALL USP_GetCurrencies();
10/27/2012 11:32:55 pm: CALL USP_GetCategories2();
10/27/2012 11:33:01 pm: CALL USP_InsertAccount (1,'Enter account Name');
10/27/2012 11:33:01 pm: CALL USP_GetAccounts();
10/27/2012 11:39:43 pm: CALL USP_GetAccounts();
10/27/2012 11:39:43 pm: CALL USP_GetPayees();
10/27/2012 11:39:43 pm: CALL USP_GetCurrencies();
10/27/2012 11:39:43 pm: CALL USP_GetCategories();
10/27/2012 11:39:43 pm: CALL USP_GetCategories2();
10/27/2012 11:40:38 pm: CALL USP_GetCategories();
10/27/2012 11:40:38 pm: CALL USP_GetCategories2();
10/27/2012 11:40:38 pm: CALL USP_GetAccounts();
10/27/2012 11:40:38 pm: CALL USP_GetCurrencies();
10/27/2012 11:40:38 pm: CALL USP_GetPayees();
10/27/2012 11:41:03 pm: CALL USP_GetCurrencies();
10/27/2012 11:41:03 pm: CALL USP_GetCategories();
10/27/2012 11:41:03 pm: CALL USP_GetAccounts();
10/27/2012 11:41:03 pm: CALL USP_GetCategories2();
10/27/2012 11:41:03 pm: CALL USP_GetPayees();
