11/18/2012 10:06:38 am: CALL USP_GetCurrencies();
11/18/2012 10:06:38 am: CALL USP_GetCategories();
11/18/2012 10:06:38 am: CALL USP_GetPayees();
11/18/2012 10:06:38 am: CALL USP_GetCategories2();
11/18/2012 10:06:38 am: CALL USP_GetAccounts();
11/18/2012 10:10:18 am: CALL USP_GetCategories2();
11/18/2012 10:10:18 am: CALL USP_GetPayees();
11/18/2012 10:10:18 am: CALL USP_GetAccounts();
11/18/2012 10:10:18 am: CALL USP_GetCurrencies();
11/18/2012 10:10:18 am: CALL USP_GetCategories();
11/18/2012 10:12:57 am: CALL USP_GetAccounts();
11/18/2012 10:12:57 am: CALL USP_GetCurrencies();
11/18/2012 10:12:57 am: CALL USP_GetCategories2();
11/18/2012 10:12:57 am: CALL USP_GetPayees();
11/18/2012 10:12:58 am: CALL USP_GetCategories();
11/18/2012 10:12:58 am: CALL USP_GetCurrencies();
11/18/2012 10:12:58 am: CALL USP_GetAccounts();
11/18/2012 10:12:58 am: CALL USP_GetCategories();
11/18/2012 10:12:58 am: CALL USP_GetPayees();
11/18/2012 10:12:58 am: CALL USP_GetCategories2();
11/18/2012 10:14:39 am: CALL USP_GetCurrencies();
11/18/2012 10:14:39 am: CALL USP_GetPayees();
11/18/2012 10:14:39 am: CALL USP_GetAccounts();
11/18/2012 10:14:39 am: CALL USP_GetCategories();
11/18/2012 10:14:39 am: CALL USP_GetCategories2();
11/18/2012 10:15:05 am: CALL USP_GetAccounts();
11/18/2012 10:15:05 am: CALL USP_GetPayees();
11/18/2012 10:15:05 am: CALL USP_GetCurrencies();
11/18/2012 10:15:05 am: CALL USP_GetCategories();
11/18/2012 10:15:05 am: CALL USP_GetCategories2();
11/18/2012 10:15:36 am: CALL USP_GetCurrencies();
11/18/2012 10:15:36 am: CALL USP_GetCategories2();
11/18/2012 10:15:36 am: CALL USP_GetPayees();
11/18/2012 10:15:36 am: CALL USP_GetCategories();
11/18/2012 10:15:36 am: CALL USP_GetAccounts();
11/18/2012 10:16:01 am: CALL USP_GetPayees();
11/18/2012 10:16:01 am: CALL USP_GetAccounts();
11/18/2012 10:16:01 am: CALL USP_GetCurrencies();
11/18/2012 10:16:01 am: CALL USP_GetCategories2();
11/18/2012 10:16:01 am: CALL USP_GetCategories();
11/18/2012 10:18:48 am: CALL USP_GetCurrencies();
11/18/2012 10:18:48 am: CALL USP_GetPayees();
11/18/2012 10:18:48 am: CALL USP_GetAccounts();
11/18/2012 10:18:48 am: CALL USP_GetCategories();
11/18/2012 10:18:48 am: CALL USP_GetCategories2();
11/18/2012 10:19:43 am: CALL USP_GetAccounts();
11/18/2012 10:19:43 am: CALL USP_GetCurrencies();
11/18/2012 10:19:43 am: CALL USP_GetPayees();
11/18/2012 10:19:43 am: CALL USP_GetCategories();
11/18/2012 10:19:43 am: CALL USP_GetCategories2();
11/18/2012 10:19:45 am: CALL USP_GetCurrencies();
11/18/2012 10:19:45 am: CALL USP_GetAccounts();
11/18/2012 10:19:45 am: CALL USP_GetCategories();
11/18/2012 10:19:45 am: CALL USP_GetPayees();
11/18/2012 10:19:45 am: CALL USP_GetCategories2();
11/18/2012 10:34:24 am: CALL USP_GetCurrencies();
11/18/2012 10:34:24 am: CALL USP_GetAccounts();
11/18/2012 10:34:24 am: CALL USP_GetPayees();
11/18/2012 10:34:24 am: CALL USP_GetCategories();
11/18/2012 10:34:24 am: CALL USP_GetCategories2();
11/18/2012 10:34:44 am: CALL USP_GetAccounts();
11/18/2012 10:34:44 am: CALL USP_GetCurrencies();
11/18/2012 10:34:44 am: CALL USP_GetPayees();
11/18/2012 10:34:44 am: CALL USP_GetCategories2();
11/18/2012 10:34:44 am: CALL USP_GetCategories();
11/18/2012 10:35:04 am: CALL USP_GetAccounts();
11/18/2012 10:35:04 am: CALL USP_GetCurrencies();
11/18/2012 10:35:04 am: CALL USP_GetPayees();
11/18/2012 10:35:04 am: CALL USP_GetCategories2();
11/18/2012 10:35:04 am: CALL USP_GetCategories();
11/18/2012 10:40:13 am: CALL USP_GetAccounts();
11/18/2012 10:40:13 am: CALL USP_GetPayees();
11/18/2012 10:40:13 am: CALL USP_GetCurrencies();
11/18/2012 10:40:13 am: CALL USP_GetCategories();
11/18/2012 10:40:13 am: CALL USP_GetCategories2();
11/18/2012 10:40:36 am: CALL USP_GetCurrencies();
11/18/2012 10:40:36 am: CALL USP_GetAccounts();
11/18/2012 10:40:36 am: CALL USP_GetPayees();
11/18/2012 10:40:36 am: CALL USP_GetCategories();
11/18/2012 10:40:36 am: CALL USP_GetCategories2();
11/18/2012 10:40:46 am: CALL USP_GetAccounts();
11/18/2012 10:40:46 am: CALL USP_GetCurrencies();
11/18/2012 10:40:46 am: CALL USP_GetPayees();
11/18/2012 10:40:46 am: CALL USP_GetCategories();
11/18/2012 10:40:47 am: CALL USP_GetCategories2();
11/18/2012 10:41:02 am: CALL USP_GetAccounts();
11/18/2012 10:41:02 am: CALL USP_GetCategories();
11/18/2012 10:41:02 am: CALL USP_GetCategories2();
11/18/2012 10:41:02 am: CALL USP_GetCurrencies();
11/18/2012 10:41:02 am: CALL USP_GetPayees();
11/18/2012 10:48:37 am: CALL USP_GetAccounts();
11/18/2012 10:48:37 am: CALL USP_GetCategories();
11/18/2012 10:48:37 am: CALL USP_GetCurrencies();
11/18/2012 10:48:37 am: CALL USP_GetCategories2();
11/18/2012 10:48:37 am: CALL USP_GetPayees();
11/18/2012 10:52:15 am: CALL USP_GetAccounts();
11/18/2012 10:52:15 am: CALL USP_GetCurrencies();
11/18/2012 10:52:15 am: CALL USP_GetCategories();
11/18/2012 10:52:15 am: CALL USP_GetPayees();
11/18/2012 10:52:15 am: CALL USP_GetCategories2();
11/18/2012 10:53:41 am: CALL USP_GetAccounts();
11/18/2012 10:53:41 am: CALL USP_GetCurrencies();
11/18/2012 10:53:41 am: CALL USP_GetPayees();
11/18/2012 10:53:41 am: CALL USP_GetCategories();
11/18/2012 10:53:41 am: CALL USP_GetCategories2();
11/18/2012 10:54:32 am: CALL USP_GetCurrencies();
11/18/2012 10:54:32 am: CALL USP_GetAccounts();
11/18/2012 10:54:32 am: CALL USP_GetPayees();
11/18/2012 10:54:32 am: CALL USP_GetCategories();
11/18/2012 10:54:32 am: CALL USP_GetCategories2();
11/18/2012 10:54:55 am: CALL USP_GetAccounts();
11/18/2012 10:54:55 am: CALL USP_GetCurrencies();
11/18/2012 10:54:55 am: CALL USP_GetCategories();
11/18/2012 10:54:55 am: CALL USP_GetPayees();
11/18/2012 10:54:55 am: CALL USP_GetCategories2();
11/18/2012 10:55:27 am: CALL USP_GetPayees();
11/18/2012 10:55:27 am: CALL USP_GetCurrencies();
11/18/2012 10:55:27 am: CALL USP_GetCategories();
11/18/2012 10:55:27 am: CALL USP_GetAccounts();
11/18/2012 10:55:27 am: CALL USP_GetCategories2();
11/18/2012 10:56:14 am: CALL USP_GetAccounts();
11/18/2012 10:56:14 am: CALL USP_GetCurrencies();
11/18/2012 10:56:14 am: CALL USP_GetCategories2();
11/18/2012 10:56:14 am: CALL USP_GetCategories();
11/18/2012 10:56:14 am: CALL USP_GetPayees();
11/18/2012 11:10:28 am: CALL USP_GetAccounts();
11/18/2012 11:10:28 am: CALL USP_GetCurrencies();
11/18/2012 11:10:28 am: CALL USP_GetPayees();
11/18/2012 11:10:28 am: CALL USP_GetCategories();
11/18/2012 11:10:28 am: CALL USP_GetCategories2();
11/18/2012 11:11:04 am: CALL USP_GetAccounts();
11/18/2012 11:11:04 am: CALL USP_GetCurrencies();
11/18/2012 11:11:04 am: CALL USP_GetCategories();
11/18/2012 11:11:04 am: CALL USP_GetPayees();
11/18/2012 11:11:04 am: CALL USP_GetCategories2();
11/18/2012 11:11:42 am: CALL USP_GetAccounts();
11/18/2012 11:11:42 am: CALL USP_GetCurrencies();
11/18/2012 11:11:42 am: CALL USP_GetPayees();
11/18/2012 11:11:42 am: CALL USP_GetCategories();
11/18/2012 11:11:42 am: CALL USP_GetCategories2();
11/18/2012 11:11:50 am: CALL USP_GetAccounts();
11/18/2012 11:11:50 am: CALL USP_GetCurrencies();
11/18/2012 11:11:50 am: CALL USP_GetPayees();
11/18/2012 11:11:50 am: CALL USP_GetCategories2();
11/18/2012 11:11:50 am: CALL USP_GetCategories();
11/18/2012 11:13:12 am: CALL USP_GetCurrencies();
11/18/2012 11:13:12 am: CALL USP_GetAccounts();
11/18/2012 11:13:12 am: CALL USP_GetPayees();
11/18/2012 11:13:12 am: CALL USP_GetCategories();
11/18/2012 11:13:12 am: CALL USP_GetCategories2();
11/18/2012 11:13:14 am: CALL USP_GetAccounts();
11/18/2012 11:13:14 am: CALL USP_GetCategories2();
11/18/2012 11:13:14 am: CALL USP_GetPayees();
11/18/2012 11:13:14 am: CALL USP_GetCategories();
11/18/2012 11:13:14 am: CALL USP_GetCurrencies();
11/18/2012 11:13:23 am: CALL USP_GetAccounts();
11/18/2012 11:13:23 am: CALL USP_GetCurrencies();
11/18/2012 11:13:23 am: CALL USP_GetPayees();
11/18/2012 11:13:23 am: CALL USP_GetCategories();
11/18/2012 11:13:23 am: CALL USP_GetCategories2();
11/18/2012 11:13:44 am: CALL USP_GetAccounts();
11/18/2012 11:13:44 am: CALL USP_GetPayees();
11/18/2012 11:13:44 am: CALL USP_GetCategories();
11/18/2012 11:13:44 am: CALL USP_GetCurrencies();
11/18/2012 11:13:44 am: CALL USP_GetCategories2();
11/18/2012 11:14:09 am: CALL USP_GetCurrencies();
11/18/2012 11:14:09 am: CALL USP_GetPayees();
11/18/2012 11:14:09 am: CALL USP_GetAccounts();
11/18/2012 11:14:09 am: CALL USP_GetCategories();
11/18/2012 11:14:09 am: CALL USP_GetCategories2();
11/18/2012 11:17:45 am: CALL USP_GetAccounts();
11/18/2012 11:17:45 am: CALL USP_GetCurrencies();
11/18/2012 11:17:45 am: CALL USP_GetPayees();
11/18/2012 11:17:45 am: CALL USP_GetCategories2();
11/18/2012 11:17:45 am: CALL USP_GetCategories();
11/18/2012 11:18:03 am: CALL USP_GetAccounts();
11/18/2012 11:18:03 am: CALL USP_GetCurrencies();
11/18/2012 11:18:03 am: CALL USP_GetPayees();
11/18/2012 11:18:03 am: CALL USP_GetCategories();
11/18/2012 11:18:03 am: CALL USP_GetCategories2();
11/18/2012 11:19:17 am: CALL USP_GetAccounts();
11/18/2012 11:19:17 am: CALL USP_GetCurrencies();
11/18/2012 11:19:17 am: CALL USP_GetPayees();
11/18/2012 11:19:17 am: CALL USP_GetCategories();
11/18/2012 11:19:17 am: CALL USP_GetCategories2();
11/18/2012 11:19:40 am: CALL USP_GetAccounts();
11/18/2012 11:19:40 am: CALL USP_GetCurrencies();
11/18/2012 11:19:40 am: CALL USP_GetPayees();
11/18/2012 11:19:40 am: CALL USP_GetCategories();
11/18/2012 11:19:40 am: CALL USP_GetCategories2();
11/18/2012 11:20:26 am: CALL USP_GetCurrencies();
11/18/2012 11:20:26 am: CALL USP_GetAccounts();
11/18/2012 11:20:26 am: CALL USP_GetPayees();
11/18/2012 11:20:26 am: CALL USP_GetCategories();
11/18/2012 11:20:26 am: CALL USP_GetCategories2();
11/18/2012 11:21:18 am: CALL USP_GetAccounts();
11/18/2012 11:21:18 am: CALL USP_GetCurrencies();
11/18/2012 11:21:18 am: CALL USP_GetPayees();
11/18/2012 11:21:18 am: CALL USP_GetCategories();
11/18/2012 11:21:18 am: CALL USP_GetCategories2();
11/18/2012 11:24:25 am: CALL USP_GetCurrencies();
11/18/2012 11:24:25 am: CALL USP_GetPayees();
11/18/2012 11:24:25 am: CALL USP_GetAccounts();
11/18/2012 11:24:25 am: CALL USP_GetCategories();
11/18/2012 11:24:25 am: CALL USP_GetCategories2();
11/18/2012 11:28:04 am: CALL USP_GetAccounts();
11/18/2012 11:28:04 am: CALL USP_GetCurrencies();
11/18/2012 11:28:04 am: CALL USP_GetCategories();
11/18/2012 11:28:04 am: CALL USP_GetPayees();
11/18/2012 11:28:05 am: CALL USP_GetCategories2();
11/18/2012 11:28:57 am: CALL USP_GetCurrencies();
11/18/2012 11:28:57 am: CALL USP_GetAccounts();
11/18/2012 11:28:57 am: CALL USP_GetPayees();
11/18/2012 11:28:57 am: CALL USP_GetCategories();
11/18/2012 11:28:57 am: CALL USP_GetCategories2();
11/18/2012 11:28:59 am: CALL USP_GetAccounts();
11/18/2012 11:28:59 am: CALL USP_GetCategories2();
11/18/2012 11:28:59 am: CALL USP_GetCurrencies();
11/18/2012 11:28:59 am: CALL USP_GetPayees();
11/18/2012 11:28:59 am: CALL USP_GetCategories();
11/18/2012 11:29:06 am: CALL USP_GetAccounts();
11/18/2012 11:29:06 am: CALL USP_GetCategories2();
11/18/2012 11:29:06 am: CALL USP_GetCategories();
11/18/2012 11:29:06 am: CALL USP_GetCurrencies();
11/18/2012 11:29:06 am: CALL USP_GetPayees();
11/18/2012 11:29:47 am: CALL USP_GetAccounts();
11/18/2012 11:29:47 am: CALL USP_GetCurrencies();
11/18/2012 11:29:47 am: CALL USP_GetPayees();
11/18/2012 11:29:47 am: CALL USP_GetCategories2();
11/18/2012 11:29:47 am: CALL USP_GetCategories();
11/18/2012 11:29:48 am: CALL USP_GetAccounts();
11/18/2012 11:29:48 am: CALL USP_GetCurrencies();
11/18/2012 11:29:48 am: CALL USP_GetPayees();
11/18/2012 11:29:48 am: CALL USP_GetCategories();
11/18/2012 11:29:48 am: CALL USP_GetCategories2();
11/18/2012 11:30:28 am: CALL USP_GetCurrencies();
11/18/2012 11:30:28 am: CALL USP_GetAccounts();
11/18/2012 11:30:28 am: CALL USP_GetCategories();
11/18/2012 11:30:28 am: CALL USP_GetCategories2();
11/18/2012 11:30:28 am: CALL USP_GetPayees();
11/18/2012 11:30:39 am: CALL USP_GetPayees();
11/18/2012 11:30:39 am: CALL USP_GetAccounts();
11/18/2012 11:30:39 am: CALL USP_GetCurrencies();
11/18/2012 11:30:39 am: CALL USP_GetCategories();
11/18/2012 11:30:39 am: CALL USP_GetCategories2();
11/18/2012 11:30:40 am: CALL USP_GetCurrencies();
11/18/2012 11:30:40 am: CALL USP_GetAccounts();
11/18/2012 11:30:40 am: CALL USP_GetPayees();
11/18/2012 11:30:40 am: CALL USP_GetCategories();
11/18/2012 11:30:40 am: CALL USP_GetCategories2();
11/18/2012 11:31:23 am: CALL USP_GetAccounts();
11/18/2012 11:31:23 am: CALL USP_GetPayees();
11/18/2012 11:31:23 am: CALL USP_GetCurrencies();
11/18/2012 11:31:23 am: CALL USP_GetCategories();
11/18/2012 11:31:23 am: CALL USP_GetCategories2();
11/18/2012 11:31:43 am: CALL USP_GetCurrencies();
11/18/2012 11:31:43 am: CALL USP_GetPayees();
11/18/2012 11:31:43 am: CALL USP_GetAccounts();
11/18/2012 11:31:43 am: CALL USP_GetCategories();
11/18/2012 11:31:43 am: CALL USP_GetCategories2();
11/18/2012 11:32:10 am: CALL USP_GetAccounts();
11/18/2012 11:32:10 am: CALL USP_GetCurrencies();
11/18/2012 11:32:10 am: CALL USP_GetPayees();
11/18/2012 11:32:10 am: CALL USP_GetCategories();
11/18/2012 11:32:10 am: CALL USP_GetCategories2();
11/18/2012 11:33:38 am: CALL USP_GetCurrencies();
11/18/2012 11:33:38 am: CALL USP_GetAccounts();
11/18/2012 11:33:38 am: CALL USP_GetPayees();
11/18/2012 11:33:38 am: CALL USP_GetCategories();
11/18/2012 11:33:38 am: CALL USP_GetCategories2();
11/18/2012 11:35:57 am: CALL USP_GetCurrencies();
11/18/2012 11:35:57 am: CALL USP_GetAccounts();
11/18/2012 11:35:57 am: CALL USP_GetPayees();
11/18/2012 11:35:57 am: CALL USP_GetCategories();
11/18/2012 11:35:57 am: CALL USP_GetCategories2();
11/18/2012 11:44:08 am: CALL USP_GetPayees();
11/18/2012 11:44:08 am: CALL USP_GetCurrencies();
11/18/2012 11:44:08 am: CALL USP_GetAccounts();
11/18/2012 11:44:08 am: CALL USP_GetCategories2();
11/18/2012 11:44:08 am: CALL USP_GetCategories();
11/18/2012 11:45:28 am: CALL USP_GetAccounts();
11/18/2012 11:45:28 am: CALL USP_GetCurrencies();
11/18/2012 11:45:28 am: CALL USP_GetCategories();
11/18/2012 11:45:28 am: CALL USP_GetPayees();
11/18/2012 11:45:28 am: CALL USP_GetCategories2();
11/18/2012 12:01:43 pm: CALL USP_GetAccounts();
11/18/2012 12:01:43 pm: CALL USP_GetCurrencies();
11/18/2012 12:01:43 pm: CALL USP_GetCategories();
11/18/2012 12:01:43 pm: CALL USP_GetCategories2();
11/18/2012 12:01:43 pm: CALL USP_GetPayees();
11/18/2012 12:02:40 pm: CALL USP_InsertTransaction('2012-11-18','17','1','1','10','52','35','-43.28','Compressport UR2 Ultra Race & Recovery Calf Guards');
11/18/2012 12:02:40 pm: CALL USP_InsertTransaction('2012-11-18','17','1','1','10','52','35','-43.28','Compressport UR2 Ultra Race & Recovery Calf Guards');
11/18/2012 12:02:44 pm: CALL USP_GetAccounts();
11/18/2012 12:02:44 pm: CALL USP_GetPayees();
11/18/2012 12:02:44 pm: CALL USP_GetCurrencies();
11/18/2012 12:02:44 pm: CALL USP_GetCategories();
11/18/2012 12:02:44 pm: CALL USP_GetCategories2();
11/18/2012 12:03:18 pm: CALL USP_GetCurrencies();
11/18/2012 12:03:18 pm: CALL USP_GetCategories();
11/18/2012 12:03:18 pm: CALL USP_GetAccounts();
11/18/2012 12:03:18 pm: CALL USP_GetPayees();
11/18/2012 12:03:18 pm: CALL USP_GetCategories2();
11/18/2012 12:04:02 pm: CALL USP_GetCurrencies();
11/18/2012 12:04:02 pm: CALL USP_GetPayees();
11/18/2012 12:04:02 pm: CALL USP_GetCategories();
11/18/2012 12:04:02 pm: CALL USP_GetAccounts();
11/18/2012 12:04:02 pm: CALL USP_GetCategories2();
11/18/2012 12:05:17 pm: CALL USP_GetAccounts();
11/18/2012 12:05:17 pm: CALL USP_GetCurrencies();
11/18/2012 12:05:17 pm: CALL USP_GetPayees();
11/18/2012 12:05:17 pm: CALL USP_GetCategories2();
11/18/2012 12:05:17 pm: CALL USP_GetCategories();
11/18/2012 12:07:13 pm: CALL USP_GetCurrencies();
11/18/2012 12:07:13 pm: CALL USP_GetAccounts();
11/18/2012 12:07:13 pm: CALL USP_GetCategories();
11/18/2012 12:07:13 pm: CALL USP_GetPayees();
11/18/2012 12:07:13 pm: CALL USP_GetCategories2();
11/18/2012 12:07:23 pm: CALL USP_GetAccounts();
11/18/2012 12:07:23 pm: CALL USP_GetCurrencies();
11/18/2012 12:07:23 pm: CALL USP_GetCategories();
11/18/2012 12:07:23 pm: CALL USP_GetPayees();
11/18/2012 12:07:23 pm: CALL USP_GetCategories2();
11/18/2012 12:07:54 pm: CALL USP_GetAccounts();
11/18/2012 12:07:54 pm: CALL USP_GetCurrencies();
11/18/2012 12:07:54 pm: CALL USP_GetPayees();
11/18/2012 12:07:54 pm: CALL USP_GetCategories2();
11/18/2012 12:07:54 pm: CALL USP_GetCategories();
11/18/2012 12:07:59 pm: CALL USP_GetAccounts();
11/18/2012 12:07:59 pm: CALL USP_GetCurrencies();
11/18/2012 12:07:59 pm: CALL USP_GetPayees();
11/18/2012 12:07:59 pm: CALL USP_GetCategories2();
11/18/2012 12:07:59 pm: CALL USP_GetCategories();
11/18/2012 12:08:13 pm: CALL USP_GetCurrencies();
11/18/2012 12:08:13 pm: CALL USP_GetAccounts();
11/18/2012 12:08:13 pm: CALL USP_GetCategories();
11/18/2012 12:08:13 pm: CALL USP_GetPayees();
11/18/2012 12:08:13 pm: CALL USP_GetCategories2();
11/18/2012 12:08:57 pm: CALL USP_GetAccounts();
11/18/2012 12:08:57 pm: CALL USP_GetPayees();
11/18/2012 12:08:57 pm: CALL USP_GetCurrencies();
11/18/2012 12:08:57 pm: CALL USP_GetCategories();
11/18/2012 12:08:57 pm: CALL USP_GetCategories2();
11/18/2012 12:08:58 pm: CALL USP_GetCurrencies();
11/18/2012 12:08:58 pm: CALL USP_GetAccounts();
11/18/2012 12:08:58 pm: CALL USP_GetPayees();
11/18/2012 12:08:58 pm: CALL USP_GetCategories();
11/18/2012 12:08:58 pm: CALL USP_GetCategories2();
11/18/2012 12:09:20 pm: CALL USP_GetCurrencies();
11/18/2012 12:09:20 pm: CALL USP_GetPayees();
11/18/2012 12:09:20 pm: CALL USP_GetAccounts();
11/18/2012 12:09:20 pm: CALL USP_GetCategories();
11/18/2012 12:09:20 pm: CALL USP_GetCategories2();
11/18/2012 12:11:07 pm: CALL USP_GetPayees();
11/18/2012 12:11:07 pm: CALL USP_GetCategories();
11/18/2012 12:11:07 pm: CALL USP_GetAccounts();
11/18/2012 12:11:07 pm: CALL USP_GetCategories2();
11/18/2012 12:11:07 pm: CALL USP_GetCurrencies();
11/18/2012 12:12:14 pm: CALL USP_GetAccounts();
11/18/2012 12:12:14 pm: CALL USP_GetCategories();
11/18/2012 12:12:14 pm: CALL USP_GetCurrencies();
11/18/2012 12:12:14 pm: CALL USP_GetPayees();
11/18/2012 12:12:14 pm: CALL USP_GetCategories2();
11/18/2012 12:13:05 pm: CALL USP_GetAccounts();
11/18/2012 12:13:05 pm: CALL USP_GetCurrencies();
11/18/2012 12:13:05 pm: CALL USP_GetCategories();
11/18/2012 12:13:05 pm: CALL USP_GetCategories2();
11/18/2012 12:13:05 pm: CALL USP_GetPayees();
11/18/2012 12:13:24 pm: CALL USP_GetAccounts();
11/18/2012 12:13:24 pm: CALL USP_GetCategories();
11/18/2012 12:13:24 pm: CALL USP_GetCurrencies();
11/18/2012 12:13:24 pm: CALL USP_GetCategories2();
11/18/2012 12:13:24 pm: CALL USP_GetPayees();
11/18/2012 12:14:22 pm: CALL USP_GetAccounts();
11/18/2012 12:14:22 pm: CALL USP_GetCategories();
11/18/2012 12:14:22 pm: CALL USP_GetPayees();
11/18/2012 12:14:22 pm: CALL USP_GetCurrencies();
11/18/2012 12:14:22 pm: CALL USP_GetCategories2();
11/18/2012 12:14:45 pm: CALL USP_GetAccounts();
11/18/2012 12:14:45 pm: CALL USP_GetPayees();
11/18/2012 12:14:45 pm: CALL USP_GetCurrencies();
11/18/2012 12:14:45 pm: CALL USP_GetCategories();
11/18/2012 12:14:45 pm: CALL USP_GetCategories2();
11/18/2012 12:14:46 pm: CALL USP_GetAccounts();
11/18/2012 12:14:46 pm: CALL USP_GetCurrencies();
11/18/2012 12:14:46 pm: CALL USP_GetPayees();
11/18/2012 12:14:46 pm: CALL USP_GetCategories();
11/18/2012 12:14:46 pm: CALL USP_GetCategories2();
11/18/2012 12:15:18 pm: CALL USP_GetAccounts();
11/18/2012 12:15:18 pm: CALL USP_GetCurrencies();
11/18/2012 12:15:18 pm: CALL USP_GetPayees();
11/18/2012 12:15:18 pm: CALL USP_GetCategories();
11/18/2012 12:15:18 pm: CALL USP_GetCategories2();
11/18/2012 12:15:32 pm: CALL USP_GetAccounts();
11/18/2012 12:15:32 pm: CALL USP_GetCurrencies();
11/18/2012 12:15:32 pm: CALL USP_GetPayees();
11/18/2012 12:15:32 pm: CALL USP_GetCategories();
11/18/2012 12:15:33 pm: CALL USP_GetCategories2();
11/18/2012 12:15:50 pm: CALL USP_GetAccounts();
11/18/2012 12:15:50 pm: CALL USP_GetCurrencies();
11/18/2012 12:15:50 pm: CALL USP_GetPayees();
11/18/2012 12:15:50 pm: CALL USP_GetCategories2();
11/18/2012 12:15:50 pm: CALL USP_GetCategories();
11/18/2012 12:17:00 pm: CALL USP_GetPayees();
11/18/2012 12:17:00 pm: CALL USP_GetCurrencies();
11/18/2012 12:17:00 pm: CALL USP_GetCategories();
11/18/2012 12:17:00 pm: CALL USP_GetAccounts();
11/18/2012 12:17:00 pm: CALL USP_GetCategories2();
11/18/2012 12:17:49 pm: CALL USP_GetAccounts();
11/18/2012 12:17:49 pm: CALL USP_GetCurrencies();
11/18/2012 12:17:49 pm: CALL USP_GetPayees();
11/18/2012 12:17:49 pm: CALL USP_GetCategories();
11/18/2012 12:17:49 pm: CALL USP_GetCategories2();
11/18/2012 12:19:32 pm: CALL USP_GetCategories();
11/18/2012 12:19:32 pm: CALL USP_GetAccounts();
11/18/2012 12:19:32 pm: CALL USP_GetPayees();
11/18/2012 12:19:32 pm: CALL USP_GetCurrencies();
11/18/2012 12:19:32 pm: CALL USP_GetCategories2();
11/18/2012 12:20:12 pm: CALL USP_GetPayees();
11/18/2012 12:20:12 pm: CALL USP_GetAccounts();
11/18/2012 12:20:12 pm: CALL USP_GetCurrencies();
11/18/2012 12:20:12 pm: CALL USP_GetCategories();
11/18/2012 12:20:12 pm: CALL USP_GetCategories2();
11/18/2012 12:20:54 pm: CALL USP_GetAccounts();
11/18/2012 12:20:54 pm: CALL USP_GetCategories();
11/18/2012 12:20:54 pm: CALL USP_GetPayees();
11/18/2012 12:20:54 pm: CALL USP_GetCategories2();
11/18/2012 12:20:54 pm: CALL USP_GetCurrencies();
11/18/2012 12:21:03 pm: CALL USP_GetCurrencies();
11/18/2012 12:21:03 pm: CALL USP_GetPayees();
11/18/2012 12:21:03 pm: CALL USP_GetAccounts();
11/18/2012 12:21:03 pm: CALL USP_GetCategories();
11/18/2012 12:21:03 pm: CALL USP_GetCategories2();
11/18/2012 12:21:10 pm: CALL USP_GetAccounts();
11/18/2012 12:21:10 pm: CALL USP_GetCurrencies();
11/18/2012 12:21:10 pm: CALL USP_GetCategories();
11/18/2012 12:21:10 pm: CALL USP_GetPayees();
11/18/2012 12:21:10 pm: CALL USP_GetCategories2();
11/18/2012 12:21:23 pm: CALL USP_GetAccounts();
11/18/2012 12:21:23 pm: CALL USP_GetCategories();
11/18/2012 12:21:23 pm: CALL USP_GetPayees();
11/18/2012 12:21:23 pm: CALL USP_GetCurrencies();
11/18/2012 12:21:23 pm: CALL USP_GetCategories2();
11/18/2012 12:21:36 pm: CALL USP_GetAccounts();
11/18/2012 12:21:36 pm: CALL USP_GetPayees();
11/18/2012 12:21:36 pm: CALL USP_GetCategories();
11/18/2012 12:21:36 pm: CALL USP_GetCurrencies();
11/18/2012 12:21:36 pm: CALL USP_GetCategories2();
11/18/2012 12:23:42 pm: CALL USP_GetAccounts();
11/18/2012 12:23:42 pm: CALL USP_GetCurrencies();
11/18/2012 12:23:42 pm: CALL USP_GetCategories();
11/18/2012 12:23:42 pm: CALL USP_GetPayees();
11/18/2012 12:23:42 pm: CALL USP_GetCategories2();
11/18/2012 12:23:43 pm: CALL USP_GetCurrencies();
11/18/2012 12:23:43 pm: CALL USP_GetAccounts();
11/18/2012 12:23:43 pm: CALL USP_GetPayees();
11/18/2012 12:23:43 pm: CALL USP_GetCategories();
11/18/2012 12:23:43 pm: CALL USP_GetCategories2();
11/18/2012 12:23:57 pm: CALL USP_GetCurrencies();
11/18/2012 12:23:57 pm: CALL USP_GetAccounts();
11/18/2012 12:23:57 pm: CALL USP_GetPayees();
11/18/2012 12:23:57 pm: CALL USP_GetCategories2();
11/18/2012 12:23:57 pm: CALL USP_GetCategories();
11/18/2012 12:25:25 pm: CALL USP_GetPayees();
11/18/2012 12:25:25 pm: CALL USP_GetAccounts();
11/18/2012 12:25:25 pm: CALL USP_GetCategories2();
11/18/2012 12:25:25 pm: CALL USP_GetCategories();
11/18/2012 12:25:25 pm: CALL USP_GetCurrencies();
11/18/2012 12:27:02 pm: CALL USP_GetCurrencies();
11/18/2012 12:27:02 pm: CALL USP_GetPayees();
11/18/2012 12:27:02 pm: CALL USP_GetCategories();
11/18/2012 12:27:02 pm: CALL USP_GetAccounts();
11/18/2012 12:27:02 pm: CALL USP_GetCategories2();
11/18/2012 12:27:10 pm: CALL USP_GetPayees();
11/18/2012 12:27:10 pm: CALL USP_GetCategories2();
11/18/2012 12:27:10 pm: CALL USP_GetCurrencies();
11/18/2012 12:27:10 pm: CALL USP_GetAccounts();
11/18/2012 12:27:10 pm: CALL USP_GetCategories();
11/18/2012 12:28:49 pm: CALL USP_GetAccounts();
11/18/2012 12:28:49 pm: CALL USP_GetPayees();
11/18/2012 12:28:49 pm: CALL USP_GetCurrencies();
11/18/2012 12:28:49 pm: CALL USP_GetCategories();
11/18/2012 12:28:49 pm: CALL USP_GetCategories2();
11/18/2012 12:29:11 pm: CALL USP_GetCurrencies();
11/18/2012 12:29:11 pm: CALL USP_GetCategories();
11/18/2012 12:29:11 pm: CALL USP_GetPayees();
11/18/2012 12:29:11 pm: CALL USP_GetCategories2();
11/18/2012 12:29:11 pm: CALL USP_GetAccounts();
11/18/2012 12:30:11 pm: CALL USP_GetAccounts();
11/18/2012 12:30:11 pm: CALL USP_GetPayees();
11/18/2012 12:30:11 pm: CALL USP_GetCurrencies();
11/18/2012 12:30:11 pm: CALL USP_GetCategories();
11/18/2012 12:30:11 pm: CALL USP_GetCategories2();
11/18/2012 12:31:31 pm: CALL USP_GetAccounts();
11/18/2012 12:31:31 pm: CALL USP_GetPayees();
11/18/2012 12:31:31 pm: CALL USP_GetCurrencies();
11/18/2012 12:31:31 pm: CALL USP_GetCategories();
11/18/2012 12:31:31 pm: CALL USP_GetCategories2();
11/18/2012 12:31:44 pm: CALL USP_GetCurrencies();
11/18/2012 12:31:44 pm: CALL USP_GetAccounts();
11/18/2012 12:31:44 pm: CALL USP_GetPayees();
11/18/2012 12:31:44 pm: CALL USP_GetCategories();
11/18/2012 12:31:44 pm: CALL USP_GetCategories2();
11/18/2012 12:34:44 pm: CALL USP_GetAccounts();
11/18/2012 12:34:44 pm: CALL USP_GetCurrencies();
11/18/2012 12:34:44 pm: CALL USP_GetPayees();
11/18/2012 12:34:44 pm: CALL USP_GetCategories();
11/18/2012 12:34:44 pm: CALL USP_GetCategories2();
11/18/2012 12:44:41 pm: CALL USP_GetCategories();
11/18/2012 12:44:41 pm: CALL USP_GetCurrencies();
11/18/2012 12:44:41 pm: CALL USP_GetPayees();
11/18/2012 12:44:41 pm: CALL USP_GetCategories2();
11/18/2012 12:44:41 pm: CALL USP_GetAccounts();
11/18/2012 12:50:37 pm: CALL USP_GetAccounts();
11/18/2012 12:50:37 pm: CALL USP_GetCurrencies();
11/18/2012 12:50:37 pm: CALL USP_GetPayees();
11/18/2012 12:50:37 pm: CALL USP_GetCategories();
11/18/2012 12:50:37 pm: CALL USP_GetCategories2();
11/18/2012 12:50:42 pm: CALL USP_GetAccounts();
11/18/2012 12:50:42 pm: CALL USP_GetPayees();
11/18/2012 12:50:42 pm: CALL USP_GetCurrencies();
11/18/2012 12:50:42 pm: CALL USP_GetCategories();
11/18/2012 12:50:42 pm: CALL USP_GetCategories2();
11/18/2012 12:51:41 pm: CALL USP_GetCurrencies();
11/18/2012 12:51:41 pm: CALL USP_GetCategories();
11/18/2012 12:51:41 pm: CALL USP_GetCategories2();
11/18/2012 12:51:41 pm: CALL USP_GetAccounts();
11/18/2012 12:51:41 pm: CALL USP_GetPayees();
11/18/2012 12:52:31 pm: CALL USP_GetAccounts();
11/18/2012 12:52:31 pm: CALL USP_GetPayees();
11/18/2012 12:52:31 pm: CALL USP_GetCurrencies();
11/18/2012 12:52:31 pm: CALL USP_GetCategories();
11/18/2012 12:52:31 pm: CALL USP_GetCategories2();
11/18/2012 12:52:40 pm: CALL USP_GetCategories();
11/18/2012 12:52:40 pm: CALL USP_GetCurrencies();
11/18/2012 12:52:40 pm: CALL USP_GetPayees();
11/18/2012 12:52:40 pm: CALL USP_GetCategories2();
11/18/2012 12:52:40 pm: CALL USP_GetAccounts();
11/18/2012 12:52:55 pm: CALL USP_GetCurrencies();
11/18/2012 12:52:55 pm: CALL USP_GetPayees();
11/18/2012 12:52:55 pm: CALL USP_GetCategories();
11/18/2012 12:52:55 pm: CALL USP_GetAccounts();
11/18/2012 12:52:55 pm: CALL USP_GetCategories2();
11/18/2012 12:56:40 pm: CALL USP_GetCurrencies();
11/18/2012 12:56:40 pm: CALL USP_GetAccounts();
11/18/2012 12:56:40 pm: CALL USP_GetCategories();
11/18/2012 12:56:40 pm: CALL USP_GetPayees();
11/18/2012 12:56:40 pm: CALL USP_GetCategories2();
11/18/2012 01:08:31 pm: CALL USP_GetCategories2();
11/18/2012 01:08:31 pm: CALL USP_GetCategories();
11/18/2012 01:08:31 pm: CALL USP_GetCurrencies();
11/18/2012 01:08:31 pm: CALL USP_GetPayees();
11/18/2012 01:08:31 pm: CALL USP_GetAccounts();
11/18/2012 01:09:39 pm: CALL USP_GetCategories();
11/18/2012 01:09:39 pm: CALL USP_GetCurrencies();
11/18/2012 01:09:39 pm: CALL USP_GetAccounts();
11/18/2012 01:09:39 pm: CALL USP_GetCategories2();
11/18/2012 01:09:39 pm: CALL USP_GetPayees();
11/18/2012 01:09:53 pm: CALL USP_GetPayees();
11/18/2012 01:09:53 pm: CALL USP_GetCurrencies();
11/18/2012 01:09:53 pm: CALL USP_GetCategories();
11/18/2012 01:09:53 pm: CALL USP_GetAccounts();
11/18/2012 01:09:53 pm: CALL USP_GetCategories2();
11/18/2012 01:11:11 pm: CALL USP_GetAccounts();
11/18/2012 01:11:11 pm: CALL USP_GetCurrencies();
11/18/2012 01:11:11 pm: CALL USP_GetPayees();
11/18/2012 01:11:11 pm: CALL USP_GetCategories();
11/18/2012 01:11:11 pm: CALL USP_GetCategories2();
11/18/2012 01:23:41 pm: CALL USP_GetAccounts();
11/18/2012 01:23:41 pm: CALL USP_GetCurrencies();
11/18/2012 01:23:41 pm: CALL USP_GetCategories();
11/18/2012 01:23:41 pm: CALL USP_GetPayees();
11/18/2012 01:23:41 pm: CALL USP_GetCategories2();
11/18/2012 01:24:19 pm: CALL USP_GetAccounts();
11/18/2012 01:24:19 pm: CALL USP_GetPayees();
11/18/2012 01:24:19 pm: CALL USP_GetCategories();
11/18/2012 01:24:19 pm: CALL USP_GetCurrencies();
11/18/2012 01:24:19 pm: CALL USP_GetCategories2();
11/18/2012 01:24:21 pm: CALL USP_GetAccounts();
11/18/2012 01:24:21 pm: CALL USP_GetCurrencies();
11/18/2012 01:24:21 pm: CALL USP_GetCategories();
11/18/2012 01:24:21 pm: CALL USP_GetPayees();
11/18/2012 01:24:21 pm: CALL USP_GetCategories2();
11/18/2012 01:24:41 pm: CALL USP_GetAccounts();
11/18/2012 01:24:41 pm: CALL USP_GetCurrencies();
11/18/2012 01:24:41 pm: CALL USP_GetPayees();
11/18/2012 01:24:41 pm: CALL USP_GetCategories();
11/18/2012 01:24:41 pm: CALL USP_GetCategories2();
11/18/2012 01:25:00 pm: CALL USP_GetAccounts();
11/18/2012 01:25:00 pm: CALL USP_GetCurrencies();
11/18/2012 01:25:00 pm: CALL USP_GetPayees();
11/18/2012 01:25:00 pm: CALL USP_GetCategories2();
11/18/2012 01:25:00 pm: CALL USP_GetCategories();
11/18/2012 01:25:22 pm: CALL USP_GetCurrencies();
11/18/2012 01:25:22 pm: CALL USP_GetPayees();
11/18/2012 01:25:22 pm: CALL USP_GetCategories();
11/18/2012 01:25:22 pm: CALL USP_GetAccounts();
11/18/2012 01:25:22 pm: CALL USP_GetCategories2();
11/18/2012 01:25:23 pm: CALL USP_GetAccounts();
11/18/2012 01:25:23 pm: CALL USP_GetCurrencies();
11/18/2012 01:25:23 pm: CALL USP_GetPayees();
11/18/2012 01:25:23 pm: CALL USP_GetCategories();
11/18/2012 01:25:23 pm: CALL USP_GetCategories2();
11/18/2012 01:25:38 pm: CALL USP_GetPayees();
11/18/2012 01:25:38 pm: CALL USP_GetCurrencies();
11/18/2012 01:25:38 pm: CALL USP_GetAccounts();
11/18/2012 01:25:38 pm: CALL USP_GetCategories2();
11/18/2012 01:25:38 pm: CALL USP_GetCategories();
11/18/2012 01:26:28 pm: CALL USP_GetCurrencies();
11/18/2012 01:26:28 pm: CALL USP_GetAccounts();
11/18/2012 01:26:28 pm: CALL USP_GetCategories();
11/18/2012 01:26:28 pm: CALL USP_GetPayees();
11/18/2012 01:26:28 pm: CALL USP_GetCategories2();
11/18/2012 01:27:24 pm: CALL USP_InsertTransaction('2012-11-18','11','1','2','4','37','187','350','Mac Mini, 22\" TFT screen');
11/18/2012 01:27:24 pm: CALL USP_InsertTransaction('2012-11-18','11','1','2','4','37','187','350','Mac Mini, 22\" TFT screen');
11/18/2012 01:27:29 pm: CALL USP_GetCurrencies();
11/18/2012 01:27:29 pm: CALL USP_GetPayees();
11/18/2012 01:27:29 pm: CALL USP_GetAccounts();
11/18/2012 01:27:29 pm: CALL USP_GetCategories2();
11/18/2012 01:27:29 pm: CALL USP_GetCategories();
11/18/2012 01:28:28 pm: CALL USP_GetAccounts();
11/18/2012 01:28:28 pm: CALL USP_GetCurrencies();
11/18/2012 01:28:28 pm: CALL USP_GetPayees();
11/18/2012 01:28:28 pm: CALL USP_GetCategories();
11/18/2012 01:28:28 pm: CALL USP_GetCategories2();
11/18/2012 01:29:16 pm: CALL USP_GetAccounts();
11/18/2012 01:29:16 pm: CALL USP_GetCategories2();
11/18/2012 01:29:16 pm: CALL USP_GetCategories();
11/18/2012 01:29:16 pm: CALL USP_GetPayees();
11/18/2012 01:29:16 pm: CALL USP_GetCurrencies();
11/18/2012 01:30:24 pm: CALL USP_GetCategories();
11/18/2012 01:30:24 pm: CALL USP_GetCategories2();
11/18/2012 01:30:24 pm: CALL USP_GetCurrencies();
11/18/2012 01:30:24 pm: CALL USP_GetPayees();
11/18/2012 01:30:24 pm: CALL USP_GetAccounts();
11/18/2012 01:30:25 pm: CALL USP_GetAccounts();
11/18/2012 01:30:25 pm: CALL USP_GetCurrencies();
11/18/2012 01:30:25 pm: CALL USP_GetCategories();
11/18/2012 01:30:25 pm: CALL USP_GetPayees();
11/18/2012 01:30:25 pm: CALL USP_GetCategories2();
11/18/2012 01:30:39 pm: CALL USP_GetAccounts();
11/18/2012 01:30:39 pm: CALL USP_GetCategories();
11/18/2012 01:30:39 pm: CALL USP_GetCurrencies();
11/18/2012 01:30:39 pm: CALL USP_GetPayees();
11/18/2012 01:30:39 pm: CALL USP_GetCategories2();
11/18/2012 01:30:48 pm: CALL USP_GetCategories2();
11/18/2012 01:30:48 pm: CALL USP_GetAccounts();
11/18/2012 01:30:48 pm: CALL USP_GetCategories();
11/18/2012 01:30:48 pm: CALL USP_GetCurrencies();
11/18/2012 01:30:48 pm: CALL USP_GetPayees();
11/18/2012 01:31:04 pm: CALL USP_GetCategories();
11/18/2012 01:31:04 pm: CALL USP_GetAccounts();
11/18/2012 01:31:04 pm: CALL USP_GetCurrencies();
11/18/2012 01:31:04 pm: CALL USP_GetPayees();
11/18/2012 01:31:04 pm: CALL USP_GetCategories2();
11/18/2012 01:31:32 pm: CALL USP_GetAccounts();
11/18/2012 01:31:32 pm: CALL USP_GetCurrencies();
11/18/2012 01:31:32 pm: CALL USP_GetPayees();
11/18/2012 01:31:32 pm: CALL USP_GetCategories();
11/18/2012 01:31:32 pm: CALL USP_GetCategories2();
11/18/2012 01:31:47 pm: CALL USP_GetAccounts();
11/18/2012 01:31:47 pm: CALL USP_GetCurrencies();
11/18/2012 01:31:47 pm: CALL USP_GetPayees();
11/18/2012 01:31:47 pm: CALL USP_GetCategories();
11/18/2012 01:31:47 pm: CALL USP_GetCategories2();
11/18/2012 01:31:53 pm: CALL USP_GetAccounts();
11/18/2012 01:31:53 pm: CALL USP_GetCurrencies();
11/18/2012 01:31:53 pm: CALL USP_GetCategories();
11/18/2012 01:31:53 pm: CALL USP_GetPayees();
11/18/2012 01:31:53 pm: CALL USP_GetCategories2();
11/18/2012 01:32:10 pm: CALL USP_GetPayees();
11/18/2012 01:32:10 pm: CALL USP_GetCurrencies();
11/18/2012 01:32:10 pm: CALL USP_GetCategories();
11/18/2012 01:32:10 pm: CALL USP_GetCategories2();
11/18/2012 01:32:10 pm: CALL USP_GetAccounts();
11/18/2012 01:32:25 pm: CALL USP_GetCurrencies();
11/18/2012 01:32:25 pm: CALL USP_GetPayees();
11/18/2012 01:32:25 pm: CALL USP_GetAccounts();
11/18/2012 01:32:25 pm: CALL USP_GetCategories2();
11/18/2012 01:32:25 pm: CALL USP_GetCategories();
11/18/2012 01:32:32 pm: CALL USP_GetAccounts();
11/18/2012 01:32:32 pm: CALL USP_GetCurrencies();
11/18/2012 01:32:32 pm: CALL USP_GetPayees();
11/18/2012 01:32:32 pm: CALL USP_GetCategories();
11/18/2012 01:32:32 pm: CALL USP_GetCategories2();
11/18/2012 01:32:37 pm: CALL USP_GetAccounts();
11/18/2012 01:32:37 pm: CALL USP_GetCurrencies();
11/18/2012 01:32:37 pm: CALL USP_GetCategories();
11/18/2012 01:32:37 pm: CALL USP_GetCategories2();
11/18/2012 01:32:37 pm: CALL USP_GetPayees();
11/18/2012 01:32:43 pm: CALL USP_GetCurrencies();
11/18/2012 01:32:43 pm: CALL USP_GetAccounts();
11/18/2012 01:32:43 pm: CALL USP_GetCategories();
11/18/2012 01:32:43 pm: CALL USP_GetPayees();
11/18/2012 01:32:43 pm: CALL USP_GetCategories2();
11/18/2012 01:32:48 pm: CALL USP_GetAccounts();
11/18/2012 01:32:48 pm: CALL USP_GetCurrencies();
11/18/2012 01:32:48 pm: CALL USP_GetPayees();
11/18/2012 01:32:48 pm: CALL USP_GetCategories();
11/18/2012 01:32:48 pm: CALL USP_GetCategories2();
11/18/2012 01:34:48 pm: CALL USP_GetCurrencies();
11/18/2012 01:34:48 pm: CALL USP_GetAccounts();
11/18/2012 01:34:48 pm: CALL USP_GetPayees();
11/18/2012 01:34:48 pm: CALL USP_GetCategories();
11/18/2012 01:34:48 pm: CALL USP_GetCategories2();
11/18/2012 01:35:09 pm: CALL USP_GetCurrencies();
11/18/2012 01:35:09 pm: CALL USP_GetPayees();
11/18/2012 01:35:09 pm: CALL USP_GetCategories();
11/18/2012 01:35:09 pm: CALL USP_GetAccounts();
11/18/2012 01:35:09 pm: CALL USP_GetCategories2();
11/18/2012 01:35:31 pm: CALL USP_GetCurrencies();
11/18/2012 01:35:31 pm: CALL USP_GetAccounts();
11/18/2012 01:35:31 pm: CALL USP_GetCategories();
11/18/2012 01:35:31 pm: CALL USP_GetPayees();
11/18/2012 01:35:31 pm: CALL USP_GetCategories2();
11/18/2012 01:35:33 pm: CALL USP_GetAccounts();
11/18/2012 01:35:33 pm: CALL USP_GetCurrencies();
11/18/2012 01:35:33 pm: CALL USP_GetCategories();
11/18/2012 01:35:33 pm: CALL USP_GetPayees();
11/18/2012 01:35:33 pm: CALL USP_GetCategories2();
11/18/2012 01:35:39 pm: CALL USP_GetCurrencies();
11/18/2012 01:35:39 pm: CALL USP_GetCategories();
11/18/2012 01:35:39 pm: CALL USP_GetAccounts();
11/18/2012 01:35:39 pm: CALL USP_GetCategories2();
11/18/2012 01:35:39 pm: CALL USP_GetPayees();
11/18/2012 01:36:06 pm: CALL USP_GetAccounts();
11/18/2012 01:36:06 pm: CALL USP_GetCurrencies();
11/18/2012 01:36:06 pm: CALL USP_GetCategories();
11/18/2012 01:36:06 pm: CALL USP_GetPayees();
11/18/2012 01:36:06 pm: CALL USP_GetCategories2();
11/18/2012 01:36:51 pm: CALL USP_GetAccounts();
11/18/2012 01:36:51 pm: CALL USP_GetCurrencies();
11/18/2012 01:36:51 pm: CALL USP_GetPayees();
11/18/2012 01:36:51 pm: CALL USP_GetCategories();
11/18/2012 01:36:51 pm: CALL USP_GetCategories2();
11/18/2012 01:38:11 pm: CALL USP_GetCurrencies();
11/18/2012 01:38:11 pm: CALL USP_GetAccounts();
11/18/2012 01:38:11 pm: CALL USP_GetPayees();
11/18/2012 01:38:11 pm: CALL USP_GetCategories();
11/18/2012 01:38:11 pm: CALL USP_GetCategories2();
11/18/2012 01:38:36 pm: CALL USP_GetCurrencies();
11/18/2012 01:38:36 pm: CALL USP_GetPayees();
11/18/2012 01:38:36 pm: CALL USP_GetCategories();
11/18/2012 01:38:36 pm: CALL USP_GetAccounts();
11/18/2012 01:38:36 pm: CALL USP_GetCategories2();
11/18/2012 01:38:37 pm: CALL USP_GetAccounts();
11/18/2012 01:38:37 pm: CALL USP_GetCurrencies();
11/18/2012 01:38:37 pm: CALL USP_GetPayees();
11/18/2012 01:38:37 pm: CALL USP_GetCategories();
11/18/2012 01:38:37 pm: CALL USP_GetCategories2();
11/18/2012 01:38:38 pm: CALL USP_GetAccounts();
11/18/2012 01:38:38 pm: CALL USP_GetCurrencies();
11/18/2012 01:38:38 pm: CALL USP_GetPayees();
11/18/2012 01:38:38 pm: CALL USP_GetCategories();
11/18/2012 01:38:38 pm: CALL USP_GetCategories2();
11/18/2012 01:39:12 pm: CALL USP_GetAccounts();
11/18/2012 01:39:12 pm: CALL USP_GetCurrencies();
11/18/2012 01:39:12 pm: CALL USP_GetCategories();
11/18/2012 01:39:12 pm: CALL USP_GetPayees();
11/18/2012 01:39:12 pm: CALL USP_GetCategories2();
11/18/2012 01:39:32 pm: CALL USP_GetAccounts();
11/18/2012 01:39:32 pm: CALL USP_GetCurrencies();
11/18/2012 01:39:32 pm: CALL USP_GetCategories();
11/18/2012 01:39:32 pm: CALL USP_GetPayees();
11/18/2012 01:39:32 pm: CALL USP_GetCategories2();
11/18/2012 01:39:33 pm: CALL USP_GetAccounts();
11/18/2012 01:39:33 pm: CALL USP_GetCurrencies();
11/18/2012 01:39:33 pm: CALL USP_GetPayees();
11/18/2012 01:39:33 pm: CALL USP_GetCategories2();
11/18/2012 01:39:33 pm: CALL USP_GetCategories();
11/18/2012 01:39:59 pm: CALL USP_GetAccounts();
11/18/2012 01:40:00 pm: CALL USP_GetCurrencies();
11/18/2012 01:40:00 pm: CALL USP_GetCategories();
11/18/2012 01:40:00 pm: CALL USP_GetCategories2();
11/18/2012 01:40:00 pm: CALL USP_GetPayees();
11/18/2012 01:40:10 pm: CALL USP_GetAccounts();
11/18/2012 01:40:10 pm: CALL USP_GetCurrencies();
11/18/2012 01:40:10 pm: CALL USP_GetCategories2();
11/18/2012 01:40:10 pm: CALL USP_GetPayees();
11/18/2012 01:40:10 pm: CALL USP_GetCategories();
11/18/2012 01:41:16 pm: CALL USP_GetCurrencies();
11/18/2012 01:41:16 pm: CALL USP_GetAccounts();
11/18/2012 01:41:16 pm: CALL USP_GetPayees();
11/18/2012 01:41:16 pm: CALL USP_GetCategories();
11/18/2012 01:41:16 pm: CALL USP_GetCategories2();
11/18/2012 01:41:32 pm: CALL USP_GetAccounts();
11/18/2012 01:41:32 pm: CALL USP_GetCurrencies();
11/18/2012 01:41:32 pm: CALL USP_GetPayees();
11/18/2012 01:41:32 pm: CALL USP_GetCategories();
11/18/2012 01:41:32 pm: CALL USP_GetCategories2();
11/18/2012 01:42:06 pm: CALL USP_GetAccounts();
11/18/2012 01:42:06 pm: CALL USP_GetPayees();
11/18/2012 01:42:06 pm: CALL USP_GetCurrencies();
11/18/2012 01:42:06 pm: CALL USP_GetCategories2();
11/18/2012 01:42:06 pm: CALL USP_GetCategories();
11/18/2012 01:42:24 pm: CALL USP_GetCategories();
11/18/2012 01:42:24 pm: CALL USP_GetAccounts();
11/18/2012 01:42:24 pm: CALL USP_GetCurrencies();
11/18/2012 01:42:24 pm: CALL USP_GetPayees();
11/18/2012 01:42:24 pm: CALL USP_GetCategories2();
11/18/2012 01:42:25 pm: CALL USP_GetAccounts();
11/18/2012 01:42:25 pm: CALL USP_GetCurrencies();
11/18/2012 01:42:25 pm: CALL USP_GetPayees();
11/18/2012 01:42:25 pm: CALL USP_GetCategories();
11/18/2012 01:42:25 pm: CALL USP_GetCategories2();
11/18/2012 01:42:33 pm: CALL USP_GetCurrencies();
11/18/2012 01:42:33 pm: CALL USP_GetCategories();
11/18/2012 01:42:33 pm: CALL USP_GetAccounts();
11/18/2012 01:42:33 pm: CALL USP_GetPayees();
11/18/2012 01:42:33 pm: CALL USP_GetCategories2();
11/18/2012 01:42:40 pm: CALL USP_GetCurrencies();
11/18/2012 01:42:40 pm: CALL USP_GetCategories();
11/18/2012 01:42:40 pm: CALL USP_GetAccounts();
11/18/2012 01:42:40 pm: CALL USP_GetCategories2();
11/18/2012 01:42:40 pm: CALL USP_GetPayees();
11/18/2012 01:44:29 pm: CALL USP_GetCurrencies();
11/18/2012 01:44:29 pm: CALL USP_GetAccounts();
11/18/2012 01:44:29 pm: CALL USP_GetPayees();
11/18/2012 01:44:29 pm: CALL USP_GetCategories();
11/18/2012 01:44:29 pm: CALL USP_GetCategories2();
11/18/2012 01:47:02 pm: CALL USP_GetAccounts();
11/18/2012 01:47:02 pm: CALL USP_GetPayees();
11/18/2012 01:47:02 pm: CALL USP_GetCurrencies();
11/18/2012 01:47:02 pm: CALL USP_GetCategories();
11/18/2012 01:47:02 pm: CALL USP_GetCategories2();
11/18/2012 01:47:33 pm: CALL USP_GetCurrencies();
11/18/2012 01:47:33 pm: CALL USP_GetPayees();
11/18/2012 01:47:33 pm: CALL USP_GetCategories2();
11/18/2012 01:47:33 pm: CALL USP_GetCategories();
11/18/2012 01:47:33 pm: CALL USP_GetAccounts();
11/18/2012 01:51:04 pm: CALL USP_GetAccounts();
11/18/2012 01:51:04 pm: CALL USP_GetCategories2();
11/18/2012 01:51:04 pm: CALL USP_GetCurrencies();
11/18/2012 01:51:04 pm: CALL USP_GetPayees();
11/18/2012 01:51:04 pm: CALL USP_GetCategories();
11/18/2012 01:53:50 pm: CALL USP_GetCurrencies();
11/18/2012 01:53:50 pm: CALL USP_GetAccounts();
11/18/2012 01:53:50 pm: CALL USP_GetCategories();
11/18/2012 01:53:50 pm: CALL USP_GetPayees();
11/18/2012 01:53:50 pm: CALL USP_GetCategories2();
11/18/2012 01:55:03 pm: CALL USP_GetAccounts();
11/18/2012 01:55:03 pm: CALL USP_GetPayees();
11/18/2012 01:55:03 pm: CALL USP_GetCurrencies();
11/18/2012 01:55:03 pm: CALL USP_GetCategories();
11/18/2012 01:55:03 pm: CALL USP_GetCategories2();
11/18/2012 01:56:11 pm: CALL USP_GetCurrencies();
11/18/2012 01:56:11 pm: CALL USP_GetAccounts();
11/18/2012 01:56:11 pm: CALL USP_GetPayees();
11/18/2012 01:56:11 pm: CALL USP_GetCategories();
11/18/2012 01:56:11 pm: CALL USP_GetCategories2();
11/18/2012 02:00:00 pm: CALL USP_GetAccounts();
11/18/2012 02:00:00 pm: CALL USP_GetCurrencies();
11/18/2012 02:00:00 pm: CALL USP_GetCategories();
11/18/2012 02:00:00 pm: CALL USP_GetPayees();
11/18/2012 02:00:00 pm: CALL USP_GetCategories2();
11/18/2012 02:05:40 pm: CALL USP_GetAccounts();
11/18/2012 02:05:40 pm: CALL USP_GetCategories();
11/18/2012 02:05:40 pm: CALL USP_GetPayees();
11/18/2012 02:05:40 pm: CALL USP_GetCurrencies();
11/18/2012 02:05:40 pm: CALL USP_GetCategories2();
11/18/2012 05:21:44 pm: CALL USP_GetAccounts();
11/18/2012 05:21:44 pm: CALL USP_GetCurrencies();
11/18/2012 05:21:44 pm: CALL USP_GetPayees();
11/18/2012 05:21:44 pm: CALL USP_GetCategories();
11/18/2012 05:21:45 pm: CALL USP_GetCategories2();
11/18/2012 05:23:05 pm: CALL USP_GetCurrencies();
11/18/2012 05:23:05 pm: CALL USP_GetCategories();
11/18/2012 05:23:05 pm: CALL USP_GetAccounts();
11/18/2012 05:23:05 pm: CALL USP_GetPayees();
11/18/2012 05:23:05 pm: CALL USP_GetCategories2();
11/18/2012 05:32:01 pm: CALL USP_GetCurrencies();
11/18/2012 05:32:01 pm: CALL USP_GetAccounts();
11/18/2012 05:32:01 pm: CALL USP_GetPayees();
11/18/2012 05:32:01 pm: CALL USP_GetCategories();
11/18/2012 05:32:01 pm: CALL USP_GetCategories2();
11/18/2012 05:39:13 pm: CALL USP_GetAccounts();
11/18/2012 05:39:13 pm: CALL USP_GetPayees();
11/18/2012 05:39:13 pm: CALL USP_GetCategories2();
11/18/2012 05:39:13 pm: CALL USP_GetCategories();
11/18/2012 05:39:13 pm: CALL USP_GetCurrencies();
11/18/2012 05:39:41 pm: CALL USP_InsertTransaction('2012-11-18','17','1','1','10','52','72','-10.34','ankle warmers');
11/18/2012 05:39:41 pm: CALL USP_InsertTransaction('2012-11-18','17','1','1','10','52','72','-10.34','ankle warmers');
11/18/2012 05:40:09 pm: CALL USP_GetCategories();
11/18/2012 05:40:09 pm: CALL USP_GetAccounts();
11/18/2012 05:40:09 pm: CALL USP_GetPayees();
11/18/2012 05:40:09 pm: CALL USP_GetCurrencies();
11/18/2012 05:40:09 pm: CALL USP_GetCategories2();
11/18/2012 05:41:23 pm: CALL USP_GetCurrencies();
11/18/2012 05:41:23 pm: CALL USP_GetPayees();
11/18/2012 05:41:23 pm: CALL USP_GetCategories2();
11/18/2012 05:41:23 pm: CALL USP_GetCategories();
11/18/2012 05:41:23 pm: CALL USP_GetAccounts();
11/18/2012 05:41:36 pm: CALL USP_GetAccounts();
11/18/2012 05:41:36 pm: CALL USP_GetCurrencies();
11/18/2012 05:41:36 pm: CALL USP_GetCategories();
11/18/2012 05:41:36 pm: CALL USP_GetPayees();
11/18/2012 05:41:36 pm: CALL USP_GetCategories2();
11/18/2012 05:41:51 pm: CALL USP_GetAccounts();
11/18/2012 05:41:51 pm: CALL USP_GetCurrencies();
11/18/2012 05:41:51 pm: CALL USP_GetPayees();
11/18/2012 05:41:51 pm: CALL USP_GetCategories();
11/18/2012 05:41:51 pm: CALL USP_GetCategories2();
11/18/2012 05:42:49 pm: CALL USP_GetAccounts();
11/18/2012 05:42:49 pm: CALL USP_GetPayees();
11/18/2012 05:42:49 pm: CALL USP_GetCategories();
11/18/2012 05:42:49 pm: CALL USP_GetCurrencies();
11/18/2012 05:42:49 pm: CALL USP_GetCategories2();
11/18/2012 05:43:31 pm: CALL USP_InsertTransaction('2012-10-27','17','1','1','2','32','184','-12.04','');
11/18/2012 05:43:31 pm: CALL USP_InsertTransaction('2012-10-27','17','1','1','2','32','184','-12.04','');
11/18/2012 05:43:38 pm: CALL USP_GetAccounts();
11/18/2012 05:43:38 pm: CALL USP_GetCurrencies();
11/18/2012 05:43:38 pm: CALL USP_GetPayees();
11/18/2012 05:43:38 pm: CALL USP_GetCategories();
11/18/2012 05:43:38 pm: CALL USP_GetCategories2();
11/18/2012 05:43:57 pm: CALL USP_GetAccounts();
11/18/2012 05:43:57 pm: CALL USP_GetCurrencies();
11/18/2012 05:43:57 pm: CALL USP_GetPayees();
11/18/2012 05:43:57 pm: CALL USP_GetCategories();
11/18/2012 05:43:57 pm: CALL USP_GetCategories2();
11/18/2012 05:45:16 pm: CALL USP_GetCurrencies();
11/18/2012 05:45:16 pm: CALL USP_GetAccounts();
11/18/2012 05:45:16 pm: CALL USP_GetCategories();
11/18/2012 05:45:16 pm: CALL USP_GetPayees();
11/18/2012 05:45:16 pm: CALL USP_GetCategories2();
11/18/2012 05:45:40 pm: CALL USP_GetAccounts();
11/18/2012 05:45:40 pm: CALL USP_GetCategories();
11/18/2012 05:45:40 pm: CALL USP_GetCategories2();
11/18/2012 05:45:40 pm: CALL USP_GetPayees();
11/18/2012 05:45:40 pm: CALL USP_GetCurrencies();
11/18/2012 05:45:44 pm: CALL USP_GetCurrencies();
11/18/2012 05:45:44 pm: CALL USP_GetAccounts();
11/18/2012 05:45:44 pm: CALL USP_GetCategories();
11/18/2012 05:45:44 pm: CALL USP_GetPayees();
11/18/2012 05:45:44 pm: CALL USP_GetCategories2();
11/18/2012 05:46:52 pm: CALL USP_GetAccounts();
11/18/2012 05:46:52 pm: CALL USP_GetCurrencies();
11/18/2012 05:46:52 pm: CALL USP_GetPayees();
11/18/2012 05:46:52 pm: CALL USP_GetCategories();
11/18/2012 05:46:52 pm: CALL USP_GetCategories2();
11/18/2012 05:47:44 pm: CALL USP_GetAccounts();
11/18/2012 05:47:44 pm: CALL USP_GetCurrencies();
11/18/2012 05:47:44 pm: CALL USP_GetPayees();
11/18/2012 05:47:44 pm: CALL USP_GetCategories2();
11/18/2012 05:47:44 pm: CALL USP_GetCategories();
11/18/2012 05:49:08 pm: CALL USP_GetAccounts();
11/18/2012 05:49:08 pm: CALL USP_GetPayees();
11/18/2012 05:49:08 pm: CALL USP_GetCurrencies();
11/18/2012 05:49:08 pm: CALL USP_GetCategories();
11/18/2012 05:49:08 pm: CALL USP_GetCategories2();
11/18/2012 05:50:31 pm: CALL USP_GetAccounts();
11/18/2012 05:50:31 pm: CALL USP_GetCurrencies();
11/18/2012 05:50:31 pm: CALL USP_GetPayees();
11/18/2012 05:50:31 pm: CALL USP_GetCategories2();
11/18/2012 05:50:31 pm: CALL USP_GetCategories();
11/18/2012 05:54:11 pm: CALL USP_GetAccounts();
11/18/2012 05:54:11 pm: CALL USP_GetPayees();
11/18/2012 05:54:11 pm: CALL USP_GetCategories();
11/18/2012 05:54:11 pm: CALL USP_GetCategories2();
11/18/2012 05:54:11 pm: CALL USP_GetCurrencies();
11/18/2012 05:55:31 pm: CALL USP_GetAccounts();
11/18/2012 05:55:31 pm: CALL USP_GetPayees();
11/18/2012 05:55:31 pm: CALL USP_GetCurrencies();
11/18/2012 05:55:31 pm: CALL USP_GetCategories2();
11/18/2012 05:55:31 pm: CALL USP_GetCategories();
11/18/2012 05:56:25 pm: CALL USP_GetCategories();
11/18/2012 05:56:25 pm: CALL USP_GetCurrencies();
11/18/2012 05:56:25 pm: CALL USP_GetPayees();
11/18/2012 05:56:25 pm: CALL USP_GetAccounts();
11/18/2012 05:56:25 pm: CALL USP_GetCategories2();
11/18/2012 05:56:58 pm: CALL USP_GetAccounts();
11/18/2012 05:56:58 pm: CALL USP_GetCurrencies();
11/18/2012 05:56:58 pm: CALL USP_GetPayees();
11/18/2012 05:56:58 pm: CALL USP_GetCategories();
11/18/2012 05:56:58 pm: CALL USP_GetCategories2();
11/18/2012 06:05:22 pm: CALL USP_GetAccounts();
11/18/2012 06:05:22 pm: CALL USP_GetCurrencies();
11/18/2012 06:05:22 pm: CALL USP_GetPayees();
11/18/2012 06:05:22 pm: CALL USP_GetCategories();
11/18/2012 06:05:22 pm: CALL USP_GetCategories2();
11/18/2012 07:23:41 pm: CALL USP_GetAccounts();
11/18/2012 07:23:41 pm: CALL USP_GetCurrencies();
11/18/2012 07:23:41 pm: CALL USP_GetPayees();
11/18/2012 07:23:41 pm: CALL USP_GetCategories();
11/18/2012 07:23:41 pm: CALL USP_GetCategories2();
11/18/2012 07:41:11 pm: CALL USP_GetPayees();
11/18/2012 07:41:11 pm: CALL USP_GetCurrencies();
11/18/2012 07:41:11 pm: CALL USP_GetAccounts();
11/18/2012 07:41:11 pm: CALL USP_GetCategories();
11/18/2012 07:41:11 pm: CALL USP_GetCategories2();
11/18/2012 07:42:29 pm: CALL USP_GetAccounts();
11/18/2012 07:42:29 pm: CALL USP_GetCurrencies();
11/18/2012 07:42:29 pm: CALL USP_GetPayees();
11/18/2012 07:42:29 pm: CALL USP_GetCategories();
11/18/2012 07:42:29 pm: CALL USP_GetCategories2();
11/18/2012 07:42:43 pm: CALL USP_GetAccounts();
11/18/2012 07:42:43 pm: CALL USP_GetCurrencies();
11/18/2012 07:42:43 pm: CALL USP_GetPayees();
11/18/2012 07:42:43 pm: CALL USP_GetCategories();
11/18/2012 07:42:43 pm: CALL USP_GetCategories2();
11/18/2012 07:42:49 pm: CALL USP_GetAccounts();
11/18/2012 07:42:49 pm: CALL USP_GetCurrencies();
11/18/2012 07:42:49 pm: CALL USP_GetPayees();
11/18/2012 07:42:49 pm: CALL USP_GetCategories2();
11/18/2012 07:42:49 pm: CALL USP_GetCategories();
11/18/2012 07:54:30 pm: CALL USP_GetAccounts();
11/18/2012 07:54:30 pm: CALL USP_GetCurrencies();
11/18/2012 07:54:30 pm: CALL USP_GetPayees();
11/18/2012 07:54:30 pm: CALL USP_GetCategories2();
11/18/2012 07:54:30 pm: CALL USP_GetCategories();
11/18/2012 08:06:00 pm: CALL USP_GetCurrencies();
11/18/2012 08:06:00 pm: CALL USP_GetPayees();
11/18/2012 08:06:00 pm: CALL USP_GetAccounts();
11/18/2012 08:06:00 pm: CALL USP_GetCategories();
11/18/2012 08:06:00 pm: CALL USP_GetCategories2();
11/18/2012 08:07:16 pm: CALL USP_GetAccounts();
11/18/2012 08:07:16 pm: CALL USP_GetPayees();
11/18/2012 08:07:16 pm: CALL USP_GetCurrencies();
11/18/2012 08:07:16 pm: CALL USP_GetCategories();
11/18/2012 08:07:16 pm: CALL USP_GetCategories2();
11/18/2012 08:08:00 pm: CALL USP_GetCurrencies();
11/18/2012 08:08:00 pm: CALL USP_GetAccounts();
11/18/2012 08:08:00 pm: CALL USP_GetPayees();
11/18/2012 08:08:00 pm: CALL USP_GetCategories();
11/18/2012 08:08:00 pm: CALL USP_GetCategories2();
11/18/2012 08:42:18 pm: CALL USP_GetAccounts();
11/18/2012 08:42:18 pm: CALL USP_GetCategories2();
11/18/2012 08:42:18 pm: CALL USP_GetCurrencies();
11/18/2012 08:42:18 pm: CALL USP_GetPayees();
11/18/2012 08:42:18 pm: CALL USP_GetCategories();
11/18/2012 08:44:42 pm: CALL USP_GetAccounts();
11/18/2012 08:44:42 pm: CALL USP_GetCurrencies();
11/18/2012 08:44:42 pm: CALL USP_GetPayees();
11/18/2012 08:44:42 pm: CALL USP_GetCategories();
11/18/2012 08:44:42 pm: CALL USP_GetCategories2();
11/18/2012 08:45:35 pm: CALL USP_GetAccounts();
11/18/2012 08:45:35 pm: CALL USP_GetCurrencies();
11/18/2012 08:45:36 pm: CALL USP_GetPayees();
11/18/2012 08:45:36 pm: CALL USP_GetCategories();
11/18/2012 08:45:36 pm: CALL USP_GetCategories2();
11/18/2012 08:50:03 pm: CALL USP_GetCurrencies();
11/18/2012 08:50:03 pm: CALL USP_GetAccounts();
11/18/2012 08:50:03 pm: CALL USP_GetPayees();
11/18/2012 08:50:03 pm: CALL USP_GetCategories();
11/18/2012 08:50:03 pm: CALL USP_GetCategories2();
11/18/2012 08:50:36 pm: CALL USP_GetCurrencies();
11/18/2012 08:50:36 pm: CALL USP_GetPayees();
11/18/2012 08:50:36 pm: CALL USP_GetCategories();
11/18/2012 08:50:36 pm: CALL USP_GetAccounts();
11/18/2012 08:50:36 pm: CALL USP_GetCategories2();
11/18/2012 08:53:58 pm: CALL USP_GetAccounts();
11/18/2012 08:53:58 pm: CALL USP_GetCurrencies();
11/18/2012 08:53:58 pm: CALL USP_GetPayees();
11/18/2012 08:53:58 pm: CALL USP_GetCategories();
11/18/2012 08:53:58 pm: CALL USP_GetCategories2();
11/18/2012 09:44:25 pm: CALL USP_GetAccounts();
11/18/2012 09:44:25 pm: CALL USP_GetCurrencies();
11/18/2012 09:44:25 pm: CALL USP_GetPayees();
11/18/2012 09:44:25 pm: CALL USP_GetCategories();
11/18/2012 09:44:25 pm: CALL USP_GetCategories2();
11/18/2012 10:05:00 pm: CALL USP_GetAccounts();
11/18/2012 10:05:00 pm: CALL USP_GetCurrencies();
11/18/2012 10:05:00 pm: CALL USP_GetPayees();
11/18/2012 10:05:00 pm: CALL USP_GetCategories();
11/18/2012 10:05:00 pm: CALL USP_GetCategories2();
11/18/2012 10:08:16 pm: CALL USP_GetAccounts();
11/18/2012 10:08:16 pm: CALL USP_GetCurrencies();
11/18/2012 10:08:16 pm: CALL USP_GetPayees();
11/18/2012 10:08:16 pm: CALL USP_GetCategories();
11/18/2012 10:08:16 pm: CALL USP_GetCategories2();
11/18/2012 10:22:33 pm: CALL USP_GetCurrencies();
11/18/2012 10:22:33 pm: CALL USP_GetAccounts();
11/18/2012 10:22:33 pm: CALL USP_GetPayees();
11/18/2012 10:22:33 pm: CALL USP_GetCategories();
11/18/2012 10:22:33 pm: CALL USP_GetCategories2();
11/18/2012 10:22:38 pm: CALL USP_GetCurrencies();
11/18/2012 10:22:38 pm: CALL USP_GetAccounts();
11/18/2012 10:22:38 pm: CALL USP_GetCategories();
11/18/2012 10:22:38 pm: CALL USP_GetCategories2();
11/18/2012 10:22:38 pm: CALL USP_GetPayees();
11/18/2012 10:23:36 pm: CALL USP_GetAccounts();
11/18/2012 10:23:36 pm: CALL USP_GetCategories();
11/18/2012 10:23:36 pm: CALL USP_GetPayees();
11/18/2012 10:23:36 pm: CALL USP_GetCurrencies();
11/18/2012 10:23:36 pm: CALL USP_GetCategories2();
11/18/2012 10:26:08 pm: CALL USP_GetCurrencies();
11/18/2012 10:26:08 pm: CALL USP_GetPayees();
11/18/2012 10:26:08 pm: CALL USP_GetAccounts();
11/18/2012 10:26:08 pm: CALL USP_GetCategories();
11/18/2012 10:26:08 pm: CALL USP_GetCategories2();
11/18/2012 10:26:27 pm: CALL USP_GetAccounts();
11/18/2012 10:26:27 pm: CALL USP_GetCategories();
11/18/2012 10:26:27 pm: CALL USP_GetCurrencies();
11/18/2012 10:26:27 pm: CALL USP_GetPayees();
11/18/2012 10:26:27 pm: CALL USP_GetCategories2();
11/18/2012 10:26:43 pm: CALL USP_GetCurrencies();
11/18/2012 10:26:43 pm: CALL USP_GetAccounts();
11/18/2012 10:26:43 pm: CALL USP_GetPayees();
11/18/2012 10:26:43 pm: CALL USP_GetCategories();
11/18/2012 10:26:43 pm: CALL USP_GetCategories2();
11/18/2012 10:27:03 pm: CALL USP_GetPayees();
11/18/2012 10:27:03 pm: CALL USP_GetCategories();
11/18/2012 10:27:03 pm: CALL USP_GetCurrencies();
11/18/2012 10:27:03 pm: CALL USP_GetCategories2();
11/18/2012 10:27:03 pm: CALL USP_GetAccounts();
11/18/2012 10:27:35 pm: CALL USP_GetCategories();
11/18/2012 10:27:35 pm: CALL USP_GetPayees();
11/18/2012 10:27:35 pm: CALL USP_GetCategories2();
11/18/2012 10:27:35 pm: CALL USP_GetAccounts();
11/18/2012 10:27:35 pm: CALL USP_GetCurrencies();
11/18/2012 10:30:43 pm: CALL USP_GetAccounts();
11/18/2012 10:30:43 pm: CALL USP_GetCurrencies();
11/18/2012 10:30:43 pm: CALL USP_GetCategories();
11/18/2012 10:30:43 pm: CALL USP_GetPayees();
11/18/2012 10:30:43 pm: CALL USP_GetCategories2();
11/18/2012 10:33:09 pm: CALL USP_GetAccounts();
11/18/2012 10:33:09 pm: CALL USP_GetCurrencies();
11/18/2012 10:33:09 pm: CALL USP_GetPayees();
11/18/2012 10:33:09 pm: CALL USP_GetCategories2();
11/18/2012 10:33:09 pm: CALL USP_GetCategories();
11/18/2012 10:38:06 pm: CALL USP_GetAccounts();
11/18/2012 10:38:07 pm: CALL USP_GetCurrencies();
11/18/2012 10:38:07 pm: CALL USP_GetPayees();
11/18/2012 10:38:07 pm: CALL USP_GetCategories();
11/18/2012 10:38:07 pm: CALL USP_GetCategories2();
11/18/2012 10:38:13 pm: CALL USP_GetAccounts();
11/18/2012 10:38:13 pm: CALL USP_GetCurrencies();
11/18/2012 10:38:13 pm: CALL USP_GetPayees();
11/18/2012 10:38:13 pm: CALL USP_GetCategories();
11/18/2012 10:38:13 pm: CALL USP_GetCategories2();
