09/22/2012 08:28:57 pm: CALL USP_GetCategories2();
09/22/2012 08:28:57 pm: CALL USP_GetCategories();
09/22/2012 08:28:57 pm: CALL USP_GetCurrencies();
09/22/2012 08:28:57 pm: CALL USP_GetPayees();
09/22/2012 08:28:57 pm: CALL USP_GetAccounts();
09/22/2012 08:31:19 pm: CALL USP_GetAccounts();
09/22/2012 08:31:19 pm: CALL USP_GetCategories();
09/22/2012 08:31:19 pm: CALL USP_GetCurrencies();
09/22/2012 08:31:19 pm: CALL USP_GetCategories2();
09/22/2012 08:31:19 pm: CALL USP_GetPayees();
09/22/2012 08:37:03 pm: CALL USP_GetAccounts();
09/22/2012 08:37:03 pm: CALL USP_GetCurrencies();
09/22/2012 08:37:03 pm: CALL USP_GetPayees();
09/22/2012 08:37:03 pm: CALL USP_GetCategories();
09/22/2012 08:37:03 pm: CALL USP_GetCategories2();
09/22/2012 08:51:25 pm: CALL USP_GetAccounts();
09/22/2012 08:51:25 pm: CALL USP_GetCurrencies();
09/22/2012 08:51:25 pm: CALL USP_GetCategories();
09/22/2012 08:51:25 pm: CALL USP_GetPayees();
09/22/2012 08:51:25 pm: CALL USP_GetCategories2();
09/22/2012 09:50:58 pm: CALL USP_GetAccounts();
09/22/2012 09:50:58 pm: CALL USP_GetCurrencies();
09/22/2012 09:50:58 pm: CALL USP_GetPayees();
09/22/2012 09:50:58 pm: CALL USP_GetCategories();
09/22/2012 09:50:58 pm: CALL USP_GetCategories2();
09/22/2012 09:58:19 pm: CALL USP_GetCurrencies();
09/22/2012 09:58:19 pm: CALL USP_GetAccounts();
09/22/2012 09:58:19 pm: CALL USP_GetPayees();
09/22/2012 09:58:19 pm: CALL USP_GetCategories();
09/22/2012 09:58:19 pm: CALL USP_GetCategories2();
