08/08/2012 08:21:08 am: CALL USP_GetAccounts();
08/08/2012 08:21:08 am: CALL USP_GetCategories();
08/08/2012 08:21:08 am: CALL USP_GetPayees();
08/08/2012 08:21:08 am: CALL USP_GetCurrencies();
08/08/2012 08:21:08 am: CALL USP_GetCategories2();
08/08/2012 08:21:30 am: CALL USP_GetCategories();
08/08/2012 08:21:30 am: CALL USP_GetCurrencies();
08/08/2012 08:21:30 am: CALL USP_GetAccounts();
08/08/2012 08:21:30 am: CALL USP_GetCategories2();
08/08/2012 08:21:30 am: CALL USP_GetPayees();
08/08/2012 08:21:53 am: CALL USP_InsertTransaction('2012-08-06','1','1','3','23','104','135','-350','');
08/08/2012 08:21:53 am: CALL USP_InsertTransaction('2012-08-06','1','1','3','23','104','135','-350','');
08/08/2012 08:21:53 am: CALL USP_InsertTransaction('2012-08-06','5','1','3','23','104','135','350','');
08/08/2012 08:21:53 am: CALL USP_InsertTransaction('2012-08-06','5','1','3','23','104','135','350','');
08/08/2012 08:21:59 am: CALL USP_GetAccounts();
08/08/2012 08:21:59 am: CALL USP_GetCurrencies();
08/08/2012 08:21:59 am: CALL USP_GetPayees();
08/08/2012 08:21:59 am: CALL USP_GetCategories();
08/08/2012 08:21:59 am: CALL USP_GetCategories2();
08/08/2012 08:22:00 am: CALL USP_GetCurrencies();
08/08/2012 08:22:00 am: CALL USP_GetPayees();
08/08/2012 08:22:00 am: CALL USP_GetAccounts();
08/08/2012 08:22:00 am: CALL USP_GetCategories2();
08/08/2012 08:22:00 am: CALL USP_GetCategories();
08/08/2012 08:22:06 am: CALL USP_GetAccounts();
08/08/2012 08:22:06 am: CALL USP_GetCurrencies();
08/08/2012 08:22:06 am: CALL USP_GetCategories2();
08/08/2012 08:22:06 am: CALL USP_GetCategories();
08/08/2012 08:22:06 am: CALL USP_GetPayees();
08/08/2012 10:55:02 am: CALL USP_GetBudgetSettings ()
08/08/2012 10:58:03 am: CALL USP_GetBudgetSettings ()
08/08/2012 11:01:26 am: CALL USP_GetBudgetSettings ()
08/08/2012 11:02:08 am: CALL USP_GetBudgetSettings ()
08/08/2012 11:03:52 am: CALL USP_GetBudgetSettings ()
08/08/2012 11:04:12 am: CALL USP_GetBudgetSettings ()
08/08/2012 08:16:28 pm: CALL USP_GetBudgetSettings ()
08/08/2012 08:16:30 pm: CALL USP_GetBudgetSettings ()
08/08/2012 08:16:31 pm: CALL USP_GetBudgetSettings ()
08/08/2012 08:42:42 pm: CALL USP_GetBudgetSettings ()
08/08/2012 08:44:40 pm: CALL USP_GetBudgetSettings ()
08/08/2012 08:44:50 pm: CALL USP_GetBudgetSettings ()
08/08/2012 08:46:59 pm: CALL USP_GetBudgetSettings ()
08/08/2012 08:48:41 pm: CALL USP_GetBudgetSettings ()
08/08/2012 08:49:02 pm: CALL USP_GetBudgetSettings ()
08/08/2012 08:49:57 pm: CALL USP_GetBudgetSettings ()
08/08/2012 08:51:47 pm: CALL USP_GetBudgetSettings ()
08/08/2012 08:52:31 pm: CALL USP_GetBudgetSettings ()
08/08/2012 08:53:35 pm: CALL USP_GetBudgetSettings ()
08/08/2012 08:54:15 pm: CALL USP_GetBudgetSettings ()
08/08/2012 08:55:11 pm: CALL USP_GetBudgetSettings ()
08/08/2012 08:56:26 pm: CALL USP_GetBudgetSettings ()
08/08/2012 08:59:39 pm: CALL USP_GetBudgetSettings ()
08/08/2012 09:00:09 pm: CALL USP_GetBudgetSettings ()
08/08/2012 09:02:58 pm: CALL USP_GetBudgetSettings ()
08/08/2012 09:03:25 pm: CALL USP_GetCategories();
08/08/2012 09:03:25 pm: CALL USP_GetCategories2();
08/08/2012 09:03:25 pm: CALL USP_GetCurrencies();
08/08/2012 09:03:25 pm: CALL USP_GetPayees();
08/08/2012 09:03:25 pm: CALL USP_GetAccounts();
08/08/2012 09:03:26 pm: CALL USP_GetCurrencies();
08/08/2012 09:03:26 pm: CALL USP_GetAccounts();
08/08/2012 09:03:26 pm: CALL USP_GetCategories();
08/08/2012 09:03:26 pm: CALL USP_GetPayees();
08/08/2012 09:03:26 pm: CALL USP_GetCategories2();
08/08/2012 09:04:10 pm: CALL USP_InsertTransaction('2012-08-08','17','1','1','16','86','72','-1.99','2 X HTC INCREDIBLE S CLEAR SCREEN PROTECTOR');
08/08/2012 09:04:10 pm: CALL USP_InsertTransaction('2012-08-08','17','1','1','16','86','72','-1.99','2 X HTC INCREDIBLE S CLEAR SCREEN PROTECTOR');
08/08/2012 09:04:11 pm: CALL USP_GetAccounts();
08/08/2012 09:04:11 pm: CALL USP_GetCurrencies();
08/08/2012 09:04:11 pm: CALL USP_GetCategories();
08/08/2012 09:04:11 pm: CALL USP_GetPayees();
08/08/2012 09:04:11 pm: CALL USP_GetCategories2();
08/08/2012 09:04:20 pm: CALL USP_GetCurrencies();
08/08/2012 09:04:20 pm: CALL USP_GetCategories();
08/08/2012 09:04:20 pm: CALL USP_GetCategories2();
08/08/2012 09:04:20 pm: CALL USP_GetAccounts();
08/08/2012 09:04:20 pm: CALL USP_GetPayees();
08/08/2012 09:04:53 pm: CALL USP_InsertTransaction('2012-08-08','11','1','1','1','13','197','-46','Shimano SPD pedals M520');
08/08/2012 09:04:53 pm: CALL USP_InsertTransaction('2012-08-08','11','1','1','1','13','197','-46','Shimano SPD pedals M520');
08/08/2012 09:04:56 pm: CALL USP_GetPayees();
08/08/2012 09:04:56 pm: CALL USP_GetCurrencies();
08/08/2012 09:04:56 pm: CALL USP_GetCategories2();
08/08/2012 09:04:56 pm: CALL USP_GetAccounts();
08/08/2012 09:04:56 pm: CALL USP_GetCategories();
08/08/2012 09:08:34 pm: CALL USP_GetAccounts();
08/08/2012 09:08:34 pm: CALL USP_GetCategories();
08/08/2012 09:08:34 pm: CALL USP_GetCurrencies();
08/08/2012 09:08:34 pm: CALL USP_GetPayees();
08/08/2012 09:08:34 pm: CALL USP_GetCategories2();
08/08/2012 09:08:36 pm: CALL USP_GetBudgetSettings ()
08/08/2012 09:13:13 pm: CALL USP_GetBudgetSettings ()
08/08/2012 09:36:31 pm: CALL USP_GetAccounts();
08/08/2012 09:36:31 pm: CALL USP_GetCurrencies();
08/08/2012 09:36:31 pm: CALL USP_GetCategories();
08/08/2012 09:36:31 pm: CALL USP_GetPayees();
08/08/2012 09:36:31 pm: CALL USP_GetCategories2();
08/08/2012 09:38:40 pm: CALL USP_GetAccounts();
08/08/2012 09:38:40 pm: CALL USP_GetCurrencies();
08/08/2012 09:38:40 pm: CALL USP_GetPayees();
08/08/2012 09:38:40 pm: CALL USP_GetCategories2();
08/08/2012 09:38:40 pm: CALL USP_GetCategories();
08/08/2012 10:39:23 pm: CALL USP_GetBudgetSettings ()
08/08/2012 10:39:28 pm: CALL USP_GetBudgetSettings ()
08/08/2012 10:50:47 pm: CALL USP_GetBudgetSettings ()
08/08/2012 10:50:51 pm: CALL USP_GetBudgetSettings ()
