12/22/2012 10:30:30 pm: CALL USP_GetAccounts();
12/22/2012 10:30:30 pm: CALL USP_GetPayees();
12/22/2012 10:30:30 pm: CALL USP_GetCurrencies();
12/22/2012 10:30:30 pm: CALL USP_GetCategories2();
12/22/2012 10:30:30 pm: CALL USP_GetCategories();
12/22/2012 10:30:50 pm: CALL USP_GetAccounts();
12/22/2012 10:30:50 pm: CALL USP_GetPayees();
12/22/2012 10:30:50 pm: CALL USP_GetCategories();
12/22/2012 10:30:50 pm: CALL USP_GetCategories2();
12/22/2012 10:30:50 pm: CALL USP_GetCurrencies();
12/22/2012 10:31:32 pm: CALL USP_InsertTransaction('2012-12-21','6','1','1','24','117','187','-32.11','trip phoenix-flagstaff');
12/22/2012 10:31:32 pm: CALL USP_InsertTransaction('2012-12-21','6','1','1','24','117','187','-32.11','trip phoenix-flagstaff');
12/22/2012 10:32:29 pm: CALL USP_InsertTransaction('2012-12-21','6','1','1','24','116','187','-90.49','hotel moenkopi');
12/22/2012 10:32:29 pm: CALL USP_InsertTransaction('2012-12-21','6','1','1','24','116','187','-90.49','hotel moenkopi');
12/22/2012 10:32:33 pm: CALL USP_GetCategories();
12/22/2012 10:32:33 pm: CALL USP_GetCurrencies();
12/22/2012 10:32:33 pm: CALL USP_GetPayees();
12/22/2012 10:32:33 pm: CALL USP_GetAccounts();
12/22/2012 10:32:33 pm: CALL USP_GetCategories2();
12/22/2012 10:33:04 pm: CALL USP_GetAccounts();
12/22/2012 10:33:04 pm: CALL USP_GetCategories();
12/22/2012 10:33:04 pm: CALL USP_GetCurrencies();
12/22/2012 10:33:04 pm: CALL USP_GetPayees();
12/22/2012 10:33:04 pm: CALL USP_GetCategories2();
12/22/2012 10:33:18 pm: CALL USP_GetCurrencies();
12/22/2012 10:33:18 pm: CALL USP_GetAccounts();
12/22/2012 10:33:18 pm: CALL USP_GetPayees();
12/22/2012 10:33:18 pm: CALL USP_GetCategories();
12/22/2012 10:33:18 pm: CALL USP_GetCategories2();
12/22/2012 10:33:47 pm: CALL USP_InsertTransaction('2012-12-22','19','1','1','14','77','187','-7','dance night out');
12/22/2012 10:33:47 pm: CALL USP_InsertTransaction('2012-12-22','19','1','1','14','77','187','-7','dance night out');
12/22/2012 10:33:49 pm: CALL USP_GetAccounts();
12/22/2012 10:33:49 pm: CALL USP_GetCurrencies();
12/22/2012 10:33:49 pm: CALL USP_GetPayees();
12/22/2012 10:33:49 pm: CALL USP_GetCategories();
12/22/2012 10:33:50 pm: CALL USP_GetCategories2();
12/22/2012 10:33:51 pm: CALL USP_GetCurrencies();
12/22/2012 10:33:51 pm: CALL USP_GetCategories();
12/22/2012 10:33:51 pm: CALL USP_GetAccounts();
12/22/2012 10:33:51 pm: CALL USP_GetPayees();
12/22/2012 10:33:51 pm: CALL USP_GetCategories2();
12/22/2012 10:33:53 pm: CALL USP_GetAccounts();
12/22/2012 10:33:53 pm: CALL USP_GetCategories();
12/22/2012 10:33:53 pm: CALL USP_GetCategories2();
12/22/2012 10:33:53 pm: CALL USP_GetCurrencies();
12/22/2012 10:33:53 pm: CALL USP_GetPayees();
