11/08/2012 06:50:28 pm: CALL USP_GetCurrencies();
11/08/2012 06:50:28 pm: CALL USP_GetCategories();
11/08/2012 06:50:28 pm: CALL USP_GetPayees();
11/08/2012 06:50:28 pm: CALL USP_GetAccounts();
11/08/2012 06:50:28 pm: CALL USP_GetCategories2();
11/08/2012 06:51:47 pm: CALL USP_GetCurrencies();
11/08/2012 06:51:47 pm: CALL USP_GetAccounts();
11/08/2012 06:51:47 pm: CALL USP_GetPayees();
11/08/2012 06:51:47 pm: CALL USP_GetCategories2();
11/08/2012 06:51:47 pm: CALL USP_GetCategories();
11/08/2012 06:52:11 pm: CALL USP_GetAccounts();
11/08/2012 06:52:11 pm: CALL USP_GetPayees();
11/08/2012 06:52:11 pm: CALL USP_GetCategories();
11/08/2012 06:52:11 pm: CALL USP_GetCurrencies();
11/08/2012 06:52:11 pm: CALL USP_GetCategories2();
11/08/2012 07:29:07 pm: CALL USP_GetAccounts();
11/08/2012 07:29:07 pm: CALL USP_GetPayees();
11/08/2012 07:29:07 pm: CALL USP_GetCategories();
11/08/2012 07:29:07 pm: CALL USP_GetCurrencies();
11/08/2012 07:29:08 pm: CALL USP_GetCategories2();
11/08/2012 07:32:10 pm: CALL USP_GetAccounts();
11/08/2012 07:32:10 pm: CALL USP_GetCurrencies();
11/08/2012 07:32:10 pm: CALL USP_GetCategories();
11/08/2012 07:32:10 pm: CALL USP_GetPayees();
11/08/2012 07:32:10 pm: CALL USP_GetCategories2();
11/08/2012 07:41:29 pm: CALL USP_GetAccounts();
11/08/2012 07:41:29 pm: CALL USP_GetCurrencies();
11/08/2012 07:41:29 pm: CALL USP_GetCategories();
11/08/2012 07:41:29 pm: CALL USP_GetPayees();
11/08/2012 07:41:29 pm: CALL USP_GetCategories2();
11/08/2012 08:04:03 pm: CALL USP_GetCurrencies();
11/08/2012 08:04:03 pm: CALL USP_GetPayees();
11/08/2012 08:04:03 pm: CALL USP_GetAccounts();
11/08/2012 08:04:03 pm: CALL USP_GetCategories();
11/08/2012 08:04:03 pm: CALL USP_GetCategories2();
11/08/2012 08:11:08 pm: CALL USP_GetAccounts();
11/08/2012 08:11:08 pm: CALL USP_GetCurrencies();
11/08/2012 08:11:08 pm: CALL USP_GetCategories();
11/08/2012 08:11:08 pm: CALL USP_GetPayees();
11/08/2012 08:11:08 pm: CALL USP_GetCategories2();
11/08/2012 08:19:29 pm: CALL USP_GetAccounts();
11/08/2012 08:19:29 pm: CALL USP_GetPayees();
11/08/2012 08:19:29 pm: CALL USP_GetCurrencies();
11/08/2012 08:19:29 pm: CALL USP_GetCategories();
11/08/2012 08:19:29 pm: CALL USP_GetCategories2();
11/08/2012 08:19:55 pm: CALL USP_GetCurrencies();
11/08/2012 08:19:55 pm: CALL USP_GetCategories();
11/08/2012 08:19:55 pm: CALL USP_GetAccounts();
11/08/2012 08:19:55 pm: CALL USP_GetCategories2();
11/08/2012 08:19:55 pm: CALL USP_GetPayees();
11/08/2012 08:21:11 pm: CALL USP_GetPayees();
11/08/2012 08:21:11 pm: CALL USP_GetCurrencies();
11/08/2012 08:21:11 pm: CALL USP_GetCategories();
11/08/2012 08:21:11 pm: CALL USP_GetAccounts();
11/08/2012 08:21:11 pm: CALL USP_GetCategories2();
11/08/2012 08:48:39 pm: CALL USP_GetAccounts();
11/08/2012 08:48:39 pm: CALL USP_GetPayees();
11/08/2012 08:48:39 pm: CALL USP_GetCurrencies();
11/08/2012 08:48:39 pm: CALL USP_GetCategories();
11/08/2012 08:48:39 pm: CALL USP_GetCategories2();
11/08/2012 08:48:50 pm: CALL USP_GetAccounts();
11/08/2012 08:48:50 pm: CALL USP_GetCurrencies();
11/08/2012 08:48:50 pm: CALL USP_GetPayees();
11/08/2012 08:48:50 pm: CALL USP_GetCategories();
11/08/2012 08:48:50 pm: CALL USP_GetCategories2();
11/08/2012 08:56:32 pm: CALL USP_GetAccounts();
11/08/2012 08:56:32 pm: CALL USP_GetPayees();
11/08/2012 08:56:32 pm: CALL USP_GetCurrencies();
11/08/2012 08:56:32 pm: CALL USP_GetCategories();
11/08/2012 08:56:32 pm: CALL USP_GetCategories2();
11/08/2012 09:23:41 pm: CALL USP_GetAccounts();
11/08/2012 09:23:41 pm: CALL USP_GetCurrencies();
11/08/2012 09:23:41 pm: CALL USP_GetCategories2();
11/08/2012 09:23:41 pm: CALL USP_GetPayees();
11/08/2012 09:23:41 pm: CALL USP_GetCategories();
11/08/2012 09:24:04 pm: CALL USP_GetCategories();
11/08/2012 09:24:04 pm: CALL USP_GetAccounts();
11/08/2012 09:24:04 pm: CALL USP_GetCurrencies();
11/08/2012 09:24:04 pm: CALL USP_GetCategories2();
11/08/2012 09:24:04 pm: CALL USP_GetPayees();
11/08/2012 09:24:19 pm: CALL USP_GetCurrencies();
11/08/2012 09:24:19 pm: CALL USP_GetAccounts();
11/08/2012 09:24:19 pm: CALL USP_GetPayees();
11/08/2012 09:24:19 pm: CALL USP_GetCategories2();
11/08/2012 09:24:19 pm: CALL USP_GetCategories();
11/08/2012 09:27:11 pm: CALL USP_GetPayees();
11/08/2012 09:27:11 pm: CALL USP_GetCurrencies();
11/08/2012 09:27:11 pm: CALL USP_GetCategories2();
11/08/2012 09:27:11 pm: CALL USP_GetCategories();
11/08/2012 09:27:11 pm: CALL USP_GetAccounts();
11/08/2012 09:27:18 pm: CALL USP_GetCurrencies();
11/08/2012 09:27:18 pm: CALL USP_GetPayees();
11/08/2012 09:27:18 pm: CALL USP_GetAccounts();
11/08/2012 09:27:18 pm: CALL USP_GetCategories();
11/08/2012 09:27:18 pm: CALL USP_GetCategories2();
11/08/2012 09:28:00 pm: CALL USP_GetAccounts();
11/08/2012 09:28:00 pm: CALL USP_GetPayees();
11/08/2012 09:28:00 pm: CALL USP_GetCategories();
11/08/2012 09:28:00 pm: CALL USP_GetCurrencies();
11/08/2012 09:28:00 pm: CALL USP_GetCategories2();
11/08/2012 09:28:21 pm: CALL USP_GetCurrencies();
11/08/2012 09:28:21 pm: CALL USP_GetAccounts();
11/08/2012 09:28:21 pm: CALL USP_GetCategories();
11/08/2012 09:28:21 pm: CALL USP_GetCategories2();
11/08/2012 09:28:21 pm: CALL USP_GetPayees();
11/08/2012 09:29:29 pm: CALL USP_GetAccounts();
11/08/2012 09:29:29 pm: CALL USP_GetCurrencies();
11/08/2012 09:29:29 pm: CALL USP_GetPayees();
11/08/2012 09:29:29 pm: CALL USP_GetCategories2();
11/08/2012 09:29:29 pm: CALL USP_GetCategories();
11/08/2012 09:30:47 pm: CALL USP_GetAccounts();
11/08/2012 09:30:47 pm: CALL USP_GetCurrencies();
11/08/2012 09:30:47 pm: CALL USP_GetPayees();
11/08/2012 09:30:47 pm: CALL USP_GetCategories();
11/08/2012 09:30:47 pm: CALL USP_GetCategories2();
11/08/2012 09:31:28 pm: CALL USP_GetPayees();
11/08/2012 09:31:28 pm: CALL USP_GetCurrencies();
11/08/2012 09:31:28 pm: CALL USP_GetCategories2();
11/08/2012 09:31:28 pm: CALL USP_GetCategories();
11/08/2012 09:31:28 pm: CALL USP_GetAccounts();
11/08/2012 09:33:35 pm: CALL USP_GetCurrencies();
11/08/2012 09:33:35 pm: CALL USP_GetAccounts();
11/08/2012 09:33:35 pm: CALL USP_GetPayees();
11/08/2012 09:33:35 pm: CALL USP_GetCategories();
11/08/2012 09:33:35 pm: CALL USP_GetCategories2();
11/08/2012 09:33:45 pm: CALL USP_GetAccounts();
11/08/2012 09:33:45 pm: CALL USP_GetCategories();
11/08/2012 09:33:45 pm: CALL USP_GetCurrencies();
11/08/2012 09:33:45 pm: CALL USP_GetPayees();
11/08/2012 09:33:45 pm: CALL USP_GetCategories2();
11/08/2012 09:34:21 pm: CALL USP_GetAccounts();
11/08/2012 09:34:21 pm: CALL USP_GetPayees();
11/08/2012 09:34:21 pm: CALL USP_GetCurrencies();
11/08/2012 09:34:21 pm: CALL USP_GetCategories();
11/08/2012 09:34:21 pm: CALL USP_GetCategories2();
11/08/2012 09:35:46 pm: CALL USP_GetAccounts();
11/08/2012 09:35:46 pm: CALL USP_GetCurrencies();
11/08/2012 09:35:46 pm: CALL USP_GetPayees();
11/08/2012 09:35:46 pm: CALL USP_GetCategories();
11/08/2012 09:35:46 pm: CALL USP_GetCategories2();
11/08/2012 09:43:45 pm: CALL USP_GetAccounts();
11/08/2012 09:43:45 pm: CALL USP_GetCurrencies();
11/08/2012 09:43:45 pm: CALL USP_GetCategories();
11/08/2012 09:43:45 pm: CALL USP_GetPayees();
11/08/2012 09:43:45 pm: CALL USP_GetCategories2();
11/08/2012 09:44:32 pm: CALL USP_GetAccounts();
11/08/2012 09:44:32 pm: CALL USP_GetCurrencies();
11/08/2012 09:44:32 pm: CALL USP_GetPayees();
11/08/2012 09:44:32 pm: CALL USP_GetCategories();
11/08/2012 09:44:32 pm: CALL USP_GetCategories2();
11/08/2012 09:44:50 pm: CALL USP_GetCategories();
11/08/2012 09:44:50 pm: CALL USP_GetPayees();
11/08/2012 09:44:50 pm: CALL USP_GetAccounts();
11/08/2012 09:44:50 pm: CALL USP_GetCurrencies();
11/08/2012 09:44:50 pm: CALL USP_GetCategories2();
11/08/2012 09:47:55 pm: CALL USP_GetAccounts();
11/08/2012 09:47:55 pm: CALL USP_GetCurrencies();
11/08/2012 09:47:55 pm: CALL USP_GetPayees();
11/08/2012 09:47:55 pm: CALL USP_GetCategories2();
11/08/2012 09:47:55 pm: CALL USP_GetCategories();
11/08/2012 09:48:09 pm: CALL USP_GetAccounts();
11/08/2012 09:48:09 pm: CALL USP_GetCurrencies();
11/08/2012 09:48:09 pm: CALL USP_GetCategories();
11/08/2012 09:48:09 pm: CALL USP_GetPayees();
11/08/2012 09:48:09 pm: CALL USP_GetCategories2();
11/08/2012 09:48:32 pm: CALL USP_GetAccounts();
11/08/2012 09:48:32 pm: CALL USP_GetPayees();
11/08/2012 09:48:32 pm: CALL USP_GetCurrencies();
11/08/2012 09:48:32 pm: CALL USP_GetCategories();
11/08/2012 09:48:32 pm: CALL USP_GetCategories2();
11/08/2012 09:58:35 pm: CALL USP_GetCurrencies();
11/08/2012 09:58:35 pm: CALL USP_GetAccounts();
11/08/2012 09:58:35 pm: CALL USP_GetCategories();
11/08/2012 09:58:35 pm: CALL USP_GetCategories2();
11/08/2012 09:58:35 pm: CALL USP_GetPayees();
11/08/2012 09:59:39 pm: CALL USP_GetCurrencies();
11/08/2012 09:59:39 pm: CALL USP_GetAccounts();
11/08/2012 09:59:39 pm: CALL USP_GetPayees();
11/08/2012 09:59:39 pm: CALL USP_GetCategories();
11/08/2012 09:59:39 pm: CALL USP_GetCategories2();
11/08/2012 10:01:48 pm: CALL USP_GetCurrencies();
11/08/2012 10:01:48 pm: CALL USP_GetAccounts();
11/08/2012 10:01:48 pm: CALL USP_GetPayees();
11/08/2012 10:01:48 pm: CALL USP_GetCategories();
11/08/2012 10:01:48 pm: CALL USP_GetCategories2();
11/08/2012 10:02:19 pm: CALL USP_GetAccounts();
11/08/2012 10:02:19 pm: CALL USP_GetCategories();
11/08/2012 10:02:19 pm: CALL USP_GetCurrencies();
11/08/2012 10:02:19 pm: CALL USP_GetPayees();
11/08/2012 10:02:19 pm: CALL USP_GetCategories2();
11/08/2012 10:02:42 pm: CALL USP_GetCategories();
11/08/2012 10:02:42 pm: CALL USP_GetPayees();
11/08/2012 10:02:42 pm: CALL USP_GetCurrencies();
11/08/2012 10:02:42 pm: CALL USP_GetAccounts();
11/08/2012 10:02:42 pm: CALL USP_GetCategories2();
11/08/2012 10:03:48 pm: CALL USP_GetPayees();
11/08/2012 10:03:48 pm: CALL USP_GetCurrencies();
11/08/2012 10:03:48 pm: CALL USP_GetCategories2();
11/08/2012 10:03:48 pm: CALL USP_GetCategories();
11/08/2012 10:03:48 pm: CALL USP_GetAccounts();
11/08/2012 10:04:19 pm: CALL USP_GetCurrencies();
11/08/2012 10:04:19 pm: CALL USP_GetPayees();
11/08/2012 10:04:19 pm: CALL USP_GetCategories();
11/08/2012 10:04:19 pm: CALL USP_GetAccounts();
11/08/2012 10:04:19 pm: CALL USP_GetCategories2();
11/08/2012 10:12:35 pm: CALL USP_GetCurrencies();
11/08/2012 10:12:35 pm: CALL USP_GetAccounts();
11/08/2012 10:12:35 pm: CALL USP_GetPayees();
11/08/2012 10:12:35 pm: CALL USP_GetCategories();
11/08/2012 10:12:35 pm: CALL USP_GetCategories2();
11/08/2012 10:19:59 pm: CALL USP_GetAccounts();
11/08/2012 10:19:59 pm: CALL USP_GetCurrencies();
11/08/2012 10:19:59 pm: CALL USP_GetPayees();
11/08/2012 10:19:59 pm: CALL USP_GetCategories();
11/08/2012 10:19:59 pm: CALL USP_GetCategories2();
11/08/2012 10:20:54 pm: CALL USP_GetAccounts();
11/08/2012 10:20:54 pm: CALL USP_GetPayees();
11/08/2012 10:20:54 pm: CALL USP_GetCategories();
11/08/2012 10:20:54 pm: CALL USP_GetCurrencies();
11/08/2012 10:20:54 pm: CALL USP_GetCategories2();
11/08/2012 10:21:31 pm: CALL USP_GetAccounts();
11/08/2012 10:21:31 pm: CALL USP_GetCurrencies();
11/08/2012 10:21:31 pm: CALL USP_GetCategories();
11/08/2012 10:21:31 pm: CALL USP_GetPayees();
11/08/2012 10:21:31 pm: CALL USP_GetCategories2();
11/08/2012 10:23:36 pm: CALL USP_GetCategories2();
11/08/2012 10:23:36 pm: CALL USP_GetPayees();
11/08/2012 10:23:36 pm: CALL USP_GetCurrencies();
11/08/2012 10:23:36 pm: CALL USP_GetCategories();
11/08/2012 10:23:36 pm: CALL USP_GetAccounts();
11/08/2012 10:23:40 pm: CALL USP_GetAccounts();
11/08/2012 10:23:40 pm: CALL USP_GetCurrencies();
11/08/2012 10:23:40 pm: CALL USP_GetCategories();
11/08/2012 10:23:40 pm: CALL USP_GetPayees();
11/08/2012 10:23:40 pm: CALL USP_GetCategories2();
11/08/2012 10:25:03 pm: CALL USP_GetPayees();
11/08/2012 10:25:03 pm: CALL USP_GetCategories();
11/08/2012 10:25:03 pm: CALL USP_GetCategories2();
11/08/2012 10:25:03 pm: CALL USP_GetAccounts();
11/08/2012 10:25:03 pm: CALL USP_GetCurrencies();
11/08/2012 10:25:11 pm: CALL USP_GetCategories();
11/08/2012 10:25:11 pm: CALL USP_GetCurrencies();
11/08/2012 10:25:11 pm: CALL USP_GetAccounts();
11/08/2012 10:25:11 pm: CALL USP_GetPayees();
11/08/2012 10:25:11 pm: CALL USP_GetCategories2();
