09/03/2012 03:23:04 pm: CALL USP_GetCurrencies();
09/03/2012 03:23:04 pm: CALL USP_GetCategories2();
09/03/2012 03:23:04 pm: CALL USP_GetPayees();
09/03/2012 03:23:04 pm: CALL USP_GetCategories();
09/03/2012 03:23:04 pm: CALL USP_GetAccounts();
09/03/2012 03:23:12 pm: CALL USP_GetAccounts();
09/03/2012 03:23:12 pm: CALL USP_GetPayees();
09/03/2012 03:23:12 pm: CALL USP_GetCurrencies();
09/03/2012 03:23:12 pm: CALL USP_GetCategories2();
09/03/2012 03:23:12 pm: CALL USP_GetCategories();
09/03/2012 03:23:41 pm: CALL USP_GetAccounts();
09/03/2012 03:23:41 pm: CALL USP_GetCurrencies();
09/03/2012 03:23:41 pm: CALL USP_GetPayees();
09/03/2012 03:23:41 pm: CALL USP_GetCategories2();
09/03/2012 03:23:41 pm: CALL USP_GetCategories();
09/03/2012 03:24:27 pm: CALL USP_InsertTransaction('2012-09-01','1','1','2','2','18','142','36.57','');
09/03/2012 03:24:27 pm: CALL USP_InsertTransaction('2012-09-01','1','1','2','2','18','142','36.57','');
09/03/2012 03:24:41 pm: CALL USP_InsertTransaction('2012-09-01','1','1','2','2','18','210','23.51','');
09/03/2012 03:24:41 pm: CALL USP_InsertTransaction('2012-09-01','1','1','2','2','18','210','23.51','');
09/03/2012 03:27:20 pm: CALL USP_GetAccounts();
09/03/2012 03:27:20 pm: CALL USP_GetPayees();
09/03/2012 03:27:20 pm: CALL USP_GetCategories();
09/03/2012 03:27:20 pm: CALL USP_GetCategories2();
09/03/2012 03:27:20 pm: CALL USP_GetCurrencies();
09/03/2012 03:27:36 pm: CALL USP_GetAccounts();
09/03/2012 03:27:36 pm: CALL USP_GetCategories();
09/03/2012 03:27:36 pm: CALL USP_GetPayees();
09/03/2012 03:27:36 pm: CALL USP_GetCurrencies();
09/03/2012 03:27:36 pm: CALL USP_GetCategories2();
09/03/2012 03:32:30 pm: CALL USP_GetCategories();
09/03/2012 03:32:30 pm: CALL USP_GetCurrencies();
09/03/2012 03:32:30 pm: CALL USP_GetPayees();
09/03/2012 03:32:30 pm: CALL USP_GetAccounts();
09/03/2012 03:32:30 pm: CALL USP_GetCategories2();
09/03/2012 03:33:10 pm: CALL USP_GetAccounts();
09/03/2012 03:33:10 pm: CALL USP_GetPayees();
09/03/2012 03:33:10 pm: CALL USP_GetCategories();
09/03/2012 03:33:10 pm: CALL USP_GetCurrencies();
09/03/2012 03:33:10 pm: CALL USP_GetCategories2();
09/03/2012 03:33:13 pm: CALL USP_GetCurrencies();
09/03/2012 03:33:13 pm: CALL USP_GetAccounts();
09/03/2012 03:33:13 pm: CALL USP_GetPayees();
09/03/2012 03:33:13 pm: CALL USP_GetCategories();
09/03/2012 03:33:13 pm: CALL USP_GetCategories2();
09/03/2012 03:33:14 pm: CALL USP_GetPayees();
09/03/2012 03:33:14 pm: CALL USP_GetAccounts();
09/03/2012 03:33:14 pm: CALL USP_GetCurrencies();
09/03/2012 03:33:14 pm: CALL USP_GetCategories2();
09/03/2012 03:33:14 pm: CALL USP_GetCategories();
09/03/2012 03:33:21 pm: CALL USP_InsertTransaction('2012-09-01','1','1','2','2','18','210','23.51','');
09/03/2012 03:33:21 pm: CALL USP_InsertTransaction('2012-09-01','1','1','2','2','18','210','23.51','');
09/03/2012 03:33:41 pm: CALL USP_InsertTransaction('2012-09-01','1','1','2','2','18','142','36.57','');
09/03/2012 03:33:41 pm: CALL USP_InsertTransaction('2012-09-01','1','1','2','2','18','142','36.57','');
09/03/2012 03:33:45 pm: CALL USP_GetAccounts();
09/03/2012 03:33:45 pm: CALL USP_GetCurrencies();
09/03/2012 03:33:45 pm: CALL USP_GetCategories2();
09/03/2012 03:33:45 pm: CALL USP_GetPayees();
09/03/2012 03:33:45 pm: CALL USP_GetCategories();
