09/17/2012 09:00:18 pm: CALL USP_GetCategories();
09/17/2012 09:00:18 pm: CALL USP_GetCategories2();
09/17/2012 09:00:18 pm: CALL USP_GetPayees();
09/17/2012 09:00:18 pm: CALL USP_GetCurrencies();
09/17/2012 09:00:18 pm: CALL USP_GetAccounts();
09/17/2012 09:02:22 pm: CALL USP_GetCategories2();
09/17/2012 09:02:22 pm: CALL USP_GetAccounts();
09/17/2012 09:02:22 pm: CALL USP_GetPayees();
09/17/2012 09:02:22 pm: CALL USP_GetCategories();
09/17/2012 09:02:22 pm: CALL USP_GetCurrencies();
09/17/2012 09:02:33 pm: CALL USP_GetCurrencies();
09/17/2012 09:02:33 pm: CALL USP_GetCategories2();
09/17/2012 09:02:33 pm: CALL USP_GetCategories();
09/17/2012 09:02:33 pm: CALL USP_GetAccounts();
09/17/2012 09:02:33 pm: CALL USP_GetPayees();
09/17/2012 09:02:35 pm: CALL USP_GetCurrencies();
09/17/2012 09:02:35 pm: CALL USP_GetPayees();
09/17/2012 09:02:35 pm: CALL USP_GetCategories();
09/17/2012 09:02:35 pm: CALL USP_GetAccounts();
09/17/2012 09:02:35 pm: CALL USP_GetCategories2();
09/17/2012 09:02:43 pm: CALL USP_GetCurrencies();
09/17/2012 09:02:43 pm: CALL USP_GetCategories();
09/17/2012 09:02:43 pm: CALL USP_GetAccounts();
09/17/2012 09:02:43 pm: CALL USP_GetPayees();
09/17/2012 09:02:43 pm: CALL USP_GetCategories2();
09/17/2012 09:03:03 pm: CALL USP_InsertTransaction('2012-09-17','11','1','1','7','45','8','-2.71','');
09/17/2012 09:03:03 pm: CALL USP_InsertTransaction('2012-09-17','11','1','1','7','45','8','-2.71','');
09/17/2012 09:03:19 pm: CALL USP_InsertTransaction('2012-09-17','11','1','1','9','48','17','-6','');
09/17/2012 09:03:19 pm: CALL USP_InsertTransaction('2012-09-17','11','1','1','9','48','17','-6','');
09/17/2012 09:03:23 pm: CALL USP_GetCurrencies();
09/17/2012 09:03:23 pm: CALL USP_GetAccounts();
09/17/2012 09:03:23 pm: CALL USP_GetPayees();
09/17/2012 09:03:23 pm: CALL USP_GetCategories();
09/17/2012 09:03:23 pm: CALL USP_GetCategories2();
09/17/2012 09:19:53 pm: CALL USP_GetAccounts();
09/17/2012 09:19:53 pm: CALL USP_GetPayees();
09/17/2012 09:19:53 pm: CALL USP_GetCategories();
09/17/2012 09:19:53 pm: CALL USP_GetCurrencies();
09/17/2012 09:19:53 pm: CALL USP_GetCategories2();
09/17/2012 09:20:31 pm: CALL USP_GetAccounts();
09/17/2012 09:20:31 pm: CALL USP_GetCurrencies();
09/17/2012 09:20:31 pm: CALL USP_GetCategories2();
09/17/2012 09:20:31 pm: CALL USP_GetCategories();
09/17/2012 09:20:31 pm: CALL USP_GetPayees();
09/17/2012 09:20:40 pm: CALL USP_GetAccounts();
09/17/2012 09:20:40 pm: CALL USP_GetCategories();
09/17/2012 09:20:40 pm: CALL USP_GetCurrencies();
09/17/2012 09:20:40 pm: CALL USP_GetPayees();
09/17/2012 09:20:40 pm: CALL USP_GetCategories2();
09/17/2012 09:21:04 pm: CALL USP_GetAccounts();
09/17/2012 09:21:04 pm: CALL USP_GetCurrencies();
09/17/2012 09:21:04 pm: CALL USP_GetPayees();
09/17/2012 09:21:04 pm: CALL USP_GetCategories();
09/17/2012 09:21:04 pm: CALL USP_GetCategories2();
09/17/2012 09:21:15 pm: CALL USP_GetCategories2();
09/17/2012 09:21:15 pm: CALL USP_GetCurrencies();
09/17/2012 09:21:15 pm: CALL USP_GetCategories();
09/17/2012 09:21:15 pm: CALL USP_GetPayees();
09/17/2012 09:21:15 pm: CALL USP_GetAccounts();
09/17/2012 09:21:25 pm: CALL USP_GetCurrencies();
09/17/2012 09:21:25 pm: CALL USP_GetCategories();
09/17/2012 09:21:25 pm: CALL USP_GetAccounts();
09/17/2012 09:21:25 pm: CALL USP_GetPayees();
09/17/2012 09:21:25 pm: CALL USP_GetCategories2();
09/17/2012 09:24:39 pm: CALL USP_GetCategories2 ()
09/17/2012 09:28:03 pm: CALL USP_GetCategories2 ()
09/17/2012 09:28:24 pm: CALL USP_GetCategories();
09/17/2012 09:28:24 pm: CALL USP_GetAccounts();
09/17/2012 09:28:24 pm: CALL USP_GetCategories2();
09/17/2012 09:28:24 pm: CALL USP_GetCurrencies();
09/17/2012 09:28:24 pm: CALL USP_GetPayees();
09/17/2012 09:28:34 pm: CALL USP_GetAccounts();
09/17/2012 09:28:34 pm: CALL USP_GetCurrencies();
09/17/2012 09:28:34 pm: CALL USP_GetPayees();
09/17/2012 09:28:34 pm: CALL USP_GetCategories();
09/17/2012 09:28:34 pm: CALL USP_GetCategories2();
09/17/2012 09:45:31 pm: CALL USP_GetAccounts();
09/17/2012 09:45:31 pm: CALL USP_GetCurrencies();
09/17/2012 09:45:31 pm: CALL USP_GetPayees();
09/17/2012 09:45:31 pm: CALL USP_GetCategories2();
09/17/2012 09:45:31 pm: CALL USP_GetCategories();
09/17/2012 09:55:16 pm: CALL USP_GetAccounts();
09/17/2012 09:55:16 pm: CALL USP_GetCurrencies();
09/17/2012 09:55:16 pm: CALL USP_GetPayees();
09/17/2012 09:55:16 pm: CALL USP_GetCategories2();
09/17/2012 09:55:16 pm: CALL USP_GetCategories();
09/17/2012 10:09:55 pm: CALL USP_GetAccounts();
09/17/2012 10:09:55 pm: CALL USP_GetCurrencies();
09/17/2012 10:09:55 pm: CALL USP_GetCategories();
09/17/2012 10:09:55 pm: CALL USP_GetPayees();
09/17/2012 10:09:55 pm: CALL USP_GetCategories2();
09/17/2012 10:16:51 pm: CALL USP_GetCurrencies();
09/17/2012 10:16:51 pm: CALL USP_GetAccounts();
09/17/2012 10:16:51 pm: CALL USP_GetPayees();
09/17/2012 10:16:51 pm: CALL USP_GetCategories();
09/17/2012 10:16:51 pm: CALL USP_GetCategories2();
09/17/2012 10:17:39 pm: CALL USP_GetAccounts();
09/17/2012 10:17:39 pm: CALL USP_GetPayees();
09/17/2012 10:17:39 pm: CALL USP_GetCategories();
09/17/2012 10:17:39 pm: CALL USP_GetCategories2();
09/17/2012 10:17:39 pm: CALL USP_GetCurrencies();
09/17/2012 10:17:55 pm: CALL USP_GetCurrencies();
09/17/2012 10:17:55 pm: CALL USP_GetPayees();
09/17/2012 10:17:55 pm: CALL USP_GetAccounts();
09/17/2012 10:17:55 pm: CALL USP_GetCategories();
09/17/2012 10:17:55 pm: CALL USP_GetCategories2();
09/17/2012 10:18:07 pm: CALL USP_GetCurrencies();
09/17/2012 10:18:07 pm: CALL USP_GetAccounts();
09/17/2012 10:18:07 pm: CALL USP_GetPayees();
09/17/2012 10:18:07 pm: CALL USP_GetCategories();
09/17/2012 10:18:07 pm: CALL USP_GetCategories2();
09/17/2012 10:18:10 pm: CALL USP_GetCurrencies();
09/17/2012 10:18:10 pm: CALL USP_GetAccounts();
09/17/2012 10:18:10 pm: CALL USP_GetCategories();
09/17/2012 10:18:10 pm: CALL USP_GetPayees();
09/17/2012 10:18:10 pm: CALL USP_GetCategories2();
09/17/2012 10:18:31 pm: CALL USP_GetAccounts();
09/17/2012 10:18:31 pm: CALL USP_GetCurrencies();
09/17/2012 10:18:31 pm: CALL USP_GetPayees();
09/17/2012 10:18:31 pm: CALL USP_GetCategories();
09/17/2012 10:18:31 pm: CALL USP_GetCategories2();
09/17/2012 10:20:10 pm: CALL USP_GetAccounts();
09/17/2012 10:20:10 pm: CALL USP_GetCurrencies();
09/17/2012 10:20:10 pm: CALL USP_GetCategories2();
09/17/2012 10:20:10 pm: CALL USP_GetPayees();
09/17/2012 10:20:10 pm: CALL USP_GetCategories();
