12/05/2012 03:01:32 pm: CALL USP_GetPayees();
12/05/2012 03:01:32 pm: CALL USP_GetCurrencies();
12/05/2012 03:01:32 pm: CALL USP_GetCategories();
12/05/2012 03:01:32 pm: CALL USP_GetCategories2();
12/05/2012 03:01:32 pm: CALL USP_GetAccounts();
12/05/2012 03:01:34 pm: CALL USP_GetCategories();
12/05/2012 03:01:34 pm: CALL USP_GetAccounts();
12/05/2012 03:01:34 pm: CALL USP_GetCurrencies();
12/05/2012 03:01:34 pm: CALL USP_GetCategories2();
12/05/2012 03:01:34 pm: CALL USP_GetPayees();
12/05/2012 03:02:12 pm: CALL USP_GetAccounts();
12/05/2012 03:02:12 pm: CALL USP_GetCurrencies();
12/05/2012 03:02:12 pm: CALL USP_GetPayees();
12/05/2012 03:02:12 pm: CALL USP_GetCategories();
12/05/2012 03:02:12 pm: CALL USP_GetCategories2();
12/05/2012 10:11:08 pm: CALL USP_InsertTransaction('2012-12-05','17','1','1','1','15','72','-7.89','UNO Road Mountain Bike Seatpost 26.4x300mm Silver');
12/05/2012 10:47:51 pm: CALL USP_GetCategories();
12/05/2012 10:47:51 pm: CALL USP_GetPayees();
12/05/2012 10:47:51 pm: CALL USP_GetCurrencies();
12/05/2012 10:47:51 pm: CALL USP_GetCategories2();
12/05/2012 10:47:51 pm: CALL USP_GetAccounts();
12/05/2012 10:48:19 pm: CALL USP_InsertTransaction('2012-12-05','17','1','1','1','15','72','-7.89','Seatpost 26,4mm 300mm');
12/05/2012 10:48:19 pm: CALL USP_InsertTransaction('2012-12-05','17','1','1','1','15','72','-7.89','Seatpost 26,4mm 300mm');
12/05/2012 10:48:49 pm: CALL USP_InsertTransaction('2012-12-05','17','1','1','14','82','72','-34.49','New WL Polarized Black Vented Lenses For Oakley Radar Path');
12/05/2012 10:48:49 pm: CALL USP_InsertTransaction('2012-12-05','17','1','1','14','82','72','-34.49','New WL Polarized Black Vented Lenses For Oakley Radar Path');
12/05/2012 10:48:54 pm: CALL USP_GetPayees();
12/05/2012 10:48:54 pm: CALL USP_GetAccounts();
12/05/2012 10:48:54 pm: CALL USP_GetCategories();
12/05/2012 10:48:54 pm: CALL USP_GetCurrencies();
12/05/2012 10:48:54 pm: CALL USP_GetCategories2();
12/05/2012 10:49:03 pm: CALL USP_GetCurrencies();
12/05/2012 10:49:03 pm: CALL USP_GetAccounts();
12/05/2012 10:49:03 pm: CALL USP_GetCategories();
12/05/2012 10:49:03 pm: CALL USP_GetCategories2();
12/05/2012 10:49:03 pm: CALL USP_GetPayees();
12/05/2012 10:49:09 pm: CALL USP_GetAccounts();
12/05/2012 10:49:09 pm: CALL USP_GetCurrencies();
12/05/2012 10:49:09 pm: CALL USP_GetPayees();
12/05/2012 10:49:09 pm: CALL USP_GetCategories2();
12/05/2012 10:49:09 pm: CALL USP_GetCategories();
12/05/2012 11:02:37 pm: CALL USP_InsertTransaction('2012-12-05','19','1','1','1','15','187','-118.21','new wheels for Phoenix bike');
12/05/2012 11:02:37 pm: CALL USP_InsertTransaction('2012-12-05','19','1','1','1','15','187','-118.21','new wheels for Phoenix bike');
12/05/2012 11:04:13 pm: CALL USP_InsertTransaction('2012-12-05','19','1','1','11','64','97','-3.15','2 x bungee');
12/05/2012 11:04:13 pm: CALL USP_InsertTransaction('2012-12-05','19','1','1','11','64','97','-3.15','2 x bungee');
12/05/2012 11:04:39 pm: CALL USP_InsertTransaction('2012-12-05','19','1','1','7','45','218','-20.75','2 x bungee');
12/05/2012 11:04:39 pm: CALL USP_InsertTransaction('2012-12-05','19','1','1','7','45','218','-20.75','2 x bungee');
12/05/2012 11:05:16 pm: CALL USP_InsertTransaction('2012-12-05','19','1','1','7','45','218','-3.43','');
12/05/2012 11:05:16 pm: CALL USP_InsertTransaction('2012-12-05','19','1','1','7','45','218','-3.43','');
12/05/2012 11:05:20 pm: CALL USP_GetCurrencies();
12/05/2012 11:05:20 pm: CALL USP_GetAccounts();
12/05/2012 11:05:20 pm: CALL USP_GetPayees();
12/05/2012 11:05:20 pm: CALL USP_GetCategories();
12/05/2012 11:05:20 pm: CALL USP_GetCategories2();
12/05/2012 11:05:42 pm: CALL USP_GetCurrencies();
12/05/2012 11:05:42 pm: CALL USP_GetPayees();
12/05/2012 11:05:42 pm: CALL USP_GetCategories();
12/05/2012 11:05:42 pm: CALL USP_GetAccounts();
12/05/2012 11:05:42 pm: CALL USP_GetCategories2();
