10/30/2012 07:26:20 pm: CALL USP_GetCurrencies();
10/30/2012 07:26:20 pm: CALL USP_GetCategories();
10/30/2012 07:26:20 pm: CALL USP_GetCategories2();
10/30/2012 07:26:20 pm: CALL USP_GetAccounts();
10/30/2012 07:26:20 pm: CALL USP_GetPayees();
10/30/2012 07:26:22 pm: CALL USP_GetAccounts();
10/30/2012 07:26:22 pm: CALL USP_GetCurrencies();
10/30/2012 07:26:22 pm: CALL USP_GetPayees();
10/30/2012 07:26:22 pm: CALL USP_GetCategories();
10/30/2012 07:26:22 pm: CALL USP_GetCategories2();
10/30/2012 07:27:10 pm: CALL USP_GetAccounts();
10/30/2012 07:27:10 pm: CALL USP_GetCategories();
10/30/2012 07:27:10 pm: CALL USP_GetCurrencies();
10/30/2012 07:27:10 pm: CALL USP_GetCategories2();
10/30/2012 07:27:10 pm: CALL USP_GetPayees();
10/30/2012 07:29:37 pm: CALL USP_GetAccounts();
10/30/2012 07:29:37 pm: CALL USP_GetCategories2();
10/30/2012 07:29:37 pm: CALL USP_GetCurrencies();
10/30/2012 07:29:37 pm: CALL USP_GetCategories();
10/30/2012 07:29:37 pm: CALL USP_GetPayees();
10/30/2012 07:30:06 pm: CALL USP_GetAccounts();
10/30/2012 07:30:06 pm: CALL USP_GetCurrencies();
10/30/2012 07:30:06 pm: CALL USP_GetPayees();
10/30/2012 07:30:06 pm: CALL USP_GetCategories2();
10/30/2012 07:30:06 pm: CALL USP_GetCategories();
10/30/2012 07:35:00 pm: CALL USP_GetCurrencies();
10/30/2012 07:35:00 pm: CALL USP_GetCategories();
10/30/2012 07:35:00 pm: CALL USP_GetCategories2();
10/30/2012 07:35:00 pm: CALL USP_GetAccounts();
10/30/2012 07:35:00 pm: CALL USP_GetPayees();
10/30/2012 07:36:14 pm: CALL USP_GetCurrencies();
10/30/2012 07:36:14 pm: CALL USP_GetAccounts();
10/30/2012 07:36:14 pm: CALL USP_GetPayees();
10/30/2012 07:36:14 pm: CALL USP_GetCategories();
10/30/2012 07:36:14 pm: CALL USP_GetCategories2();
10/30/2012 07:36:37 pm: CALL USP_GetAccounts();
10/30/2012 07:36:37 pm: CALL USP_GetCurrencies();
10/30/2012 07:36:37 pm: CALL USP_GetCategories();
10/30/2012 07:36:37 pm: CALL USP_GetPayees();
10/30/2012 07:36:37 pm: CALL USP_GetCategories2();
10/30/2012 07:36:51 pm: CALL USP_GetAccounts();
10/30/2012 07:36:51 pm: CALL USP_GetCurrencies();
10/30/2012 07:36:51 pm: CALL USP_GetPayees();
10/30/2012 07:36:51 pm: CALL USP_GetCategories();
10/30/2012 07:36:51 pm: CALL USP_GetCategories2();
10/30/2012 07:36:52 pm: CALL USP_GetCurrencies();
10/30/2012 07:36:52 pm: CALL USP_GetPayees();
10/30/2012 07:36:52 pm: CALL USP_GetAccounts();
10/30/2012 07:36:52 pm: CALL USP_GetCategories2();
10/30/2012 07:36:52 pm: CALL USP_GetCategories();
10/30/2012 07:38:43 pm: CALL USP_GetAccounts();
10/30/2012 07:38:43 pm: CALL USP_GetCurrencies();
10/30/2012 07:38:43 pm: CALL USP_GetPayees();
10/30/2012 07:38:43 pm: CALL USP_GetCategories2();
10/30/2012 07:38:43 pm: CALL USP_GetCategories();
10/30/2012 07:39:43 pm: CALL USP_GetAccounts();
10/30/2012 07:39:43 pm: CALL USP_GetCurrencies();
10/30/2012 07:39:43 pm: CALL USP_GetPayees();
10/30/2012 07:39:43 pm: CALL USP_GetCategories();
10/30/2012 07:39:43 pm: CALL USP_GetCategories2();
10/30/2012 07:50:24 pm: CALL USP_GetAccounts();
10/30/2012 07:50:24 pm: CALL USP_GetPayees();
10/30/2012 07:50:24 pm: CALL USP_GetCurrencies();
10/30/2012 07:50:24 pm: CALL USP_GetCategories();
10/30/2012 07:50:24 pm: CALL USP_GetCategories2();
10/30/2012 08:06:14 pm: CALL USP_GetAccounts();
10/30/2012 08:06:14 pm: CALL USP_GetCategories();
10/30/2012 08:06:14 pm: CALL USP_GetCurrencies();
10/30/2012 08:06:14 pm: CALL USP_GetPayees();
10/30/2012 08:06:14 pm: CALL USP_GetCategories2();
10/30/2012 08:08:15 pm: CALL USP_GetAccounts();
10/30/2012 08:08:15 pm: CALL USP_GetCurrencies();
10/30/2012 08:08:15 pm: CALL USP_GetCategories();
10/30/2012 08:08:15 pm: CALL USP_GetPayees();
10/30/2012 08:08:15 pm: CALL USP_GetCategories2();
10/30/2012 08:14:20 pm: CALL USP_GetCurrencies();
10/30/2012 08:14:20 pm: CALL USP_GetAccounts();
10/30/2012 08:14:20 pm: CALL USP_GetPayees();
10/30/2012 08:14:20 pm: CALL USP_GetCategories();
10/30/2012 08:14:20 pm: CALL USP_GetCategories2();
