09/16/2012 12:46:07 pm: CALL USP_GetCurrencies();
09/16/2012 12:46:08 pm: CALL USP_GetAccounts();
09/16/2012 12:46:08 pm: CALL USP_GetCategories2();
09/16/2012 12:46:08 pm: CALL USP_GetCategories();
09/16/2012 12:46:08 pm: CALL USP_GetPayees();
09/16/2012 12:46:10 pm: CALL USP_GetAccounts();
09/16/2012 12:46:10 pm: CALL USP_GetCurrencies();
09/16/2012 12:46:10 pm: CALL USP_GetPayees();
09/16/2012 12:46:10 pm: CALL USP_GetCategories();
09/16/2012 12:46:10 pm: CALL USP_GetCategories2();
09/16/2012 12:47:33 pm: CALL USP_InsertTransaction('2012-09-16','11','1','1','7','45','8','-9.02','');
09/16/2012 12:47:33 pm: CALL USP_InsertTransaction('2012-09-16','11','1','1','7','45','8','-9.02','');
09/16/2012 12:48:52 pm: CALL USP_InsertTransaction('2012-09-16','11','1','1','7','45','123','-7.21','');
09/16/2012 12:48:52 pm: CALL USP_InsertTransaction('2012-09-16','11','1','1','7','45','123','-7.21','');
09/16/2012 12:49:12 pm: CALL USP_InsertTransaction('2012-09-16','11','1','1','7','45','8','-18.09','');
09/16/2012 12:49:12 pm: CALL USP_InsertTransaction('2012-09-16','11','1','1','7','45','8','-18.09','');
09/16/2012 12:49:41 pm: CALL USP_GetAccounts();
09/16/2012 12:49:41 pm: CALL USP_GetCurrencies();
09/16/2012 12:49:41 pm: CALL USP_GetPayees();
09/16/2012 12:49:41 pm: CALL USP_GetCategories2();
09/16/2012 12:49:41 pm: CALL USP_GetCategories();
09/16/2012 02:18:13 pm: CALL USP_GetAccounts();
09/16/2012 02:18:13 pm: CALL USP_GetCurrencies();
09/16/2012 02:18:13 pm: CALL USP_GetPayees();
09/16/2012 02:18:13 pm: CALL USP_GetCategories2();
09/16/2012 02:18:13 pm: CALL USP_GetCategories();
09/16/2012 02:18:14 pm: CALL USP_GetCategories();
09/16/2012 02:18:14 pm: CALL USP_GetCurrencies();
09/16/2012 02:18:14 pm: CALL USP_GetPayees();
09/16/2012 02:18:14 pm: CALL USP_GetAccounts();
09/16/2012 02:18:14 pm: CALL USP_GetCategories2();
09/16/2012 02:30:57 pm: CALL USP_GetCategories2();
09/16/2012 02:30:57 pm: CALL USP_GetCategories();
09/16/2012 02:30:57 pm: CALL USP_GetAccounts();
09/16/2012 02:30:57 pm: CALL USP_GetPayees();
09/16/2012 02:30:57 pm: CALL USP_GetCurrencies();
09/16/2012 06:20:47 pm: CALL USP_GetCurrencies();
09/16/2012 06:20:47 pm: CALL USP_GetAccounts();
09/16/2012 06:20:47 pm: CALL USP_GetCategories();
09/16/2012 06:20:47 pm: CALL USP_GetPayees();
09/16/2012 06:20:47 pm: CALL USP_GetCategories2();
09/16/2012 06:20:49 pm: CALL USP_GetAccounts();
09/16/2012 06:20:49 pm: CALL USP_GetCurrencies();
09/16/2012 06:20:49 pm: CALL USP_GetPayees();
09/16/2012 06:20:49 pm: CALL USP_GetCategories2();
09/16/2012 06:20:49 pm: CALL USP_GetCategories();
09/16/2012 06:21:02 pm: CALL USP_GetPayees();
09/16/2012 06:21:02 pm: CALL USP_GetCurrencies();
09/16/2012 06:21:02 pm: CALL USP_GetAccounts();
09/16/2012 06:21:02 pm: CALL USP_GetCategories();
09/16/2012 06:21:02 pm: CALL USP_GetCategories2();
09/16/2012 06:21:25 pm: CALL USP_GetCurrencies();
09/16/2012 06:21:25 pm: CALL USP_GetAccounts();
09/16/2012 06:21:25 pm: CALL USP_GetPayees();
09/16/2012 06:21:25 pm: CALL USP_GetCategories();
09/16/2012 06:21:26 pm: CALL USP_GetCategories2();
09/16/2012 06:21:48 pm: CALL USP_GetCurrencies();
09/16/2012 06:21:48 pm: CALL USP_GetAccounts();
09/16/2012 06:21:48 pm: CALL USP_GetPayees();
09/16/2012 06:21:48 pm: CALL USP_GetCategories();
09/16/2012 06:21:48 pm: CALL USP_GetCategories2();
09/16/2012 06:24:08 pm: CALL USP_InsertTransaction('2012-09-16','17','1','1','1','1','72','-7.98','6 x CR2032');
09/16/2012 06:24:08 pm: CALL USP_InsertTransaction('2012-09-16','17','1','1','1','1','72','-7.98','6 x CR2032');
09/16/2012 06:24:41 pm: CALL USP_InsertTransaction('2012-09-16','17','1','2','1','3','35','20.50','Refund');
09/16/2012 06:24:41 pm: CALL USP_InsertTransaction('2012-09-16','17','1','2','1','3','35','20.50','Refund');
09/16/2012 06:24:44 pm: CALL USP_GetAccounts();
09/16/2012 06:24:44 pm: CALL USP_GetCategories();
09/16/2012 06:24:44 pm: CALL USP_GetCurrencies();
09/16/2012 06:24:44 pm: CALL USP_GetPayees();
09/16/2012 06:24:44 pm: CALL USP_GetCategories2();
09/16/2012 06:39:53 pm: CALL USP_GetCategories();
09/16/2012 06:39:53 pm: CALL USP_GetAccounts();
09/16/2012 06:39:53 pm: CALL USP_GetCategories2();
09/16/2012 06:39:53 pm: CALL USP_GetCurrencies();
09/16/2012 06:39:53 pm: CALL USP_GetPayees();
