11/11/2012 08:19:21 am: CALL USP_GetCategories();
11/11/2012 08:19:21 am: CALL USP_GetCategories2();
11/11/2012 08:19:21 am: CALL USP_GetCurrencies();
11/11/2012 08:19:21 am: CALL USP_GetPayees();
11/11/2012 08:19:21 am: CALL USP_GetAccounts();
11/11/2012 08:21:30 am: CALL USP_GetAccounts();
11/11/2012 08:21:30 am: CALL USP_GetCategories2();
11/11/2012 08:21:30 am: CALL USP_GetPayees();
11/11/2012 08:21:30 am: CALL USP_GetCurrencies();
11/11/2012 08:21:30 am: CALL USP_GetCategories();
11/11/2012 08:22:10 am: CALL USP_GetCurrencies();
11/11/2012 08:22:10 am: CALL USP_GetCategories();
11/11/2012 08:22:10 am: CALL USP_GetAccounts();
11/11/2012 08:22:10 am: CALL USP_GetPayees();
11/11/2012 08:22:10 am: CALL USP_GetCategories2();
11/11/2012 08:22:21 am: CALL USP_GetAccounts();
11/11/2012 08:22:21 am: CALL USP_GetCurrencies();
11/11/2012 08:22:21 am: CALL USP_GetCategories();
11/11/2012 08:22:21 am: CALL USP_GetPayees();
11/11/2012 08:22:21 am: CALL USP_GetCategories2();
11/11/2012 08:22:42 am: CALL USP_GetAccounts();
11/11/2012 08:22:42 am: CALL USP_GetPayees();
11/11/2012 08:22:42 am: CALL USP_GetCurrencies();
11/11/2012 08:22:42 am: CALL USP_GetCategories();
11/11/2012 08:22:42 am: CALL USP_GetCategories2();
11/11/2012 08:23:01 am: CALL USP_GetAccounts();
11/11/2012 08:23:01 am: CALL USP_GetCurrencies();
11/11/2012 08:23:01 am: CALL USP_GetPayees();
11/11/2012 08:23:01 am: CALL USP_GetCategories();
11/11/2012 08:23:01 am: CALL USP_GetCategories2();
11/11/2012 08:23:19 am: CALL USP_GetCurrencies();
11/11/2012 08:23:19 am: CALL USP_GetCategories2();
11/11/2012 08:23:19 am: CALL USP_GetAccounts();
11/11/2012 08:23:19 am: CALL USP_GetPayees();
11/11/2012 08:23:19 am: CALL USP_GetCategories();
11/11/2012 08:23:31 am: CALL USP_GetAccounts();
11/11/2012 08:23:31 am: CALL USP_GetPayees();
11/11/2012 08:23:31 am: CALL USP_GetCurrencies();
11/11/2012 08:23:31 am: CALL USP_GetCategories2();
11/11/2012 08:23:31 am: CALL USP_GetCategories();
11/11/2012 08:24:07 am: CALL USP_GetCategories();
11/11/2012 08:24:07 am: CALL USP_GetCurrencies();
11/11/2012 08:24:07 am: CALL USP_GetCategories2();
11/11/2012 08:24:07 am: CALL USP_GetAccounts();
11/11/2012 08:24:07 am: CALL USP_GetPayees();
11/11/2012 08:25:38 am: CALL USP_GetCurrencies();
11/11/2012 08:25:38 am: CALL USP_GetAccounts();
11/11/2012 08:25:38 am: CALL USP_GetCategories();
11/11/2012 08:25:38 am: CALL USP_GetPayees();
11/11/2012 08:25:38 am: CALL USP_GetCategories2();
11/11/2012 08:41:11 am: CALL USP_GetAccounts();
11/11/2012 08:41:11 am: CALL USP_GetCurrencies();
11/11/2012 08:41:11 am: CALL USP_GetPayees();
11/11/2012 08:41:11 am: CALL USP_GetCategories2();
11/11/2012 08:41:11 am: CALL USP_GetCategories();
11/11/2012 08:41:50 am: CALL USP_GetAccounts();
11/11/2012 08:41:50 am: CALL USP_GetPayees();
11/11/2012 08:41:50 am: CALL USP_GetCategories();
11/11/2012 08:41:50 am: CALL USP_GetCurrencies();
11/11/2012 08:41:50 am: CALL USP_GetCategories2();
11/11/2012 08:44:49 am: CALL USP_GetAccounts();
11/11/2012 08:44:49 am: CALL USP_GetCurrencies();
11/11/2012 08:44:49 am: CALL USP_GetPayees();
11/11/2012 08:44:49 am: CALL USP_GetCategories2();
11/11/2012 08:44:49 am: CALL USP_GetCategories();
11/11/2012 08:45:56 am: CALL USP_GetAccounts();
11/11/2012 08:45:56 am: CALL USP_GetCurrencies();
11/11/2012 08:45:56 am: CALL USP_GetCategories();
11/11/2012 08:45:56 am: CALL USP_GetCategories2();
11/11/2012 08:45:56 am: CALL USP_GetPayees();
11/11/2012 08:47:00 am: CALL USP_GetAccounts();
11/11/2012 08:47:00 am: CALL USP_GetCurrencies();
11/11/2012 08:47:00 am: CALL USP_GetPayees();
11/11/2012 08:47:00 am: CALL USP_GetCategories();
11/11/2012 08:47:00 am: CALL USP_GetCategories2();
11/11/2012 09:09:41 am: CALL USP_GetAccounts();
11/11/2012 09:09:41 am: CALL USP_GetPayees();
11/11/2012 09:09:41 am: CALL USP_GetCategories2();
11/11/2012 09:09:41 am: CALL USP_GetCurrencies();
11/11/2012 09:09:41 am: CALL USP_GetCategories();
11/11/2012 09:14:02 am: CALL USP_GetAccounts();
11/11/2012 09:14:02 am: CALL USP_GetCurrencies();
11/11/2012 09:14:02 am: CALL USP_GetCategories();
11/11/2012 09:14:02 am: CALL USP_GetPayees();
11/11/2012 09:14:02 am: CALL USP_GetCategories2();
11/11/2012 09:20:55 am: CALL USP_GetAccounts();
11/11/2012 09:20:55 am: CALL USP_GetCurrencies();
11/11/2012 09:20:55 am: CALL USP_GetPayees();
11/11/2012 09:20:55 am: CALL USP_GetCategories();
11/11/2012 09:20:55 am: CALL USP_GetCategories2();
11/11/2012 09:24:15 am: CALL USP_GetAccounts();
11/11/2012 09:24:15 am: CALL USP_GetCurrencies();
11/11/2012 09:24:15 am: CALL USP_GetPayees();
11/11/2012 09:24:15 am: CALL USP_GetCategories();
11/11/2012 09:24:15 am: CALL USP_GetCategories2();
11/11/2012 09:24:49 am: CALL USP_GetAccounts();
11/11/2012 09:24:49 am: CALL USP_GetCurrencies();
11/11/2012 09:24:49 am: CALL USP_GetPayees();
11/11/2012 09:24:49 am: CALL USP_GetCategories();
11/11/2012 09:24:49 am: CALL USP_GetCategories2();
11/11/2012 09:29:01 am: CALL USP_GetCurrencies();
11/11/2012 09:29:01 am: CALL USP_GetCategories();
11/11/2012 09:29:01 am: CALL USP_GetAccounts();
11/11/2012 09:29:01 am: CALL USP_GetCategories2();
11/11/2012 09:29:01 am: CALL USP_GetPayees();
11/11/2012 09:38:04 am: CALL USP_GetAccounts();
11/11/2012 09:38:04 am: CALL USP_GetCurrencies();
11/11/2012 09:38:04 am: CALL USP_GetPayees();
11/11/2012 09:38:04 am: CALL USP_GetCategories2();
11/11/2012 09:38:04 am: CALL USP_GetCategories();
11/11/2012 09:39:15 am: CALL USP_GetPayees();
11/11/2012 09:39:15 am: CALL USP_GetAccounts();
11/11/2012 09:39:15 am: CALL USP_GetCategories2();
11/11/2012 09:39:15 am: CALL USP_GetCurrencies();
11/11/2012 09:39:15 am: CALL USP_GetCategories();
11/11/2012 09:40:17 am: CALL USP_GetCategories2();
11/11/2012 09:40:17 am: CALL USP_GetAccounts();
11/11/2012 09:40:17 am: CALL USP_GetPayees();
11/11/2012 09:40:17 am: CALL USP_GetCategories();
11/11/2012 09:40:17 am: CALL USP_GetCurrencies();
11/11/2012 09:41:06 am: CALL USP_GetCurrencies();
11/11/2012 09:41:06 am: CALL USP_GetAccounts();
11/11/2012 09:41:06 am: CALL USP_GetPayees();
11/11/2012 09:41:06 am: CALL USP_GetCategories2();
11/11/2012 09:41:06 am: CALL USP_GetCategories();
11/11/2012 09:41:46 am: CALL USP_GetPayees();
11/11/2012 09:41:46 am: CALL USP_GetCurrencies();
11/11/2012 09:41:46 am: CALL USP_GetCategories();
11/11/2012 09:41:46 am: CALL USP_GetAccounts();
11/11/2012 09:41:46 am: CALL USP_GetCategories2();
11/11/2012 09:41:49 am: CALL USP_GetAccounts();
11/11/2012 09:41:49 am: CALL USP_GetPayees();
11/11/2012 09:41:49 am: CALL USP_GetCurrencies();
11/11/2012 09:41:49 am: CALL USP_GetCategories();
11/11/2012 09:41:49 am: CALL USP_GetCategories2();
11/11/2012 09:42:32 am: CALL USP_GetAccounts();
11/11/2012 09:42:32 am: CALL USP_GetCategories2();
11/11/2012 09:42:32 am: CALL USP_GetPayees();
11/11/2012 09:42:32 am: CALL USP_GetCategories();
11/11/2012 09:42:32 am: CALL USP_GetCurrencies();
11/11/2012 09:42:50 am: CALL USP_GetCurrencies();
11/11/2012 09:42:50 am: CALL USP_GetAccounts();
11/11/2012 09:42:50 am: CALL USP_GetPayees();
11/11/2012 09:42:50 am: CALL USP_GetCategories();
11/11/2012 09:42:50 am: CALL USP_GetCategories2();
11/11/2012 09:45:25 am: CALL USP_GetCategories();
11/11/2012 09:45:25 am: CALL USP_GetAccounts();
11/11/2012 09:45:25 am: CALL USP_GetCurrencies();
11/11/2012 09:45:25 am: CALL USP_GetPayees();
11/11/2012 09:45:25 am: CALL USP_GetCategories2();
11/11/2012 09:45:57 am: CALL USP_GetCurrencies();
11/11/2012 09:45:57 am: CALL USP_GetAccounts();
11/11/2012 09:45:57 am: CALL USP_GetPayees();
11/11/2012 09:45:57 am: CALL USP_GetCategories2();
11/11/2012 09:45:57 am: CALL USP_GetCategories();
11/11/2012 09:46:25 am: CALL USP_GetAccounts();
11/11/2012 09:46:25 am: CALL USP_GetPayees();
11/11/2012 09:46:25 am: CALL USP_GetCategories();
11/11/2012 09:46:25 am: CALL USP_GetCurrencies();
11/11/2012 09:46:25 am: CALL USP_GetCategories2();
11/11/2012 09:46:36 am: CALL USP_GetCategories();
11/11/2012 09:46:36 am: CALL USP_GetAccounts();
11/11/2012 09:46:36 am: CALL USP_GetPayees();
11/11/2012 09:46:36 am: CALL USP_GetCurrencies();
11/11/2012 09:46:36 am: CALL USP_GetCategories2();
11/11/2012 09:47:26 am: CALL USP_GetAccounts();
11/11/2012 09:47:26 am: CALL USP_GetCurrencies();
11/11/2012 09:47:26 am: CALL USP_GetCategories();
11/11/2012 09:47:26 am: CALL USP_GetPayees();
11/11/2012 09:47:26 am: CALL USP_GetCategories2();
11/11/2012 09:47:39 am: CALL USP_GetAccounts();
11/11/2012 09:47:39 am: CALL USP_GetCurrencies();
11/11/2012 09:47:39 am: CALL USP_GetCategories();
11/11/2012 09:47:39 am: CALL USP_GetCategories2();
11/11/2012 09:47:39 am: CALL USP_GetPayees();
11/11/2012 09:47:58 am: CALL USP_GetAccounts();
11/11/2012 09:47:58 am: CALL USP_GetCurrencies();
11/11/2012 09:47:58 am: CALL USP_GetPayees();
11/11/2012 09:47:58 am: CALL USP_GetCategories();
11/11/2012 09:47:58 am: CALL USP_GetCategories2();
11/11/2012 09:51:22 am: CALL USP_GetCurrencies();
11/11/2012 09:51:22 am: CALL USP_GetAccounts();
11/11/2012 09:51:22 am: CALL USP_GetCategories();
11/11/2012 09:51:22 am: CALL USP_GetPayees();
11/11/2012 09:51:22 am: CALL USP_GetCategories2();
11/11/2012 09:51:24 am: CALL USP_GetAccounts();
11/11/2012 09:51:24 am: CALL USP_GetCurrencies();
11/11/2012 09:51:24 am: CALL USP_GetCategories();
11/11/2012 09:51:24 am: CALL USP_GetPayees();
11/11/2012 09:51:24 am: CALL USP_GetCategories2();
11/11/2012 09:51:26 am: CALL USP_GetAccounts();
11/11/2012 09:51:26 am: CALL USP_GetCurrencies();
11/11/2012 09:51:26 am: CALL USP_GetPayees();
11/11/2012 09:51:26 am: CALL USP_GetCategories();
11/11/2012 09:51:26 am: CALL USP_GetCategories2();
11/11/2012 09:53:59 am: CALL USP_GetAccounts();
11/11/2012 09:53:59 am: CALL USP_GetCurrencies();
11/11/2012 09:53:59 am: CALL USP_GetPayees();
11/11/2012 09:53:59 am: CALL USP_GetCategories();
11/11/2012 09:53:59 am: CALL USP_GetCategories2();
11/11/2012 10:10:04 am: CALL USP_GetAccounts();
11/11/2012 10:10:04 am: CALL USP_GetCurrencies();
11/11/2012 10:10:04 am: CALL USP_GetPayees();
11/11/2012 10:10:04 am: CALL USP_GetCategories();
11/11/2012 10:10:04 am: CALL USP_GetCategories2();
11/11/2012 10:10:18 am: CALL USP_GetAccounts();
11/11/2012 10:10:18 am: CALL USP_GetCurrencies();
11/11/2012 10:10:18 am: CALL USP_GetCategories();
11/11/2012 10:10:18 am: CALL USP_GetPayees();
11/11/2012 10:10:18 am: CALL USP_GetCategories2();
11/11/2012 10:11:15 am: CALL USP_GetAccounts();
11/11/2012 10:11:15 am: CALL USP_GetCurrencies();
11/11/2012 10:11:15 am: CALL USP_GetCategories();
11/11/2012 10:11:15 am: CALL USP_GetPayees();
11/11/2012 10:11:15 am: CALL USP_GetCategories2();
11/11/2012 10:28:51 am: CALL USP_GetAccounts();
11/11/2012 10:28:51 am: CALL USP_GetCurrencies();
11/11/2012 10:28:51 am: CALL USP_GetCategories();
11/11/2012 10:28:51 am: CALL USP_GetCategories2();
11/11/2012 10:28:51 am: CALL USP_GetPayees();
11/11/2012 10:29:12 am: CALL USP_GetAccounts();
11/11/2012 10:29:12 am: CALL USP_GetCurrencies();
11/11/2012 10:29:12 am: CALL USP_GetPayees();
11/11/2012 10:29:12 am: CALL USP_GetCategories();
11/11/2012 10:29:12 am: CALL USP_GetCategories2();
11/11/2012 10:29:30 am: CALL USP_GetAccounts();
11/11/2012 10:29:30 am: CALL USP_GetCurrencies();
11/11/2012 10:29:30 am: CALL USP_GetPayees();
11/11/2012 10:29:30 am: CALL USP_GetCategories();
11/11/2012 10:29:30 am: CALL USP_GetCategories2();
11/11/2012 10:31:17 am: CALL USP_GetAccounts();
11/11/2012 10:31:17 am: CALL USP_GetCurrencies();
11/11/2012 10:31:17 am: CALL USP_GetPayees();
11/11/2012 10:31:17 am: CALL USP_GetCategories();
11/11/2012 10:31:17 am: CALL USP_GetCategories2();
11/11/2012 10:33:38 am: CALL USP_GetCurrencies();
11/11/2012 10:33:38 am: CALL USP_GetAccounts();
11/11/2012 10:33:38 am: CALL USP_GetCategories2();
11/11/2012 10:33:38 am: CALL USP_GetCategories();
11/11/2012 10:33:38 am: CALL USP_GetPayees();
11/11/2012 10:34:21 am: CALL USP_GetAccounts();
11/11/2012 10:34:21 am: CALL USP_GetCurrencies();
11/11/2012 10:34:21 am: CALL USP_GetPayees();
11/11/2012 10:34:21 am: CALL USP_GetCategories();
11/11/2012 10:34:21 am: CALL USP_GetCategories2();
11/11/2012 10:35:16 am: CALL USP_GetCategories();
11/11/2012 10:35:16 am: CALL USP_GetAccounts();
11/11/2012 10:35:16 am: CALL USP_GetPayees();
11/11/2012 10:35:17 am: CALL USP_GetCurrencies();
11/11/2012 10:35:17 am: CALL USP_GetCategories2();
11/11/2012 10:35:34 am: CALL USP_GetCurrencies();
11/11/2012 10:35:34 am: CALL USP_GetPayees();
11/11/2012 10:35:34 am: CALL USP_GetAccounts();
11/11/2012 10:35:34 am: CALL USP_GetCategories();
11/11/2012 10:35:34 am: CALL USP_GetCategories2();
11/11/2012 10:35:55 am: CALL USP_GetAccounts();
11/11/2012 10:35:55 am: CALL USP_GetCategories();
11/11/2012 10:35:55 am: CALL USP_GetCurrencies();
11/11/2012 10:35:55 am: CALL USP_GetPayees();
11/11/2012 10:35:55 am: CALL USP_GetCategories2();
11/11/2012 10:36:01 am: CALL USP_GetAccounts();
11/11/2012 10:36:01 am: CALL USP_GetCategories();
11/11/2012 10:36:01 am: CALL USP_GetCurrencies();
11/11/2012 10:36:01 am: CALL USP_GetCategories2();
11/11/2012 10:36:01 am: CALL USP_GetPayees();
11/11/2012 10:40:01 am: CALL USP_GetAccounts();
11/11/2012 10:40:01 am: CALL USP_GetCategories();
11/11/2012 10:40:01 am: CALL USP_GetPayees();
11/11/2012 10:40:01 am: CALL USP_GetCategories2();
11/11/2012 10:40:01 am: CALL USP_GetCurrencies();
11/11/2012 10:41:04 am: CALL USP_GetAccounts();
11/11/2012 10:41:04 am: CALL USP_GetCurrencies();
11/11/2012 10:41:04 am: CALL USP_GetPayees();
11/11/2012 10:41:04 am: CALL USP_GetCategories();
11/11/2012 10:41:04 am: CALL USP_GetCategories2();
11/11/2012 10:41:34 am: CALL USP_GetCurrencies();
11/11/2012 10:41:34 am: CALL USP_GetPayees();
11/11/2012 10:41:34 am: CALL USP_GetCategories();
11/11/2012 10:41:34 am: CALL USP_GetCategories2();
11/11/2012 10:41:34 am: CALL USP_GetAccounts();
11/11/2012 10:46:52 am: CALL USP_GetAccounts();
11/11/2012 10:46:52 am: CALL USP_GetCurrencies();
11/11/2012 10:46:52 am: CALL USP_GetPayees();
11/11/2012 10:46:52 am: CALL USP_GetCategories2();
11/11/2012 10:46:52 am: CALL USP_GetCategories();
11/11/2012 10:47:30 am: CALL USP_GetAccounts();
11/11/2012 10:47:30 am: CALL USP_GetCurrencies();
11/11/2012 10:47:30 am: CALL USP_GetPayees();
11/11/2012 10:47:30 am: CALL USP_GetCategories();
11/11/2012 10:47:30 am: CALL USP_GetCategories2();
11/11/2012 10:47:45 am: CALL USP_GetAccounts();
11/11/2012 10:47:45 am: CALL USP_GetCurrencies();
11/11/2012 10:47:45 am: CALL USP_GetPayees();
11/11/2012 10:47:45 am: CALL USP_GetCategories();
11/11/2012 10:47:45 am: CALL USP_GetCategories2();
11/11/2012 10:51:06 am: CALL USP_GetAccounts();
11/11/2012 10:51:06 am: CALL USP_GetCategories2();
11/11/2012 10:51:06 am: CALL USP_GetPayees();
11/11/2012 10:51:06 am: CALL USP_GetCategories();
11/11/2012 10:51:06 am: CALL USP_GetCurrencies();
11/11/2012 10:52:22 am: CALL USP_GetPayees();
11/11/2012 10:52:22 am: CALL USP_GetAccounts();
11/11/2012 10:52:22 am: CALL USP_GetCurrencies();
11/11/2012 10:52:22 am: CALL USP_GetCategories();
11/11/2012 10:52:22 am: CALL USP_GetCategories2();
11/11/2012 10:52:35 am: CALL USP_GetAccounts();
11/11/2012 10:52:35 am: CALL USP_GetCurrencies();
11/11/2012 10:52:35 am: CALL USP_GetPayees();
11/11/2012 10:52:35 am: CALL USP_GetCategories();
11/11/2012 10:52:35 am: CALL USP_GetCategories2();
11/11/2012 10:55:24 am: CALL USP_GetAccounts();
11/11/2012 10:55:24 am: CALL USP_GetCategories();
11/11/2012 10:55:24 am: CALL USP_GetPayees();
11/11/2012 10:55:24 am: CALL USP_GetCategories2();
11/11/2012 10:55:24 am: CALL USP_GetCurrencies();
11/11/2012 10:55:40 am: CALL USP_GetAccounts();
11/11/2012 10:55:40 am: CALL USP_GetCurrencies();
11/11/2012 10:55:40 am: CALL USP_GetPayees();
11/11/2012 10:55:40 am: CALL USP_GetCategories();
11/11/2012 10:55:40 am: CALL USP_GetCategories2();
11/11/2012 10:56:03 am: CALL USP_GetCurrencies();
11/11/2012 10:56:03 am: CALL USP_GetPayees();
11/11/2012 10:56:03 am: CALL USP_GetCategories();
11/11/2012 10:56:03 am: CALL USP_GetAccounts();
11/11/2012 10:56:03 am: CALL USP_GetCategories2();
11/11/2012 10:56:20 am: CALL USP_GetCurrencies();
11/11/2012 10:56:20 am: CALL USP_GetAccounts();
11/11/2012 10:56:20 am: CALL USP_GetPayees();
11/11/2012 10:56:20 am: CALL USP_GetCategories();
11/11/2012 10:56:20 am: CALL USP_GetCategories2();
11/11/2012 10:58:17 am: CALL USP_GetAccounts();
11/11/2012 10:58:17 am: CALL USP_GetCurrencies();
11/11/2012 10:58:17 am: CALL USP_GetPayees();
11/11/2012 10:58:17 am: CALL USP_GetCategories2();
11/11/2012 10:58:17 am: CALL USP_GetCategories();
11/11/2012 10:58:23 am: CALL USP_GetCurrencies();
11/11/2012 10:58:23 am: CALL USP_GetAccounts();
11/11/2012 10:58:23 am: CALL USP_GetPayees();
11/11/2012 10:58:23 am: CALL USP_GetCategories();
11/11/2012 10:58:23 am: CALL USP_GetCategories2();
11/11/2012 11:02:58 am: CALL USP_GetAccounts();
11/11/2012 11:02:58 am: CALL USP_GetCurrencies();
11/11/2012 11:02:58 am: CALL USP_GetPayees();
11/11/2012 11:02:58 am: CALL USP_GetCategories();
11/11/2012 11:02:58 am: CALL USP_GetCategories2();
11/11/2012 11:06:59 am: CALL USP_GetAccounts();
11/11/2012 11:06:59 am: CALL USP_GetCurrencies();
11/11/2012 11:06:59 am: CALL USP_GetCategories();
11/11/2012 11:06:59 am: CALL USP_GetPayees();
11/11/2012 11:06:59 am: CALL USP_GetCategories2();
11/11/2012 11:07:08 am: CALL USP_GetCategories();
11/11/2012 11:07:08 am: CALL USP_GetCurrencies();
11/11/2012 11:07:08 am: CALL USP_GetAccounts();
11/11/2012 11:07:08 am: CALL USP_GetPayees();
11/11/2012 11:07:08 am: CALL USP_GetCategories2();
11/11/2012 11:07:09 am: CALL USP_GetAccounts();
11/11/2012 11:07:09 am: CALL USP_GetCurrencies();
11/11/2012 11:07:09 am: CALL USP_GetCategories();
11/11/2012 11:07:09 am: CALL USP_GetPayees();
11/11/2012 11:07:09 am: CALL USP_GetCategories2();
11/11/2012 11:07:35 am: CALL USP_GetAccounts();
11/11/2012 11:07:35 am: CALL USP_GetCurrencies();
11/11/2012 11:07:35 am: CALL USP_GetCategories2();
11/11/2012 11:07:35 am: CALL USP_GetPayees();
11/11/2012 11:07:35 am: CALL USP_GetCategories();
11/11/2012 11:10:30 am: CALL USP_GetPayees();
11/11/2012 11:10:30 am: CALL USP_GetCategories();
11/11/2012 11:10:30 am: CALL USP_GetAccounts();
11/11/2012 11:10:30 am: CALL USP_GetCurrencies();
11/11/2012 11:10:30 am: CALL USP_GetCategories2();
11/11/2012 11:13:47 am: CALL USP_GetAccounts();
11/11/2012 11:13:47 am: CALL USP_GetCurrencies();
11/11/2012 11:13:47 am: CALL USP_GetPayees();
11/11/2012 11:13:47 am: CALL USP_GetCategories();
11/11/2012 11:13:47 am: CALL USP_GetCategories2();
11/11/2012 11:13:52 am: CALL USP_GetAccounts();
11/11/2012 11:13:52 am: CALL USP_GetPayees();
11/11/2012 11:13:52 am: CALL USP_GetCategories();
11/11/2012 11:13:52 am: CALL USP_GetCategories2();
11/11/2012 11:13:52 am: CALL USP_GetCurrencies();
11/11/2012 11:16:13 am: CALL USP_GetCurrencies();
11/11/2012 11:16:13 am: CALL USP_GetAccounts();
11/11/2012 11:16:13 am: CALL USP_GetCategories2();
11/11/2012 11:16:13 am: CALL USP_GetPayees();
11/11/2012 11:16:13 am: CALL USP_GetCategories();
11/11/2012 11:16:33 am: CALL USP_GetAccounts();
11/11/2012 11:16:33 am: CALL USP_GetCurrencies();
11/11/2012 11:16:33 am: CALL USP_GetPayees();
11/11/2012 11:16:33 am: CALL USP_GetCategories2();
11/11/2012 11:16:33 am: CALL USP_GetCategories();
11/11/2012 11:16:56 am: CALL USP_GetAccounts();
11/11/2012 11:16:56 am: CALL USP_GetCurrencies();
11/11/2012 11:16:56 am: CALL USP_GetCategories();
11/11/2012 11:16:56 am: CALL USP_GetPayees();
11/11/2012 11:16:56 am: CALL USP_GetCategories2();
11/11/2012 11:16:59 am: CALL USP_GetAccounts();
11/11/2012 11:16:59 am: CALL USP_GetCurrencies();
11/11/2012 11:16:59 am: CALL USP_GetPayees();
11/11/2012 11:16:59 am: CALL USP_GetCategories();
11/11/2012 11:16:59 am: CALL USP_GetCategories2();
11/11/2012 11:18:01 am: CALL USP_GetCurrencies();
11/11/2012 11:18:01 am: CALL USP_GetAccounts();
11/11/2012 11:18:01 am: CALL USP_GetPayees();
11/11/2012 11:18:01 am: CALL USP_GetCategories();
11/11/2012 11:18:01 am: CALL USP_GetCategories2();
11/11/2012 11:21:31 am: CALL USP_GetAccounts();
11/11/2012 11:21:31 am: CALL USP_GetCurrencies();
11/11/2012 11:21:31 am: CALL USP_GetPayees();
11/11/2012 11:21:31 am: CALL USP_GetCategories();
11/11/2012 11:21:31 am: CALL USP_GetCategories2();
11/11/2012 11:21:44 am: CALL USP_GetCurrencies();
11/11/2012 11:21:44 am: CALL USP_GetAccounts();
11/11/2012 11:21:44 am: CALL USP_GetPayees();
11/11/2012 11:21:44 am: CALL USP_GetCategories2();
11/11/2012 11:21:44 am: CALL USP_GetCategories();
11/11/2012 11:21:58 am: CALL USP_GetAccounts();
11/11/2012 11:21:58 am: CALL USP_GetCurrencies();
11/11/2012 11:21:58 am: CALL USP_GetPayees();
11/11/2012 11:21:58 am: CALL USP_GetCategories();
11/11/2012 11:21:58 am: CALL USP_GetCategories2();
11/11/2012 11:22:29 am: CALL USP_GetCurrencies();
11/11/2012 11:22:29 am: CALL USP_GetAccounts();
11/11/2012 11:22:29 am: CALL USP_GetPayees();
11/11/2012 11:22:29 am: CALL USP_GetCategories();
11/11/2012 11:22:29 am: CALL USP_GetCategories2();
11/11/2012 11:22:51 am: CALL USP_GetCurrencies();
11/11/2012 11:22:51 am: CALL USP_GetPayees();
11/11/2012 11:22:51 am: CALL USP_GetAccounts();
11/11/2012 11:22:51 am: CALL USP_GetCategories();
11/11/2012 11:22:52 am: CALL USP_GetCategories2();
11/11/2012 11:23:25 am: CALL USP_GetCurrencies();
11/11/2012 11:23:25 am: CALL USP_GetCategories2();
11/11/2012 11:23:25 am: CALL USP_GetCategories();
11/11/2012 11:23:25 am: CALL USP_GetPayees();
11/11/2012 11:23:25 am: CALL USP_GetAccounts();
11/11/2012 11:23:40 am: CALL USP_GetAccounts();
11/11/2012 11:23:40 am: CALL USP_GetCurrencies();
11/11/2012 11:23:40 am: CALL USP_GetPayees();
11/11/2012 11:23:40 am: CALL USP_GetCategories();
11/11/2012 11:23:40 am: CALL USP_GetCategories2();
11/11/2012 11:24:01 am: CALL USP_GetCurrencies();
11/11/2012 11:24:01 am: CALL USP_GetAccounts();
11/11/2012 11:24:01 am: CALL USP_GetCategories();
11/11/2012 11:24:01 am: CALL USP_GetPayees();
11/11/2012 11:24:01 am: CALL USP_GetCategories2();
11/11/2012 11:24:21 am: CALL USP_GetAccounts();
11/11/2012 11:24:21 am: CALL USP_GetCurrencies();
11/11/2012 11:24:21 am: CALL USP_GetPayees();
11/11/2012 11:24:21 am: CALL USP_GetCategories();
11/11/2012 11:24:21 am: CALL USP_GetCategories2();
11/11/2012 11:25:04 am: CALL USP_GetCategories();
11/11/2012 11:25:04 am: CALL USP_GetCategories2();
11/11/2012 11:25:04 am: CALL USP_GetPayees();
11/11/2012 11:25:04 am: CALL USP_GetCurrencies();
11/11/2012 11:25:04 am: CALL USP_GetAccounts();
11/11/2012 11:25:15 am: CALL USP_GetAccounts();
11/11/2012 11:25:15 am: CALL USP_GetCurrencies();
11/11/2012 11:25:15 am: CALL USP_GetPayees();
11/11/2012 11:25:15 am: CALL USP_GetCategories();
11/11/2012 11:25:15 am: CALL USP_GetCategories2();
11/11/2012 11:32:24 am: CALL USP_GetCurrencies();
11/11/2012 11:32:24 am: CALL USP_GetAccounts();
11/11/2012 11:32:24 am: CALL USP_GetPayees();
11/11/2012 11:32:24 am: CALL USP_GetCategories();
11/11/2012 11:32:24 am: CALL USP_GetCategories2();
11/11/2012 11:32:38 am: CALL USP_GetCurrencies();
11/11/2012 11:32:38 am: CALL USP_GetAccounts();
11/11/2012 11:32:38 am: CALL USP_GetPayees();
11/11/2012 11:32:38 am: CALL USP_GetCategories();
11/11/2012 11:32:38 am: CALL USP_GetCategories2();
11/11/2012 11:47:15 am: CALL USP_GetCategories2();
11/11/2012 11:47:15 am: CALL USP_GetCurrencies();
11/11/2012 11:47:15 am: CALL USP_GetPayees();
11/11/2012 11:47:15 am: CALL USP_GetAccounts();
11/11/2012 11:47:15 am: CALL USP_GetCategories();
11/11/2012 11:47:50 am: CALL USP_GetCategories();
11/11/2012 11:47:50 am: CALL USP_GetPayees();
11/11/2012 11:47:50 am: CALL USP_GetAccounts();
11/11/2012 11:47:50 am: CALL USP_GetCategories2();
11/11/2012 11:47:50 am: CALL USP_GetCurrencies();
11/11/2012 11:51:42 am: CALL USP_GetAccounts();
11/11/2012 11:51:42 am: CALL USP_GetCurrencies();
11/11/2012 11:51:42 am: CALL USP_GetPayees();
11/11/2012 11:51:42 am: CALL USP_GetCategories();
11/11/2012 11:51:42 am: CALL USP_GetCategories2();
11/11/2012 12:00:43 pm: CALL USP_GetAccounts();
11/11/2012 12:00:43 pm: CALL USP_GetCurrencies();
11/11/2012 12:00:43 pm: CALL USP_GetPayees();
11/11/2012 12:00:43 pm: CALL USP_GetCategories();
11/11/2012 12:00:43 pm: CALL USP_GetCategories2();
11/11/2012 12:01:29 pm: CALL USP_GetAccounts();
11/11/2012 12:01:29 pm: CALL USP_GetCurrencies();
11/11/2012 12:01:29 pm: CALL USP_GetPayees();
11/11/2012 12:01:29 pm: CALL USP_GetCategories2();
11/11/2012 12:01:29 pm: CALL USP_GetCategories();
11/11/2012 12:02:23 pm: CALL USP_GetCurrencies();
11/11/2012 12:02:23 pm: CALL USP_GetAccounts();
11/11/2012 12:02:23 pm: CALL USP_GetPayees();
11/11/2012 12:02:23 pm: CALL USP_GetCategories();
11/11/2012 12:02:23 pm: CALL USP_GetCategories2();
11/11/2012 12:02:37 pm: CALL USP_GetCurrencies();
11/11/2012 12:02:37 pm: CALL USP_GetAccounts();
11/11/2012 12:02:37 pm: CALL USP_GetCategories();
11/11/2012 12:02:37 pm: CALL USP_GetCategories2();
11/11/2012 12:02:37 pm: CALL USP_GetPayees();
11/11/2012 12:03:15 pm: CALL USP_GetAccounts();
11/11/2012 12:03:15 pm: CALL USP_GetCurrencies();
11/11/2012 12:03:15 pm: CALL USP_GetPayees();
11/11/2012 12:03:15 pm: CALL USP_GetCategories();
11/11/2012 12:03:15 pm: CALL USP_GetCategories2();
11/11/2012 12:03:50 pm: CALL USP_GetPayees();
11/11/2012 12:03:50 pm: CALL USP_GetCategories2();
11/11/2012 12:03:50 pm: CALL USP_GetCurrencies();
11/11/2012 12:03:50 pm: CALL USP_GetAccounts();
11/11/2012 12:03:50 pm: CALL USP_GetCategories();
11/11/2012 12:04:29 pm: CALL USP_GetCategories();
11/11/2012 12:04:29 pm: CALL USP_GetCurrencies();
11/11/2012 12:04:29 pm: CALL USP_GetPayees();
11/11/2012 12:04:29 pm: CALL USP_GetAccounts();
11/11/2012 12:04:29 pm: CALL USP_GetCategories2();
11/11/2012 12:04:53 pm: CALL USP_GetAccounts();
11/11/2012 12:04:53 pm: CALL USP_GetCurrencies();
11/11/2012 12:04:53 pm: CALL USP_GetPayees();
11/11/2012 12:04:53 pm: CALL USP_GetCategories2();
11/11/2012 12:04:53 pm: CALL USP_GetCategories();
11/11/2012 12:05:10 pm: CALL USP_GetCurrencies();
11/11/2012 12:05:10 pm: CALL USP_GetCategories();
11/11/2012 12:05:10 pm: CALL USP_GetAccounts();
11/11/2012 12:05:10 pm: CALL USP_GetPayees();
11/11/2012 12:05:10 pm: CALL USP_GetCategories2();
11/11/2012 12:27:46 pm: CALL USP_GetAccounts();
11/11/2012 12:27:46 pm: CALL USP_GetCurrencies();
11/11/2012 12:27:46 pm: CALL USP_GetPayees();
11/11/2012 12:27:46 pm: CALL USP_GetCategories();
11/11/2012 12:27:46 pm: CALL USP_GetCategories2();
11/11/2012 12:28:52 pm: CALL USP_InsertTransaction('2012-11-11','17','1','1','1','1','208','-35.69','Northwave H2O Extreme Waterproof Overshoes Extra Extra Large Black/Yellow Fluo');
11/11/2012 12:28:52 pm: CALL USP_InsertTransaction('2012-11-11','17','1','1','1','1','208','-35.69','Northwave H2O Extreme Waterproof Overshoes Extra Extra Large Black/Yellow Fluo');
11/11/2012 12:28:57 pm: CALL USP_GetPayees();
11/11/2012 12:28:57 pm: CALL USP_GetCurrencies();
11/11/2012 12:28:57 pm: CALL USP_GetAccounts();
11/11/2012 12:28:57 pm: CALL USP_GetCategories();
11/11/2012 12:28:57 pm: CALL USP_GetCategories2();
11/11/2012 12:29:14 pm: CALL USP_GetAccounts();
11/11/2012 12:29:14 pm: CALL USP_GetCurrencies();
11/11/2012 12:29:14 pm: CALL USP_GetCategories();
11/11/2012 12:29:14 pm: CALL USP_GetPayees();
11/11/2012 12:29:14 pm: CALL USP_GetCategories2();
11/11/2012 12:31:01 pm: CALL USP_GetAccounts();
11/11/2012 12:31:01 pm: CALL USP_GetPayees();
11/11/2012 12:31:01 pm: CALL USP_GetCategories();
11/11/2012 12:31:01 pm: CALL USP_GetCategories2();
11/11/2012 12:31:01 pm: CALL USP_GetCurrencies();
11/11/2012 12:31:36 pm: CALL USP_GetCategories();
11/11/2012 12:31:36 pm: CALL USP_GetPayees();
11/11/2012 12:31:36 pm: CALL USP_GetCurrencies();
11/11/2012 12:31:36 pm: CALL USP_GetAccounts();
11/11/2012 12:31:36 pm: CALL USP_GetCategories2();
11/11/2012 12:31:43 pm: CALL USP_GetAccounts ()
11/11/2012 12:31:49 pm: CALL USP_GetAccounts();
11/11/2012 12:31:49 pm: CALL USP_GetCategories();
11/11/2012 12:31:49 pm: CALL USP_GetCurrencies();
11/11/2012 12:31:49 pm: CALL USP_GetCategories2();
11/11/2012 12:31:49 pm: CALL USP_GetPayees();
11/11/2012 12:32:08 pm: CALL USP_GetAccounts();
11/11/2012 12:32:08 pm: CALL USP_GetCurrencies();
11/11/2012 12:32:08 pm: CALL USP_GetPayees();
11/11/2012 12:32:08 pm: CALL USP_GetCategories();
11/11/2012 12:32:08 pm: CALL USP_GetCategories2();
11/11/2012 12:32:44 pm: CALL USP_GetCategories();
11/11/2012 12:32:44 pm: CALL USP_GetCurrencies();
11/11/2012 12:32:44 pm: CALL USP_GetAccounts();
11/11/2012 12:32:44 pm: CALL USP_GetPayees();
11/11/2012 12:32:44 pm: CALL USP_GetCategories2();
11/11/2012 01:00:21 pm: CALL USP_GetCurrencies();
11/11/2012 01:00:21 pm: CALL USP_GetAccounts();
11/11/2012 01:00:21 pm: CALL USP_GetPayees();
11/11/2012 01:00:21 pm: CALL USP_GetCategories();
11/11/2012 01:00:21 pm: CALL USP_GetCategories2();
11/11/2012 01:00:59 pm: CALL USP_GetAccounts();
11/11/2012 01:00:59 pm: CALL USP_GetCategories();
11/11/2012 01:00:59 pm: CALL USP_GetPayees();
11/11/2012 01:00:59 pm: CALL USP_GetCurrencies();
11/11/2012 01:00:59 pm: CALL USP_GetCategories2();
11/11/2012 01:01:33 pm: CALL USP_GetAccounts();
11/11/2012 01:01:33 pm: CALL USP_GetPayees();
11/11/2012 01:01:33 pm: CALL USP_GetCurrencies();
11/11/2012 01:01:33 pm: CALL USP_GetCategories();
11/11/2012 01:01:33 pm: CALL USP_GetCategories2();
11/11/2012 01:02:10 pm: CALL USP_GetAccounts();
11/11/2012 01:02:10 pm: CALL USP_GetCategories();
11/11/2012 01:02:10 pm: CALL USP_GetPayees();
11/11/2012 01:02:10 pm: CALL USP_GetCurrencies();
11/11/2012 01:02:10 pm: CALL USP_GetCategories2();
11/11/2012 03:10:19 pm: CALL USP_GetAccounts();
11/11/2012 03:10:19 pm: CALL USP_GetCurrencies();
11/11/2012 03:10:19 pm: CALL USP_GetCategories();
11/11/2012 03:10:19 pm: CALL USP_GetCategories2();
11/11/2012 03:10:19 pm: CALL USP_GetPayees();
11/11/2012 03:10:23 pm: CALL USP_GetAccounts();
11/11/2012 03:10:23 pm: CALL USP_GetCurrencies();
11/11/2012 03:10:23 pm: CALL USP_GetPayees();
11/11/2012 03:10:23 pm: CALL USP_GetCategories();
11/11/2012 03:10:23 pm: CALL USP_GetCategories2();
11/11/2012 03:16:35 pm: CALL USP_GetAccounts();
11/11/2012 03:16:35 pm: CALL USP_GetCategories();
11/11/2012 03:16:35 pm: CALL USP_GetCurrencies();
11/11/2012 03:16:35 pm: CALL USP_GetCategories2();
11/11/2012 03:16:35 pm: CALL USP_GetPayees();
11/11/2012 03:16:44 pm: CALL USP_GetCategories();
11/11/2012 03:16:44 pm: CALL USP_GetAccounts();
11/11/2012 03:16:44 pm: CALL USP_GetCurrencies();
11/11/2012 03:16:44 pm: CALL USP_GetCategories2();
11/11/2012 03:16:44 pm: CALL USP_GetPayees();
11/11/2012 03:17:43 pm: CALL USP_GetPayees();
11/11/2012 03:17:43 pm: CALL USP_GetAccounts();
11/11/2012 03:17:43 pm: CALL USP_GetCurrencies();
11/11/2012 03:17:43 pm: CALL USP_GetCategories();
11/11/2012 03:17:43 pm: CALL USP_GetCategories2();
11/11/2012 03:18:44 pm: CALL USP_GetAccounts();
11/11/2012 03:18:44 pm: CALL USP_GetPayees();
11/11/2012 03:18:44 pm: CALL USP_GetCurrencies();
11/11/2012 03:18:44 pm: CALL USP_GetCategories();
11/11/2012 03:18:44 pm: CALL USP_GetCategories2();
11/11/2012 03:20:04 pm: CALL USP_GetAccounts();
11/11/2012 03:20:04 pm: CALL USP_GetCurrencies();
11/11/2012 03:20:04 pm: CALL USP_GetPayees();
11/11/2012 03:20:04 pm: CALL USP_GetCategories();
11/11/2012 03:20:04 pm: CALL USP_GetCategories2();
11/11/2012 03:21:04 pm: CALL USP_GetAccounts();
11/11/2012 03:21:04 pm: CALL USP_GetCurrencies();
11/11/2012 03:21:04 pm: CALL USP_GetPayees();
11/11/2012 03:21:04 pm: CALL USP_GetCategories();
11/11/2012 03:21:04 pm: CALL USP_GetCategories2();
11/11/2012 03:23:05 pm: CALL USP_GetCurrencies();
11/11/2012 03:23:05 pm: CALL USP_GetAccounts();
11/11/2012 03:23:05 pm: CALL USP_GetCategories();
11/11/2012 03:23:05 pm: CALL USP_GetPayees();
11/11/2012 03:23:05 pm: CALL USP_GetCategories2();
11/11/2012 03:24:40 pm: CALL USP_GetPayees();
11/11/2012 03:24:40 pm: CALL USP_GetCategories();
11/11/2012 03:24:40 pm: CALL USP_GetAccounts();
11/11/2012 03:24:40 pm: CALL USP_GetCategories2();
11/11/2012 03:24:40 pm: CALL USP_GetCurrencies();
11/11/2012 03:27:16 pm: CALL USP_GetAccounts();
11/11/2012 03:27:16 pm: CALL USP_GetCurrencies();
11/11/2012 03:27:16 pm: CALL USP_GetPayees();
11/11/2012 03:27:17 pm: CALL USP_GetCategories();
11/11/2012 03:27:17 pm: CALL USP_GetCategories2();
11/11/2012 03:30:38 pm: CALL USP_GetAccounts();
11/11/2012 03:30:38 pm: CALL USP_GetCategories();
11/11/2012 03:30:38 pm: CALL USP_GetPayees();
11/11/2012 03:30:38 pm: CALL USP_GetCurrencies();
11/11/2012 03:30:38 pm: CALL USP_GetCategories2();
11/11/2012 03:31:12 pm: CALL USP_GetAccounts();
11/11/2012 03:31:12 pm: CALL USP_GetCurrencies();
11/11/2012 03:31:12 pm: CALL USP_GetCategories();
11/11/2012 03:31:12 pm: CALL USP_GetPayees();
11/11/2012 03:31:12 pm: CALL USP_GetCategories2();
11/11/2012 03:33:23 pm: CALL USP_GetCurrencies();
11/11/2012 03:33:23 pm: CALL USP_GetAccounts();
11/11/2012 03:33:23 pm: CALL USP_GetPayees();
11/11/2012 03:33:23 pm: CALL USP_GetCategories();
11/11/2012 03:33:23 pm: CALL USP_GetCategories2();
11/11/2012 03:34:04 pm: CALL USP_GetCategories();
11/11/2012 03:34:04 pm: CALL USP_GetPayees();
11/11/2012 03:34:04 pm: CALL USP_GetCategories2();
11/11/2012 03:34:04 pm: CALL USP_GetCurrencies();
11/11/2012 03:34:04 pm: CALL USP_GetAccounts();
11/11/2012 03:36:58 pm: CALL USP_GetAccounts();
11/11/2012 03:36:58 pm: CALL USP_GetCurrencies();
11/11/2012 03:36:58 pm: CALL USP_GetPayees();
11/11/2012 03:36:58 pm: CALL USP_GetCategories();
11/11/2012 03:36:58 pm: CALL USP_GetCategories2();
11/11/2012 03:41:32 pm: CALL USP_GetCurrencies();
11/11/2012 03:41:32 pm: CALL USP_GetAccounts();
11/11/2012 03:41:32 pm: CALL USP_GetCategories2();
11/11/2012 03:41:32 pm: CALL USP_GetCategories();
11/11/2012 03:41:32 pm: CALL USP_GetPayees();
11/11/2012 03:42:19 pm: CALL USP_GetAccounts();
11/11/2012 03:42:19 pm: CALL USP_GetPayees();
11/11/2012 03:42:19 pm: CALL USP_GetCurrencies();
11/11/2012 03:42:19 pm: CALL USP_GetCategories();
11/11/2012 03:42:19 pm: CALL USP_GetCategories2();
11/11/2012 03:49:14 pm: CALL USP_GetAccounts();
11/11/2012 03:49:14 pm: CALL USP_GetCategories2();
11/11/2012 03:49:14 pm: CALL USP_GetPayees();
11/11/2012 03:49:14 pm: CALL USP_GetCategories();
11/11/2012 03:49:14 pm: CALL USP_GetCurrencies();
11/11/2012 03:51:26 pm: CALL USP_GetAccounts();
11/11/2012 03:51:26 pm: CALL USP_GetPayees();
11/11/2012 03:51:26 pm: CALL USP_GetCategories2();
11/11/2012 03:51:26 pm: CALL USP_GetCurrencies();
11/11/2012 03:51:26 pm: CALL USP_GetCategories();
11/11/2012 03:51:58 pm: CALL USP_GetAccounts();
11/11/2012 03:51:58 pm: CALL USP_GetCurrencies();
11/11/2012 03:51:58 pm: CALL USP_GetCategories2();
11/11/2012 03:51:58 pm: CALL USP_GetPayees();
11/11/2012 03:51:58 pm: CALL USP_GetCategories();
11/11/2012 03:54:10 pm: CALL USP_GetAccounts();
11/11/2012 03:54:10 pm: CALL USP_GetCurrencies();
11/11/2012 03:54:10 pm: CALL USP_GetCategories2();
11/11/2012 03:54:10 pm: CALL USP_GetPayees();
11/11/2012 03:54:10 pm: CALL USP_GetCategories();
11/11/2012 03:56:52 pm: CALL USP_GetCurrencies();
11/11/2012 03:56:52 pm: CALL USP_GetCategories2();
11/11/2012 03:56:52 pm: CALL USP_GetAccounts();
11/11/2012 03:56:52 pm: CALL USP_GetCategories();
11/11/2012 03:56:52 pm: CALL USP_GetPayees();
11/11/2012 03:57:33 pm: CALL USP_GetCurrencies();
11/11/2012 03:57:33 pm: CALL USP_GetAccounts();
11/11/2012 03:57:33 pm: CALL USP_GetPayees();
11/11/2012 03:57:33 pm: CALL USP_GetCategories2();
11/11/2012 03:57:33 pm: CALL USP_GetCategories();
11/11/2012 03:57:40 pm: CALL USP_GetAccounts();
11/11/2012 03:57:40 pm: CALL USP_GetPayees();
11/11/2012 03:57:40 pm: CALL USP_GetCurrencies();
11/11/2012 03:57:40 pm: CALL USP_GetCategories();
11/11/2012 03:57:40 pm: CALL USP_GetCategories2();
11/11/2012 03:57:59 pm: CALL USP_GetAccounts();
11/11/2012 03:57:59 pm: CALL USP_GetCategories();
11/11/2012 03:57:59 pm: CALL USP_GetPayees();
11/11/2012 03:57:59 pm: CALL USP_GetCategories2();
11/11/2012 03:57:59 pm: CALL USP_GetCurrencies();
11/11/2012 03:59:48 pm: CALL USP_GetAccounts();
11/11/2012 03:59:48 pm: CALL USP_GetCurrencies();
11/11/2012 03:59:48 pm: CALL USP_GetPayees();
11/11/2012 03:59:48 pm: CALL USP_GetCategories2();
11/11/2012 03:59:48 pm: CALL USP_GetCategories();
11/11/2012 04:01:19 pm: CALL USP_GetAccounts();
11/11/2012 04:01:19 pm: CALL USP_GetCategories();
11/11/2012 04:01:19 pm: CALL USP_GetCurrencies();
11/11/2012 04:01:19 pm: CALL USP_GetPayees();
11/11/2012 04:01:19 pm: CALL USP_GetCategories2();
11/11/2012 04:02:38 pm: CALL USP_GetAccounts();
11/11/2012 04:02:38 pm: CALL USP_GetPayees();
11/11/2012 04:02:38 pm: CALL USP_GetCurrencies();
11/11/2012 04:02:38 pm: CALL USP_GetCategories();
11/11/2012 04:02:38 pm: CALL USP_GetCategories2();
11/11/2012 04:04:41 pm: CALL USP_GetAccounts();
11/11/2012 04:04:41 pm: CALL USP_GetPayees();
11/11/2012 04:04:41 pm: CALL USP_GetCurrencies();
11/11/2012 04:04:41 pm: CALL USP_GetCategories();
11/11/2012 04:04:41 pm: CALL USP_GetCategories2();
11/11/2012 04:05:56 pm: CALL USP_GetCurrencies();
11/11/2012 04:05:56 pm: CALL USP_GetAccounts();
11/11/2012 04:05:56 pm: CALL USP_GetCategories();
11/11/2012 04:05:56 pm: CALL USP_GetCategories2();
11/11/2012 04:05:56 pm: CALL USP_GetPayees();
11/11/2012 04:06:03 pm: CALL USP_GetAccounts();
11/11/2012 04:06:03 pm: CALL USP_GetPayees();
11/11/2012 04:06:03 pm: CALL USP_GetCategories();
11/11/2012 04:06:03 pm: CALL USP_GetCurrencies();
11/11/2012 04:06:03 pm: CALL USP_GetCategories2();
11/11/2012 04:06:11 pm: CALL USP_GetAccounts();
11/11/2012 04:06:11 pm: CALL USP_GetCurrencies();
11/11/2012 04:06:11 pm: CALL USP_GetPayees();
11/11/2012 04:06:11 pm: CALL USP_GetCategories();
11/11/2012 04:06:11 pm: CALL USP_GetCategories2();
11/11/2012 08:23:12 pm: CALL USP_GetCurrencies();
11/11/2012 08:23:12 pm: CALL USP_GetAccounts();
11/11/2012 08:23:12 pm: CALL USP_GetPayees();
11/11/2012 08:23:12 pm: CALL USP_GetCategories();
11/11/2012 08:23:12 pm: CALL USP_GetCategories2();
11/11/2012 08:24:58 pm: CALL USP_GetAccounts();
11/11/2012 08:24:58 pm: CALL USP_GetCurrencies();
11/11/2012 08:24:58 pm: CALL USP_GetPayees();
11/11/2012 08:24:58 pm: CALL USP_GetCategories();
11/11/2012 08:24:58 pm: CALL USP_GetCategories2();
11/11/2012 08:25:08 pm: CALL USP_GetCurrencies();
11/11/2012 08:25:08 pm: CALL USP_GetCategories();
11/11/2012 08:25:08 pm: CALL USP_GetAccounts();
11/11/2012 08:25:08 pm: CALL USP_GetPayees();
11/11/2012 08:25:08 pm: CALL USP_GetCategories2();
11/11/2012 08:42:35 pm: CALL USP_GetAccounts();
11/11/2012 08:42:35 pm: CALL USP_GetCurrencies();
11/11/2012 08:42:35 pm: CALL USP_GetPayees();
11/11/2012 08:42:35 pm: CALL USP_GetCategories();
11/11/2012 08:42:35 pm: CALL USP_GetCategories2();
11/11/2012 08:46:58 pm: CALL USP_GetCurrencies();
11/11/2012 08:46:58 pm: CALL USP_GetAccounts();
11/11/2012 08:46:58 pm: CALL USP_GetPayees();
11/11/2012 08:46:58 pm: CALL USP_GetCategories();
11/11/2012 08:46:58 pm: CALL USP_GetCategories2();
11/11/2012 08:49:57 pm: CALL USP_GetCategories2();
11/11/2012 08:49:57 pm: CALL USP_GetCategories();
11/11/2012 08:49:57 pm: CALL USP_GetAccounts();
11/11/2012 08:49:57 pm: CALL USP_GetCurrencies();
11/11/2012 08:49:57 pm: CALL USP_GetPayees();
11/11/2012 08:49:58 pm: CALL USP_GetAccounts();
11/11/2012 08:49:58 pm: CALL USP_GetCurrencies();
11/11/2012 08:49:58 pm: CALL USP_GetPayees();
11/11/2012 08:49:58 pm: CALL USP_GetCategories();
11/11/2012 08:49:58 pm: CALL USP_GetCategories2();
11/11/2012 09:01:44 pm: CALL USP_GetCurrencies();
11/11/2012 09:01:44 pm: CALL USP_GetAccounts();
11/11/2012 09:01:44 pm: CALL USP_GetPayees();
11/11/2012 09:01:44 pm: CALL USP_GetCategories();
11/11/2012 09:01:44 pm: CALL USP_GetCategories2();
11/11/2012 09:04:21 pm: CALL USP_GetCurrencies();
11/11/2012 09:04:21 pm: CALL USP_GetAccounts();
11/11/2012 09:04:21 pm: CALL USP_GetPayees();
11/11/2012 09:04:21 pm: CALL USP_GetCategories2();
11/11/2012 09:04:21 pm: CALL USP_GetCategories();
11/11/2012 09:05:03 pm: CALL USP_GetCategories2();
11/11/2012 09:05:03 pm: CALL USP_GetAccounts();
11/11/2012 09:05:03 pm: CALL USP_GetCurrencies();
11/11/2012 09:05:03 pm: CALL USP_GetCategories();
11/11/2012 09:05:03 pm: CALL USP_GetPayees();
11/11/2012 09:06:34 pm: CALL USP_GetCurrencies();
11/11/2012 09:06:34 pm: CALL USP_GetAccounts();
11/11/2012 09:06:34 pm: CALL USP_GetPayees();
11/11/2012 09:06:34 pm: CALL USP_GetCategories2();
11/11/2012 09:06:34 pm: CALL USP_GetCategories();
11/11/2012 09:20:08 pm: CALL USP_GetPayees();
11/11/2012 09:20:08 pm: CALL USP_GetAccounts();
11/11/2012 09:20:08 pm: CALL USP_GetCategories();
11/11/2012 09:20:08 pm: CALL USP_GetCurrencies();
11/11/2012 09:20:08 pm: CALL USP_GetCategories2();
11/11/2012 09:27:32 pm: CALL USP_GetAccounts();
11/11/2012 09:27:32 pm: CALL USP_GetCurrencies();
11/11/2012 09:27:32 pm: CALL USP_GetCategories();
11/11/2012 09:27:32 pm: CALL USP_GetCategories2();
11/11/2012 09:27:32 pm: CALL USP_GetPayees();
11/11/2012 09:28:55 pm: CALL USP_GetCurrencies();
11/11/2012 09:28:55 pm: CALL USP_GetAccounts();
11/11/2012 09:28:55 pm: CALL USP_GetCategories();
11/11/2012 09:28:55 pm: CALL USP_GetPayees();
11/11/2012 09:28:55 pm: CALL USP_GetCategories2();
11/11/2012 09:32:22 pm: CALL USP_GetAccounts ()
11/11/2012 09:32:28 pm: CALL USP_GetAccounts ()
11/11/2012 09:32:32 pm: CALL USP_GetAccounts();
11/11/2012 09:32:32 pm: CALL USP_GetCurrencies();
11/11/2012 09:32:32 pm: CALL USP_GetPayees();
11/11/2012 09:32:32 pm: CALL USP_GetCategories();
11/11/2012 09:32:32 pm: CALL USP_GetCategories2();
11/11/2012 09:40:34 pm: CALL USP_GetCurrencies();
11/11/2012 09:40:34 pm: CALL USP_GetCategories();
11/11/2012 09:40:34 pm: CALL USP_GetPayees();
11/11/2012 09:40:34 pm: CALL USP_GetCategories2();
11/11/2012 09:40:34 pm: CALL USP_GetAccounts();
11/11/2012 09:41:16 pm: CALL USP_GetAccounts();
11/11/2012 09:41:16 pm: CALL USP_GetCurrencies();
11/11/2012 09:41:16 pm: CALL USP_GetPayees();
11/11/2012 09:41:16 pm: CALL USP_GetCategories();
11/11/2012 09:41:16 pm: CALL USP_GetCategories2();
11/11/2012 09:51:38 pm: CALL USP_GetAccounts();
11/11/2012 09:51:38 pm: CALL USP_GetCurrencies();
11/11/2012 09:51:38 pm: CALL USP_GetCategories();
11/11/2012 09:51:38 pm: CALL USP_GetPayees();
11/11/2012 09:51:38 pm: CALL USP_GetCategories2();
11/11/2012 09:53:32 pm: CALL USP_GetCurrencies();
11/11/2012 09:53:32 pm: CALL USP_GetPayees();
11/11/2012 09:53:32 pm: CALL USP_GetCategories();
11/11/2012 09:53:32 pm: CALL USP_GetAccounts();
11/11/2012 09:53:32 pm: CALL USP_GetCategories2();
