12/07/2012 07:12:39 pm: CALL USP_GetCategories2();
12/07/2012 07:12:39 pm: CALL USP_GetPayees();
12/07/2012 07:12:39 pm: CALL USP_GetCurrencies();
12/07/2012 07:12:39 pm: CALL USP_GetCategories();
12/07/2012 07:12:39 pm: CALL USP_GetAccounts();
12/07/2012 07:12:41 pm: CALL USP_GetCurrencies();
12/07/2012 07:12:41 pm: CALL USP_GetCategories();
12/07/2012 07:12:41 pm: CALL USP_GetCategories2();
12/07/2012 07:12:41 pm: CALL USP_GetPayees();
12/07/2012 07:12:41 pm: CALL USP_GetAccounts();
12/07/2012 07:13:14 pm: CALL USP_InsertTransaction('2012-12-06','19','1','1','14','81','187','-20','racket ball with dave');
12/07/2012 07:13:14 pm: CALL USP_InsertTransaction('2012-12-06','19','1','1','14','81','187','-20','racket ball with dave');
12/07/2012 07:13:17 pm: CALL USP_GetAccounts();
12/07/2012 07:13:17 pm: CALL USP_GetCategories();
12/07/2012 07:13:17 pm: CALL USP_GetCurrencies();
12/07/2012 07:13:17 pm: CALL USP_GetCategories2();
12/07/2012 07:13:17 pm: CALL USP_GetPayees();
12/07/2012 07:13:23 pm: CALL USP_GetCurrencies();
12/07/2012 07:13:23 pm: CALL USP_GetAccounts();
12/07/2012 07:13:23 pm: CALL USP_GetPayees();
12/07/2012 07:13:23 pm: CALL USP_GetCategories();
12/07/2012 07:13:23 pm: CALL USP_GetCategories2();
12/07/2012 07:13:25 pm: CALL USP_GetCurrencies();
12/07/2012 07:13:25 pm: CALL USP_GetAccounts();
12/07/2012 07:13:25 pm: CALL USP_GetPayees();
12/07/2012 07:13:25 pm: CALL USP_GetCategories();
12/07/2012 07:13:25 pm: CALL USP_GetCategories2();
12/07/2012 07:13:26 pm: CALL USP_GetPayees();
12/07/2012 07:13:26 pm: CALL USP_GetCategories();
12/07/2012 07:13:26 pm: CALL USP_GetCurrencies();
12/07/2012 07:13:26 pm: CALL USP_GetAccounts();
12/07/2012 07:13:26 pm: CALL USP_GetCategories2();
12/07/2012 07:13:27 pm: CALL USP_GetCurrencies();
12/07/2012 07:13:27 pm: CALL USP_GetPayees();
12/07/2012 07:13:27 pm: CALL USP_GetAccounts();
12/07/2012 07:13:27 pm: CALL USP_GetCategories();
12/07/2012 07:13:27 pm: CALL USP_GetCategories2();
12/07/2012 07:13:28 pm: CALL USP_GetAccounts();
12/07/2012 07:13:28 pm: CALL USP_GetCategories();
12/07/2012 07:13:28 pm: CALL USP_GetCategories2();
12/07/2012 07:13:28 pm: CALL USP_GetCurrencies();
12/07/2012 07:13:28 pm: CALL USP_GetPayees();
12/07/2012 07:13:28 pm: CALL USP_GetAccounts();
12/07/2012 07:13:28 pm: CALL USP_GetCurrencies();
12/07/2012 07:13:28 pm: CALL USP_GetPayees();
12/07/2012 07:13:28 pm: CALL USP_GetCategories();
12/07/2012 07:13:28 pm: CALL USP_GetCategories2();
12/07/2012 07:13:29 pm: CALL USP_GetAccounts();
12/07/2012 07:13:29 pm: CALL USP_GetCurrencies();
12/07/2012 07:13:29 pm: CALL USP_GetPayees();
12/07/2012 07:13:29 pm: CALL USP_GetCategories();
12/07/2012 07:13:29 pm: CALL USP_GetCategories2();
12/07/2012 07:13:29 pm: CALL USP_GetCurrencies();
12/07/2012 07:13:29 pm: CALL USP_GetAccounts();
12/07/2012 07:13:29 pm: CALL USP_GetPayees();
12/07/2012 07:13:29 pm: CALL USP_GetCategories();
12/07/2012 07:13:29 pm: CALL USP_GetCategories2();
12/07/2012 07:13:29 pm: CALL USP_GetCategories();
12/07/2012 07:13:29 pm: CALL USP_GetPayees();
12/07/2012 07:13:29 pm: CALL USP_GetCurrencies();
12/07/2012 07:13:29 pm: CALL USP_GetAccounts();
12/07/2012 07:13:29 pm: CALL USP_GetCategories2();
12/07/2012 07:13:29 pm: CALL USP_GetCurrencies();
12/07/2012 07:13:29 pm: CALL USP_GetAccounts();
12/07/2012 07:13:29 pm: CALL USP_GetPayees();
12/07/2012 07:13:29 pm: CALL USP_GetCategories();
12/07/2012 07:13:29 pm: CALL USP_GetCategories2();
12/07/2012 07:13:30 pm: CALL USP_GetAccounts();
12/07/2012 07:13:30 pm: CALL USP_GetCurrencies();
12/07/2012 07:13:30 pm: CALL USP_GetCategories();
12/07/2012 07:13:30 pm: CALL USP_GetPayees();
12/07/2012 07:13:30 pm: CALL USP_GetCategories2();
12/07/2012 07:27:28 pm: CALL USP_GetAccounts();
12/07/2012 07:27:28 pm: CALL USP_GetCategories();
12/07/2012 07:27:28 pm: CALL USP_GetCurrencies();
12/07/2012 07:27:28 pm: CALL USP_GetPayees();
12/07/2012 07:27:28 pm: CALL USP_GetCategories2();
12/07/2012 09:04:23 pm: CALL USP_GetCurrencies();
12/07/2012 09:04:23 pm: CALL USP_GetAccounts();
12/07/2012 09:04:23 pm: CALL USP_GetPayees();
12/07/2012 09:04:23 pm: CALL USP_GetCategories();
12/07/2012 09:04:23 pm: CALL USP_GetCategories2();
12/07/2012 09:05:29 pm: CALL USP_InsertTransaction('2012-12-07','19','1','1','7','45','218','-45.98','');
12/07/2012 09:05:29 pm: CALL USP_InsertTransaction('2012-12-07','19','1','1','7','45','218','-45.98','');
12/07/2012 09:05:46 pm: CALL USP_GetAccounts();
12/07/2012 09:05:46 pm: CALL USP_GetCurrencies();
12/07/2012 09:05:46 pm: CALL USP_GetPayees();
12/07/2012 09:05:46 pm: CALL USP_GetCategories();
12/07/2012 09:05:46 pm: CALL USP_GetCategories2();
