10/21/2012 02:36:02 pm: CALL USP_GetCurrencies();
10/21/2012 02:36:02 pm: CALL USP_GetPayees();
10/21/2012 02:36:02 pm: CALL USP_GetCategories2();
10/21/2012 02:36:02 pm: CALL USP_GetAccounts();
10/21/2012 02:36:03 pm: CALL USP_GetAccounts();
10/21/2012 02:36:03 pm: CALL USP_GetCategories();
10/21/2012 02:36:03 pm: CALL USP_GetPayees();
10/21/2012 02:36:03 pm: CALL USP_GetCurrencies();
10/21/2012 02:36:03 pm: CALL USP_GetCategories2();
10/21/2012 02:36:09 pm: CALL USP_GetAccounts();
10/21/2012 02:36:09 pm: CALL USP_GetPayees();
10/21/2012 02:36:09 pm: CALL USP_GetCategories2();
10/21/2012 02:36:09 pm: CALL USP_GetCategories();
10/21/2012 02:36:09 pm: CALL USP_GetCurrencies();
10/21/2012 02:36:41 pm: CALL USP_GetAccounts();
10/21/2012 02:36:41 pm: CALL USP_GetPayees();
10/21/2012 02:36:41 pm: CALL USP_GetCategories2();
10/21/2012 02:36:41 pm: CALL USP_GetCategories();
10/21/2012 02:36:41 pm: CALL USP_GetCurrencies();
10/21/2012 02:37:13 pm: CALL USP_InsertTransaction('2012-10-21','11','1','1','7','45','8','-9.49','');
10/21/2012 02:37:13 pm: CALL USP_InsertTransaction('2012-10-21','11','1','1','7','45','8','-9.49','');
10/21/2012 02:37:24 pm: CALL USP_InsertTransaction('2012-10-20','11','1','1','7','45','8','-20.69','');
10/21/2012 02:37:24 pm: CALL USP_InsertTransaction('2012-10-20','11','1','1','7','45','8','-20.69','');
10/21/2012 02:37:46 pm: CALL USP_InsertTransaction('2012-10-20','11','1','1','7','45','123','-11.91','');
10/21/2012 02:37:46 pm: CALL USP_InsertTransaction('2012-10-20','11','1','1','7','45','123','-11.91','');
10/21/2012 02:38:06 pm: CALL USP_InsertTransaction('2012-10-21','11','1','1','11','63','123','-6.99','');
10/21/2012 02:38:06 pm: CALL USP_InsertTransaction('2012-10-21','11','1','1','11','63','123','-6.99','');
10/21/2012 02:38:25 pm: CALL USP_InsertTransaction('2012-10-20','11','1','1','11','63','101','-5.10','');
10/21/2012 02:38:25 pm: CALL USP_InsertTransaction('2012-10-20','11','1','1','11','63','101','-5.10','');
10/21/2012 02:42:27 pm: CALL USP_InsertTransaction('2012-10-21','11','1','1','7','45','8','-8.9','');
10/21/2012 02:42:27 pm: CALL USP_InsertTransaction('2012-10-21','11','1','1','7','45','8','-8.9','');
10/21/2012 02:42:29 pm: CALL USP_GetAccounts();
10/21/2012 02:42:29 pm: CALL USP_GetCurrencies();
10/21/2012 02:42:29 pm: CALL USP_GetCategories();
10/21/2012 02:42:29 pm: CALL USP_GetPayees();
10/21/2012 02:42:29 pm: CALL USP_GetCategories2();
10/21/2012 03:42:14 pm: CALL USP_GetAccounts ()
10/21/2012 05:13:56 pm: CALL USP_GetAccounts();
10/21/2012 05:13:56 pm: CALL USP_GetCategories2();
10/21/2012 05:13:57 pm: CALL USP_GetCategories();
10/21/2012 05:13:57 pm: CALL USP_GetPayees();
10/21/2012 05:13:57 pm: CALL USP_GetCurrencies();
10/21/2012 05:23:18 pm: CALL USP_GetCategories2();
10/21/2012 05:23:18 pm: CALL USP_GetAccounts();
10/21/2012 05:23:19 pm: CALL USP_GetPayees();
10/21/2012 05:23:19 pm: CALL USP_GetCurrencies();
10/21/2012 05:23:19 pm: CALL USP_GetCategories();
10/21/2012 05:26:47 pm: CALL USP_GetAccounts();
10/21/2012 05:26:47 pm: CALL USP_GetCurrencies();
10/21/2012 05:26:47 pm: CALL USP_GetCategories();
10/21/2012 05:26:47 pm: CALL USP_GetCategories2();
10/21/2012 05:26:47 pm: CALL USP_GetPayees();
10/21/2012 05:26:49 pm: CALL USP_GetAccounts();
10/21/2012 05:26:50 pm: CALL USP_GetPayees();
10/21/2012 05:26:50 pm: CALL USP_GetCategories2();
10/21/2012 05:26:50 pm: CALL USP_GetCategories();
10/21/2012 05:26:50 pm: CALL USP_GetCurrencies();
10/21/2012 05:41:49 pm: CALL USP_GetCurrencies();
10/21/2012 05:41:49 pm: CALL USP_GetAccounts();
10/21/2012 05:41:49 pm: CALL USP_GetCategories();
10/21/2012 05:41:49 pm: CALL USP_GetPayees();
10/21/2012 05:41:49 pm: CALL USP_GetCategories2();
10/21/2012 05:43:25 pm: CALL USP_GetAccounts();
10/21/2012 05:43:25 pm: CALL USP_GetCurrencies();
10/21/2012 05:43:25 pm: CALL USP_GetCategories();
10/21/2012 05:43:25 pm: CALL USP_GetCategories2();
10/21/2012 05:43:25 pm: CALL USP_GetPayees();
10/21/2012 05:44:37 pm: CALL USP_GetCurrencies();
10/21/2012 05:44:37 pm: CALL USP_GetPayees();
10/21/2012 05:44:37 pm: CALL USP_GetCategories2();
10/21/2012 05:44:37 pm: CALL USP_GetCategories();
10/21/2012 05:44:37 pm: CALL USP_GetAccounts();
