10/22/2012 10:19:08 am: CALL USP_GetCategories();
10/22/2012 10:19:08 am: CALL USP_GetCategories2();
10/22/2012 10:19:08 am: CALL USP_GetCurrencies();
10/22/2012 10:19:08 am: CALL USP_GetPayees();
10/22/2012 10:26:32 am: CALL USP_GetAccounts();
10/22/2012 10:26:32 am: CALL USP_GetCurrencies();
10/22/2012 10:26:32 am: CALL USP_GetPayees();
10/22/2012 10:26:32 am: CALL USP_GetCategories();
10/22/2012 10:26:32 am: CALL USP_GetCategories2();
10/22/2012 10:26:53 am: CALL USP_InsertTransaction('2012-10-20','6','1','3','23','110','135','-100','');
10/22/2012 10:26:53 am: CALL USP_InsertTransaction('2012-10-20','6','1','3','23','110','135','-100','');
10/22/2012 10:26:53 am: CALL USP_InsertTransaction('2012-10-20','11','1','3','23','110','135','100','');
10/22/2012 10:26:53 am: CALL USP_InsertTransaction('2012-10-20','11','1','3','23','110','135','100','');
10/22/2012 10:30:58 am: CALL USP_InsertTransaction('2012-10-20','6','1','1','14','76','187','-9.52','The Piano Guys album');
10/22/2012 10:30:58 am: CALL USP_InsertTransaction('2012-10-20','6','1','1','14','76','187','-9.52','The Piano Guys album');
10/22/2012 10:31:44 am: CALL USP_InsertTransaction('2012-10-20','6','1','1','20','93','89','-.25','Office App');
10/22/2012 10:31:44 am: CALL USP_InsertTransaction('2012-10-20','6','1','1','20','93','89','-.25','Office App');
10/22/2012 10:31:58 am: CALL USP_GetAccounts();
10/22/2012 10:31:58 am: CALL USP_GetCurrencies();
10/22/2012 10:31:58 am: CALL USP_GetPayees();
10/22/2012 10:31:58 am: CALL USP_GetCategories2();
10/22/2012 10:31:58 am: CALL USP_GetCategories();
10/22/2012 10:38:53 am: CALL USP_GetAccounts();
10/22/2012 10:38:53 am: CALL USP_GetCurrencies();
10/22/2012 10:38:53 am: CALL USP_GetCategories();
10/22/2012 10:38:53 am: CALL USP_GetPayees();
10/22/2012 10:38:53 am: CALL USP_GetCategories2();
10/22/2012 10:45:04 am: CALL USP_GetCurrencies();
10/22/2012 10:45:04 am: CALL USP_GetAccounts();
10/22/2012 10:45:04 am: CALL USP_GetCategories();
10/22/2012 10:45:04 am: CALL USP_GetPayees();
10/22/2012 10:45:04 am: CALL USP_GetCategories2();
10/22/2012 10:45:35 am: CALL USP_InsertTransaction('2012-10-05','6','1','1','2','17','16','-8.52','');
10/22/2012 10:45:35 am: CALL USP_InsertTransaction('2012-10-05','6','1','1','2','17','16','-8.52','');
10/22/2012 10:45:38 am: CALL USP_GetAccounts();
10/22/2012 10:45:38 am: CALL USP_GetCurrencies();
10/22/2012 10:45:38 am: CALL USP_GetPayees();
10/22/2012 10:45:38 am: CALL USP_GetCategories2();
10/22/2012 10:45:38 am: CALL USP_GetCategories();
10/22/2012 10:47:11 am: CALL USP_GetAccounts();
10/22/2012 10:47:11 am: CALL USP_GetPayees();
10/22/2012 10:47:11 am: CALL USP_GetCurrencies();
10/22/2012 10:47:11 am: CALL USP_GetCategories();
10/22/2012 10:47:11 am: CALL USP_GetCategories2();
10/22/2012 10:47:17 am: CALL USP_InsertTransaction('2012-10-05','6','1','1','2','17','16','-9.12','');
10/22/2012 10:47:17 am: CALL USP_InsertTransaction('2012-10-05','6','1','1','2','17','16','-9.12','');
10/22/2012 10:47:21 am: CALL USP_GetAccounts();
10/22/2012 10:47:21 am: CALL USP_GetCurrencies();
10/22/2012 10:47:21 am: CALL USP_GetPayees();
10/22/2012 10:47:21 am: CALL USP_GetCategories();
10/22/2012 10:47:21 am: CALL USP_GetCategories2();
10/22/2012 10:48:28 am: CALL USP_GetCurrencies();
10/22/2012 10:48:28 am: CALL USP_GetPayees();
10/22/2012 10:48:28 am: CALL USP_GetAccounts();
10/22/2012 10:48:28 am: CALL USP_GetCategories();
10/22/2012 10:48:28 am: CALL USP_GetCategories2();
10/22/2012 10:48:52 am: CALL USP_InsertTransaction('2012-10-22','1','1','1','25','123','135','-6.01','Rebalance account');
10/22/2012 10:48:52 am: CALL USP_InsertTransaction('2012-10-22','1','1','1','25','123','135','-6.01','Rebalance account');
10/22/2012 10:48:59 am: CALL USP_GetCurrencies();
10/22/2012 10:48:59 am: CALL USP_GetPayees();
10/22/2012 10:48:59 am: CALL USP_GetCategories();
10/22/2012 10:48:59 am: CALL USP_GetCategories2();
10/22/2012 10:48:59 am: CALL USP_GetAccounts();
10/22/2012 10:49:00 am: CALL USP_GetCurrencies();
10/22/2012 10:49:00 am: CALL USP_GetCategories2();
10/22/2012 10:49:00 am: CALL USP_GetAccounts();
10/22/2012 10:49:00 am: CALL USP_GetPayees();
10/22/2012 10:49:00 am: CALL USP_GetCategories();
10/22/2012 10:49:17 am: CALL USP_GetAccounts();
10/22/2012 10:49:17 am: CALL USP_GetCurrencies();
10/22/2012 10:49:17 am: CALL USP_GetPayees();
10/22/2012 10:49:17 am: CALL USP_GetCategories();
10/22/2012 10:49:17 am: CALL USP_GetCategories2();
10/22/2012 10:49:20 am: CALL USP_GetPayees();
10/22/2012 10:49:20 am: CALL USP_GetCategories();
10/22/2012 10:49:20 am: CALL USP_GetAccounts();
10/22/2012 10:49:20 am: CALL USP_GetCurrencies();
10/22/2012 10:49:20 am: CALL USP_GetCategories2();
10/22/2012 10:49:22 am: CALL USP_GetAccounts();
10/22/2012 10:49:22 am: CALL USP_GetPayees();
10/22/2012 10:49:22 am: CALL USP_GetCurrencies();
10/22/2012 10:49:22 am: CALL USP_GetCategories2();
10/22/2012 10:49:22 am: CALL USP_GetCategories();
