12/17/2012 01:45:49 pm: CALL USP_GetCategories2();
12/17/2012 01:45:49 pm: CALL USP_GetPayees();
12/17/2012 01:45:49 pm: CALL USP_GetCategories();
12/17/2012 01:45:49 pm: CALL USP_GetCurrencies();
12/17/2012 01:45:49 pm: CALL USP_GetAccounts();
12/17/2012 01:46:25 pm: CALL USP_GetCurrencies();
12/17/2012 01:46:25 pm: CALL USP_GetAccounts();
12/17/2012 01:46:25 pm: CALL USP_GetCategories();
12/17/2012 01:46:25 pm: CALL USP_GetCategories2();
12/17/2012 01:46:25 pm: CALL USP_GetPayees();
12/17/2012 01:46:32 pm: CALL USP_GetAccounts();
12/17/2012 01:46:32 pm: CALL USP_GetCurrencies();
12/17/2012 01:46:32 pm: CALL USP_GetPayees();
12/17/2012 01:46:32 pm: CALL USP_GetCategories();
12/17/2012 01:46:32 pm: CALL USP_GetCategories2();
12/17/2012 01:46:57 pm: CALL USP_InsertPayee ('Dentist');
12/17/2012 01:46:57 pm: CALL USP_GetPayees ()
12/17/2012 01:46:57 pm: CALL USP_GetPayees();
12/17/2012 01:47:06 pm: CALL USP_GetCurrencies();
12/17/2012 01:47:06 pm: CALL USP_GetAccounts();
12/17/2012 01:47:06 pm: CALL USP_GetCategories();
12/17/2012 01:47:06 pm: CALL USP_GetPayees();
12/17/2012 01:47:06 pm: CALL USP_GetCategories2();
12/17/2012 01:47:10 pm: CALL USP_GetCategories2();
12/17/2012 01:47:10 pm: CALL USP_GetAccounts();
12/17/2012 01:47:10 pm: CALL USP_GetCategories();
12/17/2012 01:47:10 pm: CALL USP_GetPayees();
12/17/2012 01:47:10 pm: CALL USP_GetCurrencies();
12/17/2012 01:47:36 pm: CALL USP_InsertTransaction('2012-12-17','19','1','1','9','49','223','-251','tooth pulled');
12/17/2012 01:47:36 pm: CALL USP_InsertTransaction('2012-12-17','19','1','1','9','49','223','-251','tooth pulled');
12/17/2012 01:47:42 pm: CALL USP_GetCategories2();
12/17/2012 01:47:42 pm: CALL USP_GetAccounts();
12/17/2012 01:47:42 pm: CALL USP_GetCategories();
12/17/2012 01:47:42 pm: CALL USP_GetCurrencies();
12/17/2012 01:47:42 pm: CALL USP_GetPayees();
12/17/2012 01:51:58 pm: CALL USP_GetCategories2();
12/17/2012 01:51:58 pm: CALL USP_GetCurrencies();
12/17/2012 01:51:58 pm: CALL USP_GetCategories();
12/17/2012 01:51:58 pm: CALL USP_GetPayees();
12/17/2012 01:51:58 pm: CALL USP_GetAccounts();
12/17/2012 01:52:10 pm: CALL USP_GetAccounts();
12/17/2012 01:52:10 pm: CALL USP_GetCurrencies();
12/17/2012 01:52:10 pm: CALL USP_GetPayees();
12/17/2012 01:52:10 pm: CALL USP_GetCategories2();
12/17/2012 01:52:10 pm: CALL USP_GetCategories();
12/17/2012 01:52:25 pm: CALL USP_InsertPayee ('Pharmacy');
12/17/2012 01:52:25 pm: CALL USP_GetPayees ()
12/17/2012 01:52:25 pm: CALL USP_GetPayees();
12/17/2012 01:52:29 pm: CALL USP_GetCurrencies();
12/17/2012 01:52:29 pm: CALL USP_GetPayees();
12/17/2012 01:52:29 pm: CALL USP_GetCategories2();
12/17/2012 01:52:29 pm: CALL USP_GetAccounts();
12/17/2012 01:52:29 pm: CALL USP_GetCategories();
12/17/2012 01:52:30 pm: CALL USP_GetCurrencies();
12/17/2012 01:52:30 pm: CALL USP_GetCategories2();
12/17/2012 01:52:30 pm: CALL USP_GetAccounts();
12/17/2012 01:52:30 pm: CALL USP_GetCategories();
12/17/2012 01:52:30 pm: CALL USP_GetPayees();
12/17/2012 01:52:52 pm: CALL USP_InsertTransaction('2012-12-17','19','1','1','9','49','224','-3.27','aleve');
12/17/2012 01:52:52 pm: CALL USP_InsertTransaction('2012-12-17','19','1','1','9','49','224','-3.27','aleve');
12/17/2012 01:53:07 pm: CALL USP_GetCurrencies();
12/17/2012 01:53:07 pm: CALL USP_GetCategories();
12/17/2012 01:53:07 pm: CALL USP_GetCategories2();
12/17/2012 01:53:07 pm: CALL USP_GetAccounts();
12/17/2012 01:53:07 pm: CALL USP_GetPayees();
12/17/2012 01:53:24 pm: CALL USP_InsertPayee ('Frys Food shop');
12/17/2012 01:53:24 pm: CALL USP_GetPayees ()
12/17/2012 01:53:24 pm: CALL USP_GetPayees();
12/17/2012 01:53:28 pm: CALL USP_GetAccounts();
12/17/2012 01:53:28 pm: CALL USP_GetCategories();
12/17/2012 01:53:28 pm: CALL USP_GetCurrencies();
12/17/2012 01:53:28 pm: CALL USP_GetCategories2();
12/17/2012 01:53:28 pm: CALL USP_GetPayees();
12/17/2012 01:53:59 pm: CALL USP_InsertTransaction('2012-12-17','19','1','1','7','45','225','-6.1','');
12/17/2012 01:53:59 pm: CALL USP_InsertTransaction('2012-12-17','19','1','1','7','45','225','-6.1','');
12/17/2012 01:54:02 pm: CALL USP_GetCurrencies();
12/17/2012 01:54:02 pm: CALL USP_GetAccounts();
12/17/2012 01:54:02 pm: CALL USP_GetPayees();
12/17/2012 01:54:02 pm: CALL USP_GetCategories2();
12/17/2012 01:54:02 pm: CALL USP_GetCategories();
12/17/2012 01:54:02 pm: CALL USP_GetAccounts();
12/17/2012 01:54:02 pm: CALL USP_GetCurrencies();
12/17/2012 01:54:02 pm: CALL USP_GetPayees();
12/17/2012 01:54:02 pm: CALL USP_GetCategories();
12/17/2012 01:54:02 pm: CALL USP_GetCategories2();
12/17/2012 01:54:40 pm: CALL USP_GetCurrencies();
12/17/2012 01:54:40 pm: CALL USP_GetAccounts();
12/17/2012 01:54:40 pm: CALL USP_GetPayees();
12/17/2012 01:54:40 pm: CALL USP_GetCategories2();
12/17/2012 01:54:40 pm: CALL USP_GetCategories();
12/17/2012 02:18:45 pm: CALL USP_GetCategories();
12/17/2012 02:18:45 pm: CALL USP_GetAccounts();
12/17/2012 02:18:45 pm: CALL USP_GetCategories2();
12/17/2012 02:18:45 pm: CALL USP_GetPayees();
12/17/2012 02:18:45 pm: CALL USP_GetCurrencies();
12/17/2012 02:19:16 pm: CALL USP_GetCurrencies();
12/17/2012 02:19:16 pm: CALL USP_GetAccounts();
12/17/2012 02:19:16 pm: CALL USP_GetPayees();
12/17/2012 02:19:16 pm: CALL USP_GetCategories2();
12/17/2012 02:19:16 pm: CALL USP_GetCategories();
12/17/2012 02:23:54 pm: CALL USP_GetAccounts();
12/17/2012 02:23:54 pm: CALL USP_GetCurrencies();
12/17/2012 02:23:54 pm: CALL USP_GetCategories();
12/17/2012 02:23:54 pm: CALL USP_GetCategories2();
12/17/2012 02:23:55 pm: CALL USP_GetPayees();
12/17/2012 02:24:39 pm: CALL USP_GetPayees();
12/17/2012 02:24:39 pm: CALL USP_GetCategories();
12/17/2012 02:24:39 pm: CALL USP_GetCategories2();
12/17/2012 02:24:39 pm: CALL USP_GetCurrencies();
12/17/2012 02:24:39 pm: CALL USP_GetAccounts();
12/17/2012 02:29:12 pm: CALL USP_GetAccounts();
12/17/2012 02:29:12 pm: CALL USP_GetCurrencies();
12/17/2012 02:29:12 pm: CALL USP_GetPayees();
12/17/2012 02:29:12 pm: CALL USP_GetCategories();
12/17/2012 02:29:12 pm: CALL USP_GetCategories2();
12/17/2012 02:29:39 pm: CALL USP_InsertTransaction('2012-12-11','19','1','1','7','45','218','-28.45','');
12/17/2012 02:29:39 pm: CALL USP_InsertTransaction('2012-12-11','19','1','1','7','45','218','-28.45','');
12/17/2012 02:29:41 pm: CALL USP_GetCurrencies();
12/17/2012 02:29:41 pm: CALL USP_GetAccounts();
12/17/2012 02:29:41 pm: CALL USP_GetPayees();
12/17/2012 02:29:41 pm: CALL USP_GetCategories();
12/17/2012 02:29:41 pm: CALL USP_GetCategories2();
12/17/2012 02:30:32 pm: CALL USP_GetCurrencies();
12/17/2012 02:30:32 pm: CALL USP_GetAccounts();
12/17/2012 02:30:32 pm: CALL USP_GetPayees();
12/17/2012 02:30:32 pm: CALL USP_GetCategories();
12/17/2012 02:30:32 pm: CALL USP_GetCategories2();
12/17/2012 02:31:18 pm: CALL USP_InsertTransaction('2012-12-11','19','1','1','8','47','187','-.92','Gift to Savannah & Cheyanne');
12/17/2012 02:31:18 pm: CALL USP_InsertTransaction('2012-12-11','19','1','1','8','47','187','-.92','Gift to Savannah & Cheyanne');
12/17/2012 02:31:20 pm: CALL USP_GetCurrencies();
12/17/2012 02:31:20 pm: CALL USP_GetPayees();
12/17/2012 02:31:20 pm: CALL USP_GetCategories();
12/17/2012 02:31:20 pm: CALL USP_GetCategories2();
12/17/2012 02:31:20 pm: CALL USP_GetAccounts();
12/17/2012 02:31:28 pm: CALL USP_GetAccounts();
12/17/2012 02:31:28 pm: CALL USP_GetCategories();
12/17/2012 02:31:28 pm: CALL USP_GetCurrencies();
12/17/2012 02:31:28 pm: CALL USP_GetPayees();
12/17/2012 02:31:28 pm: CALL USP_GetCategories2();
12/17/2012 02:31:54 pm: CALL USP_InsertTransaction('2012-12-11','19','1','1','25','123','135','-4.68','Rebalance account');
12/17/2012 02:31:54 pm: CALL USP_InsertTransaction('2012-12-11','19','1','1','25','123','135','-4.68','Rebalance account');
12/17/2012 02:31:56 pm: CALL USP_GetPayees();
12/17/2012 02:31:56 pm: CALL USP_GetAccounts();
12/17/2012 02:31:56 pm: CALL USP_GetCategories();
12/17/2012 02:31:56 pm: CALL USP_GetCategories2();
12/17/2012 02:31:56 pm: CALL USP_GetCurrencies();
12/17/2012 02:32:00 pm: CALL USP_GetCurrencies();
12/17/2012 02:32:00 pm: CALL USP_GetPayees();
12/17/2012 02:32:00 pm: CALL USP_GetAccounts();
12/17/2012 02:32:00 pm: CALL USP_GetCategories();
12/17/2012 02:32:00 pm: CALL USP_GetCategories2();
12/17/2012 02:32:01 pm: CALL USP_GetAccounts();
12/17/2012 02:32:01 pm: CALL USP_GetCurrencies();
12/17/2012 02:32:01 pm: CALL USP_GetCategories();
12/17/2012 02:32:01 pm: CALL USP_GetPayees();
12/17/2012 02:32:01 pm: CALL USP_GetCategories2();
12/17/2012 02:32:02 pm: CALL USP_GetCategories2();
12/17/2012 02:32:02 pm: CALL USP_GetCurrencies();
12/17/2012 02:32:02 pm: CALL USP_GetCategories();
12/17/2012 02:32:02 pm: CALL USP_GetPayees();
12/17/2012 02:32:02 pm: CALL USP_GetAccounts();
12/17/2012 05:57:47 pm: CALL USP_GetCurrencies();
12/17/2012 05:57:47 pm: CALL USP_GetAccounts();
12/17/2012 05:57:47 pm: CALL USP_GetCategories();
12/17/2012 05:57:47 pm: CALL USP_GetCategories2();
12/17/2012 05:57:47 pm: CALL USP_GetPayees();
12/17/2012 05:57:50 pm: CALL USP_GetCurrencies();
12/17/2012 05:57:50 pm: CALL USP_GetAccounts();
12/17/2012 05:57:50 pm: CALL USP_GetPayees();
12/17/2012 05:57:50 pm: CALL USP_GetCategories2();
12/17/2012 05:57:50 pm: CALL USP_GetCategories();
12/17/2012 05:59:36 pm: CALL USP_InsertTransaction('2012-12-17','19','1','1','9','49','221','-2.82','Sponges for medical care');
12/17/2012 05:59:36 pm: CALL USP_InsertTransaction('2012-12-17','19','1','1','9','49','221','-2.82','Sponges for medical care');
