07/17/2012 08:51:03 am: CALL USP_GetNumberOfRowsUsingFilters_Transactions (1,null,null,null,null,null,'1990-01-01','2100-01-01');
07/17/2012 08:51:03 am: call USP_GetTransactions(0,20,1,null,null,null,null,null,'1990-01-01','2100-01-01');
07/17/2012 11:35:32 am: CALL USP_InsertAccount (2,'test2');
07/17/2012 11:37:17 am: CALL USP_InsertAccount (2,'test2');
07/17/2012 11:43:10 am: CALL USP_InsertAccount (2,'test2');
07/17/2012 11:47:17 am: CALL USP_InsertAccount (2,'test2');
07/17/2012 01:04:45 pm: CALL USP_InsertAccount (2,'test2');
07/17/2012 01:05:55 pm: CALL USP_InsertAccount (2,'test2');
07/17/2012 01:06:38 pm: CALL USP_InsertAccount (2,'test2');
07/17/2012 01:07:21 pm: CALL USP_InsertAccount (2,'test2');
07/17/2012 01:09:23 pm: CALL USP_InsertAccount (2,'test2');
07/17/2012 01:12:51 pm: CALL USP_InsertAccount (2,'test2');
07/17/2012 01:13:26 pm: CALL USP_InsertAccount (2,'test2');
07/17/2012 01:16:05 pm: CALL USP_InsertAccount (2,'test2');
07/17/2012 01:17:55 pm: CALL USP_InsertAccount (2,'test2');
07/17/2012 01:20:46 pm: CALL USP_InsertAccount (2,'test2');
07/17/2012 01:21:34 pm: CALL USP_InsertAccount (2,'test2');
07/17/2012 02:40:52 pm: CALL USP_InsertAccount (2,'test2');
07/17/2012 02:41:29 pm: CALL USP_InsertAccount (2,'test2');
07/17/2012 02:54:26 pm: CALL USP_InsertAccount (2,'test2');
07/17/2012 02:54:27 pm: CALL USP_InsertAccount (2,'test2');
07/17/2012 02:55:44 pm: CALL USP_InsertAccount (2,'test2');
07/17/2012 03:00:57 pm: CALL USP_InsertAccount (2,'test2');
07/17/2012 03:02:30 pm: CALL USP_InsertAccount (2,'test2');
07/17/2012 03:04:04 pm: CALL USP_InsertAccount (2,'test2');
07/17/2012 03:04:56 pm: CALL USP_InsertAccount (2,'test2');
07/17/2012 03:05:32 pm: CALL USP_InsertAccount (2,'test2');
07/17/2012 03:15:27 pm: CALL USP_InsertAccount (2,'test2');
07/17/2012 03:19:21 pm: CALL USP_InsertAccount (2,'test2');
07/17/2012 03:32:21 pm: CALL USP_InsertTransaction('2012-07-17','11','1','1','7','45','8','-.89','');
07/17/2012 03:32:29 pm: CALL USP_InsertTransaction('2012-07-17','11','1','1','7','45','8','-.89','');
07/17/2012 07:33:32 pm: CALL USP_InsertTransaction('2012-07-17','11','1','1','1','11','197','-60','New Bottom bracket');
07/17/2012 09:33:24 pm: CALL USP_InsertTransaction('2012-07-17','11','1','2','1','13','187','35','Shimano Tiagra 4650 Chainset');
07/17/2012 09:34:34 pm: CALL USP_InsertTransaction('1970-01-01','11','1','2','1','13','187','35','Shimano Tiagra 4650 Chainset');
07/17/2012 09:36:34 pm: CALL USP_InsertTransaction('1970-01-01','11','1','2','1','13','187','35','Shimano Tiagra 4650 Chainset');
07/17/2012 09:36:34 pm: CALL USP_InsertTransaction('1970-01-01','11','1','2','1','13','187','35','Shimano Tiagra 4650 Chainset');
07/17/2012 09:38:08 pm: CALL USP_InsertTransaction('1970-01-01','11','1','2','1','13','187','35','Shimano Tiagra 4650 Chainset');
07/17/2012 09:38:08 pm: CALL USP_InsertTransaction('1970-01-01','11','1','2','1','13','187','35','Shimano Tiagra 4650 Chainset');
07/17/2012 09:39:23 pm: CALL USP_InsertTransaction('1970-01-01','11','1','2','1','13','187','35','Shimano Tiagra 4650 Chainset');
07/17/2012 09:39:23 pm: CALL USP_InsertTransaction('1970-01-01','11','1','2','1','13','187','35','Shimano Tiagra 4650 Chainset');
07/17/2012 10:09:54 pm: CALL USP_InsertTransaction('1970-01-01','11','1','1','25','123','135','0','');
07/17/2012 10:09:54 pm: CALL USP_InsertTransaction('1970-01-01','11','1','1','25','123','135','0','');
07/17/2012 10:10:29 pm: CALL USP_InsertTransaction('1970-01-01','11','1','1','25','123','0','0','');
07/17/2012 10:12:18 pm: CALL USP_InsertTransaction('1970-01-01','11','1','2','0','0','0','Enter Amount','');
07/17/2012 10:12:32 pm: CALL USP_InsertTransaction('1970-01-01','0','1','0','0','0','0','Enter Amount','');
07/17/2012 10:18:01 pm: CALL USP_InsertTransaction('1970-01-01','0','1','0','0','0','0','Enter Amount','');
07/17/2012 10:23:29 pm: CALL USP_InsertTransaction('1970-01-01','0','1','0','0','0','0','Enter Amount','');
07/17/2012 10:23:31 pm: CALL USP_InsertTransaction('1970-01-01','0','1','0','0','0','0','Enter Amount','');
07/17/2012 10:23:32 pm: CALL USP_InsertTransaction('1970-01-01','0','1','0','0','0','0','Enter Amount','');
07/17/2012 10:23:32 pm: CALL USP_InsertTransaction('1970-01-01','0','1','0','0','0','0','Enter Amount','');
07/17/2012 10:23:32 pm: CALL USP_InsertTransaction('1970-01-01','0','1','0','0','0','0','Enter Amount','');
07/17/2012 10:23:32 pm: CALL USP_InsertTransaction('1970-01-01','0','1','0','0','0','0','Enter Amount','');
07/17/2012 10:26:10 pm: CALL USP_InsertTransaction('1970-01-01','0','1','0','0','0','0','Enter Amount','');
07/17/2012 10:33:44 pm: CALL USP_GetNumberOfRowsUsingFilters_Transactions (1,null,null,null,null,null,'1990-01-01','2100-01-01');
07/17/2012 10:33:44 pm: call USP_GetTransactions(0,20,1,null,null,null,null,null,'1990-01-01','2100-01-01');
07/17/2012 10:34:08 pm: CALL USP_InsertTransaction('1970-01-01','1','1','2','25','123','135','0','');
07/17/2012 10:34:08 pm: CALL USP_InsertTransaction('1970-01-01','1','1','2','25','123','135','0','');
07/17/2012 10:35:14 pm: CALL USP_InsertTransaction('1970-01-01','1','1','3','25','123','135','0','');
07/17/2012 10:35:14 pm: CALL USP_InsertTransaction('1970-01-01','1','1','3','25','123','135','0','');
07/17/2012 10:35:14 pm: CALL USP_InsertTransaction('1970-01-01','1','1','3','25','123','135','0','');
07/17/2012 10:35:14 pm: CALL USP_InsertTransaction('1970-01-01','1','1','3','25','123','135','0','');
07/17/2012 10:36:06 pm: CALL USP_InsertTransaction('1970-01-01','1','1','3','25','123','135','0','');
07/17/2012 10:36:06 pm: CALL USP_InsertTransaction('1970-01-01','1','1','3','25','123','135','0','');
07/17/2012 10:36:06 pm: CALL USP_InsertTransaction('1970-01-01','1','1','3','25','123','135','0','');
07/17/2012 10:36:06 pm: CALL USP_InsertTransaction('1970-01-01','1','1','3','25','123','135','0','');
07/17/2012 10:47:59 pm: CALL USP_GetNumberOfRowsUsingFilters_Transactions (1,null,null,null,null,null,'1990-01-01','2100-01-01');
07/17/2012 10:47:59 pm: call USP_GetTransactions(0,20,1,null,null,null,null,null,'1990-01-01','2100-01-01');
