09/04/2012 07:28:17 pm: CALL USP_GetAccounts();
09/04/2012 07:28:17 pm: CALL USP_GetCurrencies();
09/04/2012 07:28:17 pm: CALL USP_GetCategories();
09/04/2012 07:28:17 pm: CALL USP_GetCategories2();
09/04/2012 07:28:17 pm: CALL USP_GetPayees();
09/04/2012 07:46:41 pm: CALL USP_GetCurrencies();
09/04/2012 07:46:41 pm: CALL USP_GetAccounts();
09/04/2012 07:46:41 pm: CALL USP_GetCategories();
09/04/2012 07:46:41 pm: CALL USP_GetCategories2();
09/04/2012 07:46:41 pm: CALL USP_GetPayees();
09/04/2012 07:50:44 pm: CALL USP_GetAccounts();
09/04/2012 07:50:44 pm: CALL USP_GetCurrencies();
09/04/2012 07:50:44 pm: CALL USP_GetCategories();
09/04/2012 07:50:44 pm: CALL USP_GetPayees();
09/04/2012 07:50:44 pm: CALL USP_GetCategories2();
09/04/2012 07:50:54 pm: CALL USP_GetAccounts();
09/04/2012 07:50:54 pm: CALL USP_GetCurrencies();
09/04/2012 07:50:54 pm: CALL USP_GetCategories();
09/04/2012 07:50:54 pm: CALL USP_GetCategories2();
09/04/2012 07:50:54 pm: CALL USP_GetPayees();
09/04/2012 07:51:15 pm: CALL USP_GetAccounts();
09/04/2012 07:51:15 pm: CALL USP_GetCategories();
09/04/2012 07:51:15 pm: CALL USP_GetCurrencies();
09/04/2012 07:51:15 pm: CALL USP_GetPayees();
09/04/2012 07:51:15 pm: CALL USP_GetCategories2();
09/04/2012 07:51:33 pm: CALL USP_GetAccounts();
09/04/2012 07:51:33 pm: CALL USP_GetCurrencies();
09/04/2012 07:51:33 pm: CALL USP_GetCategories();
09/04/2012 07:51:33 pm: CALL USP_GetPayees();
09/04/2012 07:51:33 pm: CALL USP_GetCategories2();
09/04/2012 07:52:02 pm: CALL USP_GetPayees();
09/04/2012 07:52:02 pm: CALL USP_GetAccounts();
09/04/2012 07:52:02 pm: CALL USP_GetCategories2();
09/04/2012 07:52:02 pm: CALL USP_GetCurrencies();
09/04/2012 07:52:02 pm: CALL USP_GetCategories();
09/04/2012 07:52:14 pm: CALL USP_GetCategories();
09/04/2012 07:52:14 pm: CALL USP_GetAccounts();
09/04/2012 07:52:14 pm: CALL USP_GetCurrencies();
09/04/2012 07:52:14 pm: CALL USP_GetPayees();
09/04/2012 07:52:14 pm: CALL USP_GetCategories2();
09/04/2012 08:04:17 pm: CALL USP_GetPayees();
09/04/2012 08:04:17 pm: CALL USP_GetAccounts();
09/04/2012 08:04:17 pm: CALL USP_GetCategories();
09/04/2012 08:04:17 pm: CALL USP_GetCurrencies();
09/04/2012 08:04:17 pm: CALL USP_GetCategories2();
09/04/2012 08:11:42 pm: CALL USP_GetAccounts();
09/04/2012 08:11:42 pm: CALL USP_GetCurrencies();
09/04/2012 08:11:42 pm: CALL USP_GetPayees();
09/04/2012 08:11:42 pm: CALL USP_GetCategories();
09/04/2012 08:11:43 pm: CALL USP_GetCategories2();
09/04/2012 08:14:54 pm: CALL USP_GetAccounts();
09/04/2012 08:14:54 pm: CALL USP_GetCurrencies();
09/04/2012 08:14:54 pm: CALL USP_GetPayees();
09/04/2012 08:14:54 pm: CALL USP_GetCategories();
09/04/2012 08:14:54 pm: CALL USP_GetCategories2();
