11/16/2012 04:14:23 pm: CALL USP_GetCategories();
11/16/2012 04:14:23 pm: CALL USP_GetCurrencies();
11/16/2012 04:14:23 pm: CALL USP_GetPayees();
11/16/2012 04:14:23 pm: CALL USP_GetAccounts();
11/16/2012 04:14:23 pm: CALL USP_GetCategories2();
11/16/2012 04:17:23 pm: CALL USP_GetAccounts();
11/16/2012 04:17:23 pm: CALL USP_GetCurrencies();
11/16/2012 04:17:23 pm: CALL USP_GetPayees();
11/16/2012 04:17:23 pm: CALL USP_GetCategories();
11/16/2012 04:17:23 pm: CALL USP_GetCategories2();
11/16/2012 04:17:48 pm: CALL USP_GetAccounts();
11/16/2012 04:17:48 pm: CALL USP_GetCurrencies();
11/16/2012 04:17:48 pm: CALL USP_GetPayees();
11/16/2012 04:17:48 pm: CALL USP_GetCategories();
11/16/2012 04:17:48 pm: CALL USP_GetCategories2();
11/16/2012 04:18:30 pm: CALL USP_GetAccounts();
11/16/2012 04:18:30 pm: CALL USP_GetPayees();
11/16/2012 04:18:30 pm: CALL USP_GetCategories();
11/16/2012 04:18:30 pm: CALL USP_GetCurrencies();
11/16/2012 04:18:30 pm: CALL USP_GetCategories2();
11/16/2012 04:22:05 pm: CALL USP_GetAccounts();
11/16/2012 04:22:05 pm: CALL USP_GetCurrencies();
11/16/2012 04:22:05 pm: CALL USP_GetPayees();
11/16/2012 04:22:05 pm: CALL USP_GetCategories();
11/16/2012 04:22:05 pm: CALL USP_GetCategories2();
11/16/2012 04:23:38 pm: CALL USP_GetCurrencies();
11/16/2012 04:23:38 pm: CALL USP_GetAccounts();
11/16/2012 04:23:38 pm: CALL USP_GetPayees();
11/16/2012 04:23:38 pm: CALL USP_GetCategories();
11/16/2012 04:23:38 pm: CALL USP_GetCategories2();
11/16/2012 04:26:47 pm: CALL USP_GetAccounts();
11/16/2012 04:26:47 pm: CALL USP_GetCurrencies();
11/16/2012 04:26:47 pm: CALL USP_GetPayees();
11/16/2012 04:26:47 pm: CALL USP_GetCategories();
11/16/2012 04:26:47 pm: CALL USP_GetCategories2();
11/16/2012 04:27:40 pm: CALL USP_GetCurrencies();
11/16/2012 04:27:40 pm: CALL USP_GetCategories2();
11/16/2012 04:27:40 pm: CALL USP_GetAccounts();
11/16/2012 04:27:40 pm: CALL USP_GetPayees();
11/16/2012 04:27:40 pm: CALL USP_GetCategories();
11/16/2012 04:28:18 pm: CALL USP_GetPayees();
11/16/2012 04:28:18 pm: CALL USP_GetAccounts();
11/16/2012 04:28:18 pm: CALL USP_GetCurrencies();
11/16/2012 04:28:18 pm: CALL USP_GetCategories2();
11/16/2012 04:28:18 pm: CALL USP_GetCategories();
11/16/2012 04:28:28 pm: CALL USP_GetAccounts();
11/16/2012 04:28:28 pm: CALL USP_GetCurrencies();
11/16/2012 04:28:28 pm: CALL USP_GetPayees();
11/16/2012 04:28:28 pm: CALL USP_GetCategories2();
11/16/2012 04:28:28 pm: CALL USP_GetCategories();
11/16/2012 04:28:28 pm: CALL USP_GetCategories2();
11/16/2012 04:28:28 pm: CALL USP_GetCurrencies();
11/16/2012 04:28:28 pm: CALL USP_GetAccounts();
11/16/2012 04:28:28 pm: CALL USP_GetCategories();
11/16/2012 04:28:28 pm: CALL USP_GetPayees();
11/16/2012 04:28:29 pm: CALL USP_GetAccounts();
11/16/2012 04:28:29 pm: CALL USP_GetCategories();
11/16/2012 04:28:29 pm: CALL USP_GetPayees();
11/16/2012 04:28:29 pm: CALL USP_GetCurrencies();
11/16/2012 04:28:29 pm: CALL USP_GetCategories2();
11/16/2012 04:28:44 pm: CALL USP_InsertTransaction('2012-11-16','1','1','2','11','60','20','60','refund DIY work');
11/16/2012 04:28:44 pm: CALL USP_InsertTransaction('2012-11-16','1','1','2','11','60','20','60','refund DIY work');
11/16/2012 04:28:46 pm: CALL USP_GetAccounts();
11/16/2012 04:28:46 pm: CALL USP_GetCurrencies();
11/16/2012 04:28:46 pm: CALL USP_GetCategories();
11/16/2012 04:28:46 pm: CALL USP_GetPayees();
11/16/2012 04:28:46 pm: CALL USP_GetCategories2();
