10/31/2012 07:12:06 pm: CALL USP_GetCategories();
10/31/2012 07:12:06 pm: CALL USP_GetCurrencies();
10/31/2012 07:12:06 pm: CALL USP_GetCategories2();
10/31/2012 07:12:06 pm: CALL USP_GetPayees();
10/31/2012 07:12:06 pm: CALL USP_GetAccounts();
10/31/2012 07:12:08 pm: CALL USP_GetCategories();
10/31/2012 07:12:08 pm: CALL USP_GetPayees();
10/31/2012 07:12:08 pm: CALL USP_GetAccounts();
10/31/2012 07:12:08 pm: CALL USP_GetCategories2();
10/31/2012 07:12:08 pm: CALL USP_GetCurrencies();
10/31/2012 07:12:41 pm: CALL USP_InsertTransaction('2012-10-31','1','1','1','24','120','5','-100','extra luggage');
10/31/2012 07:12:41 pm: CALL USP_InsertTransaction('2012-10-31','1','1','1','24','120','5','-100','extra luggage');
10/31/2012 07:13:10 pm: CALL USP_InsertTransaction('2012-10-31','1','1','1','7','45','99','-16.86','extra luggage');
10/31/2012 07:13:10 pm: CALL USP_InsertTransaction('2012-10-31','1','1','1','7','45','99','-16.86','extra luggage');
10/31/2012 07:13:26 pm: CALL USP_InsertTransaction('2012-10-31','1','1','1','7','45','101','-21.1','extra luggage');
10/31/2012 07:13:26 pm: CALL USP_InsertTransaction('2012-10-31','1','1','1','7','45','101','-21.1','extra luggage');
10/31/2012 07:13:36 pm: CALL USP_GetCategories();
10/31/2012 07:13:36 pm: CALL USP_GetAccounts();
10/31/2012 07:13:36 pm: CALL USP_GetPayees();
10/31/2012 07:13:36 pm: CALL USP_GetCategories2();
10/31/2012 07:13:36 pm: CALL USP_GetCurrencies();
10/31/2012 07:14:32 pm: CALL USP_GetAccounts();
10/31/2012 07:14:32 pm: CALL USP_GetCategories();
10/31/2012 07:14:32 pm: CALL USP_GetCurrencies();
10/31/2012 07:14:32 pm: CALL USP_GetPayees();
10/31/2012 07:14:32 pm: CALL USP_GetCategories2();
10/31/2012 07:15:40 pm: CALL USP_GetAccounts();
10/31/2012 07:15:40 pm: CALL USP_GetCategories();
10/31/2012 07:15:40 pm: CALL USP_GetCurrencies();
10/31/2012 07:15:40 pm: CALL USP_GetPayees();
10/31/2012 07:15:40 pm: CALL USP_GetCategories2();
10/31/2012 08:01:13 pm: CALL USP_GetAccounts();
10/31/2012 08:01:13 pm: CALL USP_GetCategories2();
10/31/2012 08:01:13 pm: CALL USP_GetCategories();
10/31/2012 08:01:13 pm: CALL USP_GetPayees();
10/31/2012 08:01:13 pm: CALL USP_GetCurrencies();
10/31/2012 08:01:17 pm: CALL USP_GetAccounts();
10/31/2012 08:01:17 pm: CALL USP_GetCurrencies();
10/31/2012 08:01:17 pm: CALL USP_GetCategories();
10/31/2012 08:01:17 pm: CALL USP_GetPayees();
10/31/2012 08:01:17 pm: CALL USP_GetCategories2();
10/31/2012 08:01:25 pm: CALL USP_GetCurrencies();
10/31/2012 08:01:25 pm: CALL USP_GetAccounts();
10/31/2012 08:01:25 pm: CALL USP_GetPayees();
10/31/2012 08:01:25 pm: CALL USP_GetCategories2();
10/31/2012 08:01:25 pm: CALL USP_GetCategories();
10/31/2012 08:01:57 pm: CALL USP_GetAccounts();
10/31/2012 08:01:57 pm: CALL USP_GetCurrencies();
10/31/2012 08:01:57 pm: CALL USP_GetPayees();
10/31/2012 08:01:57 pm: CALL USP_GetCategories();
10/31/2012 08:01:57 pm: CALL USP_GetCategories2();
10/31/2012 08:02:01 pm: CALL USP_GetCategories();
10/31/2012 08:02:01 pm: CALL USP_GetCurrencies();
10/31/2012 08:02:01 pm: CALL USP_GetAccounts();
10/31/2012 08:02:01 pm: CALL USP_GetCategories2();
10/31/2012 08:02:01 pm: CALL USP_GetPayees();
10/31/2012 08:02:04 pm: CALL USP_GetCurrencies();
10/31/2012 08:02:04 pm: CALL USP_GetAccounts();
10/31/2012 08:02:04 pm: CALL USP_GetPayees();
10/31/2012 08:02:04 pm: CALL USP_GetCategories();
10/31/2012 08:02:04 pm: CALL USP_GetCategories2();
10/31/2012 08:02:28 pm: CALL USP_GetAccounts();
10/31/2012 08:02:28 pm: CALL USP_GetPayees();
10/31/2012 08:02:28 pm: CALL USP_GetCategories();
10/31/2012 08:02:28 pm: CALL USP_GetCurrencies();
10/31/2012 08:02:28 pm: CALL USP_GetCategories2();
10/31/2012 08:02:31 pm: CALL USP_GetAccounts();
10/31/2012 08:02:31 pm: CALL USP_GetCategories();
10/31/2012 08:02:31 pm: CALL USP_GetPayees();
10/31/2012 08:02:31 pm: CALL USP_GetCurrencies();
10/31/2012 08:02:31 pm: CALL USP_GetCategories2();
10/31/2012 08:03:52 pm: CALL USP_GetAccounts();
10/31/2012 08:03:52 pm: CALL USP_GetCategories();
10/31/2012 08:03:52 pm: CALL USP_GetCurrencies();
10/31/2012 08:03:52 pm: CALL USP_GetCategories2();
10/31/2012 08:03:52 pm: CALL USP_GetPayees();
10/31/2012 08:04:40 pm: CALL USP_GetAccounts();
10/31/2012 08:04:40 pm: CALL USP_GetCurrencies();
10/31/2012 08:04:40 pm: CALL USP_GetPayees();
10/31/2012 08:04:40 pm: CALL USP_GetCategories();
10/31/2012 08:04:40 pm: CALL USP_GetCategories2();
10/31/2012 08:04:44 pm: CALL USP_GetCurrencies();
10/31/2012 08:04:44 pm: CALL USP_GetPayees();
10/31/2012 08:04:44 pm: CALL USP_GetAccounts();
10/31/2012 08:04:44 pm: CALL USP_GetCategories2();
10/31/2012 08:04:44 pm: CALL USP_GetCategories();
10/31/2012 08:05:17 pm: CALL USP_GetCategories();
10/31/2012 08:05:17 pm: CALL USP_GetCurrencies();
10/31/2012 08:05:17 pm: CALL USP_GetAccounts();
10/31/2012 08:05:17 pm: CALL USP_GetCategories2();
10/31/2012 08:05:17 pm: CALL USP_GetPayees();
10/31/2012 08:05:29 pm: CALL USP_GetAccounts();
10/31/2012 08:05:39 pm: CALL USP_GetAccounts();
10/31/2012 08:05:39 pm: CALL USP_GetCurrencies();
10/31/2012 08:05:39 pm: CALL USP_GetPayees();
10/31/2012 08:05:39 pm: CALL USP_GetCategories();
10/31/2012 08:05:39 pm: CALL USP_GetCategories2();
10/31/2012 08:41:11 pm: CALL USP_GetCategories();
10/31/2012 08:41:11 pm: CALL USP_GetCurrencies();
10/31/2012 08:41:11 pm: CALL USP_GetAccounts();
10/31/2012 08:41:11 pm: CALL USP_GetPayees();
10/31/2012 08:41:11 pm: CALL USP_GetCategories2();
10/31/2012 09:16:55 pm: CALL USP_GetAccounts();
10/31/2012 09:16:55 pm: CALL USP_GetCurrencies();
10/31/2012 09:16:55 pm: CALL USP_GetPayees();
10/31/2012 09:16:55 pm: CALL USP_GetCategories();
10/31/2012 09:16:55 pm: CALL USP_GetCategories2();
10/31/2012 09:17:03 pm: CALL USP_GetAccounts();
10/31/2012 09:17:03 pm: CALL USP_GetCurrencies();
10/31/2012 09:17:03 pm: CALL USP_GetPayees();
10/31/2012 09:17:03 pm: CALL USP_GetCategories2();
10/31/2012 09:17:03 pm: CALL USP_GetCategories();
10/31/2012 09:54:55 pm: CALL USP_GetAccounts();
10/31/2012 09:54:55 pm: CALL USP_GetPayees();
10/31/2012 09:54:55 pm: CALL USP_GetCurrencies();
10/31/2012 09:54:55 pm: CALL USP_GetCategories();
10/31/2012 09:54:55 pm: CALL USP_GetCategories2();
10/31/2012 09:55:17 pm: CALL USP_GetCategories2();
10/31/2012 09:55:17 pm: CALL USP_GetCategories();
10/31/2012 09:55:17 pm: CALL USP_GetPayees();
10/31/2012 09:55:17 pm: CALL USP_GetAccounts();
10/31/2012 09:55:17 pm: CALL USP_GetCurrencies();
10/31/2012 09:56:05 pm: CALL USP_GetCategories();
10/31/2012 09:56:05 pm: CALL USP_GetPayees();
10/31/2012 09:56:05 pm: CALL USP_GetAccounts();
10/31/2012 09:56:05 pm: CALL USP_GetCurrencies();
10/31/2012 09:56:05 pm: CALL USP_GetCategories2();
10/31/2012 09:57:24 pm: CALL USP_GetCategories2();
10/31/2012 09:57:24 pm: CALL USP_GetCurrencies();
10/31/2012 09:57:24 pm: CALL USP_GetPayees();
10/31/2012 09:57:24 pm: CALL USP_GetCategories();
10/31/2012 09:57:24 pm: CALL USP_GetAccounts();
10/31/2012 09:58:55 pm: CALL USP_GetAccounts();
10/31/2012 09:58:55 pm: CALL USP_GetCurrencies();
10/31/2012 09:58:55 pm: CALL USP_GetPayees();
10/31/2012 09:58:55 pm: CALL USP_GetCategories();
10/31/2012 09:58:55 pm: CALL USP_GetCategories2();
10/31/2012 09:59:17 pm: CALL USP_GetCategories();
10/31/2012 09:59:17 pm: CALL USP_GetAccounts();
10/31/2012 09:59:17 pm: CALL USP_GetCategories2();
10/31/2012 09:59:17 pm: CALL USP_GetCurrencies();
10/31/2012 09:59:17 pm: CALL USP_GetPayees();
10/31/2012 10:00:06 pm: CALL USP_GetCurrencies();
10/31/2012 10:00:06 pm: CALL USP_GetAccounts();
10/31/2012 10:00:06 pm: CALL USP_GetPayees();
10/31/2012 10:00:06 pm: CALL USP_GetCategories();
10/31/2012 10:00:06 pm: CALL USP_GetCategories2();
10/31/2012 10:00:39 pm: CALL USP_GetAccounts();
10/31/2012 10:00:39 pm: CALL USP_GetPayees();
10/31/2012 10:00:39 pm: CALL USP_GetCurrencies();
10/31/2012 10:00:39 pm: CALL USP_GetCategories();
10/31/2012 10:00:39 pm: CALL USP_GetCategories2();
10/31/2012 10:00:44 pm: CALL USP_GetAccounts();
10/31/2012 10:00:44 pm: CALL USP_GetCurrencies();
10/31/2012 10:00:44 pm: CALL USP_GetCategories2();
10/31/2012 10:00:44 pm: CALL USP_GetPayees();
10/31/2012 10:00:44 pm: CALL USP_GetCategories();
10/31/2012 10:01:17 pm: CALL USP_InsertAccount (1,'test');
10/31/2012 10:01:17 pm: CALL USP_GetAccounts ()
10/31/2012 10:01:17 pm: CALL USP_GetAccounts();
10/31/2012 10:03:22 pm: CALL USP_GetCurrencies();
10/31/2012 10:03:22 pm: CALL USP_GetAccounts();
10/31/2012 10:03:22 pm: CALL USP_GetCategories();
10/31/2012 10:03:22 pm: CALL USP_GetPayees();
10/31/2012 10:03:22 pm: CALL USP_GetCategories2();
10/31/2012 10:10:31 pm: CALL USP_GetAccounts();
10/31/2012 10:10:31 pm: CALL USP_GetCategories();
10/31/2012 10:10:31 pm: CALL USP_GetCurrencies();
10/31/2012 10:10:31 pm: CALL USP_GetCategories2();
10/31/2012 10:10:31 pm: CALL USP_GetPayees();
10/31/2012 10:10:36 pm: CALL USP_GetAccounts();
10/31/2012 10:10:36 pm: CALL USP_GetCurrencies();
10/31/2012 10:10:36 pm: CALL USP_GetPayees();
10/31/2012 10:10:36 pm: CALL USP_GetCategories();
10/31/2012 10:10:36 pm: CALL USP_GetCategories2();
