11/15/2012 06:41:16 pm: CALL USP_GetCurrencies();
11/15/2012 06:41:16 pm: CALL USP_GetAccounts();
11/15/2012 06:41:16 pm: CALL USP_GetCategories2();
11/15/2012 06:41:16 pm: CALL USP_GetCategories();
11/15/2012 06:41:16 pm: CALL USP_GetPayees();
11/15/2012 06:41:19 pm: CALL USP_GetCurrencies();
11/15/2012 06:41:19 pm: CALL USP_GetPayees();
11/15/2012 06:41:19 pm: CALL USP_GetCategories2();
11/15/2012 06:41:19 pm: CALL USP_GetCategories();
11/15/2012 06:41:19 pm: CALL USP_GetAccounts();
11/15/2012 06:41:34 pm: CALL USP_InsertTransaction('2012-11-15','1','1','3','23','124','135','-125','');
11/15/2012 06:41:34 pm: CALL USP_InsertTransaction('2012-11-15','1','1','3','23','124','135','-125','');
11/15/2012 06:41:34 pm: CALL USP_InsertTransaction('2012-11-15','17','1','3','23','124','135','125','');
11/15/2012 06:41:34 pm: CALL USP_InsertTransaction('2012-11-15','17','1','3','23','124','135','125','');
11/15/2012 06:41:37 pm: CALL USP_GetAccounts();
11/15/2012 06:41:37 pm: CALL USP_GetPayees();
11/15/2012 06:41:37 pm: CALL USP_GetCurrencies();
11/15/2012 06:41:37 pm: CALL USP_GetCategories();
11/15/2012 06:41:37 pm: CALL USP_GetCategories2();
11/15/2012 06:41:55 pm: CALL USP_GetAccounts();
11/15/2012 06:41:55 pm: CALL USP_GetCategories2();
11/15/2012 06:41:55 pm: CALL USP_GetCurrencies();
11/15/2012 06:41:55 pm: CALL USP_GetCategories();
11/15/2012 06:41:55 pm: CALL USP_GetPayees();
11/15/2012 06:41:58 pm: CALL USP_GetAccounts();
11/15/2012 06:41:58 pm: CALL USP_GetCurrencies();
11/15/2012 06:41:58 pm: CALL USP_GetPayees();
11/15/2012 06:41:58 pm: CALL USP_GetCategories2();
11/15/2012 06:41:58 pm: CALL USP_GetCategories();
11/15/2012 06:42:04 pm: CALL USP_GetCurrencies();
11/15/2012 06:42:04 pm: CALL USP_GetAccounts();
11/15/2012 06:42:04 pm: CALL USP_GetPayees();
11/15/2012 06:42:04 pm: CALL USP_GetCategories();
11/15/2012 06:42:04 pm: CALL USP_GetCategories2();
11/15/2012 07:31:01 pm: CALL USP_GetCurrencies();
11/15/2012 07:31:01 pm: CALL USP_GetAccounts();
11/15/2012 07:31:01 pm: CALL USP_GetPayees();
11/15/2012 07:31:01 pm: CALL USP_GetCategories();
11/15/2012 07:31:01 pm: CALL USP_GetCategories2();
11/15/2012 07:31:05 pm: CALL USP_GetCategories();
11/15/2012 07:31:05 pm: CALL USP_GetPayees();
11/15/2012 07:31:05 pm: CALL USP_GetAccounts();
11/15/2012 07:31:05 pm: CALL USP_GetCategories2();
11/15/2012 07:31:05 pm: CALL USP_GetCurrencies();
11/15/2012 07:31:38 pm: CALL USP_GetAccounts();
11/15/2012 07:31:38 pm: CALL USP_GetCurrencies();
11/15/2012 07:31:38 pm: CALL USP_GetCategories2();
11/15/2012 07:31:38 pm: CALL USP_GetCategories();
11/15/2012 07:31:38 pm: CALL USP_GetPayees();
11/15/2012 07:32:01 pm: CALL USP_GetAccounts();
11/15/2012 07:32:01 pm: CALL USP_GetCurrencies();
11/15/2012 07:32:01 pm: CALL USP_GetPayees();
11/15/2012 07:32:01 pm: CALL USP_GetCategories2();
11/15/2012 07:32:01 pm: CALL USP_GetCategories();
11/15/2012 07:32:21 pm: CALL USP_GetAccounts();
11/15/2012 07:32:21 pm: CALL USP_GetPayees();
11/15/2012 07:32:21 pm: CALL USP_GetCurrencies();
11/15/2012 07:32:21 pm: CALL USP_GetCategories2();
11/15/2012 07:32:21 pm: CALL USP_GetCategories();
11/15/2012 07:36:17 pm: CALL USP_GetAccounts();
11/15/2012 07:36:17 pm: CALL USP_GetPayees();
11/15/2012 07:36:17 pm: CALL USP_GetCurrencies();
11/15/2012 07:36:17 pm: CALL USP_GetCategories();
11/15/2012 07:36:17 pm: CALL USP_GetCategories2();
11/15/2012 07:41:24 pm: CALL USP_GetAccounts();
11/15/2012 07:41:24 pm: CALL USP_GetCurrencies();
11/15/2012 07:41:24 pm: CALL USP_GetPayees();
11/15/2012 07:41:24 pm: CALL USP_GetCategories();
11/15/2012 07:41:24 pm: CALL USP_GetCategories2();
11/15/2012 08:25:31 pm: CALL USP_GetAccounts();
11/15/2012 08:25:31 pm: CALL USP_GetCurrencies();
11/15/2012 08:25:31 pm: CALL USP_GetPayees();
11/15/2012 08:25:31 pm: CALL USP_GetCategories();
11/15/2012 08:25:31 pm: CALL USP_GetCategories2();
11/15/2012 08:33:23 pm: CALL USP_GetAccounts();
11/15/2012 08:33:23 pm: CALL USP_GetCurrencies();
11/15/2012 08:33:23 pm: CALL USP_GetPayees();
11/15/2012 08:33:23 pm: CALL USP_GetCategories();
11/15/2012 08:33:23 pm: CALL USP_GetCategories2();
11/15/2012 08:34:14 pm: CALL USP_GetAccounts();
11/15/2012 08:34:14 pm: CALL USP_GetCurrencies();
11/15/2012 08:34:14 pm: CALL USP_GetPayees();
11/15/2012 08:34:14 pm: CALL USP_GetCategories();
11/15/2012 08:34:14 pm: CALL USP_GetCategories2();
11/15/2012 08:37:36 pm: CALL USP_GetAccounts();
11/15/2012 08:37:36 pm: CALL USP_GetCurrencies();
11/15/2012 08:37:36 pm: CALL USP_GetCategories();
11/15/2012 08:37:36 pm: CALL USP_GetPayees();
11/15/2012 08:37:36 pm: CALL USP_GetCategories2();
11/15/2012 08:38:12 pm: CALL USP_GetAccounts();
11/15/2012 08:38:12 pm: CALL USP_GetPayees();
11/15/2012 08:38:12 pm: CALL USP_GetCategories();
11/15/2012 08:38:12 pm: CALL USP_GetCategories2();
11/15/2012 08:38:12 pm: CALL USP_GetCurrencies();
11/15/2012 09:01:26 pm: CALL USP_GetAccounts();
11/15/2012 09:01:26 pm: CALL USP_GetCurrencies();
11/15/2012 09:01:26 pm: CALL USP_GetPayees();
11/15/2012 09:01:26 pm: CALL USP_GetCategories();
11/15/2012 09:01:26 pm: CALL USP_GetCategories2();
11/15/2012 09:03:49 pm: CALL USP_GetAccounts();
11/15/2012 09:03:49 pm: CALL USP_GetCurrencies();
11/15/2012 09:03:49 pm: CALL USP_GetPayees();
11/15/2012 09:03:49 pm: CALL USP_GetCategories();
11/15/2012 09:03:49 pm: CALL USP_GetCategories2();
11/15/2012 09:34:03 pm: CALL USP_GetCurrencies();
11/15/2012 09:34:03 pm: CALL USP_GetAccounts();
11/15/2012 09:34:03 pm: CALL USP_GetCategories();
11/15/2012 09:34:03 pm: CALL USP_GetPayees();
11/15/2012 09:34:03 pm: CALL USP_GetCategories2();
11/15/2012 09:34:28 pm: CALL USP_GetAccounts();
11/15/2012 09:34:29 pm: CALL USP_GetPayees();
11/15/2012 09:34:29 pm: CALL USP_GetCurrencies();
11/15/2012 09:34:29 pm: CALL USP_GetCategories();
11/15/2012 09:34:29 pm: CALL USP_GetCategories2();
11/15/2012 09:36:27 pm: CALL USP_GetAccounts();
11/15/2012 09:36:27 pm: CALL USP_GetPayees();
11/15/2012 09:36:27 pm: CALL USP_GetCurrencies();
11/15/2012 09:36:27 pm: CALL USP_GetCategories2();
11/15/2012 09:36:27 pm: CALL USP_GetCategories();
11/15/2012 09:37:37 pm: CALL USP_GetAccounts();
11/15/2012 09:37:37 pm: CALL USP_GetCategories2();
11/15/2012 09:37:37 pm: CALL USP_GetCategories();
11/15/2012 09:37:37 pm: CALL USP_GetCurrencies();
11/15/2012 09:37:37 pm: CALL USP_GetPayees();
11/15/2012 10:13:59 pm: CALL USP_GetCurrencies();
11/15/2012 10:13:59 pm: CALL USP_GetAccounts();
11/15/2012 10:13:59 pm: CALL USP_GetPayees();
11/15/2012 10:13:59 pm: CALL USP_GetCategories();
11/15/2012 10:13:59 pm: CALL USP_GetCategories2();
11/15/2012 10:15:55 pm: CALL USP_GetCategories();
11/15/2012 10:15:55 pm: CALL USP_GetAccounts();
11/15/2012 10:15:55 pm: CALL USP_GetCategories2();
11/15/2012 10:15:56 pm: CALL USP_GetCurrencies();
11/15/2012 10:15:56 pm: CALL USP_GetPayees();
11/15/2012 10:16:20 pm: CALL USP_GetCurrencies();
11/15/2012 10:16:20 pm: CALL USP_GetAccounts();
11/15/2012 10:16:20 pm: CALL USP_GetPayees();
11/15/2012 10:16:20 pm: CALL USP_GetCategories();
11/15/2012 10:16:20 pm: CALL USP_GetCategories2();
11/15/2012 10:22:08 pm: CALL USP_GetAccounts();
11/15/2012 10:22:08 pm: CALL USP_GetCurrencies();
11/15/2012 10:22:08 pm: CALL USP_GetPayees();
11/15/2012 10:22:08 pm: CALL USP_GetCategories();
11/15/2012 10:22:08 pm: CALL USP_GetCategories2();
11/15/2012 10:22:38 pm: CALL USP_GetAccounts();
11/15/2012 10:22:38 pm: CALL USP_GetCurrencies();
11/15/2012 10:22:38 pm: CALL USP_GetPayees();
11/15/2012 10:22:38 pm: CALL USP_GetCategories();
11/15/2012 10:22:39 pm: CALL USP_GetCategories2();
11/15/2012 10:24:08 pm: CALL USP_GetAccounts();
11/15/2012 10:24:08 pm: CALL USP_GetCurrencies();
11/15/2012 10:24:08 pm: CALL USP_GetPayees();
11/15/2012 10:24:08 pm: CALL USP_GetCategories();
11/15/2012 10:24:08 pm: CALL USP_GetCategories2();
11/15/2012 10:26:46 pm: CALL USP_GetCurrencies();
11/15/2012 10:26:46 pm: CALL USP_GetPayees();
11/15/2012 10:26:46 pm: CALL USP_GetCategories();
11/15/2012 10:26:46 pm: CALL USP_GetAccounts();
11/15/2012 10:26:46 pm: CALL USP_GetCategories2();
11/15/2012 10:33:22 pm: CALL USP_GetCurrencies();
11/15/2012 10:33:22 pm: CALL USP_GetAccounts();
11/15/2012 10:33:22 pm: CALL USP_GetCategories();
11/15/2012 10:33:22 pm: CALL USP_GetPayees();
11/15/2012 10:33:22 pm: CALL USP_GetCategories2();
11/15/2012 10:33:27 pm: CALL USP_GetAccounts();
11/15/2012 10:33:27 pm: CALL USP_GetCurrencies();
11/15/2012 10:33:27 pm: CALL USP_GetCategories();
11/15/2012 10:33:27 pm: CALL USP_GetPayees();
11/15/2012 10:33:27 pm: CALL USP_GetCategories2();
11/15/2012 10:36:15 pm: CALL USP_GetPayees();
11/15/2012 10:36:15 pm: CALL USP_GetAccounts();
11/15/2012 10:36:15 pm: CALL USP_GetCategories();
11/15/2012 10:36:15 pm: CALL USP_GetCurrencies();
11/15/2012 10:36:15 pm: CALL USP_GetCategories2();
11/15/2012 10:36:18 pm: CALL USP_GetAccounts();
11/15/2012 10:36:18 pm: CALL USP_GetCurrencies();
11/15/2012 10:36:18 pm: CALL USP_GetCategories();
11/15/2012 10:36:18 pm: CALL USP_GetPayees();
11/15/2012 10:36:18 pm: CALL USP_GetCategories2();
11/15/2012 10:38:46 pm: CALL USP_GetAccounts();
11/15/2012 10:38:46 pm: CALL USP_GetCurrencies();
11/15/2012 10:38:46 pm: CALL USP_GetCategories();
11/15/2012 10:38:46 pm: CALL USP_GetPayees();
11/15/2012 10:38:46 pm: CALL USP_GetCategories2();
11/15/2012 10:39:45 pm: CALL USP_GetAccounts();
11/15/2012 10:39:45 pm: CALL USP_GetPayees();
11/15/2012 10:39:45 pm: CALL USP_GetCategories();
11/15/2012 10:39:45 pm: CALL USP_GetCurrencies();
11/15/2012 10:39:45 pm: CALL USP_GetCategories2();
11/15/2012 10:39:50 pm: CALL USP_GetAccounts();
11/15/2012 10:39:50 pm: CALL USP_GetCurrencies();
11/15/2012 10:39:50 pm: CALL USP_GetPayees();
11/15/2012 10:39:50 pm: CALL USP_GetCategories();
11/15/2012 10:39:50 pm: CALL USP_GetCategories2();
11/15/2012 10:42:27 pm: CALL USP_GetCurrencies();
11/15/2012 10:42:27 pm: CALL USP_GetPayees();
11/15/2012 10:42:27 pm: CALL USP_GetAccounts();
11/15/2012 10:42:27 pm: CALL USP_GetCategories2();
11/15/2012 10:42:27 pm: CALL USP_GetCategories();
11/15/2012 10:43:36 pm: CALL USP_GetAccounts();
11/15/2012 10:43:36 pm: CALL USP_GetCurrencies();
11/15/2012 10:43:36 pm: CALL USP_GetPayees();
11/15/2012 10:43:36 pm: CALL USP_GetCategories();
11/15/2012 10:43:36 pm: CALL USP_GetCategories2();
11/15/2012 10:44:42 pm: CALL USP_GetAccounts();
11/15/2012 10:44:42 pm: CALL USP_GetCurrencies();
11/15/2012 10:44:42 pm: CALL USP_GetCategories();
11/15/2012 10:44:42 pm: CALL USP_GetPayees();
11/15/2012 10:44:42 pm: CALL USP_GetCategories2();
11/15/2012 11:10:28 pm: CALL USP_GetAccounts();
11/15/2012 11:10:28 pm: CALL USP_GetCurrencies();
11/15/2012 11:10:28 pm: CALL USP_GetPayees();
11/15/2012 11:10:28 pm: CALL USP_GetCategories();
11/15/2012 11:10:28 pm: CALL USP_GetCategories2();
11/15/2012 11:10:47 pm: CALL USP_GetCurrencies();
11/15/2012 11:10:47 pm: CALL USP_GetAccounts();
11/15/2012 11:10:47 pm: CALL USP_GetCategories();
11/15/2012 11:10:47 pm: CALL USP_GetPayees();
11/15/2012 11:10:47 pm: CALL USP_GetCategories2();
11/15/2012 11:11:23 pm: CALL USP_GetAccounts();
11/15/2012 11:11:23 pm: CALL USP_GetCurrencies();
11/15/2012 11:11:23 pm: CALL USP_GetCategories();
11/15/2012 11:11:23 pm: CALL USP_GetPayees();
11/15/2012 11:11:23 pm: CALL USP_GetCategories2();
11/15/2012 11:11:53 pm: CALL USP_GetCurrencies();
11/15/2012 11:11:53 pm: CALL USP_GetAccounts();
11/15/2012 11:11:53 pm: CALL USP_GetPayees();
11/15/2012 11:11:53 pm: CALL USP_GetCategories();
11/15/2012 11:11:53 pm: CALL USP_GetCategories2();
11/15/2012 11:14:15 pm: CALL USP_GetAccounts();
11/15/2012 11:14:15 pm: CALL USP_GetCurrencies();
11/15/2012 11:14:15 pm: CALL USP_GetCategories();
11/15/2012 11:14:15 pm: CALL USP_GetPayees();
11/15/2012 11:14:15 pm: CALL USP_GetCategories2();
11/15/2012 11:15:15 pm: CALL USP_GetCurrencies();
11/15/2012 11:15:15 pm: CALL USP_GetPayees();
11/15/2012 11:15:15 pm: CALL USP_GetAccounts();
11/15/2012 11:15:15 pm: CALL USP_GetCategories();
11/15/2012 11:15:15 pm: CALL USP_GetCategories2();
11/15/2012 11:16:23 pm: CALL USP_GetCurrencies();
11/15/2012 11:16:23 pm: CALL USP_GetAccounts();
11/15/2012 11:16:23 pm: CALL USP_GetCategories();
11/15/2012 11:16:23 pm: CALL USP_GetPayees();
11/15/2012 11:16:23 pm: CALL USP_GetCategories2();
11/15/2012 11:19:59 pm: CALL USP_GetCategories();
11/15/2012 11:19:59 pm: CALL USP_GetCategories2();
11/15/2012 11:19:59 pm: CALL USP_GetAccounts();
11/15/2012 11:19:59 pm: CALL USP_GetPayees();
11/15/2012 11:19:59 pm: CALL USP_GetCurrencies();
11/15/2012 11:20:21 pm: CALL USP_GetAccounts();
11/15/2012 11:20:21 pm: CALL USP_GetCurrencies();
11/15/2012 11:20:21 pm: CALL USP_GetCategories2();
11/15/2012 11:20:21 pm: CALL USP_GetCategories();
11/15/2012 11:20:21 pm: CALL USP_GetPayees();
11/15/2012 11:27:09 pm: CALL USP_GetAccounts();
11/15/2012 11:27:09 pm: CALL USP_GetCategories();
11/15/2012 11:27:09 pm: CALL USP_GetCategories2();
11/15/2012 11:27:09 pm: CALL USP_GetPayees();
11/15/2012 11:27:09 pm: CALL USP_GetCurrencies();
11/15/2012 11:27:19 pm: CALL USP_GetAccounts();
11/15/2012 11:27:19 pm: CALL USP_GetCurrencies();
11/15/2012 11:27:19 pm: CALL USP_GetPayees();
11/15/2012 11:27:19 pm: CALL USP_GetCategories();
11/15/2012 11:27:19 pm: CALL USP_GetCategories2();
11/15/2012 11:27:46 pm: CALL USP_GetCategories();
11/15/2012 11:27:46 pm: CALL USP_GetCurrencies();
11/15/2012 11:27:46 pm: CALL USP_GetAccounts();
11/15/2012 11:27:46 pm: CALL USP_GetCategories2();
11/15/2012 11:27:46 pm: CALL USP_GetPayees();
11/15/2012 11:28:13 pm: CALL USP_GetPayees();
11/15/2012 11:28:13 pm: CALL USP_GetAccounts();
11/15/2012 11:28:13 pm: CALL USP_GetCategories();
11/15/2012 11:28:13 pm: CALL USP_GetCategories2();
11/15/2012 11:28:13 pm: CALL USP_GetCurrencies();
11/15/2012 11:28:21 pm: CALL USP_GetAccounts();
11/15/2012 11:28:21 pm: CALL USP_GetCurrencies();
11/15/2012 11:28:21 pm: CALL USP_GetCategories();
11/15/2012 11:28:21 pm: CALL USP_GetCategories2();
11/15/2012 11:28:21 pm: CALL USP_GetPayees();
11/15/2012 11:28:29 pm: CALL USP_GetCategories();
11/15/2012 11:28:30 pm: CALL USP_GetCurrencies();
11/15/2012 11:28:30 pm: CALL USP_GetAccounts();
11/15/2012 11:28:30 pm: CALL USP_GetPayees();
11/15/2012 11:28:30 pm: CALL USP_GetCategories2();
11/15/2012 11:29:37 pm: CALL USP_GetAccounts();
11/15/2012 11:29:37 pm: CALL USP_GetCurrencies();
11/15/2012 11:29:37 pm: CALL USP_GetPayees();
11/15/2012 11:29:37 pm: CALL USP_GetCategories();
11/15/2012 11:29:37 pm: CALL USP_GetCategories2();
