08/28/2012 09:55:11 am: CALL USP_GetCategories();
08/28/2012 09:55:12 am: CALL USP_GetPayees();
08/28/2012 09:55:12 am: CALL USP_GetAccounts();
08/28/2012 09:55:12 am: CALL USP_GetCategories2();
08/28/2012 09:55:12 am: CALL USP_GetCurrencies();
08/28/2012 10:00:00 am: CALL USP_GetAccounts();
08/28/2012 10:00:00 am: CALL USP_GetCategories2();
08/28/2012 10:00:00 am: CALL USP_GetCurrencies();
08/28/2012 10:00:00 am: CALL USP_GetPayees();
08/28/2012 10:00:00 am: CALL USP_GetCategories();
08/28/2012 10:08:32 am: CALL USP_GetPayees();
08/28/2012 10:08:32 am: CALL USP_GetCurrencies();
08/28/2012 10:08:32 am: CALL USP_GetAccounts();
08/28/2012 10:08:32 am: CALL USP_GetCategories();
08/28/2012 10:08:32 am: CALL USP_GetCategories2();
08/28/2012 10:08:37 am: CALL USP_GetAccounts();
08/28/2012 10:08:37 am: CALL USP_GetCurrencies();
08/28/2012 10:08:37 am: CALL USP_GetPayees();
08/28/2012 10:08:37 am: CALL USP_GetCategories();
08/28/2012 10:08:37 am: CALL USP_GetCategories2();
08/28/2012 10:08:55 am: CALL USP_GetAccounts();
08/28/2012 10:08:55 am: CALL USP_GetPayees();
08/28/2012 10:08:55 am: CALL USP_GetCategories2();
08/28/2012 10:08:55 am: CALL USP_GetCategories();
08/28/2012 10:08:55 am: CALL USP_GetCurrencies();
08/28/2012 10:08:56 am: CALL USP_GetAccounts();
08/28/2012 10:08:56 am: CALL USP_GetPayees();
08/28/2012 10:08:56 am: CALL USP_GetCategories();
08/28/2012 10:08:56 am: CALL USP_GetCategories2();
08/28/2012 10:08:56 am: CALL USP_GetCurrencies();
08/28/2012 10:09:12 am: CALL USP_GetAccounts();
08/28/2012 10:09:12 am: CALL USP_GetCurrencies();
08/28/2012 10:09:12 am: CALL USP_GetCategories();
08/28/2012 10:09:12 am: CALL USP_GetPayees();
08/28/2012 10:09:12 am: CALL USP_GetCategories2();
08/28/2012 10:10:20 am: CALL USP_GetAccounts();
08/28/2012 10:10:20 am: CALL USP_GetCurrencies();
08/28/2012 10:10:20 am: CALL USP_GetPayees();
08/28/2012 10:10:20 am: CALL USP_GetCategories();
08/28/2012 10:10:20 am: CALL USP_GetCategories2();
08/28/2012 10:10:25 am: CALL USP_GetAccounts();
08/28/2012 10:10:25 am: CALL USP_GetCategories();
08/28/2012 10:10:25 am: CALL USP_GetPayees();
08/28/2012 10:10:25 am: CALL USP_GetCategories2();
08/28/2012 10:10:25 am: CALL USP_GetCurrencies();
08/28/2012 10:11:19 am: CALL USP_GetCurrencies();
08/28/2012 10:11:19 am: CALL USP_GetCategories();
08/28/2012 10:11:19 am: CALL USP_GetAccounts();
08/28/2012 10:11:19 am: CALL USP_GetPayees();
08/28/2012 10:11:19 am: CALL USP_GetCategories2();
08/28/2012 10:15:00 am: CALL USP_GetAccounts();
08/28/2012 10:15:00 am: CALL USP_GetCurrencies();
08/28/2012 10:15:00 am: CALL USP_GetPayees();
08/28/2012 10:15:00 am: CALL USP_GetCategories2();
08/28/2012 10:15:00 am: CALL USP_GetCategories();
08/28/2012 10:18:14 am: CALL USP_GetAccounts();
08/28/2012 10:18:14 am: CALL USP_GetCurrencies();
08/28/2012 10:18:14 am: CALL USP_GetCategories2();
08/28/2012 10:18:14 am: CALL USP_GetCategories();
08/28/2012 10:18:14 am: CALL USP_GetPayees();
08/28/2012 10:21:30 am: CALL USP_GetAccounts();
08/28/2012 10:21:30 am: CALL USP_GetCurrencies();
08/28/2012 10:21:30 am: CALL USP_GetCategories2();
08/28/2012 10:21:30 am: CALL USP_GetCategories();
08/28/2012 10:21:30 am: CALL USP_GetPayees();
08/28/2012 10:23:54 am: CALL USP_GetAccounts();
08/28/2012 10:23:54 am: CALL USP_GetCurrencies();
08/28/2012 10:23:54 am: CALL USP_GetPayees();
08/28/2012 10:23:54 am: CALL USP_GetCategories();
08/28/2012 10:23:54 am: CALL USP_GetCategories2();
08/28/2012 10:27:03 am: CALL USP_GetPayees();
08/28/2012 10:27:03 am: CALL USP_GetCategories2();
08/28/2012 10:27:03 am: CALL USP_GetAccounts();
08/28/2012 10:27:03 am: CALL USP_GetCurrencies();
08/28/2012 10:27:03 am: CALL USP_GetCategories();
08/28/2012 10:27:26 am: CALL USP_GetAccounts();
08/28/2012 10:27:26 am: CALL USP_GetCurrencies();
08/28/2012 10:27:26 am: CALL USP_GetCategories();
08/28/2012 10:27:26 am: CALL USP_GetPayees();
08/28/2012 10:27:26 am: CALL USP_GetCategories2();
08/28/2012 10:30:56 am: CALL USP_GetAccounts();
08/28/2012 10:30:56 am: CALL USP_GetPayees();
08/28/2012 10:30:56 am: CALL USP_GetCurrencies();
08/28/2012 10:30:56 am: CALL USP_GetCategories();
08/28/2012 10:30:56 am: CALL USP_GetCategories2();
08/28/2012 10:32:34 am: CALL USP_GetAccounts();
08/28/2012 10:32:34 am: CALL USP_GetPayees();
08/28/2012 10:32:34 am: CALL USP_GetCategories();
08/28/2012 10:32:34 am: CALL USP_GetCurrencies();
08/28/2012 10:32:34 am: CALL USP_GetCategories2();
08/28/2012 10:34:47 am: CALL USP_GetAccounts();
08/28/2012 10:34:47 am: CALL USP_GetCurrencies();
08/28/2012 10:34:47 am: CALL USP_GetCategories();
08/28/2012 10:34:47 am: CALL USP_GetCategories2();
08/28/2012 10:34:47 am: CALL USP_GetPayees();
08/28/2012 10:37:56 am: CALL USP_GetAccounts();
08/28/2012 10:37:56 am: CALL USP_GetPayees();
08/28/2012 10:37:56 am: CALL USP_GetCategories2();
08/28/2012 10:37:56 am: CALL USP_GetCategories();
08/28/2012 10:37:56 am: CALL USP_GetCurrencies();
08/28/2012 10:40:22 am: CALL USP_GetPayees();
08/28/2012 10:40:22 am: CALL USP_GetAccounts();
08/28/2012 10:40:22 am: CALL USP_GetCurrencies();
08/28/2012 10:40:22 am: CALL USP_GetCategories2();
08/28/2012 10:40:22 am: CALL USP_GetCategories();
08/28/2012 10:44:22 am: CALL USP_GetCurrencies();
08/28/2012 10:44:22 am: CALL USP_GetCategories();
08/28/2012 10:44:22 am: CALL USP_GetCategories2();
08/28/2012 10:44:22 am: CALL USP_GetPayees();
08/28/2012 10:44:22 am: CALL USP_GetAccounts();
08/28/2012 10:45:51 am: CALL USP_GetAccounts();
08/28/2012 10:45:51 am: CALL USP_GetCategories();
08/28/2012 10:45:51 am: CALL USP_GetPayees();
08/28/2012 10:45:51 am: CALL USP_GetCurrencies();
08/28/2012 10:45:51 am: CALL USP_GetCategories2();
08/28/2012 10:51:19 am: CALL USP_GetAccounts();
08/28/2012 10:51:19 am: CALL USP_GetCurrencies();
08/28/2012 10:51:19 am: CALL USP_GetPayees();
08/28/2012 10:51:19 am: CALL USP_GetCategories();
08/28/2012 10:51:19 am: CALL USP_GetCategories2();
08/28/2012 10:52:09 am: CALL USP_GetCurrencies();
08/28/2012 10:52:09 am: CALL USP_GetAccounts();
08/28/2012 10:52:09 am: CALL USP_GetCategories();
08/28/2012 10:52:09 am: CALL USP_GetPayees();
08/28/2012 10:52:09 am: CALL USP_GetCategories2();
08/28/2012 10:52:36 am: CALL USP_GetAccounts();
08/28/2012 10:52:36 am: CALL USP_GetPayees();
08/28/2012 10:52:36 am: CALL USP_GetCurrencies();
08/28/2012 10:52:36 am: CALL USP_GetCategories2();
08/28/2012 10:52:36 am: CALL USP_GetCategories();
08/28/2012 10:53:52 am: CALL USP_GetAccounts();
08/28/2012 10:53:52 am: CALL USP_GetPayees();
08/28/2012 10:53:52 am: CALL USP_GetCategories2();
08/28/2012 10:53:52 am: CALL USP_GetCurrencies();
08/28/2012 10:53:52 am: CALL USP_GetCategories();
08/28/2012 11:08:01 am: CALL USP_GetAccounts();
08/28/2012 11:08:01 am: CALL USP_GetCurrencies();
08/28/2012 11:08:01 am: CALL USP_GetPayees();
08/28/2012 11:08:01 am: CALL USP_GetCategories();
08/28/2012 11:08:01 am: CALL USP_GetCategories2();
08/28/2012 11:08:16 am: CALL USP_GetAccounts();
08/28/2012 11:08:16 am: CALL USP_GetCurrencies();
08/28/2012 11:08:16 am: CALL USP_GetPayees();
08/28/2012 11:08:16 am: CALL USP_GetCategories();
08/28/2012 11:08:16 am: CALL USP_GetCategories2();
08/28/2012 11:10:33 am: CALL USP_GetAccounts();
08/28/2012 11:10:33 am: CALL USP_GetCurrencies();
08/28/2012 11:10:33 am: CALL USP_GetPayees();
08/28/2012 11:10:33 am: CALL USP_GetCategories();
08/28/2012 11:10:33 am: CALL USP_GetCategories2();
08/28/2012 11:27:20 am: CALL USP_GetAccounts();
08/28/2012 11:27:20 am: CALL USP_GetCurrencies();
08/28/2012 11:27:20 am: CALL USP_GetCategories();
08/28/2012 11:27:20 am: CALL USP_GetCategories2();
08/28/2012 11:27:20 am: CALL USP_GetPayees();
08/28/2012 11:29:01 am: CALL USP_GetPayees();
08/28/2012 11:29:01 am: CALL USP_GetAccounts();
08/28/2012 11:29:01 am: CALL USP_GetCategories();
08/28/2012 11:29:01 am: CALL USP_GetCurrencies();
08/28/2012 11:29:01 am: CALL USP_GetCategories2();
08/28/2012 11:29:52 am: CALL USP_GetAccounts();
08/28/2012 11:29:52 am: CALL USP_GetCurrencies();
08/28/2012 11:29:52 am: CALL USP_GetPayees();
08/28/2012 11:29:52 am: CALL USP_GetCategories();
08/28/2012 11:29:52 am: CALL USP_GetCategories2();
08/28/2012 11:31:25 am: CALL USP_GetAccounts();
08/28/2012 11:31:25 am: CALL USP_GetCurrencies();
08/28/2012 11:31:25 am: CALL USP_GetCategories();
08/28/2012 11:31:25 am: CALL USP_GetPayees();
08/28/2012 11:31:25 am: CALL USP_GetCategories2();
08/28/2012 11:31:56 am: CALL USP_GetAccounts();
08/28/2012 11:31:56 am: CALL USP_GetCurrencies();
08/28/2012 11:31:56 am: CALL USP_GetPayees();
08/28/2012 11:31:56 am: CALL USP_GetCategories();
08/28/2012 11:31:56 am: CALL USP_GetCategories2();
08/28/2012 11:32:02 am: CALL USP_GetAccounts();
08/28/2012 11:32:02 am: CALL USP_GetCurrencies();
08/28/2012 11:32:02 am: CALL USP_GetPayees();
08/28/2012 11:32:02 am: CALL USP_GetCategories2();
08/28/2012 11:32:02 am: CALL USP_GetCategories();
08/28/2012 11:33:08 am: CALL USP_GetCurrencies();
08/28/2012 11:33:08 am: CALL USP_GetAccounts();
08/28/2012 11:33:08 am: CALL USP_GetPayees();
08/28/2012 11:33:08 am: CALL USP_GetCategories();
08/28/2012 11:33:08 am: CALL USP_GetCategories2();
08/28/2012 11:33:56 am: CALL USP_GetAccounts();
08/28/2012 11:33:56 am: CALL USP_GetCurrencies();
08/28/2012 11:33:57 am: CALL USP_GetPayees();
08/28/2012 11:33:57 am: CALL USP_GetCategories();
08/28/2012 11:33:57 am: CALL USP_GetCategories2();
08/28/2012 11:34:12 am: CALL USP_GetAccounts();
08/28/2012 11:34:12 am: CALL USP_GetCurrencies();
08/28/2012 11:34:12 am: CALL USP_GetPayees();
08/28/2012 11:34:12 am: CALL USP_GetCategories();
08/28/2012 11:34:12 am: CALL USP_GetCategories2();
08/28/2012 11:34:14 am: CALL USP_GetAccounts();
08/28/2012 11:34:14 am: CALL USP_GetCurrencies();
08/28/2012 11:34:14 am: CALL USP_GetPayees();
08/28/2012 11:34:14 am: CALL USP_GetCategories();
08/28/2012 11:34:14 am: CALL USP_GetCategories2();
08/28/2012 11:34:53 am: CALL USP_GetAccounts();
08/28/2012 11:34:53 am: CALL USP_GetPayees();
08/28/2012 11:34:53 am: CALL USP_GetCategories();
08/28/2012 11:34:53 am: CALL USP_GetCategories2();
08/28/2012 11:34:53 am: CALL USP_GetCurrencies();
08/28/2012 11:35:01 am: CALL USP_GetAccounts();
08/28/2012 11:35:01 am: CALL USP_GetCurrencies();
08/28/2012 11:35:01 am: CALL USP_GetCategories();
08/28/2012 11:35:01 am: CALL USP_GetCategories2();
08/28/2012 11:35:01 am: CALL USP_GetPayees();
08/28/2012 11:35:03 am: CALL USP_GetAccounts();
08/28/2012 11:35:03 am: CALL USP_GetCurrencies();
08/28/2012 11:35:03 am: CALL USP_GetPayees();
08/28/2012 11:35:03 am: CALL USP_GetCategories();
08/28/2012 11:35:03 am: CALL USP_GetCategories2();
08/28/2012 11:35:06 am: CALL USP_GetAccounts();
08/28/2012 11:35:06 am: CALL USP_GetCurrencies();
08/28/2012 11:35:06 am: CALL USP_GetPayees();
08/28/2012 11:35:06 am: CALL USP_GetCategories();
08/28/2012 11:35:06 am: CALL USP_GetCategories2();
08/28/2012 11:35:26 am: CALL USP_GetAccounts();
08/28/2012 11:35:26 am: CALL USP_GetCurrencies();
08/28/2012 11:35:26 am: CALL USP_GetPayees();
08/28/2012 11:35:26 am: CALL USP_GetCategories();
08/28/2012 11:35:26 am: CALL USP_GetCategories2();
08/28/2012 11:35:29 am: CALL USP_GetAccounts();
08/28/2012 11:35:29 am: CALL USP_GetCurrencies();
08/28/2012 11:35:30 am: CALL USP_GetPayees();
08/28/2012 11:35:30 am: CALL USP_GetCategories();
08/28/2012 11:35:30 am: CALL USP_GetCategories2();
08/28/2012 11:58:26 am: CALL USP_GetCategories();
08/28/2012 11:58:26 am: CALL USP_GetAccounts();
08/28/2012 11:58:26 am: CALL USP_GetCategories2();
08/28/2012 11:58:26 am: CALL USP_GetCurrencies();
08/28/2012 11:58:26 am: CALL USP_GetPayees();
08/28/2012 11:58:57 am: CALL USP_GetAccounts();
08/28/2012 11:58:57 am: CALL USP_GetCurrencies();
08/28/2012 11:58:57 am: CALL USP_GetCategories();
08/28/2012 11:58:57 am: CALL USP_GetPayees();
08/28/2012 11:58:57 am: CALL USP_GetCategories2();
08/28/2012 11:59:41 am: CALL USP_GetAccounts();
08/28/2012 11:59:41 am: CALL USP_GetCurrencies();
08/28/2012 11:59:41 am: CALL USP_GetCategories2();
08/28/2012 11:59:41 am: CALL USP_GetCategories();
08/28/2012 11:59:41 am: CALL USP_GetPayees();
08/28/2012 12:02:56 pm: CALL USP_GetAccounts();
08/28/2012 12:02:56 pm: CALL USP_GetCurrencies();
08/28/2012 12:02:56 pm: CALL USP_GetPayees();
08/28/2012 12:02:56 pm: CALL USP_GetCategories();
08/28/2012 12:02:56 pm: CALL USP_GetCategories2();
08/28/2012 12:03:05 pm: CALL USP_GetAccounts();
08/28/2012 12:03:05 pm: CALL USP_GetCurrencies();
08/28/2012 12:03:05 pm: CALL USP_GetPayees();
08/28/2012 12:03:05 pm: CALL USP_GetCategories();
08/28/2012 12:03:05 pm: CALL USP_GetCategories2();
08/28/2012 12:03:24 pm: CALL USP_GetAccounts();
08/28/2012 12:03:24 pm: CALL USP_GetCurrencies();
08/28/2012 12:03:24 pm: CALL USP_GetCategories2();
08/28/2012 12:03:24 pm: CALL USP_GetCategories();
08/28/2012 12:03:24 pm: CALL USP_GetPayees();
08/28/2012 02:20:10 pm: CALL USP_GetCurrencies();
08/28/2012 02:20:10 pm: CALL USP_GetAccounts();
08/28/2012 02:20:10 pm: CALL USP_GetPayees();
08/28/2012 02:20:10 pm: CALL USP_GetCategories2();
08/28/2012 02:20:10 pm: CALL USP_GetCategories();
08/28/2012 02:20:41 pm: CALL USP_GetAccounts();
08/28/2012 02:20:41 pm: CALL USP_GetCurrencies();
08/28/2012 02:20:41 pm: CALL USP_GetCategories();
08/28/2012 02:20:41 pm: CALL USP_GetCategories2();
08/28/2012 02:20:41 pm: CALL USP_GetPayees();
08/28/2012 02:33:39 pm: CALL USP_GetCurrencies();
08/28/2012 02:33:39 pm: CALL USP_GetCategories();
08/28/2012 02:33:39 pm: CALL USP_GetPayees();
08/28/2012 02:33:39 pm: CALL USP_GetCategories2();
08/28/2012 02:33:39 pm: CALL USP_GetAccounts();
08/28/2012 02:34:54 pm: CALL USP_GetAccounts();
08/28/2012 02:34:54 pm: CALL USP_GetCurrencies();
08/28/2012 02:34:54 pm: CALL USP_GetCategories();
08/28/2012 02:34:54 pm: CALL USP_GetPayees();
08/28/2012 02:34:54 pm: CALL USP_GetCategories2();
08/28/2012 02:37:25 pm: CALL USP_GetCurrencies();
08/28/2012 02:37:25 pm: CALL USP_GetPayees();
08/28/2012 02:37:25 pm: CALL USP_GetAccounts();
08/28/2012 02:37:25 pm: CALL USP_GetCategories2();
08/28/2012 02:37:25 pm: CALL USP_GetCategories();
08/28/2012 03:07:31 pm: CALL USP_GetCurrencies();
08/28/2012 03:07:31 pm: CALL USP_GetAccounts();
08/28/2012 03:07:31 pm: CALL USP_GetPayees();
08/28/2012 03:07:31 pm: CALL USP_GetCategories();
08/28/2012 03:07:31 pm: CALL USP_GetCategories2();
08/28/2012 03:07:58 pm: CALL USP_GetAccounts();
08/28/2012 03:07:58 pm: CALL USP_GetCategories();
08/28/2012 03:07:58 pm: CALL USP_GetPayees();
08/28/2012 03:07:58 pm: CALL USP_GetCurrencies();
08/28/2012 03:07:58 pm: CALL USP_GetCategories2();
08/28/2012 03:36:36 pm: CALL USP_GetAccounts();
08/28/2012 03:36:36 pm: CALL USP_GetCategories();
08/28/2012 03:36:36 pm: CALL USP_GetCurrencies();
08/28/2012 03:36:36 pm: CALL USP_GetPayees();
08/28/2012 03:36:36 pm: CALL USP_GetCategories2();
08/28/2012 03:37:01 pm: CALL USP_GetCurrencies();
08/28/2012 03:37:01 pm: CALL USP_GetAccounts();
08/28/2012 03:37:01 pm: CALL USP_GetPayees();
08/28/2012 03:37:01 pm: CALL USP_GetCategories();
08/28/2012 03:37:01 pm: CALL USP_GetCategories2();
08/28/2012 03:37:04 pm: CALL USP_GetAccounts();
08/28/2012 03:37:04 pm: CALL USP_GetPayees();
08/28/2012 03:37:04 pm: CALL USP_GetCurrencies();
08/28/2012 03:37:04 pm: CALL USP_GetCategories();
08/28/2012 03:37:04 pm: CALL USP_GetCategories2();
08/28/2012 03:37:20 pm: CALL USP_GetAccounts();
08/28/2012 03:37:20 pm: CALL USP_GetCurrencies();
08/28/2012 03:37:20 pm: CALL USP_GetPayees();
08/28/2012 03:37:20 pm: CALL USP_GetCategories();
08/28/2012 03:37:20 pm: CALL USP_GetCategories2();
08/28/2012 03:37:21 pm: CALL USP_GetPayees();
08/28/2012 03:37:21 pm: CALL USP_GetAccounts();
08/28/2012 03:37:21 pm: CALL USP_GetCategories();
08/28/2012 03:37:21 pm: CALL USP_GetCurrencies();
08/28/2012 03:37:21 pm: CALL USP_GetCategories2();
08/28/2012 03:40:09 pm: CALL USP_GetAccounts();
08/28/2012 03:40:09 pm: CALL USP_GetCurrencies();
08/28/2012 03:40:09 pm: CALL USP_GetCategories2();
08/28/2012 03:40:09 pm: CALL USP_GetPayees();
08/28/2012 03:40:09 pm: CALL USP_GetCategories();
08/28/2012 03:40:31 pm: CALL USP_GetAccounts();
08/28/2012 03:40:31 pm: CALL USP_GetCurrencies();
08/28/2012 03:40:31 pm: CALL USP_GetPayees();
08/28/2012 03:40:31 pm: CALL USP_GetCategories();
08/28/2012 03:40:31 pm: CALL USP_GetCategories2();
08/28/2012 04:06:21 pm: CALL USP_GetAccounts();
08/28/2012 04:06:21 pm: CALL USP_GetCurrencies();
08/28/2012 04:06:21 pm: CALL USP_GetPayees();
08/28/2012 04:06:21 pm: CALL USP_GetCategories();
08/28/2012 04:06:21 pm: CALL USP_GetCategories2();
08/28/2012 04:08:29 pm: CALL USP_GetAccounts();
08/28/2012 04:08:29 pm: CALL USP_GetCurrencies();
08/28/2012 04:08:29 pm: CALL USP_GetPayees();
08/28/2012 04:08:29 pm: CALL USP_GetCategories2();
08/28/2012 04:08:29 pm: CALL USP_GetCategories();
08/28/2012 04:09:27 pm: CALL USP_GetAccounts();
08/28/2012 04:09:27 pm: CALL USP_GetCurrencies();
08/28/2012 04:09:27 pm: CALL USP_GetCategories2();
08/28/2012 04:09:27 pm: CALL USP_GetCategories();
08/28/2012 04:09:27 pm: CALL USP_GetPayees();
08/28/2012 04:11:29 pm: CALL USP_GetAccounts();
08/28/2012 04:11:29 pm: CALL USP_GetCurrencies();
08/28/2012 04:11:29 pm: CALL USP_GetCategories();
08/28/2012 04:11:29 pm: CALL USP_GetPayees();
08/28/2012 04:11:29 pm: CALL USP_GetCategories2();
08/28/2012 04:11:30 pm: CALL USP_GetAccounts();
08/28/2012 04:11:30 pm: CALL USP_GetCurrencies();
08/28/2012 04:11:30 pm: CALL USP_GetPayees();
08/28/2012 04:11:30 pm: CALL USP_GetCategories();
08/28/2012 04:11:30 pm: CALL USP_GetCategories2();
08/28/2012 04:15:45 pm: CALL USP_GetCategories2();
08/28/2012 04:15:45 pm: CALL USP_GetPayees();
08/28/2012 04:15:45 pm: CALL USP_GetCurrencies();
08/28/2012 04:15:45 pm: CALL USP_GetCategories();
08/28/2012 04:15:45 pm: CALL USP_GetAccounts();
08/28/2012 04:16:22 pm: CALL USP_GetCurrencies();
08/28/2012 04:16:22 pm: CALL USP_GetCategories2();
08/28/2012 04:16:22 pm: CALL USP_GetAccounts();
08/28/2012 04:16:22 pm: CALL USP_GetPayees();
08/28/2012 04:16:22 pm: CALL USP_GetCategories();
08/28/2012 04:16:24 pm: CALL USP_GetAccounts();
08/28/2012 04:16:24 pm: CALL USP_GetCategories2();
08/28/2012 04:16:24 pm: CALL USP_GetCurrencies();
08/28/2012 04:16:24 pm: CALL USP_GetCategories();
08/28/2012 04:16:24 pm: CALL USP_GetPayees();
08/28/2012 04:18:41 pm: CALL USP_GetPayees();
08/28/2012 04:18:41 pm: CALL USP_GetCurrencies();
08/28/2012 04:18:41 pm: CALL USP_GetCategories();
08/28/2012 04:18:41 pm: CALL USP_GetCategories2();
08/28/2012 04:18:41 pm: CALL USP_GetAccounts();
08/28/2012 04:18:43 pm: CALL USP_GetAccounts();
08/28/2012 04:18:43 pm: CALL USP_GetCategories();
08/28/2012 04:18:43 pm: CALL USP_GetCurrencies();
08/28/2012 04:18:43 pm: CALL USP_GetPayees();
08/28/2012 04:18:43 pm: CALL USP_GetCategories2();
08/28/2012 04:18:51 pm: CALL USP_GetCurrencies();
08/28/2012 04:18:51 pm: CALL USP_GetCategories();
08/28/2012 04:18:51 pm: CALL USP_GetAccounts();
08/28/2012 04:18:51 pm: CALL USP_GetCategories2();
08/28/2012 04:18:51 pm: CALL USP_GetPayees();
08/28/2012 04:19:01 pm: CALL USP_GetAccounts();
08/28/2012 04:19:01 pm: CALL USP_GetCategories2();
08/28/2012 04:19:01 pm: CALL USP_GetCategories();
08/28/2012 04:19:01 pm: CALL USP_GetCurrencies();
08/28/2012 04:19:01 pm: CALL USP_GetPayees();
08/28/2012 04:19:15 pm: CALL USP_GetAccounts();
08/28/2012 04:19:15 pm: CALL USP_GetCurrencies();
08/28/2012 04:19:15 pm: CALL USP_GetPayees();
08/28/2012 04:19:15 pm: CALL USP_GetCategories();
08/28/2012 04:19:15 pm: CALL USP_GetCategories2();
08/28/2012 04:19:55 pm: CALL USP_GetAccounts();
08/28/2012 04:19:55 pm: CALL USP_GetCurrencies();
08/28/2012 04:19:55 pm: CALL USP_GetPayees();
08/28/2012 04:19:55 pm: CALL USP_GetCategories();
08/28/2012 04:19:55 pm: CALL USP_GetCategories2();
08/28/2012 04:19:57 pm: CALL USP_GetAccounts();
08/28/2012 04:19:57 pm: CALL USP_GetCurrencies();
08/28/2012 04:19:57 pm: CALL USP_GetCategories();
08/28/2012 04:19:57 pm: CALL USP_GetPayees();
08/28/2012 04:19:57 pm: CALL USP_GetCategories2();
08/28/2012 04:20:21 pm: CALL USP_GetAccounts();
08/28/2012 04:20:21 pm: CALL USP_GetCategories2();
08/28/2012 04:20:21 pm: CALL USP_GetCurrencies();
08/28/2012 04:20:21 pm: CALL USP_GetCategories();
08/28/2012 04:20:21 pm: CALL USP_GetPayees();
08/28/2012 04:20:41 pm: CALL USP_GetAccounts();
08/28/2012 04:20:41 pm: CALL USP_GetCurrencies();
08/28/2012 04:20:41 pm: CALL USP_GetCategories();
08/28/2012 04:20:41 pm: CALL USP_GetPayees();
08/28/2012 04:20:41 pm: CALL USP_GetCategories2();
08/28/2012 04:24:19 pm: CALL USP_GetAccounts();
08/28/2012 04:24:19 pm: CALL USP_GetCurrencies();
08/28/2012 04:24:19 pm: CALL USP_GetPayees();
08/28/2012 04:24:19 pm: CALL USP_GetCategories2();
08/28/2012 04:24:19 pm: CALL USP_GetCategories();
08/28/2012 04:26:12 pm: CALL USP_GetAccounts();
08/28/2012 04:26:12 pm: CALL USP_GetCurrencies();
08/28/2012 04:26:12 pm: CALL USP_GetCategories();
08/28/2012 04:26:12 pm: CALL USP_GetPayees();
08/28/2012 04:26:12 pm: CALL USP_GetCategories2();
08/28/2012 04:26:43 pm: CALL USP_GetCurrencies();
08/28/2012 04:26:43 pm: CALL USP_GetAccounts();
08/28/2012 04:26:43 pm: CALL USP_GetCategories();
08/28/2012 04:26:43 pm: CALL USP_GetPayees();
08/28/2012 04:26:43 pm: CALL USP_GetCategories2();
08/28/2012 04:27:24 pm: CALL USP_GetAccounts();
08/28/2012 04:27:24 pm: CALL USP_GetCurrencies();
08/28/2012 04:27:24 pm: CALL USP_GetPayees();
08/28/2012 04:27:24 pm: CALL USP_GetCategories();
08/28/2012 04:27:24 pm: CALL USP_GetCategories2();
08/28/2012 04:27:59 pm: CALL USP_GetAccounts();
08/28/2012 04:27:59 pm: CALL USP_GetPayees();
08/28/2012 04:27:59 pm: CALL USP_GetCategories2();
08/28/2012 04:27:59 pm: CALL USP_GetCategories();
08/28/2012 04:27:59 pm: CALL USP_GetCurrencies();
08/28/2012 04:29:09 pm: CALL USP_GetAccounts();
08/28/2012 04:29:09 pm: CALL USP_GetPayees();
08/28/2012 04:29:09 pm: CALL USP_GetCategories();
08/28/2012 04:29:09 pm: CALL USP_GetCategories2();
08/28/2012 04:29:09 pm: CALL USP_GetCurrencies();
08/28/2012 04:29:59 pm: CALL USP_InsertTransaction('2012-08-28','15','1','1','25','123','135','0','test insert');
08/28/2012 04:29:59 pm: CALL USP_InsertTransaction('2012-08-28','15','1','1','25','123','135','0','test insert');
08/28/2012 04:30:07 pm: CALL USP_GetCategories();
08/28/2012 04:30:07 pm: CALL USP_GetAccounts();
08/28/2012 04:30:07 pm: CALL USP_GetCategories2();
08/28/2012 04:30:07 pm: CALL USP_GetPayees();
08/28/2012 04:30:07 pm: CALL USP_GetCurrencies();
08/28/2012 04:30:33 pm: CALL USP_GetCurrencies();
08/28/2012 04:30:33 pm: CALL USP_GetAccounts();
08/28/2012 04:30:33 pm: CALL USP_GetCategories2();
08/28/2012 04:30:33 pm: CALL USP_GetCategories();
08/28/2012 04:30:33 pm: CALL USP_GetPayees();
08/28/2012 04:31:10 pm: CALL USP_GetAccounts();
08/28/2012 04:31:10 pm: CALL USP_GetCategories();
08/28/2012 04:31:10 pm: CALL USP_GetPayees();
08/28/2012 04:31:10 pm: CALL USP_GetCategories2();
08/28/2012 04:31:10 pm: CALL USP_GetCurrencies();
08/28/2012 04:31:27 pm: CALL USP_GetAccounts();
08/28/2012 04:31:27 pm: CALL USP_GetPayees();
08/28/2012 04:31:27 pm: CALL USP_GetCurrencies();
08/28/2012 04:31:27 pm: CALL USP_GetCategories();
08/28/2012 04:31:27 pm: CALL USP_GetCategories2();
08/28/2012 04:32:36 pm: CALL USP_GetAccounts();
08/28/2012 04:32:37 pm: CALL USP_GetCurrencies();
08/28/2012 04:32:37 pm: CALL USP_GetCategories();
08/28/2012 04:32:37 pm: CALL USP_GetPayees();
08/28/2012 04:32:37 pm: CALL USP_GetCategories2();
08/28/2012 04:33:15 pm: CALL USP_GetAccounts();
08/28/2012 04:33:15 pm: CALL USP_GetCategories();
08/28/2012 04:33:15 pm: CALL USP_GetPayees();
08/28/2012 04:33:15 pm: CALL USP_GetCategories2();
08/28/2012 04:33:15 pm: CALL USP_GetCurrencies();
08/28/2012 04:33:34 pm: CALL USP_GetCurrencies();
08/28/2012 04:33:34 pm: CALL USP_GetAccounts();
08/28/2012 04:33:34 pm: CALL USP_GetCategories();
08/28/2012 04:33:34 pm: CALL USP_GetPayees();
08/28/2012 04:33:34 pm: CALL USP_GetCategories2();
08/28/2012 04:33:43 pm: CALL USP_GetAccounts();
08/28/2012 04:33:43 pm: CALL USP_GetCurrencies();
08/28/2012 04:33:43 pm: CALL USP_GetPayees();
08/28/2012 04:33:43 pm: CALL USP_GetCategories();
08/28/2012 04:33:43 pm: CALL USP_GetCategories2();
08/28/2012 04:34:14 pm: CALL USP_GetCurrencies();
08/28/2012 04:34:14 pm: CALL USP_GetPayees();
08/28/2012 04:34:14 pm: CALL USP_GetCategories();
08/28/2012 04:34:14 pm: CALL USP_GetAccounts();
08/28/2012 04:34:14 pm: CALL USP_GetCategories2();
08/28/2012 04:35:33 pm: CALL USP_GetAccounts();
08/28/2012 04:35:33 pm: CALL USP_GetCurrencies();
08/28/2012 04:35:33 pm: CALL USP_GetPayees();
08/28/2012 04:35:33 pm: CALL USP_GetCategories2();
08/28/2012 04:35:33 pm: CALL USP_GetCategories();
08/28/2012 04:36:08 pm: CALL USP_GetAccounts();
08/28/2012 04:36:08 pm: CALL USP_GetCurrencies();
08/28/2012 04:36:08 pm: CALL USP_GetCategories();
08/28/2012 04:36:08 pm: CALL USP_GetCategories2();
08/28/2012 04:36:08 pm: CALL USP_GetPayees();
08/28/2012 04:36:43 pm: CALL USP_GetAccounts();
08/28/2012 04:36:44 pm: CALL USP_GetPayees();
08/28/2012 04:36:44 pm: CALL USP_GetCurrencies();
08/28/2012 04:36:44 pm: CALL USP_GetCategories();
08/28/2012 04:36:44 pm: CALL USP_GetCategories2();
08/28/2012 04:37:06 pm: CALL USP_GetCurrencies();
08/28/2012 04:37:06 pm: CALL USP_GetAccounts();
08/28/2012 04:37:06 pm: CALL USP_GetCategories();
08/28/2012 04:37:06 pm: CALL USP_GetPayees();
08/28/2012 04:37:06 pm: CALL USP_GetCategories2();
08/28/2012 04:37:15 pm: CALL USP_GetAccounts();
08/28/2012 04:37:15 pm: CALL USP_GetCurrencies();
08/28/2012 04:37:15 pm: CALL USP_GetCategories2();
08/28/2012 04:37:15 pm: CALL USP_GetPayees();
08/28/2012 04:37:16 pm: CALL USP_GetCategories();
08/28/2012 04:37:54 pm: CALL USP_GetAccounts();
08/28/2012 04:37:54 pm: CALL USP_GetPayees();
08/28/2012 04:37:54 pm: CALL USP_GetCategories2();
08/28/2012 04:37:54 pm: CALL USP_GetCategories();
08/28/2012 04:37:54 pm: CALL USP_GetCurrencies();
08/28/2012 04:37:59 pm: CALL USP_GetAccounts();
08/28/2012 04:37:59 pm: CALL USP_GetCurrencies();
08/28/2012 04:37:59 pm: CALL USP_GetCategories();
08/28/2012 04:37:59 pm: CALL USP_GetPayees();
08/28/2012 04:37:59 pm: CALL USP_GetCategories2();
08/28/2012 04:38:23 pm: CALL USP_GetAccounts();
08/28/2012 04:38:23 pm: CALL USP_GetCategories2();
08/28/2012 04:38:23 pm: CALL USP_GetCurrencies();
08/28/2012 04:38:23 pm: CALL USP_GetPayees();
08/28/2012 04:38:23 pm: CALL USP_GetCategories();
08/28/2012 04:38:36 pm: CALL USP_GetAccounts();
08/28/2012 04:38:36 pm: CALL USP_GetCurrencies();
08/28/2012 04:38:36 pm: CALL USP_GetPayees();
08/28/2012 04:38:36 pm: CALL USP_GetCategories();
08/28/2012 04:38:36 pm: CALL USP_GetCategories2();
08/28/2012 07:19:21 pm: CALL USP_GetCategories();
08/28/2012 07:19:21 pm: CALL USP_GetPayees();
08/28/2012 07:19:21 pm: CALL USP_GetCategories2();
08/28/2012 07:19:21 pm: CALL USP_GetCurrencies();
08/28/2012 07:19:21 pm: CALL USP_GetAccounts();
08/28/2012 07:21:57 pm: CALL USP_GetAccounts();
08/28/2012 07:21:57 pm: CALL USP_GetCategories2();
08/28/2012 07:21:57 pm: CALL USP_GetCategories();
08/28/2012 07:21:57 pm: CALL USP_GetCurrencies();
08/28/2012 07:21:57 pm: CALL USP_GetPayees();
08/28/2012 07:22:25 pm: CALL USP_GetPayees();
08/28/2012 07:22:25 pm: CALL USP_GetAccounts();
08/28/2012 07:22:25 pm: CALL USP_GetCategories();
08/28/2012 07:22:25 pm: CALL USP_GetCategories2();
08/28/2012 07:22:25 pm: CALL USP_GetCurrencies();
08/28/2012 09:29:29 pm: CALL USP_GetAccounts();
08/28/2012 09:29:29 pm: CALL USP_GetCurrencies();
08/28/2012 09:29:29 pm: CALL USP_GetPayees();
08/28/2012 09:29:29 pm: CALL USP_GetCategories();
08/28/2012 09:29:29 pm: CALL USP_GetCategories2();
08/28/2012 09:29:54 pm: CALL USP_GetAccounts();
08/28/2012 09:29:54 pm: CALL USP_GetCurrencies();
08/28/2012 09:29:54 pm: CALL USP_GetPayees();
08/28/2012 09:29:54 pm: CALL USP_GetCategories2();
08/28/2012 09:29:54 pm: CALL USP_GetCategories();
08/28/2012 09:30:02 pm: CALL USP_GetPayees();
08/28/2012 09:30:02 pm: CALL USP_GetAccounts();
08/28/2012 09:30:02 pm: CALL USP_GetCategories();
08/28/2012 09:30:02 pm: CALL USP_GetCurrencies();
08/28/2012 09:30:02 pm: CALL USP_GetCategories2();
08/28/2012 09:31:41 pm: CALL USP_GetAccounts();
08/28/2012 09:31:41 pm: CALL USP_GetCurrencies();
08/28/2012 09:31:41 pm: CALL USP_GetCategories2();
08/28/2012 09:31:41 pm: CALL USP_GetCategories();
08/28/2012 09:31:41 pm: CALL USP_GetPayees();
08/28/2012 09:31:51 pm: CALL USP_GetCurrencies();
08/28/2012 09:31:51 pm: CALL USP_GetAccounts();
08/28/2012 09:31:51 pm: CALL USP_GetPayees();
08/28/2012 09:31:51 pm: CALL USP_GetCategories();
08/28/2012 09:31:51 pm: CALL USP_GetCategories2();
08/28/2012 09:32:00 pm: CALL USP_GetCategories();
08/28/2012 09:32:00 pm: CALL USP_GetCategories2();
08/28/2012 09:32:00 pm: CALL USP_GetAccounts();
08/28/2012 09:32:00 pm: CALL USP_GetCurrencies();
08/28/2012 09:32:00 pm: CALL USP_GetPayees();
