10/16/2012 10:55:28 am: CALL USP_GetPayees();
10/16/2012 10:55:28 am: CALL USP_GetCategories();
10/16/2012 10:55:28 am: CALL USP_GetCategories2();
10/16/2012 10:55:28 am: CALL USP_GetCurrencies();
10/16/2012 10:55:28 am: CALL USP_GetAccounts();
10/16/2012 10:55:47 am: CALL USP_GetAccounts();
10/16/2012 10:55:47 am: CALL USP_GetCurrencies();
10/16/2012 10:55:47 am: CALL USP_GetPayees();
10/16/2012 10:55:47 am: CALL USP_GetCategories();
10/16/2012 10:55:47 am: CALL USP_GetCategories2();
10/16/2012 10:56:05 am: CALL USP_GetPayees();
10/16/2012 10:56:05 am: CALL USP_GetCurrencies();
10/16/2012 10:56:05 am: CALL USP_GetAccounts();
10/16/2012 10:56:05 am: CALL USP_GetCategories();
10/16/2012 10:56:05 am: CALL USP_GetCategories2();
10/16/2012 10:56:57 am: CALL USP_GetCurrencies();
10/16/2012 10:56:57 am: CALL USP_GetPayees();
10/16/2012 10:56:57 am: CALL USP_GetCategories();
10/16/2012 10:56:57 am: CALL USP_GetAccounts();
10/16/2012 10:56:57 am: CALL USP_GetCategories2();
10/16/2012 10:57:15 am: CALL USP_GetCurrencies();
10/16/2012 10:57:15 am: CALL USP_GetCategories();
10/16/2012 10:57:15 am: CALL USP_GetCategories2();
10/16/2012 10:57:15 am: CALL USP_GetAccounts();
10/16/2012 10:57:15 am: CALL USP_GetPayees();
10/16/2012 10:57:18 am: CALL USP_GetAccounts();
10/16/2012 10:57:18 am: CALL USP_GetPayees();
10/16/2012 10:57:18 am: CALL USP_GetCategories();
10/16/2012 10:57:18 am: CALL USP_GetCurrencies();
10/16/2012 10:57:18 am: CALL USP_GetCategories2();
10/16/2012 10:57:35 am: CALL USP_InsertTransaction('2012-10-15','11','1','1','9','48','17','-6','');
10/16/2012 10:57:35 am: CALL USP_InsertTransaction('2012-10-15','11','1','1','9','48','17','-6','');
10/16/2012 10:58:00 am: CALL USP_InsertTransaction('2012-10-15','17','1','1','6','41','4','-16.95','USB speakers');
10/16/2012 10:58:00 am: CALL USP_InsertTransaction('2012-10-15','17','1','1','6','41','4','-16.95','USB speakers');
10/16/2012 10:58:03 am: CALL USP_GetAccounts();
10/16/2012 10:58:03 am: CALL USP_GetCategories();
10/16/2012 10:58:03 am: CALL USP_GetCurrencies();
10/16/2012 10:58:03 am: CALL USP_GetPayees();
10/16/2012 10:58:03 am: CALL USP_GetCategories2();
10/16/2012 05:22:08 pm: CALL USP_GetAccounts();
10/16/2012 05:22:08 pm: CALL USP_GetCurrencies();
10/16/2012 05:22:08 pm: CALL USP_GetPayees();
10/16/2012 05:22:08 pm: CALL USP_GetCategories2();
10/16/2012 05:22:08 pm: CALL USP_GetCategories();
10/16/2012 05:22:20 pm: CALL USP_GetCurrencies();
10/16/2012 05:22:20 pm: CALL USP_GetCategories2();
10/16/2012 05:22:20 pm: CALL USP_GetAccounts();
10/16/2012 05:22:20 pm: CALL USP_GetCategories();
10/16/2012 05:22:20 pm: CALL USP_GetPayees();
