09/18/2012 07:31:42 pm: CALL USP_GetCurrencies();
09/18/2012 07:31:42 pm: CALL USP_GetCategories();
09/18/2012 07:31:42 pm: CALL USP_GetAccounts();
09/18/2012 07:31:42 pm: CALL USP_GetCategories2();
09/18/2012 07:31:42 pm: CALL USP_GetPayees();
09/18/2012 07:31:51 pm: CALL USP_GetAccounts();
09/18/2012 07:31:51 pm: CALL USP_GetCurrencies();
09/18/2012 07:31:51 pm: CALL USP_GetPayees();
09/18/2012 07:31:51 pm: CALL USP_GetCategories();
09/18/2012 07:31:51 pm: CALL USP_GetCategories2();
09/18/2012 07:32:06 pm: CALL USP_InsertTransaction('2012-09-18','1','1','1','2','17','6','-12.9','');
09/18/2012 07:32:06 pm: CALL USP_InsertTransaction('2012-09-18','1','1','1','2','17','6','-12.9','');
09/18/2012 07:35:35 pm: CALL USP_InsertTransaction('2012-09-18','6','1','1','29','130','179','-94.45','Train tickets for Tabernacles 2012');
09/18/2012 07:35:35 pm: CALL USP_InsertTransaction('2012-09-18','6','1','1','29','130','179','-94.45','Train tickets for Tabernacles 2012');
09/18/2012 07:37:23 pm: CALL USP_GetAccounts();
09/18/2012 07:37:23 pm: CALL USP_GetCurrencies();
09/18/2012 07:37:23 pm: CALL USP_GetPayees();
09/18/2012 07:37:23 pm: CALL USP_GetCategories();
09/18/2012 07:37:23 pm: CALL USP_GetCategories2();
09/18/2012 07:39:04 pm: CALL USP_GetBudgetSettings ()
09/18/2012 07:39:23 pm: CALL USP_GetAccounts();
09/18/2012 07:39:23 pm: CALL USP_GetCurrencies();
09/18/2012 07:39:23 pm: CALL USP_GetPayees();
09/18/2012 07:39:23 pm: CALL USP_GetCategories();
09/18/2012 07:39:23 pm: CALL USP_GetCategories2();
09/18/2012 07:44:40 pm: CALL USP_GetCategories();
09/18/2012 07:44:40 pm: CALL USP_GetAccounts();
09/18/2012 07:44:40 pm: CALL USP_GetCurrencies();
09/18/2012 07:44:40 pm: CALL USP_GetPayees();
09/18/2012 07:44:40 pm: CALL USP_GetCategories2();
09/18/2012 07:45:54 pm: CALL USP_GetAccounts();
09/18/2012 07:45:54 pm: CALL USP_GetPayees();
09/18/2012 07:45:54 pm: CALL USP_GetCurrencies();
09/18/2012 07:45:54 pm: CALL USP_GetCategories2();
09/18/2012 07:45:54 pm: CALL USP_GetCategories();
09/18/2012 07:46:48 pm: CALL USP_GetCategories2();
09/18/2012 07:46:48 pm: CALL USP_GetAccounts();
09/18/2012 07:46:48 pm: CALL USP_GetCategories();
09/18/2012 07:46:48 pm: CALL USP_GetCurrencies();
09/18/2012 07:46:48 pm: CALL USP_GetPayees();
09/18/2012 07:46:49 pm: CALL USP_GetAccounts();
09/18/2012 07:46:49 pm: CALL USP_GetPayees();
09/18/2012 07:46:49 pm: CALL USP_GetCategories();
09/18/2012 07:46:49 pm: CALL USP_GetCategories2();
09/18/2012 07:46:49 pm: CALL USP_GetCurrencies();
09/18/2012 07:46:50 pm: CALL USP_GetCurrencies();
09/18/2012 07:46:50 pm: CALL USP_GetCategories2();
09/18/2012 07:46:50 pm: CALL USP_GetPayees();
09/18/2012 07:46:50 pm: CALL USP_GetAccounts();
09/18/2012 07:46:50 pm: CALL USP_GetCategories();
09/18/2012 07:46:51 pm: CALL USP_GetCurrencies();
09/18/2012 07:46:51 pm: CALL USP_GetAccounts();
09/18/2012 07:46:51 pm: CALL USP_GetPayees();
09/18/2012 07:46:51 pm: CALL USP_GetCategories();
09/18/2012 07:46:51 pm: CALL USP_GetCategories2();
09/18/2012 07:46:52 pm: CALL USP_GetCurrencies();
09/18/2012 07:46:52 pm: CALL USP_GetPayees();
09/18/2012 07:46:52 pm: CALL USP_GetCategories();
09/18/2012 07:46:52 pm: CALL USP_GetAccounts();
09/18/2012 07:46:52 pm: CALL USP_GetCategories2();
09/18/2012 07:46:53 pm: CALL USP_GetAccounts();
09/18/2012 07:46:53 pm: CALL USP_GetCurrencies();
09/18/2012 07:46:53 pm: CALL USP_GetPayees();
09/18/2012 07:46:53 pm: CALL USP_GetCategories2();
09/18/2012 07:46:53 pm: CALL USP_GetCategories();
09/18/2012 07:46:55 pm: CALL USP_GetCurrencies();
09/18/2012 07:46:55 pm: CALL USP_GetAccounts();
09/18/2012 07:46:55 pm: CALL USP_GetCategories();
09/18/2012 07:46:55 pm: CALL USP_GetPayees();
09/18/2012 07:46:55 pm: CALL USP_GetCategories2();
09/18/2012 07:46:55 pm: CALL USP_GetCurrencies();
09/18/2012 07:46:55 pm: CALL USP_GetCategories();
09/18/2012 07:46:55 pm: CALL USP_GetAccounts();
09/18/2012 07:46:55 pm: CALL USP_GetPayees();
09/18/2012 07:46:55 pm: CALL USP_GetCategories2();
09/18/2012 07:46:56 pm: CALL USP_GetCurrencies();
09/18/2012 07:46:56 pm: CALL USP_GetAccounts();
09/18/2012 07:46:56 pm: CALL USP_GetCategories();
09/18/2012 07:46:56 pm: CALL USP_GetCategories2();
09/18/2012 07:46:56 pm: CALL USP_GetPayees();
09/18/2012 07:53:48 pm: CALL USP_GetAccounts();
09/18/2012 07:53:48 pm: CALL USP_GetCurrencies();
09/18/2012 07:53:48 pm: CALL USP_GetPayees();
09/18/2012 07:53:48 pm: CALL USP_GetCategories();
09/18/2012 07:53:48 pm: CALL USP_GetCategories2();
09/18/2012 07:53:50 pm: CALL USP_GetCurrencies();
09/18/2012 07:53:50 pm: CALL USP_GetCategories();
09/18/2012 07:53:50 pm: CALL USP_GetCategories2();
09/18/2012 07:53:50 pm: CALL USP_GetPayees();
09/18/2012 07:53:50 pm: CALL USP_GetAccounts();
09/18/2012 07:53:55 pm: CALL USP_GetAccounts();
09/18/2012 07:53:55 pm: CALL USP_GetCurrencies();
09/18/2012 07:53:55 pm: CALL USP_GetCategories2();
09/18/2012 07:53:55 pm: CALL USP_GetPayees();
09/18/2012 07:53:55 pm: CALL USP_GetCategories();
