12/01/2012 05:21:29 pm: CALL USP_GetCurrencies();
12/01/2012 05:21:29 pm: CALL USP_GetAccounts();
12/01/2012 05:21:29 pm: CALL USP_GetPayees();
12/01/2012 05:22:35 pm: CALL USP_GetAccounts();
12/01/2012 05:22:35 pm: CALL USP_GetCurrencies();
12/01/2012 05:22:35 pm: CALL USP_GetPayees();
12/01/2012 05:22:35 pm: CALL USP_GetCategories();
12/01/2012 05:22:35 pm: CALL USP_GetCategories2();
12/01/2012 05:23:21 pm: CALL USP_GetAccounts();
12/01/2012 05:23:21 pm: CALL USP_GetPayees();
12/01/2012 05:23:21 pm: CALL USP_GetCategories();
12/01/2012 05:23:21 pm: CALL USP_GetCurrencies();
12/01/2012 05:23:21 pm: CALL USP_GetCategories2();
12/01/2012 05:23:37 pm: CALL USP_InsertTransaction('2012-12-01','1','1','3','23','103','135','-510','');
12/01/2012 05:23:37 pm: CALL USP_InsertTransaction('2012-12-01','1','1','3','23','103','135','-510','');
12/01/2012 05:23:37 pm: CALL USP_InsertTransaction('2012-12-01','4','1','3','23','103','135','510','');
12/01/2012 05:23:37 pm: CALL USP_InsertTransaction('2012-12-01','4','1','3','23','103','135','510','');
12/01/2012 05:24:17 pm: CALL USP_InsertTransaction('2012-12-01','11','1','1','7','45','123','-5.56','');
12/01/2012 05:24:17 pm: CALL USP_InsertTransaction('2012-12-01','11','1','1','7','45','123','-5.56','');
12/01/2012 05:26:18 pm: CALL USP_InsertTransaction('2012-12-01','11','1','1','11','54','123','-8.63','');
12/01/2012 05:26:18 pm: CALL USP_InsertTransaction('2012-12-01','11','1','1','11','54','123','-8.63','');
12/01/2012 05:26:54 pm: CALL USP_InsertTransaction('2012-12-01','11','1','1','11','56','123','-5.29','clothe detergent');
12/01/2012 05:26:54 pm: CALL USP_InsertTransaction('2012-12-01','11','1','1','11','56','123','-5.29','clothe detergent');
12/01/2012 05:27:14 pm: CALL USP_InsertTransaction('2012-12-01','11','1','1','14','82','123','-5.99','ski gloves');
12/01/2012 05:27:14 pm: CALL USP_InsertTransaction('2012-12-01','11','1','1','14','82','123','-5.99','ski gloves');
12/01/2012 05:27:18 pm: CALL USP_GetAccounts();
12/01/2012 05:27:18 pm: CALL USP_GetCurrencies();
12/01/2012 05:27:18 pm: CALL USP_GetPayees();
12/01/2012 05:27:18 pm: CALL USP_GetCategories();
12/01/2012 05:27:18 pm: CALL USP_GetCategories2();
12/01/2012 05:28:04 pm: CALL USP_GetCategories();
12/01/2012 05:28:04 pm: CALL USP_GetPayees();
12/01/2012 05:28:04 pm: CALL USP_GetCategories2();
12/01/2012 05:28:04 pm: CALL USP_GetCurrencies();
12/01/2012 05:28:04 pm: CALL USP_GetAccounts();
