08/07/2012 09:05:01 am: CALL USP_GetPayees();
08/07/2012 09:05:01 am: CALL USP_GetAccounts();
08/07/2012 09:05:02 am: CALL USP_GetCategories2();
08/07/2012 09:05:02 am: CALL USP_GetCategories();
08/07/2012 09:05:02 am: CALL USP_GetCurrencies();
08/07/2012 03:07:40 pm: CALL USP_GetAccounts();
08/07/2012 03:07:40 pm: CALL USP_GetCategories();
08/07/2012 03:07:40 pm: CALL USP_GetCurrencies();
08/07/2012 03:07:40 pm: CALL USP_GetPayees();
08/07/2012 03:07:40 pm: CALL USP_GetCategories2();
08/07/2012 03:07:49 pm: CALL USP_GetPayees();
08/07/2012 03:07:49 pm: CALL USP_GetAccounts();
08/07/2012 03:07:49 pm: CALL USP_GetCategories2();
08/07/2012 03:07:49 pm: CALL USP_GetCategories();
08/07/2012 03:07:49 pm: CALL USP_GetCurrencies();
08/07/2012 03:07:56 pm: CALL USP_GetCurrencies ()
08/07/2012 03:07:57 pm: CALL USP_GetAccounts ()
08/07/2012 03:07:58 pm: CALL USP_GetCategories2 ()
08/07/2012 03:07:58 pm: CALL USP_GetCategories ()
08/07/2012 03:07:58 pm: CALL USP_GetPayees ()
08/07/2012 03:07:59 pm: CALL USP_GetTransactionTypes ()
08/07/2012 09:09:56 pm: CALL USP_GetCategories2();
08/07/2012 09:09:56 pm: CALL USP_GetCategories();
08/07/2012 09:09:56 pm: CALL USP_GetAccounts();
08/07/2012 09:09:56 pm: CALL USP_GetCurrencies();
08/07/2012 09:09:56 pm: CALL USP_GetPayees();
08/07/2012 09:13:59 pm: CALL USP_GetPayees();
08/07/2012 09:13:59 pm: CALL USP_GetAccounts();
08/07/2012 09:13:59 pm: CALL USP_GetCurrencies();
08/07/2012 09:13:59 pm: CALL USP_GetCategories();
08/07/2012 09:13:59 pm: CALL USP_GetCategories2();
08/07/2012 10:23:25 pm: CALL USP_GetBudgetSettings ()
08/07/2012 10:25:52 pm: CALL USP_GetBudgetSettings ()
08/07/2012 10:28:57 pm: CALL USP_GetBudgetSettings ()
08/07/2012 10:30:32 pm: CALL USP_GetBudgetSettings ()
08/07/2012 10:31:20 pm: CALL USP_GetBudgetSettings ()
08/07/2012 10:33:43 pm: CALL USP_GetBudgetSettings ()
08/07/2012 10:34:27 pm: CALL USP_GetBudgetSettings ()
08/07/2012 10:35:40 pm: CALL USP_GetBudgetSettings ()
08/07/2012 10:37:02 pm: CALL USP_GetBudgetSettings ()
