11/03/2012 06:14:16 pm: CALL USP_GetCategories();
11/03/2012 06:14:16 pm: CALL USP_GetPayees();
11/03/2012 06:14:16 pm: CALL USP_GetCategories2();
11/03/2012 06:14:16 pm: CALL USP_GetCurrencies();
11/03/2012 06:14:16 pm: CALL USP_GetAccounts();
11/03/2012 06:14:35 pm: CALL USP_GetAccounts();
11/03/2012 06:14:35 pm: CALL USP_GetCurrencies();
11/03/2012 06:14:35 pm: CALL USP_GetCategories2();
11/03/2012 06:14:35 pm: CALL USP_GetCategories();
11/03/2012 06:14:35 pm: CALL USP_GetPayees();
11/03/2012 06:15:26 pm: CALL USP_InsertTransaction('2012-11-03','6','1','3','23','110','135','-100','');
11/03/2012 06:15:26 pm: CALL USP_InsertTransaction('2012-11-03','6','1','3','23','110','135','-100','');
11/03/2012 06:15:26 pm: CALL USP_InsertTransaction('2012-11-03','11','1','3','23','110','135','100','');
11/03/2012 06:15:26 pm: CALL USP_InsertTransaction('2012-11-03','11','1','3','23','110','135','100','');
11/03/2012 06:15:57 pm: CALL USP_InsertTransaction('2012-11-03','11','1','1','14','82','123','-19.99','ski pants');
11/03/2012 06:15:57 pm: CALL USP_InsertTransaction('2012-11-03','11','1','1','14','82','123','-19.99','ski pants');
11/03/2012 06:16:10 pm: CALL USP_InsertTransaction('2012-11-03','11','1','1','7','45','123','-1.98','');
11/03/2012 06:16:10 pm: CALL USP_InsertTransaction('2012-11-03','11','1','1','7','45','123','-1.98','');
11/03/2012 06:16:52 pm: CALL USP_InsertTransaction('2012-11-03','11','1','1','7','45','8','-5.06','');
11/03/2012 06:16:52 pm: CALL USP_InsertTransaction('2012-11-03','11','1','1','7','45','8','-5.06','');
11/03/2012 06:17:02 pm: CALL USP_InsertTransaction('2012-11-03','11','1','1','7','45','154','-9.69','');
11/03/2012 06:17:02 pm: CALL USP_InsertTransaction('2012-11-03','11','1','1','7','45','154','-9.69','');
11/03/2012 06:17:29 pm: CALL USP_InsertTransaction('2012-11-03','11','1','1','11','54','8','-.85','Handwash soap');
11/03/2012 06:17:29 pm: CALL USP_InsertTransaction('2012-11-03','11','1','1','11','54','8','-.85','Handwash soap');
11/03/2012 06:17:34 pm: CALL USP_GetCurrencies();
11/03/2012 06:17:34 pm: CALL USP_GetAccounts();
11/03/2012 06:17:34 pm: CALL USP_GetPayees();
11/03/2012 06:17:34 pm: CALL USP_GetCategories2();
11/03/2012 06:17:34 pm: CALL USP_GetCategories();
11/03/2012 06:17:52 pm: CALL USP_GetCurrencies();
11/03/2012 06:17:52 pm: CALL USP_GetAccounts();
11/03/2012 06:17:52 pm: CALL USP_GetPayees();
11/03/2012 06:17:52 pm: CALL USP_GetCategories();
11/03/2012 06:17:52 pm: CALL USP_GetCategories2();
11/03/2012 06:19:03 pm: CALL USP_GetAccounts();
11/03/2012 06:19:03 pm: CALL USP_GetCurrencies();
11/03/2012 06:19:03 pm: CALL USP_GetPayees();
11/03/2012 06:19:03 pm: CALL USP_GetCategories();
11/03/2012 06:19:03 pm: CALL USP_GetCategories2();
11/03/2012 06:20:07 pm: CALL USP_GetCategories();
11/03/2012 06:20:07 pm: CALL USP_GetAccounts();
11/03/2012 06:20:07 pm: CALL USP_GetCurrencies();
11/03/2012 06:20:07 pm: CALL USP_GetPayees();
11/03/2012 06:20:07 pm: CALL USP_GetCategories2();
11/03/2012 06:21:11 pm: CALL USP_GetAccounts();
11/03/2012 06:21:11 pm: CALL USP_GetPayees();
11/03/2012 06:21:11 pm: CALL USP_GetCurrencies();
11/03/2012 06:21:11 pm: CALL USP_GetCategories();
11/03/2012 06:21:11 pm: CALL USP_GetCategories2();
11/03/2012 09:11:43 pm: CALL USP_GetAccounts();
11/03/2012 09:11:43 pm: CALL USP_GetCategories();
11/03/2012 09:11:43 pm: CALL USP_GetPayees();
11/03/2012 09:11:43 pm: CALL USP_GetCurrencies();
11/03/2012 09:11:44 pm: CALL USP_GetCategories2();
11/03/2012 09:11:49 pm: CALL USP_GetAccounts();
11/03/2012 09:12:04 pm: CALL USP_GetAccounts();
11/03/2012 09:12:04 pm: CALL USP_GetPayees();
11/03/2012 09:12:04 pm: CALL USP_GetCategories2();
11/03/2012 09:12:04 pm: CALL USP_GetCurrencies();
11/03/2012 09:12:04 pm: CALL USP_GetCategories();
11/03/2012 09:13:01 pm: CALL USP_GetAccounts();
11/03/2012 09:18:40 pm: CALL USP_GetCategories();
11/03/2012 09:18:40 pm: CALL USP_GetCategories2();
11/03/2012 09:18:40 pm: CALL USP_GetAccounts();
11/03/2012 09:18:40 pm: CALL USP_GetCurrencies();
11/03/2012 09:18:40 pm: CALL USP_GetPayees();
11/03/2012 09:19:05 pm: CALL USP_UpdateAccount (1,'1','AIB - Current test');
11/03/2012 09:19:05 pm: CALL USP_GetAccounts ()
11/03/2012 09:19:05 pm: CALL USP_GetAccounts();
11/03/2012 09:19:35 pm: CALL USP_GetCurrencies();
11/03/2012 09:19:35 pm: CALL USP_GetPayees();
11/03/2012 09:19:35 pm: CALL USP_GetAccounts();
11/03/2012 09:19:35 pm: CALL USP_GetCategories();
11/03/2012 09:19:35 pm: CALL USP_GetCategories2();
11/03/2012 09:19:58 pm: CALL USP_GetAccounts();
11/03/2012 09:19:59 pm: CALL USP_GetCurrencies();
11/03/2012 09:20:01 pm: CALL USP_GetPayees();
11/03/2012 09:20:01 pm: CALL USP_GetCategories2();
11/03/2012 09:20:02 pm: CALL USP_GetCategories();
11/03/2012 09:21:59 pm: CALL USP_UpdateAccount (1,'1','AIB - Current test2');
11/03/2012 09:22:54 pm: CALL USP_GetAccounts ()
11/03/2012 09:22:55 pm: CALL USP_GetAccounts();
11/03/2012 09:23:13 pm: CALL USP_GetAccounts();
11/03/2012 09:23:13 pm: CALL USP_GetCurrencies();
11/03/2012 09:23:14 pm: CALL USP_GetPayees();
11/03/2012 09:23:15 pm: CALL USP_GetCategories();
11/03/2012 09:23:16 pm: CALL USP_GetCategories2();
11/03/2012 09:23:36 pm: CALL USP_UpdateAccount (1,'1','AIB - Current test3');
11/03/2012 09:24:11 pm: CALL USP_GetAccounts ()
11/03/2012 09:24:11 pm: CALL USP_GetAccounts();
11/03/2012 09:24:22 pm: CALL USP_GetAccounts();
11/03/2012 09:24:23 pm: CALL USP_GetCategories2();
11/03/2012 09:24:24 pm: CALL USP_GetCategories();
11/03/2012 09:24:25 pm: CALL USP_GetPayees();
11/03/2012 09:24:26 pm: CALL USP_GetCurrencies();
11/03/2012 09:24:41 pm: CALL USP_GetAccounts();
11/03/2012 09:24:41 pm: CALL USP_GetCurrencies();
11/03/2012 09:24:42 pm: CALL USP_GetPayees();
11/03/2012 09:24:43 pm: CALL USP_GetCategories();
11/03/2012 09:24:43 pm: CALL USP_GetCategories2();
11/03/2012 09:25:03 pm: CALL USP_UpdateAccount (1,'1','AIB - Current test3');
11/03/2012 09:26:01 pm: CALL USP_GetAccounts();
11/03/2012 09:26:31 pm: CALL USP_GetPayees();
11/03/2012 09:26:31 pm: CALL USP_GetCategories2();
11/03/2012 09:26:31 pm: CALL USP_GetCurrencies();
11/03/2012 09:26:31 pm: CALL USP_GetCategories();
11/03/2012 09:26:40 pm: CALL USP_GetCurrencies();
11/03/2012 09:26:40 pm: CALL USP_GetAccounts();
11/03/2012 09:26:40 pm: CALL USP_GetCategories();
11/03/2012 09:26:40 pm: CALL USP_GetPayees();
11/03/2012 09:26:40 pm: CALL USP_GetCategories2();
11/03/2012 09:26:46 pm: CALL USP_UpdateAccount (1,'1','AIB - Current test3');
11/03/2012 09:26:46 pm: CALL USP_GetAccounts();
11/03/2012 09:26:50 pm: CALL USP_GetCurrencies();
11/03/2012 09:26:50 pm: CALL USP_GetCategories();
11/03/2012 09:26:50 pm: CALL USP_GetPayees();
11/03/2012 09:26:50 pm: CALL USP_GetAccounts();
11/03/2012 09:26:50 pm: CALL USP_GetCategories2();
11/03/2012 09:27:20 pm: CALL USP_UpdateAccount (1,'1','AIB - Current test1');
11/03/2012 09:27:20 pm: CALL USP_GetAccounts();
11/03/2012 09:28:18 pm: CALL USP_GetAccounts();
11/03/2012 09:28:18 pm: CALL USP_GetCategories2();
11/03/2012 09:28:18 pm: CALL USP_GetPayees();
11/03/2012 09:28:18 pm: CALL USP_GetCurrencies();
11/03/2012 09:28:18 pm: CALL USP_GetCategories();
11/03/2012 09:28:44 pm: CALL USP_UpdateAccount (1,'1','AIB - Current test');
11/03/2012 09:28:44 pm: CALL USP_GetAccounts();
11/03/2012 09:29:03 pm: CALL USP_GetCategories();
11/03/2012 09:29:51 pm: CALL USP_GetCurrencies();
11/03/2012 09:29:51 pm: CALL USP_GetPayees();
11/03/2012 09:29:51 pm: CALL USP_GetAccounts();
11/03/2012 09:29:51 pm: CALL USP_GetCategories();
11/03/2012 09:29:51 pm: CALL USP_GetCategories2();
11/03/2012 09:30:06 pm: CALL USP_GetAccounts();
11/03/2012 09:30:06 pm: CALL USP_GetPayees();
11/03/2012 09:30:07 pm: CALL USP_GetCurrencies();
11/03/2012 09:30:08 pm: CALL USP_GetCategories2();
11/03/2012 09:30:09 pm: CALL USP_GetCategories();
11/03/2012 09:32:13 pm: CALL USP_UpdateAccount (1,'1','AIB - Current test1');
11/03/2012 09:33:18 pm: CALL USP_GetAccounts();
11/03/2012 09:33:55 pm: CALL USP_GetPayees();
11/03/2012 09:33:56 pm: CALL USP_GetCurrencies();
11/03/2012 09:33:56 pm: CALL USP_GetCategories2();
11/03/2012 09:33:57 pm: CALL USP_GetCategories();
11/03/2012 09:33:58 pm: CALL USP_GetAccounts();
11/03/2012 09:34:17 pm: CALL USP_UpdateAccount (1,'1','AIB - Current test2');
11/03/2012 09:34:22 pm: CALL USP_GetAccounts ()
11/03/2012 09:38:22 pm: CALL USP_UpdateAccount (1,'1','AIB - Current test1');
11/03/2012 09:38:22 pm: CALL USP_GetAccounts ()
11/03/2012 09:38:22 pm: CALL USP_GetAccounts();
11/03/2012 09:38:42 pm: CALL USP_UpdateAccount (1,'1','AIB - Current test');
11/03/2012 09:38:42 pm: CALL USP_GetAccounts ()
11/03/2012 09:38:42 pm: CALL USP_GetAccounts();
11/03/2012 09:38:55 pm: CALL USP_UpdateAccount (1,'2','AIB - Online notice 7-161 sooo good');
11/03/2012 09:38:55 pm: CALL USP_GetAccounts ()
11/03/2012 09:38:55 pm: CALL USP_GetAccounts();
11/03/2012 09:48:32 pm: CALL USP_GetCurrencies();
11/03/2012 09:48:32 pm: CALL USP_GetAccounts();
11/03/2012 09:48:32 pm: CALL USP_GetPayees();
11/03/2012 09:48:32 pm: CALL USP_GetCategories();
11/03/2012 09:48:32 pm: CALL USP_GetCategories2();
11/03/2012 09:48:38 pm: CALL USP_UpdateAccount (1,'1','AIB - Current');
11/03/2012 09:48:38 pm: CALL USP_GetAccounts ()
11/03/2012 09:48:38 pm: CALL USP_GetAccounts();
11/03/2012 09:48:45 pm: CALL USP_UpdateCategory ('1','Bike2');
11/03/2012 09:48:45 pm: CALL USP_GetCategories ()
11/03/2012 09:48:45 pm: CALL USP_GetCategories();
11/03/2012 09:48:50 pm: CALL USP_UpdateCategory ('1','Bike');
11/03/2012 09:48:50 pm: CALL USP_GetCategories ()
11/03/2012 09:48:50 pm: CALL USP_GetCategories();
11/03/2012 09:49:02 pm: CALL USP_UpdateCategory ('1','Bike');
11/03/2012 09:49:02 pm: CALL USP_GetCategories ()
11/03/2012 09:49:02 pm: CALL USP_GetCategories();
11/03/2012 09:50:24 pm: CALL USP_GetAccounts();
11/03/2012 09:50:24 pm: CALL USP_GetCurrencies();
11/03/2012 09:50:24 pm: CALL USP_GetPayees();
11/03/2012 09:50:24 pm: CALL USP_GetCategories();
11/03/2012 09:50:24 pm: CALL USP_GetCategories2();
11/03/2012 09:50:35 pm: CALL USP_GetPayees();
11/03/2012 09:54:00 pm: CALL USP_UpdateCategory ('1','Bike');
11/03/2012 09:54:00 pm: CALL USP_GetCategories ()
11/03/2012 09:54:00 pm: CALL USP_GetCategories();
11/03/2012 09:54:34 pm: CALL USP_GetCurrencies();
11/03/2012 09:54:34 pm: CALL USP_GetAccounts();
11/03/2012 09:54:34 pm: CALL USP_GetPayees();
11/03/2012 09:54:34 pm: CALL USP_GetCategories2();
11/03/2012 09:54:34 pm: CALL USP_GetCategories();
11/03/2012 09:54:52 pm: CALL USP_GetAccounts();
11/03/2012 09:54:53 pm: CALL USP_GetCurrencies();
11/03/2012 09:54:53 pm: CALL USP_GetCategories2();
11/03/2012 09:54:54 pm: CALL USP_GetPayees();
11/03/2012 09:54:55 pm: CALL USP_GetCategories();
11/03/2012 09:57:17 pm: CALL USP_UpdateCategory ('1','Bike');
11/03/2012 09:57:25 pm: CALL USP_GetCategories ()
11/03/2012 09:57:25 pm: CALL USP_GetCategories();
11/03/2012 09:59:03 pm: CALL USP_UpdateAccount (1,'1','AIB - Current');
11/03/2012 09:59:03 pm: CALL USP_GetAccounts ()
11/03/2012 09:59:03 pm: CALL USP_GetAccounts();
11/03/2012 10:00:04 pm: CALL USP_UpdateAccount (1,'1','AIB - Current');
11/03/2012 10:00:04 pm: CALL USP_GetAccounts ()
11/03/2012 10:00:04 pm: CALL USP_GetAccounts();
11/03/2012 10:02:22 pm: CALL USP_GetAccounts();
11/03/2012 10:02:22 pm: CALL USP_GetPayees();
11/03/2012 10:02:22 pm: CALL USP_GetCurrencies();
11/03/2012 10:02:22 pm: CALL USP_GetCategories();
11/03/2012 10:02:22 pm: CALL USP_GetCategories2();
11/03/2012 10:02:56 pm: CALL USP_UpdateCategory ('1','Bike');
11/03/2012 10:02:56 pm: CALL USP_GetCategories ()
11/03/2012 10:02:57 pm: CALL USP_GetCategories();
11/03/2012 10:03:16 pm: CALL USP_UpdateCategory ('1','Bike');
11/03/2012 10:03:16 pm: CALL USP_GetCategories ()
11/03/2012 10:03:16 pm: CALL USP_GetCategories();
11/03/2012 10:03:27 pm: CALL USP_GetCurrencies();
11/03/2012 10:03:27 pm: CALL USP_GetAccounts();
11/03/2012 10:03:27 pm: CALL USP_GetPayees();
11/03/2012 10:03:27 pm: CALL USP_GetCategories();
11/03/2012 10:03:27 pm: CALL USP_GetCategories2();
11/03/2012 10:03:49 pm: CALL USP_GetCurrencies();
11/03/2012 10:03:49 pm: CALL USP_GetAccounts();
11/03/2012 10:03:49 pm: CALL USP_GetPayees();
11/03/2012 10:03:49 pm: CALL USP_GetCategories();
11/03/2012 10:03:49 pm: CALL USP_GetCategories2();
11/03/2012 10:06:49 pm: CALL USP_GetCurrencies();
11/03/2012 10:06:49 pm: CALL USP_GetAccounts();
11/03/2012 10:06:49 pm: CALL USP_GetCategories2();
11/03/2012 10:06:49 pm: CALL USP_GetPayees();
11/03/2012 10:06:49 pm: CALL USP_GetCategories();
11/03/2012 10:07:02 pm: CALL USP_GetAccounts();
11/03/2012 10:07:03 pm: CALL USP_GetPayees();
11/03/2012 10:07:04 pm: CALL USP_GetCategories();
11/03/2012 10:07:05 pm: CALL USP_GetCurrencies();
11/03/2012 10:07:06 pm: CALL USP_GetCategories2();
11/03/2012 10:15:28 pm: CALL USP_GetPayees();
11/03/2012 10:15:29 pm: CALL USP_GetCategories();
11/03/2012 10:15:29 pm: CALL USP_GetCurrencies();
11/03/2012 10:15:30 pm: CALL USP_GetCategories2();
11/03/2012 10:15:31 pm: CALL USP_GetAccounts();
11/03/2012 10:17:15 pm: CALL USP_GetCategories();
11/03/2012 10:17:15 pm: CALL USP_GetCategories2();
11/03/2012 10:17:15 pm: CALL USP_GetAccounts();
11/03/2012 10:17:15 pm: CALL USP_GetCurrencies();
11/03/2012 10:17:15 pm: CALL USP_GetPayees();
11/03/2012 10:17:21 pm: CALL USP_UpdateSubCategory ('1','1','Accessories2');
11/03/2012 10:17:21 pm: CALL USP_GetCategories2 ()
11/03/2012 10:17:21 pm: CALL USP_GetCategories2();
11/03/2012 10:24:59 pm: CALL USP_GetCategories2();
11/03/2012 10:24:59 pm: CALL USP_GetCurrencies();
11/03/2012 10:24:59 pm: CALL USP_GetCategories();
11/03/2012 10:24:59 pm: CALL USP_GetAccounts();
11/03/2012 10:24:59 pm: CALL USP_GetPayees();
11/03/2012 10:25:54 pm: CALL USP_GetAccounts();
11/03/2012 10:25:54 pm: CALL USP_GetPayees();
11/03/2012 10:25:54 pm: CALL USP_GetCurrencies();
11/03/2012 10:25:54 pm: CALL USP_GetCategories();
11/03/2012 10:25:54 pm: CALL USP_GetCategories2();
11/03/2012 10:26:12 pm: CALL USP_GetAccounts();
11/03/2012 10:26:12 pm: CALL USP_GetCategories2();
11/03/2012 10:26:12 pm: CALL USP_GetCurrencies();
11/03/2012 10:26:12 pm: CALL USP_GetPayees();
11/03/2012 10:26:12 pm: CALL USP_GetCategories();
11/03/2012 10:26:47 pm: CALL USP_GetCurrencies();
11/03/2012 10:26:47 pm: CALL USP_GetAccounts();
11/03/2012 10:26:48 pm: CALL USP_GetPayees();
11/03/2012 10:26:48 pm: CALL USP_GetCategories2();
11/03/2012 10:26:48 pm: CALL USP_GetCategories();
11/03/2012 10:27:17 pm: CALL USP_GetAccounts();
11/03/2012 10:27:17 pm: CALL USP_GetCurrencies();
11/03/2012 10:27:17 pm: CALL USP_GetPayees();
11/03/2012 10:27:17 pm: CALL USP_GetCategories();
11/03/2012 10:27:17 pm: CALL USP_GetCategories2();
11/03/2012 10:28:12 pm: CALL USP_GetCategories2();
11/03/2012 10:28:12 pm: CALL USP_GetAccounts();
11/03/2012 10:28:12 pm: CALL USP_GetPayees();
11/03/2012 10:28:12 pm: CALL USP_GetCurrencies();
11/03/2012 10:28:12 pm: CALL USP_GetCategories();
11/03/2012 10:28:33 pm: CALL USP_UpdateCurrency ('1','Euro2','&euro');
11/03/2012 10:28:33 pm: CALL USP_GetCurrencies ()
11/03/2012 10:28:33 pm: CALL USP_GetCurrencies();
11/03/2012 10:28:36 pm: CALL USP_GetAccounts();
11/03/2012 10:28:36 pm: CALL USP_GetCurrencies();
11/03/2012 10:28:36 pm: CALL USP_GetPayees();
11/03/2012 10:28:36 pm: CALL USP_GetCategories();
11/03/2012 10:28:36 pm: CALL USP_GetCategories2();
11/03/2012 10:29:05 pm: CALL USP_UpdateAccount (1,'1','AIB - Current2');
11/03/2012 10:29:05 pm: CALL USP_GetAccounts ()
11/03/2012 10:29:05 pm: CALL USP_GetAccounts();
11/03/2012 10:29:10 pm: CALL USP_UpdateAccount (1,'1','AIB - Current');
11/03/2012 10:29:10 pm: CALL USP_GetAccounts ()
11/03/2012 10:29:10 pm: CALL USP_GetAccounts();
11/03/2012 10:29:16 pm: CALL USP_UpdateCategory ('1','Bike2');
11/03/2012 10:29:16 pm: CALL USP_GetCategories ()
11/03/2012 10:29:16 pm: CALL USP_GetCategories();
11/03/2012 10:29:21 pm: CALL USP_UpdateCategory ('1','Bike');
11/03/2012 10:29:21 pm: CALL USP_GetCategories ()
11/03/2012 10:29:21 pm: CALL USP_GetCategories();
11/03/2012 10:29:25 pm: CALL USP_InsertCategory ('a');
11/03/2012 10:29:25 pm: CALL USP_GetCategories ()
11/03/2012 10:29:25 pm: CALL USP_GetCategories();
11/03/2012 10:30:38 pm: CALL USP_GetAccounts();
11/03/2012 10:30:38 pm: CALL USP_GetCurrencies();
11/03/2012 10:30:38 pm: CALL USP_GetCategories();
11/03/2012 10:30:38 pm: CALL USP_GetPayees();
11/03/2012 10:30:38 pm: CALL USP_GetCategories2();
11/03/2012 10:30:44 pm: CALL USP_UpdateSubCategory ('1','1','Accessories');
11/03/2012 10:30:44 pm: CALL USP_GetCategories2 ()
11/03/2012 10:30:44 pm: CALL USP_GetCategories2();
11/03/2012 10:30:51 pm: CALL USP_GetPayees();
11/03/2012 10:33:54 pm: CALL USP_UpdatePayee ('1','53th North shop2');
11/03/2012 10:33:54 pm: CALL USP_GetPayees ()
11/03/2012 10:33:54 pm: CALL USP_GetPayees();
11/03/2012 10:35:43 pm: CALL USP_GetAccounts();
11/03/2012 10:35:43 pm: CALL USP_GetCurrencies();
11/03/2012 10:35:43 pm: CALL USP_GetPayees();
11/03/2012 10:35:43 pm: CALL USP_GetCategories();
11/03/2012 10:35:43 pm: CALL USP_GetCategories2();
