12/06/2012 12:25:04 am: CALL USP_GetAccounts();
12/06/2012 12:25:04 am: CALL USP_GetCurrencies();
12/06/2012 12:25:04 am: CALL USP_GetPayees();
12/06/2012 12:25:04 am: CALL USP_GetCategories();
12/06/2012 12:25:04 am: CALL USP_GetCategories2();
12/06/2012 12:25:22 am: CALL USP_GetAccounts();
12/06/2012 12:25:22 am: CALL USP_GetCurrencies();
12/06/2012 12:25:22 am: CALL USP_GetCategories2();
12/06/2012 12:25:22 am: CALL USP_GetCategories();
12/06/2012 12:25:22 am: CALL USP_GetPayees();
12/06/2012 01:06:32 am: CALL USP_GetAccounts();
12/06/2012 01:06:32 am: CALL USP_GetCategories();
12/06/2012 01:06:32 am: CALL USP_GetPayees();
12/06/2012 01:06:32 am: CALL USP_GetCategories2();
12/06/2012 01:06:32 am: CALL USP_GetCurrencies();
12/06/2012 01:06:33 am: CALL USP_GetCurrencies();
12/06/2012 01:06:33 am: CALL USP_GetPayees();
12/06/2012 01:06:33 am: CALL USP_GetAccounts();
12/06/2012 01:06:33 am: CALL USP_GetCategories();
12/06/2012 01:06:33 am: CALL USP_GetCategories2();
12/06/2012 01:06:40 am: CALL USP_GetCurrencies();
12/06/2012 01:06:40 am: CALL USP_GetPayees();
12/06/2012 01:06:40 am: CALL USP_GetCategories2();
12/06/2012 01:06:40 am: CALL USP_GetAccounts();
12/06/2012 01:06:40 am: CALL USP_GetCategories();
12/06/2012 01:07:02 am: CALL USP_GetAccounts();
12/06/2012 01:07:02 am: CALL USP_GetCurrencies();
12/06/2012 01:07:02 am: CALL USP_GetCategories();
12/06/2012 01:07:02 am: CALL USP_GetPayees();
12/06/2012 01:07:02 am: CALL USP_GetCategories2();
12/06/2012 01:09:50 am: CALL USP_GetCurrencies();
12/06/2012 01:09:50 am: CALL USP_GetPayees();
12/06/2012 01:09:50 am: CALL USP_GetCategories();
12/06/2012 01:09:50 am: CALL USP_GetAccounts();
12/06/2012 01:09:50 am: CALL USP_GetCategories2();
12/06/2012 01:09:56 am: CALL USP_GetCurrencies();
12/06/2012 01:09:56 am: CALL USP_GetAccounts();
12/06/2012 01:09:56 am: CALL USP_GetCategories();
12/06/2012 01:09:56 am: CALL USP_GetCategories2();
12/06/2012 01:09:56 am: CALL USP_GetPayees();
12/06/2012 07:49:23 am: CALL USP_GetCurrencies();
12/06/2012 07:49:23 am: CALL USP_GetCategories();
12/06/2012 07:49:23 am: CALL USP_GetPayees();
12/06/2012 07:49:23 am: CALL USP_GetCategories2();
12/06/2012 07:49:23 am: CALL USP_GetAccounts();
12/06/2012 07:49:26 am: CALL USP_GetAccounts();
12/06/2012 07:49:26 am: CALL USP_GetCurrencies();
12/06/2012 07:49:26 am: CALL USP_GetPayees();
12/06/2012 07:49:26 am: CALL USP_GetCategories();
12/06/2012 07:49:26 am: CALL USP_GetCategories2();
12/06/2012 07:49:34 am: CALL USP_GetCategories();
12/06/2012 07:49:34 am: CALL USP_GetCategories2();
12/06/2012 07:49:34 am: CALL USP_GetPayees();
12/06/2012 07:49:34 am: CALL USP_GetCurrencies();
12/06/2012 07:49:34 am: CALL USP_GetAccounts();
12/06/2012 07:50:10 am: CALL USP_InsertTransaction('2012-12-05','19','1','1','14','81','187','-18','climbing fee+harness');
12/06/2012 07:50:10 am: CALL USP_InsertTransaction('2012-12-05','19','1','1','14','81','187','-18','climbing fee+harness');
12/06/2012 07:50:13 am: CALL USP_GetAccounts();
12/06/2012 07:50:13 am: CALL USP_GetCurrencies();
12/06/2012 07:50:13 am: CALL USP_GetPayees();
12/06/2012 07:50:13 am: CALL USP_GetCategories();
12/06/2012 07:50:13 am: CALL USP_GetCategories2();
12/06/2012 07:50:17 am: CALL USP_GetAccounts();
12/06/2012 07:50:17 am: CALL USP_GetCategories();
12/06/2012 07:50:17 am: CALL USP_GetPayees();
12/06/2012 07:50:17 am: CALL USP_GetCurrencies();
12/06/2012 07:50:17 am: CALL USP_GetCategories2();
