09/02/2012 02:30:19 pm: CALL USP_GetAccounts();
09/02/2012 02:30:19 pm: CALL USP_GetPayees();
09/02/2012 02:30:19 pm: CALL USP_GetCurrencies();
09/02/2012 02:30:19 pm: CALL USP_GetCategories2();
09/02/2012 02:30:19 pm: CALL USP_GetCategories();
09/02/2012 02:30:26 pm: CALL USP_GetAccounts();
09/02/2012 02:30:26 pm: CALL USP_GetCategories();
09/02/2012 02:30:26 pm: CALL USP_GetPayees();
09/02/2012 02:30:26 pm: CALL USP_GetCurrencies();
09/02/2012 02:30:26 pm: CALL USP_GetCategories2();
09/02/2012 02:34:54 pm: CALL USP_InsertTransaction('2012-09-02','11','1','1','7','45','123','-9.94','');
09/02/2012 02:34:54 pm: CALL USP_InsertTransaction('2012-09-02','11','1','1','7','45','123','-9.94','');
09/02/2012 02:35:02 pm: CALL USP_InsertTransaction('2012-09-02','11','1','1','7','45','8','-3.68','');
09/02/2012 02:35:02 pm: CALL USP_InsertTransaction('2012-09-02','11','1','1','7','45','8','-3.68','');
09/02/2012 02:35:11 pm: CALL USP_InsertTransaction('2012-09-02','11','1','1','7','45','8','-23.99','');
09/02/2012 02:35:11 pm: CALL USP_InsertTransaction('2012-09-02','11','1','1','7','45','8','-23.99','');
09/02/2012 02:35:19 pm: CALL USP_GetAccounts();
09/02/2012 02:35:19 pm: CALL USP_GetCategories();
09/02/2012 02:35:19 pm: CALL USP_GetCurrencies();
09/02/2012 02:35:19 pm: CALL USP_GetPayees();
09/02/2012 02:35:19 pm: CALL USP_GetCategories2();
09/02/2012 02:46:16 pm: CALL USP_GetCurrencies();
09/02/2012 02:46:16 pm: CALL USP_GetAccounts();
09/02/2012 02:46:16 pm: CALL USP_GetCategories2();
09/02/2012 02:46:16 pm: CALL USP_GetCategories();
09/02/2012 02:46:16 pm: CALL USP_GetPayees();
09/02/2012 02:47:36 pm: CALL USP_InsertTransaction('2012-09-02','1','1','1','3','34','187','-960.79','accomodation kandersteg 2012');
09/02/2012 02:47:36 pm: CALL USP_InsertTransaction('2012-09-02','1','1','1','3','34','187','-960.79','accomodation kandersteg 2012');
09/02/2012 02:47:49 pm: CALL USP_GetAccounts();
09/02/2012 02:47:49 pm: CALL USP_GetCurrencies();
09/02/2012 02:47:49 pm: CALL USP_GetPayees();
09/02/2012 02:47:49 pm: CALL USP_GetCategories();
09/02/2012 02:47:49 pm: CALL USP_GetCategories2();
09/02/2012 02:48:24 pm: CALL USP_GetAccounts();
09/02/2012 02:48:24 pm: CALL USP_GetCategories();
09/02/2012 02:48:24 pm: CALL USP_GetCurrencies();
09/02/2012 02:48:24 pm: CALL USP_GetPayees();
09/02/2012 02:48:24 pm: CALL USP_GetCategories2();
09/02/2012 02:49:49 pm: CALL USP_InsertTransaction('2012-09-02','17','1','2','20','93','187','5.08','refund maverick');
09/02/2012 02:49:49 pm: CALL USP_InsertTransaction('2012-09-02','17','1','2','20','93','187','5.08','refund maverick');
09/02/2012 02:50:01 pm: CALL USP_GetAccounts();
09/02/2012 02:50:01 pm: CALL USP_GetCategories();
09/02/2012 02:50:01 pm: CALL USP_GetCurrencies();
09/02/2012 02:50:01 pm: CALL USP_GetPayees();
09/02/2012 02:50:01 pm: CALL USP_GetCategories2();
09/02/2012 04:17:14 pm: CALL USP_GetCurrencies();
09/02/2012 04:17:14 pm: CALL USP_GetCategories2();
09/02/2012 04:17:14 pm: CALL USP_GetCategories();
09/02/2012 04:17:14 pm: CALL USP_GetAccounts();
09/02/2012 04:17:14 pm: CALL USP_GetPayees();
09/02/2012 04:41:26 pm: CALL USP_GetAccounts();
09/02/2012 04:41:26 pm: CALL USP_GetCategories();
09/02/2012 04:41:26 pm: CALL USP_GetCategories2();
09/02/2012 04:41:26 pm: CALL USP_GetCurrencies();
09/02/2012 04:41:26 pm: CALL USP_GetPayees();
09/02/2012 04:41:42 pm: CALL USP_GetAccounts();
09/02/2012 04:41:42 pm: CALL USP_GetCurrencies();
09/02/2012 04:41:42 pm: CALL USP_GetCategories();
09/02/2012 04:41:42 pm: CALL USP_GetPayees();
09/02/2012 04:41:42 pm: CALL USP_GetCategories2();
09/02/2012 04:42:36 pm: CALL USP_GetCurrencies();
09/02/2012 04:42:36 pm: CALL USP_GetAccounts();
09/02/2012 04:42:36 pm: CALL USP_GetCategories();
09/02/2012 04:42:36 pm: CALL USP_GetCategories2();
09/02/2012 04:42:36 pm: CALL USP_GetPayees();
09/02/2012 04:43:10 pm: CALL USP_GetAccounts();
09/02/2012 04:43:10 pm: CALL USP_GetCurrencies();
09/02/2012 04:43:10 pm: CALL USP_GetPayees();
09/02/2012 04:43:10 pm: CALL USP_GetCategories();
09/02/2012 04:43:10 pm: CALL USP_GetCategories2();
09/02/2012 04:43:47 pm: CALL USP_GetAccounts();
09/02/2012 04:43:47 pm: CALL USP_GetPayees();
09/02/2012 04:43:47 pm: CALL USP_GetCurrencies();
09/02/2012 04:43:47 pm: CALL USP_GetCategories();
09/02/2012 04:43:47 pm: CALL USP_GetCategories2();
09/02/2012 04:45:27 pm: CALL USP_GetAccounts();
09/02/2012 04:45:27 pm: CALL USP_GetCurrencies();
09/02/2012 04:45:27 pm: CALL USP_GetCategories2();
09/02/2012 04:45:27 pm: CALL USP_GetPayees();
09/02/2012 04:45:27 pm: CALL USP_GetCategories();
09/02/2012 04:45:32 pm: CALL USP_GetCurrencies();
09/02/2012 04:45:32 pm: CALL USP_GetAccounts();
09/02/2012 04:45:32 pm: CALL USP_GetCategories();
09/02/2012 04:45:32 pm: CALL USP_GetCategories2();
09/02/2012 04:45:32 pm: CALL USP_GetPayees();
09/02/2012 04:58:10 pm: CALL USP_GetAccounts();
09/02/2012 04:58:10 pm: CALL USP_GetCurrencies();
09/02/2012 04:58:10 pm: CALL USP_GetPayees();
09/02/2012 04:58:10 pm: CALL USP_GetCategories();
09/02/2012 04:58:10 pm: CALL USP_GetCategories2();
09/02/2012 04:58:15 pm: CALL USP_GetAccounts();
09/02/2012 04:58:15 pm: CALL USP_GetCurrencies();
09/02/2012 04:58:15 pm: CALL USP_GetCategories();
09/02/2012 04:58:15 pm: CALL USP_GetPayees();
09/02/2012 04:58:15 pm: CALL USP_GetCategories2();
09/02/2012 04:58:29 pm: CALL USP_GetAccounts();
09/02/2012 04:58:29 pm: CALL USP_GetCurrencies();
09/02/2012 04:58:29 pm: CALL USP_GetPayees();
09/02/2012 04:58:29 pm: CALL USP_GetCategories();
09/02/2012 04:58:29 pm: CALL USP_GetCategories2();
09/02/2012 05:00:42 pm: CALL USP_GetCurrencies();
09/02/2012 05:00:42 pm: CALL USP_GetAccounts();
09/02/2012 05:00:42 pm: CALL USP_GetCategories();
09/02/2012 05:00:42 pm: CALL USP_GetPayees();
09/02/2012 05:00:42 pm: CALL USP_GetCategories2();
09/02/2012 05:01:51 pm: CALL USP_GetAccounts();
09/02/2012 05:01:51 pm: CALL USP_GetCurrencies();
09/02/2012 05:01:51 pm: CALL USP_GetPayees();
09/02/2012 05:01:51 pm: CALL USP_GetCategories2();
09/02/2012 05:01:51 pm: CALL USP_GetCategories();
09/02/2012 05:07:09 pm: CALL USP_GetAccounts();
09/02/2012 05:07:09 pm: CALL USP_GetCurrencies();
09/02/2012 05:07:09 pm: CALL USP_GetPayees();
09/02/2012 05:07:09 pm: CALL USP_GetCategories();
09/02/2012 05:07:09 pm: CALL USP_GetCategories2();
09/02/2012 05:07:25 pm: CALL USP_GetAccounts();
09/02/2012 05:07:25 pm: CALL USP_GetCurrencies();
09/02/2012 05:07:25 pm: CALL USP_GetPayees();
09/02/2012 05:07:25 pm: CALL USP_GetCategories();
09/02/2012 05:07:25 pm: CALL USP_GetCategories2();
09/02/2012 05:11:44 pm: CALL USP_GetAccounts();
09/02/2012 05:11:44 pm: CALL USP_GetCurrencies();
09/02/2012 05:11:44 pm: CALL USP_GetPayees();
09/02/2012 05:11:44 pm: CALL USP_GetCategories();
09/02/2012 05:11:44 pm: CALL USP_GetCategories2();
09/02/2012 05:12:53 pm: CALL USP_GetAccounts();
09/02/2012 05:12:54 pm: CALL USP_GetCurrencies();
09/02/2012 05:12:54 pm: CALL USP_GetCategories();
09/02/2012 05:12:54 pm: CALL USP_GetPayees();
09/02/2012 05:12:54 pm: CALL USP_GetCategories2();
09/02/2012 05:23:15 pm: CALL USP_GetAccounts();
09/02/2012 05:23:15 pm: CALL USP_GetCategories();
09/02/2012 05:23:15 pm: CALL USP_GetCurrencies();
09/02/2012 05:23:15 pm: CALL USP_GetPayees();
09/02/2012 05:23:15 pm: CALL USP_GetCategories2();
09/02/2012 05:23:28 pm: CALL USP_GetAccounts();
09/02/2012 05:23:28 pm: CALL USP_GetCurrencies();
09/02/2012 05:23:28 pm: CALL USP_GetCategories();
09/02/2012 05:23:28 pm: CALL USP_GetCategories2();
09/02/2012 05:23:28 pm: CALL USP_GetPayees();
09/02/2012 05:23:53 pm: CALL USP_GetAccounts();
09/02/2012 05:23:53 pm: CALL USP_GetCategories();
09/02/2012 05:23:53 pm: CALL USP_GetPayees();
09/02/2012 05:23:53 pm: CALL USP_GetCategories2();
09/02/2012 05:23:53 pm: CALL USP_GetCurrencies();
09/02/2012 05:23:55 pm: CALL USP_GetAccounts();
09/02/2012 05:23:55 pm: CALL USP_GetPayees();
09/02/2012 05:23:55 pm: CALL USP_GetCurrencies();
09/02/2012 05:23:55 pm: CALL USP_GetCategories();
09/02/2012 05:23:55 pm: CALL USP_GetCategories2();
09/02/2012 05:25:14 pm: CALL USP_GetCategories2();
09/02/2012 05:25:14 pm: CALL USP_GetCurrencies();
09/02/2012 05:25:14 pm: CALL USP_GetCategories();
09/02/2012 05:25:14 pm: CALL USP_GetPayees();
09/02/2012 05:25:14 pm: CALL USP_GetAccounts();
09/02/2012 05:26:15 pm: CALL USP_GetAccounts();
09/02/2012 05:26:15 pm: CALL USP_GetCurrencies();
09/02/2012 05:26:15 pm: CALL USP_GetPayees();
09/02/2012 05:26:15 pm: CALL USP_GetCategories();
09/02/2012 05:26:15 pm: CALL USP_GetCategories2();
09/02/2012 05:27:19 pm: CALL USP_GetCurrencies();
09/02/2012 05:27:19 pm: CALL USP_GetAccounts();
09/02/2012 05:27:19 pm: CALL USP_GetPayees();
09/02/2012 05:27:19 pm: CALL USP_GetCategories();
09/02/2012 05:27:19 pm: CALL USP_GetCategories2();
09/02/2012 05:27:43 pm: CALL USP_GetAccounts();
09/02/2012 05:27:43 pm: CALL USP_GetCurrencies();
09/02/2012 05:27:43 pm: CALL USP_GetPayees();
09/02/2012 05:27:43 pm: CALL USP_GetCategories();
09/02/2012 05:27:43 pm: CALL USP_GetCategories2();
09/02/2012 05:28:26 pm: CALL USP_GetAccounts();
09/02/2012 05:28:26 pm: CALL USP_GetCurrencies();
09/02/2012 05:28:26 pm: CALL USP_GetPayees();
09/02/2012 05:28:26 pm: CALL USP_GetCategories();
09/02/2012 05:28:26 pm: CALL USP_GetCategories2();
09/02/2012 05:29:46 pm: CALL USP_GetCurrencies();
09/02/2012 05:29:46 pm: CALL USP_GetAccounts();
09/02/2012 05:29:46 pm: CALL USP_GetPayees();
09/02/2012 05:29:46 pm: CALL USP_GetCategories2();
09/02/2012 05:29:46 pm: CALL USP_GetCategories();
09/02/2012 05:31:04 pm: CALL USP_GetAccounts();
09/02/2012 05:31:04 pm: CALL USP_GetCurrencies();
09/02/2012 05:31:04 pm: CALL USP_GetCategories();
09/02/2012 05:31:04 pm: CALL USP_GetPayees();
09/02/2012 05:31:04 pm: CALL USP_GetCategories2();
09/02/2012 05:32:06 pm: CALL USP_GetAccounts();
09/02/2012 05:32:06 pm: CALL USP_GetCurrencies();
09/02/2012 05:32:06 pm: CALL USP_GetPayees();
09/02/2012 05:32:06 pm: CALL USP_GetCategories();
09/02/2012 05:32:06 pm: CALL USP_GetCategories2();
09/02/2012 05:36:04 pm: CALL USP_GetCurrencies();
09/02/2012 05:36:04 pm: CALL USP_GetAccounts();
09/02/2012 05:36:04 pm: CALL USP_GetCategories();
09/02/2012 05:36:04 pm: CALL USP_GetCategories2();
09/02/2012 05:36:04 pm: CALL USP_GetPayees();
09/02/2012 05:36:46 pm: CALL USP_GetAccounts();
09/02/2012 05:36:46 pm: CALL USP_GetCurrencies();
09/02/2012 05:36:46 pm: CALL USP_GetPayees();
09/02/2012 05:36:46 pm: CALL USP_GetCategories();
09/02/2012 05:36:46 pm: CALL USP_GetCategories2();
09/02/2012 05:36:55 pm: CALL USP_GetAccounts();
09/02/2012 05:36:55 pm: CALL USP_GetCurrencies();
09/02/2012 05:36:55 pm: CALL USP_GetPayees();
09/02/2012 05:36:55 pm: CALL USP_GetCategories();
09/02/2012 05:36:55 pm: CALL USP_GetCategories2();
09/02/2012 05:39:02 pm: CALL USP_GetAccounts();
09/02/2012 05:39:02 pm: CALL USP_GetPayees();
09/02/2012 05:39:02 pm: CALL USP_GetCurrencies();
09/02/2012 05:39:02 pm: CALL USP_GetCategories();
09/02/2012 05:39:02 pm: CALL USP_GetCategories2();
09/02/2012 05:40:08 pm: CALL USP_GetAccounts();
09/02/2012 05:40:08 pm: CALL USP_GetCurrencies();
09/02/2012 05:40:08 pm: CALL USP_GetPayees();
09/02/2012 05:40:08 pm: CALL USP_GetCategories();
09/02/2012 05:40:08 pm: CALL USP_GetCategories2();
09/02/2012 05:41:46 pm: CALL USP_GetAccounts();
09/02/2012 05:41:46 pm: CALL USP_GetCategories();
09/02/2012 05:41:46 pm: CALL USP_GetCategories2();
09/02/2012 05:41:46 pm: CALL USP_GetCurrencies();
09/02/2012 05:41:46 pm: CALL USP_GetPayees();
09/02/2012 05:44:52 pm: CALL USP_GetCurrencies();
09/02/2012 05:44:52 pm: CALL USP_GetPayees();
09/02/2012 05:44:52 pm: CALL USP_GetAccounts();
09/02/2012 05:44:52 pm: CALL USP_GetCategories();
09/02/2012 05:44:52 pm: CALL USP_GetCategories2();
