09/11/2012 11:26:56 am: CALL USP_GetCurrencies();
09/11/2012 11:26:56 am: CALL USP_GetCategories();
09/11/2012 11:26:56 am: CALL USP_GetCategories2();
09/11/2012 11:26:56 am: CALL USP_GetPayees();
09/11/2012 11:26:56 am: CALL USP_GetAccounts();
09/11/2012 11:28:01 am: CALL USP_GetAccounts();
09/11/2012 11:28:01 am: CALL USP_GetCategories();
09/11/2012 11:28:01 am: CALL USP_GetCategories2();
09/11/2012 11:28:01 am: CALL USP_GetPayees();
09/11/2012 11:28:01 am: CALL USP_GetCurrencies();
09/11/2012 11:32:14 am: CALL USP_GetAccounts();
09/11/2012 11:32:14 am: CALL USP_GetCategories2();
09/11/2012 11:32:14 am: CALL USP_GetPayees();
09/11/2012 11:32:15 am: CALL USP_GetCurrencies();
09/11/2012 11:32:15 am: CALL USP_GetCategories();
09/11/2012 11:33:39 am: CALL USP_InsertTransaction('2012-09-09','1','1','3','0','0','135','-120','');
09/11/2012 11:33:39 am: CALL USP_InsertTransaction('2012-09-09','1','1','3','0','0','135','120','');
09/11/2012 11:35:07 am: CALL USP_InsertTransaction('2012-09-09','1','1','3','0','0','135','-120','');
09/11/2012 11:35:07 am: CALL USP_InsertTransaction('2012-09-09','1','1','3','0','0','135','120','');
09/11/2012 11:35:42 am: CALL USP_InsertTransaction('2012-09-09','1','1','3','23','110','135','-120','');
09/11/2012 11:35:42 am: CALL USP_InsertTransaction('2012-09-09','1','1','3','23','110','135','-120','');
09/11/2012 11:35:42 am: CALL USP_InsertTransaction('2012-09-09','11','1','3','23','110','135','120','');
09/11/2012 11:35:42 am: CALL USP_InsertTransaction('2012-09-09','11','1','3','23','110','135','120','');
09/11/2012 11:35:47 am: CALL USP_GetAccounts();
09/11/2012 11:35:48 am: CALL USP_GetCurrencies();
09/11/2012 11:35:48 am: CALL USP_GetCategories2();
09/11/2012 11:35:48 am: CALL USP_GetPayees();
09/11/2012 11:35:48 am: CALL USP_GetCategories();
09/11/2012 11:35:53 am: CALL USP_GetCategories();
09/11/2012 11:35:53 am: CALL USP_GetPayees();
09/11/2012 11:35:53 am: CALL USP_GetCurrencies();
09/11/2012 11:35:53 am: CALL USP_GetCategories2();
09/11/2012 11:35:53 am: CALL USP_GetAccounts();
09/11/2012 11:35:55 am: CALL USP_GetPayees();
09/11/2012 11:35:55 am: CALL USP_GetCurrencies();
09/11/2012 11:35:55 am: CALL USP_GetCategories();
09/11/2012 11:35:55 am: CALL USP_GetAccounts();
09/11/2012 11:35:55 am: CALL USP_GetCategories2();
09/11/2012 01:35:30 pm: CALL USP_GetAccounts();
09/11/2012 01:35:30 pm: CALL USP_GetCurrencies();
09/11/2012 01:35:30 pm: CALL USP_GetPayees();
09/11/2012 01:35:30 pm: CALL USP_GetCategories();
09/11/2012 01:35:30 pm: CALL USP_GetCategories2();
09/11/2012 01:36:07 pm: CALL USP_GetPayees();
09/11/2012 01:36:07 pm: CALL USP_GetAccounts();
09/11/2012 01:36:07 pm: CALL USP_GetCurrencies();
09/11/2012 01:36:07 pm: CALL USP_GetCategories();
09/11/2012 01:36:07 pm: CALL USP_GetCategories2();
09/11/2012 01:37:35 pm: CALL USP_GetAccounts();
09/11/2012 01:37:35 pm: CALL USP_GetCurrencies();
09/11/2012 01:37:35 pm: CALL USP_GetPayees();
09/11/2012 01:37:35 pm: CALL USP_GetCategories();
09/11/2012 01:37:35 pm: CALL USP_GetCategories2();
09/11/2012 01:48:11 pm: CALL USP_GetAccounts();
09/11/2012 01:48:11 pm: CALL USP_GetCurrencies();
09/11/2012 01:48:11 pm: CALL USP_GetCategories2();
09/11/2012 01:48:11 pm: CALL USP_GetPayees();
09/11/2012 01:48:11 pm: CALL USP_GetCategories();
09/11/2012 01:48:48 pm: CALL USP_InsertTransaction('2012-09-11','17','1','2','1','3','35','-20.50','Refund');
09/11/2012 01:48:48 pm: CALL USP_InsertTransaction('2012-09-11','17','1','2','1','3','35','-20.50','Refund');
09/11/2012 01:48:52 pm: CALL USP_GetCategories();
09/11/2012 01:48:52 pm: CALL USP_GetPayees();
09/11/2012 01:48:52 pm: CALL USP_GetCurrencies();
09/11/2012 01:48:52 pm: CALL USP_GetCategories2();
09/11/2012 01:48:52 pm: CALL USP_GetAccounts();
09/11/2012 01:50:47 pm: CALL USP_GetAccounts();
09/11/2012 01:50:47 pm: CALL USP_GetCategories();
09/11/2012 01:50:47 pm: CALL USP_GetPayees();
09/11/2012 01:50:47 pm: CALL USP_GetCurrencies();
09/11/2012 01:50:47 pm: CALL USP_GetCategories2();
09/11/2012 02:09:41 pm: CALL USP_GetAccounts();
09/11/2012 02:09:41 pm: CALL USP_GetCurrencies();
09/11/2012 02:09:41 pm: CALL USP_GetPayees();
09/11/2012 02:09:41 pm: CALL USP_GetCategories2();
09/11/2012 02:09:41 pm: CALL USP_GetCategories();
09/11/2012 03:10:25 pm: CALL USP_GetAccounts();
09/11/2012 03:10:25 pm: CALL USP_GetCurrencies();
09/11/2012 03:10:25 pm: CALL USP_GetCategories();
09/11/2012 03:10:25 pm: CALL USP_GetCategories2();
09/11/2012 03:10:25 pm: CALL USP_GetPayees();
09/11/2012 03:10:35 pm: CALL USP_GetAccounts();
09/11/2012 03:10:35 pm: CALL USP_GetCurrencies();
09/11/2012 03:10:35 pm: CALL USP_GetPayees();
09/11/2012 03:10:35 pm: CALL USP_GetCategories();
09/11/2012 03:10:35 pm: CALL USP_GetCategories2();
09/11/2012 03:11:10 pm: CALL USP_GetAccounts();
09/11/2012 03:11:10 pm: CALL USP_GetCurrencies();
09/11/2012 03:11:10 pm: CALL USP_GetCategories2();
09/11/2012 03:11:10 pm: CALL USP_GetCategories();
09/11/2012 03:11:10 pm: CALL USP_GetPayees();
09/11/2012 03:11:12 pm: CALL USP_GetCategories2();
09/11/2012 03:11:12 pm: CALL USP_GetAccounts();
09/11/2012 03:11:12 pm: CALL USP_GetCurrencies();
09/11/2012 03:11:12 pm: CALL USP_GetCategories();
09/11/2012 03:11:12 pm: CALL USP_GetPayees();
09/11/2012 04:48:48 pm: CALL USP_GetAccounts();
09/11/2012 04:48:48 pm: CALL USP_GetCurrencies();
09/11/2012 04:48:48 pm: CALL USP_GetPayees();
09/11/2012 04:48:48 pm: CALL USP_GetCategories();
09/11/2012 04:48:48 pm: CALL USP_GetCategories2();
09/11/2012 04:49:10 pm: CALL USP_GetAccounts();
09/11/2012 04:49:10 pm: CALL USP_GetCurrencies();
09/11/2012 04:49:11 pm: CALL USP_GetPayees();
09/11/2012 04:49:11 pm: CALL USP_GetCategories();
09/11/2012 04:49:11 pm: CALL USP_GetCategories2();
09/11/2012 04:53:26 pm: CALL USP_GetPayees();
09/11/2012 04:53:26 pm: CALL USP_GetCategories2();
09/11/2012 04:53:26 pm: CALL USP_GetCategories();
09/11/2012 04:53:26 pm: CALL USP_GetAccounts();
09/11/2012 04:53:26 pm: CALL USP_GetCurrencies();
09/11/2012 04:53:33 pm: CALL USP_GetAccounts();
09/11/2012 04:53:33 pm: CALL USP_GetCategories();
09/11/2012 04:53:33 pm: CALL USP_GetPayees();
09/11/2012 04:53:33 pm: CALL USP_GetCurrencies();
09/11/2012 04:53:33 pm: CALL USP_GetCategories2();
09/11/2012 04:53:44 pm: CALL USP_GetCurrencies();
09/11/2012 04:53:44 pm: CALL USP_GetCategories2();
09/11/2012 04:53:44 pm: CALL USP_GetCategories();
09/11/2012 04:53:44 pm: CALL USP_GetAccounts();
09/11/2012 04:53:44 pm: CALL USP_GetPayees();
09/11/2012 04:53:45 pm: CALL USP_GetAccounts();
09/11/2012 04:53:45 pm: CALL USP_GetCurrencies();
09/11/2012 04:53:45 pm: CALL USP_GetPayees();
09/11/2012 04:53:45 pm: CALL USP_GetCategories();
09/11/2012 04:53:45 pm: CALL USP_GetCategories2();
09/11/2012 04:53:46 pm: CALL USP_GetAccounts();
09/11/2012 04:53:46 pm: CALL USP_GetCurrencies();
09/11/2012 04:53:46 pm: CALL USP_GetCategories2();
09/11/2012 04:53:46 pm: CALL USP_GetCategories();
09/11/2012 04:53:46 pm: CALL USP_GetPayees();
09/11/2012 04:53:49 pm: CALL USP_GetCurrencies();
09/11/2012 04:53:49 pm: CALL USP_GetCategories();
09/11/2012 04:53:49 pm: CALL USP_GetAccounts();
09/11/2012 04:53:49 pm: CALL USP_GetPayees();
09/11/2012 04:53:49 pm: CALL USP_GetCategories2();
09/11/2012 04:53:51 pm: CALL USP_GetAccounts();
09/11/2012 04:53:51 pm: CALL USP_GetCurrencies();
09/11/2012 04:53:51 pm: CALL USP_GetPayees();
09/11/2012 04:53:51 pm: CALL USP_GetCategories2();
09/11/2012 04:53:51 pm: CALL USP_GetCategories();
