11/24/2012 04:23:06 pm: CALL USP_GetCategories();
11/24/2012 04:23:06 pm: CALL USP_GetCurrencies();
11/24/2012 04:23:06 pm: CALL USP_GetPayees();
11/24/2012 04:23:06 pm: CALL USP_GetCategories2();
11/24/2012 04:23:06 pm: CALL USP_GetAccounts();
11/24/2012 05:28:11 pm: CALL USP_GetPayees();
11/24/2012 05:28:11 pm: CALL USP_GetAccounts();
11/24/2012 05:28:11 pm: CALL USP_GetCurrencies();
11/24/2012 05:28:11 pm: CALL USP_GetCategories();
11/24/2012 05:28:11 pm: CALL USP_GetCategories2();
11/24/2012 05:28:11 pm: CALL USP_GetAccounts();
11/24/2012 05:28:11 pm: CALL USP_GetCurrencies();
11/24/2012 05:28:11 pm: CALL USP_GetPayees();
11/24/2012 05:28:11 pm: CALL USP_GetCategories();
11/24/2012 05:28:11 pm: CALL USP_GetCategories2();
11/24/2012 05:28:57 pm: CALL USP_InsertTransaction('2012-11-22','11','1','1','2','28','12','-1.5','return CRC');
11/24/2012 05:28:57 pm: CALL USP_InsertTransaction('2012-11-22','11','1','1','2','28','12','-1.5','return CRC');
11/24/2012 05:29:18 pm: CALL USP_InsertTransaction('2012-11-24','11','1','1','7','45','123','-12.03','');
11/24/2012 05:29:18 pm: CALL USP_InsertTransaction('2012-11-24','11','1','1','7','45','123','-12.03','');
11/24/2012 05:29:29 pm: CALL USP_InsertTransaction('2012-11-24','11','1','1','7','45','8','-26.35','');
11/24/2012 05:29:29 pm: CALL USP_InsertTransaction('2012-11-24','11','1','1','7','45','8','-26.35','');
11/24/2012 05:29:39 pm: CALL USP_InsertTransaction('2012-11-24','11','1','1','7','45','101','-6.78','');
11/24/2012 05:29:39 pm: CALL USP_InsertTransaction('2012-11-24','11','1','1','7','45','101','-6.78','');
11/24/2012 05:29:42 pm: CALL USP_GetAccounts();
11/24/2012 05:29:42 pm: CALL USP_GetPayees();
11/24/2012 05:29:42 pm: CALL USP_GetCurrencies();
11/24/2012 05:29:42 pm: CALL USP_GetCategories2();
11/24/2012 05:29:42 pm: CALL USP_GetCategories();
11/24/2012 09:42:04 pm: CALL USP_GetCategories();
11/24/2012 09:42:04 pm: CALL USP_GetCurrencies();
11/24/2012 09:42:04 pm: CALL USP_GetCategories2();
11/24/2012 09:42:04 pm: CALL USP_GetAccounts();
11/24/2012 09:42:04 pm: CALL USP_GetPayees();
11/24/2012 09:42:10 pm: CALL USP_GetCurrencies();
11/24/2012 09:42:10 pm: CALL USP_GetAccounts();
11/24/2012 09:42:10 pm: CALL USP_GetPayees();
11/24/2012 09:42:10 pm: CALL USP_GetCategories2();
11/24/2012 09:42:10 pm: CALL USP_GetCategories();
11/24/2012 09:44:19 pm: CALL USP_GetCurrencies();
11/24/2012 09:44:19 pm: CALL USP_GetCategories2();
11/24/2012 09:44:19 pm: CALL USP_GetCategories();
11/24/2012 09:44:19 pm: CALL USP_GetPayees();
11/24/2012 09:44:19 pm: CALL USP_GetAccounts();
11/24/2012 09:54:43 pm: CALL USP_GetAccounts();
11/24/2012 09:54:43 pm: CALL USP_GetPayees();
11/24/2012 09:54:43 pm: CALL USP_GetCurrencies();
11/24/2012 09:54:43 pm: CALL USP_GetCategories();
11/24/2012 09:54:43 pm: CALL USP_GetCategories2();
11/24/2012 10:01:59 pm: CALL USP_GetCategories();
11/24/2012 10:01:59 pm: CALL USP_GetAccounts();
11/24/2012 10:01:59 pm: CALL USP_GetPayees();
11/24/2012 10:01:59 pm: CALL USP_GetCurrencies();
11/24/2012 10:01:59 pm: CALL USP_GetCategories2();
11/24/2012 10:02:20 pm: CALL USP_GetAccounts();
11/24/2012 10:02:20 pm: CALL USP_GetCategories();
11/24/2012 10:02:20 pm: CALL USP_GetCurrencies();
11/24/2012 10:02:20 pm: CALL USP_GetPayees();
11/24/2012 10:02:20 pm: CALL USP_GetCategories2();
11/24/2012 10:05:26 pm: CALL USP_GetAccounts();
11/24/2012 10:05:26 pm: CALL USP_GetCurrencies();
11/24/2012 10:05:26 pm: CALL USP_GetPayees();
11/24/2012 10:05:26 pm: CALL USP_GetCategories2();
11/24/2012 10:05:26 pm: CALL USP_GetCategories();
11/24/2012 10:06:52 pm: CALL USP_GetCurrencies();
11/24/2012 10:06:52 pm: CALL USP_GetCategories();
11/24/2012 10:06:52 pm: CALL USP_GetPayees();
11/24/2012 10:06:52 pm: CALL USP_GetAccounts();
11/24/2012 10:06:52 pm: CALL USP_GetCategories2();
11/24/2012 10:07:14 pm: CALL USP_InsertAccount (1,'test');
11/24/2012 10:07:14 pm: CALL USP_GetAccounts ()
11/24/2012 10:07:14 pm: CALL USP_GetAccounts();
11/24/2012 10:07:19 pm: CALL USP_GetAccounts ()
11/24/2012 10:07:38 pm: CALL USP_InsertSubCategory ('1','aaaTest');
11/24/2012 10:07:38 pm: CALL USP_GetCategories2 ()
11/24/2012 10:07:38 pm: CALL USP_GetCategories2();
11/24/2012 10:07:45 pm: CALL USP_GetCategories2 ()
11/24/2012 10:08:00 pm: CALL USP_GetAccounts();
11/24/2012 10:08:00 pm: CALL USP_GetCurrencies();
11/24/2012 10:08:00 pm: CALL USP_GetPayees();
11/24/2012 10:08:00 pm: CALL USP_GetCategories();
11/24/2012 10:08:00 pm: CALL USP_GetCategories2();
11/24/2012 10:25:19 pm: CALL USP_GetPayees();
11/24/2012 10:25:19 pm: CALL USP_GetCurrencies();
11/24/2012 10:25:19 pm: CALL USP_GetAccounts();
11/24/2012 10:25:19 pm: CALL USP_GetCategories();
11/24/2012 10:25:19 pm: CALL USP_GetCategories2();
11/24/2012 10:25:56 pm: CALL USP_GetPayees();
11/24/2012 10:25:56 pm: CALL USP_GetCurrencies();
11/24/2012 10:25:56 pm: CALL USP_GetAccounts();
11/24/2012 10:25:56 pm: CALL USP_GetCategories2();
11/24/2012 10:25:56 pm: CALL USP_GetCategories();
11/24/2012 10:27:08 pm: CALL USP_GetAccounts();
11/24/2012 10:27:08 pm: CALL USP_GetPayees();
11/24/2012 10:27:08 pm: CALL USP_GetCurrencies();
11/24/2012 10:27:08 pm: CALL USP_GetCategories();
11/24/2012 10:27:08 pm: CALL USP_GetCategories2();
11/24/2012 10:27:30 pm: CALL USP_GetCurrencies();
11/24/2012 10:27:30 pm: CALL USP_GetAccounts();
11/24/2012 10:27:30 pm: CALL USP_GetPayees();
11/24/2012 10:27:30 pm: CALL USP_GetCategories();
11/24/2012 10:27:30 pm: CALL USP_GetCategories2();
11/24/2012 10:27:32 pm: CALL USP_GetAccounts();
11/24/2012 10:27:32 pm: CALL USP_GetCurrencies();
11/24/2012 10:27:32 pm: CALL USP_GetCategories();
11/24/2012 10:27:32 pm: CALL USP_GetPayees();
11/24/2012 10:27:32 pm: CALL USP_GetCategories2();
11/24/2012 10:27:32 pm: CALL USP_GetAccounts();
11/24/2012 10:27:32 pm: CALL USP_GetCurrencies();
11/24/2012 10:27:32 pm: CALL USP_GetPayees();
11/24/2012 10:27:32 pm: CALL USP_GetCategories();
11/24/2012 10:27:32 pm: CALL USP_GetCategories2();
11/24/2012 10:27:33 pm: CALL USP_GetCurrencies();
11/24/2012 10:27:33 pm: CALL USP_GetAccounts();
11/24/2012 10:27:33 pm: CALL USP_GetPayees();
11/24/2012 10:27:33 pm: CALL USP_GetCategories();
11/24/2012 10:27:33 pm: CALL USP_GetCategories2();
11/24/2012 10:27:34 pm: CALL USP_GetCurrencies();
11/24/2012 10:27:34 pm: CALL USP_GetAccounts();
11/24/2012 10:27:34 pm: CALL USP_GetCategories2();
11/24/2012 10:27:34 pm: CALL USP_GetCategories();
11/24/2012 10:27:34 pm: CALL USP_GetPayees();
11/24/2012 10:27:35 pm: CALL USP_GetAccounts();
11/24/2012 10:27:35 pm: CALL USP_GetCurrencies();
11/24/2012 10:27:35 pm: CALL USP_GetPayees();
11/24/2012 10:27:35 pm: CALL USP_GetCategories();
11/24/2012 10:27:35 pm: CALL USP_GetCategories2();
11/24/2012 10:27:38 pm: CALL USP_GetCurrencies();
11/24/2012 10:27:38 pm: CALL USP_GetPayees();
11/24/2012 10:27:38 pm: CALL USP_GetCategories();
11/24/2012 10:27:38 pm: CALL USP_GetCategories2();
11/24/2012 10:27:38 pm: CALL USP_GetAccounts();
11/24/2012 10:30:26 pm: CALL USP_GetCategories();
11/24/2012 10:30:26 pm: CALL USP_GetCategories2();
11/24/2012 10:30:26 pm: CALL USP_GetCurrencies();
11/24/2012 10:30:26 pm: CALL USP_GetAccounts();
11/24/2012 10:30:26 pm: CALL USP_GetPayees();
11/24/2012 10:31:53 pm: CALL USP_GetAccounts();
11/24/2012 10:31:53 pm: CALL USP_GetCategories();
11/24/2012 10:31:53 pm: CALL USP_GetCurrencies();
11/24/2012 10:31:53 pm: CALL USP_GetPayees();
11/24/2012 10:31:53 pm: CALL USP_GetCategories2();
11/24/2012 10:31:54 pm: CALL USP_GetAccounts();
11/24/2012 10:31:54 pm: CALL USP_GetCurrencies();
11/24/2012 10:31:54 pm: CALL USP_GetPayees();
11/24/2012 10:31:54 pm: CALL USP_GetCategories();
11/24/2012 10:31:54 pm: CALL USP_GetCategories2();
11/24/2012 10:31:55 pm: CALL USP_GetAccounts();
11/24/2012 10:31:55 pm: CALL USP_GetCurrencies();
11/24/2012 10:31:55 pm: CALL USP_GetPayees();
11/24/2012 10:31:55 pm: CALL USP_GetCategories();
11/24/2012 10:31:55 pm: CALL USP_GetCategories2();
11/24/2012 10:32:01 pm: CALL USP_GetAccounts();
11/24/2012 10:32:01 pm: CALL USP_GetPayees();
11/24/2012 10:32:01 pm: CALL USP_GetCurrencies();
11/24/2012 10:32:01 pm: CALL USP_GetCategories();
11/24/2012 10:32:01 pm: CALL USP_GetCategories2();
11/24/2012 10:33:44 pm: CALL USP_GetAccounts();
11/24/2012 10:33:44 pm: CALL USP_GetCurrencies();
11/24/2012 10:33:44 pm: CALL USP_GetCategories();
11/24/2012 10:33:44 pm: CALL USP_GetPayees();
11/24/2012 10:33:44 pm: CALL USP_GetCategories2();
11/24/2012 10:36:14 pm: CALL USP_GetAccounts();
11/24/2012 10:36:14 pm: CALL USP_GetCurrencies();
11/24/2012 10:36:14 pm: CALL USP_GetCategories();
11/24/2012 10:36:14 pm: CALL USP_GetPayees();
11/24/2012 10:36:14 pm: CALL USP_GetCategories2();
11/24/2012 10:36:19 pm: CALL USP_GetAccounts();
11/24/2012 10:36:19 pm: CALL USP_GetCurrencies();
11/24/2012 10:36:19 pm: CALL USP_GetPayees();
11/24/2012 10:36:19 pm: CALL USP_GetCategories();
11/24/2012 10:36:19 pm: CALL USP_GetCategories2();
11/24/2012 10:36:21 pm: CALL USP_GetCurrencies();
11/24/2012 10:36:21 pm: CALL USP_GetAccounts();
11/24/2012 10:36:21 pm: CALL USP_GetPayees();
11/24/2012 10:36:21 pm: CALL USP_GetCategories();
11/24/2012 10:36:21 pm: CALL USP_GetCategories2();
11/24/2012 10:36:26 pm: CALL USP_GetAccounts();
11/24/2012 10:36:26 pm: CALL USP_GetCurrencies();
11/24/2012 10:36:26 pm: CALL USP_GetPayees();
11/24/2012 10:36:26 pm: CALL USP_GetCategories2();
11/24/2012 10:36:26 pm: CALL USP_GetCategories();
11/24/2012 10:36:33 pm: CALL USP_GetCurrencies();
11/24/2012 10:36:33 pm: CALL USP_GetCategories();
11/24/2012 10:36:33 pm: CALL USP_GetAccounts();
11/24/2012 10:36:33 pm: CALL USP_GetPayees();
11/24/2012 10:36:33 pm: CALL USP_GetCategories2();
11/24/2012 10:37:46 pm: CALL USP_GetAccounts();
11/24/2012 10:37:46 pm: CALL USP_GetPayees();
11/24/2012 10:37:46 pm: CALL USP_GetCurrencies();
11/24/2012 10:37:46 pm: CALL USP_GetCategories2();
11/24/2012 10:37:46 pm: CALL USP_GetCategories();
11/24/2012 10:48:26 pm: CALL USP_GetCurrencies();
11/24/2012 10:48:26 pm: CALL USP_GetAccounts();
11/24/2012 10:48:26 pm: CALL USP_GetPayees();
11/24/2012 10:48:26 pm: CALL USP_GetCategories();
11/24/2012 10:48:26 pm: CALL USP_GetCategories2();
