07/26/2012 09:26:58 am: CALL USP_GetCurrencies();
07/26/2012 09:26:58 am: CALL USP_GetCategories2();
07/26/2012 09:26:58 am: CALL USP_GetPayees();
07/26/2012 09:28:24 am: CALL USP_InsertTransaction('2012-05-17','18','1','2','23','110','135','600','');
07/26/2012 09:28:24 am: CALL USP_InsertTransaction('2012-05-17','18','1','2','23','110','135','600','');
07/26/2012 09:29:11 am: CALL USP_GetCategories();
07/26/2012 09:29:11 am: CALL USP_GetCurrencies();
07/26/2012 09:29:11 am: CALL USP_GetPayees();
07/26/2012 09:29:11 am: CALL USP_GetCategories2();
07/26/2012 09:29:11 am: CALL USP_GetAccounts();
07/26/2012 09:29:36 am: CALL USP_InsertTransaction('2012-05-28','18','1','1','3','34','144','50','');
07/26/2012 09:29:36 am: CALL USP_InsertTransaction('2012-05-28','18','1','1','3','34','144','50','');
07/26/2012 09:29:42 am: CALL USP_InsertTransaction('2012-05-28','18','1','1','3','34','144','-50','');
07/26/2012 09:29:42 am: CALL USP_InsertTransaction('2012-05-28','18','1','1','3','34','144','-50','');
07/26/2012 09:30:47 am: CALL USP_InsertTransaction('2012-05-28','18','1','1','3','34','173','-42','');
07/26/2012 09:30:47 am: CALL USP_InsertTransaction('2012-05-28','18','1','1','3','34','173','-42','');
07/26/2012 09:31:14 am: CALL USP_InsertTransaction('2012-05-28','18','1','1','3','34','216','-20','Pedalo');
07/26/2012 09:31:14 am: CALL USP_InsertTransaction('2012-05-28','18','1','1','3','34','216','-20','Pedalo');
07/26/2012 09:31:50 am: CALL USP_InsertTransaction('2012-05-28','18','1','1','3','34','131','-8.65','Food');
07/26/2012 09:31:50 am: CALL USP_InsertTransaction('2012-05-28','18','1','1','3','34','131','-8.65','Food');
07/26/2012 09:32:04 am: CALL USP_InsertTransaction('2012-05-29','18','1','1','3','34','123','-5.2','Food');
07/26/2012 09:32:04 am: CALL USP_InsertTransaction('2012-05-29','18','1','1','3','34','123','-5.2','Food');
07/26/2012 11:55:39 am: CALL USP_GetAccounts();
07/26/2012 11:55:39 am: CALL USP_GetPayees();
07/26/2012 11:55:39 am: CALL USP_GetCategories2();
07/26/2012 11:55:39 am: CALL USP_GetCategories();
07/26/2012 11:55:39 am: CALL USP_GetCurrencies();
07/26/2012 11:56:17 am: CALL USP_InsertTransaction('2012-07-26','11','1','2','1','11','187','30','Selle Italia Flite Saddle');
07/26/2012 11:56:17 am: CALL USP_InsertTransaction('2012-07-26','11','1','2','1','11','187','30','Selle Italia Flite Saddle');
07/26/2012 12:47:07 pm: CALL USP_GetAccounts();
07/26/2012 12:47:07 pm: CALL USP_GetCurrencies();
07/26/2012 12:47:07 pm: CALL USP_GetPayees();
07/26/2012 12:47:07 pm: CALL USP_GetCategories();
07/26/2012 12:47:07 pm: CALL USP_GetCategories2();
07/26/2012 12:54:57 pm: CALL USP_InsertTransaction('2012-07-26','1','1','3','23','102','135','-155','');
07/26/2012 12:54:57 pm: CALL USP_InsertTransaction('2012-07-26','1','1','3','23','102','135','-155','');
07/26/2012 12:54:57 pm: CALL USP_InsertTransaction('2012-07-26','3','1','3','23','102','135','155','');
07/26/2012 12:54:57 pm: CALL USP_InsertTransaction('2012-07-26','3','1','3','23','102','135','155','');
07/26/2012 12:57:41 pm: CALL USP_GetAccounts();
07/26/2012 12:57:41 pm: CALL USP_GetPayees();
07/26/2012 12:57:41 pm: CALL USP_GetCategories();
07/26/2012 12:57:41 pm: CALL USP_GetCategories2();
07/26/2012 12:57:41 pm: CALL USP_GetCurrencies();
07/26/2012 12:57:56 pm: CALL USP_InsertTransaction('2012-07-26','1','1','3','23','124','135','-200','');
07/26/2012 12:57:56 pm: CALL USP_InsertTransaction('2012-07-26','1','1','3','23','124','135','-200','');
07/26/2012 12:57:56 pm: CALL USP_InsertTransaction('2012-07-26','17','1','3','23','124','135','200','');
07/26/2012 12:57:56 pm: CALL USP_InsertTransaction('2012-07-26','17','1','3','23','124','135','200','');
07/26/2012 01:16:52 pm: CALL USP_GetNumberOfRowsUsingFilters_Transactions (1,null,null,null,null,null,'1990-01-01','2100-01-01');
07/26/2012 01:16:53 pm: call USP_GetTransactions(0,20,1,null,null,null,null,null,'1990-01-01','2100-01-01');
07/26/2012 02:44:34 pm: CALL USP_GetNumberOfRowsUsingFilters_Transactions (1,null,null,null,null,null,'1990-01-01','2100-01-01');
07/26/2012 02:44:34 pm: call USP_GetTransactions(20,20,1,null,null,null,null,null,'1990-01-01','2100-01-01');
