12/28/2012 05:15:05 pm: CALL USP_GetPayees();
12/28/2012 05:15:05 pm: CALL USP_GetCategories2();
12/28/2012 05:15:05 pm: CALL USP_GetCategories();
12/28/2012 05:15:05 pm: CALL USP_GetCurrencies();
12/28/2012 05:15:05 pm: CALL USP_GetAccounts();
12/28/2012 05:15:20 pm: CALL USP_GetAccounts();
12/28/2012 05:15:20 pm: CALL USP_GetCurrencies();
12/28/2012 05:15:20 pm: CALL USP_GetPayees();
12/28/2012 05:15:20 pm: CALL USP_GetCategories();
12/28/2012 05:15:20 pm: CALL USP_GetCategories2();
12/28/2012 05:15:38 pm: CALL USP_InsertTransaction('2012-12-21','1','1','3','23','105','135','-750','');
12/28/2012 05:15:38 pm: CALL USP_InsertTransaction('2012-12-21','1','1','3','23','105','135','-750','');
12/28/2012 05:15:38 pm: CALL USP_InsertTransaction('2012-12-21','6','1','3','23','105','135','750','');
12/28/2012 05:15:38 pm: CALL USP_InsertTransaction('2012-12-21','6','1','3','23','105','135','750','');
12/28/2012 05:15:42 pm: CALL USP_GetCurrencies();
12/28/2012 05:15:42 pm: CALL USP_GetCategories();
12/28/2012 05:15:42 pm: CALL USP_GetAccounts();
12/28/2012 05:15:42 pm: CALL USP_GetCategories2();
12/28/2012 05:15:42 pm: CALL USP_GetPayees();
12/28/2012 05:16:17 pm: CALL USP_InsertTransaction('2012-12-25','19','1','1','14','81','187','-51','ski lift');
12/28/2012 05:16:17 pm: CALL USP_InsertTransaction('2012-12-25','19','1','1','14','81','187','-51','ski lift');
12/28/2012 05:16:23 pm: CALL USP_InsertTransaction('2012-12-27','19','1','1','14','81','187','-51','ski lift');
12/28/2012 05:16:23 pm: CALL USP_InsertTransaction('2012-12-27','19','1','1','14','81','187','-51','ski lift');
12/28/2012 05:16:37 pm: CALL USP_InsertTransaction('2012-12-27','19','1','1','14','81','187','-87.68','snowshoes rental');
12/28/2012 05:16:37 pm: CALL USP_InsertTransaction('2012-12-27','19','1','1','14','81','187','-87.68','snowshoes rental');
12/28/2012 05:16:50 pm: CALL USP_GetAccounts();
12/28/2012 05:16:50 pm: CALL USP_GetCurrencies();
12/28/2012 05:16:50 pm: CALL USP_GetCategories();
12/28/2012 05:16:50 pm: CALL USP_GetPayees();
12/28/2012 05:16:50 pm: CALL USP_GetCategories2();
