10/25/2012 07:58:38 pm: CALL USP_GetCurrencies();
10/25/2012 07:58:38 pm: CALL USP_GetAccounts();
10/25/2012 07:58:38 pm: CALL USP_GetCategories();
10/25/2012 07:58:38 pm: CALL USP_GetCategories2();
10/25/2012 07:58:38 pm: CALL USP_GetPayees();
10/25/2012 07:58:40 pm: CALL USP_GetAccounts ()
10/25/2012 07:58:52 pm: CALL USP_GetPayees ()
10/25/2012 07:59:03 pm: CALL USP_GetCurrencies ()
10/25/2012 07:59:05 pm: CALL USP_GetAccounts ()
10/25/2012 07:59:07 pm: CALL USP_GetCategories2 ()
10/25/2012 07:59:08 pm: CALL USP_GetCategories ()
10/25/2012 07:59:10 pm: CALL USP_GetTransactionTypes ()
10/25/2012 07:59:22 pm: CALL USP_GetBudgetSettings ()
10/25/2012 08:00:01 pm: CALL USP_GetCategories2();
10/25/2012 08:00:01 pm: CALL USP_GetPayees();
10/25/2012 08:00:01 pm: CALL USP_GetCurrencies();
10/25/2012 08:00:01 pm: CALL USP_GetCategories();
10/25/2012 08:00:01 pm: CALL USP_GetAccounts();
10/25/2012 08:00:55 pm: CALL USP_InsertTransaction('2012-10-25','1','1','1','2','18','75','-91.28','');
10/25/2012 08:00:55 pm: CALL USP_InsertTransaction('2012-10-25','1','1','1','2','18','75','-91.28','');
10/25/2012 08:01:06 pm: CALL USP_GetAccounts();
10/25/2012 08:01:06 pm: CALL USP_GetCurrencies();
10/25/2012 08:01:06 pm: CALL USP_GetCategories();
10/25/2012 08:01:06 pm: CALL USP_GetPayees();
10/25/2012 08:01:06 pm: CALL USP_GetCategories2();
10/25/2012 08:04:57 pm: CALL USP_GetAccounts();
10/25/2012 08:04:57 pm: CALL USP_GetCurrencies();
10/25/2012 08:04:57 pm: CALL USP_GetPayees();
10/25/2012 08:04:57 pm: CALL USP_GetCategories();
10/25/2012 08:04:57 pm: CALL USP_GetCategories2();
10/25/2012 09:21:04 pm: CALL USP_GetCurrencies();
10/25/2012 09:21:04 pm: CALL USP_GetAccounts();
10/25/2012 09:21:04 pm: CALL USP_GetCategories();
10/25/2012 09:21:04 pm: CALL USP_GetPayees();
10/25/2012 09:21:04 pm: CALL USP_GetCategories2();
10/25/2012 09:21:20 pm: CALL USP_GetCategories2();
10/25/2012 09:21:20 pm: CALL USP_GetCategories();
10/25/2012 09:21:20 pm: CALL USP_GetCurrencies();
10/25/2012 09:21:20 pm: CALL USP_GetPayees();
10/25/2012 09:21:20 pm: CALL USP_GetAccounts();
10/25/2012 09:21:22 pm: CALL USP_GetAccounts();
10/25/2012 09:21:22 pm: CALL USP_GetCurrencies();
10/25/2012 09:21:22 pm: CALL USP_GetCategories();
10/25/2012 09:21:22 pm: CALL USP_GetCategories2();
10/25/2012 09:21:22 pm: CALL USP_GetPayees();
10/25/2012 09:21:24 pm: CALL USP_GetAccounts();
10/25/2012 09:21:24 pm: CALL USP_GetCurrencies();
10/25/2012 09:21:24 pm: CALL USP_GetPayees();
10/25/2012 09:21:24 pm: CALL USP_GetCategories();
10/25/2012 09:21:24 pm: CALL USP_GetCategories2();
10/25/2012 09:26:40 pm: CALL USP_GetCurrencies();
10/25/2012 09:26:40 pm: CALL USP_GetAccounts();
10/25/2012 09:26:40 pm: CALL USP_GetPayees();
10/25/2012 09:26:40 pm: CALL USP_GetCategories();
10/25/2012 09:26:40 pm: CALL USP_GetCategories2();
