11/29/2012 07:24:24 pm: CALL USP_GetPayees();
11/29/2012 07:24:24 pm: CALL USP_GetAccounts();
11/29/2012 07:24:24 pm: CALL USP_GetCurrencies();
11/29/2012 07:24:24 pm: CALL USP_GetCategories2();
11/29/2012 07:24:24 pm: CALL USP_GetCategories();
11/29/2012 07:24:50 pm: CALL USP_GetAccounts();
11/29/2012 07:24:50 pm: CALL USP_GetCurrencies();
11/29/2012 07:24:50 pm: CALL USP_GetCategories2();
11/29/2012 07:24:50 pm: CALL USP_GetPayees();
11/29/2012 07:24:50 pm: CALL USP_GetCategories();
11/29/2012 07:25:05 pm: CALL USP_GetCurrencies();
11/29/2012 07:25:05 pm: CALL USP_GetAccounts();
11/29/2012 07:25:05 pm: CALL USP_GetPayees();
11/29/2012 07:25:05 pm: CALL USP_GetCategories();
11/29/2012 07:25:05 pm: CALL USP_GetCategories2();
11/29/2012 07:25:21 pm: CALL USP_InsertTransaction('2012-11-29','1','1','2','2','20','142','14.44','');
11/29/2012 07:25:21 pm: CALL USP_InsertTransaction('2012-11-29','1','1','2','2','20','142','14.44','');
11/29/2012 07:25:30 pm: CALL USP_InsertTransaction('2012-11-29','1','1','2','2','19','142','2.78','');
11/29/2012 07:25:30 pm: CALL USP_InsertTransaction('2012-11-29','1','1','2','2','19','142','2.78','');
11/29/2012 07:25:38 pm: CALL USP_GetPayees();
11/29/2012 07:25:38 pm: CALL USP_GetAccounts();
11/29/2012 07:25:38 pm: CALL USP_GetCurrencies();
11/29/2012 07:25:38 pm: CALL USP_GetCategories2();
11/29/2012 07:25:38 pm: CALL USP_GetCategories();
