11/19/2012 07:34:23 pm: CALL USP_GetCurrencies();
11/19/2012 07:34:23 pm: CALL USP_GetCategories();
11/19/2012 07:34:23 pm: CALL USP_GetPayees();
11/19/2012 07:34:24 pm: CALL USP_GetCategories2();
11/19/2012 07:34:24 pm: CALL USP_GetAccounts();
11/19/2012 07:34:27 pm: CALL USP_GetCurrencies();
11/19/2012 07:34:27 pm: CALL USP_GetPayees();
11/19/2012 07:34:27 pm: CALL USP_GetAccounts();
11/19/2012 07:34:27 pm: CALL USP_GetCategories();
11/19/2012 07:34:27 pm: CALL USP_GetCategories2();
11/19/2012 07:34:31 pm: CALL USP_GetAccounts();
11/19/2012 07:34:31 pm: CALL USP_GetCategories2();
11/19/2012 07:34:31 pm: CALL USP_GetCurrencies();
11/19/2012 07:34:31 pm: CALL USP_GetPayees();
11/19/2012 07:34:31 pm: CALL USP_GetCategories();
11/19/2012 07:34:32 pm: CALL USP_GetAccounts();
11/19/2012 07:34:32 pm: CALL USP_GetCurrencies();
11/19/2012 07:34:32 pm: CALL USP_GetPayees();
11/19/2012 07:34:32 pm: CALL USP_GetCategories();
11/19/2012 07:34:32 pm: CALL USP_GetCategories2();
11/19/2012 07:34:37 pm: CALL USP_GetCategories();
11/19/2012 07:34:37 pm: CALL USP_GetPayees();
11/19/2012 07:34:37 pm: CALL USP_GetAccounts();
11/19/2012 07:34:37 pm: CALL USP_GetCategories2();
11/19/2012 07:34:37 pm: CALL USP_GetCurrencies();
11/19/2012 07:40:18 pm: CALL USP_GetCurrencies();
11/19/2012 07:40:18 pm: CALL USP_GetAccounts();
11/19/2012 07:40:18 pm: CALL USP_GetPayees();
11/19/2012 07:40:18 pm: CALL USP_GetCategories();
11/19/2012 07:40:18 pm: CALL USP_GetCategories2();
11/19/2012 07:42:05 pm: CALL USP_GetAccounts();
11/19/2012 07:42:05 pm: CALL USP_GetCurrencies();
11/19/2012 07:42:05 pm: CALL USP_GetPayees();
11/19/2012 07:42:05 pm: CALL USP_GetCategories2();
11/19/2012 07:42:05 pm: CALL USP_GetCategories();
11/19/2012 07:42:18 pm: CALL USP_GetCurrencies();
11/19/2012 07:42:18 pm: CALL USP_GetPayees();
11/19/2012 07:42:18 pm: CALL USP_GetAccounts();
11/19/2012 07:42:18 pm: CALL USP_GetCategories();
11/19/2012 07:42:18 pm: CALL USP_GetCategories2();
11/19/2012 07:43:07 pm: CALL USP_GetAccounts();
11/19/2012 07:43:07 pm: CALL USP_GetCurrencies();
11/19/2012 07:43:08 pm: CALL USP_GetPayees();
11/19/2012 07:43:08 pm: CALL USP_GetCategories2();
11/19/2012 07:43:08 pm: CALL USP_GetCategories();
11/19/2012 07:45:17 pm: CALL USP_GetAccounts();
11/19/2012 07:45:17 pm: CALL USP_GetCurrencies();
11/19/2012 07:45:17 pm: CALL USP_GetPayees();
11/19/2012 07:45:17 pm: CALL USP_GetCategories2();
11/19/2012 07:45:17 pm: CALL USP_GetCategories();
11/19/2012 07:46:30 pm: CALL USP_GetAccounts();
11/19/2012 07:46:30 pm: CALL USP_GetCurrencies();
11/19/2012 07:46:30 pm: CALL USP_GetCategories();
11/19/2012 07:46:30 pm: CALL USP_GetPayees();
11/19/2012 07:46:30 pm: CALL USP_GetCategories2();
11/19/2012 07:47:00 pm: CALL USP_GetAccounts();
11/19/2012 07:47:00 pm: CALL USP_GetPayees();
11/19/2012 07:47:00 pm: CALL USP_GetCategories();
11/19/2012 07:47:00 pm: CALL USP_GetCategories2();
11/19/2012 07:47:00 pm: CALL USP_GetCurrencies();
11/19/2012 07:48:27 pm: CALL USP_GetAccounts();
11/19/2012 07:48:27 pm: CALL USP_GetCurrencies();
11/19/2012 07:48:27 pm: CALL USP_GetPayees();
11/19/2012 07:48:27 pm: CALL USP_GetCategories();
11/19/2012 07:48:27 pm: CALL USP_GetCategories2();
11/19/2012 07:49:44 pm: CALL USP_GetCurrencies();
11/19/2012 07:49:44 pm: CALL USP_GetPayees();
11/19/2012 07:49:44 pm: CALL USP_GetCategories();
11/19/2012 07:49:44 pm: CALL USP_GetAccounts();
11/19/2012 07:49:44 pm: CALL USP_GetCategories2();
11/19/2012 07:50:13 pm: CALL USP_GetCurrencies();
11/19/2012 07:50:13 pm: CALL USP_GetCategories();
11/19/2012 07:50:13 pm: CALL USP_GetPayees();
11/19/2012 07:50:13 pm: CALL USP_GetCategories2();
11/19/2012 07:50:13 pm: CALL USP_GetAccounts();
11/19/2012 07:52:00 pm: CALL USP_GetAccounts();
11/19/2012 07:52:00 pm: CALL USP_GetPayees();
11/19/2012 07:52:00 pm: CALL USP_GetCurrencies();
11/19/2012 07:52:00 pm: CALL USP_GetCategories();
11/19/2012 07:52:00 pm: CALL USP_GetCategories2();
