11/28/2012 06:36:52 pm: CALL USP_GetCategories();
11/28/2012 06:36:52 pm: CALL USP_GetCurrencies();
11/28/2012 06:36:52 pm: CALL USP_GetCategories2();
11/28/2012 06:36:52 pm: CALL USP_GetPayees();
11/28/2012 06:36:52 pm: CALL USP_GetAccounts();
11/28/2012 06:37:00 pm: CALL USP_GetAccounts();
11/28/2012 06:37:00 pm: CALL USP_GetCurrencies();
11/28/2012 06:37:00 pm: CALL USP_GetCategories();
11/28/2012 06:37:00 pm: CALL USP_GetPayees();
11/28/2012 06:37:00 pm: CALL USP_GetCategories2();
11/28/2012 06:37:26 pm: CALL USP_GetCurrencies();
11/28/2012 06:37:26 pm: CALL USP_GetAccounts();
11/28/2012 06:37:26 pm: CALL USP_GetCategories();
11/28/2012 06:37:26 pm: CALL USP_GetCategories2();
11/28/2012 06:37:26 pm: CALL USP_GetPayees();
11/28/2012 06:37:33 pm: CALL USP_GetCurrencies();
11/28/2012 06:37:33 pm: CALL USP_GetCategories();
11/28/2012 06:37:33 pm: CALL USP_GetAccounts();
11/28/2012 06:37:33 pm: CALL USP_GetCategories2();
11/28/2012 06:37:33 pm: CALL USP_GetPayees();
11/28/2012 06:37:38 pm: CALL USP_GetCategories();
11/28/2012 06:37:38 pm: CALL USP_GetCategories2();
11/28/2012 06:37:38 pm: CALL USP_GetPayees();
11/28/2012 06:37:38 pm: CALL USP_GetAccounts();
11/28/2012 06:37:38 pm: CALL USP_GetCurrencies();
11/28/2012 06:37:44 pm: CALL USP_GetAccounts();
11/28/2012 06:37:44 pm: CALL USP_GetCategories2();
11/28/2012 06:37:44 pm: CALL USP_GetPayees();
11/28/2012 06:37:44 pm: CALL USP_GetCurrencies();
11/28/2012 06:37:44 pm: CALL USP_GetCategories();
11/28/2012 06:40:35 pm: CALL USP_GetAccounts();
11/28/2012 06:40:35 pm: CALL USP_GetCurrencies();
11/28/2012 06:40:35 pm: CALL USP_GetCategories();
11/28/2012 06:40:35 pm: CALL USP_GetPayees();
11/28/2012 06:40:35 pm: CALL USP_GetCategories2();
11/28/2012 06:40:43 pm: CALL USP_GetCurrencies();
11/28/2012 06:40:43 pm: CALL USP_GetAccounts();
11/28/2012 06:40:43 pm: CALL USP_GetPayees();
11/28/2012 06:40:43 pm: CALL USP_GetCategories();
11/28/2012 06:40:43 pm: CALL USP_GetCategories2();
11/28/2012 06:40:59 pm: CALL USP_GetAccounts();
11/28/2012 06:40:59 pm: CALL USP_GetCurrencies();
11/28/2012 06:40:59 pm: CALL USP_GetPayees();
11/28/2012 06:40:59 pm: CALL USP_GetCategories();
11/28/2012 06:40:59 pm: CALL USP_GetCategories2();
11/28/2012 06:41:12 pm: CALL USP_GetPayees();
11/28/2012 06:41:12 pm: CALL USP_GetCurrencies();
11/28/2012 06:41:12 pm: CALL USP_GetAccounts();
11/28/2012 06:41:12 pm: CALL USP_GetCategories();
11/28/2012 06:41:12 pm: CALL USP_GetCategories2();
11/28/2012 06:41:45 pm: CALL USP_GetCategories();
11/28/2012 06:41:45 pm: CALL USP_GetPayees();
11/28/2012 06:41:45 pm: CALL USP_GetAccounts();
11/28/2012 06:41:45 pm: CALL USP_GetCurrencies();
11/28/2012 06:41:45 pm: CALL USP_GetCategories2();
11/28/2012 06:41:54 pm: CALL USP_GetCategories2();
11/28/2012 06:41:54 pm: CALL USP_GetCurrencies();
11/28/2012 06:41:54 pm: CALL USP_GetAccounts();
11/28/2012 06:41:54 pm: CALL USP_GetCategories();
11/28/2012 06:41:54 pm: CALL USP_GetPayees();
11/28/2012 06:42:13 pm: CALL USP_GetAccounts();
11/28/2012 06:42:13 pm: CALL USP_GetPayees();
11/28/2012 06:42:13 pm: CALL USP_GetCategories();
11/28/2012 06:42:13 pm: CALL USP_GetCurrencies();
11/28/2012 06:42:13 pm: CALL USP_GetCategories2();
11/28/2012 06:42:19 pm: CALL USP_GetPayees();
11/28/2012 06:42:19 pm: CALL USP_GetCurrencies();
11/28/2012 06:42:19 pm: CALL USP_GetCategories();
11/28/2012 06:42:19 pm: CALL USP_GetAccounts();
11/28/2012 06:42:19 pm: CALL USP_GetCategories2();
11/28/2012 09:00:26 pm: CALL USP_GetCurrencies();
11/28/2012 09:00:26 pm: CALL USP_GetCategories();
11/28/2012 09:00:26 pm: CALL USP_GetAccounts();
11/28/2012 09:00:26 pm: CALL USP_GetCategories2();
11/28/2012 09:00:26 pm: CALL USP_GetPayees();
