12/21/2012 05:00:11 pm: CALL USP_GetPayees();
12/21/2012 05:00:11 pm: CALL USP_GetCategories();
12/21/2012 05:00:11 pm: CALL USP_GetCategories2();
12/21/2012 05:00:11 pm: CALL USP_GetAccounts();
12/21/2012 05:00:11 pm: CALL USP_GetCurrencies();
12/21/2012 05:00:17 pm: CALL USP_GetCurrencies();
12/21/2012 05:00:17 pm: CALL USP_GetAccounts();
12/21/2012 05:00:17 pm: CALL USP_GetCategories();
12/21/2012 05:00:17 pm: CALL USP_GetPayees();
12/21/2012 05:00:17 pm: CALL USP_GetCategories2();
12/21/2012 05:00:20 pm: CALL USP_GetAccounts();
12/21/2012 05:00:20 pm: CALL USP_GetCurrencies();
12/21/2012 05:00:20 pm: CALL USP_GetPayees();
12/21/2012 05:00:20 pm: CALL USP_GetCategories();
12/21/2012 05:00:20 pm: CALL USP_GetCategories2();
12/21/2012 05:00:55 pm: CALL USP_InsertTransaction('2012-12-19','21','1','2','29','127','0','120','Nate refund');
12/21/2012 05:01:08 pm: CALL USP_InsertTransaction('2012-12-19','21','1','2','29','127','187','120','Nate refund');
12/21/2012 05:01:08 pm: CALL USP_InsertTransaction('2012-12-19','21','1','2','29','127','187','120','Nate refund');
12/21/2012 05:01:55 pm: CALL USP_InsertTransaction('2012-12-19','19','1','2','12','67','187','180','Gift from Aurélie');
12/21/2012 05:01:55 pm: CALL USP_InsertTransaction('2012-12-19','19','1','2','12','67','187','180','Gift from Aurélie');
12/21/2012 05:02:19 pm: CALL USP_InsertTransaction('2012-12-21','19','1','1','7','45','218','-25.43','');
12/21/2012 05:02:19 pm: CALL USP_InsertTransaction('2012-12-21','19','1','1','7','45','218','-25.43','');
12/21/2012 05:03:03 pm: CALL USP_InsertTransaction('2012-12-21','19','1','1','7','45','187','-5.81','');
12/21/2012 05:03:03 pm: CALL USP_InsertTransaction('2012-12-21','19','1','1','7','45','187','-5.81','');
12/21/2012 05:03:29 pm: CALL USP_InsertTransaction('2012-12-21','19','1','1','11','61','187','-21.73','Thermos');
12/21/2012 05:03:29 pm: CALL USP_InsertTransaction('2012-12-21','19','1','1','11','61','187','-21.73','Thermos');
12/21/2012 05:03:40 pm: CALL USP_InsertTransaction('2012-12-21','19','1','1','9','48','17','-16','');
12/21/2012 05:03:40 pm: CALL USP_InsertTransaction('2012-12-21','19','1','1','9','48','17','-16','');
12/21/2012 05:03:42 pm: CALL USP_GetCurrencies();
12/21/2012 05:03:42 pm: CALL USP_GetAccounts();
12/21/2012 05:03:42 pm: CALL USP_GetPayees();
12/21/2012 05:03:42 pm: CALL USP_GetCategories();
12/21/2012 05:03:42 pm: CALL USP_GetCategories2();
12/21/2012 05:03:43 pm: CALL USP_GetCurrencies();
12/21/2012 05:03:43 pm: CALL USP_GetCategories2();
12/21/2012 05:03:43 pm: CALL USP_GetCategories();
12/21/2012 05:03:43 pm: CALL USP_GetAccounts();
12/21/2012 05:03:43 pm: CALL USP_GetPayees();
12/21/2012 05:03:44 pm: CALL USP_GetCurrencies();
12/21/2012 05:03:44 pm: CALL USP_GetAccounts();
12/21/2012 05:03:44 pm: CALL USP_GetPayees();
12/21/2012 05:03:44 pm: CALL USP_GetCategories();
12/21/2012 05:03:44 pm: CALL USP_GetCategories2();
12/21/2012 05:03:45 pm: CALL USP_GetCurrencies();
12/21/2012 05:03:45 pm: CALL USP_GetPayees();
12/21/2012 05:03:45 pm: CALL USP_GetCategories();
12/21/2012 05:03:45 pm: CALL USP_GetAccounts();
12/21/2012 05:03:45 pm: CALL USP_GetCategories2();
12/21/2012 05:03:46 pm: CALL USP_GetAccounts();
12/21/2012 05:03:46 pm: CALL USP_GetCategories2();
12/21/2012 05:03:46 pm: CALL USP_GetCurrencies();
12/21/2012 05:03:46 pm: CALL USP_GetPayees();
12/21/2012 05:03:46 pm: CALL USP_GetCategories();
12/21/2012 05:03:46 pm: CALL USP_GetCurrencies();
12/21/2012 05:03:46 pm: CALL USP_GetPayees();
12/21/2012 05:03:46 pm: CALL USP_GetCategories2();
12/21/2012 05:03:46 pm: CALL USP_GetCategories();
12/21/2012 05:03:46 pm: CALL USP_GetAccounts();
12/21/2012 05:03:47 pm: CALL USP_GetAccounts();
12/21/2012 05:03:47 pm: CALL USP_GetCurrencies();
12/21/2012 05:03:47 pm: CALL USP_GetCategories();
12/21/2012 05:03:47 pm: CALL USP_GetPayees();
12/21/2012 05:03:47 pm: CALL USP_GetCategories2();
12/21/2012 05:03:47 pm: CALL USP_GetCurrencies();
12/21/2012 05:03:47 pm: CALL USP_GetAccounts();
12/21/2012 05:03:47 pm: CALL USP_GetCategories();
12/21/2012 05:03:47 pm: CALL USP_GetCategories2();
12/21/2012 05:03:47 pm: CALL USP_GetPayees();
12/21/2012 05:03:47 pm: CALL USP_GetCategories();
12/21/2012 05:03:47 pm: CALL USP_GetPayees();
12/21/2012 05:03:47 pm: CALL USP_GetAccounts();
12/21/2012 05:03:47 pm: CALL USP_GetCurrencies();
12/21/2012 05:03:47 pm: CALL USP_GetCategories2();
