11/05/2012 07:42:45 pm: CALL USP_GetCurrencies();
11/05/2012 07:42:45 pm: CALL USP_GetPayees();
11/05/2012 07:42:45 pm: CALL USP_GetCategories();
11/05/2012 07:42:45 pm: CALL USP_GetAccounts();
11/05/2012 07:42:45 pm: CALL USP_GetCategories2();
11/05/2012 07:42:48 pm: CALL USP_GetPayees();
11/05/2012 07:42:48 pm: CALL USP_GetCurrencies();
11/05/2012 07:42:48 pm: CALL USP_GetAccounts();
11/05/2012 07:42:48 pm: CALL USP_GetCategories();
11/05/2012 07:42:48 pm: CALL USP_GetCategories2();
11/05/2012 07:50:07 pm: CALL USP_GetAccounts();
11/05/2012 07:50:07 pm: CALL USP_GetCategories2();
11/05/2012 07:50:07 pm: CALL USP_GetCurrencies();
11/05/2012 07:50:07 pm: CALL USP_GetCategories();
11/05/2012 07:50:07 pm: CALL USP_GetPayees();
11/05/2012 07:50:32 pm: CALL USP_GetAccounts();
11/05/2012 07:50:32 pm: CALL USP_GetCurrencies();
11/05/2012 07:50:32 pm: CALL USP_GetCategories();
11/05/2012 07:50:32 pm: CALL USP_GetPayees();
11/05/2012 07:50:32 pm: CALL USP_GetCategories2();
11/05/2012 07:52:26 pm: CALL USP_GetAccounts();
11/05/2012 07:52:26 pm: CALL USP_GetCurrencies();
11/05/2012 07:52:26 pm: CALL USP_GetCategories();
11/05/2012 07:52:26 pm: CALL USP_GetCategories2();
11/05/2012 07:52:26 pm: CALL USP_GetPayees();
11/05/2012 07:52:47 pm: CALL USP_GetCurrencies();
11/05/2012 07:52:47 pm: CALL USP_GetCategories();
11/05/2012 07:52:47 pm: CALL USP_GetAccounts();
11/05/2012 07:52:47 pm: CALL USP_GetCategories2();
11/05/2012 07:52:48 pm: CALL USP_GetPayees();
11/05/2012 07:55:19 pm: CALL USP_GetCategories();
11/05/2012 07:55:19 pm: CALL USP_GetCategories2();
11/05/2012 07:55:19 pm: CALL USP_GetAccounts();
11/05/2012 07:55:19 pm: CALL USP_GetCurrencies();
11/05/2012 07:55:19 pm: CALL USP_GetPayees();
11/05/2012 07:56:15 pm: CALL USP_GetCurrencies();
11/05/2012 07:56:15 pm: CALL USP_GetAccounts();
11/05/2012 07:56:15 pm: CALL USP_GetPayees();
11/05/2012 07:56:15 pm: CALL USP_GetCategories2();
11/05/2012 07:56:15 pm: CALL USP_GetCategories();
11/05/2012 07:56:25 pm: CALL USP_GetCurrencies();
11/05/2012 07:56:25 pm: CALL USP_GetPayees();
11/05/2012 07:56:25 pm: CALL USP_GetAccounts();
11/05/2012 07:56:25 pm: CALL USP_GetCategories();
11/05/2012 07:56:25 pm: CALL USP_GetCategories2();
11/05/2012 07:56:32 pm: CALL USP_GetAccounts();
11/05/2012 07:56:32 pm: CALL USP_GetCategories();
11/05/2012 07:56:32 pm: CALL USP_GetPayees();
11/05/2012 07:56:32 pm: CALL USP_GetCurrencies();
11/05/2012 07:56:32 pm: CALL USP_GetCategories2();
11/05/2012 07:57:02 pm: CALL USP_GetAccounts();
11/05/2012 07:57:02 pm: CALL USP_GetCurrencies();
11/05/2012 07:57:02 pm: CALL USP_GetPayees();
11/05/2012 07:57:02 pm: CALL USP_GetCategories();
11/05/2012 07:57:02 pm: CALL USP_GetCategories2();
11/05/2012 07:59:55 pm: CALL USP_GetCurrencies();
11/05/2012 07:59:55 pm: CALL USP_GetAccounts();
11/05/2012 07:59:55 pm: CALL USP_GetPayees();
11/05/2012 07:59:55 pm: CALL USP_GetCategories();
11/05/2012 07:59:55 pm: CALL USP_GetCategories2();
11/05/2012 08:00:14 pm: CALL USP_GetCategories2();
11/05/2012 08:00:14 pm: CALL USP_GetCategories();
11/05/2012 08:00:14 pm: CALL USP_GetAccounts();
11/05/2012 08:00:14 pm: CALL USP_GetCurrencies();
11/05/2012 08:00:14 pm: CALL USP_GetPayees();
11/05/2012 08:08:43 pm: CALL USP_GetAccounts();
11/05/2012 08:08:43 pm: CALL USP_GetCategories();
11/05/2012 08:08:43 pm: CALL USP_GetCurrencies();
11/05/2012 08:08:43 pm: CALL USP_GetPayees();
11/05/2012 08:08:43 pm: CALL USP_GetCategories2();
11/05/2012 08:10:57 pm: CALL USP_GetCurrencies();
11/05/2012 08:10:57 pm: CALL USP_GetAccounts();
11/05/2012 08:10:57 pm: CALL USP_GetPayees();
11/05/2012 08:10:57 pm: CALL USP_GetCategories2();
11/05/2012 08:10:57 pm: CALL USP_GetCategories();
11/05/2012 08:11:08 pm: CALL USP_GetAccounts();
11/05/2012 08:11:08 pm: CALL USP_GetCurrencies();
11/05/2012 08:11:08 pm: CALL USP_GetPayees();
11/05/2012 08:11:08 pm: CALL USP_GetCategories();
11/05/2012 08:11:08 pm: CALL USP_GetCategories2();
11/05/2012 08:11:36 pm: CALL USP_GetAccounts();
11/05/2012 08:11:36 pm: CALL USP_GetCurrencies();
11/05/2012 08:11:36 pm: CALL USP_GetCategories();
11/05/2012 08:11:36 pm: CALL USP_GetPayees();
11/05/2012 08:11:36 pm: CALL USP_GetCategories2();
11/05/2012 08:12:11 pm: CALL USP_GetCurrencies();
11/05/2012 08:12:11 pm: CALL USP_GetAccounts();
11/05/2012 08:12:11 pm: CALL USP_GetPayees();
11/05/2012 08:12:11 pm: CALL USP_GetCategories2();
11/05/2012 08:12:11 pm: CALL USP_GetCategories();
11/05/2012 08:12:40 pm: CALL USP_GetAccounts();
11/05/2012 08:12:40 pm: CALL USP_GetCurrencies();
11/05/2012 08:12:40 pm: CALL USP_GetCategories();
11/05/2012 08:12:40 pm: CALL USP_GetPayees();
11/05/2012 08:12:40 pm: CALL USP_GetCategories2();
11/05/2012 08:15:49 pm: CALL USP_GetAccounts();
11/05/2012 08:15:49 pm: CALL USP_GetCurrencies();
11/05/2012 08:15:49 pm: CALL USP_GetCategories();
11/05/2012 08:15:49 pm: CALL USP_GetPayees();
11/05/2012 08:15:49 pm: CALL USP_GetCategories2();
11/05/2012 08:18:21 pm: CALL USP_GetAccounts();
11/05/2012 08:18:21 pm: CALL USP_GetPayees();
11/05/2012 08:18:21 pm: CALL USP_GetCategories();
11/05/2012 08:18:21 pm: CALL USP_GetCurrencies();
11/05/2012 08:18:21 pm: CALL USP_GetCategories2();
11/05/2012 08:20:21 pm: CALL USP_GetAccounts();
11/05/2012 08:20:21 pm: CALL USP_GetCategories2();
11/05/2012 08:20:21 pm: CALL USP_GetCurrencies();
11/05/2012 08:20:21 pm: CALL USP_GetCategories();
11/05/2012 08:20:21 pm: CALL USP_GetPayees();
11/05/2012 08:20:47 pm: CALL USP_GetPayees();
11/05/2012 08:20:47 pm: CALL USP_GetCurrencies();
11/05/2012 08:20:47 pm: CALL USP_GetAccounts();
11/05/2012 08:20:47 pm: CALL USP_GetCategories2();
11/05/2012 08:20:47 pm: CALL USP_GetCategories();
11/05/2012 08:21:28 pm: CALL USP_GetCurrencies();
11/05/2012 08:21:28 pm: CALL USP_GetPayees();
11/05/2012 08:21:28 pm: CALL USP_GetCategories2();
11/05/2012 08:21:28 pm: CALL USP_GetCategories();
11/05/2012 08:21:28 pm: CALL USP_GetAccounts();
11/05/2012 08:24:11 pm: CALL USP_GetCurrencies();
11/05/2012 08:24:12 pm: CALL USP_GetAccounts();
11/05/2012 08:24:13 pm: CALL USP_GetCategories2();
11/05/2012 08:24:13 pm: CALL USP_GetPayees();
11/05/2012 08:24:14 pm: CALL USP_GetCategories();
11/05/2012 08:25:00 pm: CALL USP_GetCurrencies();
11/05/2012 08:25:00 pm: CALL USP_GetPayees();
11/05/2012 08:25:01 pm: CALL USP_GetCategories();
11/05/2012 08:25:02 pm: CALL USP_GetCategories2();
11/05/2012 08:25:03 pm: CALL USP_GetAccounts();
11/05/2012 08:25:18 pm: CALL USP_GetAccounts();
11/05/2012 08:25:19 pm: CALL USP_GetCurrencies();
11/05/2012 08:25:19 pm: CALL USP_GetPayees();
11/05/2012 08:25:20 pm: CALL USP_GetCategories();
11/05/2012 08:25:21 pm: CALL USP_GetCategories2();
11/05/2012 08:36:53 pm: CALL USP_GetAccounts();
11/05/2012 08:36:53 pm: CALL USP_GetCurrencies();
11/05/2012 08:36:54 pm: CALL USP_GetPayees();
11/05/2012 08:36:55 pm: CALL USP_GetCategories();
11/05/2012 08:36:55 pm: CALL USP_GetCategories2();
11/05/2012 08:39:47 pm: CALL USP_InsertAccount (1,'test');
11/05/2012 08:40:00 pm: CALL USP_GetAccounts ()
11/05/2012 08:40:00 pm: CALL USP_GetAccounts();
11/05/2012 08:40:00 pm: CALL USP_GetAccounts();
11/05/2012 08:42:42 pm: CALL USP_GetCurrencies();
11/05/2012 08:42:43 pm: CALL USP_GetCategories();
11/05/2012 08:42:44 pm: CALL USP_GetAccounts();
11/05/2012 08:42:44 pm: CALL USP_GetCategories2();
11/05/2012 08:42:45 pm: CALL USP_GetPayees();
11/05/2012 08:52:42 pm: CALL USP_GetCurrencies();
11/05/2012 08:52:43 pm: CALL USP_GetAccounts();
11/05/2012 08:52:43 pm: CALL USP_GetPayees();
11/05/2012 08:52:44 pm: CALL USP_GetCategories();
11/05/2012 08:52:45 pm: CALL USP_GetCategories2();
11/05/2012 09:30:23 pm: CALL USP_GetAccounts();
11/05/2012 09:30:24 pm: CALL USP_GetPayees();
11/05/2012 09:30:24 pm: CALL USP_GetCurrencies();
11/05/2012 09:30:25 pm: CALL USP_GetCategories();
11/05/2012 09:30:25 pm: CALL USP_GetCategories2();
11/05/2012 09:30:43 pm: CALL USP_GetAccounts();
11/05/2012 09:30:43 pm: CALL USP_GetPayees();
11/05/2012 09:30:43 pm: CALL USP_GetCurrencies();
11/05/2012 09:30:43 pm: CALL USP_GetCategories2();
11/05/2012 09:30:43 pm: CALL USP_GetCategories();
11/05/2012 09:31:06 pm: CALL USP_InsertTransaction('2012-11-05','1','1','3','23','104','135','-3550','');
11/05/2012 09:31:06 pm: CALL USP_InsertTransaction('2012-11-05','1','1','3','23','104','135','-3550','');
11/05/2012 09:31:06 pm: CALL USP_InsertTransaction('2012-11-05','5','1','3','23','104','135','3550','');
11/05/2012 09:31:06 pm: CALL USP_InsertTransaction('2012-11-05','5','1','3','23','104','135','3550','');
11/05/2012 09:31:57 pm: CALL USP_GetCategories2();
11/05/2012 09:31:57 pm: CALL USP_GetPayees();
11/05/2012 09:31:57 pm: CALL USP_GetCurrencies();
11/05/2012 09:31:57 pm: CALL USP_GetAccounts();
11/05/2012 09:31:57 pm: CALL USP_GetCategories();
11/05/2012 09:32:14 pm: CALL USP_GetCurrencies();
11/05/2012 09:32:14 pm: CALL USP_GetAccounts();
11/05/2012 09:32:14 pm: CALL USP_GetCategories();
11/05/2012 09:32:14 pm: CALL USP_GetPayees();
11/05/2012 09:32:14 pm: CALL USP_GetCategories2();
11/05/2012 09:32:52 pm: CALL USP_GetAccounts();
11/05/2012 09:32:52 pm: CALL USP_GetCurrencies();
11/05/2012 09:32:52 pm: CALL USP_GetPayees();
11/05/2012 09:32:52 pm: CALL USP_GetCategories2();
11/05/2012 09:32:52 pm: CALL USP_GetCategories();
