09/08/2012 09:32:50 pm: CALL USP_GetAccounts();
09/08/2012 09:32:50 pm: CALL USP_GetPayees();
09/08/2012 09:32:50 pm: CALL USP_GetCategories2();
09/08/2012 09:32:50 pm: CALL USP_GetCategories();
09/08/2012 09:32:50 pm: CALL USP_GetCurrencies();
09/08/2012 09:39:15 pm: CALL USP_GetCurrencies();
09/08/2012 09:39:15 pm: CALL USP_GetAccounts();
09/08/2012 09:39:15 pm: CALL USP_GetCategories();
09/08/2012 09:39:15 pm: CALL USP_GetCategories2();
09/08/2012 09:39:15 pm: CALL USP_GetPayees();
09/08/2012 10:52:13 pm: CALL USP_GetNumberOfRowsUsingFilters_Transactions (2,null,null,null,null,null,'1990-01-01','2100-01-01');
09/08/2012 10:52:13 pm: call USP_GetTransactions(0,10,2,null,null,null,null,null,'1990-01-01','2100-01-01');
09/08/2012 10:14:54 pm: CALL USP_GetAccounts();
09/08/2012 10:14:54 pm: CALL USP_GetCurrencies();
09/08/2012 10:14:54 pm: CALL USP_GetPayees();
09/08/2012 10:14:54 pm: CALL USP_GetCategories2();
09/08/2012 10:14:54 pm: CALL USP_GetCategories();
09/08/2012 10:15:16 pm: CALL USP_GetAccounts();
09/08/2012 10:15:16 pm: CALL USP_GetCurrencies();
09/08/2012 10:15:16 pm: CALL USP_GetPayees();
09/08/2012 10:15:16 pm: CALL USP_GetCategories2();
09/08/2012 10:15:17 pm: CALL USP_GetCategories();
09/08/2012 10:16:43 pm: CALL USP_GetAccounts();
09/08/2012 10:16:43 pm: CALL USP_GetCurrencies();
09/08/2012 10:16:43 pm: CALL USP_GetPayees();
09/08/2012 10:16:43 pm: CALL USP_GetCategories();
09/08/2012 10:16:43 pm: CALL USP_GetCategories2();
09/08/2012 10:16:45 pm: CALL USP_GetAccounts();
09/08/2012 10:16:45 pm: CALL USP_GetCurrencies();
09/08/2012 10:16:45 pm: CALL USP_GetPayees();
09/08/2012 10:16:45 pm: CALL USP_GetCategories2();
09/08/2012 10:16:45 pm: CALL USP_GetCategories();
09/08/2012 10:16:47 pm: CALL USP_GetPayees();
09/08/2012 10:16:47 pm: CALL USP_GetCategories();
09/08/2012 10:16:47 pm: CALL USP_GetAccounts();
09/08/2012 10:16:47 pm: CALL USP_GetCurrencies();
09/08/2012 10:16:47 pm: CALL USP_GetCategories2();
09/08/2012 10:16:48 pm: CALL USP_GetAccounts();
09/08/2012 10:16:48 pm: CALL USP_GetCurrencies();
09/08/2012 10:16:48 pm: CALL USP_GetPayees();
09/08/2012 10:16:48 pm: CALL USP_GetCategories();
09/08/2012 10:16:48 pm: CALL USP_GetCategories2();
09/08/2012 10:16:49 pm: CALL USP_GetAccounts();
09/08/2012 10:16:49 pm: CALL USP_GetCurrencies();
09/08/2012 10:16:49 pm: CALL USP_GetPayees();
09/08/2012 10:16:49 pm: CALL USP_GetCategories();
09/08/2012 10:16:49 pm: CALL USP_GetCategories2();
09/08/2012 10:16:51 pm: CALL USP_GetAccounts();
09/08/2012 10:16:51 pm: CALL USP_GetCurrencies();
09/08/2012 10:16:51 pm: CALL USP_GetPayees();
09/08/2012 10:16:51 pm: CALL USP_GetCategories();
09/08/2012 10:16:51 pm: CALL USP_GetCategories2();
09/08/2012 10:18:25 pm: CALL USP_GetAccounts();
09/08/2012 10:18:25 pm: CALL USP_GetCurrencies();
09/08/2012 10:18:25 pm: CALL USP_GetPayees();
09/08/2012 10:18:25 pm: CALL USP_GetCategories();
09/08/2012 10:18:25 pm: CALL USP_GetCategories2();
09/08/2012 10:18:52 pm: CALL USP_GetAccounts();
09/08/2012 10:18:52 pm: CALL USP_GetCurrencies();
09/08/2012 10:18:52 pm: CALL USP_GetCategories();
09/08/2012 10:18:53 pm: CALL USP_GetPayees();
09/08/2012 10:18:53 pm: CALL USP_GetCategories2();
09/08/2012 10:19:09 pm: CALL USP_GetAccounts();
09/08/2012 10:19:09 pm: CALL USP_GetCategories();
09/08/2012 10:19:09 pm: CALL USP_GetCurrencies();
09/08/2012 10:19:09 pm: CALL USP_GetPayees();
09/08/2012 10:19:09 pm: CALL USP_GetCategories2();
09/08/2012 10:19:10 pm: CALL USP_GetAccounts();
09/08/2012 10:19:10 pm: CALL USP_GetCurrencies();
09/08/2012 10:19:10 pm: CALL USP_GetPayees();
09/08/2012 10:19:10 pm: CALL USP_GetCategories();
09/08/2012 10:19:10 pm: CALL USP_GetCategories2();
09/08/2012 10:19:11 pm: CALL USP_GetCurrencies();
09/08/2012 10:19:11 pm: CALL USP_GetAccounts();
09/08/2012 10:19:11 pm: CALL USP_GetPayees();
09/08/2012 10:19:11 pm: CALL USP_GetCategories();
09/08/2012 10:19:11 pm: CALL USP_GetCategories2();
09/08/2012 10:19:35 pm: CALL USP_GetAccounts();
09/08/2012 10:19:35 pm: CALL USP_GetCurrencies();
09/08/2012 10:19:35 pm: CALL USP_GetCategories();
09/08/2012 10:19:35 pm: CALL USP_GetCategories2();
09/08/2012 10:19:35 pm: CALL USP_GetPayees();
09/08/2012 10:19:37 pm: CALL USP_GetCurrencies();
09/08/2012 10:19:37 pm: CALL USP_GetAccounts();
09/08/2012 10:19:37 pm: CALL USP_GetCategories();
09/08/2012 10:19:37 pm: CALL USP_GetPayees();
09/08/2012 10:19:37 pm: CALL USP_GetCategories2();
09/08/2012 10:20:18 pm: CALL USP_GetCurrencies();
09/08/2012 10:20:18 pm: CALL USP_GetPayees();
09/08/2012 10:20:18 pm: CALL USP_GetAccounts();
09/08/2012 10:20:18 pm: CALL USP_GetCategories2();
09/08/2012 10:20:18 pm: CALL USP_GetCategories();
09/08/2012 10:21:45 pm: CALL USP_GetAccounts();
09/08/2012 10:21:45 pm: CALL USP_GetCurrencies();
09/08/2012 10:21:45 pm: CALL USP_GetCategories2();
09/08/2012 10:21:45 pm: CALL USP_GetPayees();
09/08/2012 10:21:45 pm: CALL USP_GetCategories();
09/08/2012 10:21:46 pm: CALL USP_GetAccounts();
09/08/2012 10:21:46 pm: CALL USP_GetCurrencies();
09/08/2012 10:21:46 pm: CALL USP_GetPayees();
09/08/2012 10:21:46 pm: CALL USP_GetCategories();
09/08/2012 10:21:46 pm: CALL USP_GetCategories2();
09/08/2012 10:22:27 pm: CALL USP_GetAccounts();
09/08/2012 10:22:27 pm: CALL USP_GetCurrencies();
09/08/2012 10:22:27 pm: CALL USP_GetPayees();
09/08/2012 10:22:27 pm: CALL USP_GetCategories();
09/08/2012 10:22:27 pm: CALL USP_GetCategories2();
09/08/2012 10:22:41 pm: CALL USP_GetAccounts();
09/08/2012 10:22:41 pm: CALL USP_GetPayees();
09/08/2012 10:22:41 pm: CALL USP_GetCurrencies();
09/08/2012 10:22:41 pm: CALL USP_GetCategories2();
09/08/2012 10:22:41 pm: CALL USP_GetCategories();
09/08/2012 10:23:04 pm: CALL USP_GetAccounts();
09/08/2012 10:23:04 pm: CALL USP_GetPayees();
09/08/2012 10:23:04 pm: CALL USP_GetCurrencies();
09/08/2012 10:23:04 pm: CALL USP_GetCategories();
09/08/2012 10:23:04 pm: CALL USP_GetCategories2();
09/08/2012 10:24:46 pm: CALL USP_GetAccounts();
09/08/2012 10:24:46 pm: CALL USP_GetCategories();
09/08/2012 10:24:46 pm: CALL USP_GetPayees();
09/08/2012 10:24:46 pm: CALL USP_GetCategories2();
09/08/2012 10:24:46 pm: CALL USP_GetCurrencies();
09/08/2012 10:25:10 pm: CALL USP_GetAccounts();
09/08/2012 10:25:10 pm: CALL USP_GetPayees();
09/08/2012 10:25:10 pm: CALL USP_GetCategories2();
09/08/2012 10:25:10 pm: CALL USP_GetCurrencies();
09/08/2012 10:25:10 pm: CALL USP_GetCategories();
09/08/2012 10:25:24 pm: CALL USP_GetAccounts();
09/08/2012 10:25:24 pm: CALL USP_GetCategories2();
09/08/2012 10:25:24 pm: CALL USP_GetCategories();
09/08/2012 10:25:24 pm: CALL USP_GetCurrencies();
09/08/2012 10:25:24 pm: CALL USP_GetPayees();
09/08/2012 10:26:32 pm: CALL USP_GetAccounts();
09/08/2012 10:26:32 pm: CALL USP_GetCurrencies();
09/08/2012 10:26:32 pm: CALL USP_GetPayees();
09/08/2012 10:26:32 pm: CALL USP_GetCategories();
09/08/2012 10:26:32 pm: CALL USP_GetCategories2();
09/08/2012 10:26:57 pm: CALL USP_GetAccounts();
09/08/2012 10:26:57 pm: CALL USP_GetCategories();
09/08/2012 10:26:57 pm: CALL USP_GetPayees();
09/08/2012 10:26:57 pm: CALL USP_GetCategories2();
09/08/2012 10:26:57 pm: CALL USP_GetCurrencies();
09/08/2012 10:27:47 pm: CALL USP_GetCategories();
09/08/2012 10:27:47 pm: CALL USP_GetCurrencies();
09/08/2012 10:27:47 pm: CALL USP_GetAccounts();
09/08/2012 10:27:47 pm: CALL USP_GetPayees();
09/08/2012 10:27:47 pm: CALL USP_GetCategories2();
09/08/2012 10:28:04 pm: CALL USP_GetAccounts();
09/08/2012 10:28:04 pm: CALL USP_GetCurrencies();
09/08/2012 10:28:04 pm: CALL USP_GetPayees();
09/08/2012 10:28:04 pm: CALL USP_GetCategories();
09/08/2012 10:28:04 pm: CALL USP_GetCategories2();
09/08/2012 10:29:04 pm: CALL USP_GetCurrencies();
09/08/2012 10:29:04 pm: CALL USP_GetAccounts();
09/08/2012 10:29:04 pm: CALL USP_GetPayees();
09/08/2012 10:29:04 pm: CALL USP_GetCategories2();
09/08/2012 10:29:04 pm: CALL USP_GetCategories();
09/08/2012 10:29:16 pm: CALL USP_GetAccounts();
09/08/2012 10:29:16 pm: CALL USP_GetCurrencies();
09/08/2012 10:29:16 pm: CALL USP_GetCategories();
09/08/2012 10:29:16 pm: CALL USP_GetPayees();
09/08/2012 10:29:16 pm: CALL USP_GetCategories2();
09/08/2012 10:29:24 pm: CALL USP_GetCurrencies();
09/08/2012 10:29:24 pm: CALL USP_GetCategories();
09/08/2012 10:29:24 pm: CALL USP_GetAccounts();
09/08/2012 10:29:24 pm: CALL USP_GetCategories2();
09/08/2012 10:29:24 pm: CALL USP_GetPayees();
09/08/2012 10:29:33 pm: CALL USP_GetAccounts();
09/08/2012 10:29:33 pm: CALL USP_GetCurrencies();
09/08/2012 10:29:33 pm: CALL USP_GetCategories();
09/08/2012 10:29:33 pm: CALL USP_GetPayees();
09/08/2012 10:29:33 pm: CALL USP_GetCategories2();
09/08/2012 10:29:40 pm: CALL USP_GetAccounts();
09/08/2012 10:29:40 pm: CALL USP_GetCurrencies();
09/08/2012 10:29:40 pm: CALL USP_GetPayees();
09/08/2012 10:29:40 pm: CALL USP_GetCategories();
09/08/2012 10:29:40 pm: CALL USP_GetCategories2();
09/08/2012 10:29:46 pm: CALL USP_GetAccounts();
09/08/2012 10:29:46 pm: CALL USP_GetCurrencies();
09/08/2012 10:29:46 pm: CALL USP_GetPayees();
09/08/2012 10:29:46 pm: CALL USP_GetCategories();
09/08/2012 10:29:46 pm: CALL USP_GetCategories2();
09/08/2012 10:30:55 pm: CALL USP_GetAccounts();
09/08/2012 10:30:55 pm: CALL USP_GetPayees();
09/08/2012 10:30:55 pm: CALL USP_GetCategories();
09/08/2012 10:30:55 pm: CALL USP_GetCurrencies();
09/08/2012 10:30:55 pm: CALL USP_GetCategories2();
09/08/2012 10:31:34 pm: CALL USP_GetCurrencies();
09/08/2012 10:31:34 pm: CALL USP_GetAccounts();
09/08/2012 10:31:34 pm: CALL USP_GetPayees();
09/08/2012 10:31:34 pm: CALL USP_GetCategories();
09/08/2012 10:31:34 pm: CALL USP_GetCategories2();
09/08/2012 10:31:50 pm: CALL USP_GetAccounts();
09/08/2012 10:31:50 pm: CALL USP_GetPayees();
09/08/2012 10:31:50 pm: CALL USP_GetCurrencies();
09/08/2012 10:31:50 pm: CALL USP_GetCategories();
09/08/2012 10:31:50 pm: CALL USP_GetCategories2();
09/08/2012 10:32:39 pm: CALL USP_GetCurrencies();
09/08/2012 10:32:39 pm: CALL USP_GetCategories2();
09/08/2012 10:32:39 pm: CALL USP_GetCategories();
09/08/2012 10:32:39 pm: CALL USP_GetAccounts();
09/08/2012 10:32:39 pm: CALL USP_GetPayees();
09/08/2012 10:33:04 pm: CALL USP_GetAccounts();
09/08/2012 10:33:04 pm: CALL USP_GetCategories();
09/08/2012 10:33:04 pm: CALL USP_GetCategories2();
09/08/2012 10:33:04 pm: CALL USP_GetCurrencies();
09/08/2012 10:33:04 pm: CALL USP_GetPayees();
09/08/2012 11:34:46 pm: CALL USP_GetNumberOfRowsUsingFilters_Transactions (2,null,null,null,null,null,'1990-01-01','2100-01-01');
09/08/2012 11:34:46 pm: call USP_GetTransactions(0,10,2,null,null,null,null,null,'1990-01-01','2100-01-01');
09/08/2012 11:34:53 pm: CALL USP_GetNumberOfRowsUsingFilters_Transactions (2,null,null,null,null,null,'1990-01-01','2100-01-01');
09/08/2012 11:34:53 pm: call USP_GetTransactions(0,10,2,null,null,null,null,null,'1990-01-01','2100-01-01');
