10/11/2012 02:18:56 pm: CALL USP_GetCategories();
10/11/2012 02:18:56 pm: CALL USP_GetCurrencies();
10/11/2012 02:18:56 pm: CALL USP_GetAccounts();
10/11/2012 02:18:56 pm: CALL USP_GetPayees();
10/11/2012 02:18:56 pm: CALL USP_GetCategories2();
10/11/2012 02:19:00 pm: CALL USP_GetAccounts();
10/11/2012 02:19:00 pm: CALL USP_GetCurrencies();
10/11/2012 02:19:00 pm: CALL USP_GetPayees();
10/11/2012 02:19:00 pm: CALL USP_GetCategories();
10/11/2012 02:19:00 pm: CALL USP_GetCategories2();
10/11/2012 02:19:05 pm: CALL USP_GetAccounts();
10/11/2012 02:19:05 pm: CALL USP_GetCurrencies();
10/11/2012 02:19:05 pm: CALL USP_GetPayees();
10/11/2012 02:19:05 pm: CALL USP_GetCategories();
10/11/2012 02:19:05 pm: CALL USP_GetCategories2();
10/11/2012 02:22:15 pm: CALL USP_GetAccounts();
10/11/2012 02:22:15 pm: CALL USP_GetPayees();
10/11/2012 02:22:15 pm: CALL USP_GetCurrencies();
10/11/2012 02:22:15 pm: CALL USP_GetCategories();
10/11/2012 02:22:15 pm: CALL USP_GetCategories2();
10/11/2012 02:22:37 pm: CALL USP_InsertTransaction('2012-10-01','1','1','2','2','20','210','3.69','');
10/11/2012 02:22:37 pm: CALL USP_InsertTransaction('2012-10-01','1','1','2','2','20','210','3.69','');
10/11/2012 02:22:50 pm: CALL USP_InsertTransaction('2012-10-01','1','1','2','2','20','142','4.74','');
10/11/2012 02:22:50 pm: CALL USP_InsertTransaction('2012-10-01','1','1','2','2','20','142','4.74','');
10/11/2012 02:22:54 pm: CALL USP_GetCurrencies();
10/11/2012 02:22:54 pm: CALL USP_GetAccounts();
10/11/2012 02:22:54 pm: CALL USP_GetCategories2();
10/11/2012 02:22:54 pm: CALL USP_GetPayees();
10/11/2012 02:22:54 pm: CALL USP_GetCategories();
10/11/2012 02:25:48 pm: CALL USP_GetCategories();
10/11/2012 02:25:48 pm: CALL USP_GetCategories2();
10/11/2012 02:25:48 pm: CALL USP_GetAccounts();
10/11/2012 02:25:48 pm: CALL USP_GetCurrencies();
10/11/2012 02:25:48 pm: CALL USP_GetPayees();
10/11/2012 02:26:09 pm: CALL USP_GetCategories();
10/11/2012 02:26:09 pm: CALL USP_GetCategories2();
10/11/2012 02:26:09 pm: CALL USP_GetCurrencies();
10/11/2012 02:26:09 pm: CALL USP_GetPayees();
10/11/2012 02:26:09 pm: CALL USP_GetAccounts();
10/11/2012 02:28:18 pm: CALL USP_GetAccounts();
10/11/2012 02:28:18 pm: CALL USP_GetCategories();
10/11/2012 02:28:18 pm: CALL USP_GetCurrencies();
10/11/2012 02:28:18 pm: CALL USP_GetCategories2();
10/11/2012 02:28:18 pm: CALL USP_GetPayees();
10/11/2012 02:28:19 pm: CALL USP_GetCurrencies();
10/11/2012 02:28:19 pm: CALL USP_GetAccounts();
10/11/2012 02:28:19 pm: CALL USP_GetCategories();
10/11/2012 02:28:19 pm: CALL USP_GetPayees();
10/11/2012 02:28:19 pm: CALL USP_GetCategories2();
10/11/2012 02:29:30 pm: CALL USP_GetAccounts();
10/11/2012 02:29:30 pm: CALL USP_GetCurrencies();
10/11/2012 02:29:30 pm: CALL USP_GetPayees();
10/11/2012 02:29:30 pm: CALL USP_GetCategories2();
10/11/2012 02:29:30 pm: CALL USP_GetCategories();
10/11/2012 02:32:42 pm: CALL USP_GetAccounts();
10/11/2012 02:32:42 pm: CALL USP_GetCurrencies();
10/11/2012 02:32:42 pm: CALL USP_GetPayees();
10/11/2012 02:32:42 pm: CALL USP_GetCategories();
10/11/2012 02:32:43 pm: CALL USP_GetCategories2();
10/11/2012 02:32:58 pm: CALL USP_GetCurrencies();
10/11/2012 02:32:58 pm: CALL USP_GetAccounts();
10/11/2012 02:32:58 pm: CALL USP_GetCategories2();
10/11/2012 02:32:59 pm: CALL USP_GetCategories();
10/11/2012 02:32:59 pm: CALL USP_GetPayees();
10/11/2012 02:34:30 pm: CALL USP_InsertTransaction('2012-10-11','1','1','1','28','126','144','-1474.27','');
10/11/2012 02:34:30 pm: CALL USP_InsertTransaction('2012-10-11','1','1','1','28','126','144','-1474.27','');
10/11/2012 02:37:04 pm: CALL USP_GetCurrencies();
10/11/2012 02:37:04 pm: CALL USP_GetCategories();
10/11/2012 02:37:04 pm: CALL USP_GetAccounts();
10/11/2012 02:37:04 pm: CALL USP_GetCategories2();
10/11/2012 02:37:04 pm: CALL USP_GetPayees();
10/11/2012 02:37:06 pm: CALL USP_GetCurrencies();
10/11/2012 02:37:06 pm: CALL USP_GetAccounts();
10/11/2012 02:37:06 pm: CALL USP_GetPayees();
10/11/2012 02:37:06 pm: CALL USP_GetCategories();
10/11/2012 02:37:06 pm: CALL USP_GetCategories2();
10/11/2012 02:37:35 pm: CALL USP_GetAccounts();
10/11/2012 02:37:35 pm: CALL USP_GetPayees();
10/11/2012 02:37:35 pm: CALL USP_GetCurrencies();
10/11/2012 02:37:35 pm: CALL USP_GetCategories2();
10/11/2012 02:37:35 pm: CALL USP_GetCategories();
10/11/2012 02:37:41 pm: CALL USP_GetAccounts();
10/11/2012 02:37:41 pm: CALL USP_GetCurrencies();
10/11/2012 02:37:41 pm: CALL USP_GetCategories();
10/11/2012 02:37:41 pm: CALL USP_GetCategories2();
10/11/2012 02:37:41 pm: CALL USP_GetPayees();
10/11/2012 02:38:05 pm: CALL USP_InsertTransaction('2012-10-09','1','1','1','23','105','135','-150','');
10/11/2012 02:38:05 pm: CALL USP_InsertTransaction('2012-10-09','1','1','1','23','105','135','-150','');
10/11/2012 02:38:43 pm: CALL USP_InsertTransaction('2012-10-09','5','1','1','23','100','135','-600','');
10/11/2012 02:38:43 pm: CALL USP_InsertTransaction('2012-10-09','5','1','1','23','100','135','-600','');
10/11/2012 02:38:55 pm: CALL USP_InsertTransaction('2012-10-09','1','1','1','23','110','135','-80','');
10/11/2012 02:38:55 pm: CALL USP_InsertTransaction('2012-10-09','1','1','1','23','110','135','-80','');
10/11/2012 02:38:58 pm: CALL USP_GetCategories();
10/11/2012 02:38:58 pm: CALL USP_GetAccounts();
10/11/2012 02:38:58 pm: CALL USP_GetCurrencies();
10/11/2012 02:38:58 pm: CALL USP_GetPayees();
10/11/2012 02:38:58 pm: CALL USP_GetCategories2();
10/11/2012 02:39:41 pm: CALL USP_GetCurrencies();
10/11/2012 02:39:41 pm: CALL USP_GetCategories();
10/11/2012 02:39:41 pm: CALL USP_GetCategories2();
10/11/2012 02:39:41 pm: CALL USP_GetAccounts();
10/11/2012 02:39:41 pm: CALL USP_GetPayees();
10/11/2012 02:40:11 pm: CALL USP_InsertTransaction('2012-10-01','11','1','1','3','35','144','-200','');
10/11/2012 02:40:11 pm: CALL USP_InsertTransaction('2012-10-01','11','1','1','3','35','144','-200','');
10/11/2012 02:40:14 pm: CALL USP_GetAccounts();
10/11/2012 02:40:14 pm: CALL USP_GetCurrencies();
10/11/2012 02:40:14 pm: CALL USP_GetCategories();
10/11/2012 02:40:14 pm: CALL USP_GetCategories2();
10/11/2012 02:40:14 pm: CALL USP_GetPayees();
10/11/2012 02:47:32 pm: CALL USP_GetCategories();
10/11/2012 02:47:32 pm: CALL USP_GetAccounts();
10/11/2012 02:47:32 pm: CALL USP_GetCategories2();
10/11/2012 02:47:32 pm: CALL USP_GetPayees();
10/11/2012 02:47:32 pm: CALL USP_GetCurrencies();
10/11/2012 02:48:13 pm: CALL USP_GetCurrencies();
10/11/2012 02:48:13 pm: CALL USP_GetAccounts();
10/11/2012 02:48:13 pm: CALL USP_GetPayees();
10/11/2012 02:48:13 pm: CALL USP_GetCategories();
10/11/2012 02:48:13 pm: CALL USP_GetCategories2();
10/11/2012 02:48:34 pm: CALL USP_InsertTransaction('2012-10-09','5','1','3','23','100','135','-600','');
10/11/2012 02:48:34 pm: CALL USP_InsertTransaction('2012-10-09','5','1','3','23','100','135','-600','');
10/11/2012 02:48:34 pm: CALL USP_InsertTransaction('2012-10-09','1','1','3','23','100','135','600','');
10/11/2012 02:48:34 pm: CALL USP_InsertTransaction('2012-10-09','1','1','3','23','100','135','600','');
10/11/2012 02:49:06 pm: CALL USP_GetAccounts();
10/11/2012 02:49:06 pm: CALL USP_GetCurrencies();
10/11/2012 02:49:06 pm: CALL USP_GetPayees();
10/11/2012 02:49:06 pm: CALL USP_GetCategories();
10/11/2012 02:49:06 pm: CALL USP_GetCategories2();
10/11/2012 02:50:35 pm: CALL USP_GetAccounts();
10/11/2012 02:50:35 pm: CALL USP_GetCategories2();
10/11/2012 02:50:35 pm: CALL USP_GetCategories();
10/11/2012 02:50:35 pm: CALL USP_GetCurrencies();
10/11/2012 02:50:35 pm: CALL USP_GetPayees();
10/11/2012 02:51:06 pm: CALL USP_InsertTransaction('2012-10-05','1','1','3','23','104','135','-350','');
10/11/2012 02:51:06 pm: CALL USP_InsertTransaction('2012-10-05','1','1','3','23','104','135','-350','');
10/11/2012 02:51:06 pm: CALL USP_InsertTransaction('2012-10-05','5','1','3','23','104','135','350','');
10/11/2012 02:51:06 pm: CALL USP_InsertTransaction('2012-10-05','5','1','3','23','104','135','350','');
10/11/2012 02:51:10 pm: CALL USP_GetCurrencies();
10/11/2012 02:51:10 pm: CALL USP_GetCategories();
10/11/2012 02:51:10 pm: CALL USP_GetPayees();
10/11/2012 02:51:10 pm: CALL USP_GetAccounts();
10/11/2012 02:51:10 pm: CALL USP_GetCategories2();
10/11/2012 02:51:45 pm: CALL USP_GetAccounts();
10/11/2012 02:51:45 pm: CALL USP_GetCategories();
10/11/2012 02:51:45 pm: CALL USP_GetPayees();
10/11/2012 02:51:45 pm: CALL USP_GetCategories2();
10/11/2012 02:51:45 pm: CALL USP_GetCurrencies();
10/11/2012 02:53:49 pm: CALL USP_GetCurrencies();
10/11/2012 02:53:49 pm: CALL USP_GetCategories();
10/11/2012 02:53:49 pm: CALL USP_GetCategories2();
10/11/2012 02:53:49 pm: CALL USP_GetPayees();
10/11/2012 02:53:49 pm: CALL USP_GetAccounts();
10/11/2012 02:54:14 pm: CALL USP_InsertTransaction('2012-10-09','1','1','3','23','105','135','-150','');
10/11/2012 02:54:14 pm: CALL USP_InsertTransaction('2012-10-09','1','1','3','23','105','135','-150','');
10/11/2012 02:54:14 pm: CALL USP_InsertTransaction('2012-10-09','6','1','3','23','105','135','150','');
10/11/2012 02:54:14 pm: CALL USP_InsertTransaction('2012-10-09','6','1','3','23','105','135','150','');
10/11/2012 02:54:29 pm: CALL USP_InsertTransaction('2012-10-09','1','1','3','23','110','135','-80','');
10/11/2012 02:54:29 pm: CALL USP_InsertTransaction('2012-10-09','1','1','3','23','110','135','-80','');
10/11/2012 02:54:29 pm: CALL USP_InsertTransaction('2012-10-09','11','1','3','23','110','135','80','');
10/11/2012 02:54:29 pm: CALL USP_InsertTransaction('2012-10-09','11','1','3','23','110','135','80','');
10/11/2012 02:54:44 pm: CALL USP_GetAccounts();
10/11/2012 02:54:44 pm: CALL USP_GetCategories();
10/11/2012 02:54:44 pm: CALL USP_GetPayees();
10/11/2012 02:54:44 pm: CALL USP_GetCurrencies();
10/11/2012 02:54:44 pm: CALL USP_GetCategories2();
10/11/2012 02:54:57 pm: CALL USP_GetAccounts();
10/11/2012 02:54:57 pm: CALL USP_GetCurrencies();
10/11/2012 02:54:57 pm: CALL USP_GetCategories();
10/11/2012 02:54:57 pm: CALL USP_GetPayees();
10/11/2012 02:54:57 pm: CALL USP_GetCategories2();
10/11/2012 02:55:19 pm: CALL USP_InsertTransaction('2012-10-05','5','1','2','12','65','6','0.85','');
10/11/2012 02:55:19 pm: CALL USP_InsertTransaction('2012-10-05','5','1','2','12','65','6','0.85','');
10/11/2012 02:55:44 pm: CALL USP_InsertTransaction('2012-10-05','2','1','2','12','65','6','100.58','');
10/11/2012 02:55:44 pm: CALL USP_InsertTransaction('2012-10-05','2','1','2','12','65','6','100.58','');
10/11/2012 02:56:31 pm: CALL USP_InsertTransaction('2012-10-05','9','1','2','28','126','135','11','');
10/11/2012 02:56:31 pm: CALL USP_InsertTransaction('2012-10-05','9','1','2','28','126','135','11','');
10/11/2012 02:56:43 pm: CALL USP_InsertTransaction('2012-10-05','10','1','2','29','127','135','11','');
10/11/2012 02:56:43 pm: CALL USP_InsertTransaction('2012-10-05','10','1','2','29','127','135','11','');
10/11/2012 02:56:56 pm: CALL USP_InsertTransaction('2012-10-05','16','1','2','3','35','135','1.1','');
10/11/2012 02:56:56 pm: CALL USP_InsertTransaction('2012-10-05','16','1','2','3','35','135','1.1','');
10/11/2012 02:57:00 pm: CALL USP_GetAccounts();
10/11/2012 02:57:00 pm: CALL USP_GetCurrencies();
10/11/2012 02:57:00 pm: CALL USP_GetPayees();
10/11/2012 02:57:00 pm: CALL USP_GetCategories();
10/11/2012 02:57:00 pm: CALL USP_GetCategories2();
10/11/2012 02:57:31 pm: CALL USP_GetCurrencies();
10/11/2012 02:57:31 pm: CALL USP_GetAccounts();
10/11/2012 02:57:31 pm: CALL USP_GetPayees();
10/11/2012 02:57:31 pm: CALL USP_GetCategories();
10/11/2012 02:57:31 pm: CALL USP_GetCategories2();
10/11/2012 02:57:51 pm: CALL USP_InsertTransaction('2012-10-01','11','1','1','3','35','144','-200','');
10/11/2012 02:57:51 pm: CALL USP_InsertTransaction('2012-10-01','11','1','1','3','35','144','-200','');
10/11/2012 02:57:54 pm: CALL USP_GetAccounts();
10/11/2012 02:57:54 pm: CALL USP_GetCurrencies();
10/11/2012 02:57:54 pm: CALL USP_GetCategories();
10/11/2012 02:57:54 pm: CALL USP_GetCategories2();
10/11/2012 02:57:54 pm: CALL USP_GetPayees();
10/11/2012 03:00:21 pm: CALL USP_GetCategories();
10/11/2012 03:00:21 pm: CALL USP_GetCategories2();
10/11/2012 03:00:21 pm: CALL USP_GetPayees();
10/11/2012 03:00:21 pm: CALL USP_GetCurrencies();
10/11/2012 03:00:21 pm: CALL USP_GetAccounts();
10/11/2012 03:01:06 pm: CALL USP_GetAccounts();
10/11/2012 03:01:06 pm: CALL USP_GetCurrencies();
10/11/2012 03:01:06 pm: CALL USP_GetCategories();
10/11/2012 03:01:06 pm: CALL USP_GetCategories2();
10/11/2012 03:01:06 pm: CALL USP_GetPayees();
10/11/2012 03:01:38 pm: CALL USP_InsertTransaction('2012-10-09','1','1','1','1','13','197','-145','Full service');
10/11/2012 03:01:38 pm: CALL USP_InsertTransaction('2012-10-09','1','1','1','1','13','197','-145','Full service');
10/11/2012 03:01:40 pm: CALL USP_GetAccounts();
10/11/2012 03:01:40 pm: CALL USP_GetCategories();
10/11/2012 03:01:40 pm: CALL USP_GetCurrencies();
10/11/2012 03:01:40 pm: CALL USP_GetCategories2();
10/11/2012 03:01:40 pm: CALL USP_GetPayees();
10/11/2012 03:02:14 pm: CALL USP_GetAccounts();
10/11/2012 03:02:14 pm: CALL USP_GetPayees();
10/11/2012 03:02:14 pm: CALL USP_GetCurrencies();
10/11/2012 03:02:14 pm: CALL USP_GetCategories2();
10/11/2012 03:02:14 pm: CALL USP_GetCategories();
10/11/2012 03:02:56 pm: CALL USP_InsertTransaction('2012-09-28','1','1','1','29','127','62','-12.7','gifts, food');
10/11/2012 03:02:56 pm: CALL USP_InsertTransaction('2012-09-28','1','1','1','29','127','62','-12.7','gifts, food');
10/11/2012 03:02:59 pm: CALL USP_GetAccounts();
10/11/2012 03:02:59 pm: CALL USP_GetCategories();
10/11/2012 03:02:59 pm: CALL USP_GetCurrencies();
10/11/2012 03:02:59 pm: CALL USP_GetPayees();
10/11/2012 03:02:59 pm: CALL USP_GetCategories2();
10/11/2012 03:04:12 pm: CALL USP_GetCategories2();
10/11/2012 03:04:12 pm: CALL USP_GetAccounts();
10/11/2012 03:04:12 pm: CALL USP_GetCurrencies();
10/11/2012 03:04:12 pm: CALL USP_GetCategories();
10/11/2012 03:04:12 pm: CALL USP_GetPayees();
10/11/2012 03:04:13 pm: CALL USP_GetPayees();
10/11/2012 03:04:13 pm: CALL USP_GetCategories();
10/11/2012 03:04:13 pm: CALL USP_GetCurrencies();
10/11/2012 03:04:13 pm: CALL USP_GetAccounts();
10/11/2012 03:04:13 pm: CALL USP_GetCategories2();
10/11/2012 03:04:18 pm: CALL USP_GetAccounts();
10/11/2012 03:04:18 pm: CALL USP_GetCurrencies();
10/11/2012 03:04:18 pm: CALL USP_GetCategories();
10/11/2012 03:04:18 pm: CALL USP_GetPayees();
10/11/2012 03:04:18 pm: CALL USP_GetCategories2();
10/11/2012 03:04:37 pm: CALL USP_InsertTransaction('2012-10-01','1','1','2','2','19','210','-2.34','');
10/11/2012 03:04:37 pm: CALL USP_InsertTransaction('2012-10-01','1','1','2','2','19','210','-2.34','');
10/11/2012 03:04:47 pm: CALL USP_InsertTransaction('2012-10-01','1','1','2','2','19','142','-1','');
10/11/2012 03:04:47 pm: CALL USP_InsertTransaction('2012-10-01','1','1','2','2','19','142','-1','');
10/11/2012 03:04:55 pm: CALL USP_GetAccounts();
10/11/2012 03:04:55 pm: CALL USP_GetCurrencies();
10/11/2012 03:04:55 pm: CALL USP_GetPayees();
10/11/2012 03:04:55 pm: CALL USP_GetCategories();
10/11/2012 03:04:55 pm: CALL USP_GetCategories2();
10/11/2012 03:04:57 pm: CALL USP_GetPayees();
10/11/2012 03:04:57 pm: CALL USP_GetAccounts();
10/11/2012 03:04:57 pm: CALL USP_GetCategories2();
10/11/2012 03:04:57 pm: CALL USP_GetCurrencies();
10/11/2012 03:04:57 pm: CALL USP_GetCategories();
10/11/2012 03:05:03 pm: CALL USP_GetAccounts();
10/11/2012 03:05:03 pm: CALL USP_GetCurrencies();
10/11/2012 03:05:03 pm: CALL USP_GetPayees();
10/11/2012 03:05:03 pm: CALL USP_GetCategories2();
10/11/2012 03:05:03 pm: CALL USP_GetCategories();
10/11/2012 03:05:39 pm: CALL USP_GetAccounts();
10/11/2012 03:05:39 pm: CALL USP_GetCategories();
10/11/2012 03:05:39 pm: CALL USP_GetPayees();
10/11/2012 03:05:39 pm: CALL USP_GetCurrencies();
10/11/2012 03:05:39 pm: CALL USP_GetCategories2();
10/11/2012 03:09:06 pm: CALL USP_GetCurrencies();
10/11/2012 03:09:06 pm: CALL USP_GetAccounts();
10/11/2012 03:09:06 pm: CALL USP_GetCategories();
10/11/2012 03:09:06 pm: CALL USP_GetPayees();
10/11/2012 03:09:06 pm: CALL USP_GetCategories2();
10/11/2012 03:12:19 pm: CALL USP_GetAccounts();
10/11/2012 03:12:19 pm: CALL USP_GetCurrencies();
10/11/2012 03:12:19 pm: CALL USP_GetPayees();
10/11/2012 03:12:19 pm: CALL USP_GetCategories();
10/11/2012 03:12:19 pm: CALL USP_GetCategories2();
