07/24/2012 09:24:55 am: CALL USP_InsertTransaction('2012-07-24','17','1','1','10','52','208','-19.84','2 x Fox Wool MTB Socks');
07/24/2012 09:24:55 am: CALL USP_InsertTransaction('2012-07-24','17','1','1','10','52','208','-19.84','2 x Fox Wool MTB Socks');
07/24/2012 11:30:43 am: 
07/24/2012 11:31:10 am: 
07/24/2012 11:32:48 am: 
07/24/2012 11:32:57 am: 
07/24/2012 11:33:36 am: 
07/24/2012 11:37:52 am: 
07/24/2012 11:41:02 am: 
07/24/2012 12:01:57 pm: 
07/24/2012 12:02:45 pm: 
07/24/2012 12:05:01 pm: 
07/24/2012 12:05:51 pm: 
07/24/2012 12:07:05 pm: 
07/24/2012 12:08:14 pm: 
07/24/2012 12:09:10 pm: 
07/24/2012 12:41:47 pm: 
07/24/2012 12:42:50 pm: 
07/24/2012 12:49:26 pm: 
07/24/2012 12:50:40 pm: 
07/24/2012 12:56:25 pm: 
07/24/2012 12:57:15 pm: 
07/24/2012 12:58:55 pm: 
07/24/2012 01:00:55 pm: 
07/24/2012 01:03:05 pm: 
07/24/2012 01:03:32 pm: 
07/24/2012 01:24:19 pm: 
07/24/2012 01:25:14 pm: 
07/24/2012 01:25:59 pm: 
07/24/2012 01:28:46 pm: 
07/24/2012 01:28:53 pm: CALL USP_InsertAccount (1,'test');
07/24/2012 01:29:10 pm: 
07/24/2012 01:34:31 pm: 
07/24/2012 01:34:47 pm: CALL USP_InsertAccount (1,'test');
07/24/2012 02:00:37 pm: 
07/24/2012 02:01:45 pm: CALL USP_InsertAccount (,'Enter account Name');
07/24/2012 02:19:49 pm: 
07/24/2012 02:49:20 pm: 
07/24/2012 02:52:39 pm: 
07/24/2012 02:54:46 pm: 
07/24/2012 02:55:15 pm: 
07/24/2012 02:55:22 pm: 
07/24/2012 02:55:54 pm: 
07/24/2012 03:26:17 pm: CALL USP_InsertAccount (1,'test');
07/24/2012 03:29:17 pm: 
07/24/2012 03:30:19 pm: CALL USP_GetAccounts();
07/24/2012 03:30:34 pm: CALL USP_GetAccounts();
07/24/2012 03:32:05 pm: CALL USP_GetAccounts();
07/24/2012 03:32:19 pm: CALL USP_GetAccounts();
07/24/2012 03:38:20 pm: CALL USP_GetAccounts();
07/24/2012 03:39:32 pm: CALL USP_GetAccounts();
07/24/2012 03:40:15 pm: CALL USP_GetAccounts();
07/24/2012 03:40:58 pm: CALL USP_GetAccounts();
07/24/2012 03:41:03 pm: CALL USP_GetAccounts();
07/24/2012 03:41:56 pm: CALL USP_GetAccounts();
07/24/2012 03:44:27 pm: CALL USP_GetAccounts();
07/24/2012 03:46:05 pm: CALL USP_GetAccounts();
07/24/2012 03:49:24 pm: CALL USP_GetAccounts();
07/24/2012 03:49:37 pm: CALL USP_GetAccounts();
07/24/2012 03:51:26 pm: CALL USP_GetAccounts();
07/24/2012 03:51:34 pm: CALL USP_GetAccounts();
07/24/2012 03:53:19 pm: CALL USP_GetAccounts();
07/24/2012 03:53:27 pm: CALL USP_GetAccounts();
07/24/2012 03:54:16 pm: CALL USP_InsertAccount (1,'test');
07/24/2012 03:54:16 pm: CALL USP_GetAccounts();
07/24/2012 03:54:23 pm: CALL USP_GetAccounts();
07/24/2012 03:55:32 pm: CALL USP_GetAccounts();
07/24/2012 03:55:45 pm: CALL USP_GetAccounts();
07/24/2012 03:56:16 pm: CALL USP_GetAccounts();
07/24/2012 03:58:33 pm: CALL USP_GetAccounts();
07/24/2012 03:58:54 pm: CALL USP_GetAccounts();
07/24/2012 03:59:27 pm: CALL USP_GetAccounts();
07/24/2012 04:01:35 pm: CALL USP_GetAccounts();
07/24/2012 04:01:53 pm: CALL USP_GetAccounts();
07/24/2012 04:02:13 pm: CALL USP_GetAccounts();
07/24/2012 04:03:54 pm: CALL USP_GetAccounts();
07/24/2012 04:09:53 pm: CALL USP_GetAccounts();
07/24/2012 04:11:43 pm: CALL USP_GetAccounts();
07/24/2012 04:12:51 pm: CALL USP_GetAccounts();
07/24/2012 04:14:19 pm: CALL USP_GetAccounts();
07/24/2012 04:16:32 pm: CALL USP_GetAccounts();
07/24/2012 04:16:51 pm: CALL USP_GetAccounts();
07/24/2012 04:19:14 pm: CALL USP_GetAccounts();
07/24/2012 04:20:44 pm: CALL USP_GetAccounts();
07/24/2012 04:21:10 pm: CALL USP_GetAccounts();
07/24/2012 04:21:35 pm: CALL USP_GetAccounts();
07/24/2012 04:21:52 pm: CALL USP_GetAccounts();
07/24/2012 04:22:03 pm: CALL USP_GetAccounts();
07/24/2012 04:25:05 pm: CALL USP_GetAccounts();
07/24/2012 04:26:38 pm: CALL USP_GetAccounts();
07/24/2012 04:27:20 pm: CALL USP_GetAccounts();
07/24/2012 04:28:03 pm: CALL USP_GetAccounts();
07/24/2012 04:36:38 pm: CALL USP_GetAccounts();
07/24/2012 04:38:37 pm: CALL USP_GetAccounts();
07/24/2012 04:39:12 pm: CALL USP_GetAccounts();
07/24/2012 04:42:51 pm: CALL USP_GetAccounts();
07/24/2012 04:54:30 pm: CALL USP_GetAccounts();
07/24/2012 04:54:50 pm: CALL USP_InsertAccount (1,'test');
07/24/2012 04:54:50 pm: CALL USP_GetAccounts();
07/24/2012 04:58:40 pm: CALL USP_GetAccounts();
07/24/2012 05:00:28 pm: CALL USP_GetAccounts();
07/24/2012 05:00:55 pm: CALL USP_GetAccounts();
07/24/2012 05:01:14 pm: CALL USP_GetAccounts();
07/24/2012 05:02:26 pm: CALL USP_GetAccounts();
07/24/2012 05:03:09 pm: CALL USP_GetAccounts();
07/24/2012 05:04:04 pm: CALL USP_GetAccounts();
07/24/2012 05:04:28 pm: CALL USP_InsertCurrency ('test','tests');
07/24/2012 05:26:42 pm: CALL USP_GetAccounts();
07/24/2012 05:27:05 pm: CALL USP_GetAccounts();
07/24/2012 05:27:23 pm: CALL USP_GetAccounts();
07/24/2012 05:28:02 pm: CALL USP_GetAccounts();
07/24/2012 05:28:03 pm: CALL USP_GetAccounts();
07/24/2012 05:29:01 pm: CALL USP_GetAccounts();
07/24/2012 05:29:15 pm: CALL USP_GetAccounts();
07/24/2012 05:33:17 pm: CALL USP_GetAccounts();
07/24/2012 05:34:05 pm: CALL USP_GetAccounts();
07/24/2012 05:34:15 pm: CALL USP_GetAccounts();
07/24/2012 05:34:43 pm: CALL USP_GetNumberOfRowsUsingFilters_Transactions (2,null,null,null,null,null,'1990-01-01','2100-01-01');
07/24/2012 05:34:43 pm: call USP_GetTransactions(0,20,2,null,null,null,null,null,'1990-01-01','2100-01-01');
07/24/2012 05:34:57 pm: CALL USP_GetAccounts();
07/24/2012 05:35:48 pm: CALL USP_GetAccounts();
07/24/2012 05:35:54 pm: CALL USP_InsertPayee ('Coop');
07/24/2012 05:36:30 pm: CALL USP_GetAccounts();
07/24/2012 05:40:31 pm: CALL USP_GetPayees ()
07/24/2012 05:40:43 pm: CALL USP_GetAccounts();
07/24/2012 05:41:37 pm: CALL USP_InsertTransaction('2012-04-07','11','1','1','3','34','211','-38.1','restaurant for lunch');
07/24/2012 05:41:37 pm: CALL USP_InsertTransaction('2012-04-07','11','1','1','3','34','211','-38.1','restaurant for lunch');
07/24/2012 05:42:07 pm: CALL USP_InsertTransaction('2012-04-06','11','1','1','3','34','87','-4.9','water');
07/24/2012 05:42:07 pm: CALL USP_InsertTransaction('2012-04-06','11','1','1','3','34','87','-4.9','water');
07/24/2012 05:43:06 pm: CALL USP_GetPayees ()
07/24/2012 05:43:17 pm: CALL USP_GetAccounts();
