08/26/2012 01:57:23 pm: CALL USP_GetAccounts();
08/26/2012 01:57:23 pm: CALL USP_GetCategories();
08/26/2012 01:57:23 pm: CALL USP_GetPayees();
08/26/2012 01:57:23 pm: CALL USP_GetCurrencies();
08/26/2012 01:57:23 pm: CALL USP_GetCategories2();
08/26/2012 01:57:51 pm: CALL USP_GetAccounts();
08/26/2012 01:57:51 pm: CALL USP_GetCategories();
08/26/2012 01:57:51 pm: CALL USP_GetCategories2();
08/26/2012 01:57:51 pm: CALL USP_GetCurrencies();
08/26/2012 01:57:51 pm: CALL USP_GetPayees();
08/26/2012 01:58:38 pm: CALL USP_InsertTransaction('2012-08-26','11','1','1','7','45','8','-19','');
08/26/2012 01:58:38 pm: CALL USP_InsertTransaction('2012-08-26','11','1','1','7','45','8','-19','');
08/26/2012 01:58:54 pm: CALL USP_InsertTransaction('2012-08-26','11','1','1','7','45','123','-3.22','');
08/26/2012 01:58:54 pm: CALL USP_InsertTransaction('2012-08-26','11','1','1','7','45','123','-3.22','');
08/26/2012 01:59:05 pm: CALL USP_InsertTransaction('2012-08-26','11','1','1','7','45','154','-11.6','');
08/26/2012 01:59:05 pm: CALL USP_InsertTransaction('2012-08-26','11','1','1','7','45','154','-11.6','');
08/26/2012 02:00:37 pm: CALL USP_InsertTransaction('2012-08-26','11','1','1','11','54','123','-5','Deo, Razors');
08/26/2012 02:00:37 pm: CALL USP_InsertTransaction('2012-08-26','11','1','1','11','54','123','-5','Deo, Razors');
08/26/2012 02:00:44 pm: CALL USP_GetAccounts();
08/26/2012 02:00:44 pm: CALL USP_GetCategories();
08/26/2012 02:00:44 pm: CALL USP_GetCurrencies();
08/26/2012 02:00:44 pm: CALL USP_GetPayees();
08/26/2012 02:00:44 pm: CALL USP_GetCategories2();
