09/07/2012 10:53:26 am: CALL USP_GetCurrencies();
09/07/2012 10:53:26 am: CALL USP_GetCategories();
09/07/2012 10:53:26 am: CALL USP_GetCategories2();
09/07/2012 10:53:26 am: CALL USP_GetPayees();
09/07/2012 10:53:26 am: CALL USP_GetAccounts();
09/07/2012 11:02:27 am: CALL USP_GetAccounts();
09/07/2012 11:02:27 am: CALL USP_GetCategories2();
09/07/2012 11:02:27 am: CALL USP_GetCategories();
09/07/2012 11:02:27 am: CALL USP_GetCurrencies();
09/07/2012 11:02:27 am: CALL USP_GetPayees();
09/07/2012 11:07:29 am: CALL USP_GetAccounts();
09/07/2012 11:07:29 am: CALL USP_GetCurrencies();
09/07/2012 11:07:29 am: CALL USP_GetCategories();
09/07/2012 11:07:29 am: CALL USP_GetPayees();
09/07/2012 11:07:29 am: CALL USP_GetCategories2();
09/07/2012 11:08:57 am: CALL USP_InsertTransaction('2012-08-18','6','1','1','20','93','91','-3.95','Maverick pro');
09/07/2012 11:08:57 am: CALL USP_InsertTransaction('2012-08-18','6','1','1','20','93','91','-3.95','Maverick pro');
09/07/2012 11:11:41 am: CALL USP_InsertTransaction('2012-08-18','12','1','1','24','122','124','-1.75','');
09/07/2012 11:11:41 am: CALL USP_InsertTransaction('2012-08-18','12','1','1','24','122','124','-1.75','');
09/07/2012 11:12:09 am: CALL USP_InsertTransaction('2012-08-05','12','1','1','24','122','124','-1.75','');
09/07/2012 11:12:09 am: CALL USP_InsertTransaction('2012-08-05','12','1','1','24','122','124','-1.75','');
09/07/2012 11:12:12 am: CALL USP_GetAccounts();
09/07/2012 11:12:12 am: CALL USP_GetCurrencies();
09/07/2012 11:12:12 am: CALL USP_GetPayees();
09/07/2012 11:12:12 am: CALL USP_GetCategories2();
09/07/2012 11:12:12 am: CALL USP_GetCategories();
09/07/2012 11:21:01 am: CALL USP_GetCurrencies();
09/07/2012 11:21:01 am: CALL USP_GetAccounts();
09/07/2012 11:21:01 am: CALL USP_GetPayees();
09/07/2012 11:21:01 am: CALL USP_GetCategories();
09/07/2012 11:21:01 am: CALL USP_GetCategories2();
09/07/2012 11:23:37 am: CALL USP_GetCategories();
09/07/2012 11:23:37 am: CALL USP_GetAccounts();
09/07/2012 11:23:37 am: CALL USP_GetPayees();
09/07/2012 11:23:37 am: CALL USP_GetCurrencies();
09/07/2012 11:23:37 am: CALL USP_GetCategories2();
09/07/2012 01:20:34 pm: CALL USP_GetCurrencies();
09/07/2012 01:20:34 pm: CALL USP_GetAccounts();
09/07/2012 01:20:34 pm: CALL USP_GetCategories();
09/07/2012 01:20:34 pm: CALL USP_GetCategories2();
09/07/2012 01:20:34 pm: CALL USP_GetPayees();
09/07/2012 01:21:10 pm: CALL USP_GetPayees();
09/07/2012 01:21:10 pm: CALL USP_GetCurrencies();
09/07/2012 01:21:10 pm: CALL USP_GetAccounts();
09/07/2012 01:21:10 pm: CALL USP_GetCategories();
09/07/2012 01:21:10 pm: CALL USP_GetCategories2();
09/07/2012 01:22:36 pm: CALL USP_InsertTransaction('2012-09-07','1','1','1','23','125','135','-344.88','400 Fr.');
09/07/2012 01:22:36 pm: CALL USP_InsertTransaction('2012-09-07','1','1','1','23','125','135','-344.88','400 Fr.');
09/07/2012 01:22:44 pm: CALL USP_GetAccounts();
09/07/2012 01:22:44 pm: CALL USP_GetCurrencies();
09/07/2012 01:22:44 pm: CALL USP_GetCategories();
09/07/2012 01:22:44 pm: CALL USP_GetCategories2();
09/07/2012 01:22:44 pm: CALL USP_GetPayees();
09/07/2012 01:23:14 pm: CALL USP_InsertTransaction('2012-09-07','18','1','2','23','100','135','400','344,88 €');
09/07/2012 01:23:14 pm: CALL USP_InsertTransaction('2012-09-07','18','1','2','23','100','135','400','344,88 €');
09/07/2012 01:23:17 pm: CALL USP_GetCurrencies();
09/07/2012 01:23:17 pm: CALL USP_GetAccounts();
09/07/2012 01:23:17 pm: CALL USP_GetCategories();
09/07/2012 01:23:17 pm: CALL USP_GetPayees();
09/07/2012 01:23:17 pm: CALL USP_GetCategories2();
09/07/2012 01:53:43 pm: CALL USP_GetAccounts();
09/07/2012 01:53:43 pm: CALL USP_GetPayees();
09/07/2012 01:53:43 pm: CALL USP_GetCurrencies();
09/07/2012 01:53:43 pm: CALL USP_GetCategories();
09/07/2012 01:53:43 pm: CALL USP_GetCategories2();
09/07/2012 01:57:31 pm: CALL USP_GetAccounts();
09/07/2012 01:57:31 pm: CALL USP_GetCurrencies();
09/07/2012 01:57:32 pm: CALL USP_GetCategories();
09/07/2012 01:57:32 pm: CALL USP_GetPayees();
09/07/2012 01:57:32 pm: CALL USP_GetCategories2();
09/07/2012 01:57:54 pm: CALL USP_InsertTransaction('2012-09-07','5','1','3','23','100','135','-175','');
09/07/2012 01:57:54 pm: CALL USP_InsertTransaction('2012-09-07','5','1','3','23','100','135','-175','');
09/07/2012 01:57:54 pm: CALL USP_InsertTransaction('2012-09-07','1','1','3','23','100','135','175','');
09/07/2012 01:57:54 pm: CALL USP_InsertTransaction('2012-09-07','1','1','3','23','100','135','175','');
09/07/2012 01:58:04 pm: CALL USP_GetCurrencies();
09/07/2012 01:58:04 pm: CALL USP_GetAccounts();
09/07/2012 01:58:04 pm: CALL USP_GetPayees();
09/07/2012 01:58:04 pm: CALL USP_GetCategories();
09/07/2012 01:58:04 pm: CALL USP_GetCategories2();
