12/30/2012 09:00:36 pm: CALL USP_GetCategories2();
12/30/2012 09:00:36 pm: CALL USP_GetCategories();
12/30/2012 09:00:36 pm: CALL USP_GetPayees();
12/30/2012 09:00:36 pm: CALL USP_GetCurrencies();
12/30/2012 09:00:36 pm: CALL USP_GetAccounts();
12/30/2012 09:01:28 pm: CALL USP_GetAccounts();
12/30/2012 09:01:28 pm: CALL USP_GetCategories();
12/30/2012 09:01:28 pm: CALL USP_GetCurrencies();
12/30/2012 09:01:28 pm: CALL USP_GetCategories2();
12/30/2012 09:01:28 pm: CALL USP_GetPayees();
12/30/2012 09:01:51 pm: CALL USP_InsertTransaction('2012-12-30','19','1','1','7','45','218','-58.6','');
12/30/2012 09:01:51 pm: CALL USP_InsertTransaction('2012-12-30','19','1','1','7','45','218','-58.6','');
12/30/2012 09:03:04 pm: CALL USP_InsertTransaction('2012-12-30','19','1','1','7','45','225','-5.91','toilet paper, tissues');
12/30/2012 09:03:04 pm: CALL USP_InsertTransaction('2012-12-30','19','1','1','7','45','225','-5.91','toilet paper, tissues');
12/30/2012 09:03:19 pm: CALL USP_InsertTransaction('2012-12-30','19','1','1','11','54','225','-5.91','toilet paper, tissues');
12/30/2012 09:03:19 pm: CALL USP_InsertTransaction('2012-12-30','19','1','1','11','54','225','-5.91','toilet paper, tissues');
12/30/2012 09:03:47 pm: CALL USP_InsertTransaction('2012-12-30','19','1','1','7','45','225','-23.01','');
12/30/2012 09:03:47 pm: CALL USP_InsertTransaction('2012-12-30','19','1','1','7','45','225','-23.01','');
12/30/2012 09:04:36 pm: CALL USP_GetAccounts();
12/30/2012 09:04:36 pm: CALL USP_GetCurrencies();
12/30/2012 09:04:36 pm: CALL USP_GetPayees();
12/30/2012 09:04:36 pm: CALL USP_GetCategories2();
12/30/2012 09:04:36 pm: CALL USP_GetCategories();
12/30/2012 09:04:37 pm: CALL USP_GetCurrencies();
12/30/2012 09:04:37 pm: CALL USP_GetPayees();
12/30/2012 09:04:37 pm: CALL USP_GetCategories();
12/30/2012 09:04:37 pm: CALL USP_GetAccounts();
12/30/2012 09:04:37 pm: CALL USP_GetCategories2();
12/30/2012 09:05:13 pm: CALL USP_GetAccounts();
12/30/2012 09:05:13 pm: CALL USP_GetCurrencies();
12/30/2012 09:05:13 pm: CALL USP_GetPayees();
12/30/2012 09:05:13 pm: CALL USP_GetCategories();
12/30/2012 09:05:13 pm: CALL USP_GetCategories2();
12/30/2012 09:05:26 pm: CALL USP_GetAccounts();
12/30/2012 09:05:26 pm: CALL USP_GetCurrencies();
12/30/2012 09:05:26 pm: CALL USP_GetCategories();
12/30/2012 09:05:26 pm: CALL USP_GetCategories2();
12/30/2012 09:05:26 pm: CALL USP_GetPayees();
