11/20/2012 06:45:20 pm: CALL USP_GetCurrencies();
11/20/2012 06:45:20 pm: CALL USP_GetPayees();
11/20/2012 06:45:20 pm: CALL USP_GetAccounts();
11/20/2012 06:45:20 pm: CALL USP_GetCategories();
11/20/2012 06:45:20 pm: CALL USP_GetCategories2();
11/20/2012 06:45:38 pm: CALL USP_GetCurrencies();
11/20/2012 06:45:38 pm: CALL USP_GetPayees();
11/20/2012 06:45:38 pm: CALL USP_GetAccounts();
11/20/2012 06:45:38 pm: CALL USP_GetCategories();
11/20/2012 06:45:38 pm: CALL USP_GetCategories2();
11/20/2012 06:45:55 pm: CALL USP_InsertTransaction('2012-11-20','5','1','3','23','102','135','-375','');
11/20/2012 06:45:55 pm: CALL USP_InsertTransaction('2012-11-20','5','1','3','23','102','135','-375','');
11/20/2012 06:45:55 pm: CALL USP_InsertTransaction('2012-11-20','3','1','3','23','102','135','375','');
11/20/2012 06:45:55 pm: CALL USP_InsertTransaction('2012-11-20','3','1','3','23','102','135','375','');
11/20/2012 06:45:58 pm: CALL USP_GetPayees();
11/20/2012 06:45:58 pm: CALL USP_GetCurrencies();
11/20/2012 06:45:58 pm: CALL USP_GetCategories2();
11/20/2012 06:45:58 pm: CALL USP_GetAccounts();
11/20/2012 06:45:58 pm: CALL USP_GetCategories();
11/20/2012 07:30:02 pm: CALL USP_GetAccounts();
11/20/2012 07:30:02 pm: CALL USP_GetCategories();
11/20/2012 07:30:02 pm: CALL USP_GetCurrencies();
11/20/2012 07:30:02 pm: CALL USP_GetPayees();
11/20/2012 07:30:02 pm: CALL USP_GetCategories2();
11/20/2012 07:31:14 pm: CALL USP_GetCurrencies();
11/20/2012 07:31:14 pm: CALL USP_GetPayees();
11/20/2012 07:31:14 pm: CALL USP_GetCategories();
11/20/2012 07:31:14 pm: CALL USP_GetCategories2();
11/20/2012 07:31:14 pm: CALL USP_GetAccounts();
11/20/2012 07:34:13 pm: CALL USP_GetAccounts();
11/20/2012 07:34:13 pm: CALL USP_GetCategories();
11/20/2012 07:34:13 pm: CALL USP_GetPayees();
11/20/2012 07:34:13 pm: CALL USP_GetCurrencies();
11/20/2012 07:34:13 pm: CALL USP_GetCategories2();
11/20/2012 09:14:43 pm: CALL USP_GetAccounts();
11/20/2012 09:14:43 pm: CALL USP_GetCategories2();
11/20/2012 09:14:43 pm: CALL USP_GetCurrencies();
11/20/2012 09:14:43 pm: CALL USP_GetCategories();
11/20/2012 09:14:43 pm: CALL USP_GetPayees();
11/20/2012 09:16:00 pm: CALL USP_GetCurrencies();
11/20/2012 09:16:00 pm: CALL USP_GetAccounts();
11/20/2012 09:16:00 pm: CALL USP_GetCategories();
11/20/2012 09:16:00 pm: CALL USP_GetCategories2();
11/20/2012 09:16:00 pm: CALL USP_GetPayees();
11/20/2012 09:16:45 pm: CALL USP_GetCategories2();
11/20/2012 09:16:45 pm: CALL USP_GetAccounts();
11/20/2012 09:16:45 pm: CALL USP_GetCurrencies();
11/20/2012 09:16:45 pm: CALL USP_GetPayees();
11/20/2012 09:16:45 pm: CALL USP_GetCategories();
11/20/2012 09:18:22 pm: CALL USP_GetAccounts();
11/20/2012 09:18:22 pm: CALL USP_GetCurrencies();
11/20/2012 09:18:22 pm: CALL USP_GetCategories();
11/20/2012 09:18:22 pm: CALL USP_GetPayees();
11/20/2012 09:18:22 pm: CALL USP_GetCategories2();
11/20/2012 09:26:15 pm: CALL USP_GetAccounts();
11/20/2012 09:26:15 pm: CALL USP_GetCurrencies();
11/20/2012 09:26:15 pm: CALL USP_GetCategories2();
11/20/2012 09:26:15 pm: CALL USP_GetPayees();
11/20/2012 09:26:15 pm: CALL USP_GetCategories();
11/20/2012 09:38:51 pm: CALL USP_GetPayees();
11/20/2012 09:38:51 pm: CALL USP_GetCurrencies();
11/20/2012 09:38:51 pm: CALL USP_GetCategories();
11/20/2012 09:38:51 pm: CALL USP_GetAccounts();
11/20/2012 09:38:51 pm: CALL USP_GetCategories2();
11/20/2012 09:39:28 pm: CALL USP_GetAccounts();
11/20/2012 09:39:28 pm: CALL USP_GetCurrencies();
11/20/2012 09:39:28 pm: CALL USP_GetPayees();
11/20/2012 09:39:28 pm: CALL USP_GetCategories2();
11/20/2012 09:39:28 pm: CALL USP_GetCategories();
11/20/2012 09:42:34 pm: CALL USP_GetPayees();
11/20/2012 09:42:34 pm: CALL USP_GetCurrencies();
11/20/2012 09:42:34 pm: CALL USP_GetCategories();
11/20/2012 09:42:34 pm: CALL USP_GetAccounts();
11/20/2012 09:42:34 pm: CALL USP_GetCategories2();
11/20/2012 09:45:02 pm: CALL USP_GetCurrencies();
11/20/2012 09:45:02 pm: CALL USP_GetAccounts();
11/20/2012 09:45:02 pm: CALL USP_GetCategories();
11/20/2012 09:45:02 pm: CALL USP_GetPayees();
11/20/2012 09:45:02 pm: CALL USP_GetCategories2();
11/20/2012 09:46:54 pm: CALL USP_GetAccounts();
11/20/2012 09:46:54 pm: CALL USP_GetPayees();
11/20/2012 09:46:54 pm: CALL USP_GetCurrencies();
11/20/2012 09:46:54 pm: CALL USP_GetCategories2();
11/20/2012 09:46:54 pm: CALL USP_GetCategories();
