11/12/2012 07:49:47 pm: CALL USP_GetCurrencies();
11/12/2012 07:49:47 pm: CALL USP_GetCategories();
11/12/2012 07:49:47 pm: CALL USP_GetPayees();
11/12/2012 07:49:47 pm: CALL USP_GetCategories2();
11/12/2012 07:49:47 pm: CALL USP_GetAccounts();
11/12/2012 07:49:56 pm: CALL USP_GetCategories2();
11/12/2012 07:49:56 pm: CALL USP_GetCategories();
11/12/2012 07:49:56 pm: CALL USP_GetPayees();
11/12/2012 07:49:56 pm: CALL USP_GetAccounts();
11/12/2012 07:49:56 pm: CALL USP_GetCurrencies();
11/12/2012 07:50:17 pm: CALL USP_InsertTransaction('2012-11-12','11','1','1','9','48','17','-6','');
11/12/2012 07:50:17 pm: CALL USP_InsertTransaction('2012-11-12','11','1','1','9','48','17','-6','');
11/12/2012 07:50:30 pm: CALL USP_InsertTransaction('2012-11-12','11','1','1','7','45','8','-3.71','');
11/12/2012 07:50:30 pm: CALL USP_InsertTransaction('2012-11-12','11','1','1','7','45','8','-3.71','');
11/12/2012 07:50:32 pm: CALL USP_GetAccounts();
11/12/2012 07:50:32 pm: CALL USP_GetCurrencies();
11/12/2012 07:50:32 pm: CALL USP_GetPayees();
11/12/2012 07:50:32 pm: CALL USP_GetCategories();
11/12/2012 07:50:32 pm: CALL USP_GetCategories2();
11/12/2012 08:13:07 pm: CALL USP_GetCurrencies();
11/12/2012 08:13:07 pm: CALL USP_GetAccounts();
11/12/2012 08:13:07 pm: CALL USP_GetCategories();
11/12/2012 08:13:07 pm: CALL USP_GetPayees();
11/12/2012 08:13:07 pm: CALL USP_GetCategories2();
11/12/2012 08:13:23 pm: CALL USP_GetAccounts();
11/12/2012 08:13:23 pm: CALL USP_GetCurrencies();
11/12/2012 08:13:23 pm: CALL USP_GetPayees();
11/12/2012 08:13:24 pm: CALL USP_GetCategories();
11/12/2012 08:13:24 pm: CALL USP_GetCategories2();
11/12/2012 08:13:53 pm: CALL USP_GetAccounts();
11/12/2012 08:13:53 pm: CALL USP_GetPayees();
11/12/2012 08:13:53 pm: CALL USP_GetCurrencies();
11/12/2012 08:13:53 pm: CALL USP_GetCategories();
11/12/2012 08:13:53 pm: CALL USP_GetCategories2();
11/12/2012 08:17:39 pm: CALL USP_GetCurrencies();
11/12/2012 08:17:39 pm: CALL USP_GetAccounts();
11/12/2012 08:17:39 pm: CALL USP_GetPayees();
11/12/2012 08:17:39 pm: CALL USP_GetCategories();
11/12/2012 08:17:39 pm: CALL USP_GetCategories2();
11/12/2012 08:19:11 pm: CALL USP_GetCurrencies();
11/12/2012 08:19:11 pm: CALL USP_GetAccounts();
11/12/2012 08:19:11 pm: CALL USP_GetCategories();
11/12/2012 08:19:11 pm: CALL USP_GetPayees();
11/12/2012 08:19:11 pm: CALL USP_GetCategories2();
11/12/2012 08:19:26 pm: CALL USP_GetCategories();
11/12/2012 08:19:26 pm: CALL USP_GetAccounts();
11/12/2012 08:19:26 pm: CALL USP_GetPayees();
11/12/2012 08:19:26 pm: CALL USP_GetCurrencies();
11/12/2012 08:19:26 pm: CALL USP_GetCategories2();
11/12/2012 08:19:39 pm: CALL USP_GetCurrencies();
11/12/2012 08:19:39 pm: CALL USP_GetCategories();
11/12/2012 08:19:39 pm: CALL USP_GetCategories2();
11/12/2012 08:19:39 pm: CALL USP_GetPayees();
11/12/2012 08:19:39 pm: CALL USP_GetAccounts();
11/12/2012 08:20:08 pm: CALL USP_GetCurrencies();
11/12/2012 08:20:08 pm: CALL USP_GetAccounts();
11/12/2012 08:20:08 pm: CALL USP_GetCategories2();
11/12/2012 08:20:08 pm: CALL USP_GetPayees();
11/12/2012 08:20:08 pm: CALL USP_GetCategories();
11/12/2012 08:21:36 pm: CALL USP_GetPayees();
11/12/2012 08:21:36 pm: CALL USP_GetCurrencies();
11/12/2012 08:21:36 pm: CALL USP_GetCategories2();
11/12/2012 08:21:36 pm: CALL USP_GetAccounts();
11/12/2012 08:21:36 pm: CALL USP_GetCategories();
11/12/2012 08:22:58 pm: CALL USP_GetAccounts();
11/12/2012 08:22:58 pm: CALL USP_GetCurrencies();
11/12/2012 08:22:58 pm: CALL USP_GetPayees();
11/12/2012 08:22:58 pm: CALL USP_GetCategories2();
11/12/2012 08:22:58 pm: CALL USP_GetCategories();
11/12/2012 08:24:01 pm: CALL USP_GetCurrencies();
11/12/2012 08:24:01 pm: CALL USP_GetCategories();
11/12/2012 08:24:01 pm: CALL USP_GetAccounts();
11/12/2012 08:24:01 pm: CALL USP_GetPayees();
11/12/2012 08:24:01 pm: CALL USP_GetCategories2();
11/12/2012 08:28:33 pm: CALL USP_GetCurrencies();
11/12/2012 08:28:33 pm: CALL USP_GetCategories();
11/12/2012 08:28:33 pm: CALL USP_GetAccounts();
11/12/2012 08:28:33 pm: CALL USP_GetPayees();
11/12/2012 08:28:33 pm: CALL USP_GetCategories2();
11/12/2012 08:34:05 pm: CALL USP_GetAccounts();
11/12/2012 08:34:05 pm: CALL USP_GetPayees();
11/12/2012 08:34:05 pm: CALL USP_GetCategories2();
11/12/2012 08:34:05 pm: CALL USP_GetCurrencies();
11/12/2012 08:34:05 pm: CALL USP_GetCategories();
11/12/2012 08:34:41 pm: CALL USP_GetAccounts();
11/12/2012 08:34:41 pm: CALL USP_GetCurrencies();
11/12/2012 08:34:41 pm: CALL USP_GetCategories();
11/12/2012 08:34:41 pm: CALL USP_GetCategories2();
11/12/2012 08:34:41 pm: CALL USP_GetPayees();
11/12/2012 08:56:00 pm: CALL USP_GetCategories();
11/12/2012 08:56:00 pm: CALL USP_GetAccounts();
11/12/2012 08:56:00 pm: CALL USP_GetCategories2();
11/12/2012 08:56:00 pm: CALL USP_GetCurrencies();
11/12/2012 08:56:00 pm: CALL USP_GetPayees();
11/12/2012 08:56:20 pm: CALL USP_GetAccounts();
11/12/2012 08:56:20 pm: CALL USP_GetPayees();
11/12/2012 08:56:20 pm: CALL USP_GetCategories2();
11/12/2012 08:56:20 pm: CALL USP_GetCurrencies();
11/12/2012 08:56:20 pm: CALL USP_GetCategories();
11/12/2012 09:16:19 pm: CALL USP_GetAccounts();
11/12/2012 09:16:19 pm: CALL USP_GetCurrencies();
11/12/2012 09:16:19 pm: CALL USP_GetPayees();
11/12/2012 09:16:19 pm: CALL USP_GetCategories2();
11/12/2012 09:16:19 pm: CALL USP_GetCategories();
11/12/2012 09:17:31 pm: CALL USP_GetAccounts();
11/12/2012 09:17:31 pm: CALL USP_GetCurrencies();
11/12/2012 09:17:31 pm: CALL USP_GetCategories2();
11/12/2012 09:17:31 pm: CALL USP_GetPayees();
11/12/2012 09:17:31 pm: CALL USP_GetCategories();
11/12/2012 09:19:04 pm: CALL USP_GetAccounts();
11/12/2012 09:19:04 pm: CALL USP_GetCategories();
11/12/2012 09:19:04 pm: CALL USP_GetCurrencies();
11/12/2012 09:19:04 pm: CALL USP_GetPayees();
11/12/2012 09:19:04 pm: CALL USP_GetCategories2();
11/12/2012 09:19:55 pm: CALL USP_GetCategories2();
11/12/2012 09:19:55 pm: CALL USP_GetCurrencies();
11/12/2012 09:19:55 pm: CALL USP_GetCategories();
11/12/2012 09:19:55 pm: CALL USP_GetAccounts();
11/12/2012 09:19:55 pm: CALL USP_GetPayees();
11/12/2012 09:21:09 pm: CALL USP_GetCurrencies();
11/12/2012 09:21:09 pm: CALL USP_GetCategories();
11/12/2012 09:21:09 pm: CALL USP_GetCategories2();
11/12/2012 09:21:09 pm: CALL USP_GetPayees();
11/12/2012 09:21:09 pm: CALL USP_GetAccounts();
11/12/2012 09:21:50 pm: CALL USP_GetCurrencies();
11/12/2012 09:21:50 pm: CALL USP_GetCategories2();
11/12/2012 09:21:50 pm: CALL USP_GetPayees();
11/12/2012 09:21:50 pm: CALL USP_GetAccounts();
11/12/2012 09:21:50 pm: CALL USP_GetCategories();
11/12/2012 09:38:33 pm: CALL USP_GetPayees();
11/12/2012 09:38:33 pm: CALL USP_GetCategories();
11/12/2012 09:38:33 pm: CALL USP_GetAccounts();
11/12/2012 09:38:33 pm: CALL USP_GetCurrencies();
11/12/2012 09:38:33 pm: CALL USP_GetCategories2();
11/12/2012 09:41:50 pm: CALL USP_GetCurrencies();
11/12/2012 09:41:50 pm: CALL USP_GetAccounts();
11/12/2012 09:41:50 pm: CALL USP_GetCategories();
11/12/2012 09:41:50 pm: CALL USP_GetPayees();
11/12/2012 09:41:50 pm: CALL USP_GetCategories2();
11/12/2012 09:44:31 pm: CALL USP_GetCurrencies();
11/12/2012 09:44:31 pm: CALL USP_GetAccounts();
11/12/2012 09:44:31 pm: CALL USP_GetPayees();
11/12/2012 09:44:31 pm: CALL USP_GetCategories();
11/12/2012 09:44:31 pm: CALL USP_GetCategories2();
11/12/2012 09:48:27 pm: CALL USP_GetPayees();
11/12/2012 09:48:27 pm: CALL USP_GetCurrencies();
11/12/2012 09:48:27 pm: CALL USP_GetAccounts();
11/12/2012 09:48:27 pm: CALL USP_GetCategories2();
11/12/2012 09:48:27 pm: CALL USP_GetCategories();
11/12/2012 09:48:37 pm: CALL USP_GetCurrencies();
11/12/2012 09:48:37 pm: CALL USP_GetCategories();
11/12/2012 09:48:37 pm: CALL USP_GetAccounts();
11/12/2012 09:48:37 pm: CALL USP_GetCategories2();
11/12/2012 09:48:37 pm: CALL USP_GetPayees();
