01/21/2013 11:55:20 am: CALL USP_GetPayees();
01/21/2013 11:55:20 am: CALL USP_GetCategories();
01/21/2013 11:55:20 am: CALL USP_GetCategories2();
01/21/2013 11:55:20 am: CALL USP_GetCurrencies();
01/21/2013 11:55:20 am: CALL USP_GetAccounts();
01/21/2013 11:55:22 am: CALL USP_GetCategories();
01/21/2013 11:55:22 am: CALL USP_GetAccounts();
01/21/2013 11:55:22 am: CALL USP_GetCurrencies();
01/21/2013 11:55:22 am: CALL USP_GetPayees();
01/21/2013 11:55:22 am: CALL USP_GetCategories2();
01/21/2013 11:55:25 am: CALL USP_GetCategories();
01/21/2013 11:55:25 am: CALL USP_GetPayees();
01/21/2013 11:55:25 am: CALL USP_GetAccounts();
01/21/2013 11:55:25 am: CALL USP_GetCurrencies();
01/21/2013 11:55:25 am: CALL USP_GetCategories2();
01/21/2013 11:55:26 am: CALL USP_GetAccounts();
01/21/2013 11:55:26 am: CALL USP_GetCurrencies();
01/21/2013 11:55:26 am: CALL USP_GetCategories();
01/21/2013 11:55:26 am: CALL USP_GetPayees();
01/21/2013 11:55:26 am: CALL USP_GetCategories2();
01/21/2013 11:55:50 am: CALL USP_GetAccounts();
01/21/2013 11:55:50 am: CALL USP_GetCurrencies();
01/21/2013 11:55:50 am: CALL USP_GetCategories();
01/21/2013 11:55:50 am: CALL USP_GetCategories2();
01/21/2013 11:55:50 am: CALL USP_GetPayees();
01/21/2013 11:56:29 am: CALL USP_InsertTransaction('2013-01-14','6','1','1','11','54','187','-16.8','soap, lip balm');
01/21/2013 11:56:29 am: CALL USP_InsertTransaction('2013-01-14','6','1','1','11','54','187','-16.8','soap, lip balm');
01/21/2013 11:56:33 am: CALL USP_GetAccounts();
01/21/2013 11:56:33 am: CALL USP_GetCategories();
01/21/2013 11:56:33 am: CALL USP_GetCurrencies();
01/21/2013 11:56:33 am: CALL USP_GetCategories2();
01/21/2013 11:56:33 am: CALL USP_GetPayees();
01/21/2013 12:06:43 pm: CALL USP_GetAccounts();
01/21/2013 12:06:43 pm: CALL USP_GetCurrencies();
01/21/2013 12:06:43 pm: CALL USP_GetPayees();
01/21/2013 12:06:43 pm: CALL USP_GetCategories();
01/21/2013 12:06:43 pm: CALL USP_GetCategories2();
01/21/2013 06:21:12 pm: CALL USP_GetAccounts();
01/21/2013 06:21:12 pm: CALL USP_GetCurrencies();
01/21/2013 06:21:12 pm: CALL USP_GetPayees();
01/21/2013 06:21:12 pm: CALL USP_GetCategories();
01/21/2013 06:21:12 pm: CALL USP_GetCategories2();
01/21/2013 06:21:17 pm: CALL USP_GetPayees();
01/21/2013 06:21:17 pm: CALL USP_GetAccounts();
01/21/2013 06:21:17 pm: CALL USP_GetCurrencies();
01/21/2013 06:21:17 pm: CALL USP_GetCategories2();
01/21/2013 06:21:18 pm: CALL USP_GetCategories();
01/21/2013 06:23:16 pm: CALL USP_InsertTransaction('2013-01-21','19','1','1','11','54','218','-1.27','toilet tissue');
01/21/2013 06:23:16 pm: CALL USP_InsertTransaction('2013-01-21','19','1','1','11','54','218','-1.27','toilet tissue');
01/21/2013 06:24:23 pm: CALL USP_InsertTransaction('2013-01-21','19','1','1','7','45','218','-29.6','');
01/21/2013 06:24:23 pm: CALL USP_InsertTransaction('2013-01-21','19','1','1','7','45','218','-29.6','');
01/21/2013 06:24:51 pm: CALL USP_InsertTransaction('2013-01-21','19','1','1','2','23','187','-.99','fedex computing');
01/21/2013 06:24:51 pm: CALL USP_InsertTransaction('2013-01-21','19','1','1','2','23','187','-.99','fedex computing');
01/21/2013 06:24:58 pm: CALL USP_GetCategories2();
01/21/2013 06:24:58 pm: CALL USP_GetPayees();
01/21/2013 06:24:58 pm: CALL USP_GetCategories();
01/21/2013 06:24:58 pm: CALL USP_GetAccounts();
01/21/2013 06:24:58 pm: CALL USP_GetCurrencies();
01/21/2013 06:24:59 pm: CALL USP_GetAccounts();
01/21/2013 06:24:59 pm: CALL USP_GetCategories();
01/21/2013 06:24:59 pm: CALL USP_GetCategories2();
01/21/2013 06:24:59 pm: CALL USP_GetPayees();
01/21/2013 06:24:59 pm: CALL USP_GetCurrencies();
