06/08/2013 06:52:37 am: CALL USP_GetPayees();
06/08/2013 06:52:37 am: CALL USP_GetCategories();
06/08/2013 06:52:37 am: CALL USP_GetAccounts();
06/08/2013 06:52:37 am: CALL USP_GetCurrencies();
06/08/2013 06:52:37 am: CALL USP_GetCategories2();
06/08/2013 06:52:48 am: CALL USP_GetAccounts();
06/08/2013 06:52:48 am: CALL USP_GetCurrencies();
06/08/2013 06:52:48 am: CALL USP_GetPayees();
06/08/2013 06:52:48 am: CALL USP_GetCategories2();
06/08/2013 06:52:48 am: CALL USP_GetCategories();
06/08/2013 03:21:34 pm: CALL USP_GetPayees();
06/08/2013 03:21:34 pm: CALL USP_GetCurrencies();
06/08/2013 03:21:34 pm: CALL USP_GetCategories2();
06/08/2013 03:21:34 pm: CALL USP_GetCategories();
06/08/2013 03:21:34 pm: CALL USP_GetAccounts();
06/08/2013 03:21:57 pm: CALL USP_GetAccounts();
06/08/2013 03:21:57 pm: CALL USP_GetCurrencies();
06/08/2013 03:21:57 pm: CALL USP_GetPayees();
06/08/2013 03:21:57 pm: CALL USP_GetCategories2();
06/08/2013 03:21:57 pm: CALL USP_GetCategories();
06/08/2013 05:03:39 pm: CALL USP_GetAccounts();
06/08/2013 05:03:39 pm: CALL USP_GetCurrencies();
06/08/2013 05:03:39 pm: CALL USP_GetCategories();
06/08/2013 05:03:39 pm: CALL USP_GetPayees();
06/08/2013 05:03:39 pm: CALL USP_GetCategories2();
