01/09/2013 08:43:36 am: CALL USP_GetCategories();
01/09/2013 08:43:36 am: CALL USP_GetCurrencies();
01/09/2013 08:43:36 am: CALL USP_GetAccounts();
01/09/2013 08:43:36 am: CALL USP_GetPayees();
01/09/2013 08:43:36 am: CALL USP_GetCategories2();
01/09/2013 08:43:39 am: CALL USP_GetAccounts();
01/09/2013 08:43:39 am: CALL USP_GetCurrencies();
01/09/2013 08:43:39 am: CALL USP_GetPayees();
01/09/2013 08:43:39 am: CALL USP_GetCategories2();
01/09/2013 08:43:39 am: CALL USP_GetCategories();
01/09/2013 08:44:08 am: CALL USP_InsertTransaction('2013-01-09','19','1','1','7','45','218','-45.2','');
01/09/2013 08:44:08 am: CALL USP_InsertTransaction('2013-01-09','19','1','1','7','45','218','-45.2','');
01/09/2013 08:44:10 am: CALL USP_GetCategories();
01/09/2013 08:44:10 am: CALL USP_GetAccounts();
01/09/2013 08:44:10 am: CALL USP_GetCategories2();
01/09/2013 08:44:10 am: CALL USP_GetCurrencies();
01/09/2013 08:44:10 am: CALL USP_GetPayees();
01/09/2013 09:12:04 am: CALL USP_GetAccounts();
01/09/2013 09:12:04 am: CALL USP_GetCurrencies();
01/09/2013 09:12:04 am: CALL USP_GetPayees();
01/09/2013 09:12:04 am: CALL USP_GetCategories();
01/09/2013 09:12:04 am: CALL USP_GetCategories2();
01/09/2013 09:38:08 pm: CALL USP_GetCurrencies();
01/09/2013 09:38:08 pm: CALL USP_GetCategories();
01/09/2013 09:38:08 pm: CALL USP_GetCategories2();
01/09/2013 09:38:08 pm: CALL USP_GetPayees();
01/09/2013 09:38:08 pm: CALL USP_GetAccounts();
