05/24/2013 07:02:45 pm: CALL USP_GetAccounts();
05/24/2013 07:02:45 pm: CALL USP_GetCurrencies();
05/24/2013 07:02:45 pm: CALL USP_GetCategories();
05/24/2013 07:02:45 pm: CALL USP_GetPayees();
05/24/2013 07:02:46 pm: CALL USP_GetCategories2();
05/24/2013 07:02:55 pm: CALL USP_GetCategories2();
05/24/2013 07:02:55 pm: CALL USP_GetAccounts();
05/24/2013 07:02:55 pm: CALL USP_GetPayees();
05/24/2013 07:02:55 pm: CALL USP_GetCategories();
05/24/2013 07:02:55 pm: CALL USP_GetCurrencies();
05/24/2013 08:42:37 pm: CALL USP_GetAccounts();
05/24/2013 08:42:37 pm: CALL USP_GetPayees();
05/24/2013 08:42:37 pm: CALL USP_GetCategories();
05/24/2013 08:42:37 pm: CALL USP_GetCategories2();
05/24/2013 08:42:37 pm: CALL USP_GetCurrencies();
05/24/2013 08:43:48 pm: CALL USP_InsertTransaction('2013-05-21','11','1','1','7','45','123','12.53','');
05/24/2013 08:50:19 pm: CALL USP_InsertTransaction('2013-05-21','11','1','1','7','45','8','-8.3','');
05/24/2013 08:50:39 pm: CALL USP_InsertTransaction('2013-05-24','11','1','1','7','45','8','-13.1','');
05/24/2013 08:51:07 pm: CALL USP_InsertTransaction('2013-05-24','11','1','1','7','45','123','-6.95','');
05/24/2013 08:51:10 pm: CALL USP_GetAccounts();
05/24/2013 08:51:10 pm: CALL USP_GetCurrencies();
05/24/2013 08:51:10 pm: CALL USP_GetCategories();
05/24/2013 08:51:10 pm: CALL USP_GetCategories2();
05/24/2013 08:51:10 pm: CALL USP_GetPayees();
05/24/2013 08:51:15 pm: CALL USP_GetCurrencies();
05/24/2013 08:51:15 pm: CALL USP_GetAccounts();
05/24/2013 08:51:15 pm: CALL USP_GetPayees();
05/24/2013 08:51:15 pm: CALL USP_GetCategories();
05/24/2013 08:51:15 pm: CALL USP_GetCategories2();
05/24/2013 08:51:20 pm: CALL USP_GetAccounts();
05/24/2013 08:51:20 pm: CALL USP_GetPayees();
05/24/2013 08:51:20 pm: CALL USP_GetCategories();
05/24/2013 08:51:20 pm: CALL USP_GetCurrencies();
05/24/2013 08:51:20 pm: CALL USP_GetCategories2();
05/24/2013 08:51:23 pm: CALL USP_GetAccounts();
05/24/2013 08:51:23 pm: CALL USP_GetCategories();
05/24/2013 08:51:23 pm: CALL USP_GetCurrencies();
05/24/2013 08:51:23 pm: CALL USP_GetPayees();
05/24/2013 08:51:23 pm: CALL USP_GetCategories2();
