02/09/2013 11:04:04 am: CALL USP_GetCategories();
02/09/2013 11:04:04 am: CALL USP_GetCategories2();
02/09/2013 11:04:04 am: CALL USP_GetCurrencies();
02/09/2013 11:04:04 am: CALL USP_GetAccounts();
02/09/2013 11:04:04 am: CALL USP_GetPayees();
02/09/2013 11:59:10 am: CALL USP_GetCategories();
02/09/2013 11:59:10 am: CALL USP_GetAccounts();
02/09/2013 11:59:10 am: CALL USP_GetCategories2();
02/09/2013 11:59:10 am: CALL USP_GetPayees();
02/09/2013 11:59:10 am: CALL USP_GetCurrencies();
02/09/2013 05:41:52 pm: CALL USP_GetCurrencies();
02/09/2013 05:41:52 pm: CALL USP_GetCategories();
02/09/2013 05:41:52 pm: CALL USP_GetCategories2();
02/09/2013 05:41:52 pm: CALL USP_GetPayees();
02/09/2013 05:41:52 pm: CALL USP_GetAccounts();
02/09/2013 05:41:54 pm: CALL USP_GetAccounts();
02/09/2013 05:41:54 pm: CALL USP_GetCurrencies();
02/09/2013 05:41:54 pm: CALL USP_GetPayees();
02/09/2013 05:41:54 pm: CALL USP_GetCategories();
02/09/2013 05:41:54 pm: CALL USP_GetCategories2();
02/09/2013 05:42:09 pm: CALL USP_GetAccounts();
02/09/2013 05:42:09 pm: CALL USP_GetCategories2();
02/09/2013 05:42:09 pm: CALL USP_GetCurrencies();
02/09/2013 05:42:09 pm: CALL USP_GetCategories();
02/09/2013 05:42:09 pm: CALL USP_GetPayees();
02/09/2013 05:42:46 pm: CALL USP_GetAccounts();
02/09/2013 05:42:46 pm: CALL USP_GetCurrencies();
02/09/2013 05:42:46 pm: CALL USP_GetPayees();
02/09/2013 05:42:46 pm: CALL USP_GetCategories2();
02/09/2013 05:42:46 pm: CALL USP_GetCategories();
02/09/2013 05:43:46 pm: CALL USP_InsertTransaction('2013-02-04','6','1','1','13','71','187','-5','Freelancer exam');
02/09/2013 05:43:46 pm: CALL USP_InsertTransaction('2013-02-04','6','1','1','13','71','187','-5','Freelancer exam');
02/09/2013 05:43:49 pm: CALL USP_GetCurrencies();
02/09/2013 05:43:49 pm: CALL USP_GetAccounts();
02/09/2013 05:43:49 pm: CALL USP_GetCategories();
02/09/2013 05:43:49 pm: CALL USP_GetPayees();
02/09/2013 05:43:49 pm: CALL USP_GetCategories2();
02/09/2013 05:44:36 pm: CALL USP_GetCurrencies();
02/09/2013 05:44:36 pm: CALL USP_GetAccounts();
02/09/2013 05:44:36 pm: CALL USP_GetPayees();
02/09/2013 05:44:36 pm: CALL USP_GetCategories2();
02/09/2013 05:44:36 pm: CALL USP_GetCategories();
02/09/2013 05:44:44 pm: CALL USP_GetCurrencies();
02/09/2013 05:44:44 pm: CALL USP_GetPayees();
02/09/2013 05:44:44 pm: CALL USP_GetCategories();
02/09/2013 05:44:44 pm: CALL USP_GetCategories2();
02/09/2013 05:44:44 pm: CALL USP_GetAccounts();
02/09/2013 06:04:07 pm: CALL USP_GetAccounts();
02/09/2013 06:04:07 pm: CALL USP_GetCurrencies();
02/09/2013 06:04:07 pm: CALL USP_GetPayees();
02/09/2013 06:04:07 pm: CALL USP_GetCategories();
02/09/2013 06:04:07 pm: CALL USP_GetCategories2();
02/09/2013 08:41:43 pm: CALL USP_GetAccounts();
02/09/2013 08:41:43 pm: CALL USP_GetCurrencies();
02/09/2013 08:41:43 pm: CALL USP_GetCategories();
02/09/2013 08:41:44 pm: CALL USP_GetPayees();
02/09/2013 08:41:44 pm: CALL USP_GetCategories2();
