02/11/2013 09:24:52 pm: CALL USP_GetPayees();
02/11/2013 09:24:52 pm: CALL USP_GetCategories();
02/11/2013 09:24:52 pm: CALL USP_GetCategories2();
02/11/2013 09:24:52 pm: CALL USP_GetAccounts();
02/11/2013 09:24:52 pm: CALL USP_GetCurrencies();
02/11/2013 09:25:15 pm: CALL USP_GetAccounts();
02/11/2013 09:25:15 pm: CALL USP_GetCurrencies();
02/11/2013 09:25:15 pm: CALL USP_GetPayees();
02/11/2013 09:25:15 pm: CALL USP_GetCategories();
02/11/2013 09:25:15 pm: CALL USP_GetCategories2();
02/11/2013 09:25:22 pm: CALL USP_GetAccounts();
02/11/2013 09:25:22 pm: CALL USP_GetCurrencies();
02/11/2013 09:25:22 pm: CALL USP_GetPayees();
02/11/2013 09:25:22 pm: CALL USP_GetCategories2();
02/11/2013 09:25:22 pm: CALL USP_GetCategories();
02/11/2013 09:35:37 pm: CALL USP_GetAccounts();
02/11/2013 09:35:37 pm: CALL USP_GetPayees();
02/11/2013 09:35:37 pm: CALL USP_GetCategories();
02/11/2013 09:35:37 pm: CALL USP_GetCurrencies();
02/11/2013 09:35:37 pm: CALL USP_GetCategories2();
02/11/2013 09:35:58 pm: CALL USP_InsertTransaction('2013-02-11','16','1','2','3','35','135','846','');
02/11/2013 09:35:58 pm: CALL USP_InsertTransaction('2013-02-11','16','1','2','3','35','135','846','');
02/11/2013 09:36:02 pm: CALL USP_GetAccounts();
02/11/2013 09:36:02 pm: CALL USP_GetCurrencies();
02/11/2013 09:36:02 pm: CALL USP_GetPayees();
02/11/2013 09:36:02 pm: CALL USP_GetCategories();
02/11/2013 09:36:02 pm: CALL USP_GetCategories2();
02/11/2013 09:36:14 pm: CALL USP_GetAccounts();
02/11/2013 09:36:14 pm: CALL USP_GetCurrencies();
02/11/2013 09:36:14 pm: CALL USP_GetPayees();
02/11/2013 09:36:14 pm: CALL USP_GetCategories();
02/11/2013 09:36:14 pm: CALL USP_GetCategories2();
02/11/2013 09:36:49 pm: CALL USP_GetAccounts();
02/11/2013 09:36:49 pm: CALL USP_GetCurrencies();
02/11/2013 09:36:49 pm: CALL USP_GetPayees();
02/11/2013 09:36:49 pm: CALL USP_GetCategories2();
02/11/2013 09:36:49 pm: CALL USP_GetCategories();
02/11/2013 09:36:57 pm: CALL USP_GetAccounts();
02/11/2013 09:36:57 pm: CALL USP_GetCurrencies();
02/11/2013 09:36:57 pm: CALL USP_GetPayees();
02/11/2013 09:36:57 pm: CALL USP_GetCategories2();
02/11/2013 09:36:57 pm: CALL USP_GetCategories();
