01/22/2013 08:26:46 am: CALL USP_GetPayees();
01/22/2013 08:26:46 am: CALL USP_GetCategories();
01/22/2013 08:26:46 am: CALL USP_GetCategories2();
01/22/2013 08:26:46 am: CALL USP_GetAccounts();
01/22/2013 08:26:46 am: CALL USP_GetCurrencies();
01/22/2013 08:26:58 am: CALL USP_GetAccounts();
01/22/2013 08:26:58 am: CALL USP_GetCategories2();
01/22/2013 08:26:58 am: CALL USP_GetCurrencies();
01/22/2013 08:26:58 am: CALL USP_GetPayees();
01/22/2013 08:26:58 am: CALL USP_GetCategories();
01/22/2013 08:27:35 am: CALL USP_InsertTransaction('2013-01-22','6','1','1','14','80','165','-11.1','prints order');
01/22/2013 08:27:35 am: CALL USP_InsertTransaction('2013-01-22','6','1','1','14','80','165','-11.1','prints order');
01/22/2013 08:33:45 am: CALL USP_InsertTransaction('2013-01-22','6','1','1','8','47','72','-7.75','hand pum for Aurélie');
01/22/2013 08:33:45 am: CALL USP_InsertTransaction('2013-01-22','6','1','1','8','47','72','-7.75','hand pum for Aurélie');
01/22/2013 08:40:17 am: CALL USP_GetAccounts();
01/22/2013 08:40:17 am: CALL USP_GetPayees();
01/22/2013 08:40:17 am: CALL USP_GetCurrencies();
01/22/2013 08:40:17 am: CALL USP_GetCategories();
01/22/2013 08:40:17 am: CALL USP_GetCategories2();
01/22/2013 02:01:00 pm: CALL USP_GetAccounts();
01/22/2013 02:01:00 pm: CALL USP_GetCurrencies();
01/22/2013 02:01:00 pm: CALL USP_GetPayees();
01/22/2013 02:01:00 pm: CALL USP_GetCategories();
01/22/2013 02:01:00 pm: CALL USP_GetCategories2();
01/22/2013 02:01:14 pm: CALL USP_GetCategories();
01/22/2013 02:01:14 pm: CALL USP_GetCurrencies();
01/22/2013 02:01:14 pm: CALL USP_GetPayees();
01/22/2013 02:01:14 pm: CALL USP_GetAccounts();
01/22/2013 02:01:14 pm: CALL USP_GetCategories2();
01/22/2013 02:01:47 pm: CALL USP_GetCurrencies();
01/22/2013 02:01:47 pm: CALL USP_GetPayees();
01/22/2013 02:01:47 pm: CALL USP_GetAccounts();
01/22/2013 02:01:47 pm: CALL USP_GetCategories();
01/22/2013 02:01:47 pm: CALL USP_GetCategories2();
01/22/2013 02:01:54 pm: CALL USP_GetCurrencies();
01/22/2013 02:01:54 pm: CALL USP_GetAccounts();
01/22/2013 02:01:54 pm: CALL USP_GetCategories();
01/22/2013 02:01:54 pm: CALL USP_GetPayees();
01/22/2013 02:01:54 pm: CALL USP_GetCategories2();
