05/02/2013 06:29:23 pm: CALL USP_GetPayees();
05/02/2013 06:29:23 pm: CALL USP_GetCategories();
05/02/2013 06:29:23 pm: CALL USP_GetAccounts();
05/02/2013 06:29:23 pm: CALL USP_GetCategories2();
05/02/2013 08:15:45 pm: CALL USP_InsertTransaction('2013-05-02','11','1','1','1','15','197','-30','Truing wheels');
05/02/2013 08:15:45 pm: CALL USP_InsertTransaction('2013-05-02','11','1','1','1','15','197','-30','Truing wheels');
05/02/2013 08:16:13 pm: CALL USP_InsertTransaction('2013-05-02','11','1','1','7','45','8','-8.35','');
05/02/2013 08:16:13 pm: CALL USP_InsertTransaction('2013-05-02','11','1','1','7','45','8','-8.35','');
05/02/2013 08:16:27 pm: CALL USP_InsertTransaction('2013-05-02','11','1','1','1','1','8','-4','');
05/02/2013 08:16:27 pm: CALL USP_InsertTransaction('2013-05-02','11','1','1','1','1','8','-4','');
05/02/2013 08:17:56 pm: CALL USP_InsertTransaction('2013-05-02','11','1','1','7','45','101','-11.18','');
05/02/2013 08:17:56 pm: CALL USP_InsertTransaction('2013-05-02','11','1','1','7','45','101','-11.18','');
05/02/2013 08:17:59 pm: CALL USP_GetCurrencies();
05/02/2013 08:17:59 pm: CALL USP_GetAccounts();
05/02/2013 08:17:59 pm: CALL USP_GetPayees();
05/02/2013 08:17:59 pm: CALL USP_GetCategories();
05/02/2013 08:17:59 pm: CALL USP_GetCategories2();
05/02/2013 08:18:40 pm: CALL USP_GetAccounts();
05/02/2013 08:18:40 pm: CALL USP_GetCurrencies();
05/02/2013 08:18:40 pm: CALL USP_GetPayees();
05/02/2013 08:18:40 pm: CALL USP_GetCategories();
05/02/2013 08:18:40 pm: CALL USP_GetCategories2();
05/02/2013 08:18:50 pm: CALL USP_GetAccounts();
05/02/2013 08:18:50 pm: CALL USP_GetCurrencies();
05/02/2013 08:18:50 pm: CALL USP_GetCategories();
05/02/2013 08:18:50 pm: CALL USP_GetPayees();
05/02/2013 08:18:50 pm: CALL USP_GetCategories2();
05/02/2013 08:20:56 pm: CALL USP_InsertTransaction('2013-05-02','1','1','3','23','101','135','-220.21','');
05/02/2013 08:20:56 pm: CALL USP_InsertTransaction('2013-05-02','1','1','3','23','101','135','-220.21','');
05/02/2013 08:20:56 pm: CALL USP_InsertTransaction('2013-05-02','2','1','3','23','101','135','220.21','');
05/02/2013 08:20:56 pm: CALL USP_InsertTransaction('2013-05-02','2','1','3','23','101','135','220.21','');
05/02/2013 08:21:40 pm: CALL USP_InsertTransaction('2013-05-02','1','1','3','23','102','135','-147.79','');
05/02/2013 08:21:40 pm: CALL USP_InsertTransaction('2013-05-02','1','1','3','23','102','135','-147.79','');
05/02/2013 08:21:40 pm: CALL USP_InsertTransaction('2013-05-02','3','1','3','23','102','135','147.79','');
05/02/2013 08:21:40 pm: CALL USP_InsertTransaction('2013-05-02','3','1','3','23','102','135','147.79','');
05/02/2013 08:21:45 pm: CALL USP_GetCurrencies();
05/02/2013 08:21:45 pm: CALL USP_GetAccounts();
05/02/2013 08:21:45 pm: CALL USP_GetPayees();
05/02/2013 08:21:45 pm: CALL USP_GetCategories();
05/02/2013 08:21:45 pm: CALL USP_GetCategories2();
05/02/2013 08:22:31 pm: CALL USP_GetCategories();
05/02/2013 08:22:31 pm: CALL USP_GetCategories2();
05/02/2013 08:22:31 pm: CALL USP_GetCurrencies();
05/02/2013 08:22:31 pm: CALL USP_GetPayees();
05/02/2013 08:22:31 pm: CALL USP_GetAccounts();
05/02/2013 08:23:21 pm: CALL USP_InsertTransaction('2013-05-02','1','1','1','2','18','75','-124.32','');
05/02/2013 08:23:21 pm: CALL USP_InsertTransaction('2013-05-02','1','1','1','2','18','75','-124.32','');
05/02/2013 08:23:26 pm: CALL USP_GetCurrencies();
05/02/2013 08:23:26 pm: CALL USP_GetPayees();
05/02/2013 08:23:26 pm: CALL USP_GetCategories2();
05/02/2013 08:23:26 pm: CALL USP_GetAccounts();
05/02/2013 08:23:26 pm: CALL USP_GetCategories();
05/02/2013 08:23:31 pm: CALL USP_GetCurrencies();
05/02/2013 08:23:31 pm: CALL USP_GetCategories();
05/02/2013 08:23:31 pm: CALL USP_GetPayees();
05/02/2013 08:23:31 pm: CALL USP_GetCategories2();
05/02/2013 08:23:31 pm: CALL USP_GetAccounts();
05/02/2013 08:24:16 pm: CALL USP_GetCategories();
05/02/2013 08:24:16 pm: CALL USP_GetPayees();
05/02/2013 08:24:16 pm: CALL USP_GetCurrencies();
05/02/2013 08:24:16 pm: CALL USP_GetAccounts();
05/02/2013 08:24:16 pm: CALL USP_GetCategories2();
05/02/2013 08:24:38 pm: CALL USP_GetPayees();
05/02/2013 08:24:38 pm: CALL USP_GetCategories();
05/02/2013 08:24:38 pm: CALL USP_GetCategories2();
05/02/2013 08:24:38 pm: CALL USP_GetAccounts();
05/02/2013 08:24:38 pm: CALL USP_GetCurrencies();
05/02/2013 08:25:17 pm: CALL USP_GetCurrencies();
05/02/2013 08:25:17 pm: CALL USP_GetAccounts();
05/02/2013 08:25:17 pm: CALL USP_GetPayees();
05/02/2013 08:25:17 pm: CALL USP_GetCategories();
05/02/2013 08:25:17 pm: CALL USP_GetCategories2();
05/02/2013 08:25:38 pm: CALL USP_InsertTransaction('2013-05-01','1','1','3','23','135','135','-100','');
05/02/2013 08:25:38 pm: CALL USP_InsertTransaction('2013-05-01','1','1','3','23','135','135','-100','');
05/02/2013 08:25:38 pm: CALL USP_InsertTransaction('2013-05-01','1','1','3','23','135','135','100','');
05/02/2013 08:25:38 pm: CALL USP_InsertTransaction('2013-05-01','1','1','3','23','135','135','100','');
05/02/2013 08:25:49 pm: CALL USP_GetAccounts();
05/02/2013 08:25:49 pm: CALL USP_GetCategories();
05/02/2013 08:25:49 pm: CALL USP_GetCurrencies();
05/02/2013 08:25:49 pm: CALL USP_GetPayees();
05/02/2013 08:25:49 pm: CALL USP_GetCategories2();
05/02/2013 08:25:55 pm: CALL USP_GetCategories();
05/02/2013 08:25:55 pm: CALL USP_GetPayees();
05/02/2013 08:25:55 pm: CALL USP_GetCategories2();
05/02/2013 08:25:55 pm: CALL USP_GetCurrencies();
05/02/2013 08:25:55 pm: CALL USP_GetAccounts();
05/02/2013 08:26:27 pm: CALL USP_GetAccounts();
05/02/2013 08:26:27 pm: CALL USP_GetCurrencies();
05/02/2013 08:26:27 pm: CALL USP_GetPayees();
05/02/2013 08:26:27 pm: CALL USP_GetCategories();
05/02/2013 08:26:27 pm: CALL USP_GetCategories2();
05/02/2013 08:26:51 pm: CALL USP_InsertTransaction('2013-05-02','1','1','2','25','123','135','.03','Rebalance account');
05/02/2013 08:26:51 pm: CALL USP_InsertTransaction('2013-05-02','1','1','2','25','123','135','.03','Rebalance account');
05/02/2013 08:26:54 pm: CALL USP_GetPayees();
05/02/2013 08:26:54 pm: CALL USP_GetCategories2();
05/02/2013 08:26:54 pm: CALL USP_GetCurrencies();
05/02/2013 08:26:54 pm: CALL USP_GetAccounts();
05/02/2013 08:26:54 pm: CALL USP_GetCategories();
