04/30/2013 06:41:08 pm: CALL USP_GetAccounts();
04/30/2013 06:41:08 pm: CALL USP_GetPayees();
04/30/2013 06:41:09 pm: CALL USP_GetCategories();
04/30/2013 09:32:43 pm: CALL USP_GetAccounts();
04/30/2013 09:32:43 pm: CALL USP_GetPayees();
04/30/2013 09:32:43 pm: CALL USP_GetCategories2();
04/30/2013 09:32:43 pm: CALL USP_GetCurrencies();
04/30/2013 09:32:43 pm: CALL USP_GetCategories();
04/30/2013 09:34:15 pm: CALL USP_GetAccounts();
04/30/2013 09:34:15 pm: CALL USP_GetCurrencies();
04/30/2013 09:34:15 pm: CALL USP_GetPayees();
04/30/2013 09:34:15 pm: CALL USP_GetCategories();
04/30/2013 09:34:15 pm: CALL USP_GetCategories2();
04/30/2013 09:36:20 pm: CALL USP_GetAccounts();
04/30/2013 09:36:20 pm: CALL USP_GetCurrencies();
04/30/2013 09:36:20 pm: CALL USP_GetCategories();
04/30/2013 09:36:20 pm: CALL USP_GetCategories2();
04/30/2013 09:36:20 pm: CALL USP_GetPayees();
04/30/2013 09:39:45 pm: CALL USP_GetCurrencies();
04/30/2013 09:39:45 pm: CALL USP_GetPayees();
04/30/2013 09:39:45 pm: CALL USP_GetCategories();
04/30/2013 09:39:45 pm: CALL USP_GetAccounts();
04/30/2013 09:39:45 pm: CALL USP_GetCategories2();
04/30/2013 09:40:02 pm: CALL USP_GetAccounts();
04/30/2013 09:40:02 pm: CALL USP_GetCurrencies();
04/30/2013 09:40:02 pm: CALL USP_GetCategories();
04/30/2013 09:40:02 pm: CALL USP_GetPayees();
04/30/2013 09:40:02 pm: CALL USP_GetCategories2();
04/30/2013 09:40:10 pm: CALL USP_GetAccounts();
04/30/2013 09:40:10 pm: CALL USP_GetCurrencies();
04/30/2013 09:40:10 pm: CALL USP_GetPayees();
04/30/2013 09:40:10 pm: CALL USP_GetCategories();
04/30/2013 09:40:10 pm: CALL USP_GetCategories2();
04/30/2013 09:40:13 pm: CALL USP_GetAccounts();
04/30/2013 09:40:13 pm: CALL USP_GetCategories2();
04/30/2013 09:40:13 pm: CALL USP_GetCurrencies();
04/30/2013 09:40:13 pm: CALL USP_GetCategories();
04/30/2013 09:40:13 pm: CALL USP_GetPayees();
04/30/2013 09:40:17 pm: CALL USP_GetCurrencies();
04/30/2013 09:40:17 pm: CALL USP_GetPayees();
04/30/2013 09:40:17 pm: CALL USP_GetCategories();
04/30/2013 09:40:17 pm: CALL USP_GetCategories2();
04/30/2013 09:40:17 pm: CALL USP_GetAccounts();
04/30/2013 09:40:36 pm: CALL USP_GetCurrencies();
04/30/2013 09:40:36 pm: CALL USP_GetPayees();
04/30/2013 09:40:36 pm: CALL USP_GetAccounts();
04/30/2013 09:40:36 pm: CALL USP_GetCategories();
04/30/2013 09:40:36 pm: CALL USP_GetCategories2();
04/30/2013 09:41:42 pm: CALL USP_GetCurrencies();
04/30/2013 09:41:42 pm: CALL USP_GetAccounts();
04/30/2013 09:41:42 pm: CALL USP_GetPayees();
04/30/2013 09:41:42 pm: CALL USP_GetCategories();
04/30/2013 09:41:42 pm: CALL USP_GetCategories2();
04/30/2013 09:43:11 pm: CALL USP_GetAccounts();
04/30/2013 09:43:11 pm: CALL USP_GetCurrencies();
04/30/2013 09:43:11 pm: CALL USP_GetCategories2();
04/30/2013 09:43:11 pm: CALL USP_GetCategories();
04/30/2013 09:43:11 pm: CALL USP_GetPayees();
04/30/2013 09:43:25 pm: CALL USP_GetCategories();
04/30/2013 09:43:25 pm: CALL USP_GetPayees();
04/30/2013 09:43:25 pm: CALL USP_GetCurrencies();
04/30/2013 09:43:25 pm: CALL USP_GetAccounts();
04/30/2013 09:43:25 pm: CALL USP_GetCategories2();
04/30/2013 09:44:08 pm: CALL USP_GetAccounts();
04/30/2013 09:44:08 pm: CALL USP_GetCategories2();
04/30/2013 09:44:08 pm: CALL USP_GetCurrencies();
04/30/2013 09:44:08 pm: CALL USP_GetPayees();
04/30/2013 09:44:08 pm: CALL USP_GetCategories();
04/30/2013 09:45:28 pm: CALL USP_InsertTransaction('2013-04-26','11','1','1','7','45','123','-12.14','');
04/30/2013 09:45:28 pm: CALL USP_InsertTransaction('2013-04-26','11','1','1','7','45','123','-12.14','');
04/30/2013 09:45:42 pm: CALL USP_InsertTransaction('2013-04-26','11','1','1','7','45','8','-14.47','');
04/30/2013 09:45:42 pm: CALL USP_InsertTransaction('2013-04-26','11','1','1','7','45','8','-14.47','');
04/30/2013 09:46:22 pm: CALL USP_InsertTransaction('2013-04-28','11','1','1','7','45','8','-8.13','');
04/30/2013 09:46:22 pm: CALL USP_InsertTransaction('2013-04-28','11','1','1','7','45','8','-8.13','');
04/30/2013 09:46:30 pm: CALL USP_InsertTransaction('2013-04-28','11','1','1','7','45','123','-1.49','');
04/30/2013 09:46:30 pm: CALL USP_InsertTransaction('2013-04-28','11','1','1','7','45','123','-1.49','');
04/30/2013 09:47:37 pm: CALL USP_InsertTransaction('2013-04-29','1','1','3','23','105','135','-750','');
04/30/2013 09:47:37 pm: CALL USP_InsertTransaction('2013-04-29','1','1','3','23','105','135','-750','');
04/30/2013 09:47:37 pm: CALL USP_InsertTransaction('2013-04-29','6','1','3','23','105','135','750','');
04/30/2013 09:47:37 pm: CALL USP_InsertTransaction('2013-04-29','6','1','3','23','105','135','750','');
04/30/2013 09:48:03 pm: CALL USP_InsertTransaction('2013-04-29','1','1','2','2','18','210','41.44','');
04/30/2013 09:48:03 pm: CALL USP_InsertTransaction('2013-04-29','1','1','2','2','18','210','41.44','');
04/30/2013 09:48:18 pm: CALL USP_InsertTransaction('2013-04-29','1','1','2','2','19','210','1.67','');
04/30/2013 09:48:18 pm: CALL USP_InsertTransaction('2013-04-29','1','1','2','2','19','210','1.67','');
04/30/2013 09:48:30 pm: CALL USP_InsertTransaction('2013-04-30','1','1','2','2','19','142','1.67','');
04/30/2013 09:48:30 pm: CALL USP_InsertTransaction('2013-04-30','1','1','2','2','19','142','1.67','');
04/30/2013 09:48:38 pm: CALL USP_InsertTransaction('2013-04-30','1','1','2','2','18','142','41.44','');
04/30/2013 09:48:38 pm: CALL USP_InsertTransaction('2013-04-30','1','1','2','2','18','142','41.44','');
04/30/2013 09:49:22 pm: CALL USP_GetAccounts();
04/30/2013 09:49:22 pm: CALL USP_GetCurrencies();
04/30/2013 09:49:22 pm: CALL USP_GetPayees();
04/30/2013 09:49:22 pm: CALL USP_GetCategories();
04/30/2013 09:49:22 pm: CALL USP_GetCategories2();
04/30/2013 09:49:34 pm: CALL USP_GetCurrencies();
04/30/2013 09:49:34 pm: CALL USP_GetCategories();
04/30/2013 09:49:34 pm: CALL USP_GetAccounts();
04/30/2013 09:49:34 pm: CALL USP_GetCategories2();
04/30/2013 09:49:34 pm: CALL USP_GetPayees();
04/30/2013 09:52:16 pm: CALL USP_InsertTransaction('2013-04-10','17','1','1','16','87','72','-2.04','HIGH QUALITY SCREEN CLEAR PROTECTOR FOR SAMSUNG GALAXY S2 i9100');
04/30/2013 09:52:16 pm: CALL USP_InsertTransaction('2013-04-10','17','1','1','16','87','72','-2.04','HIGH QUALITY SCREEN CLEAR PROTECTOR FOR SAMSUNG GALAXY S2 i9100');
04/30/2013 09:53:02 pm: CALL USP_InsertTransaction('2013-04-10','17','1','1','16','87','72','-7.25','1mm Ultra Thin Matte Black Case for Smasung Galaxy S2 i9100 and Screen Protector');
04/30/2013 09:53:02 pm: CALL USP_InsertTransaction('2013-04-10','17','1','1','16','87','72','-7.25','1mm Ultra Thin Matte Black Case for Smasung Galaxy S2 i9100 and Screen Protector');
04/30/2013 09:54:20 pm: CALL USP_InsertTransaction('2013-04-30','17','1','1','1','13','35','-25.01','Shimano 4600 10SPD cassette 12x30T');
04/30/2013 09:54:20 pm: CALL USP_InsertTransaction('2013-04-30','17','1','1','1','13','35','-25.01','Shimano 4600 10SPD cassette 12x30T');
04/30/2013 10:01:11 pm: CALL USP_InsertTransaction('2013-04-30','17','1','1','7','45','31','-99.12','order #61149');
04/30/2013 10:01:11 pm: CALL USP_InsertTransaction('2013-04-30','17','1','1','7','45','31','-99.12','order #61149');
04/30/2013 10:04:45 pm: CALL USP_InsertTransaction('2013-04-30','17','1','1','16','87','72','-5.84','External Battery Charger for Samsung Galaxy S II S2 i9100');
04/30/2013 10:04:45 pm: CALL USP_InsertTransaction('2013-04-30','17','1','1','16','87','72','-5.84','External Battery Charger for Samsung Galaxy S II S2 i9100');
04/30/2013 10:11:40 pm: CALL USP_InsertTransaction('2013-04-30','17','1','1','16','87','72','-10.43','SPORTS ARM BAND for ');
04/30/2013 10:11:40 pm: CALL USP_InsertTransaction('2013-04-30','17','1','1','16','87','72','-10.43','SPORTS ARM BAND for ');
04/30/2013 10:11:54 pm: CALL USP_GetAccounts();
04/30/2013 10:11:54 pm: CALL USP_GetCurrencies();
04/30/2013 10:11:54 pm: CALL USP_GetCategories();
04/30/2013 10:11:54 pm: CALL USP_GetPayees();
04/30/2013 10:11:54 pm: CALL USP_GetCategories2();
04/30/2013 10:15:35 pm: CALL USP_InsertTransaction('2013-04-26','1','1','3','23','124','135','-200','');
04/30/2013 10:15:35 pm: CALL USP_InsertTransaction('2013-04-26','1','1','3','23','124','135','-200','');
04/30/2013 10:15:35 pm: CALL USP_InsertTransaction('2013-04-26','17','1','3','23','124','135','200','');
04/30/2013 10:15:35 pm: CALL USP_InsertTransaction('2013-04-26','17','1','3','23','124','135','200','');
04/30/2013 10:16:22 pm: CALL USP_GetPayees();
04/30/2013 10:16:22 pm: CALL USP_GetCategories();
04/30/2013 10:16:22 pm: CALL USP_GetCurrencies();
04/30/2013 10:16:22 pm: CALL USP_GetAccounts();
04/30/2013 10:16:22 pm: CALL USP_GetCategories2();
04/30/2013 10:16:59 pm: CALL USP_InsertTransaction('2013-04-29','11','1','1','9','48','17','-6','');
04/30/2013 10:16:59 pm: CALL USP_InsertTransaction('2013-04-29','11','1','1','9','48','17','-6','');
04/30/2013 10:17:04 pm: CALL USP_GetCurrencies();
04/30/2013 10:17:04 pm: CALL USP_GetCategories();
04/30/2013 10:17:04 pm: CALL USP_GetAccounts();
04/30/2013 10:17:04 pm: CALL USP_GetCategories2();
04/30/2013 10:17:04 pm: CALL USP_GetPayees();
04/30/2013 10:36:32 pm: CALL USP_InsertTransaction('2013-04-24','6','1','1','2','32','0','-12','carte sim FR + abo 2euros');
04/30/2013 10:36:50 pm: CALL USP_GetAccounts();
04/30/2013 10:36:50 pm: CALL USP_GetCurrencies();
04/30/2013 10:36:50 pm: CALL USP_GetPayees();
04/30/2013 10:36:50 pm: CALL USP_GetCategories();
04/30/2013 10:36:50 pm: CALL USP_GetCategories2();
04/30/2013 10:36:54 pm: CALL USP_GetPayees ()
04/30/2013 10:37:02 pm: CALL USP_InsertTransaction('2013-04-24','6','1','1','2','32','227','-12','carte sim FR + abo 2euros');
04/30/2013 10:37:02 pm: CALL USP_InsertTransaction('2013-04-24','6','1','1','2','32','227','-12','carte sim FR + abo 2euros');
04/30/2013 10:37:18 pm: CALL USP_GetAccounts();
04/30/2013 10:37:18 pm: CALL USP_GetPayees();
04/30/2013 10:37:18 pm: CALL USP_GetCategories2();
04/30/2013 10:37:18 pm: CALL USP_GetCategories();
04/30/2013 10:37:18 pm: CALL USP_GetCurrencies();
04/30/2013 10:42:51 pm: CALL USP_GetAccounts();
04/30/2013 10:42:51 pm: CALL USP_GetCurrencies();
04/30/2013 10:42:51 pm: CALL USP_GetPayees();
04/30/2013 10:42:51 pm: CALL USP_GetCategories2();
04/30/2013 10:42:51 pm: CALL USP_GetCategories();
04/30/2013 10:45:55 pm: CALL USP_GetCurrencies();
04/30/2013 10:45:55 pm: CALL USP_GetAccounts();
04/30/2013 10:45:55 pm: CALL USP_GetPayees();
04/30/2013 10:45:55 pm: CALL USP_GetCategories();
04/30/2013 10:45:55 pm: CALL USP_GetCategories2();
04/30/2013 10:45:57 pm: CALL USP_GetCategories2();
04/30/2013 10:45:57 pm: CALL USP_GetAccounts();
04/30/2013 10:45:57 pm: CALL USP_GetPayees();
04/30/2013 10:45:57 pm: CALL USP_GetCurrencies();
04/30/2013 10:45:57 pm: CALL USP_GetCategories();
