04/15/2013 06:55:42 pm: CALL USP_GetPayees();
04/15/2013 06:55:42 pm: CALL USP_GetCategories2();
04/15/2013 06:55:42 pm: CALL USP_GetCurrencies();
04/15/2013 06:55:42 pm: CALL USP_GetCategories();
04/15/2013 06:55:42 pm: CALL USP_GetAccounts();
04/15/2013 06:55:46 pm: CALL USP_GetCurrencies();
04/15/2013 06:55:46 pm: CALL USP_GetPayees();
04/15/2013 06:55:46 pm: CALL USP_GetCategories();
04/15/2013 06:55:46 pm: CALL USP_GetAccounts();
04/15/2013 06:55:46 pm: CALL USP_GetCategories2();
04/15/2013 06:56:14 pm: CALL USP_InsertTransaction('2013-04-15','11','1','2','16','85','187','120','HTC Desire V sold');
04/15/2013 06:56:14 pm: CALL USP_InsertTransaction('2013-04-15','11','1','2','16','85','187','120','HTC Desire V sold');
04/15/2013 06:57:28 pm: CALL USP_InsertTransaction('2013-04-15','17','1','1','11','54','72','-13.36','3 x 30ml jars, 3 x 100ml jars');
04/15/2013 06:57:28 pm: CALL USP_InsertTransaction('2013-04-15','17','1','1','11','54','72','-13.36','3 x 30ml jars, 3 x 100ml jars');
04/15/2013 06:57:31 pm: CALL USP_GetAccounts();
04/15/2013 06:57:31 pm: CALL USP_GetCurrencies();
04/15/2013 06:57:31 pm: CALL USP_GetCategories();
04/15/2013 06:57:31 pm: CALL USP_GetCategories2();
04/15/2013 06:57:31 pm: CALL USP_GetPayees();
04/15/2013 06:57:42 pm: CALL USP_GetAccounts();
04/15/2013 06:57:42 pm: CALL USP_GetCurrencies();
04/15/2013 06:57:42 pm: CALL USP_GetCategories();
04/15/2013 06:57:42 pm: CALL USP_GetCategories2();
04/15/2013 06:57:42 pm: CALL USP_GetPayees();
04/15/2013 06:57:47 pm: CALL USP_GetCurrencies();
04/15/2013 06:57:47 pm: CALL USP_GetAccounts();
04/15/2013 06:57:47 pm: CALL USP_GetCategories();
04/15/2013 06:57:47 pm: CALL USP_GetPayees();
04/15/2013 06:57:47 pm: CALL USP_GetCategories2();
