06/07/2013 07:04:21 pm: CALL USP_GetPayees();
06/07/2013 07:04:21 pm: CALL USP_GetCategories();
06/07/2013 07:04:21 pm: CALL USP_GetCategories2();
06/07/2013 07:04:21 pm: CALL USP_GetCurrencies();
06/07/2013 07:04:21 pm: CALL USP_GetAccounts();
06/07/2013 07:04:29 pm: CALL USP_GetAccounts();
06/07/2013 07:04:29 pm: CALL USP_GetCurrencies();
06/07/2013 07:04:29 pm: CALL USP_GetCategories();
06/07/2013 07:04:29 pm: CALL USP_GetPayees();
06/07/2013 07:04:29 pm: CALL USP_GetCategories2();
06/07/2013 07:12:38 pm: CALL USP_GetCurrencies();
06/07/2013 07:12:38 pm: CALL USP_GetCategories();
06/07/2013 07:12:38 pm: CALL USP_GetAccounts();
06/07/2013 07:12:38 pm: CALL USP_GetCategories2();
06/07/2013 07:12:38 pm: CALL USP_GetPayees();
06/07/2013 07:12:58 pm: CALL USP_InsertTransaction('2013-06-07','11','1','1','7','45','123','-12.53','');
06/07/2013 07:13:07 pm: CALL USP_InsertTransaction('2013-06-07','11','1','1','7','45','8','-16.56','');
06/07/2013 07:13:13 pm: CALL USP_GetAccounts();
06/07/2013 07:13:13 pm: CALL USP_GetCurrencies();
06/07/2013 07:13:13 pm: CALL USP_GetPayees();
06/07/2013 07:13:13 pm: CALL USP_GetCategories();
06/07/2013 07:13:13 pm: CALL USP_GetCategories2();
