06/03/2013 06:15:39 pm: CALL USP_GetCategories2();
06/03/2013 06:15:39 pm: CALL USP_GetCategories();
06/03/2013 06:15:39 pm: CALL USP_GetPayees();
06/03/2013 06:15:39 pm: CALL USP_GetAccounts();
06/03/2013 06:15:39 pm: CALL USP_GetCurrencies();
06/03/2013 06:15:50 pm: CALL USP_GetAccounts();
06/03/2013 06:15:50 pm: CALL USP_GetCurrencies();
06/03/2013 06:15:50 pm: CALL USP_GetPayees();
06/03/2013 06:15:50 pm: CALL USP_GetCategories();
06/03/2013 06:15:50 pm: CALL USP_GetCategories2();
06/03/2013 08:40:56 pm: CALL USP_GetCurrencies();
06/03/2013 08:40:56 pm: CALL USP_GetAccounts();
06/03/2013 08:40:56 pm: CALL USP_GetCategories();
06/03/2013 08:40:56 pm: CALL USP_GetPayees();
06/03/2013 08:40:56 pm: CALL USP_GetCategories2();
06/03/2013 08:41:23 pm: CALL USP_InsertTransaction('2013-06-03','6','1','1','2','17','117','-13','credit card charge');
06/03/2013 08:42:02 pm: CALL USP_GetAccounts();
06/03/2013 08:42:02 pm: CALL USP_GetCurrencies();
06/03/2013 08:42:02 pm: CALL USP_GetPayees();
06/03/2013 08:42:02 pm: CALL USP_GetCategories();
06/03/2013 08:42:02 pm: CALL USP_GetCategories2();
