03/04/2013 07:21:45 pm: CALL USP_GetCategories();
03/04/2013 07:21:45 pm: CALL USP_GetCategories2();
03/04/2013 07:21:45 pm: CALL USP_GetPayees();
03/04/2013 07:21:45 pm: CALL USP_GetAccounts();
03/04/2013 07:21:45 pm: CALL USP_GetCurrencies();
03/04/2013 07:23:09 pm: CALL USP_GetAccounts();
03/04/2013 07:23:09 pm: CALL USP_GetPayees();
03/04/2013 07:23:09 pm: CALL USP_GetCategories();
03/04/2013 07:23:09 pm: CALL USP_GetCategories2();
03/04/2013 07:23:09 pm: CALL USP_GetCurrencies();
03/04/2013 07:23:34 pm: CALL USP_GetAccounts();
03/04/2013 07:23:34 pm: CALL USP_GetCategories();
03/04/2013 07:23:34 pm: CALL USP_GetCategories2();
03/04/2013 07:23:34 pm: CALL USP_GetPayees();
03/04/2013 07:23:34 pm: CALL USP_GetCurrencies();
03/04/2013 07:23:42 pm: CALL USP_GetCurrencies();
03/04/2013 07:23:42 pm: CALL USP_GetAccounts();
03/04/2013 07:23:42 pm: CALL USP_GetCategories();
03/04/2013 07:23:42 pm: CALL USP_GetCategories2();
03/04/2013 07:23:42 pm: CALL USP_GetPayees();
