05/07/2013 06:32:25 pm: CALL USP_GetCategories();
05/07/2013 06:32:25 pm: CALL USP_GetCurrencies();
05/07/2013 06:32:25 pm: CALL USP_GetAccounts();
05/07/2013 06:32:25 pm: CALL USP_GetPayees();
05/07/2013 06:32:25 pm: CALL USP_GetCategories2();
05/07/2013 10:26:54 pm: CALL USP_GetCategories();
05/07/2013 10:26:54 pm: CALL USP_GetPayees();
05/07/2013 10:26:54 pm: CALL USP_GetAccounts();
05/07/2013 10:26:54 pm: CALL USP_GetCategories2();
05/07/2013 10:26:54 pm: CALL USP_GetCurrencies();
05/07/2013 10:26:59 pm: CALL USP_GetCategories();
05/07/2013 10:26:59 pm: CALL USP_GetCategories2();
05/07/2013 10:26:59 pm: CALL USP_GetAccounts();
05/07/2013 10:26:59 pm: CALL USP_GetPayees();
05/07/2013 10:26:59 pm: CALL USP_GetCurrencies();
05/07/2013 10:27:51 pm: CALL USP_InsertTransaction('2013-05-07','1','1','1','2','32','203','-10','0877102175');
05/07/2013 10:34:13 pm: CALL USP_GetCurrencies();
05/07/2013 10:34:13 pm: CALL USP_GetCategories();
05/07/2013 10:34:13 pm: CALL USP_GetAccounts();
05/07/2013 10:34:13 pm: CALL USP_GetPayees();
05/07/2013 10:34:13 pm: CALL USP_GetCategories2();
05/07/2013 10:34:20 pm: CALL USP_GetAccounts();
05/07/2013 10:34:20 pm: CALL USP_GetCurrencies();
05/07/2013 10:34:20 pm: CALL USP_GetCategories();
05/07/2013 10:34:20 pm: CALL USP_GetPayees();
05/07/2013 10:34:20 pm: CALL USP_GetCategories2();
