06/21/2013 06:14:41 pm: CALL USP_GetPayees();
06/21/2013 06:14:41 pm: CALL USP_GetCategories();
06/21/2013 06:14:41 pm: CALL USP_GetCurrencies();
06/21/2013 06:14:41 pm: CALL USP_GetAccounts();
06/21/2013 06:14:41 pm: CALL USP_GetCategories2();
06/21/2013 06:14:52 pm: CALL USP_GetAccounts();
06/21/2013 06:14:52 pm: CALL USP_GetCurrencies();
06/21/2013 06:14:52 pm: CALL USP_GetPayees();
06/21/2013 06:14:52 pm: CALL USP_GetCategories();
06/21/2013 06:14:52 pm: CALL USP_GetCategories2();
06/21/2013 07:00:43 pm: CALL USP_GetAccounts();
06/21/2013 07:00:43 pm: CALL USP_GetCurrencies();
06/21/2013 07:00:43 pm: CALL USP_GetPayees();
06/21/2013 07:00:43 pm: CALL USP_GetCategories2();
06/21/2013 07:00:43 pm: CALL USP_GetCategories();
06/21/2013 07:01:04 pm: CALL USP_InsertTransaction('2013-06-21','11','1','1','2','28','12','-.9','');
06/21/2013 07:01:18 pm: CALL USP_InsertTransaction('2013-06-21','11','1','1','7','45','8','-6.26','');
06/21/2013 07:01:26 pm: CALL USP_InsertTransaction('2013-06-21','11','1','1','7','45','123','-16.76','');
06/21/2013 07:01:34 pm: CALL USP_GetAccounts();
06/21/2013 07:01:34 pm: CALL USP_GetCategories();
06/21/2013 07:01:34 pm: CALL USP_GetPayees();
06/21/2013 07:01:34 pm: CALL USP_GetCurrencies();
06/21/2013 07:01:34 pm: CALL USP_GetCategories2();
06/21/2013 09:25:32 pm: CALL USP_GetAccounts();
06/21/2013 09:25:32 pm: CALL USP_GetCurrencies();
06/21/2013 09:25:32 pm: CALL USP_GetPayees();
06/21/2013 09:25:32 pm: CALL USP_GetCategories();
06/21/2013 09:25:32 pm: CALL USP_GetCategories2();
