04/22/2013 06:37:13 pm: CALL USP_GetPayees();
04/22/2013 06:37:13 pm: CALL USP_GetCategories2();
04/22/2013 06:37:13 pm: CALL USP_GetCurrencies();
04/22/2013 06:37:13 pm: CALL USP_GetCategories();
04/22/2013 06:37:13 pm: CALL USP_GetAccounts();
04/22/2013 07:02:51 pm: CALL USP_GetAccounts();
04/22/2013 07:02:51 pm: CALL USP_GetCurrencies();
04/22/2013 07:02:51 pm: CALL USP_GetCategories2();
04/22/2013 07:02:52 pm: CALL USP_GetCategories();
04/22/2013 07:02:52 pm: CALL USP_GetPayees();
04/22/2013 09:58:29 pm: CALL USP_GetAccounts();
04/22/2013 09:58:29 pm: CALL USP_GetCurrencies();
04/22/2013 09:58:29 pm: CALL USP_GetPayees();
04/22/2013 09:58:29 pm: CALL USP_GetCategories2();
04/22/2013 09:58:30 pm: CALL USP_GetCategories();
04/22/2013 09:58:42 pm: CALL USP_GetAccounts();
04/22/2013 09:58:42 pm: CALL USP_GetPayees();
04/22/2013 09:58:42 pm: CALL USP_GetCategories();
04/22/2013 09:58:42 pm: CALL USP_GetCategories2();
04/22/2013 09:58:42 pm: CALL USP_GetCurrencies();
04/22/2013 10:01:32 pm: CALL USP_GetAccounts();
04/22/2013 10:01:33 pm: CALL USP_GetCurrencies();
04/22/2013 10:01:34 pm: CALL USP_GetCategories();
04/22/2013 10:01:34 pm: CALL USP_GetPayees();
04/22/2013 10:01:36 pm: CALL USP_GetCategories2();
04/22/2013 10:10:05 pm: CALL USP_GetCurrencies();
04/22/2013 10:10:05 pm: CALL USP_GetAccounts();
04/22/2013 10:10:05 pm: CALL USP_GetCategories();
04/22/2013 10:10:05 pm: CALL USP_GetPayees();
04/22/2013 10:10:05 pm: CALL USP_GetCategories2();
04/22/2013 10:10:44 pm: CALL USP_InsertTransaction('2013-04-12','1','1','1','13','71','5','-135.98','Flight to france for interview');
04/22/2013 10:10:44 pm: CALL USP_InsertTransaction('2013-04-12','1','1','1','13','71','5','-135.98','Flight to france for interview');
04/22/2013 10:10:48 pm: CALL USP_GetAccounts();
04/22/2013 10:10:48 pm: CALL USP_GetCurrencies();
04/22/2013 10:10:48 pm: CALL USP_GetCategories2();
04/22/2013 10:10:48 pm: CALL USP_GetPayees();
04/22/2013 10:10:48 pm: CALL USP_GetCategories();
04/22/2013 10:11:23 pm: CALL USP_GetAccounts();
04/22/2013 10:11:23 pm: CALL USP_GetPayees();
04/22/2013 10:11:23 pm: CALL USP_GetCurrencies();
04/22/2013 10:11:23 pm: CALL USP_GetCategories();
04/22/2013 10:11:23 pm: CALL USP_GetCategories2();
04/22/2013 10:11:32 pm: CALL USP_GetCategories();
04/22/2013 10:11:32 pm: CALL USP_GetAccounts();
04/22/2013 10:11:32 pm: CALL USP_GetCurrencies();
04/22/2013 10:11:32 pm: CALL USP_GetCategories2();
04/22/2013 10:11:32 pm: CALL USP_GetPayees();
04/22/2013 10:11:43 pm: CALL USP_GetCurrencies();
04/22/2013 10:11:43 pm: CALL USP_GetAccounts();
04/22/2013 10:11:43 pm: CALL USP_GetPayees();
04/22/2013 10:11:43 pm: CALL USP_GetCategories();
04/22/2013 10:11:44 pm: CALL USP_GetCategories2();
