01/29/2013 09:28:02 pm: CALL USP_GetCategories();
01/29/2013 09:28:02 pm: CALL USP_GetCategories2();
01/29/2013 09:28:03 pm: CALL USP_GetPayees();
01/29/2013 09:28:03 pm: CALL USP_GetAccounts();
01/29/2013 09:28:03 pm: CALL USP_GetCurrencies();
01/29/2013 09:28:08 pm: CALL USP_GetCategories();
01/29/2013 09:28:08 pm: CALL USP_GetAccounts();
01/29/2013 09:28:08 pm: CALL USP_GetPayees();
01/29/2013 09:28:08 pm: CALL USP_GetCurrencies();
01/29/2013 09:28:08 pm: CALL USP_GetCategories2();
01/29/2013 09:28:40 pm: CALL USP_InsertTransaction('2013-01-29','11','1','1','9','49','223','-50','Full check up');
01/29/2013 09:28:40 pm: CALL USP_InsertTransaction('2013-01-29','11','1','1','9','49','223','-50','Full check up');
01/29/2013 09:30:04 pm: CALL USP_InsertTransaction('2013-01-29','11','1','1','7','45','8','-2.47','');
01/29/2013 09:30:04 pm: CALL USP_InsertTransaction('2013-01-29','11','1','1','7','45','8','-2.47','');
01/29/2013 09:30:04 pm: CALL USP_InsertTransaction('2013-01-29','11','1','1','7','45','8','-2.47','');
01/29/2013 09:30:04 pm: CALL USP_InsertTransaction('2013-01-29','11','1','1','7','45','8','-2.47','');
01/29/2013 09:30:06 pm: CALL USP_InsertTransaction('2013-01-29','11','1','1','7','45','8','-2.47','');
01/29/2013 09:30:06 pm: CALL USP_InsertTransaction('2013-01-29','11','1','1','7','45','8','-2.47','');
01/29/2013 09:30:20 pm: CALL USP_GetCurrencies();
01/29/2013 09:30:20 pm: CALL USP_GetAccounts();
01/29/2013 09:30:20 pm: CALL USP_GetCategories();
01/29/2013 09:30:20 pm: CALL USP_GetPayees();
01/29/2013 09:30:20 pm: CALL USP_GetCategories2();
