01/07/2013 07:53:58 am: CALL USP_GetPayees();
;
01/07/2013 07:53:58 am: CALL USP_GetCategories2();
01/07/2013 07:53:58 am: CALL USP_GetCategories();
01/07/2013 07:53:58 am: CALL USP_GetCurrencies();
01/07/2013 07:54:21 am: CALL USP_GetAccounts();
01/07/2013 07:54:21 am: CALL USP_GetCategories();
01/07/2013 07:54:21 am: CALL USP_GetCurrencies();
01/07/2013 07:54:21 am: CALL USP_GetPayees();
01/07/2013 07:54:21 am: CALL USP_GetCategories2();
01/07/2013 07:54:38 am: CALL USP_InsertTransaction('2013-01-06','5','1','3','23','102','135','-500','');
01/07/2013 07:54:38 am: CALL USP_InsertTransaction('2013-01-06','5','1','3','23','102','135','-500','');
01/07/2013 07:54:38 am: CALL USP_InsertTransaction('2013-01-06','3','1','3','23','102','135','500','');
01/07/2013 07:54:38 am: CALL USP_InsertTransaction('2013-01-06','3','1','3','23','102','135','500','');
01/07/2013 08:00:08 am: CALL USP_GetAccounts();
01/07/2013 08:00:08 am: CALL USP_GetCurrencies();
01/07/2013 08:00:08 am: CALL USP_GetCategories();
01/07/2013 08:00:08 am: CALL USP_GetPayees();
01/07/2013 08:00:08 am: CALL USP_GetCategories2();
01/07/2013 08:01:01 am: CALL USP_GetCategories();
01/07/2013 08:01:01 am: CALL USP_GetAccounts();
01/07/2013 08:01:01 am: CALL USP_GetCurrencies();
01/07/2013 08:01:01 am: CALL USP_GetPayees();
01/07/2013 08:01:01 am: CALL USP_GetCategories2();
01/07/2013 08:04:40 am: CALL USP_GetAccounts();
01/07/2013 08:04:40 am: CALL USP_GetCurrencies();
01/07/2013 08:04:40 am: CALL USP_GetPayees();
01/07/2013 08:04:40 am: CALL USP_GetCategories();
01/07/2013 08:04:40 am: CALL USP_GetCategories2();
01/07/2013 08:05:13 am: CALL USP_GetCurrencies();
01/07/2013 08:05:13 am: CALL USP_GetCategories();
01/07/2013 08:05:13 am: CALL USP_GetPayees();
01/07/2013 08:05:13 am: CALL USP_GetAccounts();
01/07/2013 08:05:13 am: CALL USP_GetCategories2();
01/07/2013 08:39:00 am: CALL USP_GetCurrencies();
01/07/2013 08:39:00 am: CALL USP_GetCategories();
01/07/2013 08:39:00 am: CALL USP_GetAccounts();
01/07/2013 08:39:00 am: CALL USP_GetPayees();
01/07/2013 08:39:00 am: CALL USP_GetCategories2();
01/07/2013 08:39:01 am: CALL USP_GetPayees();
01/07/2013 08:39:01 am: CALL USP_GetAccounts();
01/07/2013 08:39:01 am: CALL USP_GetCurrencies();
01/07/2013 08:39:01 am: CALL USP_GetCategories();
01/07/2013 08:39:01 am: CALL USP_GetCategories2();
01/07/2013 12:15:04 pm: CALL USP_GetAccounts();
01/07/2013 12:15:04 pm: CALL USP_GetCurrencies();
01/07/2013 12:15:04 pm: CALL USP_GetPayees();
01/07/2013 12:15:04 pm: CALL USP_GetCategories();
01/07/2013 12:15:04 pm: CALL USP_GetCategories2();
01/07/2013 09:09:08 pm: CALL USP_GetCurrencies();
01/07/2013 09:09:08 pm: CALL USP_GetAccounts();
01/07/2013 09:09:08 pm: CALL USP_GetCategories();
01/07/2013 09:09:08 pm: CALL USP_GetPayees();
01/07/2013 09:09:08 pm: CALL USP_GetCategories2();
01/07/2013 09:44:01 pm: CALL USP_InsertTransaction('2013-01-07','19','1','1','7','45','222','-4.99','');
01/07/2013 09:44:01 pm: CALL USP_InsertTransaction('2013-01-07','19','1','1','7','45','222','-4.99','');
01/07/2013 09:44:19 pm: CALL USP_InsertTransaction('2013-01-07','19','1','1','7','45','222','-4.99','cotton tige, brosse à dents, dentifrice');
01/07/2013 09:44:19 pm: CALL USP_InsertTransaction('2013-01-07','19','1','1','7','45','222','-4.99','cotton tige, brosse à dents, dentifrice');
01/07/2013 09:44:38 pm: CALL USP_InsertTransaction('2013-01-07','19','1','1','11','54','222','-4.99','cotton tige, brosse à dents, dentifrice');
01/07/2013 09:44:38 pm: CALL USP_InsertTransaction('2013-01-07','19','1','1','11','54','222','-4.99','cotton tige, brosse à dents, dentifrice');
01/07/2013 09:45:59 pm: CALL USP_InsertTransaction('2013-01-07','19','1','1','11','54','222','-15.92','cotton tige, brosse à dents, dentifrice');
01/07/2013 09:45:59 pm: CALL USP_InsertTransaction('2013-01-07','19','1','1','11','54','222','-15.92','cotton tige, brosse à dents, dentifrice');
01/07/2013 09:50:48 pm: CALL USP_InsertTransaction('2013-01-07','19','1','1','11','54','222','-15.92','cotton tige, brosse à dents, dentifrice');
01/07/2013 09:50:48 pm: CALL USP_InsertTransaction('2013-01-07','19','1','1','11','54','222','-15.92','cotton tige, brosse à dents, dentifrice');
01/07/2013 09:51:06 pm: CALL USP_InsertTransaction('2013-01-07','19','1','2','12','69','0','200','');
01/07/2013 09:51:22 pm: CALL USP_InsertTransaction('2013-01-07','19','1','2','12','69','187','200','Money back');
01/07/2013 09:51:22 pm: CALL USP_InsertTransaction('2013-01-07','19','1','2','12','69','187','200','Money back');
01/07/2013 09:51:26 pm: CALL USP_GetAccounts();
01/07/2013 09:51:26 pm: CALL USP_GetCurrencies();
01/07/2013 09:51:26 pm: CALL USP_GetPayees();
01/07/2013 09:51:26 pm: CALL USP_GetCategories();
01/07/2013 09:51:26 pm: CALL USP_GetCategories2();
01/07/2013 09:51:38 pm: CALL USP_GetCurrencies();
01/07/2013 09:51:38 pm: CALL USP_GetPayees();
01/07/2013 09:51:38 pm: CALL USP_GetAccounts();
01/07/2013 09:51:38 pm: CALL USP_GetCategories();
01/07/2013 09:51:38 pm: CALL USP_GetCategories2();
01/07/2013 09:51:39 pm: CALL USP_GetCategories();
01/07/2013 09:51:39 pm: CALL USP_GetPayees();
01/07/2013 09:51:39 pm: CALL USP_GetAccounts();
01/07/2013 09:51:39 pm: CALL USP_GetCategories2();
01/07/2013 09:51:39 pm: CALL USP_GetCurrencies();
01/07/2013 09:51:49 pm: CALL USP_GetCurrencies();
01/07/2013 09:51:49 pm: CALL USP_GetAccounts();
01/07/2013 09:51:49 pm: CALL USP_GetPayees();
01/07/2013 09:51:49 pm: CALL USP_GetCategories();
01/07/2013 09:51:49 pm: CALL USP_GetCategories2();
01/07/2013 09:51:58 pm: CALL USP_GetAccounts();
01/07/2013 09:51:58 pm: CALL USP_GetCurrencies();
01/07/2013 09:51:58 pm: CALL USP_GetCategories2();
01/07/2013 09:51:58 pm: CALL USP_GetCategories();
01/07/2013 09:51:58 pm: CALL USP_GetPayees();
01/07/2013 09:52:20 pm: CALL USP_GetPayees();
01/07/2013 09:52:20 pm: CALL USP_GetCategories2();
01/07/2013 09:52:20 pm: CALL USP_GetCurrencies();
01/07/2013 09:52:20 pm: CALL USP_GetAccounts();
01/07/2013 09:52:20 pm: CALL USP_GetCategories();
01/07/2013 09:52:53 pm: CALL USP_GetCurrencies();
01/07/2013 09:52:53 pm: CALL USP_GetAccounts();
01/07/2013 09:52:53 pm: CALL USP_GetPayees();
01/07/2013 09:52:53 pm: CALL USP_GetCategories();
01/07/2013 09:52:53 pm: CALL USP_GetCategories2();
01/07/2013 09:53:02 pm: CALL USP_GetPayees();
01/07/2013 09:53:02 pm: CALL USP_GetCurrencies();
01/07/2013 09:53:03 pm: CALL USP_GetCategories2();
01/07/2013 09:53:03 pm: CALL USP_GetAccounts();
01/07/2013 09:53:03 pm: CALL USP_GetCategories();
01/07/2013 09:53:24 pm: CALL USP_GetCategories();
01/07/2013 09:53:24 pm: CALL USP_GetCurrencies();
01/07/2013 09:53:24 pm: CALL USP_GetCategories2();
01/07/2013 09:53:24 pm: CALL USP_GetAccounts();
01/07/2013 09:53:24 pm: CALL USP_GetPayees();
01/07/2013 09:53:26 pm: CALL USP_GetPayees();
01/07/2013 09:53:26 pm: CALL USP_GetAccounts();
01/07/2013 09:53:26 pm: CALL USP_GetCurrencies();
01/07/2013 09:53:26 pm: CALL USP_GetCategories();
01/07/2013 09:53:26 pm: CALL USP_GetCategories2();
01/07/2013 09:53:47 pm: CALL USP_InsertTransaction('2013-01-07','6','1','1','2','17','117','-9.12','');
01/07/2013 09:53:47 pm: CALL USP_InsertTransaction('2013-01-07','6','1','1','2','17','117','-9.12','');
01/07/2013 09:54:19 pm: CALL USP_InsertTransaction('2013-01-07','6','1','1','14','81','187','-26.23','snowboard rental');
01/07/2013 09:54:19 pm: CALL USP_InsertTransaction('2013-01-07','6','1','1','14','81','187','-26.23','snowboard rental');
01/07/2013 09:55:43 pm: CALL USP_InsertTransaction('2013-01-07','6','1','1','23','133','135','-286.66','');
01/07/2013 09:55:43 pm: CALL USP_InsertTransaction('2013-01-07','6','1','1','23','133','135','-286.66','');
01/07/2013 09:55:58 pm: CALL USP_GetAccounts();
01/07/2013 09:55:58 pm: CALL USP_GetCurrencies();
01/07/2013 09:55:58 pm: CALL USP_GetPayees();
01/07/2013 09:55:58 pm: CALL USP_GetCategories();
01/07/2013 09:55:58 pm: CALL USP_GetCategories2();
