02/24/2013 06:40:54 pm: CALL USP_GetCurrencies();
02/24/2013 06:40:54 pm: CALL USP_GetAccounts();
02/24/2013 06:40:54 pm: CALL USP_GetPayees();
02/24/2013 06:40:54 pm: CALL USP_GetCategories2();
02/24/2013 06:40:54 pm: CALL USP_GetCategories();
02/24/2013 06:50:43 pm: CALL USP_InsertTransaction('2013-02-24','11','1','1','7','45','8','-7.92','');
02/24/2013 06:50:43 pm: CALL USP_InsertTransaction('2013-02-24','11','1','1','7','45','8','-7.92','');
02/24/2013 06:50:48 pm: CALL USP_InsertTransaction('2013-02-24','11','1','1','7','45','8','-7.32','');
02/24/2013 06:50:48 pm: CALL USP_InsertTransaction('2013-02-24','11','1','1','7','45','8','-7.32','');
02/24/2013 06:50:58 pm: CALL USP_GetAccounts();
02/24/2013 06:50:58 pm: CALL USP_GetCurrencies();
02/24/2013 06:50:58 pm: CALL USP_GetPayees();
02/24/2013 06:50:58 pm: CALL USP_GetCategories();
02/24/2013 06:50:58 pm: CALL USP_GetCategories2();
02/24/2013 06:51:42 pm: CALL USP_InsertTransaction('2013-02-24','11','1','1','11','54','123','-11.97','Deo');
02/24/2013 06:51:42 pm: CALL USP_InsertTransaction('2013-02-24','11','1','1','11','54','123','-11.97','Deo');
02/24/2013 06:52:19 pm: CALL USP_InsertTransaction('2013-02-24','11','1','1','7','45','123','11.97','');
02/24/2013 06:52:19 pm: CALL USP_InsertTransaction('2013-02-24','11','1','1','7','45','123','11.97','');
02/24/2013 06:53:29 pm: CALL USP_InsertTransaction('2013-02-24','11','1','1','7','45','101','-14.84','');
02/24/2013 06:53:29 pm: CALL USP_InsertTransaction('2013-02-24','11','1','1','7','45','101','-14.84','');
02/24/2013 06:55:53 pm: CALL USP_InsertTransaction('2013-02-24','1','1','2','2','18','210','34.3','');
02/24/2013 06:55:53 pm: CALL USP_InsertTransaction('2013-02-24','1','1','2','2','18','210','34.3','');
02/24/2013 06:56:42 pm: CALL USP_InsertTransaction('2013-02-24','1','1','2','2','19','210','2.78','');
02/24/2013 06:56:42 pm: CALL USP_InsertTransaction('2013-02-24','1','1','2','2','19','210','2.78','');
02/24/2013 06:56:49 pm: CALL USP_GetAccounts();
02/24/2013 06:56:49 pm: CALL USP_GetCurrencies();
02/24/2013 06:56:49 pm: CALL USP_GetPayees();
02/24/2013 06:56:49 pm: CALL USP_GetCategories();
02/24/2013 06:56:49 pm: CALL USP_GetCategories2();
02/24/2013 06:57:25 pm: CALL USP_GetAccounts();
02/24/2013 06:57:25 pm: CALL USP_GetCurrencies();
02/24/2013 06:57:25 pm: CALL USP_GetPayees();
02/24/2013 06:57:25 pm: CALL USP_GetCategories2();
02/24/2013 06:57:25 pm: CALL USP_GetCategories();
02/24/2013 07:44:32 pm: CALL USP_GetAccounts();
02/24/2013 07:44:32 pm: CALL USP_GetCurrencies();
02/24/2013 07:44:32 pm: CALL USP_GetCategories();
02/24/2013 07:44:32 pm: CALL USP_GetPayees();
02/24/2013 07:44:32 pm: CALL USP_GetCategories2();
02/24/2013 07:44:35 pm: CALL USP_GetAccounts();
02/24/2013 07:44:35 pm: CALL USP_GetCurrencies();
02/24/2013 07:44:35 pm: CALL USP_GetPayees();
02/24/2013 07:44:35 pm: CALL USP_GetCategories();
02/24/2013 07:44:35 pm: CALL USP_GetCategories2();
02/24/2013 07:44:38 pm: CALL USP_InsertTransaction('2013-02-24','1','1','3','23','105','135','400','');
02/24/2013 07:44:38 pm: CALL USP_InsertTransaction('2013-02-24','1','1','3','23','105','135','400','');
02/24/2013 07:44:38 pm: CALL USP_InsertTransaction('2013-02-24','6','1','3','23','105','135','-400','');
02/24/2013 07:44:38 pm: CALL USP_InsertTransaction('2013-02-24','6','1','3','23','105','135','-400','');
02/24/2013 07:44:42 pm: CALL USP_GetAccounts();
02/24/2013 07:44:42 pm: CALL USP_GetPayees();
02/24/2013 07:44:42 pm: CALL USP_GetCurrencies();
02/24/2013 07:44:42 pm: CALL USP_GetCategories();
02/24/2013 07:44:42 pm: CALL USP_GetCategories2();
02/24/2013 07:45:49 pm: CALL USP_GetAccounts();
02/24/2013 07:45:49 pm: CALL USP_GetCurrencies();
02/24/2013 07:45:49 pm: CALL USP_GetPayees();
02/24/2013 07:45:49 pm: CALL USP_GetCategories();
02/24/2013 07:45:49 pm: CALL USP_GetCategories2();
02/24/2013 07:46:24 pm: CALL USP_GetAccounts();
02/24/2013 07:46:24 pm: CALL USP_GetCurrencies();
02/24/2013 07:46:24 pm: CALL USP_GetPayees();
02/24/2013 07:46:24 pm: CALL USP_GetCategories();
02/24/2013 07:46:24 pm: CALL USP_GetCategories2();
02/24/2013 07:49:15 pm: CALL USP_GetCurrencies();
02/24/2013 07:49:15 pm: CALL USP_GetPayees();
02/24/2013 07:49:15 pm: CALL USP_GetCategories();
02/24/2013 07:49:15 pm: CALL USP_GetAccounts();
02/24/2013 07:49:15 pm: CALL USP_GetCategories2();
