06/06/2013 06:39:06 pm: CALL USP_GetPayees();
06/06/2013 06:39:06 pm: CALL USP_GetCategories();
06/06/2013 06:39:06 pm: CALL USP_GetCurrencies();
06/06/2013 06:39:06 pm: CALL USP_GetAccounts();
06/06/2013 06:39:06 pm: CALL USP_GetCategories2();
06/06/2013 06:39:21 pm: CALL USP_GetAccounts();
06/06/2013 06:39:21 pm: CALL USP_GetCurrencies();
06/06/2013 06:39:21 pm: CALL USP_GetPayees();
06/06/2013 06:39:21 pm: CALL USP_GetCategories();
06/06/2013 06:39:21 pm: CALL USP_GetCategories2();
06/06/2013 07:29:02 pm: CALL USP_GetAccounts();
06/06/2013 07:29:02 pm: CALL USP_GetCurrencies();
06/06/2013 07:29:02 pm: CALL USP_GetPayees();
06/06/2013 07:29:02 pm: CALL USP_GetCategories();
06/06/2013 07:29:02 pm: CALL USP_GetCategories2();
06/06/2013 07:29:25 pm: CALL USP_InsertTransaction('2013-06-06','11','1','1','7','45','8','-.42','');
06/06/2013 07:29:32 pm: CALL USP_GetAccounts();
06/06/2013 07:29:32 pm: CALL USP_GetPayees();
06/06/2013 07:29:32 pm: CALL USP_GetCurrencies();
06/06/2013 07:29:32 pm: CALL USP_GetCategories2();
06/06/2013 07:29:32 pm: CALL USP_GetCategories();
