03/19/2013 08:36:59 pm: CALL USP_GetCategories();
03/19/2013 08:36:59 pm: CALL USP_GetCurrencies();
03/19/2013 08:36:59 pm: CALL USP_GetCategories2();
03/19/2013 08:36:59 pm: CALL USP_GetAccounts();
03/19/2013 08:36:59 pm: CALL USP_GetPayees();
03/19/2013 08:38:04 pm: CALL USP_InsertTransaction('2013-03-19','4','1','3','23','100','135','-310','');
03/19/2013 08:38:04 pm: CALL USP_InsertTransaction('2013-03-19','4','1','3','23','100','135','-310','');
03/19/2013 08:38:04 pm: CALL USP_InsertTransaction('2013-03-19','1','1','3','23','100','135','310','');
03/19/2013 08:38:04 pm: CALL USP_InsertTransaction('2013-03-19','1','1','3','23','100','135','310','');
03/19/2013 08:38:39 pm: CALL USP_InsertTransaction('2013-03-19','1','1','1','9','49','135','-220','2 cavities fixed');
03/19/2013 08:38:39 pm: CALL USP_InsertTransaction('2013-03-19','1','1','1','9','49','135','-220','2 cavities fixed');
03/19/2013 08:40:25 pm: CALL USP_InsertTransaction('2013-03-19','6','1','1','29','130','179','-133.89','Train tickets');
03/19/2013 08:40:25 pm: CALL USP_InsertTransaction('2013-03-19','6','1','1','29','130','179','-133.89','Train tickets');
03/19/2013 08:40:32 pm: CALL USP_GetAccounts();
03/19/2013 08:40:32 pm: CALL USP_GetCurrencies();
03/19/2013 08:40:32 pm: CALL USP_GetPayees();
03/19/2013 08:40:32 pm: CALL USP_GetCategories();
03/19/2013 08:40:32 pm: CALL USP_GetCategories2();
03/19/2013 08:40:34 pm: CALL USP_GetAccounts();
03/19/2013 08:40:34 pm: CALL USP_GetCurrencies();
03/19/2013 08:40:34 pm: CALL USP_GetPayees();
03/19/2013 08:40:34 pm: CALL USP_GetCategories();
03/19/2013 08:40:34 pm: CALL USP_GetCategories2();
03/19/2013 08:40:51 pm: CALL USP_GetCurrencies();
03/19/2013 08:40:51 pm: CALL USP_GetAccounts();
03/19/2013 08:40:51 pm: CALL USP_GetPayees();
03/19/2013 08:40:51 pm: CALL USP_GetCategories();
03/19/2013 08:40:51 pm: CALL USP_GetCategories2();
03/19/2013 08:41:17 pm: CALL USP_InsertTransaction('2013-03-19','1','1','1','2','19','94','-50','');
03/19/2013 08:41:17 pm: CALL USP_InsertTransaction('2013-03-19','1','1','1','2','19','94','-50','');
03/19/2013 08:41:22 pm: CALL USP_GetAccounts();
03/19/2013 08:41:22 pm: CALL USP_GetCategories();
03/19/2013 08:41:22 pm: CALL USP_GetCurrencies();
03/19/2013 08:41:22 pm: CALL USP_GetCategories2();
03/19/2013 08:41:22 pm: CALL USP_GetPayees();
