04/16/2013 06:38:11 pm: CALL USP_GetCategories();
04/16/2013 06:38:11 pm: CALL USP_GetCurrencies();
04/16/2013 06:38:11 pm: CALL USP_GetCategories2();
04/16/2013 06:38:11 pm: CALL USP_GetAccounts();
04/16/2013 06:38:11 pm: CALL USP_GetPayees();
04/16/2013 06:38:33 pm: CALL USP_GetAccounts();
04/16/2013 06:38:34 pm: CALL USP_GetCurrencies();
04/16/2013 06:38:34 pm: CALL USP_GetCategories();
04/16/2013 06:38:34 pm: CALL USP_GetPayees();
04/16/2013 06:38:34 pm: CALL USP_GetCategories2();
04/16/2013 06:38:38 pm: CALL USP_GetCategories();
04/16/2013 06:38:38 pm: CALL USP_GetPayees();
04/16/2013 06:38:38 pm: CALL USP_GetCategories2();
04/16/2013 06:38:38 pm: CALL USP_GetAccounts();
04/16/2013 06:38:38 pm: CALL USP_GetCurrencies();
04/16/2013 06:38:39 pm: CALL USP_GetAccounts();
04/16/2013 06:38:39 pm: CALL USP_GetPayees();
04/16/2013 06:38:39 pm: CALL USP_GetCurrencies();
04/16/2013 06:38:39 pm: CALL USP_GetCategories();
04/16/2013 06:38:39 pm: CALL USP_GetCategories2();
04/16/2013 06:56:18 pm: CALL USP_GetAccounts();
04/16/2013 06:56:18 pm: CALL USP_GetCategories();
04/16/2013 06:56:18 pm: CALL USP_GetCurrencies();
04/16/2013 06:56:18 pm: CALL USP_GetPayees();
04/16/2013 06:56:18 pm: CALL USP_GetCategories2();
04/16/2013 06:56:50 pm: CALL USP_InsertTransaction('2013-04-10','6','1','1','1','3','35','-30.81','BBB Water Flex Overshoes BWS03 2013 - 47/48');
04/16/2013 06:56:50 pm: CALL USP_InsertTransaction('2013-04-10','6','1','1','1','3','35','-30.81','BBB Water Flex Overshoes BWS03 2013 - 47/48');
04/16/2013 07:04:29 pm: CALL USP_GetCurrencies();
04/16/2013 07:04:29 pm: CALL USP_GetPayees();
04/16/2013 07:04:29 pm: CALL USP_GetAccounts();
04/16/2013 07:04:29 pm: CALL USP_GetCategories();
04/16/2013 07:04:29 pm: CALL USP_GetCategories2();
04/16/2013 07:04:30 pm: CALL USP_GetCurrencies();
04/16/2013 07:04:30 pm: CALL USP_GetCategories();
04/16/2013 07:04:30 pm: CALL USP_GetAccounts();
04/16/2013 07:04:30 pm: CALL USP_GetPayees();
04/16/2013 07:04:30 pm: CALL USP_GetCategories2();
