02/17/2013 10:06:12 am: CALL USP_GetPayees();
02/17/2013 10:06:12 am: CALL USP_GetCurrencies();
02/17/2013 10:06:12 am: CALL USP_GetCategories();
02/17/2013 10:06:12 am: CALL USP_GetCategories2();
02/17/2013 10:06:12 am: CALL USP_GetAccounts();
02/17/2013 10:06:49 am: CALL USP_InsertTransaction('2013-02-17','6','1','1','9','51','31','-19.46','500g Organic cocoa powder');
02/17/2013 10:06:49 am: CALL USP_InsertTransaction('2013-02-17','6','1','1','9','51','31','-19.46','500g Organic cocoa powder');
02/17/2013 05:15:33 pm: CALL USP_InsertTransaction('2013-02-17','11','1','1','7','45','154','-1.89','');
02/17/2013 05:15:33 pm: CALL USP_InsertTransaction('2013-02-17','11','1','1','7','45','154','-1.89','');
02/17/2013 05:15:53 pm: CALL USP_InsertTransaction('2013-02-17','11','1','1','7','45','8','-14.63','');
02/17/2013 05:15:53 pm: CALL USP_InsertTransaction('2013-02-17','11','1','1','7','45','8','-14.63','');
02/17/2013 05:16:05 pm: CALL USP_InsertTransaction('2013-02-17','11','1','1','7','45','8','-10.3','');
02/17/2013 05:16:05 pm: CALL USP_InsertTransaction('2013-02-17','11','1','1','7','45','8','-10.3','');
02/17/2013 05:16:37 pm: CALL USP_InsertTransaction('2013-02-17','11','1','1','7','45','8','-9.38','');
02/17/2013 05:16:37 pm: CALL USP_InsertTransaction('2013-02-17','11','1','1','7','45','8','-9.38','');
02/17/2013 05:16:58 pm: CALL USP_GetAccounts();
02/17/2013 05:16:58 pm: CALL USP_GetCategories();
02/17/2013 05:16:58 pm: CALL USP_GetCurrencies();
02/17/2013 05:16:58 pm: CALL USP_GetPayees();
02/17/2013 05:16:58 pm: CALL USP_GetCategories2();
