06/10/2013 08:54:53 pm: CALL soundbudget.USP_InsertCurrencyRate('2013-06-10','USD','1.3209');
06/10/2013 08:54:53 pm: CALL soundbudget.USP_InsertCurrencyRate('2013-06-10','JPY','130.47');
06/10/2013 08:54:53 pm: CALL soundbudget.USP_InsertCurrencyRate('2013-06-10','BGN','1.9558');
06/10/2013 08:54:53 pm: CALL soundbudget.USP_InsertCurrencyRate('2013-06-10','CZK','25.666');
06/10/2013 08:54:53 pm: CALL soundbudget.USP_InsertCurrencyRate('2013-06-10','DKK','7.4560');
06/10/2013 08:54:53 pm: CALL soundbudget.USP_InsertCurrencyRate('2013-06-10','GBP','0.85040');
06/10/2013 08:54:53 pm: CALL soundbudget.USP_InsertCurrencyRate('2013-06-10','HUF','297.20');
06/10/2013 08:54:53 pm: CALL soundbudget.USP_InsertCurrencyRate('2013-06-10','LTL','3.4528');
06/10/2013 08:54:53 pm: CALL soundbudget.USP_InsertCurrencyRate('2013-06-10','LVL','0.7018');
06/10/2013 08:54:53 pm: CALL soundbudget.USP_InsertCurrencyRate('2013-06-10','PLN','4.2532');
06/10/2013 08:54:53 pm: CALL soundbudget.USP_InsertCurrencyRate('2013-06-10','RON','4.5235');
06/10/2013 08:54:53 pm: CALL soundbudget.USP_InsertCurrencyRate('2013-06-10','SEK','8.7144');
06/10/2013 08:54:53 pm: CALL soundbudget.USP_InsertCurrencyRate('2013-06-10','CHF','1.2395');
06/10/2013 08:54:53 pm: CALL soundbudget.USP_InsertCurrencyRate('2013-06-10','NOK','7.6120');
06/10/2013 08:54:53 pm: CALL soundbudget.USP_InsertCurrencyRate('2013-06-10','HRK','7.5115');
06/10/2013 08:54:53 pm: CALL soundbudget.USP_InsertCurrencyRate('2013-06-10','RUB','42.7360');
06/10/2013 08:54:53 pm: CALL soundbudget.USP_InsertCurrencyRate('2013-06-10','TRY','2.5053');
06/10/2013 08:54:53 pm: CALL soundbudget.USP_InsertCurrencyRate('2013-06-10','AUD','1.3983');
06/10/2013 08:54:53 pm: CALL soundbudget.USP_InsertCurrencyRate('2013-06-10','BRL','2.8284');
06/10/2013 08:54:53 pm: CALL soundbudget.USP_InsertCurrencyRate('2013-06-10','CAD','1.3455');
06/10/2013 08:54:53 pm: CALL soundbudget.USP_InsertCurrencyRate('2013-06-10','CNY','8.1017');
06/10/2013 08:54:53 pm: CALL soundbudget.USP_InsertCurrencyRate('2013-06-10','HKD','10.2549');
06/10/2013 08:54:53 pm: CALL soundbudget.USP_InsertCurrencyRate('2013-06-10','IDR','13158.79');
06/10/2013 08:54:53 pm: CALL soundbudget.USP_InsertCurrencyRate('2013-06-10','ILS','4.7982');
06/10/2013 08:54:53 pm: CALL soundbudget.USP_InsertCurrencyRate('2013-06-10','INR','76.8450');
06/10/2013 08:54:53 pm: CALL soundbudget.USP_InsertCurrencyRate('2013-06-10','KRW','1497.42');
06/10/2013 08:54:53 pm: CALL soundbudget.USP_InsertCurrencyRate('2013-06-10','MXN','16.9220');
06/10/2013 08:54:53 pm: CALL soundbudget.USP_InsertCurrencyRate('2013-06-10','MYR','4.1476');
06/10/2013 08:54:53 pm: CALL soundbudget.USP_InsertCurrencyRate('2013-06-10','NZD','1.6728');
06/10/2013 08:54:53 pm: CALL soundbudget.USP_InsertCurrencyRate('2013-06-10','PHP','56.804');
06/10/2013 08:54:53 pm: CALL soundbudget.USP_InsertCurrencyRate('2013-06-10','SGD','1.6631');
06/10/2013 08:54:53 pm: CALL soundbudget.USP_InsertCurrencyRate('2013-06-10','THB','40.671');
06/10/2013 08:54:53 pm: CALL soundbudget.USP_InsertCurrencyRate('2013-06-10','ZAR','13.4090');
06/10/2013 10:56:06 pm: CALL USP_GetAccounts();
06/10/2013 10:56:06 pm: CALL USP_GetCurrencies();
06/10/2013 10:56:06 pm: CALL USP_GetCategories();
06/10/2013 10:56:06 pm: CALL USP_GetPayees();
06/10/2013 10:56:07 pm: CALL USP_GetCategories2();
06/10/2013 10:56:25 pm: CALL USP_GetAccounts();
06/10/2013 10:56:25 pm: CALL USP_GetCurrencies();
06/10/2013 10:56:25 pm: CALL USP_GetPayees();
06/10/2013 10:56:25 pm: CALL USP_GetCategories();
06/10/2013 10:56:25 pm: CALL USP_GetCategories2();
