06/19/2013 06:31:43 pm: CALL USP_GetAccounts();
06/19/2013 06:31:43 pm: CALL USP_GetCurrencies();
06/19/2013 06:31:44 pm: CALL USP_GetPayees();
06/19/2013 06:31:44 pm: CALL USP_GetCategories();
06/19/2013 06:31:44 pm: CALL USP_GetCategories2();
06/19/2013 06:31:57 pm: CALL USP_GetAccounts();
06/19/2013 06:31:57 pm: CALL USP_GetCategories2();
06/19/2013 06:31:57 pm: CALL USP_GetPayees();
06/19/2013 06:31:57 pm: CALL USP_GetCategories();
06/19/2013 06:31:57 pm: CALL USP_GetCurrencies();
06/19/2013 06:38:07 pm: CALL USP_GetCurrencies();
06/19/2013 06:38:07 pm: CALL USP_GetAccounts();
06/19/2013 06:38:07 pm: CALL USP_GetPayees();
06/19/2013 06:38:07 pm: CALL USP_GetCategories2();
06/19/2013 06:38:07 pm: CALL USP_GetCategories();
06/19/2013 06:38:43 pm: CALL USP_InsertTransaction('2013-06-19','17','1','1','11','59','187','-21.85','2 x Slug-X trap');
06/19/2013 06:39:50 pm: CALL USP_InsertTransaction('2013-06-11','17','1','1','11','59','72','-10.26','copper wire');
06/19/2013 06:40:02 pm: CALL USP_GetCurrencies();
06/19/2013 06:40:02 pm: CALL USP_GetAccounts();
06/19/2013 06:40:02 pm: CALL USP_GetCategories2();
06/19/2013 06:40:02 pm: CALL USP_GetPayees();
06/19/2013 06:40:02 pm: CALL USP_GetCategories();
06/19/2013 06:40:07 pm: CALL USP_GetAccounts();
06/19/2013 06:40:07 pm: CALL USP_GetCurrencies();
06/19/2013 06:40:07 pm: CALL USP_GetCategories2();
06/19/2013 06:40:07 pm: CALL USP_GetPayees();
06/19/2013 06:40:07 pm: CALL USP_GetCategories();
06/19/2013 09:44:31 pm: CALL USP_GetAccounts();
06/19/2013 09:44:31 pm: CALL USP_GetCurrencies();
06/19/2013 09:44:31 pm: CALL USP_GetCategories();
06/19/2013 09:44:31 pm: CALL USP_GetCategories2();
06/19/2013 09:44:31 pm: CALL USP_GetPayees();
06/19/2013 09:44:59 pm: CALL USP_InsertTransaction('2013-06-20','1','1','3','23','110','135','-100','');
06/19/2013 09:44:59 pm: CALL USP_InsertTransaction('2013-06-20','11','1','3','23','110','135','100','');
06/19/2013 09:55:01 pm: CALL USP_InsertTransaction('2013-06-19','11','1','1','11','54','68','-19.96','4');
06/19/2013 10:03:17 pm: CALL USP_InsertTransaction('2013-06-19','11','1','1','7','45','188','-13.45','4');
06/19/2013 10:03:24 pm: CALL USP_GetAccounts();
06/19/2013 10:03:24 pm: CALL USP_GetCurrencies();
06/19/2013 10:03:24 pm: CALL USP_GetCategories();
06/19/2013 10:03:24 pm: CALL USP_GetCategories2();
06/19/2013 10:03:24 pm: CALL USP_GetPayees();
06/19/2013 10:05:26 pm: CALL USP_GetAccounts();
06/19/2013 10:05:26 pm: CALL USP_GetCategories();
06/19/2013 10:05:26 pm: CALL USP_GetCurrencies();
06/19/2013 10:05:26 pm: CALL USP_GetPayees();
06/19/2013 10:05:26 pm: CALL USP_GetCategories2();
06/19/2013 10:05:31 pm: CALL USP_GetCurrencies();
06/19/2013 10:05:31 pm: CALL USP_GetAccounts();
06/19/2013 10:05:31 pm: CALL USP_GetPayees();
06/19/2013 10:05:31 pm: CALL USP_GetCategories();
06/19/2013 10:05:31 pm: CALL USP_GetCategories2();
06/19/2013 10:15:48 pm: CALL USP_GetCurrencies();
06/19/2013 10:15:48 pm: CALL USP_GetAccounts();
06/19/2013 10:15:48 pm: CALL USP_GetPayees();
06/19/2013 10:15:48 pm: CALL USP_GetCategories();
06/19/2013 10:15:48 pm: CALL USP_GetCategories2();
06/19/2013 10:16:03 pm: CALL USP_GetCategories();
06/19/2013 10:16:03 pm: CALL USP_GetCurrencies();
06/19/2013 10:16:03 pm: CALL USP_GetAccounts();
06/19/2013 10:16:03 pm: CALL USP_GetPayees();
06/19/2013 10:16:03 pm: CALL USP_GetCategories2();
