01/18/2013 02:29:17 pm: CALL USP_GetPayees();
01/18/2013 02:29:18 pm: CALL USP_GetCategories();
01/18/2013 02:29:18 pm: CALL USP_GetAccounts();
01/18/2013 02:29:18 pm: CALL USP_GetCategories2();
01/18/2013 02:29:18 pm: CALL USP_GetCurrencies();
01/18/2013 02:30:26 pm: CALL USP_GetCategories2();
01/18/2013 02:30:26 pm: CALL USP_GetCurrencies();
01/18/2013 02:30:26 pm: CALL USP_GetPayees();
01/18/2013 02:30:26 pm: CALL USP_GetAccounts();
01/18/2013 02:30:26 pm: CALL USP_GetCategories();
01/18/2013 02:30:27 pm: CALL USP_GetAccounts();
01/18/2013 02:30:27 pm: CALL USP_GetCategories();
01/18/2013 02:30:27 pm: CALL USP_GetPayees();
01/18/2013 02:30:27 pm: CALL USP_GetCategories2();
01/18/2013 02:30:27 pm: CALL USP_GetCurrencies();
01/18/2013 02:32:10 pm: CALL USP_InsertTransaction('2013-01-18','19','1','1','7','45','225','-5.23','');
01/18/2013 02:32:10 pm: CALL USP_InsertTransaction('2013-01-18','19','1','1','7','45','225','-5.23','');
01/18/2013 02:32:36 pm: CALL USP_InsertTransaction('2013-01-18','19','1','1','9','51','187','-14.53','arm sling');
01/18/2013 02:32:36 pm: CALL USP_InsertTransaction('2013-01-18','19','1','1','9','51','187','-14.53','arm sling');
01/18/2013 02:32:39 pm: CALL USP_GetCategories();
01/18/2013 02:32:39 pm: CALL USP_GetPayees();
01/18/2013 02:32:39 pm: CALL USP_GetCategories2();
01/18/2013 02:32:39 pm: CALL USP_GetAccounts();
01/18/2013 02:32:39 pm: CALL USP_GetCurrencies();
