03/24/2013 11:37:28 am: CALL USP_GetCategories();
03/24/2013 11:37:28 am: CALL USP_GetCurrencies();
03/24/2013 11:37:28 am: CALL USP_GetPayees();
03/24/2013 11:37:28 am: CALL USP_GetCategories2();
03/24/2013 11:37:28 am: CALL USP_GetAccounts();
03/24/2013 11:38:00 am: CALL USP_InsertTransaction('2013-03-24','1','1','3','23','110','135','-300','');
03/24/2013 11:38:00 am: CALL USP_InsertTransaction('2013-03-24','1','1','3','23','110','135','-300','');
03/24/2013 11:38:00 am: CALL USP_InsertTransaction('2013-03-24','11','1','3','23','110','135','300','');
03/24/2013 11:38:00 am: CALL USP_InsertTransaction('2013-03-24','11','1','3','23','110','135','300','');
03/24/2013 11:38:45 am: CALL USP_InsertTransaction('2013-03-24','11','1','1','4','36','62','-20','Tablet holder');
03/24/2013 11:38:45 am: CALL USP_InsertTransaction('2013-03-24','11','1','1','4','36','62','-20','Tablet holder');
03/24/2013 11:39:10 am: CALL USP_InsertTransaction('2013-03-24','11','1','1','3','35','144','-250','');
03/24/2013 11:39:10 am: CALL USP_InsertTransaction('2013-03-24','11','1','1','3','35','144','-250','');
03/24/2013 11:39:55 am: CALL USP_InsertTransaction('2013-03-23','6','1','1','2','32','184','-11.5','10 euros skype credit');
03/24/2013 11:39:55 am: CALL USP_InsertTransaction('2013-03-23','6','1','1','2','32','184','-11.5','10 euros skype credit');
03/24/2013 11:40:00 am: CALL USP_GetAccounts();
03/24/2013 11:40:00 am: CALL USP_GetCategories();
03/24/2013 11:40:00 am: CALL USP_GetPayees();
03/24/2013 11:40:00 am: CALL USP_GetCurrencies();
03/24/2013 11:40:00 am: CALL USP_GetCategories2();
