01/28/2013 08:11:19 pm: CALL USP_GetCategories();
01/28/2013 08:11:19 pm: CALL USP_GetPayees();
01/28/2013 08:11:19 pm: CALL USP_GetCurrencies();
01/28/2013 08:11:19 pm: CALL USP_GetCategories2();
01/28/2013 08:11:19 pm: CALL USP_GetAccounts();
01/28/2013 08:11:20 pm: CALL USP_GetCurrencies();
01/28/2013 08:11:20 pm: CALL USP_GetAccounts();
01/28/2013 08:11:20 pm: CALL USP_GetPayees();
01/28/2013 08:11:20 pm: CALL USP_GetCategories();
01/28/2013 08:11:20 pm: CALL USP_GetCategories2();
01/28/2013 08:11:29 pm: CALL USP_GetCurrencies();
01/28/2013 08:11:29 pm: CALL USP_GetAccounts();
01/28/2013 08:11:29 pm: CALL USP_GetPayees();
01/28/2013 08:11:29 pm: CALL USP_GetCategories2();
01/28/2013 08:11:29 pm: CALL USP_GetCategories();
01/28/2013 08:11:44 pm: CALL USP_InsertTransaction('2013-01-28','11','1','1','9','48','17','-6','');
01/28/2013 08:11:44 pm: CALL USP_InsertTransaction('2013-01-28','11','1','1','9','48','17','-6','');
01/28/2013 08:12:01 pm: CALL USP_InsertTransaction('2013-01-28','11','1','1','7','45','8','-9.33','');
01/28/2013 08:12:01 pm: CALL USP_InsertTransaction('2013-01-28','11','1','1','7','45','8','-9.33','');
01/28/2013 08:12:06 pm: CALL USP_GetCurrencies();
01/28/2013 08:12:06 pm: CALL USP_GetAccounts();
01/28/2013 08:12:06 pm: CALL USP_GetCategories();
01/28/2013 08:12:06 pm: CALL USP_GetPayees();
01/28/2013 08:12:06 pm: CALL USP_GetCategories2();
