05/16/2013 06:12:04 pm: CALL USP_GetAccounts();
05/16/2013 06:12:04 pm: CALL USP_GetCategories();
05/16/2013 06:12:04 pm: CALL USP_GetPayees();
05/16/2013 06:12:04 pm: CALL USP_GetCurrencies();
05/16/2013 06:12:04 pm: CALL USP_GetCategories2();
05/16/2013 06:12:37 pm: CALL USP_GetCategories();
05/16/2013 06:12:37 pm: CALL USP_GetAccounts();
05/16/2013 06:12:37 pm: CALL USP_GetPayees();
05/16/2013 06:12:37 pm: CALL USP_GetCurrencies();
05/16/2013 06:12:37 pm: CALL USP_GetCategories2();
05/16/2013 06:12:37 pm: CALL USP_GetCurrencies();
05/16/2013 06:12:37 pm: CALL USP_GetCategories();
05/16/2013 06:12:37 pm: CALL USP_GetCategories2();
05/16/2013 06:12:37 pm: CALL USP_GetAccounts();
05/16/2013 06:12:37 pm: CALL USP_GetPayees();
05/16/2013 06:12:55 pm: CALL USP_InsertPayee ('Food store');
05/16/2013 06:12:55 pm: CALL USP_GetPayees ()
05/16/2013 06:12:55 pm: CALL USP_GetPayees();
05/16/2013 06:13:02 pm: CALL USP_GetPayees ()
05/16/2013 06:13:42 pm: CALL USP_InsertTransaction('2013-05-16','11','1','1','29','128','231','-22.19','');
05/16/2013 06:14:16 pm: CALL USP_InsertTransaction('2013-05-16','11','1','1','29','128','231','-3.5','Chocolat pour ceux qui ne peuvent pas manger des noisettes');
05/16/2013 06:16:42 pm: CALL USP_InsertTransaction('2013-05-16','11','1','1','29','128','123','-5.62','');
05/16/2013 06:19:11 pm: CALL USP_GetCurrencies();
05/16/2013 06:19:11 pm: CALL USP_GetPayees();
05/16/2013 06:19:11 pm: CALL USP_GetCategories();
05/16/2013 06:19:11 pm: CALL USP_GetAccounts();
05/16/2013 06:19:11 pm: CALL USP_GetCategories2();
05/16/2013 06:19:26 pm: CALL USP_GetCategories2();
05/16/2013 06:19:26 pm: CALL USP_GetPayees();
05/16/2013 06:19:26 pm: CALL USP_GetCurrencies();
05/16/2013 06:19:26 pm: CALL USP_GetCategories();
05/16/2013 06:19:26 pm: CALL USP_GetAccounts();
05/16/2013 06:19:50 pm: CALL USP_InsertTransaction('2013-05-16','8','1','3','23','105','135','-400','');
05/16/2013 06:19:50 pm: CALL USP_InsertTransaction('2013-05-16','6','1','3','23','105','135','400','');
05/16/2013 06:19:53 pm: CALL USP_GetCurrencies();
05/16/2013 06:19:53 pm: CALL USP_GetAccounts();
05/16/2013 06:19:53 pm: CALL USP_GetCategories();
05/16/2013 06:19:53 pm: CALL USP_GetCategories2();
05/16/2013 06:19:53 pm: CALL USP_GetPayees();
05/16/2013 06:19:59 pm: CALL USP_GetAccounts();
05/16/2013 06:19:59 pm: CALL USP_GetCategories();
05/16/2013 06:19:59 pm: CALL USP_GetCategories2();
05/16/2013 06:19:59 pm: CALL USP_GetPayees();
05/16/2013 06:19:59 pm: CALL USP_GetCurrencies();
05/16/2013 06:20:08 pm: CALL USP_GetCurrencies();
05/16/2013 06:20:08 pm: CALL USP_GetCategories();
05/16/2013 06:20:08 pm: CALL USP_GetAccounts();
05/16/2013 06:20:08 pm: CALL USP_GetPayees();
05/16/2013 06:20:08 pm: CALL USP_GetCategories2();
05/16/2013 08:35:41 pm: CALL USP_GetCurrencies();
05/16/2013 08:35:41 pm: CALL USP_GetPayees();
05/16/2013 08:35:41 pm: CALL USP_GetCategories();
05/16/2013 08:35:41 pm: CALL USP_GetAccounts();
05/16/2013 08:35:41 pm: CALL USP_GetCategories2();
05/16/2013 08:37:16 pm: CALL USP_GetAccounts();
05/16/2013 08:37:16 pm: CALL USP_GetCategories();
05/16/2013 08:37:16 pm: CALL USP_GetCurrencies();
05/16/2013 08:37:16 pm: CALL USP_GetPayees();
05/16/2013 08:37:17 pm: CALL USP_GetCategories2();
05/16/2013 08:38:05 pm: CALL USP_InsertTransaction('2013-05-15','6','1','1','24','115','64','-6.5','Strap for suitcase');
