06/22/2013 07:33:42 am: CALL USP_GetCurrencies();

06/22/2013 07:33:42 am: CALL USP_GetPayees();
06/22/2013 07:33:42 am: CALL USP_GetAccounts();
06/22/2013 07:33:42 am: CALL USP_GetCategories();
06/22/2013 07:33:57 am: CALL USP_GetCurrencies();
06/22/2013 07:33:57 am: CALL USP_GetCategories();
06/22/2013 07:33:57 am: CALL USP_GetAccounts();
06/22/2013 07:33:57 am: CALL USP_GetPayees();
06/22/2013 07:33:57 am: CALL USP_GetCategories2();
06/22/2013 11:44:14 am: CALL USP_GetPayees();
06/22/2013 11:44:14 am: CALL USP_GetAccounts();
06/22/2013 11:44:14 am: CALL USP_GetCategories();
06/22/2013 11:44:15 am: CALL USP_GetCategories2();
06/22/2013 11:44:15 am: CALL USP_GetCurrencies();
06/22/2013 11:44:30 am: CALL USP_GetCurrencies();
06/22/2013 11:44:30 am: CALL USP_GetAccounts();
06/22/2013 11:44:30 am: CALL USP_GetPayees();
06/22/2013 11:44:30 am: CALL USP_GetCategories();
06/22/2013 11:44:30 am: CALL USP_GetCategories2();
06/22/2013 03:54:36 pm: CALL USP_GetAccounts();
06/22/2013 03:54:36 pm: CALL USP_GetCurrencies();
06/22/2013 03:54:37 pm: CALL USP_GetPayees();
06/22/2013 03:54:38 pm: CALL USP_GetCategories();
06/22/2013 03:54:38 pm: CALL USP_GetCategories2();
06/22/2013 03:54:49 pm: CALL USP_GetCategories2();
06/22/2013 03:54:49 pm: CALL USP_GetAccounts();
06/22/2013 03:54:49 pm: CALL USP_GetCategories();
06/22/2013 03:54:49 pm: CALL USP_GetCurrencies();
06/22/2013 03:54:50 pm: CALL USP_GetPayees();
