05/01/2013 06:37:32 pm: CALL USP_GetAccounts();
05/01/2013 06:37:32 pm: CALL USP_GetCurrencies();
05/01/2013 06:37:32 pm: CALL USP_GetPayees();
05/01/2013 06:37:34 pm: CALL USP_GetCategories();
05/01/2013 06:37:34 pm: CALL USP_GetCategories2();
05/01/2013 06:37:40 pm: CALL USP_GetAccounts();
05/01/2013 06:37:40 pm: CALL USP_GetCurrencies();
05/01/2013 06:37:40 pm: CALL USP_GetPayees();
05/01/2013 06:37:40 pm: CALL USP_GetCategories();
05/01/2013 06:37:40 pm: CALL USP_GetCategories2();
05/01/2013 06:37:40 pm: CALL USP_GetPayees();
05/01/2013 06:37:40 pm: CALL USP_GetCategories();
05/01/2013 06:37:40 pm: CALL USP_GetCurrencies();
05/01/2013 06:37:40 pm: CALL USP_GetAccounts();
05/01/2013 06:37:40 pm: CALL USP_GetCategories2();
05/01/2013 08:37:06 pm: CALL USP_GetCategories();
05/01/2013 08:37:06 pm: CALL USP_GetAccounts();
05/01/2013 08:37:06 pm: CALL USP_GetPayees();
05/01/2013 08:37:06 pm: CALL USP_GetCurrencies();
05/01/2013 08:37:06 pm: CALL USP_GetCategories2();
05/01/2013 08:37:14 pm: CALL USP_GetCurrencies();
05/01/2013 08:37:14 pm: CALL USP_GetAccounts();
05/01/2013 08:37:15 pm: CALL USP_GetCategories();
05/01/2013 08:37:15 pm: CALL USP_GetPayees();
05/01/2013 08:37:15 pm: CALL USP_GetCategories2();
05/01/2013 08:37:15 pm: CALL USP_GetAccounts();
05/01/2013 08:37:15 pm: CALL USP_GetPayees();
05/01/2013 08:37:15 pm: CALL USP_GetCategories();
05/01/2013 08:37:15 pm: CALL USP_GetCategories2();
05/01/2013 08:37:15 pm: CALL USP_GetCurrencies();
05/01/2013 09:28:04 pm: CALL USP_GetAccounts();
05/01/2013 09:28:04 pm: CALL USP_GetCurrencies();
05/01/2013 09:28:04 pm: CALL USP_GetPayees();
05/01/2013 09:28:04 pm: CALL USP_GetCategories2();
05/01/2013 09:28:04 pm: CALL USP_GetCategories();
05/01/2013 09:28:14 pm: CALL USP_InsertPayee ('Amazon');
05/01/2013 09:28:14 pm: CALL USP_GetPayees ()
05/01/2013 09:28:14 pm: CALL USP_GetPayees();
05/01/2013 09:28:41 pm: CALL USP_GetPayees ()
05/01/2013 09:28:52 pm: CALL USP_InsertTransaction('2013-05-01','6','1','1','4','37','228','-67.33','750GB Seagate Momentus SATA 2.5-inch laptop hard drive (7200rpm, 16MB cache)');
05/01/2013 09:28:52 pm: CALL USP_InsertTransaction('2013-05-01','6','1','1','4','37','228','-67.33','750GB Seagate Momentus SATA 2.5-inch laptop hard drive (7200rpm, 16MB cache)');
