01/23/2013 01:39:10 pm: CALL USP_GetCategories2();
01/23/2013 01:39:10 pm: CALL USP_GetCategories();
01/23/2013 01:39:10 pm: CALL USP_GetPayees();
01/23/2013 01:39:10 pm: CALL USP_GetCurrencies();
01/23/2013 01:39:10 pm: CALL USP_GetAccounts();
01/23/2013 01:39:12 pm: CALL USP_GetAccounts();
01/23/2013 01:39:12 pm: CALL USP_GetCategories2();
01/23/2013 01:39:12 pm: CALL USP_GetCurrencies();
01/23/2013 01:39:12 pm: CALL USP_GetPayees();
01/23/2013 01:39:12 pm: CALL USP_GetCategories();
01/23/2013 01:40:07 pm: CALL USP_InsertTransaction('2013-01-23','19','1','2','1','15','187','250','Benotto Road bike');
01/23/2013 01:40:07 pm: CALL USP_InsertTransaction('2013-01-23','19','1','2','1','15','187','250','Benotto Road bike');
01/23/2013 01:40:13 pm: CALL USP_GetPayees();
01/23/2013 01:40:13 pm: CALL USP_GetAccounts();
01/23/2013 01:40:13 pm: CALL USP_GetCategories();
01/23/2013 01:40:13 pm: CALL USP_GetCurrencies();
01/23/2013 01:40:13 pm: CALL USP_GetCategories2();
01/23/2013 01:40:13 pm: CALL USP_GetAccounts();
01/23/2013 01:40:13 pm: CALL USP_GetCurrencies();
01/23/2013 01:40:13 pm: CALL USP_GetCategories();
01/23/2013 01:40:13 pm: CALL USP_GetPayees();
01/23/2013 01:40:13 pm: CALL USP_GetCategories2();
01/23/2013 01:51:05 pm: CALL USP_GetCurrencies();
01/23/2013 01:51:05 pm: CALL USP_GetAccounts();
01/23/2013 01:51:05 pm: CALL USP_GetCategories();
01/23/2013 01:51:05 pm: CALL USP_GetPayees();
01/23/2013 01:51:05 pm: CALL USP_GetCategories2();
01/23/2013 01:51:13 pm: CALL USP_GetCurrencies();
01/23/2013 01:51:13 pm: CALL USP_GetAccounts();
01/23/2013 01:51:13 pm: CALL USP_GetPayees();
01/23/2013 01:51:13 pm: CALL USP_GetCategories();
01/23/2013 01:51:13 pm: CALL USP_GetCategories2();
01/23/2013 01:51:29 pm: CALL USP_InsertTransaction('2013-01-23','6','1','2','12','67','159','250','');
01/23/2013 01:51:29 pm: CALL USP_InsertTransaction('2013-01-23','6','1','2','12','67','159','250','');
01/23/2013 01:51:34 pm: CALL USP_GetCategories2();
01/23/2013 01:51:34 pm: CALL USP_GetPayees();
01/23/2013 01:51:34 pm: CALL USP_GetCategories();
01/23/2013 01:51:34 pm: CALL USP_GetCurrencies();
01/23/2013 01:51:34 pm: CALL USP_GetAccounts();
01/23/2013 01:51:38 pm: CALL USP_GetAccounts();
01/23/2013 01:51:38 pm: CALL USP_GetCategories();
01/23/2013 01:51:38 pm: CALL USP_GetCurrencies();
01/23/2013 01:51:38 pm: CALL USP_GetPayees();
01/23/2013 01:51:38 pm: CALL USP_GetCategories2();
01/23/2013 01:51:39 pm: CALL USP_GetCurrencies();
01/23/2013 01:51:39 pm: CALL USP_GetAccounts();
01/23/2013 01:51:39 pm: CALL USP_GetPayees();
01/23/2013 01:51:39 pm: CALL USP_GetCategories2();
01/23/2013 01:51:39 pm: CALL USP_GetCategories();
01/23/2013 01:51:45 pm: CALL USP_GetAccounts();
01/23/2013 01:51:45 pm: CALL USP_GetPayees();
01/23/2013 01:51:45 pm: CALL USP_GetCurrencies();
01/23/2013 01:51:45 pm: CALL USP_GetCategories();
01/23/2013 01:51:45 pm: CALL USP_GetCategories2();
01/23/2013 01:51:49 pm: CALL USP_GetCurrencies();
01/23/2013 01:51:49 pm: CALL USP_GetAccounts();
01/23/2013 01:51:49 pm: CALL USP_GetPayees();
01/23/2013 01:51:49 pm: CALL USP_GetCategories();
01/23/2013 01:51:49 pm: CALL USP_GetCategories2();
01/23/2013 01:51:50 pm: CALL USP_GetCurrencies();
01/23/2013 01:51:50 pm: CALL USP_GetAccounts();
01/23/2013 01:51:50 pm: CALL USP_GetPayees();
01/23/2013 01:51:50 pm: CALL USP_GetCategories();
01/23/2013 01:51:50 pm: CALL USP_GetCategories2();
