02/27/2013 10:22:20 pm: CALL USP_GetCurrencies();
7/2013 10:22:20 pm: CALL USP_GetCategories();
02/27/2013 10:22:20 pm: CALL USP_GetAccounts();
02/27/2013 10:22:20 pm: CALL USP_GetCategories2();
02/27/2013 10:22:57 pm: CALL USP_InsertTransaction('2013-02-27','11','1','1','2','28','12','-1.5','mail for Auré');
02/27/2013 10:22:57 pm: CALL USP_InsertTransaction('2013-02-27','11','1','1','2','28','12','-1.5','mail for Auré');
02/27/2013 10:23:17 pm: CALL USP_InsertTransaction('2013-02-27','11','1','1','7','45','8','-1.11','');
02/27/2013 10:23:17 pm: CALL USP_InsertTransaction('2013-02-27','11','1','1','7','45','8','-1.11','');
02/27/2013 10:23:48 pm: CALL USP_InsertTransaction('2013-02-27','6','1','1','2','32','184','-70.24','Europe unlimited subscription');
02/27/2013 10:23:48 pm: CALL USP_InsertTransaction('2013-02-27','6','1','1','2','32','184','-70.24','Europe unlimited subscription');
02/27/2013 10:23:53 pm: CALL USP_GetAccounts();
02/27/2013 10:23:53 pm: CALL USP_GetCurrencies();
02/27/2013 10:23:53 pm: CALL USP_GetPayees();
02/27/2013 10:23:53 pm: CALL USP_GetCategories2();
02/27/2013 10:23:53 pm: CALL USP_GetCategories();
02/27/2013 10:25:04 pm: CALL USP_GetCategories2();
02/27/2013 10:25:04 pm: CALL USP_GetCategories();
02/27/2013 10:25:04 pm: CALL USP_GetPayees();
02/27/2013 10:25:04 pm: CALL USP_GetAccounts();
02/27/2013 10:25:04 pm: CALL USP_GetCurrencies();
