01/13/2013 09:13:41 pm: CALL USP_GetAccounts();
01/13/2013 09:13:41 pm: CALL USP_GetCategories();
01/13/2013 09:13:41 pm: CALL USP_GetCurrencies();
01/13/2013 09:13:41 pm: CALL USP_GetCategories2();
01/13/2013 09:13:41 pm: CALL USP_GetPayees();
01/13/2013 09:15:35 pm: CALL USP_GetPayees();
01/13/2013 09:15:35 pm: CALL USP_GetCurrencies();
01/13/2013 09:15:35 pm: CALL USP_GetAccounts();
01/13/2013 09:15:35 pm: CALL USP_GetCategories();
01/13/2013 09:15:35 pm: CALL USP_GetCategories2();
01/13/2013 09:15:45 pm: CALL USP_GetCurrencies();
01/13/2013 09:15:45 pm: CALL USP_GetCategories();
01/13/2013 09:15:45 pm: CALL USP_GetPayees();
01/13/2013 09:15:45 pm: CALL USP_GetAccounts();
01/13/2013 09:15:45 pm: CALL USP_GetCategories2();
01/13/2013 09:16:31 pm: CALL USP_GetCurrencies();
01/13/2013 09:16:31 pm: CALL USP_GetAccounts();
01/13/2013 09:16:31 pm: CALL USP_GetCategories();
01/13/2013 09:16:31 pm: CALL USP_GetCategories2();
01/13/2013 09:16:31 pm: CALL USP_GetPayees();
01/13/2013 09:24:20 pm: CALL USP_GetCurrencies();
01/13/2013 09:24:20 pm: CALL USP_GetPayees();
01/13/2013 09:24:20 pm: CALL USP_GetAccounts();
01/13/2013 09:24:20 pm: CALL USP_GetCategories();
01/13/2013 09:24:20 pm: CALL USP_GetCategories2();
01/13/2013 09:26:28 pm: CALL USP_GetCurrencies();
01/13/2013 09:26:28 pm: CALL USP_GetCategories2();
01/13/2013 09:26:28 pm: CALL USP_GetPayees();
01/13/2013 09:26:28 pm: CALL USP_GetAccounts();
01/13/2013 09:26:28 pm: CALL USP_GetCategories();
01/13/2013 09:26:34 pm: CALL USP_GetCategories();
01/13/2013 09:26:34 pm: CALL USP_GetCurrencies();
01/13/2013 09:26:34 pm: CALL USP_GetPayees();
01/13/2013 09:26:34 pm: CALL USP_GetCategories2();
01/13/2013 09:26:34 pm: CALL USP_GetAccounts();
01/13/2013 09:27:31 pm: CALL USP_GetCurrencies();
01/13/2013 09:27:31 pm: CALL USP_GetCategories();
01/13/2013 09:27:31 pm: CALL USP_GetPayees();
01/13/2013 09:27:31 pm: CALL USP_GetCategories2();
01/13/2013 09:27:31 pm: CALL USP_GetAccounts();
01/13/2013 09:27:37 pm: CALL USP_GetCurrencies();
01/13/2013 09:27:37 pm: CALL USP_GetCategories2();
01/13/2013 09:27:37 pm: CALL USP_GetAccounts();
01/13/2013 09:27:37 pm: CALL USP_GetCategories();
01/13/2013 09:27:37 pm: CALL USP_GetPayees();
01/13/2013 09:27:55 pm: CALL USP_GetCurrencies();
01/13/2013 09:27:55 pm: CALL USP_GetAccounts();
01/13/2013 09:27:55 pm: CALL USP_GetCategories();
01/13/2013 09:27:55 pm: CALL USP_GetPayees();
01/13/2013 09:27:56 pm: CALL USP_GetCategories2();
01/13/2013 09:27:57 pm: CALL USP_GetPayees();
01/13/2013 09:27:57 pm: CALL USP_GetAccounts();
01/13/2013 09:27:57 pm: CALL USP_GetCategories();
01/13/2013 09:27:57 pm: CALL USP_GetCategories2();
01/13/2013 09:27:57 pm: CALL USP_GetCurrencies();
01/13/2013 09:27:58 pm: CALL USP_GetAccounts();
01/13/2013 09:27:58 pm: CALL USP_GetCurrencies();
01/13/2013 09:27:58 pm: CALL USP_GetPayees();
01/13/2013 09:27:58 pm: CALL USP_GetCategories2();
01/13/2013 09:27:58 pm: CALL USP_GetCategories();
01/13/2013 09:28:40 pm: CALL USP_GetCurrencies();
01/13/2013 09:28:40 pm: CALL USP_GetAccounts();
01/13/2013 09:28:40 pm: CALL USP_GetPayees();
01/13/2013 09:28:40 pm: CALL USP_GetCategories2();
01/13/2013 09:28:40 pm: CALL USP_GetCategories();
01/13/2013 09:28:52 pm: CALL USP_GetAccounts();
01/13/2013 09:28:52 pm: CALL USP_GetCurrencies();
01/13/2013 09:28:52 pm: CALL USP_GetCategories();
01/13/2013 09:28:52 pm: CALL USP_GetPayees();
01/13/2013 09:28:53 pm: CALL USP_GetCategories2();
01/13/2013 09:29:30 pm: CALL USP_GetCategories2();
01/13/2013 09:29:30 pm: CALL USP_GetCurrencies();
01/13/2013 09:29:30 pm: CALL USP_GetCategories();
01/13/2013 09:29:30 pm: CALL USP_GetPayees();
01/13/2013 09:29:30 pm: CALL USP_GetAccounts();
01/13/2013 09:30:06 pm: CALL USP_GetCurrencies();
01/13/2013 09:30:06 pm: CALL USP_GetAccounts();
01/13/2013 09:30:06 pm: CALL USP_GetCategories2();
01/13/2013 09:30:06 pm: CALL USP_GetPayees();
01/13/2013 09:30:06 pm: CALL USP_GetCategories();
01/13/2013 09:30:45 pm: CALL USP_GetCurrencies();
01/13/2013 09:30:45 pm: CALL USP_GetAccounts();
01/13/2013 09:30:45 pm: CALL USP_GetCategories2();
01/13/2013 09:30:45 pm: CALL USP_GetCategories();
01/13/2013 09:30:45 pm: CALL USP_GetPayees();
01/13/2013 09:31:00 pm: CALL USP_GetCurrencies();
01/13/2013 09:31:00 pm: CALL USP_GetAccounts();
01/13/2013 09:31:00 pm: CALL USP_GetCategories();
01/13/2013 09:31:00 pm: CALL USP_GetPayees();
01/13/2013 09:31:00 pm: CALL USP_GetCategories2();
01/13/2013 09:31:09 pm: CALL USP_GetAccounts();
01/13/2013 09:31:09 pm: CALL USP_GetCurrencies();
01/13/2013 09:31:09 pm: CALL USP_GetPayees();
01/13/2013 09:31:09 pm: CALL USP_GetCategories();
01/13/2013 09:31:09 pm: CALL USP_GetCategories2();
01/13/2013 09:31:17 pm: CALL USP_GetPayees();
01/13/2013 09:31:17 pm: CALL USP_GetAccounts();
01/13/2013 09:31:17 pm: CALL USP_GetCategories2();
01/13/2013 09:31:17 pm: CALL USP_GetCategories();
01/13/2013 09:31:17 pm: CALL USP_GetCurrencies();
01/13/2013 09:31:29 pm: CALL USP_GetCurrencies();
01/13/2013 09:31:29 pm: CALL USP_GetAccounts();
01/13/2013 09:31:29 pm: CALL USP_GetCategories();
01/13/2013 09:31:29 pm: CALL USP_GetCategories2();
01/13/2013 09:31:29 pm: CALL USP_GetPayees();
01/13/2013 09:31:56 pm: CALL USP_GetCurrencies();
01/13/2013 09:31:56 pm: CALL USP_GetCategories();
01/13/2013 09:31:56 pm: CALL USP_GetPayees();
01/13/2013 09:31:56 pm: CALL USP_GetAccounts();
01/13/2013 09:31:56 pm: CALL USP_GetCategories2();
01/13/2013 09:44:07 pm: CALL USP_GetCurrencies();
01/13/2013 09:44:07 pm: CALL USP_GetAccounts();
01/13/2013 09:44:07 pm: CALL USP_GetCategories();
01/13/2013 09:44:07 pm: CALL USP_GetCategories2();
01/13/2013 09:44:07 pm: CALL USP_GetPayees();
01/13/2013 09:52:12 pm: CALL USP_GetPayees();
01/13/2013 09:52:12 pm: CALL USP_GetCurrencies();
01/13/2013 09:52:12 pm: CALL USP_GetCategories();
01/13/2013 09:52:12 pm: CALL USP_GetAccounts();
01/13/2013 09:52:12 pm: CALL USP_GetCategories2();
01/13/2013 09:52:12 pm: CALL USP_GetAccounts();
01/13/2013 09:52:12 pm: CALL USP_GetCurrencies();
01/13/2013 09:52:12 pm: CALL USP_GetCategories();
01/13/2013 09:52:12 pm: CALL USP_GetPayees();
01/13/2013 09:52:12 pm: CALL USP_GetCategories2();
01/13/2013 09:52:13 pm: CALL USP_GetAccounts();
01/13/2013 09:52:13 pm: CALL USP_GetCurrencies();
01/13/2013 09:52:13 pm: CALL USP_GetPayees();
01/13/2013 09:52:13 pm: CALL USP_GetCategories2();
01/13/2013 09:52:13 pm: CALL USP_GetCategories();
