05/26/2013 07:28:15 am: CALL USP_GetCurrencies();
05/26/2013 07:28:15 am: CALL USP_GetAccounts();
05/26/2013 07:28:15 am: CALL USP_GetPayees();
05/26/2013 07:28:16 am: CALL USP_GetCategories();
05/26/2013 07:28:16 am: CALL USP_GetCategories2();
05/26/2013 07:28:25 am: CALL USP_GetCategories2();
05/26/2013 07:28:25 am: CALL USP_GetCategories();
05/26/2013 07:28:26 am: CALL USP_GetAccounts();
05/26/2013 07:28:26 am: CALL USP_GetCurrencies();
05/26/2013 07:28:26 am: CALL USP_GetPayees();
05/26/2013 11:14:48 am: CALL USP_GetAccounts();
05/26/2013 11:14:48 am: CALL USP_GetCurrencies();
05/26/2013 11:14:48 am: CALL USP_GetPayees();
05/26/2013 11:14:48 am: CALL USP_GetCategories();
05/26/2013 11:14:49 am: CALL USP_GetCategories2();
05/26/2013 11:15:00 am: CALL USP_GetCurrencies();
05/26/2013 11:15:00 am: CALL USP_GetCategories();
05/26/2013 11:15:00 am: CALL USP_GetAccounts();
05/26/2013 11:15:00 am: CALL USP_GetCategories2();
05/26/2013 11:15:00 am: CALL USP_GetPayees();
05/26/2013 12:08:51 pm: CALL USP_GetCurrencies();
05/26/2013 12:08:51 pm: CALL USP_GetAccounts();
05/26/2013 12:08:51 pm: CALL USP_GetCategories();
05/26/2013 12:08:51 pm: CALL USP_GetPayees();
05/26/2013 12:08:51 pm: CALL USP_GetCategories2();
05/26/2013 12:08:56 pm: CALL USP_GetCurrencies();
05/26/2013 12:08:56 pm: CALL USP_GetCategories();
05/26/2013 12:08:56 pm: CALL USP_GetCategories2();
05/26/2013 12:08:56 pm: CALL USP_GetPayees();
05/26/2013 12:08:56 pm: CALL USP_GetAccounts();
05/26/2013 05:06:12 pm: CALL USP_GetAccounts();
05/26/2013 05:06:12 pm: CALL USP_GetCategories();
05/26/2013 05:06:12 pm: CALL USP_GetPayees();
05/26/2013 05:06:12 pm: CALL USP_GetCurrencies();
05/26/2013 05:06:12 pm: CALL USP_GetCategories2();
05/26/2013 05:06:47 pm: CALL USP_InsertTransaction('2013-05-26','11','1','1','7','45','8','-7.76','');
05/26/2013 05:06:57 pm: CALL USP_InsertTransaction('2013-05-26','11','1','1','7','45','123','-16.16','');
05/26/2013 05:07:05 pm: CALL USP_GetAccounts();
05/26/2013 05:07:05 pm: CALL USP_GetCurrencies();
05/26/2013 05:07:05 pm: CALL USP_GetPayees();
05/26/2013 05:07:05 pm: CALL USP_GetCategories();
05/26/2013 05:07:05 pm: CALL USP_GetCategories2();
05/26/2013 05:12:52 pm: CALL USP_GetCurrencies();
05/26/2013 05:12:52 pm: CALL USP_GetPayees();
05/26/2013 05:12:52 pm: CALL USP_GetCategories();
05/26/2013 05:12:52 pm: CALL USP_GetAccounts();
05/26/2013 05:12:52 pm: CALL USP_GetCategories2();
05/26/2013 05:13:21 pm: CALL USP_InsertTransaction('2013-05-27','1','1','1','3','33','144','-987.05','');
05/26/2013 05:13:57 pm: CALL USP_InsertTransaction('2013-05-27','1','1','3','23','105','135','-600','');
05/26/2013 05:13:57 pm: CALL USP_InsertTransaction('2013-05-27','6','1','3','23','105','135','600','');
05/26/2013 05:17:00 pm: CALL USP_InsertTransaction('2013-05-26','1','1','3','23','124','135','-150','');
05/26/2013 05:17:00 pm: CALL USP_InsertTransaction('2013-05-26','17','1','3','23','124','135','150','');
05/26/2013 05:17:47 pm: CALL USP_InsertTransaction('2013-05-24','1','1','2','12','70','200','2132.09','');
05/26/2013 05:17:50 pm: CALL USP_GetAccounts();
05/26/2013 05:17:50 pm: CALL USP_GetCurrencies();
05/26/2013 05:17:50 pm: CALL USP_GetCategories();
05/26/2013 05:17:50 pm: CALL USP_GetCategories2();
05/26/2013 05:17:50 pm: CALL USP_GetPayees();
05/26/2013 05:20:02 pm: CALL USP_GetAccounts();
05/26/2013 05:20:02 pm: CALL USP_GetCurrencies();
05/26/2013 05:20:02 pm: CALL USP_GetCategories();
05/26/2013 05:20:02 pm: CALL USP_GetCategories2();
05/26/2013 05:20:02 pm: CALL USP_GetPayees();
05/26/2013 05:20:06 pm: CALL USP_GetCurrencies();
05/26/2013 05:20:06 pm: CALL USP_GetAccounts();
05/26/2013 05:20:06 pm: CALL USP_GetCategories();
05/26/2013 05:20:06 pm: CALL USP_GetPayees();
05/26/2013 05:20:06 pm: CALL USP_GetCategories2();
05/26/2013 05:20:39 pm: CALL USP_GetPayees();
05/26/2013 05:20:39 pm: CALL USP_GetCategories();
05/26/2013 05:20:39 pm: CALL USP_GetAccounts();
05/26/2013 05:20:39 pm: CALL USP_GetCurrencies();
05/26/2013 05:20:39 pm: CALL USP_GetCategories2();
05/26/2013 05:21:06 pm: CALL USP_GetAccounts();
05/26/2013 05:21:06 pm: CALL USP_GetCurrencies();
05/26/2013 05:21:06 pm: CALL USP_GetCategories();
05/26/2013 05:21:06 pm: CALL USP_GetCategories2();
05/26/2013 05:21:06 pm: CALL USP_GetPayees();
05/26/2013 05:28:47 pm: CALL USP_GetAccounts();
05/26/2013 05:28:47 pm: CALL USP_GetCurrencies();
05/26/2013 05:28:47 pm: CALL USP_GetPayees();
05/26/2013 05:28:47 pm: CALL USP_GetCategories2();
05/26/2013 05:28:47 pm: CALL USP_GetCategories();
05/26/2013 05:29:30 pm: CALL USP_InsertTransaction('2013-05-16','6','1','3','23','110','135','-400','');
05/26/2013 05:29:30 pm: CALL USP_InsertTransaction('2013-05-16','11','1','3','23','110','135','400','');
05/26/2013 05:29:49 pm: CALL USP_InsertTransaction('2013-05-20','11','1','1','3','35','144','-250','');
05/26/2013 05:29:52 pm: CALL USP_GetAccounts();
05/26/2013 05:29:52 pm: CALL USP_GetCurrencies();
05/26/2013 05:29:52 pm: CALL USP_GetCategories();
05/26/2013 05:29:52 pm: CALL USP_GetPayees();
05/26/2013 05:29:52 pm: CALL USP_GetCategories2();
05/26/2013 05:30:27 pm: CALL USP_GetAccounts();
05/26/2013 05:30:27 pm: CALL USP_GetCurrencies();
05/26/2013 05:30:27 pm: CALL USP_GetPayees();
05/26/2013 05:30:27 pm: CALL USP_GetCategories2();
05/26/2013 05:30:27 pm: CALL USP_GetCategories();
05/26/2013 05:30:34 pm: CALL USP_GetPayees();
05/26/2013 05:30:34 pm: CALL USP_GetCategories();
05/26/2013 05:30:34 pm: CALL USP_GetCategories2();
05/26/2013 05:30:34 pm: CALL USP_GetAccounts();
05/26/2013 05:30:34 pm: CALL USP_GetCurrencies();
05/26/2013 05:30:43 pm: CALL USP_GetAccounts();
05/26/2013 05:30:43 pm: CALL USP_GetCurrencies();
05/26/2013 05:30:43 pm: CALL USP_GetPayees();
05/26/2013 05:30:43 pm: CALL USP_GetCategories();
05/26/2013 05:30:44 pm: CALL USP_GetCategories2();
05/26/2013 05:31:04 pm: CALL USP_GetCurrencies();
05/26/2013 05:31:04 pm: CALL USP_GetAccounts();
05/26/2013 05:31:04 pm: CALL USP_GetCategories();
05/26/2013 05:31:04 pm: CALL USP_GetCategories2();
05/26/2013 05:31:04 pm: CALL USP_GetPayees();
05/26/2013 05:31:07 pm: CALL USP_GetAccounts();
05/26/2013 05:31:07 pm: CALL USP_GetCurrencies();
05/26/2013 05:31:07 pm: CALL USP_GetCategories();
05/26/2013 05:31:07 pm: CALL USP_GetPayees();
05/26/2013 05:31:07 pm: CALL USP_GetCategories2();
05/26/2013 05:33:45 pm: CALL USP_GetCurrencies();
05/26/2013 05:33:45 pm: CALL USP_GetAccounts();
05/26/2013 05:33:45 pm: CALL USP_GetPayees();
05/26/2013 05:33:45 pm: CALL USP_GetCategories();
05/26/2013 05:33:45 pm: CALL USP_GetCategories2();
05/26/2013 05:34:22 pm: CALL USP_InsertTransaction('2013-05-21','13','1','1','24','117','63','-2.45','');
05/26/2013 05:34:24 pm: CALL USP_GetAccounts();
05/26/2013 05:34:24 pm: CALL USP_GetCurrencies();
05/26/2013 05:34:24 pm: CALL USP_GetCategories();
05/26/2013 05:34:24 pm: CALL USP_GetPayees();
05/26/2013 05:34:24 pm: CALL USP_GetCategories2();
05/26/2013 05:58:02 pm: CALL USP_GetCurrencies();
05/26/2013 05:58:02 pm: CALL USP_GetPayees();
05/26/2013 05:58:02 pm: CALL USP_GetAccounts();
05/26/2013 05:58:02 pm: CALL USP_GetCategories();
05/26/2013 05:58:03 pm: CALL USP_GetCategories2();
05/26/2013 05:58:15 pm: CALL USP_GetCurrencies();
05/26/2013 05:58:15 pm: CALL USP_GetAccounts();
05/26/2013 05:58:15 pm: CALL USP_GetPayees();
05/26/2013 05:58:15 pm: CALL USP_GetCategories();
05/26/2013 05:58:15 pm: CALL USP_GetCategories2();
05/26/2013 10:19:21 pm: CALL USP_GetAccounts();
05/26/2013 10:19:21 pm: CALL USP_GetCurrencies();
05/26/2013 10:19:21 pm: CALL USP_GetPayees();
05/26/2013 10:19:21 pm: CALL USP_GetCategories();
05/26/2013 10:19:21 pm: CALL USP_GetCategories2();
05/26/2013 10:19:34 pm: CALL USP_GetAccounts();
05/26/2013 10:19:34 pm: CALL USP_GetPayees();
05/26/2013 10:19:34 pm: CALL USP_GetCurrencies();
05/26/2013 10:19:34 pm: CALL USP_GetCategories();
05/26/2013 10:19:34 pm: CALL USP_GetCategories2();
