02/03/2013 03:04:10 pm: CALL USP_GetPayees();
02/03/2013 03:04:10 pm: CALL USP_GetCategories();
02/03/2013 03:04:10 pm: CALL USP_GetCategories2();
02/03/2013 03:04:10 pm: CALL USP_GetCurrencies();
02/03/2013 03:04:10 pm: CALL USP_GetAccounts();
02/03/2013 03:04:13 pm: CALL USP_GetCategories();
02/03/2013 03:04:13 pm: CALL USP_GetAccounts();
02/03/2013 03:04:13 pm: CALL USP_GetCurrencies();
02/03/2013 03:04:13 pm: CALL USP_GetCategories2();
02/03/2013 03:04:13 pm: CALL USP_GetPayees();
02/03/2013 03:04:15 pm: CALL USP_GetCurrencies();
02/03/2013 03:04:15 pm: CALL USP_GetAccounts();
02/03/2013 03:04:15 pm: CALL USP_GetPayees();
02/03/2013 03:04:15 pm: CALL USP_GetCategories();
02/03/2013 03:04:15 pm: CALL USP_GetCategories2();
02/03/2013 03:04:15 pm: CALL USP_GetAccounts();
02/03/2013 03:04:15 pm: CALL USP_GetCurrencies();
02/03/2013 03:04:15 pm: CALL USP_GetCategories();
02/03/2013 03:04:15 pm: CALL USP_GetPayees();
02/03/2013 03:04:15 pm: CALL USP_GetCategories2();
02/03/2013 07:21:25 pm: CALL USP_GetAccounts();
02/03/2013 07:21:25 pm: CALL USP_GetCurrencies();
02/03/2013 07:21:25 pm: CALL USP_GetCategories2();
02/03/2013 07:21:25 pm: CALL USP_GetPayees();
02/03/2013 07:21:25 pm: CALL USP_GetCategories();
02/03/2013 08:46:15 pm: CALL USP_InsertTransaction('2013-02-03','11','1','1','7','45','8','-12.07.','');
02/03/2013 08:46:15 pm: CALL USP_InsertTransaction('2013-02-03','11','1','1','7','45','8','-12.07.','');
02/03/2013 08:56:30 pm: CALL USP_InsertTransaction('2013-02-03','11','1','1','7','45','8','-6.29','');
02/03/2013 08:56:30 pm: CALL USP_InsertTransaction('2013-02-03','11','1','1','7','45','8','-6.29','');
02/03/2013 08:56:58 pm: CALL USP_InsertTransaction('2013-02-03','11','1','1','5','39','8','-4.99','Cook book');
02/03/2013 08:56:58 pm: CALL USP_InsertTransaction('2013-02-03','11','1','1','5','39','8','-4.99','Cook book');
02/03/2013 08:57:09 pm: CALL USP_InsertTransaction('2013-02-03','11','1','1','11','59','8','-.79','seeds');
02/03/2013 08:57:09 pm: CALL USP_InsertTransaction('2013-02-03','11','1','1','11','59','8','-.79','seeds');
02/03/2013 08:58:29 pm: CALL USP_GetAccounts();
02/03/2013 08:58:29 pm: CALL USP_GetCategories();
02/03/2013 08:58:29 pm: CALL USP_GetCategories2();
02/03/2013 08:58:29 pm: CALL USP_GetCurrencies();
02/03/2013 08:58:29 pm: CALL USP_GetPayees();
02/03/2013 09:27:10 pm: CALL USP_GetAccounts();
02/03/2013 09:27:10 pm: CALL USP_GetCurrencies();
02/03/2013 09:27:10 pm: CALL USP_GetCategories();
02/03/2013 09:27:10 pm: CALL USP_GetPayees();
02/03/2013 09:27:10 pm: CALL USP_GetCategories2();
02/03/2013 09:27:26 pm: CALL USP_GetAccounts();
02/03/2013 09:27:26 pm: CALL USP_GetCurrencies();
02/03/2013 09:27:26 pm: CALL USP_GetCategories();
02/03/2013 09:27:26 pm: CALL USP_GetPayees();
02/03/2013 09:27:26 pm: CALL USP_GetCategories2();
02/03/2013 09:32:33 pm: CALL USP_GetCurrencies();
02/03/2013 09:32:33 pm: CALL USP_GetAccounts();
02/03/2013 09:32:33 pm: CALL USP_GetCategories2();
02/03/2013 09:32:33 pm: CALL USP_GetCategories();
02/03/2013 09:32:33 pm: CALL USP_GetPayees();
