05/08/2013 06:44:49 pm: CALL USP_GetAccounts();
05/08/2013 06:44:49 pm: CALL USP_GetCurrencies();
05/08/2013 06:44:49 pm: CALL USP_GetPayees();
05/08/2013 06:44:49 pm: CALL USP_GetCategories();
05/08/2013 06:44:50 pm: CALL USP_GetCategories2();
05/08/2013 06:44:54 pm: CALL USP_GetAccounts();
05/08/2013 06:44:54 pm: CALL USP_GetPayees();
05/08/2013 06:44:54 pm: CALL USP_GetCurrencies();
05/08/2013 06:44:54 pm: CALL USP_GetCategories();
05/08/2013 06:44:55 pm: CALL USP_GetCategories2();
05/08/2013 06:47:15 pm: CALL USP_GetPayees();
05/08/2013 06:47:16 pm: CALL USP_GetCategories();
05/08/2013 06:47:16 pm: CALL USP_GetCategories2();
05/08/2013 06:47:16 pm: CALL USP_GetAccounts();
05/08/2013 06:47:16 pm: CALL USP_GetCurrencies();
05/08/2013 07:21:11 pm: CALL USP_GetCategories();
05/08/2013 07:21:11 pm: CALL USP_GetAccounts();
05/08/2013 07:21:11 pm: CALL USP_GetPayees();
05/08/2013 07:21:11 pm: CALL USP_GetCurrencies();
05/08/2013 07:21:11 pm: CALL USP_GetCategories2();
05/08/2013 07:24:44 pm: CALL USP_GetCurrencies();
05/08/2013 07:24:44 pm: CALL USP_GetAccounts();
05/08/2013 07:24:44 pm: CALL USP_GetCategories();
05/08/2013 07:24:44 pm: CALL USP_GetCategories2();
05/08/2013 07:24:44 pm: CALL USP_GetPayees();
05/08/2013 07:25:14 pm: CALL USP_InsertTransaction('2013-05-06','6','1','1','5','39','228','-14.64','The Total Money Makeover: A Proven Plan for Financial Fitness');
05/08/2013 07:26:05 pm: CALL USP_InsertTransaction('2013-05-03','6','1','1','24','116','103','-21.1','Lyon hotel booking');
05/08/2013 07:26:09 pm: CALL USP_GetAccounts();
05/08/2013 07:26:09 pm: CALL USP_GetCurrencies();
05/08/2013 07:26:09 pm: CALL USP_GetPayees();
05/08/2013 07:26:09 pm: CALL USP_GetCategories2();
05/08/2013 07:26:09 pm: CALL USP_GetCategories();
