05/13/2013 09:01:39 pm: CALL USP_GetAccounts();
05/13/2013 09:01:39 pm: CALL USP_GetCurrencies();
05/13/2013 09:01:39 pm: CALL USP_GetCategories();
05/13/2013 09:01:39 pm: CALL USP_GetPayees();
05/13/2013 09:01:41 pm: CALL USP_GetCategories2();
05/13/2013 10:36:27 pm: CALL USP_GetCategories();
05/13/2013 10:36:27 pm: CALL USP_GetCurrencies();
05/13/2013 10:36:27 pm: CALL USP_GetPayees();
05/13/2013 10:36:27 pm: CALL USP_GetCategories2();
05/13/2013 10:36:27 pm: CALL USP_GetAccounts();
05/13/2013 10:37:07 pm: CALL USP_InsertTransaction('2013-05-13','18','1','1','24','122','187','-7','Tram/bus geneva');
05/13/2013 10:38:44 pm: CALL USP_InsertTransaction('2013-05-13','18','1','1','24','118','123','-18.25','');
05/13/2013 10:39:12 pm: CALL USP_InsertTransaction('2013-05-13','18','1','1','24','121','186','-15','');
05/13/2013 10:39:37 pm: CALL USP_InsertTransaction('2013-05-13','18','1','1','24','118','123','-8.1','');
05/13/2013 10:39:56 pm: CALL USP_GetPayees();
05/13/2013 10:39:56 pm: CALL USP_GetCategories();
05/13/2013 10:39:56 pm: CALL USP_GetCurrencies();
05/13/2013 10:39:56 pm: CALL USP_GetCategories2();
05/13/2013 10:39:56 pm: CALL USP_GetAccounts();
05/13/2013 10:40:03 pm: CALL USP_GetCurrencies();
05/13/2013 10:40:03 pm: CALL USP_GetCategories();
05/13/2013 10:40:03 pm: CALL USP_GetAccounts();
05/13/2013 10:40:03 pm: CALL USP_GetPayees();
05/13/2013 10:40:03 pm: CALL USP_GetCategories2();
