03/27/2013 08:43:48 pm: CALL USP_GetCategories();
03/27/2013 08:43:48 pm: CALL USP_GetCurrencies();
03/27/2013 08:43:48 pm: CALL USP_GetCategories2();
03/27/2013 08:43:48 pm: CALL USP_GetPayees();
03/27/2013 08:43:48 pm: CALL USP_GetAccounts();
03/27/2013 08:44:51 pm: CALL USP_InsertTransaction('2013-03-27','18','1','1','29','128','123','-6.55','');
03/27/2013 08:44:51 pm: CALL USP_InsertTransaction('2013-03-27','18','1','1','29','128','123','-6.55','');
03/27/2013 08:44:55 pm: CALL USP_GetAccounts();
03/27/2013 08:44:55 pm: CALL USP_GetCurrencies();
03/27/2013 08:44:55 pm: CALL USP_GetPayees();
03/27/2013 08:44:55 pm: CALL USP_GetCategories();
03/27/2013 08:44:55 pm: CALL USP_GetCategories2();
03/27/2013 08:49:13 pm: CALL USP_InsertTransaction('2013-03-27','11','1','1','7','45','101','-11.24','');
03/27/2013 08:49:13 pm: CALL USP_InsertTransaction('2013-03-27','11','1','1','7','45','101','-11.24','');
03/27/2013 08:49:33 pm: CALL USP_InsertTransaction('2013-03-27','11','1','1','7','45','8','-8.79','');
03/27/2013 08:49:33 pm: CALL USP_InsertTransaction('2013-03-27','11','1','1','7','45','8','-8.79','');
03/27/2013 08:49:40 pm: CALL USP_InsertTransaction('2013-03-27','11','1','1','7','45','8','-9.89','');
03/27/2013 08:49:40 pm: CALL USP_InsertTransaction('2013-03-27','11','1','1','7','45','8','-9.89','');
03/27/2013 08:49:51 pm: CALL USP_InsertTransaction('2013-03-27','11','1','1','7','45','123','-6.96','');
03/27/2013 08:49:51 pm: CALL USP_InsertTransaction('2013-03-27','11','1','1','7','45','123','-6.96','');
03/27/2013 08:50:02 pm: CALL USP_InsertTransaction('2013-03-27','11','1','1','7','45','154','-2.96','');
03/27/2013 08:50:02 pm: CALL USP_InsertTransaction('2013-03-27','11','1','1','7','45','154','-2.96','');
03/27/2013 08:50:24 pm: CALL USP_GetCurrencies();
03/27/2013 08:50:24 pm: CALL USP_GetAccounts();
03/27/2013 08:50:24 pm: CALL USP_GetPayees();
03/27/2013 08:50:24 pm: CALL USP_GetCategories();
03/27/2013 08:50:24 pm: CALL USP_GetCategories2();
03/27/2013 08:51:00 pm: CALL USP_InsertTransaction('2013-03-25','1','1','2','2','20','210','70.6','');
03/27/2013 08:51:00 pm: CALL USP_InsertTransaction('2013-03-25','1','1','2','2','20','210','70.6','');
03/27/2013 08:54:25 pm: CALL USP_GetAccounts();
03/27/2013 08:54:25 pm: CALL USP_GetPayees();
03/27/2013 08:54:25 pm: CALL USP_GetCurrencies();
03/27/2013 08:54:25 pm: CALL USP_GetCategories();
03/27/2013 08:54:25 pm: CALL USP_GetCategories2();
03/27/2013 08:56:40 pm: CALL USP_GetCurrencies();
03/27/2013 08:56:40 pm: CALL USP_GetAccounts();
03/27/2013 08:56:40 pm: CALL USP_GetPayees();
03/27/2013 08:56:40 pm: CALL USP_GetCategories();
03/27/2013 08:56:40 pm: CALL USP_GetCategories2();
