04/07/2013 08:37:35 am: CALL USP_GetCategories();
04/07/2013 08:37:35 am: CALL USP_GetCategories2();
04/07/2013 08:37:35 am: CALL USP_GetAccounts();
04/07/2013 08:37:35 am: CALL USP_GetCurrencies();
04/07/2013 08:37:35 am: CALL USP_GetPayees();
04/07/2013 08:39:17 am: CALL USP_InsertTransaction('2013-04-05','11','1','1','9','51','101','-15.25','tea tree oil, baking soda');
04/07/2013 08:39:17 am: CALL USP_InsertTransaction('2013-04-05','11','1','1','9','51','101','-15.25','tea tree oil, baking soda');
04/07/2013 08:39:45 am: CALL USP_InsertTransaction('2013-04-05','11','1','1','7','45','101','-4.14','');
04/07/2013 08:39:45 am: CALL USP_InsertTransaction('2013-04-05','11','1','1','7','45','101','-4.14','');
04/07/2013 08:41:03 am: CALL USP_InsertTransaction('2013-04-05','11','1','1','7','45','99','-15.47','');
04/07/2013 08:41:03 am: CALL USP_InsertTransaction('2013-04-05','11','1','1','7','45','99','-15.47','');
04/07/2013 08:41:26 am: CALL USP_InsertTransaction('2013-04-05','11','1','1','9','51','99','-15.47','coconut oil');
04/07/2013 08:41:26 am: CALL USP_InsertTransaction('2013-04-05','11','1','1','9','51','99','-15.47','coconut oil');
04/07/2013 08:42:05 am: CALL USP_InsertTransaction('2013-04-05','11','1','1','11','61','68','-29.99','water filter jug');
04/07/2013 08:42:05 am: CALL USP_InsertTransaction('2013-04-05','11','1','1','11','61','68','-29.99','water filter jug');
04/07/2013 08:43:05 am: CALL USP_GetAccounts();
04/07/2013 08:43:05 am: CALL USP_GetCategories();
04/07/2013 08:43:06 am: CALL USP_GetCurrencies();
04/07/2013 08:43:06 am: CALL USP_GetPayees();
04/07/2013 08:43:06 am: CALL USP_GetCategories2();
04/07/2013 08:43:24 am: CALL USP_GetCurrencies();
04/07/2013 08:43:24 am: CALL USP_GetAccounts();
04/07/2013 08:43:24 am: CALL USP_GetPayees();
04/07/2013 08:43:24 am: CALL USP_GetCategories();
04/07/2013 08:43:24 am: CALL USP_GetCategories2();
04/07/2013 08:44:45 am: CALL USP_GetAccounts();
04/07/2013 08:44:45 am: CALL USP_GetCurrencies();
04/07/2013 08:44:45 am: CALL USP_GetPayees();
04/07/2013 08:44:45 am: CALL USP_GetCategories();
04/07/2013 08:44:45 am: CALL USP_GetCategories2();
04/07/2013 08:45:21 am: CALL USP_InsertTransaction('2013-04-01','1','1','3','23','135','135','-100','');
04/07/2013 08:45:21 am: CALL USP_InsertTransaction('2013-04-01','1','1','3','23','135','135','-100','');
04/07/2013 08:45:21 am: CALL USP_InsertTransaction('2013-04-01','1','1','3','23','135','135','100','');
04/07/2013 08:45:21 am: CALL USP_InsertTransaction('2013-04-01','1','1','3','23','135','135','100','');
04/07/2013 08:45:32 am: CALL USP_InsertTransaction('2013-04-01','1','1','3','23','135','135','-796.52','');
04/07/2013 08:45:32 am: CALL USP_InsertTransaction('2013-04-01','1','1','3','23','135','135','-796.52','');
04/07/2013 08:45:32 am: CALL USP_InsertTransaction('2013-04-01','1','1','3','23','135','135','796.52','');
04/07/2013 08:45:32 am: CALL USP_InsertTransaction('2013-04-01','1','1','3','23','135','135','796.52','');
04/07/2013 08:46:15 am: CALL USP_InsertTransaction('2013-04-01','1','1','1','2','20','25','-211.79','');
04/07/2013 08:46:15 am: CALL USP_InsertTransaction('2013-04-01','1','1','1','2','20','25','-211.79','');
04/07/2013 08:47:27 am: CALL USP_InsertTransaction('2013-04-01','1','1','3','23','124','135','-150','');
04/07/2013 08:47:27 am: CALL USP_InsertTransaction('2013-04-01','1','1','3','23','124','135','-150','');
04/07/2013 08:47:27 am: CALL USP_InsertTransaction('2013-04-01','17','1','3','23','124','135','150','');
04/07/2013 08:47:27 am: CALL USP_InsertTransaction('2013-04-01','17','1','3','23','124','135','150','');
04/07/2013 08:48:32 am: CALL USP_InsertTransaction('2013-04-01','1','1','2','2','20','142','70.6','');
04/07/2013 08:48:32 am: CALL USP_InsertTransaction('2013-04-01','1','1','2','2','20','142','70.6','');
04/07/2013 08:48:40 am: CALL USP_GetAccounts();
04/07/2013 08:48:40 am: CALL USP_GetCurrencies();
04/07/2013 08:48:40 am: CALL USP_GetCategories2();
04/07/2013 08:48:40 am: CALL USP_GetCategories();
04/07/2013 08:48:40 am: CALL USP_GetPayees();
04/07/2013 08:49:37 am: CALL USP_GetCurrencies();
04/07/2013 08:49:37 am: CALL USP_GetAccounts();
04/07/2013 08:49:37 am: CALL USP_GetPayees();
04/07/2013 08:49:37 am: CALL USP_GetCategories2();
04/07/2013 08:49:37 am: CALL USP_GetCategories();
04/07/2013 08:51:59 am: CALL USP_GetAccounts();
04/07/2013 08:51:59 am: CALL USP_GetCategories2();
04/07/2013 08:51:59 am: CALL USP_GetPayees();
04/07/2013 08:51:59 am: CALL USP_GetCurrencies();
04/07/2013 08:51:59 am: CALL USP_GetCategories();
04/07/2013 08:55:21 am: CALL USP_InsertTransaction('2013-04-04','17','1','1','1','16','208','-6.66','Green Oil Ecological Chain Lube');
04/07/2013 08:55:21 am: CALL USP_InsertTransaction('2013-04-04','17','1','1','1','16','208','-6.66','Green Oil Ecological Chain Lube');
04/07/2013 08:55:46 am: CALL USP_InsertTransaction('2013-04-04','17','1','1','1','15','208','-79.31','3 x KMC X10-L Silver 10 Speed Chain');
04/07/2013 08:55:46 am: CALL USP_InsertTransaction('2013-04-04','17','1','1','1','15','208','-79.31','3 x KMC X10-L Silver 10 Speed Chain');
04/07/2013 08:56:44 am: CALL USP_InsertTransaction('2013-04-04','17','1','1','1','15','208','-7.81','2 x Transfil Shimano Road Brake Cable Inner, 2 x Transfil Gear Cable Inner');
04/07/2013 08:56:45 am: CALL USP_InsertTransaction('2013-04-04','17','1','1','1','15','208','-7.81','2 x Transfil Shimano Road Brake Cable Inner, 2 x Transfil Gear Cable Inner');
04/07/2013 08:56:50 am: CALL USP_GetCategories();
04/07/2013 08:56:50 am: CALL USP_GetPayees();
04/07/2013 08:56:50 am: CALL USP_GetCategories2();
04/07/2013 08:56:50 am: CALL USP_GetCurrencies();
04/07/2013 08:56:50 am: CALL USP_GetAccounts();
04/07/2013 08:58:08 am: CALL USP_GetCategories();
04/07/2013 08:58:08 am: CALL USP_GetAccounts();
04/07/2013 08:58:08 am: CALL USP_GetPayees();
04/07/2013 08:58:08 am: CALL USP_GetCurrencies();
04/07/2013 08:58:08 am: CALL USP_GetCategories2();
04/07/2013 08:58:10 am: CALL USP_GetCurrencies();
04/07/2013 08:58:10 am: CALL USP_GetAccounts();
04/07/2013 08:58:10 am: CALL USP_GetCategories2();
04/07/2013 08:58:10 am: CALL USP_GetCategories();
04/07/2013 08:58:10 am: CALL USP_GetPayees();
04/07/2013 08:58:13 am: CALL USP_GetCurrencies();
04/07/2013 08:58:13 am: CALL USP_GetAccounts();
04/07/2013 08:58:13 am: CALL USP_GetCategories();
04/07/2013 08:58:13 am: CALL USP_GetPayees();
04/07/2013 08:58:13 am: CALL USP_GetCategories2();
04/07/2013 08:58:20 am: CALL USP_GetCurrencies();
04/07/2013 08:58:20 am: CALL USP_GetAccounts();
04/07/2013 08:58:20 am: CALL USP_GetPayees();
04/07/2013 08:58:20 am: CALL USP_GetCategories();
04/07/2013 08:58:20 am: CALL USP_GetCategories2();
04/07/2013 08:58:40 am: CALL USP_GetCategories();
04/07/2013 08:58:40 am: CALL USP_GetPayees();
04/07/2013 08:58:40 am: CALL USP_GetCategories2();
04/07/2013 08:58:40 am: CALL USP_GetCurrencies();
04/07/2013 08:58:40 am: CALL USP_GetAccounts();
04/07/2013 08:58:50 am: CALL USP_GetCategories();
04/07/2013 08:58:51 am: CALL USP_GetPayees();
04/07/2013 08:58:51 am: CALL USP_GetAccounts();
04/07/2013 08:58:51 am: CALL USP_GetCategories2();
04/07/2013 08:58:51 am: CALL USP_GetCurrencies();
04/07/2013 08:59:31 am: CALL USP_GetCurrencies();
04/07/2013 08:59:31 am: CALL USP_GetCategories();
04/07/2013 08:59:31 am: CALL USP_GetCategories2();
04/07/2013 08:59:31 am: CALL USP_GetPayees();
04/07/2013 08:59:31 am: CALL USP_GetAccounts();
04/07/2013 09:00:08 am: CALL USP_InsertTransaction('2013-04-02','2','1','2','12','65','6','79.65','');
04/07/2013 09:00:08 am: CALL USP_InsertTransaction('2013-04-02','2','1','2','12','65','6','79.65','');
04/07/2013 09:00:23 am: CALL USP_InsertTransaction('2013-04-02','5','1','2','12','65','6','.54','');
04/07/2013 09:00:23 am: CALL USP_InsertTransaction('2013-04-02','5','1','2','12','65','6','.54','');
04/07/2013 09:00:42 am: CALL USP_InsertTransaction('2013-04-02','3','1','2','12','65','6','23.58','');
04/07/2013 09:00:42 am: CALL USP_InsertTransaction('2013-04-02','3','1','2','12','65','6','23.58','');
04/07/2013 09:00:59 am: CALL USP_InsertTransaction('2013-04-02','3','1','2','12','65','6','78.63','');
04/07/2013 09:00:59 am: CALL USP_InsertTransaction('2013-04-02','3','1','2','12','65','6','78.63','');
04/07/2013 09:01:15 am: CALL USP_InsertTransaction('2013-04-02','4','1','2','12','65','6','22.32','');
04/07/2013 09:01:15 am: CALL USP_InsertTransaction('2013-04-02','4','1','2','12','65','6','22.32','');
04/07/2013 09:01:28 am: CALL USP_InsertTransaction('2013-04-02','27','1','2','12','65','6','3.48','');
04/07/2013 09:01:28 am: CALL USP_InsertTransaction('2013-04-02','27','1','2','12','65','6','3.48','');
04/07/2013 09:02:18 am: CALL USP_InsertTransaction('2013-04-02','9','1','2','28','126','135','21','');
04/07/2013 09:02:18 am: CALL USP_InsertTransaction('2013-04-02','9','1','2','28','126','135','21','');
04/07/2013 09:02:28 am: CALL USP_InsertTransaction('2013-04-02','10','1','2','29','127','135','21','');
04/07/2013 09:02:28 am: CALL USP_InsertTransaction('2013-04-02','10','1','2','29','127','135','21','');
04/07/2013 09:02:45 am: CALL USP_InsertTransaction('2013-04-02','16','1','2','3','35','135','2.1','');
04/07/2013 09:02:45 am: CALL USP_InsertTransaction('2013-04-02','16','1','2','3','35','135','2.1','');
04/07/2013 09:02:51 am: CALL USP_GetAccounts();
04/07/2013 09:02:51 am: CALL USP_GetCategories();
04/07/2013 09:02:51 am: CALL USP_GetPayees();
04/07/2013 09:02:51 am: CALL USP_GetCurrencies();
04/07/2013 09:02:51 am: CALL USP_GetCategories2();
04/07/2013 09:06:00 am: CALL USP_GetAccounts();
04/07/2013 09:06:00 am: CALL USP_GetCategories();
04/07/2013 09:06:00 am: CALL USP_GetCurrencies();
04/07/2013 09:06:00 am: CALL USP_GetPayees();
04/07/2013 09:06:00 am: CALL USP_GetCategories2();
04/07/2013 09:06:24 am: CALL USP_InsertTransaction('2013-04-07','17','1','1','25','123','135','-8.64','Rebalance account');
04/07/2013 09:06:24 am: CALL USP_InsertTransaction('2013-04-07','17','1','1','25','123','135','-8.64','Rebalance account');
04/07/2013 09:06:28 am: CALL USP_GetAccounts();
04/07/2013 09:06:28 am: CALL USP_GetCategories();
04/07/2013 09:06:28 am: CALL USP_GetCategories2();
04/07/2013 09:06:28 am: CALL USP_GetPayees();
04/07/2013 09:06:28 am: CALL USP_GetCurrencies();
04/07/2013 09:06:32 am: CALL USP_GetAccounts();
04/07/2013 09:06:32 am: CALL USP_GetCurrencies();
04/07/2013 09:06:32 am: CALL USP_GetPayees();
04/07/2013 09:06:32 am: CALL USP_GetCategories();
04/07/2013 09:06:32 am: CALL USP_GetCategories2();
04/07/2013 09:07:11 am: CALL USP_GetAccounts();
04/07/2013 09:07:11 am: CALL USP_GetCurrencies();
04/07/2013 09:07:11 am: CALL USP_GetPayees();
04/07/2013 09:07:11 am: CALL USP_GetCategories();
04/07/2013 09:07:11 am: CALL USP_GetCategories2();
04/07/2013 09:07:14 am: CALL USP_GetAccounts();
04/07/2013 09:07:14 am: CALL USP_GetCurrencies();
04/07/2013 09:07:14 am: CALL USP_GetPayees();
04/07/2013 09:07:14 am: CALL USP_GetCategories();
04/07/2013 09:07:14 am: CALL USP_GetCategories2();
04/07/2013 09:14:51 am: CALL USP_GetCurrencies();
04/07/2013 09:14:51 am: CALL USP_GetAccounts();
04/07/2013 09:14:51 am: CALL USP_GetPayees();
04/07/2013 09:14:51 am: CALL USP_GetCategories();
04/07/2013 09:14:51 am: CALL USP_GetCategories2();
04/07/2013 09:15:07 am: CALL USP_GetCurrencies();
04/07/2013 09:15:07 am: CALL USP_GetPayees();
04/07/2013 09:15:07 am: CALL USP_GetCategories();
04/07/2013 09:15:07 am: CALL USP_GetAccounts();
04/07/2013 09:15:08 am: CALL USP_GetCategories2();
04/07/2013 09:15:32 am: CALL USP_InsertTransaction('2013-04-07','1','1','1','25','123','135','-1.1','Rebalance account');
04/07/2013 09:15:32 am: CALL USP_InsertTransaction('2013-04-07','1','1','1','25','123','135','-1.1','Rebalance account');
04/07/2013 09:15:35 am: CALL USP_GetAccounts();
04/07/2013 09:15:35 am: CALL USP_GetPayees();
04/07/2013 09:15:35 am: CALL USP_GetCategories();
04/07/2013 09:15:35 am: CALL USP_GetCategories2();
04/07/2013 09:15:35 am: CALL USP_GetCurrencies();
04/07/2013 09:16:22 am: CALL USP_GetAccounts();
04/07/2013 09:16:22 am: CALL USP_GetCurrencies();
04/07/2013 09:16:22 am: CALL USP_GetCategories2();
04/07/2013 09:16:22 am: CALL USP_GetPayees();
04/07/2013 09:16:22 am: CALL USP_GetCategories();
04/07/2013 09:16:24 am: CALL USP_GetCategories2();
04/07/2013 09:16:24 am: CALL USP_GetAccounts();
04/07/2013 09:16:24 am: CALL USP_GetCategories();
04/07/2013 09:16:24 am: CALL USP_GetCurrencies();
04/07/2013 09:16:24 am: CALL USP_GetPayees();
04/07/2013 10:41:36 am: CALL USP_GetAccounts();
04/07/2013 10:41:36 am: CALL USP_GetPayees();
04/07/2013 10:41:36 am: CALL USP_GetCurrencies();
04/07/2013 10:41:36 am: CALL USP_GetCategories();
04/07/2013 10:41:36 am: CALL USP_GetCategories2();
04/07/2013 10:42:06 am: CALL USP_InsertTransaction('2013-04-07','17','1','1','11','61','72','-24.99','food blender');
04/07/2013 10:42:06 am: CALL USP_InsertTransaction('2013-04-07','17','1','1','11','61','72','-24.99','food blender');
04/07/2013 06:34:22 pm: CALL USP_GetPayees();
04/07/2013 06:34:22 pm: CALL USP_GetCurrencies();
04/07/2013 06:34:22 pm: CALL USP_GetCategories();
04/07/2013 06:34:22 pm: CALL USP_GetAccounts();
04/07/2013 06:34:22 pm: CALL USP_GetCategories2();
04/07/2013 06:34:53 pm: CALL USP_InsertTransaction('2013-04-07','11','1','1','7','45','154','-8.46','');
04/07/2013 06:34:53 pm: CALL USP_InsertTransaction('2013-04-07','11','1','1','7','45','154','-8.46','');
04/07/2013 06:35:34 pm: CALL USP_InsertTransaction('2013-04-07','11','1','1','11','54','123','-1.19','');
04/07/2013 06:35:34 pm: CALL USP_InsertTransaction('2013-04-07','11','1','1','11','54','123','-1.19','');
04/07/2013 06:35:43 pm: CALL USP_InsertTransaction('2013-04-07','11','1','1','7','45','123','-7.94','');
04/07/2013 06:35:43 pm: CALL USP_InsertTransaction('2013-04-07','11','1','1','7','45','123','-7.94','');
04/07/2013 06:35:50 pm: CALL USP_InsertTransaction('2013-04-07','11','1','1','7','45','123','-8.35','');
04/07/2013 06:35:50 pm: CALL USP_InsertTransaction('2013-04-07','11','1','1','7','45','123','-8.35','');
04/07/2013 06:36:04 pm: CALL USP_InsertTransaction('2013-04-07','11','1','1','7','45','8','-18.45','');
04/07/2013 06:36:04 pm: CALL USP_InsertTransaction('2013-04-07','11','1','1','7','45','8','-18.45','');
04/07/2013 06:36:09 pm: CALL USP_InsertTransaction('2013-04-07','11','1','1','7','45','8','-8.49','');
04/07/2013 06:36:09 pm: CALL USP_InsertTransaction('2013-04-07','11','1','1','7','45','8','-8.49','');
04/07/2013 06:36:15 pm: CALL USP_GetCategories();
04/07/2013 06:36:15 pm: CALL USP_GetCurrencies();
04/07/2013 06:36:15 pm: CALL USP_GetAccounts();
04/07/2013 06:36:15 pm: CALL USP_GetPayees();
04/07/2013 06:36:15 pm: CALL USP_GetCategories2();
04/07/2013 06:36:29 pm: CALL USP_GetCurrencies();
04/07/2013 06:36:29 pm: CALL USP_GetCategories2();
04/07/2013 06:36:29 pm: CALL USP_GetCategories();
04/07/2013 06:36:29 pm: CALL USP_GetPayees();
04/07/2013 06:36:29 pm: CALL USP_GetAccounts();
