05/22/2013 06:34:42 pm: CALL USP_GetAccounts();
05/22/2013 06:34:42 pm: CALL USP_GetPayees();
05/22/2013 06:34:42 pm: CALL USP_GetCategories();
05/22/2013 06:34:42 pm: CALL USP_GetCurrencies();
05/22/2013 06:34:43 pm: CALL USP_GetCategories2();
05/22/2013 06:34:58 pm: CALL USP_GetCategories2();
05/22/2013 06:34:58 pm: CALL USP_GetCurrencies();
05/22/2013 06:34:58 pm: CALL USP_GetAccounts();
05/22/2013 06:34:58 pm: CALL USP_GetPayees();
05/22/2013 06:34:58 pm: CALL USP_GetCategories();
05/22/2013 10:40:09 pm: CALL USP_GetAccounts();
05/22/2013 10:40:09 pm: CALL USP_GetCurrencies();
05/22/2013 10:40:09 pm: CALL USP_GetCategories();
05/22/2013 10:40:09 pm: CALL USP_GetPayees();
05/22/2013 10:40:10 pm: CALL USP_GetCategories2();
05/22/2013 10:40:17 pm: CALL USP_GetAccounts();
05/22/2013 10:40:17 pm: CALL USP_GetPayees();
05/22/2013 10:40:17 pm: CALL USP_GetCategories2();
05/22/2013 10:40:17 pm: CALL USP_GetCurrencies();
05/22/2013 10:40:17 pm: CALL USP_GetCategories();
