04/14/2013 11:21:34 am: CALL USP_GetCurrencies();
04/14/2013 11:21:34 am: CALL USP_GetAccounts();
04/14/2013 11:21:35 am: CALL USP_GetCategories();
04/14/2013 11:21:35 am: CALL USP_GetPayees();
04/14/2013 11:21:36 am: CALL USP_GetCategories2();
04/14/2013 11:21:50 am: CALL USP_GetAccounts();
04/14/2013 11:21:50 am: CALL USP_GetCategories2();
04/14/2013 11:21:50 am: CALL USP_GetCategories();
04/14/2013 11:21:50 am: CALL USP_GetCurrencies();
04/14/2013 11:21:50 am: CALL USP_GetPayees();
04/14/2013 11:21:51 am: CALL USP_GetAccounts();
04/14/2013 11:21:51 am: CALL USP_GetCategories();
04/14/2013 11:21:51 am: CALL USP_GetPayees();
04/14/2013 11:21:51 am: CALL USP_GetCategories2();
04/14/2013 11:21:51 am: CALL USP_GetCurrencies();
04/14/2013 11:22:25 am: CALL USP_GetCurrencies();
04/14/2013 11:22:25 am: CALL USP_GetCategories();
04/14/2013 11:22:25 am: CALL USP_GetAccounts();
04/14/2013 11:22:25 am: CALL USP_GetPayees();
04/14/2013 11:22:25 am: CALL USP_GetCategories2();
04/14/2013 02:50:11 pm: CALL USP_InsertTransaction('2013-04-14','11','1','2','16','85','187','60','HTC Wildfire S sold');
04/14/2013 02:50:11 pm: CALL USP_InsertTransaction('2013-04-14','11','1','2','16','85','187','60','HTC Wildfire S sold');
04/14/2013 02:55:21 pm: CALL USP_GetAccounts();
04/14/2013 02:55:21 pm: CALL USP_GetCurrencies();
04/14/2013 02:55:21 pm: CALL USP_GetPayees();
04/14/2013 02:55:21 pm: CALL USP_GetCategories2();
04/14/2013 02:55:21 pm: CALL USP_GetCategories();
04/14/2013 02:57:00 pm: CALL USP_GetAccounts();
04/14/2013 02:57:00 pm: CALL USP_GetCurrencies();
04/14/2013 02:57:00 pm: CALL USP_GetCategories();
04/14/2013 02:57:00 pm: CALL USP_GetPayees();
04/14/2013 02:57:00 pm: CALL USP_GetCategories2();
