01/26/2013 07:18:11 pm: CALL USP_GetPayees();
01/26/2013 07:18:11 pm: CALL USP_GetCategories2();
01/26/2013 07:18:11 pm: CALL USP_GetCategories();
01/26/2013 07:18:12 pm: CALL USP_GetCurrencies();
01/26/2013 07:18:12 pm: CALL USP_GetAccounts();
01/26/2013 07:18:21 pm: CALL USP_GetAccounts();
01/26/2013 07:18:21 pm: CALL USP_GetCurrencies();
01/26/2013 07:18:21 pm: CALL USP_GetCategories();
01/26/2013 07:18:21 pm: CALL USP_GetCategories2();
01/26/2013 07:18:21 pm: CALL USP_GetPayees();
01/26/2013 07:18:24 pm: CALL USP_GetCurrencies();
01/26/2013 07:18:24 pm: CALL USP_GetPayees();
01/26/2013 07:18:24 pm: CALL USP_GetCategories();
01/26/2013 07:18:24 pm: CALL USP_GetAccounts();
01/26/2013 07:18:24 pm: CALL USP_GetCategories2();
01/26/2013 07:18:26 pm: CALL USP_GetAccounts();
01/26/2013 07:18:26 pm: CALL USP_GetCurrencies();
01/26/2013 07:18:26 pm: CALL USP_GetPayees();
01/26/2013 07:18:26 pm: CALL USP_GetCategories();
01/26/2013 07:18:26 pm: CALL USP_GetCategories2();
01/26/2013 07:18:37 pm: CALL USP_GetAccounts();
01/26/2013 07:18:37 pm: CALL USP_GetPayees();
01/26/2013 07:18:37 pm: CALL USP_GetCategories();
01/26/2013 07:18:37 pm: CALL USP_GetCurrencies();
01/26/2013 07:18:38 pm: CALL USP_GetCategories2();
01/26/2013 07:19:11 pm: CALL USP_InsertTransaction('2013-01-23','19','1','1','8','47','187','-7.63','Flowers');
01/26/2013 07:19:11 pm: CALL USP_InsertTransaction('2013-01-23','19','1','1','8','47','187','-7.63','Flowers');
01/26/2013 07:19:33 pm: CALL USP_InsertTransaction('2013-01-23','19','1','1','8','47','187','-33.75','Gift to Aurelie and Dave');
01/26/2013 07:19:33 pm: CALL USP_InsertTransaction('2013-01-23','19','1','1','8','47','187','-33.75','Gift to Aurelie and Dave');
01/26/2013 07:19:54 pm: CALL USP_InsertTransaction('2013-01-23','19','1','1','14','77','187','-110','Dinner at Rancho Pinot');
01/26/2013 07:19:54 pm: CALL USP_InsertTransaction('2013-01-23','19','1','1','14','77','187','-110','Dinner at Rancho Pinot');
01/26/2013 07:19:57 pm: CALL USP_GetAccounts();
01/26/2013 07:19:57 pm: CALL USP_GetCategories();
01/26/2013 07:19:57 pm: CALL USP_GetPayees();
01/26/2013 07:19:57 pm: CALL USP_GetCategories2();
01/26/2013 07:19:57 pm: CALL USP_GetCurrencies();
01/26/2013 07:21:42 pm: CALL USP_GetCurrencies();
01/26/2013 07:21:42 pm: CALL USP_GetAccounts();
01/26/2013 07:21:42 pm: CALL USP_GetCategories();
01/26/2013 07:21:42 pm: CALL USP_GetCategories2();
01/26/2013 07:21:42 pm: CALL USP_GetPayees();
01/26/2013 07:21:49 pm: CALL USP_GetAccounts();
01/26/2013 07:21:49 pm: CALL USP_GetCurrencies();
01/26/2013 07:21:49 pm: CALL USP_GetPayees();
01/26/2013 07:21:49 pm: CALL USP_GetCategories2();
01/26/2013 07:21:49 pm: CALL USP_GetCategories();
01/26/2013 07:25:55 pm: CALL USP_InsertTransaction('2013-01-25','19','1','1','23','110','135','-416','Transfer (1Euro = 1,3812$)');
01/26/2013 07:25:55 pm: CALL USP_InsertTransaction('2013-01-25','19','1','1','23','110','135','-416','Transfer (1Euro = 1,3812$)');
01/26/2013 07:27:35 pm: CALL USP_GetCurrencies();
01/26/2013 07:27:35 pm: CALL USP_GetAccounts();
01/26/2013 07:27:35 pm: CALL USP_GetPayees();
01/26/2013 07:27:35 pm: CALL USP_GetCategories();
01/26/2013 07:27:35 pm: CALL USP_GetCategories2();
01/26/2013 07:27:39 pm: CALL USP_GetAccounts();
01/26/2013 07:27:39 pm: CALL USP_GetCurrencies();
01/26/2013 07:27:39 pm: CALL USP_GetCategories();
01/26/2013 07:27:39 pm: CALL USP_GetPayees();
01/26/2013 07:27:39 pm: CALL USP_GetCategories2();
01/26/2013 07:28:04 pm: CALL USP_GetCurrencies();
01/26/2013 07:28:04 pm: CALL USP_GetCategories();
01/26/2013 07:28:04 pm: CALL USP_GetPayees();
01/26/2013 07:28:04 pm: CALL USP_GetAccounts();
01/26/2013 07:28:04 pm: CALL USP_GetCategories2();
01/26/2013 07:28:16 pm: CALL USP_GetAccounts();
01/26/2013 07:28:16 pm: CALL USP_GetCategories();
01/26/2013 07:28:16 pm: CALL USP_GetPayees();
01/26/2013 07:28:16 pm: CALL USP_GetCategories2();
01/26/2013 07:28:16 pm: CALL USP_GetCurrencies();
01/26/2013 08:38:21 pm: CALL USP_GetPayees();
01/26/2013 08:38:21 pm: CALL USP_GetAccounts();
01/26/2013 08:38:21 pm: CALL USP_GetCurrencies();
01/26/2013 08:38:21 pm: CALL USP_GetCategories2();
01/26/2013 08:38:21 pm: CALL USP_GetCategories();
01/26/2013 08:38:24 pm: CALL USP_GetPayees();
01/26/2013 08:38:24 pm: CALL USP_GetCategories2();
01/26/2013 08:38:24 pm: CALL USP_GetCurrencies();
01/26/2013 08:38:24 pm: CALL USP_GetCategories();
01/26/2013 08:38:24 pm: CALL USP_GetAccounts();
01/26/2013 08:38:31 pm: CALL USP_GetAccounts();
01/26/2013 08:38:31 pm: CALL USP_GetCurrencies();
01/26/2013 08:38:31 pm: CALL USP_GetPayees();
01/26/2013 08:38:31 pm: CALL USP_GetCategories();
01/26/2013 08:38:31 pm: CALL USP_GetCategories2();
01/26/2013 08:38:34 pm: CALL USP_GetAccounts();
01/26/2013 08:38:34 pm: CALL USP_GetCurrencies();
01/26/2013 08:38:34 pm: CALL USP_GetPayees();
01/26/2013 08:38:34 pm: CALL USP_GetCategories2();
01/26/2013 08:38:34 pm: CALL USP_GetCategories();
01/26/2013 08:38:35 pm: CALL USP_GetAccounts();
01/26/2013 08:38:35 pm: CALL USP_GetCurrencies();
01/26/2013 08:38:36 pm: CALL USP_GetCategories();
01/26/2013 08:38:36 pm: CALL USP_GetPayees();
01/26/2013 08:38:36 pm: CALL USP_GetCategories2();
01/26/2013 08:38:58 pm: CALL USP_GetAccounts();
01/26/2013 08:38:58 pm: CALL USP_GetCurrencies();
01/26/2013 08:38:58 pm: CALL USP_GetPayees();
01/26/2013 08:38:58 pm: CALL USP_GetCategories2();
01/26/2013 08:38:58 pm: CALL USP_GetCategories();
01/26/2013 08:39:19 pm: CALL USP_InsertTransaction('2013-01-24','19','1','1','8','47','0','-20','Gas');
01/26/2013 08:39:27 pm: CALL USP_InsertTransaction('2013-01-24','19','1','1','8','47','0','-20','Gas');
01/26/2013 08:39:32 pm: CALL USP_InsertTransaction('2013-01-24','19','1','1','8','47','0','-20','Gas');
01/26/2013 08:39:34 pm: CALL USP_InsertTransaction('2013-01-24','19','1','1','8','47','0','-20','Gas');
01/26/2013 08:39:57 pm: CALL USP_InsertTransaction('2013-01-24','19','1','1','8','47','187','-20','Gas for Aure\'s car');
01/26/2013 08:39:57 pm: CALL USP_InsertTransaction('2013-01-24','19','1','1','8','47','187','-20','Gas for Aure\'s car');
01/26/2013 08:40:45 pm: CALL USP_InsertTransaction('2013-01-24','19','1','1','8','47','187','-13.33','Wine for Dave');
01/26/2013 08:40:45 pm: CALL USP_InsertTransaction('2013-01-24','19','1','1','8','47','187','-13.33','Wine for Dave');
01/26/2013 08:41:32 pm: CALL USP_InsertTransaction('2013-01-24','19','1','1','8','47','187','-16.33','Wine for Dave');
01/26/2013 08:41:32 pm: CALL USP_InsertTransaction('2013-01-24','19','1','1','8','47','187','-16.33','Wine for Dave');
01/26/2013 08:41:34 pm: CALL USP_GetCategories();
01/26/2013 08:41:34 pm: CALL USP_GetCategories2();
01/26/2013 08:41:34 pm: CALL USP_GetAccounts();
01/26/2013 08:41:34 pm: CALL USP_GetCurrencies();
01/26/2013 08:41:34 pm: CALL USP_GetPayees();
01/26/2013 08:41:36 pm: CALL USP_GetCurrencies();
01/26/2013 08:41:36 pm: CALL USP_GetPayees();
01/26/2013 08:41:36 pm: CALL USP_GetCategories();
01/26/2013 08:41:36 pm: CALL USP_GetCategories2();
01/26/2013 08:41:36 pm: CALL USP_GetAccounts();
01/26/2013 08:41:37 pm: CALL USP_GetCurrencies();
01/26/2013 08:41:37 pm: CALL USP_GetAccounts();
01/26/2013 08:41:37 pm: CALL USP_GetPayees();
01/26/2013 08:41:37 pm: CALL USP_GetCategories();
01/26/2013 08:41:37 pm: CALL USP_GetCategories2();
01/26/2013 08:41:42 pm: CALL USP_GetAccounts();
01/26/2013 08:41:42 pm: CALL USP_GetCurrencies();
01/26/2013 08:41:42 pm: CALL USP_GetCategories();
01/26/2013 08:41:42 pm: CALL USP_GetPayees();
01/26/2013 08:41:42 pm: CALL USP_GetCategories2();
01/26/2013 08:41:58 pm: CALL USP_GetAccounts();
01/26/2013 08:41:58 pm: CALL USP_GetCategories();
01/26/2013 08:41:59 pm: CALL USP_GetCurrencies();
01/26/2013 08:41:59 pm: CALL USP_GetPayees();
01/26/2013 08:41:59 pm: CALL USP_GetCategories2();
01/26/2013 08:44:07 pm: CALL USP_GetCurrencies();
01/26/2013 08:44:07 pm: CALL USP_GetAccounts();
01/26/2013 08:44:07 pm: CALL USP_GetCategories();
01/26/2013 08:44:07 pm: CALL USP_GetPayees();
01/26/2013 08:44:07 pm: CALL USP_GetCategories2();
01/26/2013 08:44:28 pm: CALL USP_GetAccounts();
01/26/2013 08:44:28 pm: CALL USP_GetPayees();
01/26/2013 08:44:28 pm: CALL USP_GetCurrencies();
01/26/2013 08:44:28 pm: CALL USP_GetCategories2();
01/26/2013 08:44:28 pm: CALL USP_GetCategories();
01/26/2013 08:44:42 pm: CALL USP_InsertTransaction('2013-01-25','19','1','1','8','47','187','-37.33','unicef donation');
01/26/2013 08:44:42 pm: CALL USP_InsertTransaction('2013-01-25','19','1','1','8','47','187','-37.33','unicef donation');
01/26/2013 08:44:46 pm: CALL USP_GetCurrencies();
01/26/2013 08:44:46 pm: CALL USP_GetAccounts();
01/26/2013 08:44:46 pm: CALL USP_GetCategories();
01/26/2013 08:44:46 pm: CALL USP_GetPayees();
01/26/2013 08:44:46 pm: CALL USP_GetCategories2();
01/26/2013 08:45:28 pm: CALL USP_GetCategories();
01/26/2013 08:45:28 pm: CALL USP_GetCategories2();
01/26/2013 08:45:28 pm: CALL USP_GetPayees();
01/26/2013 08:45:28 pm: CALL USP_GetCurrencies();
01/26/2013 08:45:28 pm: CALL USP_GetAccounts();
01/26/2013 08:45:49 pm: CALL USP_GetAccounts();
01/26/2013 08:45:49 pm: CALL USP_GetCurrencies();
01/26/2013 08:45:49 pm: CALL USP_GetPayees();
01/26/2013 08:45:49 pm: CALL USP_GetCategories();
01/26/2013 08:45:49 pm: CALL USP_GetCategories2();
01/26/2013 08:45:59 pm: CALL USP_GetCurrencies();
01/26/2013 08:45:59 pm: CALL USP_GetAccounts();
01/26/2013 08:45:59 pm: CALL USP_GetPayees();
01/26/2013 08:45:59 pm: CALL USP_GetCategories2();
01/26/2013 08:45:59 pm: CALL USP_GetCategories();
01/26/2013 08:45:59 pm: CALL USP_GetAccounts();
01/26/2013 08:45:59 pm: CALL USP_GetCurrencies();
01/26/2013 08:45:59 pm: CALL USP_GetCategories();
01/26/2013 08:45:59 pm: CALL USP_GetCategories2();
01/26/2013 08:45:59 pm: CALL USP_GetPayees();
01/26/2013 08:52:08 pm: CALL USP_InsertTransaction('2013-01-25','11','1','1','23','133','135','298.16','Transfer (1Euro = 1,3813)');
01/26/2013 08:52:08 pm: CALL USP_InsertTransaction('2013-01-25','11','1','1','23','133','135','298.16','Transfer (1Euro = 1,3813)');
01/26/2013 08:53:23 pm: CALL USP_GetCategories();
01/26/2013 08:53:23 pm: CALL USP_GetCategories2();
01/26/2013 08:53:23 pm: CALL USP_GetAccounts();
01/26/2013 08:53:23 pm: CALL USP_GetPayees();
01/26/2013 08:53:23 pm: CALL USP_GetCurrencies();
01/26/2013 08:53:24 pm: CALL USP_GetAccounts();
01/26/2013 08:53:24 pm: CALL USP_GetCategories2();
01/26/2013 08:53:24 pm: CALL USP_GetCurrencies();
01/26/2013 08:53:24 pm: CALL USP_GetCategories();
01/26/2013 08:53:24 pm: CALL USP_GetPayees();
01/26/2013 08:53:25 pm: CALL USP_GetAccounts();
01/26/2013 08:53:25 pm: CALL USP_GetPayees();
01/26/2013 08:53:25 pm: CALL USP_GetCurrencies();
01/26/2013 08:53:25 pm: CALL USP_GetCategories();
01/26/2013 08:53:25 pm: CALL USP_GetCategories2();
01/26/2013 08:53:36 pm: CALL USP_GetAccounts();
01/26/2013 08:53:36 pm: CALL USP_GetPayees();
01/26/2013 08:53:36 pm: CALL USP_GetCurrencies();
01/26/2013 08:53:36 pm: CALL USP_GetCategories();
01/26/2013 08:53:36 pm: CALL USP_GetCategories2();
01/26/2013 08:53:48 pm: CALL USP_GetCurrencies();
01/26/2013 08:53:48 pm: CALL USP_GetCategories();
01/26/2013 08:53:48 pm: CALL USP_GetAccounts();
01/26/2013 08:53:48 pm: CALL USP_GetCategories2();
01/26/2013 08:53:48 pm: CALL USP_GetPayees();
01/26/2013 08:53:52 pm: CALL USP_GetCurrencies();
01/26/2013 08:53:52 pm: CALL USP_GetAccounts();
01/26/2013 08:53:52 pm: CALL USP_GetPayees();
01/26/2013 08:53:52 pm: CALL USP_GetCategories();
01/26/2013 08:53:52 pm: CALL USP_GetCategories2();
01/26/2013 08:54:39 pm: CALL USP_InsertTransaction('2013-01-25','11','1','3','23','111','135','-10','');
01/26/2013 08:54:39 pm: CALL USP_InsertTransaction('2013-01-25','11','1','3','23','111','135','-10','');
01/26/2013 08:54:39 pm: CALL USP_InsertTransaction('2013-01-25','12','1','3','23','111','135','10','');
01/26/2013 08:54:39 pm: CALL USP_InsertTransaction('2013-01-25','12','1','3','23','111','135','10','');
01/26/2013 08:55:59 pm: CALL USP_InsertTransaction('2013-01-25','11','1','1','7','44','8','-10.34','');
01/26/2013 08:55:59 pm: CALL USP_InsertTransaction('2013-01-25','11','1','1','7','44','8','-10.34','');
01/26/2013 08:56:24 pm: CALL USP_InsertTransaction('2013-01-25','11','1','1','8','47','8','-2.25','Chips for colleagues');
01/26/2013 08:56:24 pm: CALL USP_InsertTransaction('2013-01-25','11','1','1','8','47','8','-2.25','Chips for colleagues');
01/26/2013 08:56:56 pm: CALL USP_InsertTransaction('2013-01-25','11','1','1','7','45','8','-15.96','');
01/26/2013 08:56:56 pm: CALL USP_InsertTransaction('2013-01-25','11','1','1','7','45','8','-15.96','');
01/26/2013 08:57:17 pm: CALL USP_InsertTransaction('2013-01-25','11','1','1','7','45','101','-6.38','');
01/26/2013 08:57:17 pm: CALL USP_InsertTransaction('2013-01-25','11','1','1','7','45','101','-6.38','');
01/26/2013 08:58:37 pm: CALL USP_InsertTransaction('2013-01-25','11','1','1','11','54','68','-2','soap holder');
01/26/2013 08:58:37 pm: CALL USP_InsertTransaction('2013-01-25','11','1','1','11','54','68','-2','soap holder');
01/26/2013 08:58:41 pm: CALL USP_GetCurrencies();
01/26/2013 08:58:41 pm: CALL USP_GetPayees();
01/26/2013 08:58:41 pm: CALL USP_GetAccounts();
01/26/2013 08:58:41 pm: CALL USP_GetCategories();
01/26/2013 08:58:41 pm: CALL USP_GetCategories2();
01/26/2013 08:58:53 pm: CALL USP_GetAccounts();
01/26/2013 08:58:53 pm: CALL USP_GetCurrencies();
01/26/2013 08:58:53 pm: CALL USP_GetPayees();
01/26/2013 08:58:53 pm: CALL USP_GetCategories();
01/26/2013 08:58:53 pm: CALL USP_GetCategories2();
01/26/2013 09:35:43 pm: CALL USP_GetAccounts();
01/26/2013 09:35:43 pm: CALL USP_GetCurrencies();
01/26/2013 09:35:43 pm: CALL USP_GetPayees();
01/26/2013 09:35:43 pm: CALL USP_GetCategories();
01/26/2013 09:35:43 pm: CALL USP_GetCategories2();
01/26/2013 09:37:21 pm: CALL USP_GetCurrencies();
01/26/2013 09:37:21 pm: CALL USP_GetCategories2();
01/26/2013 09:37:21 pm: CALL USP_GetPayees();
01/26/2013 09:37:21 pm: CALL USP_GetCategories();
01/26/2013 09:37:21 pm: CALL USP_GetAccounts();
01/26/2013 09:38:16 pm: CALL USP_GetCurrencies();
01/26/2013 09:38:16 pm: CALL USP_GetAccounts();
01/26/2013 09:38:16 pm: CALL USP_GetPayees();
01/26/2013 09:38:16 pm: CALL USP_GetCategories();
01/26/2013 09:38:16 pm: CALL USP_GetCategories2();
01/26/2013 09:39:25 pm: CALL USP_GetCurrencies();
01/26/2013 09:39:25 pm: CALL USP_GetAccounts();
01/26/2013 09:39:25 pm: CALL USP_GetPayees();
01/26/2013 09:39:25 pm: CALL USP_GetCategories();
01/26/2013 09:39:25 pm: CALL USP_GetCategories2();
01/26/2013 09:39:34 pm: CALL USP_GetCurrencies();
01/26/2013 09:39:34 pm: CALL USP_GetPayees();
01/26/2013 09:39:34 pm: CALL USP_GetAccounts();
01/26/2013 09:39:34 pm: CALL USP_GetCategories();
01/26/2013 09:39:34 pm: CALL USP_GetCategories2();
01/26/2013 09:40:30 pm: CALL USP_GetAccounts();
01/26/2013 09:40:30 pm: CALL USP_GetCurrencies();
01/26/2013 09:40:30 pm: CALL USP_GetPayees();
01/26/2013 09:40:30 pm: CALL USP_GetCategories();
01/26/2013 09:40:30 pm: CALL USP_GetCategories2();
01/26/2013 09:40:30 pm: CALL USP_GetCurrencies();
01/26/2013 09:40:30 pm: CALL USP_GetCategories2();
01/26/2013 09:40:30 pm: CALL USP_GetCategories();
01/26/2013 09:40:30 pm: CALL USP_GetPayees();
01/26/2013 09:40:30 pm: CALL USP_GetAccounts();
01/26/2013 09:40:33 pm: CALL USP_GetAccounts ()
01/26/2013 09:40:36 pm: CALL USP_GetCategories2 ()
01/26/2013 09:40:40 pm: CALL USP_GetCurrencies();
01/26/2013 09:40:40 pm: CALL USP_GetAccounts();
01/26/2013 09:40:40 pm: CALL USP_GetPayees();
01/26/2013 09:40:40 pm: CALL USP_GetCategories();
01/26/2013 09:40:40 pm: CALL USP_GetCategories2();
01/26/2013 09:40:49 pm: CALL USP_GetAccounts();
01/26/2013 09:40:49 pm: CALL USP_GetCurrencies();
01/26/2013 09:40:49 pm: CALL USP_GetPayees();
01/26/2013 09:40:49 pm: CALL USP_GetCategories();
01/26/2013 09:40:49 pm: CALL USP_GetCategories2();
01/26/2013 09:40:58 pm: CALL USP_GetAccounts();
01/26/2013 09:40:58 pm: CALL USP_GetPayees();
01/26/2013 09:40:58 pm: CALL USP_GetCurrencies();
01/26/2013 09:40:58 pm: CALL USP_GetCategories();
01/26/2013 09:40:58 pm: CALL USP_GetCategories2();
01/26/2013 09:41:31 pm: CALL USP_GetCurrencies();
01/26/2013 09:41:31 pm: CALL USP_GetAccounts();
01/26/2013 09:41:31 pm: CALL USP_GetPayees();
01/26/2013 09:41:31 pm: CALL USP_GetCategories();
01/26/2013 09:41:31 pm: CALL USP_GetCategories2();
01/26/2013 09:42:16 pm: CALL USP_GetCategories2 ()
01/26/2013 09:42:22 pm: CALL USP_GetAccounts();
01/26/2013 09:42:22 pm: CALL USP_GetCurrencies();
01/26/2013 09:42:22 pm: CALL USP_GetPayees();
01/26/2013 09:42:22 pm: CALL USP_GetCategories();
01/26/2013 09:42:22 pm: CALL USP_GetCategories2();
01/26/2013 09:42:37 pm: CALL USP_InsertTransaction('2013-01-26','2','1','3','23','135','135','-900','');
01/26/2013 09:42:37 pm: CALL USP_InsertTransaction('2013-01-26','2','1','3','23','135','135','-900','');
01/26/2013 09:42:37 pm: CALL USP_InsertTransaction('2013-01-26','2','1','3','23','135','135','900','');
01/26/2013 09:42:37 pm: CALL USP_InsertTransaction('2013-01-26','2','1','3','23','135','135','900','');
01/26/2013 09:42:40 pm: CALL USP_GetAccounts();
01/26/2013 09:42:40 pm: CALL USP_GetPayees();
01/26/2013 09:42:40 pm: CALL USP_GetCategories2();
01/26/2013 09:42:40 pm: CALL USP_GetCategories();
01/26/2013 09:42:40 pm: CALL USP_GetCurrencies();
01/26/2013 09:42:49 pm: CALL USP_GetCurrencies();
01/26/2013 09:42:49 pm: CALL USP_GetPayees();
01/26/2013 09:42:49 pm: CALL USP_GetCategories();
01/26/2013 09:42:49 pm: CALL USP_GetAccounts();
01/26/2013 09:42:49 pm: CALL USP_GetCategories2();
01/26/2013 09:43:01 pm: CALL USP_GetAccounts();
01/26/2013 09:43:01 pm: CALL USP_GetCurrencies();
01/26/2013 09:43:01 pm: CALL USP_GetPayees();
01/26/2013 09:43:01 pm: CALL USP_GetCategories();
01/26/2013 09:43:01 pm: CALL USP_GetCategories2();
