03/10/2013 07:36:45 pm: CALL USP_GetPayees();
03/10/2013 07:36:45 pm: CALL USP_GetCategories();
03/10/2013 07:36:45 pm: CALL USP_GetCategories2();
03/10/2013 07:36:45 pm: CALL USP_GetCurrencies();
03/10/2013 07:36:45 pm: CALL USP_GetAccounts();
03/10/2013 07:37:07 pm: CALL USP_InsertTransaction('2013-03-10','11','1','1','7','45','8','12.14','');
03/10/2013 07:37:07 pm: CALL USP_InsertTransaction('2013-03-10','11','1','1','7','45','8','12.14','');
03/10/2013 07:37:11 pm: CALL USP_InsertTransaction('2013-03-10','11','1','1','7','45','8','-12.14','');
03/10/2013 07:37:11 pm: CALL USP_InsertTransaction('2013-03-10','11','1','1','7','45','8','-12.14','');
03/10/2013 07:37:16 pm: CALL USP_InsertTransaction('2013-03-10','11','1','1','7','45','8','-3.88','');
03/10/2013 07:37:16 pm: CALL USP_InsertTransaction('2013-03-10','11','1','1','7','45','8','-3.88','');
03/10/2013 07:37:30 pm: CALL USP_InsertTransaction('2013-03-10','11','1','1','7','45','123','-8.75','');
03/10/2013 07:37:30 pm: CALL USP_InsertTransaction('2013-03-10','11','1','1','7','45','123','-8.75','');
03/10/2013 07:38:02 pm: CALL USP_InsertTransaction('2013-03-10','11','1','1','7','45','123','-18.71','');
03/10/2013 07:38:02 pm: CALL USP_InsertTransaction('2013-03-10','11','1','1','7','45','123','-18.71','');
03/10/2013 07:38:32 pm: CALL USP_InsertTransaction('2013-03-10','11','1','1','7','45','101','-4.25','');
03/10/2013 07:38:32 pm: CALL USP_InsertTransaction('2013-03-10','11','1','1','7','45','101','-4.25','');
03/10/2013 07:38:51 pm: CALL USP_InsertTransaction('2013-03-10','11','1','1','11','61','123','-1.09','washing liquid');
03/10/2013 07:38:51 pm: CALL USP_InsertTransaction('2013-03-10','11','1','1','11','61','123','-1.09','washing liquid');
03/10/2013 07:38:59 pm: CALL USP_GetAccounts();
03/10/2013 07:38:59 pm: CALL USP_GetCurrencies();
03/10/2013 07:38:59 pm: CALL USP_GetPayees();
03/10/2013 07:38:59 pm: CALL USP_GetCategories();
03/10/2013 07:38:59 pm: CALL USP_GetCategories2();
03/10/2013 07:39:35 pm: CALL USP_GetAccounts();
03/10/2013 07:39:35 pm: CALL USP_GetCategories();
03/10/2013 07:39:35 pm: CALL USP_GetPayees();
03/10/2013 07:39:35 pm: CALL USP_GetCurrencies();
03/10/2013 07:39:35 pm: CALL USP_GetCategories2();
