06/14/2013 06:17:45 pm: CALL USP_GetAccounts();
06/14/2013 06:17:45 pm: CALL USP_GetCurrencies();
06/14/2013 06:17:45 pm: CALL USP_GetPayees();
06/14/2013 06:17:46 pm: CALL USP_GetCategories();
06/14/2013 06:17:46 pm: CALL USP_GetCategories2();
06/14/2013 06:18:02 pm: CALL USP_GetAccounts();
06/14/2013 06:18:02 pm: CALL USP_GetPayees();
06/14/2013 06:18:02 pm: CALL USP_GetCategories2();
06/14/2013 06:18:02 pm: CALL USP_GetCurrencies();
06/14/2013 06:18:02 pm: CALL USP_GetCategories();
06/14/2013 06:53:44 pm: CALL USP_GetAccounts();
06/14/2013 06:53:44 pm: CALL USP_GetCurrencies();
06/14/2013 06:53:44 pm: CALL USP_GetPayees();
06/14/2013 06:53:44 pm: CALL USP_GetCategories();
06/14/2013 06:53:44 pm: CALL USP_GetCategories2();
06/14/2013 06:54:12 pm: CALL USP_InsertTransaction('2013-06-14','11','1','1','11','56','123','-5.49','');
06/14/2013 06:54:54 pm: CALL USP_InsertTransaction('2013-06-14','11','1','1','7','45','123','-16.9','');
06/14/2013 06:54:59 pm: CALL USP_InsertTransaction('2013-06-14','11','1','1','7','45','8','-13','');
06/14/2013 06:55:19 pm: CALL USP_InsertTransaction('2013-06-14','11','1','1','7','45','101','-2.85','');
06/14/2013 06:55:28 pm: CALL USP_GetCurrencies();
06/14/2013 06:55:28 pm: CALL USP_GetAccounts();
06/14/2013 06:55:28 pm: CALL USP_GetCategories2();
06/14/2013 06:55:28 pm: CALL USP_GetPayees();
06/14/2013 06:55:28 pm: CALL USP_GetCategories();
06/14/2013 06:55:39 pm: CALL USP_GetCurrencies();
06/14/2013 06:55:39 pm: CALL USP_GetAccounts();
06/14/2013 06:55:39 pm: CALL USP_GetCategories();
06/14/2013 06:55:39 pm: CALL USP_GetPayees();
06/14/2013 06:55:39 pm: CALL USP_GetCategories2();
06/14/2013 06:55:43 pm: CALL USP_GetAccounts();
06/14/2013 06:55:43 pm: CALL USP_GetCurrencies();
06/14/2013 06:55:43 pm: CALL USP_GetCategories();
06/14/2013 06:55:43 pm: CALL USP_GetPayees();
06/14/2013 06:55:43 pm: CALL USP_GetCategories2();
