06/05/2013 06:30:02 pm: CALL USP_GetPayees();
06/05/2013 06:30:02 pm: CALL USP_GetCurrencies();
06/05/2013 06:30:02 pm: CALL USP_GetCategories2();
06/05/2013 06:30:02 pm: CALL USP_GetCategories();
06/05/2013 06:30:02 pm: CALL USP_GetAccounts();
06/05/2013 06:30:18 pm: CALL USP_GetAccounts();
06/05/2013 06:30:18 pm: CALL USP_GetCurrencies();
06/05/2013 06:30:18 pm: CALL USP_GetPayees();
06/05/2013 06:30:18 pm: CALL USP_GetCategories();
06/05/2013 06:30:18 pm: CALL USP_GetCategories2();
06/05/2013 09:43:55 pm: CALL USP_GetAccounts();
06/05/2013 09:43:55 pm: CALL USP_GetPayees();
06/05/2013 09:43:55 pm: CALL USP_GetCurrencies();
06/05/2013 09:43:55 pm: CALL USP_GetCategories();
06/05/2013 09:43:55 pm: CALL USP_GetCategories2();
06/05/2013 09:44:21 pm: CALL USP_InsertTransaction('2013-06-05','11','1','1','14','77','187','-6','dance night');
06/05/2013 09:44:36 pm: CALL USP_InsertTransaction('2013-06-05','11','1','1','7','45','188','-3.74','');
06/05/2013 09:44:42 pm: CALL USP_GetCurrencies();
06/05/2013 09:44:42 pm: CALL USP_GetAccounts();
06/05/2013 09:44:42 pm: CALL USP_GetCategories2();
06/05/2013 09:44:42 pm: CALL USP_GetPayees();
06/05/2013 09:44:42 pm: CALL USP_GetCategories();
06/05/2013 10:14:57 pm: CALL USP_GetCurrencies();
06/05/2013 10:14:57 pm: CALL USP_GetCategories();
06/05/2013 10:14:57 pm: CALL USP_GetAccounts();
06/05/2013 10:14:57 pm: CALL USP_GetCategories2();
06/05/2013 10:14:57 pm: CALL USP_GetPayees();
06/05/2013 10:15:20 pm: CALL USP_GetCategories();
06/05/2013 10:15:20 pm: CALL USP_GetCurrencies();
06/05/2013 10:15:20 pm: CALL USP_GetAccounts();
06/05/2013 10:15:20 pm: CALL USP_GetPayees();
06/05/2013 10:15:20 pm: CALL USP_GetCategories2();
