06/15/2013 07:51:30 am: CALL USP_GetAccounts();
06/15/2013 07:51:30 am: CALL USP_GetPayees();
06/15/2013 07:51:30 am: CALL USP_GetCurrencies();
06/15/2013 07:51:30 am: CALL USP_GetCategories();
06/15/2013 07:51:30 am: CALL USP_GetCategories2();
06/15/2013 07:51:41 am: CALL USP_GetCurrencies();
06/15/2013 07:51:41 am: CALL USP_GetCategories2();
06/15/2013 07:51:41 am: CALL USP_GetPayees();
06/15/2013 07:51:41 am: CALL USP_GetCategories();
06/15/2013 07:51:41 am: CALL USP_GetAccounts();
06/15/2013 04:11:04 pm: CALL USP_GetPayees();
06/15/2013 04:11:04 pm: CALL USP_GetCategories();
06/15/2013 04:11:04 pm: CALL USP_GetCategories2();
06/15/2013 04:11:04 pm: CALL USP_GetCurrencies();
06/15/2013 04:11:04 pm: CALL USP_GetAccounts();
06/15/2013 04:11:21 pm: CALL USP_GetAccounts();
06/15/2013 04:11:21 pm: CALL USP_GetCategories();
06/15/2013 04:11:21 pm: CALL USP_GetCategories2();
06/15/2013 04:11:21 pm: CALL USP_GetPayees();
06/15/2013 04:11:21 pm: CALL USP_GetCurrencies();
