06/20/2013 06:37:12 pm: CALL USP_GetPayees();
2();
06/20/2013 06:37:12 pm: CALL USP_GetCategories();
06/20/2013 06:37:12 pm: CALL USP_GetCurrencies();
06/20/2013 06:37:12 pm: CALL USP_GetAccounts();
06/20/2013 06:37:25 pm: CALL USP_GetCurrencies();
06/20/2013 06:37:25 pm: CALL USP_GetAccounts();
06/20/2013 06:37:25 pm: CALL USP_GetPayees();
06/20/2013 06:37:25 pm: CALL USP_GetCategories();
06/20/2013 06:37:25 pm: CALL USP_GetCategories2();
06/20/2013 08:21:21 pm: CALL USP_GetAccounts();
06/20/2013 08:21:21 pm: CALL USP_GetCurrencies();
06/20/2013 08:21:21 pm: CALL USP_GetPayees();
06/20/2013 08:21:21 pm: CALL USP_GetCategories();
06/20/2013 08:21:21 pm: CALL USP_GetCategories2();
06/20/2013 08:21:53 pm: CALL USP_InsertTransaction('2013-06-19','11','1','1','14','77','187','-6','dance night');
06/20/2013 08:22:21 pm: CALL USP_InsertTransaction('2013-06-20','11','1','2','4','37','187','35','Apple Magic mouse');
06/20/2013 08:22:26 pm: CALL USP_GetAccounts();
06/20/2013 08:22:26 pm: CALL USP_GetCategories();
06/20/2013 08:22:26 pm: CALL USP_GetCategories2();
06/20/2013 08:22:26 pm: CALL USP_GetPayees();
06/20/2013 08:22:26 pm: CALL USP_GetCurrencies();
