05/21/2013 01:38:54 pm: CALL USP_GetAccounts();
05/21/2013 01:38:54 pm: CALL USP_GetCategories();
05/21/2013 01:38:54 pm: CALL USP_GetPayees();
05/21/2013 01:38:54 pm: CALL USP_GetCurrencies();
05/21/2013 01:38:55 pm: CALL USP_GetCategories2();
05/21/2013 01:39:02 pm: CALL USP_GetCurrencies();
05/21/2013 01:39:02 pm: CALL USP_GetAccounts();
05/21/2013 01:39:02 pm: CALL USP_GetPayees();
05/21/2013 01:39:02 pm: CALL USP_GetCategories();
05/21/2013 01:39:02 pm: CALL USP_GetCategories2();
05/21/2013 01:41:06 pm: CALL USP_GetAccounts();
05/21/2013 01:41:06 pm: CALL USP_GetCurrencies();
05/21/2013 01:41:06 pm: CALL USP_GetPayees();
05/21/2013 01:41:06 pm: CALL USP_GetCategories2();
05/21/2013 01:41:06 pm: CALL USP_GetCategories();
05/21/2013 01:41:20 pm: CALL USP_GetCategories();
05/21/2013 01:41:20 pm: CALL USP_GetCurrencies();
05/21/2013 01:41:20 pm: CALL USP_GetCategories2();
05/21/2013 01:41:20 pm: CALL USP_GetAccounts();
05/21/2013 01:41:20 pm: CALL USP_GetPayees();
05/21/2013 07:04:39 pm: CALL USP_GetAccounts();
05/21/2013 07:04:39 pm: CALL USP_GetCurrencies();
05/21/2013 07:04:39 pm: CALL USP_GetPayees();
05/21/2013 07:04:39 pm: CALL USP_GetCategories();
05/21/2013 07:04:39 pm: CALL USP_GetCategories2();
05/21/2013 07:04:46 pm: CALL USP_GetAccounts();
05/21/2013 07:04:46 pm: CALL USP_GetCurrencies();
05/21/2013 07:04:46 pm: CALL USP_GetCategories();
05/21/2013 07:04:46 pm: CALL USP_GetCategories2();
05/21/2013 07:04:46 pm: CALL USP_GetPayees();
05/21/2013 07:05:03 pm: CALL USP_GetCurrencies();
05/21/2013 07:05:03 pm: CALL USP_GetCategories();
05/21/2013 07:05:03 pm: CALL USP_GetCategories2();
05/21/2013 07:05:03 pm: CALL USP_GetAccounts();
05/21/2013 07:05:03 pm: CALL USP_GetPayees();
05/21/2013 07:05:42 pm: CALL USP_InsertTransaction('2013-05-19','18','1','2','23','105','135','150','');
05/21/2013 07:05:46 pm: CALL USP_GetAccounts();
05/21/2013 07:05:46 pm: CALL USP_GetCurrencies();
05/21/2013 07:05:46 pm: CALL USP_GetCategories();
05/21/2013 07:05:46 pm: CALL USP_GetCategories2();
05/21/2013 07:05:46 pm: CALL USP_GetPayees();
05/21/2013 07:05:50 pm: CALL USP_GetAccounts();
05/21/2013 07:05:50 pm: CALL USP_GetCategories2();
05/21/2013 07:05:50 pm: CALL USP_GetCategories();
05/21/2013 07:05:50 pm: CALL USP_GetCurrencies();
05/21/2013 07:05:50 pm: CALL USP_GetPayees();
05/21/2013 07:06:56 pm: CALL USP_InsertTransaction('2013-05-19','18','1','1','29','129','187','-275','4 nights in Yverdon paid to Nathalie');
05/21/2013 07:07:00 pm: CALL USP_GetCurrencies();
05/21/2013 07:07:00 pm: CALL USP_GetAccounts();
05/21/2013 07:07:00 pm: CALL USP_GetPayees();
05/21/2013 07:07:00 pm: CALL USP_GetCategories();
05/21/2013 07:07:00 pm: CALL USP_GetCategories2();
05/21/2013 07:07:03 pm: CALL USP_GetAccounts();
05/21/2013 07:07:03 pm: CALL USP_GetCategories();
05/21/2013 07:07:03 pm: CALL USP_GetPayees();
05/21/2013 07:07:03 pm: CALL USP_GetCategories2();
05/21/2013 07:07:03 pm: CALL USP_GetCurrencies();
05/21/2013 07:07:10 pm: CALL USP_GetAccounts();
05/21/2013 07:07:10 pm: CALL USP_GetCurrencies();
05/21/2013 07:07:10 pm: CALL USP_GetCategories();
05/21/2013 07:07:10 pm: CALL USP_GetPayees();
05/21/2013 07:07:10 pm: CALL USP_GetCategories2();
05/21/2013 07:13:14 pm: CALL USP_InsertTransaction('2013-05-17','18','1','1','29','130','187','-9','Consigne à la gare de Genève');
05/21/2013 07:14:53 pm: CALL USP_InsertTransaction('2013-05-19','18','1','1','29','127','187','-20','Cadeau de Dave');
05/21/2013 07:15:29 pm: CALL USP_InsertTransaction('2013-05-19','18','1','1','29','127','187','-8','cartes postale pour Nathalie');
05/21/2013 07:15:35 pm: CALL USP_GetCategories();
05/21/2013 07:15:35 pm: CALL USP_GetAccounts();
05/21/2013 07:15:35 pm: CALL USP_GetCategories2();
05/21/2013 07:15:35 pm: CALL USP_GetPayees();
05/21/2013 07:15:35 pm: CALL USP_GetCurrencies();
05/21/2013 07:15:45 pm: CALL USP_GetAccounts();
05/21/2013 07:15:45 pm: CALL USP_GetCategories();
05/21/2013 07:15:45 pm: CALL USP_GetCurrencies();
05/21/2013 07:15:45 pm: CALL USP_GetPayees();
05/21/2013 07:15:45 pm: CALL USP_GetCategories2();
05/21/2013 07:16:09 pm: CALL USP_InsertTransaction('2013-05-19','18','1','1','29','131','187','-26','scéance de badminton');
05/21/2013 07:16:20 pm: CALL USP_GetAccounts();
05/21/2013 07:16:20 pm: CALL USP_GetCategories2();
05/21/2013 07:16:20 pm: CALL USP_GetPayees();
05/21/2013 07:16:20 pm: CALL USP_GetCurrencies();
05/21/2013 07:16:20 pm: CALL USP_GetCategories();
05/21/2013 07:18:12 pm: CALL USP_GetAccounts();
05/21/2013 07:18:12 pm: CALL USP_GetCurrencies();
05/21/2013 07:18:12 pm: CALL USP_GetPayees();
05/21/2013 07:18:12 pm: CALL USP_GetCategories();
05/21/2013 07:18:12 pm: CALL USP_GetCategories2();
05/21/2013 07:18:54 pm: CALL USP_InsertTransaction('2013-05-21','18','1','1','29','127','187','-14.8','various spendings for pentecost');
05/21/2013 07:18:57 pm: CALL USP_GetAccounts();
05/21/2013 07:18:57 pm: CALL USP_GetCurrencies();
05/21/2013 07:18:57 pm: CALL USP_GetCategories();
05/21/2013 07:18:57 pm: CALL USP_GetPayees();
05/21/2013 07:18:57 pm: CALL USP_GetCategories2();
05/21/2013 07:19:02 pm: CALL USP_GetCurrencies();
05/21/2013 07:19:03 pm: CALL USP_GetCategories2();
05/21/2013 07:19:03 pm: CALL USP_GetCategories();
05/21/2013 07:19:03 pm: CALL USP_GetAccounts();
05/21/2013 07:19:03 pm: CALL USP_GetPayees();
05/21/2013 07:37:36 pm: CALL USP_GetPayees();
05/21/2013 07:37:36 pm: CALL USP_GetAccounts();
05/21/2013 07:37:36 pm: CALL USP_GetCategories2();
05/21/2013 07:37:36 pm: CALL USP_GetCurrencies();
05/21/2013 07:37:36 pm: CALL USP_GetCategories();
05/21/2013 07:38:13 pm: CALL USP_InsertTransaction('2013-05-12','6','1','1','14','83','48','-40.95','sunglasses');
05/21/2013 07:38:17 pm: CALL USP_GetAccounts();
05/21/2013 07:38:17 pm: CALL USP_GetCategories();
05/21/2013 07:38:17 pm: CALL USP_GetCategories2();
05/21/2013 07:38:17 pm: CALL USP_GetCurrencies();
05/21/2013 07:38:17 pm: CALL USP_GetPayees();
05/21/2013 07:38:22 pm: CALL USP_GetCurrencies();
05/21/2013 07:38:22 pm: CALL USP_GetAccounts();
05/21/2013 07:38:22 pm: CALL USP_GetCategories();
05/21/2013 07:38:22 pm: CALL USP_GetPayees();
05/21/2013 07:38:22 pm: CALL USP_GetCategories2();
05/21/2013 07:38:26 pm: CALL USP_GetCategories();
05/21/2013 07:38:26 pm: CALL USP_GetCategories2();
05/21/2013 07:38:26 pm: CALL USP_GetCurrencies();
05/21/2013 07:38:26 pm: CALL USP_GetAccounts();
05/21/2013 07:38:26 pm: CALL USP_GetPayees();
