02/05/2013 08:38:15 pm: CALL USP_GetCategories();
02/05/2013 08:38:15 pm: CALL USP_GetCurrencies();
02/05/2013 08:38:15 pm: CALL USP_GetPayees();
02/05/2013 08:38:15 pm: CALL USP_GetCategories2();
02/05/2013 08:38:15 pm: CALL USP_GetAccounts();
02/05/2013 08:46:05 pm: CALL USP_InsertTransaction('2013-02-05','6','1','1','1','11','35','-54.82','Shimano R451 Dual Pivot Brake Calliper 57mm Drop - Rear - Silver,Shimano Sora Brakes 3400 - Front, 2 Shimano SLR Brake Outer Casing');
02/05/2013 08:46:05 pm: CALL USP_InsertTransaction('2013-02-05','6','1','1','1','11','35','-54.82','Shimano R451 Dual Pivot Brake Calliper 57mm Drop - Rear - Silver,Shimano Sora Brakes 3400 - Front, 2 Shimano SLR Brake Outer Casing');
02/05/2013 08:46:41 pm: CALL USP_InsertTransaction('2013-02-05','6','1','1','1','13','35','-60.96','2 Schwalbe Durano Plus Performance Tyre - 700 x 23c');
02/05/2013 08:46:41 pm: CALL USP_InsertTransaction('2013-02-05','6','1','1','1','13','35','-60.96','2 Schwalbe Durano Plus Performance Tyre - 700 x 23c');
02/05/2013 08:47:00 pm: CALL USP_InsertTransaction('2013-02-05','6','1','1','1','15','35','-12.18','2 Schwalbe Road Tube - 700 x 18-28c Presta');
02/05/2013 08:47:00 pm: CALL USP_InsertTransaction('2013-02-05','6','1','1','1','15','35','-12.18','2 Schwalbe Road Tube - 700 x 18-28c Presta');
02/05/2013 08:47:05 pm: CALL USP_GetCurrencies();
02/05/2013 08:47:05 pm: CALL USP_GetAccounts();
02/05/2013 08:47:05 pm: CALL USP_GetCategories2();
02/05/2013 08:47:05 pm: CALL USP_GetCategories();
02/05/2013 08:47:05 pm: CALL USP_GetPayees();
02/05/2013 08:47:25 pm: CALL USP_GetCurrencies();
02/05/2013 08:47:25 pm: CALL USP_GetAccounts();
02/05/2013 08:47:25 pm: CALL USP_GetCategories();
02/05/2013 08:47:25 pm: CALL USP_GetPayees();
02/05/2013 08:47:25 pm: CALL USP_GetCategories2();
02/05/2013 08:49:02 pm: CALL USP_InsertTransaction('2013-02-01','6','1','1','9','51','147','-42.11','4 baobab powder, almonds');
02/05/2013 08:49:02 pm: CALL USP_InsertTransaction('2013-02-01','6','1','1','9','51','147','-42.11','4 baobab powder, almonds');
02/05/2013 08:49:06 pm: CALL USP_GetAccounts();
02/05/2013 08:49:06 pm: CALL USP_GetCurrencies();
02/05/2013 08:49:06 pm: CALL USP_GetCategories2();
02/05/2013 08:49:06 pm: CALL USP_GetPayees();
02/05/2013 08:49:06 pm: CALL USP_GetCategories();
02/05/2013 08:49:20 pm: CALL USP_GetPayees();
02/05/2013 08:49:20 pm: CALL USP_GetAccounts();
02/05/2013 08:49:20 pm: CALL USP_GetCurrencies();
02/05/2013 08:49:20 pm: CALL USP_GetCategories();
02/05/2013 08:49:20 pm: CALL USP_GetCategories2();
02/05/2013 08:49:32 pm: CALL USP_GetAccounts();
02/05/2013 08:49:32 pm: CALL USP_GetCategories();
02/05/2013 08:49:32 pm: CALL USP_GetCurrencies();
02/05/2013 08:49:32 pm: CALL USP_GetPayees();
02/05/2013 08:49:32 pm: CALL USP_GetCategories2();
02/05/2013 08:49:52 pm: CALL USP_InsertTransaction('2013-02-05','1','1','3','23','104','135','-350','');
02/05/2013 08:49:52 pm: CALL USP_InsertTransaction('2013-02-05','1','1','3','23','104','135','-350','');
02/05/2013 08:49:52 pm: CALL USP_InsertTransaction('2013-02-05','5','1','3','23','104','135','350','');
02/05/2013 08:49:52 pm: CALL USP_InsertTransaction('2013-02-05','5','1','3','23','104','135','350','');
02/05/2013 08:52:30 pm: CALL USP_InsertTransaction('2013-02-05','5','1','3','23','101','135','-400.42','');
02/05/2013 08:52:30 pm: CALL USP_InsertTransaction('2013-02-05','5','1','3','23','101','135','-400.42','');
02/05/2013 08:52:30 pm: CALL USP_InsertTransaction('2013-02-05','2','1','3','23','101','135','400.42','');
02/05/2013 08:52:30 pm: CALL USP_InsertTransaction('2013-02-05','2','1','3','23','101','135','400.42','');
02/05/2013 08:52:33 pm: CALL USP_GetCategories2();
02/05/2013 08:52:33 pm: CALL USP_GetCurrencies();
02/05/2013 08:52:33 pm: CALL USP_GetCategories();
02/05/2013 08:52:33 pm: CALL USP_GetPayees();
02/05/2013 08:52:33 pm: CALL USP_GetAccounts();
02/05/2013 08:53:02 pm: CALL USP_GetCategories2();
02/05/2013 08:53:02 pm: CALL USP_GetAccounts();
02/05/2013 08:53:02 pm: CALL USP_GetCategories();
02/05/2013 08:53:02 pm: CALL USP_GetCurrencies();
02/05/2013 08:53:02 pm: CALL USP_GetPayees();
02/05/2013 08:53:21 pm: CALL USP_InsertTransaction('2013-02-01','1','1','1','2','17','6','-5','Stamp duty');
02/05/2013 08:53:21 pm: CALL USP_InsertTransaction('2013-02-01','1','1','1','2','17','6','-5','Stamp duty');
02/05/2013 08:53:25 pm: CALL USP_GetAccounts();
02/05/2013 08:53:25 pm: CALL USP_GetCategories2();
02/05/2013 08:53:25 pm: CALL USP_GetPayees();
02/05/2013 08:53:25 pm: CALL USP_GetCurrencies();
02/05/2013 08:53:25 pm: CALL USP_GetCategories();
02/05/2013 08:53:44 pm: CALL USP_GetAccounts();
02/05/2013 08:53:44 pm: CALL USP_GetCategories();
02/05/2013 08:53:44 pm: CALL USP_GetCurrencies();
02/05/2013 08:53:44 pm: CALL USP_GetCategories2();
02/05/2013 08:53:44 pm: CALL USP_GetPayees();
02/05/2013 08:54:12 pm: CALL USP_InsertTransaction('2013-01-28','1','1','1','2','32','6','-10','topup 0877102175');
02/05/2013 08:54:12 pm: CALL USP_InsertTransaction('2013-01-28','1','1','1','2','32','6','-10','topup 0877102175');
02/05/2013 08:54:16 pm: CALL USP_GetAccounts();
02/05/2013 08:54:16 pm: CALL USP_GetCurrencies();
02/05/2013 08:54:16 pm: CALL USP_GetPayees();
02/05/2013 08:54:16 pm: CALL USP_GetCategories();
02/05/2013 08:54:16 pm: CALL USP_GetCategories2();
