01/02/2013 11:01:40 am: CALL USP_GetPayees();
01/02/2013 11:01:40 am: CALL USP_GetCategories();
01/02/2013 11:01:40 am: CALL USP_GetCategories2();
01/02/2013 11:01:40 am: CALL USP_GetAccounts();
01/02/2013 11:01:40 am: CALL USP_GetCurrencies();
01/02/2013 11:30:33 am: CALL USP_GetCurrencies();
01/02/2013 11:30:33 am: CALL USP_GetAccounts();
01/02/2013 11:30:33 am: CALL USP_GetCategories();
01/02/2013 11:30:33 am: CALL USP_GetPayees();
01/02/2013 11:30:33 am: CALL USP_GetCategories2();
01/02/2013 11:31:55 am: CALL USP_GetCategories2();
01/02/2013 11:31:55 am: CALL USP_GetCategories();
01/02/2013 11:31:55 am: CALL USP_GetAccounts();
01/02/2013 11:31:55 am: CALL USP_GetPayees();
01/02/2013 11:31:55 am: CALL USP_GetCurrencies();
01/02/2013 11:32:19 am: CALL USP_InsertTransaction('2012-12-27','6','1','1','14','81','187','-39.74','Ski lift');
01/02/2013 11:32:19 am: CALL USP_InsertTransaction('2012-12-27','6','1','1','14','81','187','-39.74','Ski lift');
01/02/2013 11:32:36 am: CALL USP_InsertTransaction('2012-12-27','6','1','1','14','81','187','-31.39','Snowboard rental');
01/02/2013 11:32:36 am: CALL USP_InsertTransaction('2012-12-27','6','1','1','14','81','187','-31.39','Snowboard rental');
01/02/2013 11:32:41 am: CALL USP_GetCurrencies();
01/02/2013 11:32:41 am: CALL USP_GetAccounts();
01/02/2013 11:32:41 am: CALL USP_GetCategories();
01/02/2013 11:32:41 am: CALL USP_GetPayees();
01/02/2013 11:32:41 am: CALL USP_GetCategories2();
01/02/2013 11:34:24 am: CALL USP_GetAccounts();
01/02/2013 11:34:24 am: CALL USP_GetCurrencies();
01/02/2013 11:34:24 am: CALL USP_GetPayees();
01/02/2013 11:34:25 am: CALL USP_GetCategories2();
01/02/2013 11:34:25 am: CALL USP_GetCategories();
01/02/2013 11:34:49 am: CALL USP_InsertTransaction('2013-01-01','1','1','2','2','18','210','35.12','');
01/02/2013 11:34:49 am: CALL USP_InsertTransaction('2013-01-01','1','1','2','2','18','210','35.12','');
01/02/2013 11:34:58 am: CALL USP_InsertTransaction('2013-01-01','1','1','2','2','19','210','2.78','');
01/02/2013 11:34:58 am: CALL USP_InsertTransaction('2013-01-01','1','1','2','2','19','210','2.78','');
01/02/2013 11:35:41 am: CALL USP_GetAccounts();
01/02/2013 11:35:42 am: CALL USP_GetPayees();
01/02/2013 11:35:42 am: CALL USP_GetCurrencies();
01/02/2013 11:35:42 am: CALL USP_GetCategories();
01/02/2013 11:35:42 am: CALL USP_GetCategories2();
01/02/2013 05:40:45 pm: CALL USP_GetPayees();
01/02/2013 05:40:45 pm: CALL USP_GetCategories2();
01/02/2013 05:40:45 pm: CALL USP_GetAccounts();
01/02/2013 05:40:45 pm: CALL USP_GetCurrencies();
01/02/2013 05:40:45 pm: CALL USP_GetCategories();
01/02/2013 05:41:13 pm: CALL USP_InsertTransaction('2013-01-01','8','1','2','12','65','16','44.88','');
01/02/2013 05:41:13 pm: CALL USP_InsertTransaction('2013-01-01','8','1','2','12','65','16','44.88','');
01/02/2013 05:41:19 pm: CALL USP_GetCurrencies();
01/02/2013 05:41:19 pm: CALL USP_GetAccounts();
01/02/2013 05:41:19 pm: CALL USP_GetPayees();
01/02/2013 05:41:19 pm: CALL USP_GetCategories();
01/02/2013 05:41:19 pm: CALL USP_GetCategories2();
01/02/2013 05:43:32 pm: CALL USP_GetAccounts();
01/02/2013 05:43:32 pm: CALL USP_GetCurrencies();
01/02/2013 05:43:32 pm: CALL USP_GetCategories();
01/02/2013 05:43:32 pm: CALL USP_GetPayees();
01/02/2013 05:43:32 pm: CALL USP_GetCategories2();
01/02/2013 05:43:42 pm: CALL USP_InsertTransaction('2013-01-01','7','1','2','12','65','16','4.02','');
01/02/2013 05:43:42 pm: CALL USP_InsertTransaction('2013-01-01','7','1','2','12','65','16','4.02','');
01/02/2013 05:43:46 pm: CALL USP_GetAccounts();
01/02/2013 05:43:46 pm: CALL USP_GetCategories();
01/02/2013 05:43:46 pm: CALL USP_GetCurrencies();
01/02/2013 05:43:46 pm: CALL USP_GetCategories2();
01/02/2013 05:43:46 pm: CALL USP_GetPayees();
01/02/2013 05:44:19 pm: CALL USP_GetAccounts();
01/02/2013 05:44:19 pm: CALL USP_GetPayees();
01/02/2013 05:44:19 pm: CALL USP_GetCurrencies();
01/02/2013 05:44:19 pm: CALL USP_GetCategories2();
01/02/2013 05:44:19 pm: CALL USP_GetCategories();
01/02/2013 05:44:24 pm: CALL USP_GetAccounts();
01/02/2013 05:44:24 pm: CALL USP_GetCategories2();
01/02/2013 05:44:24 pm: CALL USP_GetPayees();
01/02/2013 05:44:24 pm: CALL USP_GetCurrencies();
01/02/2013 05:44:24 pm: CALL USP_GetCategories();
01/02/2013 05:44:40 pm: CALL USP_GetCategories();
01/02/2013 05:44:40 pm: CALL USP_GetCurrencies();
01/02/2013 05:44:40 pm: CALL USP_GetPayees();
01/02/2013 05:44:40 pm: CALL USP_GetAccounts();
01/02/2013 05:44:40 pm: CALL USP_GetCategories2();
01/02/2013 06:13:17 pm: CALL USP_GetCurrencies();
01/02/2013 06:13:17 pm: CALL USP_GetAccounts();
01/02/2013 06:13:17 pm: CALL USP_GetCategories();
01/02/2013 06:13:17 pm: CALL USP_GetPayees();
01/02/2013 06:13:17 pm: CALL USP_GetCategories2();
01/02/2013 06:14:18 pm: CALL USP_GetCurrencies();
01/02/2013 06:14:18 pm: CALL USP_GetCategories();
01/02/2013 06:14:18 pm: CALL USP_GetAccounts();
01/02/2013 06:14:18 pm: CALL USP_GetCategories2();
01/02/2013 06:14:18 pm: CALL USP_GetPayees();
01/02/2013 06:14:59 pm: CALL USP_InsertTransaction('2013-01-02','19','1','1','14','77','187','-7','dance night');
01/02/2013 06:14:59 pm: CALL USP_InsertTransaction('2013-01-02','19','1','1','14','77','187','-7','dance night');
01/02/2013 06:15:03 pm: CALL USP_GetCurrencies();
01/02/2013 06:15:03 pm: CALL USP_GetAccounts();
01/02/2013 06:15:03 pm: CALL USP_GetPayees();
01/02/2013 06:15:03 pm: CALL USP_GetCategories();
01/02/2013 06:15:03 pm: CALL USP_GetCategories2();
01/02/2013 06:15:05 pm: CALL USP_GetAccounts();
01/02/2013 06:15:05 pm: CALL USP_GetCurrencies();
01/02/2013 06:15:05 pm: CALL USP_GetPayees();
01/02/2013 06:15:05 pm: CALL USP_GetCategories();
01/02/2013 06:15:05 pm: CALL USP_GetCategories2();
01/02/2013 06:15:07 pm: CALL USP_GetAccounts();
01/02/2013 06:15:07 pm: CALL USP_GetCurrencies();
01/02/2013 06:15:07 pm: CALL USP_GetCategories();
01/02/2013 06:15:07 pm: CALL USP_GetCategories2();
01/02/2013 06:15:07 pm: CALL USP_GetPayees();
01/02/2013 06:15:08 pm: CALL USP_GetAccounts();
01/02/2013 06:15:08 pm: CALL USP_GetCurrencies();
01/02/2013 06:15:08 pm: CALL USP_GetCategories();
01/02/2013 06:15:08 pm: CALL USP_GetPayees();
01/02/2013 06:15:08 pm: CALL USP_GetCategories2();
01/02/2013 06:15:08 pm: CALL USP_GetAccounts();
01/02/2013 06:15:08 pm: CALL USP_GetCurrencies();
01/02/2013 06:15:08 pm: CALL USP_GetPayees();
01/02/2013 06:15:08 pm: CALL USP_GetCategories();
01/02/2013 06:15:08 pm: CALL USP_GetCategories2();
01/02/2013 06:15:09 pm: CALL USP_GetAccounts();
01/02/2013 06:15:09 pm: CALL USP_GetCurrencies();
01/02/2013 06:15:09 pm: CALL USP_GetCategories();
01/02/2013 06:15:09 pm: CALL USP_GetCategories2();
01/02/2013 06:15:09 pm: CALL USP_GetPayees();
01/02/2013 06:15:09 pm: CALL USP_GetCurrencies();
01/02/2013 06:15:09 pm: CALL USP_GetAccounts();
01/02/2013 06:15:09 pm: CALL USP_GetPayees();
01/02/2013 06:15:09 pm: CALL USP_GetCategories();
01/02/2013 06:15:09 pm: CALL USP_GetCategories2();
01/02/2013 06:15:09 pm: CALL USP_GetCurrencies();
01/02/2013 06:15:09 pm: CALL USP_GetAccounts();
01/02/2013 06:15:09 pm: CALL USP_GetCategories();
01/02/2013 06:15:09 pm: CALL USP_GetPayees();
01/02/2013 06:15:09 pm: CALL USP_GetCategories2();
