01/27/2013 02:29:17 pm: CALL USP_GetCategories();
01/27/2013 02:29:17 pm: CALL USP_GetPayees();
01/27/2013 02:29:17 pm: CALL USP_GetCategories2();
01/27/2013 02:29:17 pm: CALL USP_GetCurrencies();
01/27/2013 02:29:17 pm: CALL USP_GetAccounts();
01/27/2013 02:29:47 pm: CALL USP_GetAccounts();
01/27/2013 02:29:47 pm: CALL USP_GetCurrencies();
01/27/2013 02:29:47 pm: CALL USP_GetCategories();
01/27/2013 02:29:47 pm: CALL USP_GetPayees();
01/27/2013 02:29:47 pm: CALL USP_GetCategories2();
01/27/2013 02:31:02 pm: CALL USP_GetPayees();
01/27/2013 02:31:02 pm: CALL USP_GetAccounts();
01/27/2013 02:31:02 pm: CALL USP_GetCategories2();
01/27/2013 02:31:02 pm: CALL USP_GetCategories();
01/27/2013 02:31:02 pm: CALL USP_GetCurrencies();
01/27/2013 02:31:35 pm: CALL USP_GetCurrencies();
01/27/2013 02:31:35 pm: CALL USP_GetAccounts();
01/27/2013 02:31:35 pm: CALL USP_GetPayees();
01/27/2013 02:31:35 pm: CALL USP_GetCategories();
01/27/2013 02:31:35 pm: CALL USP_GetCategories2();
01/27/2013 02:31:57 pm: CALL USP_InsertTransaction('2013-01-27','11','1','1','7','45','8','-4.62','');
01/27/2013 02:31:57 pm: CALL USP_InsertTransaction('2013-01-27','11','1','1','7','45','8','-4.62','');
01/27/2013 02:32:30 pm: CALL USP_InsertTransaction('2013-01-27','11','1','1','7','45','154','-13.25','');
01/27/2013 02:32:30 pm: CALL USP_InsertTransaction('2013-01-27','11','1','1','7','45','154','-13.25','');
01/27/2013 02:38:00 pm: CALL USP_InsertTransaction('2013-01-27','11','1','1','7','45','123','-5.76','');
01/27/2013 02:38:00 pm: CALL USP_InsertTransaction('2013-01-27','11','1','1','7','45','123','-5.76','');
01/27/2013 02:38:05 pm: CALL USP_GetAccounts();
01/27/2013 02:38:05 pm: CALL USP_GetCurrencies();
01/27/2013 02:38:05 pm: CALL USP_GetPayees();
01/27/2013 02:38:05 pm: CALL USP_GetCategories();
01/27/2013 02:38:05 pm: CALL USP_GetCategories2();
01/27/2013 02:40:41 pm: CALL USP_GetCurrencies();
01/27/2013 02:40:41 pm: CALL USP_GetCategories();
01/27/2013 02:40:41 pm: CALL USP_GetAccounts();
01/27/2013 02:40:41 pm: CALL USP_GetPayees();
01/27/2013 02:40:41 pm: CALL USP_GetCategories2();
01/27/2013 10:27:08 pm: CALL USP_GetCurrencies();
01/27/2013 10:27:08 pm: CALL USP_GetAccounts();
01/27/2013 10:27:08 pm: CALL USP_GetPayees();
01/27/2013 10:27:08 pm: CALL USP_GetCategories();
01/27/2013 10:27:08 pm: CALL USP_GetCategories2();
01/27/2013 10:27:33 pm: CALL USP_InsertTransaction('2013-01-27','6','1','1','10','52','68','-12','jogging pants');
01/27/2013 10:27:33 pm: CALL USP_InsertTransaction('2013-01-27','6','1','1','10','52','68','-12','jogging pants');
