06/16/2013 07:02:08 am: CALL USP_GetCategories();
06/16/2013 07:02:08 am: CALL USP_GetPayees();
06/16/2013 07:02:08 am: CALL USP_GetAccounts();
06/16/2013 07:02:08 am: CALL USP_GetCurrencies();
06/16/2013 07:02:08 am: CALL USP_GetCategories2();
06/16/2013 07:02:30 am: CALL USP_GetCurrencies();
06/16/2013 07:02:30 am: CALL USP_GetPayees();
06/16/2013 07:02:30 am: CALL USP_GetAccounts();
06/16/2013 07:02:30 am: CALL USP_GetCategories();
06/16/2013 07:02:30 am: CALL USP_GetCategories2();
06/16/2013 10:32:10 am: CALL USP_GetCurrencies();
06/16/2013 10:32:10 am: CALL USP_GetAccounts();
06/16/2013 10:32:10 am: CALL USP_GetCategories();
06/16/2013 10:32:10 am: CALL USP_GetPayees();
06/16/2013 10:32:10 am: CALL USP_GetCategories2();
06/16/2013 10:32:19 am: CALL USP_GetAccounts();
06/16/2013 10:32:19 am: CALL USP_GetCurrencies();
06/16/2013 10:32:19 am: CALL USP_GetCategories();
06/16/2013 10:32:19 am: CALL USP_GetPayees();
06/16/2013 10:32:19 am: CALL USP_GetCategories2();
06/16/2013 10:32:28 am: CALL USP_GetAccounts();
06/16/2013 10:32:28 am: CALL USP_GetCurrencies();
06/16/2013 10:32:28 am: CALL USP_GetCategories();
06/16/2013 10:32:28 am: CALL USP_GetCategories2();
06/16/2013 10:32:28 am: CALL USP_GetPayees();
06/16/2013 10:32:32 am: CALL USP_GetAccounts();
06/16/2013 10:32:32 am: CALL USP_GetCurrencies();
06/16/2013 10:32:32 am: CALL USP_GetCategories2();
06/16/2013 10:32:32 am: CALL USP_GetPayees();
06/16/2013 10:32:32 am: CALL USP_GetCategories();
06/16/2013 10:32:52 am: CALL USP_GetAccounts();
06/16/2013 10:32:52 am: CALL USP_GetCurrencies();
06/16/2013 10:32:52 am: CALL USP_GetCategories();
06/16/2013 10:32:52 am: CALL USP_GetCategories2();
06/16/2013 10:32:52 am: CALL USP_GetPayees();
06/16/2013 10:33:07 am: CALL USP_GetCategories();
06/16/2013 10:33:07 am: CALL USP_GetAccounts();
06/16/2013 10:33:07 am: CALL USP_GetPayees();
06/16/2013 10:33:07 am: CALL USP_GetCurrencies();
06/16/2013 10:33:07 am: CALL USP_GetCategories2();
06/16/2013 10:33:08 am: CALL USP_GetPayees();
06/16/2013 10:33:08 am: CALL USP_GetAccounts();
06/16/2013 10:33:08 am: CALL USP_GetCurrencies();
06/16/2013 10:33:08 am: CALL USP_GetCategories2();
06/16/2013 10:33:08 am: CALL USP_GetCategories();
06/16/2013 10:33:10 am: CALL USP_GetAccounts();
06/16/2013 10:33:10 am: CALL USP_GetCategories();
06/16/2013 10:33:10 am: CALL USP_GetPayees();
06/16/2013 10:33:10 am: CALL USP_GetCurrencies();
06/16/2013 10:33:10 am: CALL USP_GetCategories2();
06/16/2013 10:33:15 am: CALL USP_GetPayees();
06/16/2013 10:33:15 am: CALL USP_GetCurrencies();
06/16/2013 10:33:15 am: CALL USP_GetCategories();
06/16/2013 10:33:15 am: CALL USP_GetAccounts();
06/16/2013 10:33:15 am: CALL USP_GetCategories2();
06/16/2013 10:33:25 am: CALL USP_GetCurrencies();
06/16/2013 10:33:25 am: CALL USP_GetPayees();
06/16/2013 10:33:25 am: CALL USP_GetAccounts();
06/16/2013 10:33:25 am: CALL USP_GetCategories();
06/16/2013 10:33:25 am: CALL USP_GetCategories2();
06/16/2013 03:43:55 pm: CALL USP_GetAccounts();
06/16/2013 03:43:55 pm: CALL USP_GetCategories();
06/16/2013 03:43:55 pm: CALL USP_GetCategories2();
06/16/2013 03:43:55 pm: CALL USP_GetPayees();
06/16/2013 03:43:55 pm: CALL USP_GetCurrencies();
06/16/2013 03:44:21 pm: CALL USP_GetAccounts();
06/16/2013 03:44:21 pm: CALL USP_GetCurrencies();
06/16/2013 03:44:21 pm: CALL USP_GetPayees();
06/16/2013 03:44:21 pm: CALL USP_GetCategories();
06/16/2013 03:44:21 pm: CALL USP_GetCategories2();
06/16/2013 04:37:42 pm: CALL USP_GetAccounts();
06/16/2013 04:37:42 pm: CALL USP_GetCurrencies();
06/16/2013 04:37:42 pm: CALL USP_GetCategories2();
06/16/2013 04:37:42 pm: CALL USP_GetCategories();
06/16/2013 04:37:42 pm: CALL USP_GetPayees();
06/16/2013 04:37:58 pm: CALL USP_GetAccounts();
06/16/2013 04:37:58 pm: CALL USP_GetPayees();
06/16/2013 04:37:58 pm: CALL USP_GetCurrencies();
06/16/2013 04:37:58 pm: CALL USP_GetCategories();
06/16/2013 04:37:58 pm: CALL USP_GetCategories2();
06/16/2013 07:05:45 pm: CALL USP_GetAccounts();
06/16/2013 07:05:45 pm: CALL USP_GetCurrencies();
06/16/2013 07:05:45 pm: CALL USP_GetPayees();
06/16/2013 07:05:45 pm: CALL USP_GetCategories();
06/16/2013 07:05:45 pm: CALL USP_GetCategories2();
06/16/2013 07:06:03 pm: CALL USP_InsertTransaction('2013-06-16','11','1','1','7','45','101','-1.85','');
06/16/2013 07:06:12 pm: CALL USP_InsertTransaction('2013-06-16','11','1','1','7','45','8','-1.09','');
06/16/2013 07:06:18 pm: CALL USP_InsertTransaction('2013-06-16','11','1','1','7','45','123','-7.2','');
06/16/2013 07:06:32 pm: CALL USP_GetAccounts();
06/16/2013 07:06:32 pm: CALL USP_GetCurrencies();
06/16/2013 07:06:32 pm: CALL USP_GetPayees();
06/16/2013 07:06:32 pm: CALL USP_GetCategories();
06/16/2013 07:06:32 pm: CALL USP_GetCategories2();
