06/02/2013 07:29:57 am: CALL USP_GetAccounts();
06/02/2013 07:29:57 am: CALL USP_GetCurrencies();
06/02/2013 07:29:57 am: CALL USP_GetPayees();
06/02/2013 07:29:58 am: CALL USP_GetCategories2();
06/02/2013 07:29:58 am: CALL USP_GetCategories();
06/02/2013 07:30:10 am: CALL USP_GetAccounts();
06/02/2013 07:30:10 am: CALL USP_GetPayees();
06/02/2013 07:30:10 am: CALL USP_GetCategories();
06/02/2013 07:30:10 am: CALL USP_GetCategories2();
06/02/2013 07:30:10 am: CALL USP_GetCurrencies();
06/02/2013 07:34:16 am: CALL USP_GetCurrencies();
06/02/2013 07:34:16 am: CALL USP_GetPayees();
06/02/2013 07:34:16 am: CALL USP_GetCategories();
06/02/2013 07:34:16 am: CALL USP_GetAccounts();
06/02/2013 07:34:16 am: CALL USP_GetCategories2();
06/02/2013 07:36:54 am: CALL USP_GetAccounts();
06/02/2013 07:36:54 am: CALL USP_GetCurrencies();
06/02/2013 07:36:54 am: CALL USP_GetCategories();
06/02/2013 07:36:54 am: CALL USP_GetPayees();
06/02/2013 07:36:54 am: CALL USP_GetCategories2();
06/02/2013 07:37:11 am: CALL USP_GetAccounts();
06/02/2013 07:37:11 am: CALL USP_GetCurrencies();
06/02/2013 07:37:11 am: CALL USP_GetCategories();
06/02/2013 07:37:11 am: CALL USP_GetCategories2();
06/02/2013 07:37:11 am: CALL USP_GetPayees();
06/02/2013 07:39:18 am: CALL USP_GetAccounts();
06/02/2013 07:39:18 am: CALL USP_GetCurrencies();
06/02/2013 07:39:18 am: CALL USP_GetCategories();
06/02/2013 07:39:18 am: CALL USP_GetCategories2();
06/02/2013 07:39:18 am: CALL USP_GetPayees();
06/02/2013 07:41:24 am: CALL USP_GetCurrencies();
06/02/2013 07:41:24 am: CALL USP_GetAccounts();
06/02/2013 07:41:24 am: CALL USP_GetPayees();
06/02/2013 07:41:24 am: CALL USP_GetCategories2();
06/02/2013 07:41:24 am: CALL USP_GetCategories();
06/02/2013 07:41:37 am: CALL USP_GetCurrencies();
06/02/2013 07:41:37 am: CALL USP_GetPayees();
06/02/2013 07:41:37 am: CALL USP_GetAccounts();
06/02/2013 07:41:37 am: CALL USP_GetCategories();
06/02/2013 07:41:37 am: CALL USP_GetCategories2();
06/02/2013 07:43:46 am: CALL USP_GetAccounts();
06/02/2013 07:43:46 am: CALL USP_GetCurrencies();
06/02/2013 07:43:46 am: CALL USP_GetPayees();
06/02/2013 07:43:46 am: CALL USP_GetCategories2();
06/02/2013 07:43:46 am: CALL USP_GetCategories();
06/02/2013 07:44:40 am: CALL USP_GetCurrencies();
06/02/2013 07:44:40 am: CALL USP_GetAccounts();
06/02/2013 07:44:40 am: CALL USP_GetPayees();
06/02/2013 07:44:40 am: CALL USP_GetCategories();
06/02/2013 07:44:40 am: CALL USP_GetCategories2();
06/02/2013 07:45:05 am: CALL USP_InsertTransaction('2013-05-29','6','1','3','23','107','135','-355.12','');
06/02/2013 07:45:05 am: CALL USP_InsertTransaction('2013-05-29','8','1','3','23','107','135','355.12','');
06/02/2013 07:45:18 am: CALL USP_GetAccounts();
06/02/2013 07:45:18 am: CALL USP_GetPayees();
06/02/2013 07:45:18 am: CALL USP_GetCurrencies();
06/02/2013 07:45:18 am: CALL USP_GetCategories();
06/02/2013 07:45:18 am: CALL USP_GetCategories2();
06/02/2013 04:08:50 pm: CALL USP_GetAccounts();
06/02/2013 04:08:50 pm: CALL USP_GetCategories();
06/02/2013 04:08:50 pm: CALL USP_GetCategories2();
06/02/2013 04:08:50 pm: CALL USP_GetPayees();
06/02/2013 04:08:50 pm: CALL USP_GetCurrencies();
06/02/2013 07:01:28 pm: CALL USP_GetAccounts();
06/02/2013 07:01:28 pm: CALL USP_GetCurrencies();
06/02/2013 07:01:28 pm: CALL USP_GetCategories2();
06/02/2013 07:01:28 pm: CALL USP_GetCategories();
06/02/2013 07:01:28 pm: CALL USP_GetPayees();
06/02/2013 07:01:56 pm: CALL USP_InsertTransaction('2013-06-02','11','1','1','7','45','8','-.42','');
06/02/2013 07:02:05 pm: CALL USP_InsertTransaction('2013-06-02','11','1','1','7','45','123','-2.36','');
06/02/2013 07:02:59 pm: CALL USP_InsertTransaction('2013-06-02','11','1','1','11','54','8','-4.94','toilet paper, kitchen paper');
06/02/2013 07:03:02 pm: CALL USP_GetAccounts();
06/02/2013 07:03:02 pm: CALL USP_GetCategories();
06/02/2013 07:03:02 pm: CALL USP_GetCurrencies();
06/02/2013 07:03:02 pm: CALL USP_GetPayees();
06/02/2013 07:03:02 pm: CALL USP_GetCategories2();
