04/27/2013 08:16:07 am: CALL USP_GetCategories();
04/27/2013 08:16:07 am: CALL USP_GetAccounts();
04/27/2013 08:16:07 am: CALL USP_GetCurrencies();
04/27/2013 08:16:07 am: CALL USP_GetCategories2();
04/27/2013 12:11:38 pm: CALL USP_GetCurrencies();
04/27/2013 12:11:38 pm: CALL USP_GetCategories2();
04/27/2013 12:11:38 pm: CALL USP_GetPayees();
04/27/2013 12:11:38 pm: CALL USP_GetAccounts();
04/27/2013 12:11:38 pm: CALL USP_GetCategories();
04/27/2013 06:49:54 pm: CALL USP_GetCurrencies();
04/27/2013 06:49:54 pm: CALL USP_GetCategories();
04/27/2013 06:49:54 pm: CALL USP_GetAccounts();
04/27/2013 06:49:54 pm: CALL USP_GetCategories2();
04/27/2013 06:49:54 pm: CALL USP_GetPayees();
04/27/2013 08:54:57 pm: CALL USP_GetPayees();
04/27/2013 08:54:57 pm: CALL USP_GetAccounts();
04/27/2013 08:54:57 pm: CALL USP_GetCategories2();
04/27/2013 08:54:57 pm: CALL USP_GetCategories();
04/27/2013 08:54:57 pm: CALL USP_GetCurrencies();
04/27/2013 08:57:16 pm: CALL USP_GetAccounts();
04/27/2013 08:57:16 pm: CALL USP_GetCurrencies();
04/27/2013 08:57:16 pm: CALL USP_GetPayees();
04/27/2013 08:57:16 pm: CALL USP_GetCategories();
04/27/2013 08:57:16 pm: CALL USP_GetCategories2();
04/27/2013 08:59:11 pm: CALL USP_InsertTransaction('2013-04-10','17','1','1','16','87','72','-2.04','Samsung Galaxy S2 screen protector');
04/27/2013 08:59:11 pm: CALL USP_InsertTransaction('2013-04-10','17','1','1','16','87','72','-2.04','Samsung Galaxy S2 screen protector');
04/27/2013 09:00:01 pm: CALL USP_InsertTransaction('2013-04-10','17','1','1','16','87','72','-7.25','1mm Ultra Thin Matte Black Case for Smasung Galaxy S2 i9100 and Screen Protector');
04/27/2013 09:00:01 pm: CALL USP_InsertTransaction('2013-04-10','17','1','1','16','87','72','-7.25','1mm Ultra Thin Matte Black Case for Smasung Galaxy S2 i9100 and Screen Protector');
04/27/2013 09:01:32 pm: CALL USP_GetAccounts();
04/27/2013 09:01:32 pm: CALL USP_GetCurrencies();
04/27/2013 09:01:32 pm: CALL USP_GetPayees();
04/27/2013 09:01:32 pm: CALL USP_GetCategories();
04/27/2013 09:01:32 pm: CALL USP_GetCategories2();
04/27/2013 09:02:33 pm: CALL USP_GetCategories();
04/27/2013 09:02:33 pm: CALL USP_GetCurrencies();
04/27/2013 09:02:33 pm: CALL USP_GetCategories2();
04/27/2013 09:02:33 pm: CALL USP_GetPayees();
04/27/2013 09:02:33 pm: CALL USP_GetAccounts();
04/27/2013 09:02:58 pm: CALL USP_GetAccounts();
04/27/2013 09:02:58 pm: CALL USP_GetCategories();
04/27/2013 09:02:58 pm: CALL USP_GetCurrencies();
04/27/2013 09:02:58 pm: CALL USP_GetPayees();
04/27/2013 09:02:58 pm: CALL USP_GetCategories2();
04/27/2013 09:10:45 pm: CALL USP_GetAccounts();
04/27/2013 09:10:45 pm: CALL USP_GetCurrencies();
04/27/2013 09:10:45 pm: CALL USP_GetCategories2();
04/27/2013 09:10:45 pm: CALL USP_GetPayees();
04/27/2013 09:10:45 pm: CALL USP_GetCategories();
04/27/2013 09:11:04 pm: CALL USP_InsertTransaction('2013-04-26','1','1','1','23','124','135','-200','');
04/27/2013 09:11:04 pm: CALL USP_InsertTransaction('2013-04-26','1','1','1','23','124','135','-200','');
04/27/2013 09:38:18 pm: CALL USP_InsertTransaction('2013-04-26','11','1','1','7','45','123','-12.14','');
04/27/2013 09:38:18 pm: CALL USP_InsertTransaction('2013-04-26','11','1','1','7','45','123','-12.14','');
04/27/2013 09:38:36 pm: CALL USP_InsertTransaction('2013-04-26','11','1','1','7','45','8','-14.47','');
04/27/2013 09:38:36 pm: CALL USP_InsertTransaction('2013-04-26','11','1','1','7','45','8','-14.47','');
04/27/2013 09:38:45 pm: CALL USP_GetCurrencies();
04/27/2013 09:38:45 pm: CALL USP_GetAccounts();
04/27/2013 09:38:45 pm: CALL USP_GetPayees();
04/27/2013 09:38:45 pm: CALL USP_GetCategories();
04/27/2013 09:38:45 pm: CALL USP_GetCategories2();
04/27/2013 11:21:14 pm: CALL USP_GetCurrencies();
04/27/2013 11:21:14 pm: CALL USP_GetAccounts();
04/27/2013 11:21:14 pm: CALL USP_GetCategories();
04/27/2013 11:21:14 pm: CALL USP_GetPayees();
04/27/2013 11:21:14 pm: CALL USP_GetCategories2();
04/27/2013 11:21:18 pm: CALL USP_GetAccounts();
04/27/2013 11:21:18 pm: CALL USP_GetCurrencies();
04/27/2013 11:21:18 pm: CALL USP_GetPayees();
04/27/2013 11:21:18 pm: CALL USP_GetCategories();
04/27/2013 11:21:18 pm: CALL USP_GetCategories2();
04/27/2013 11:21:23 pm: CALL USP_GetAccounts();
04/27/2013 11:21:23 pm: CALL USP_GetPayees();
04/27/2013 11:21:23 pm: CALL USP_GetCategories();
04/27/2013 11:21:23 pm: CALL USP_GetCategories2();
04/27/2013 11:21:23 pm: CALL USP_GetCurrencies();
04/27/2013 11:21:29 pm: CALL USP_GetAccounts();
04/27/2013 11:21:29 pm: CALL USP_GetPayees();
04/27/2013 11:21:29 pm: CALL USP_GetCurrencies();
04/27/2013 11:21:29 pm: CALL USP_GetCategories();
04/27/2013 11:21:29 pm: CALL USP_GetCategories2();
04/27/2013 11:29:14 pm: CALL USP_GetAccounts();
04/27/2013 11:29:14 pm: CALL USP_GetCurrencies();
04/27/2013 11:29:14 pm: CALL USP_GetPayees();
04/27/2013 11:29:14 pm: CALL USP_GetCategories();
04/27/2013 11:29:14 pm: CALL USP_GetCategories2();
04/27/2013 11:29:43 pm: CALL USP_InsertTransaction('2013-04-29','1','1','3','23','105','135','-750','');
04/27/2013 11:29:43 pm: CALL USP_InsertTransaction('2013-04-29','1','1','3','23','105','135','-750','');
04/27/2013 11:29:43 pm: CALL USP_InsertTransaction('2013-04-29','6','1','3','23','105','135','750','');
04/27/2013 11:29:43 pm: CALL USP_InsertTransaction('2013-04-29','6','1','3','23','105','135','750','');
04/27/2013 11:31:14 pm: CALL USP_GetCurrencies();
04/27/2013 11:31:14 pm: CALL USP_GetPayees();
04/27/2013 11:31:14 pm: CALL USP_GetAccounts();
04/27/2013 11:31:14 pm: CALL USP_GetCategories();
04/27/2013 11:31:14 pm: CALL USP_GetCategories2();
