04/17/2013 06:35:27 pm: CALL USP_GetCurrencies();
04/17/2013 06:35:27 pm: CALL USP_GetCategories();
04/17/2013 06:35:27 pm: CALL USP_GetAccounts();
04/17/2013 06:35:27 pm: CALL USP_GetCategories2();
04/17/2013 06:35:28 pm: CALL USP_GetPayees();
04/17/2013 06:39:22 pm: CALL USP_GetCurrencies();
04/17/2013 06:39:22 pm: CALL USP_GetAccounts();
04/17/2013 06:39:22 pm: CALL USP_GetCategories2();
04/17/2013 06:39:22 pm: CALL USP_GetPayees();
04/17/2013 06:39:22 pm: CALL USP_GetCategories();
04/17/2013 07:20:38 pm: CALL USP_GetCurrencies();
04/17/2013 07:20:38 pm: CALL USP_GetAccounts();
04/17/2013 07:20:38 pm: CALL USP_GetPayees();
04/17/2013 07:20:38 pm: CALL USP_GetCategories();
04/17/2013 07:20:38 pm: CALL USP_GetCategories2();
04/17/2013 07:21:35 pm: CALL USP_InsertTransaction('2013-04-17','17','1','1','16','87','72','-7.24','Samsung Galaxy S2 extended battery');
04/17/2013 07:21:35 pm: CALL USP_InsertTransaction('2013-04-17','17','1','1','16','87','72','-7.24','Samsung Galaxy S2 extended battery');
04/17/2013 07:21:43 pm: CALL USP_GetCurrencies();
04/17/2013 07:21:43 pm: CALL USP_GetCategories();
04/17/2013 07:21:43 pm: CALL USP_GetCategories2();
04/17/2013 07:21:43 pm: CALL USP_GetAccounts();
04/17/2013 07:21:43 pm: CALL USP_GetPayees();
