02/01/2013 04:54:58 pm: CALL USP_GetPayees();
02/01/2013 04:54:58 pm: CALL USP_GetCategories();
02/01/2013 04:54:58 pm: CALL USP_GetCurrencies();
02/01/2013 04:54:58 pm: CALL USP_GetAccounts();
02/01/2013 04:54:58 pm: CALL USP_GetCategories2();
02/01/2013 07:41:58 pm: CALL USP_GetAccounts();
02/01/2013 07:41:58 pm: CALL USP_GetCategories2();
02/01/2013 07:41:58 pm: CALL USP_GetCurrencies();
02/01/2013 07:41:58 pm: CALL USP_GetPayees();
02/01/2013 07:41:58 pm: CALL USP_GetCategories();
02/01/2013 07:42:32 pm: CALL USP_InsertTransaction('2013-02-01','11','1','1','14','77','187','-5','pint of cider');
02/01/2013 07:42:32 pm: CALL USP_InsertTransaction('2013-02-01','11','1','1','14','77','187','-5','pint of cider');
02/01/2013 07:43:15 pm: CALL USP_InsertTransaction('2013-02-01','6','1','1','7','45','31','-61.03','');
02/01/2013 07:43:15 pm: CALL USP_InsertTransaction('2013-02-01','6','1','1','7','45','31','-61.03','');
02/01/2013 07:43:20 pm: CALL USP_GetAccounts();
02/01/2013 07:43:20 pm: CALL USP_GetCurrencies();
02/01/2013 07:43:20 pm: CALL USP_GetPayees();
02/01/2013 07:43:20 pm: CALL USP_GetCategories2();
02/01/2013 07:43:20 pm: CALL USP_GetCategories();
02/01/2013 07:44:59 pm: CALL USP_GetCurrencies();
02/01/2013 07:44:59 pm: CALL USP_GetAccounts();
02/01/2013 07:44:59 pm: CALL USP_GetPayees();
02/01/2013 07:44:59 pm: CALL USP_GetCategories();
02/01/2013 07:44:59 pm: CALL USP_GetCategories2();
02/01/2013 07:45:29 pm: CALL USP_GetPayees();
02/01/2013 07:45:29 pm: CALL USP_GetAccounts();
02/01/2013 07:45:29 pm: CALL USP_GetCategories();
02/01/2013 07:45:29 pm: CALL USP_GetCurrencies();
02/01/2013 07:45:29 pm: CALL USP_GetCategories2();
