05/28/2013 06:55:12 pm: CALL USP_GetCategories2();
05/28/2013 06:55:12 pm: CALL USP_GetAccounts();
05/28/2013 06:55:12 pm: CALL USP_GetCategories();
05/28/2013 06:55:12 pm: CALL USP_GetCurrencies();
05/28/2013 06:55:12 pm: CALL USP_GetPayees();
05/28/2013 06:55:23 pm: CALL USP_GetCurrencies();
05/28/2013 06:55:23 pm: CALL USP_GetPayees();
05/28/2013 06:55:23 pm: CALL USP_GetCategories();
05/28/2013 06:55:23 pm: CALL USP_GetCategories2();
05/28/2013 06:55:23 pm: CALL USP_GetAccounts();
05/28/2013 07:15:09 pm: CALL USP_GetAccounts();
05/28/2013 07:15:09 pm: CALL USP_GetCurrencies();
05/28/2013 07:15:09 pm: CALL USP_GetPayees();
05/28/2013 07:15:09 pm: CALL USP_GetCategories();
05/28/2013 07:15:09 pm: CALL USP_GetCategories2();
05/28/2013 07:15:25 pm: CALL USP_InsertTransaction('2013-05-28','11','1','1','9','48','17','-6','');
05/28/2013 07:15:49 pm: CALL USP_InsertTransaction('2013-05-28','11','1','2','4','37','187','25','HDD sold to Serge');
05/28/2013 07:16:02 pm: CALL USP_GetAccounts();
05/28/2013 07:16:02 pm: CALL USP_GetCurrencies();
05/28/2013 07:16:02 pm: CALL USP_GetCategories2();
05/28/2013 07:16:02 pm: CALL USP_GetCategories();
05/28/2013 07:16:02 pm: CALL USP_GetPayees();
05/28/2013 07:17:12 pm: CALL USP_GetCurrencies();
05/28/2013 07:17:12 pm: CALL USP_GetAccounts();
05/28/2013 07:17:12 pm: CALL USP_GetPayees();
05/28/2013 07:17:12 pm: CALL USP_GetCategories();
05/28/2013 07:17:12 pm: CALL USP_GetCategories2();
05/28/2013 07:17:34 pm: CALL USP_InsertTransaction('2013-05-27','6','1','3','23','110','135','-20','');
05/28/2013 07:17:34 pm: CALL USP_InsertTransaction('2013-05-27','11','1','3','23','110','135','20','');
05/28/2013 07:17:38 pm: CALL USP_GetCurrencies();
05/28/2013 07:17:38 pm: CALL USP_GetAccounts();
05/28/2013 07:17:38 pm: CALL USP_GetCategories2();
05/28/2013 07:17:38 pm: CALL USP_GetPayees();
05/28/2013 07:17:38 pm: CALL USP_GetCategories();
05/28/2013 07:17:39 pm: CALL USP_GetCurrencies();
05/28/2013 07:17:39 pm: CALL USP_GetAccounts();
05/28/2013 07:17:39 pm: CALL USP_GetPayees();
05/28/2013 07:17:39 pm: CALL USP_GetCategories();
05/28/2013 07:17:39 pm: CALL USP_GetCategories2();
05/28/2013 07:17:49 pm: CALL USP_GetCurrencies();
05/28/2013 07:17:49 pm: CALL USP_GetAccounts();
05/28/2013 07:17:49 pm: CALL USP_GetPayees();
05/28/2013 07:17:49 pm: CALL USP_GetCategories2();
05/28/2013 07:17:49 pm: CALL USP_GetCategories();
05/28/2013 07:17:50 pm: CALL USP_GetAccounts();
05/28/2013 07:17:50 pm: CALL USP_GetCurrencies();
05/28/2013 07:17:50 pm: CALL USP_GetCategories();
05/28/2013 07:17:50 pm: CALL USP_GetPayees();
05/28/2013 07:17:50 pm: CALL USP_GetCategories2();
