03/25/2013 06:08:27 pm: CALL USP_GetCategories();
03/25/2013 06:08:27 pm: CALL USP_GetCurrencies();
03/25/2013 06:08:27 pm: CALL USP_GetPayees();
03/25/2013 06:08:27 pm: CALL USP_GetCategories2();
03/25/2013 06:08:27 pm: CALL USP_GetAccounts();
03/25/2013 06:08:48 pm: CALL USP_GetAccounts();
03/25/2013 06:08:48 pm: CALL USP_GetCategories();
03/25/2013 06:08:49 pm: CALL USP_GetCurrencies();
03/25/2013 06:08:49 pm: CALL USP_GetCategories2();
03/25/2013 06:08:49 pm: CALL USP_GetPayees();
03/25/2013 06:08:54 pm: CALL USP_GetCurrencies();
03/25/2013 06:08:54 pm: CALL USP_GetPayees();
03/25/2013 06:08:54 pm: CALL USP_GetAccounts();
03/25/2013 06:08:54 pm: CALL USP_GetCategories();
03/25/2013 06:08:54 pm: CALL USP_GetCategories2();
03/25/2013 06:08:59 pm: CALL USP_GetPayees();
03/25/2013 06:08:59 pm: CALL USP_GetAccounts();
03/25/2013 06:08:59 pm: CALL USP_GetCurrencies();
03/25/2013 06:08:59 pm: CALL USP_GetCategories2();
03/25/2013 06:08:59 pm: CALL USP_GetCategories();
03/25/2013 06:09:22 pm: CALL USP_InsertTransaction('2013-03-24','18','1','1','29','130','179','-5','');
03/25/2013 06:09:22 pm: CALL USP_InsertTransaction('2013-03-24','18','1','1','29','130','179','-5','');
03/25/2013 06:09:45 pm: CALL USP_InsertTransaction('2013-03-24','18','1','1','29','128','87','-10.70','');
03/25/2013 06:09:45 pm: CALL USP_InsertTransaction('2013-03-24','18','1','1','29','128','87','-10.70','');
03/25/2013 06:10:18 pm: CALL USP_InsertTransaction('2013-03-24','18','1','1','29','130','187','-1.9','metro lausanne');
03/25/2013 06:10:18 pm: CALL USP_InsertTransaction('2013-03-24','18','1','1','29','130','187','-1.9','metro lausanne');
03/25/2013 06:10:21 pm: CALL USP_GetCurrencies();
03/25/2013 06:10:21 pm: CALL USP_GetPayees();
03/25/2013 06:10:21 pm: CALL USP_GetCategories();
03/25/2013 06:10:21 pm: CALL USP_GetAccounts();
03/25/2013 06:10:21 pm: CALL USP_GetCategories2();
03/25/2013 06:10:29 pm: CALL USP_GetAccounts();
03/25/2013 06:10:29 pm: CALL USP_GetCurrencies();
03/25/2013 06:10:29 pm: CALL USP_GetPayees();
03/25/2013 06:10:29 pm: CALL USP_GetCategories();
03/25/2013 06:10:29 pm: CALL USP_GetCategories2();
03/25/2013 06:10:34 pm: CALL USP_GetAccounts();
03/25/2013 06:10:34 pm: CALL USP_GetCurrencies();
03/25/2013 06:10:34 pm: CALL USP_GetPayees();
03/25/2013 06:10:34 pm: CALL USP_GetCategories2();
03/25/2013 06:10:34 pm: CALL USP_GetCategories();
