05/05/2013 10:55:43 am: CALL USP_GetAccounts();
05/05/2013 10:55:43 am: CALL USP_GetCategories2();
05/05/2013 10:55:43 am: CALL USP_GetCategories();
05/05/2013 10:55:43 am: CALL USP_GetPayees();
05/05/2013 10:55:43 am: CALL USP_GetCurrencies();
05/05/2013 12:05:21 pm: CALL USP_GetCategories2();
05/05/2013 12:05:21 pm: CALL USP_GetCurrencies();
05/05/2013 12:05:21 pm: CALL USP_GetCategories();
05/05/2013 12:05:21 pm: CALL USP_GetPayees();
05/05/2013 12:05:21 pm: CALL USP_GetAccounts();
05/05/2013 12:05:43 pm: CALL USP_InsertTransaction('2013-05-05','11','1','1','7','45','8','-13.45','');
05/05/2013 12:05:43 pm: CALL USP_InsertTransaction('2013-05-05','11','1','1','7','45','8','-13.45','');
05/05/2013 12:15:22 pm: CALL USP_InsertTransaction('2013-05-05','17','1','1','11','61','72','-20.95','2x3 Bar Large Chocolate Mould');
05/05/2013 12:15:22 pm: CALL USP_InsertTransaction('2013-05-05','17','1','1','11','61','72','-20.95','2x3 Bar Large Chocolate Mould');
05/05/2013 12:15:29 pm: CALL USP_GetCurrencies();
05/05/2013 12:15:29 pm: CALL USP_GetAccounts();
05/05/2013 12:15:29 pm: CALL USP_GetPayees();
05/05/2013 12:15:29 pm: CALL USP_GetCategories2();
05/05/2013 12:15:29 pm: CALL USP_GetCategories();
05/05/2013 12:21:35 pm: CALL USP_GetCurrencies();
05/05/2013 12:21:35 pm: CALL USP_GetAccounts();
05/05/2013 12:21:35 pm: CALL USP_GetCategories();
05/05/2013 12:21:35 pm: CALL USP_GetCategories2();
05/05/2013 12:21:35 pm: CALL USP_GetPayees();
05/05/2013 12:21:56 pm: CALL USP_GetAccounts();
05/05/2013 12:21:56 pm: CALL USP_GetCategories();
05/05/2013 12:21:56 pm: CALL USP_GetCategories2();
05/05/2013 12:21:56 pm: CALL USP_GetPayees();
05/05/2013 12:21:56 pm: CALL USP_GetCurrencies();
