04/28/2013 07:26:55 am: CALL USP_GetCategories2();
04/28/2013 07:26:55 am: CALL USP_GetPayees();
04/28/2013 02:34:53 pm: CALL USP_GetCurrencies();
04/28/2013 02:34:53 pm: CALL USP_GetPayees();
04/28/2013 02:34:53 pm: CALL USP_GetAccounts();
04/28/2013 02:34:53 pm: CALL USP_GetCategories2();
04/28/2013 02:34:53 pm: CALL USP_GetCategories();
04/28/2013 02:35:29 pm: CALL USP_InsertTransaction('2013-04-28','11','1','1','7','45','123','-1.49','');
04/28/2013 02:35:29 pm: CALL USP_InsertTransaction('2013-04-28','11','1','1','7','45','123','-1.49','');
04/28/2013 02:35:44 pm: CALL USP_InsertTransaction('2013-04-28','11','1','1','7','45','8','-8.13','');
04/28/2013 02:35:44 pm: CALL USP_InsertTransaction('2013-04-28','11','1','1','7','45','8','-8.13','');
04/28/2013 02:36:30 pm: CALL USP_GetAccounts();
04/28/2013 02:36:30 pm: CALL USP_GetPayees();
04/28/2013 02:36:30 pm: CALL USP_GetCurrencies();
04/28/2013 02:36:30 pm: CALL USP_GetCategories2();
04/28/2013 02:36:30 pm: CALL USP_GetCategories();
04/28/2013 04:10:41 pm: CALL USP_GetAccounts();
04/28/2013 04:10:41 pm: CALL USP_GetCurrencies();
04/28/2013 04:10:42 pm: CALL USP_GetCategories();
04/28/2013 04:10:42 pm: CALL USP_GetPayees();
04/28/2013 04:10:43 pm: CALL USP_GetCategories2();
