06/23/2013 07:10:06 am: CALL USP_GetAccounts();
06/23/2013 07:10:07 am: CALL USP_GetCurrencies();
06/23/2013 07:10:07 am: CALL USP_GetPayees();
06/23/2013 07:10:08 am: CALL USP_GetCategories();
06/23/2013 07:10:08 am: CALL USP_GetCategories2();
06/23/2013 07:10:23 am: CALL USP_GetAccounts();
06/23/2013 07:10:23 am: CALL USP_GetCurrencies();
06/23/2013 07:10:23 am: CALL USP_GetPayees();
06/23/2013 07:10:23 am: CALL USP_GetCategories2();
06/23/2013 07:10:23 am: CALL USP_GetCategories();
06/23/2013 10:20:25 am: call USP_GetTransactionsForXMLFile('10000','');06/23/2013 10:21:24 am: call USP_GetTransactionsForXMLFile('10000',null);06/23/2013 10:22:42 am: CALL USP_GetCurrencies();
06/23/2013 10:22:42 am: CALL USP_GetAccounts();
06/23/2013 10:22:42 am: CALL USP_GetCategories();
06/23/2013 10:22:42 am: CALL USP_GetCategories2();
06/23/2013 10:22:42 am: CALL USP_GetPayees();
06/23/2013 10:23:40 am: CALL USP_GetAccounts();
06/23/2013 10:23:40 am: CALL USP_GetPayees();
06/23/2013 10:23:40 am: CALL USP_GetCurrencies();
06/23/2013 10:23:40 am: CALL USP_GetCategories();
06/23/2013 10:23:40 am: CALL USP_GetCategories2();
06/23/2013 10:29:35 am: call USP_GetTransactionsForXMLFile('10000',null);
06/23/2013 10:31:10 am: call USP_GetTransactionsForXMLFile('10000',null);
06/23/2013 10:32:54 am: call USP_GetTransactionsForXMLFile('10000',null);
06/23/2013 10:33:29 am: call USP_GetTransactionsForXMLFile('10000',null);
06/23/2013 10:33:45 am: call USP_GetTransactionsForXMLFile('10000','1');
06/23/2013 10:33:51 am: call USP_GetTransactionsForXMLFile('10000','2');
06/23/2013 10:33:54 am: call USP_GetTransactionsForXMLFile('10000','3');
06/23/2013 10:34:21 am: call USP_GetTransactionsForXMLFile('10000',null);
06/23/2013 10:36:06 am: call USP_GetTransactionsForXMLFile('10000','4');
06/23/2013 10:36:22 am: call USP_GetTransactionsForXMLFile('10000',null);
06/23/2013 10:37:16 am: call USP_GetTransactionsForXMLFile('10000','4');
06/23/2013 10:37:23 am: call USP_GetTransactionsForXMLFile('10000',null);
06/23/2013 10:38:04 am: call USP_GetTransactionsForXMLFile('10000',null);
06/23/2013 10:38:20 am: call USP_GetTransactionsForXMLFile('10000',null);
06/23/2013 10:39:41 am: call USP_GetTransactionsForXMLFile('10000','2');
06/23/2013 10:39:51 am: call USP_GetTransactionsForXMLFile('10000',null);
06/23/2013 10:40:20 am: call USP_GetTransactionsForXMLFile('10000',null);
06/23/2013 10:40:27 am: CALL USP_GetCurrencies();
06/23/2013 10:40:27 am: CALL USP_GetAccounts();
06/23/2013 10:40:27 am: CALL USP_GetPayees();
06/23/2013 10:40:27 am: CALL USP_GetCategories();
06/23/2013 10:40:27 am: CALL USP_GetCategories2();
06/23/2013 10:41:52 am: CALL USP_GetAccounts();
06/23/2013 10:41:52 am: CALL USP_GetCurrencies();
06/23/2013 10:41:52 am: CALL USP_GetPayees();
06/23/2013 10:41:52 am: CALL USP_GetCategories();
06/23/2013 10:41:52 am: CALL USP_GetCategories2();
06/23/2013 10:46:51 am: CALL USP_GetAccounts();
06/23/2013 10:46:51 am: CALL USP_GetCategories2();
06/23/2013 10:46:51 am: CALL USP_GetCurrencies();
06/23/2013 10:46:51 am: CALL USP_GetPayees();
06/23/2013 10:46:51 am: CALL USP_GetCategories();
06/23/2013 10:48:03 am: CALL USP_GetAccounts();
06/23/2013 10:48:03 am: CALL USP_GetCurrencies();
06/23/2013 10:48:03 am: CALL USP_GetCategories();
06/23/2013 10:48:03 am: CALL USP_GetCategories2();
06/23/2013 10:48:03 am: CALL USP_GetPayees();
06/23/2013 10:51:04 am: CALL USP_GetAccounts();
06/23/2013 10:51:04 am: CALL USP_GetCurrencies();
06/23/2013 10:51:04 am: CALL USP_GetPayees();
06/23/2013 10:51:04 am: CALL USP_GetCategories2();
06/23/2013 10:51:04 am: CALL USP_GetCategories();
06/23/2013 10:52:06 am: CALL USP_GetCurrencies();
06/23/2013 10:52:06 am: CALL USP_GetAccounts();
06/23/2013 10:52:06 am: CALL USP_GetPayees();
06/23/2013 10:52:06 am: CALL USP_GetCategories2();
06/23/2013 10:52:06 am: CALL USP_GetCategories();
06/23/2013 10:52:24 am: CALL USP_GetCurrencies();
06/23/2013 10:52:24 am: CALL USP_GetAccounts();
06/23/2013 10:52:24 am: CALL USP_GetPayees();
06/23/2013 10:52:24 am: CALL USP_GetCategories();
06/23/2013 10:52:24 am: CALL USP_GetCategories2();
06/23/2013 10:52:35 am: CALL USP_GetPayees();
06/23/2013 10:52:35 am: CALL USP_GetAccounts();
06/23/2013 10:52:35 am: CALL USP_GetCurrencies();
06/23/2013 10:52:35 am: CALL USP_GetCategories();
06/23/2013 10:52:35 am: CALL USP_GetCategories2();
06/23/2013 04:59:12 pm: CALL USP_GetAccounts();
06/23/2013 04:59:12 pm: CALL USP_GetCurrencies();
06/23/2013 04:59:12 pm: CALL USP_GetCategories();
06/23/2013 04:59:12 pm: CALL USP_GetPayees();
06/23/2013 04:59:12 pm: CALL USP_GetCategories2();
06/23/2013 04:59:32 pm: CALL USP_InsertTransaction('2013-06-23','11','1','1','7','45','8','-9.73','');
06/23/2013 04:59:32 pm: call USP_GetTransactionsForXMLFile('10000','1');
06/23/2013 04:59:35 pm: CALL USP_GetAccounts();
06/23/2013 04:59:35 pm: CALL USP_GetCurrencies();
06/23/2013 04:59:35 pm: CALL USP_GetCategories();
06/23/2013 04:59:35 pm: CALL USP_GetPayees();
06/23/2013 04:59:35 pm: CALL USP_GetCategories2();
06/23/2013 04:59:42 pm: CALL USP_GetAccounts();
06/23/2013 04:59:42 pm: CALL USP_GetCurrencies();
06/23/2013 04:59:42 pm: CALL USP_GetCategories();
06/23/2013 04:59:42 pm: CALL USP_GetPayees();
06/23/2013 04:59:42 pm: CALL USP_GetCategories2();
