02/14/2013 09:50:44 pm: CALL USP_GetCategories();
02/14/2013 09:50:44 pm: CALL USP_GetPayees();
02/14/2013 09:50:44 pm: CALL USP_GetCurrencies();
02/14/2013 09:50:44 pm: CALL USP_GetAccounts();
02/14/2013 09:50:44 pm: CALL USP_GetCategories2();
02/14/2013 09:51:32 pm: CALL USP_GetAccounts();
02/14/2013 09:51:32 pm: CALL USP_GetCurrencies();
02/14/2013 09:51:32 pm: CALL USP_GetCategories();
02/14/2013 09:51:32 pm: CALL USP_GetPayees();
02/14/2013 09:51:32 pm: CALL USP_GetCategories2();
02/14/2013 09:51:43 pm: CALL USP_GetCurrencies();
02/14/2013 09:51:43 pm: CALL USP_GetAccounts();
02/14/2013 09:51:43 pm: CALL USP_GetPayees();
02/14/2013 09:51:43 pm: CALL USP_GetCategories2();
02/14/2013 09:51:43 pm: CALL USP_GetCategories();
02/14/2013 09:52:27 pm: CALL USP_InsertTransaction('2013-02-14','6','1','1','2','24','187','-14.47','Mediafire premium');
02/14/2013 09:52:27 pm: CALL USP_InsertTransaction('2013-02-14','6','1','1','2','24','187','-14.47','Mediafire premium');
02/14/2013 09:53:35 pm: CALL USP_InsertTransaction('2013-02-14','11','1','1','7','45','8','-1.76','');
02/14/2013 09:53:35 pm: CALL USP_InsertTransaction('2013-02-14','11','1','1','7','45','8','-1.76','');
02/14/2013 09:53:46 pm: CALL USP_InsertTransaction('2013-02-14','11','1','1','7','45','123','-8.41','');
02/14/2013 09:53:46 pm: CALL USP_InsertTransaction('2013-02-14','11','1','1','7','45','123','-8.41','');
02/14/2013 09:53:51 pm: CALL USP_GetCurrencies();
02/14/2013 09:53:51 pm: CALL USP_GetAccounts();
02/14/2013 09:53:51 pm: CALL USP_GetCategories();
02/14/2013 09:53:51 pm: CALL USP_GetPayees();
02/14/2013 09:53:51 pm: CALL USP_GetCategories2();
