06/09/2013 06:58:35 am: CALL USP_GetCategories();
06/09/2013 06:58:35 am: CALL USP_GetCategories2();
06/09/2013 06:58:35 am: CALL USP_GetPayees();
06/09/2013 06:58:35 am: CALL USP_GetCurrencies();
06/09/2013 06:58:35 am: CALL USP_GetAccounts();
06/09/2013 06:58:45 am: CALL USP_GetCurrencies();
06/09/2013 06:58:45 am: CALL USP_GetAccounts();
06/09/2013 06:58:46 am: CALL USP_GetCategories();
06/09/2013 06:58:46 am: CALL USP_GetCategories2();
06/09/2013 06:58:46 am: CALL USP_GetPayees();
06/09/2013 06:24:59 pm: CALL USP_InsertTransaction('2013-06-09','17','1','1','7','45','31','-82.45','');
06/09/2013 06:58:34 pm: CALL USP_InsertTransaction('2013-06-09','11','1','1','11','54','68','-11.94','toothbrushes');
06/09/2013 06:59:10 pm: CALL USP_InsertTransaction('2013-06-09','11','1','1','7','45','101','-2.74','');
06/09/2013 06:59:24 pm: CALL USP_InsertTransaction('2013-06-09','11','1','1','7','45','123','-2.36','');
06/09/2013 06:59:36 pm: CALL USP_InsertTransaction('2013-06-09','11','1','1','7','45','123','-2.84','');
06/09/2013 06:59:40 pm: CALL USP_GetCurrencies();
06/09/2013 06:59:40 pm: CALL USP_GetAccounts();
06/09/2013 06:59:40 pm: CALL USP_GetPayees();
06/09/2013 06:59:40 pm: CALL USP_GetCategories();
06/09/2013 06:59:40 pm: CALL USP_GetCategories2();
06/09/2013 07:57:30 pm: CALL USP_GetAccounts();
06/09/2013 07:57:30 pm: CALL USP_GetCurrencies();
06/09/2013 07:57:30 pm: CALL USP_GetCategories();
06/09/2013 07:57:30 pm: CALL USP_GetPayees();
06/09/2013 07:57:30 pm: CALL USP_GetCategories2();
06/09/2013 07:58:01 pm: CALL USP_InsertTransaction('2013-06-09','11','1','1','11','60','217','-4.49','duct tape');
06/09/2013 07:58:03 pm: CALL USP_GetCurrencies();
06/09/2013 07:58:03 pm: CALL USP_GetCategories();
06/09/2013 07:58:03 pm: CALL USP_GetPayees();
06/09/2013 07:58:03 pm: CALL USP_GetAccounts();
06/09/2013 07:58:03 pm: CALL USP_GetCategories2();
06/09/2013 08:34:00 pm: CALL USP_GetPayees();
06/09/2013 08:34:00 pm: CALL USP_GetCategories();
06/09/2013 08:34:00 pm: CALL USP_GetCategories2();
06/09/2013 08:34:00 pm: CALL USP_GetCurrencies();
06/09/2013 08:34:00 pm: CALL USP_GetAccounts();
06/09/2013 08:34:16 pm: CALL USP_GetAccounts();
06/09/2013 08:34:16 pm: CALL USP_GetCurrencies();
06/09/2013 08:34:16 pm: CALL USP_GetCategories();
06/09/2013 08:34:16 pm: CALL USP_GetCategories2();
06/09/2013 08:34:16 pm: CALL USP_GetPayees();
