06/12/2013 06:35:43 pm: CALL USP_GetCategories2();
06/12/2013 06:35:43 pm: CALL USP_GetCategories();
06/12/2013 06:35:43 pm: CALL USP_GetPayees();
06/12/2013 06:35:43 pm: CALL USP_GetCurrencies();
06/12/2013 06:35:43 pm: CALL USP_GetAccounts();
06/12/2013 06:35:53 pm: CALL USP_GetAccounts();
06/12/2013 06:35:53 pm: CALL USP_GetCategories2();
06/12/2013 06:35:53 pm: CALL USP_GetCategories();
06/12/2013 06:35:53 pm: CALL USP_GetCurrencies();
06/12/2013 06:35:53 pm: CALL USP_GetPayees();
06/12/2013 07:34:23 pm: CALL USP_GetAccounts();
06/12/2013 07:34:23 pm: CALL USP_GetCurrencies();
06/12/2013 07:34:23 pm: CALL USP_GetCategories();
06/12/2013 07:34:23 pm: CALL USP_GetPayees();
06/12/2013 07:34:23 pm: CALL USP_GetCategories2();
06/12/2013 07:34:48 pm: CALL USP_InsertTransaction('2013-06-12','11','1','1','14','77','187','-6','dance night');
06/12/2013 07:36:26 pm: CALL USP_InsertTransaction('2013-06-13','6','1','3','23','110','135','-60','');
06/12/2013 07:36:26 pm: CALL USP_InsertTransaction('2013-06-13','11','1','3','23','110','135','60','');
06/12/2013 07:36:29 pm: CALL USP_GetAccounts();
06/12/2013 07:36:29 pm: CALL USP_GetCategories();
06/12/2013 07:36:29 pm: CALL USP_GetCurrencies();
06/12/2013 07:36:29 pm: CALL USP_GetCategories2();
06/12/2013 07:36:29 pm: CALL USP_GetPayees();
06/12/2013 07:36:36 pm: CALL USP_GetCurrencies();
06/12/2013 07:36:36 pm: CALL USP_GetCategories();
06/12/2013 07:36:36 pm: CALL USP_GetPayees();
06/12/2013 07:36:36 pm: CALL USP_GetCategories2();
06/12/2013 07:36:36 pm: CALL USP_GetAccounts();
