01/10/2013 10:24:33 am: CALL USP_GetCategories();
01/10/2013 10:24:33 am: CALL USP_GetCurrencies();
01/10/2013 10:24:33 am: CALL USP_GetPayees();
01/10/2013 10:24:33 am: CALL USP_GetCategories2();
01/10/2013 10:24:33 am: CALL USP_GetAccounts();
01/10/2013 10:25:05 am: CALL USP_GetCurrencies();
01/10/2013 10:25:05 am: CALL USP_GetAccounts();
01/10/2013 10:25:05 am: CALL USP_GetCategories();
01/10/2013 10:25:05 am: CALL USP_GetPayees();
01/10/2013 10:25:05 am: CALL USP_GetCategories2();
01/10/2013 10:25:06 am: CALL USP_GetCategories();
01/10/2013 10:25:06 am: CALL USP_GetAccounts();
01/10/2013 10:25:06 am: CALL USP_GetPayees();
01/10/2013 10:25:06 am: CALL USP_GetCurrencies();
01/10/2013 10:25:06 am: CALL USP_GetCategories2();
01/10/2013 10:25:33 am: CALL USP_InsertTransaction('2013-01-09','19','1','1','14','81','187','-5','climbing gears');
01/10/2013 10:25:33 am: CALL USP_InsertTransaction('2013-01-09','19','1','1','14','81','187','-5','climbing gears');
01/10/2013 10:25:36 am: CALL USP_GetPayees();
01/10/2013 10:25:36 am: CALL USP_GetCurrencies();
01/10/2013 10:25:36 am: CALL USP_GetAccounts();
01/10/2013 10:25:36 am: CALL USP_GetCategories();
01/10/2013 10:25:36 am: CALL USP_GetCategories2();
01/10/2013 02:54:39 pm: CALL USP_GetCurrencies();
01/10/2013 02:54:39 pm: CALL USP_GetPayees();
01/10/2013 02:54:39 pm: CALL USP_GetAccounts();
01/10/2013 02:54:39 pm: CALL USP_GetCategories();
01/10/2013 02:54:39 pm: CALL USP_GetCategories2();
01/10/2013 02:54:46 pm: CALL USP_GetCategories2();
01/10/2013 02:54:46 pm: CALL USP_GetPayees();
01/10/2013 02:54:46 pm: CALL USP_GetCurrencies();
01/10/2013 02:54:46 pm: CALL USP_GetAccounts();
01/10/2013 02:54:46 pm: CALL USP_GetCategories();
01/10/2013 02:54:55 pm: CALL USP_GetCategories();
01/10/2013 02:54:55 pm: CALL USP_GetAccounts();
01/10/2013 02:54:55 pm: CALL USP_GetCurrencies();
01/10/2013 02:54:55 pm: CALL USP_GetCategories2();
01/10/2013 02:54:55 pm: CALL USP_GetPayees();
01/10/2013 03:07:09 pm: CALL USP_GetCategories();
01/10/2013 03:07:09 pm: CALL USP_GetPayees();
01/10/2013 03:07:09 pm: CALL USP_GetCurrencies();
01/10/2013 03:07:09 pm: CALL USP_GetCategories2();
01/10/2013 03:07:09 pm: CALL USP_GetAccounts();
01/10/2013 03:41:41 pm: CALL USP_GetCurrencies();
01/10/2013 03:41:41 pm: CALL USP_GetAccounts();
01/10/2013 03:41:41 pm: CALL USP_GetPayees();
01/10/2013 03:41:41 pm: CALL USP_GetCategories();
01/10/2013 03:41:41 pm: CALL USP_GetCategories2();
01/10/2013 03:42:17 pm: CALL USP_GetAccounts();
01/10/2013 03:42:17 pm: CALL USP_GetCategories();
01/10/2013 03:42:17 pm: CALL USP_GetCurrencies();
01/10/2013 03:42:17 pm: CALL USP_GetCategories2();
01/10/2013 03:42:17 pm: CALL USP_GetPayees();
01/10/2013 03:42:27 pm: CALL USP_GetAccounts();
01/10/2013 03:42:27 pm: CALL USP_GetCurrencies();
01/10/2013 03:42:27 pm: CALL USP_GetPayees();
01/10/2013 03:42:27 pm: CALL USP_GetCategories();
01/10/2013 03:42:27 pm: CALL USP_GetCategories2();
01/10/2013 03:42:36 pm: CALL USP_GetCurrencies();
01/10/2013 03:42:36 pm: CALL USP_GetAccounts();
01/10/2013 03:42:36 pm: CALL USP_GetPayees();
01/10/2013 03:42:36 pm: CALL USP_GetCategories2();
01/10/2013 03:42:36 pm: CALL USP_GetCategories();
01/10/2013 03:42:40 pm: CALL USP_GetCurrencies();
01/10/2013 03:42:40 pm: CALL USP_GetAccounts();
01/10/2013 03:42:40 pm: CALL USP_GetCategories();
01/10/2013 03:42:40 pm: CALL USP_GetCategories2();
01/10/2013 03:42:40 pm: CALL USP_GetPayees();
01/10/2013 03:42:47 pm: CALL USP_GetPayees();
01/10/2013 03:42:47 pm: CALL USP_GetAccounts();
01/10/2013 03:42:47 pm: CALL USP_GetCurrencies();
01/10/2013 03:42:47 pm: CALL USP_GetCategories2();
01/10/2013 03:42:47 pm: CALL USP_GetCategories();
01/10/2013 03:47:40 pm: CALL USP_GetCurrencies();
01/10/2013 03:47:40 pm: CALL USP_GetAccounts();
01/10/2013 03:47:40 pm: CALL USP_GetPayees();
01/10/2013 03:47:40 pm: CALL USP_GetCategories2();
01/10/2013 03:47:40 pm: CALL USP_GetCategories();
