01/14/2013 09:45:08 am: CALL USP_GetCategories();
01/14/2013 09:45:08 am: CALL USP_GetCategories2();
01/14/2013 09:45:08 am: CALL USP_GetCurrencies();
01/14/2013 09:45:08 am: CALL USP_GetPayees();
01/14/2013 09:45:08 am: CALL USP_GetAccounts();
01/14/2013 09:54:38 am: CALL USP_GetAccounts();
01/14/2013 09:54:38 am: CALL USP_GetCategories();
01/14/2013 09:54:38 am: CALL USP_GetCurrencies();
01/14/2013 09:54:38 am: CALL USP_GetPayees();
01/14/2013 09:54:38 am: CALL USP_GetCategories2();
01/14/2013 09:55:10 am: CALL USP_InsertTransaction('2013-01-11','19','1','1','7','45','225','-3.17','');
01/14/2013 09:55:10 am: CALL USP_InsertTransaction('2013-01-11','19','1','1','7','45','225','-3.17','');
01/14/2013 10:03:52 am: CALL USP_GetAccounts();
01/14/2013 10:03:52 am: CALL USP_GetCurrencies();
01/14/2013 10:03:52 am: CALL USP_GetPayees();
01/14/2013 10:03:52 am: CALL USP_GetCategories();
01/14/2013 10:03:52 am: CALL USP_GetCategories2();
01/14/2013 10:19:55 am: CALL USP_GetCategories();
01/14/2013 10:19:55 am: CALL USP_GetAccounts();
01/14/2013 10:19:55 am: CALL USP_GetPayees();
01/14/2013 10:19:55 am: CALL USP_GetCurrencies();
01/14/2013 10:19:55 am: CALL USP_GetCategories2();
01/14/2013 10:20:27 am: CALL USP_InsertTransaction('2013-01-12','19','1','1','14','77','187','-5','dance');
01/14/2013 10:20:27 am: CALL USP_InsertTransaction('2013-01-12','19','1','1','14','77','187','-5','dance');
01/14/2013 10:20:34 am: CALL USP_GetCurrencies();
01/14/2013 10:20:34 am: CALL USP_GetCategories();
01/14/2013 10:20:34 am: CALL USP_GetAccounts();
01/14/2013 10:20:34 am: CALL USP_GetPayees();
01/14/2013 10:20:34 am: CALL USP_GetCategories2();
01/14/2013 10:21:51 am: CALL USP_GetAccounts();
01/14/2013 10:21:51 am: CALL USP_GetCurrencies();
01/14/2013 10:21:51 am: CALL USP_GetPayees();
01/14/2013 10:21:51 am: CALL USP_GetCategories();
01/14/2013 10:21:51 am: CALL USP_GetCategories2();
01/14/2013 10:22:18 am: CALL USP_InsertTransaction('2013-01-12','19','1','1','7','45','225','-.89','dance');
01/14/2013 10:22:18 am: CALL USP_InsertTransaction('2013-01-12','19','1','1','7','45','225','-.89','dance');
01/14/2013 10:22:21 am: CALL USP_GetCurrencies();
01/14/2013 10:22:21 am: CALL USP_GetAccounts();
01/14/2013 10:22:21 am: CALL USP_GetCategories();
01/14/2013 10:22:21 am: CALL USP_GetCategories2();
01/14/2013 10:22:21 am: CALL USP_GetPayees();
01/14/2013 10:24:36 am: CALL USP_GetCategories();
01/14/2013 10:24:36 am: CALL USP_GetCategories2();
01/14/2013 10:24:36 am: CALL USP_GetCurrencies();
01/14/2013 10:24:36 am: CALL USP_GetPayees();
01/14/2013 10:24:36 am: CALL USP_GetAccounts();
01/14/2013 10:24:45 am: CALL USP_GetAccounts();
01/14/2013 10:24:45 am: CALL USP_GetCurrencies();
01/14/2013 10:24:45 am: CALL USP_GetCategories();
01/14/2013 10:24:45 am: CALL USP_GetPayees();
01/14/2013 10:24:45 am: CALL USP_GetCategories2();
01/14/2013 11:09:04 am: CALL USP_GetAccounts();
01/14/2013 11:09:04 am: CALL USP_GetPayees();
01/14/2013 11:09:04 am: CALL USP_GetCurrencies();
01/14/2013 11:09:04 am: CALL USP_GetCategories();
01/14/2013 11:09:04 am: CALL USP_GetCategories2();
01/14/2013 11:09:23 am: CALL USP_InsertTransaction('2013-01-11','19','1','1','7','45','218','-28.44','');
01/14/2013 11:09:23 am: CALL USP_InsertTransaction('2013-01-11','19','1','1','7','45','218','-28.44','');
01/14/2013 11:09:27 am: CALL USP_GetCategories();
01/14/2013 11:09:27 am: CALL USP_GetCategories2();
01/14/2013 11:09:27 am: CALL USP_GetPayees();
01/14/2013 11:09:27 am: CALL USP_GetAccounts();
01/14/2013 11:09:27 am: CALL USP_GetCurrencies();
01/14/2013 12:13:10 pm: CALL USP_GetCategories();
01/14/2013 12:13:10 pm: CALL USP_GetCurrencies();
01/14/2013 12:13:10 pm: CALL USP_GetPayees();
01/14/2013 12:13:10 pm: CALL USP_GetCategories2();
01/14/2013 12:13:10 pm: CALL USP_GetAccounts();
