04/13/2013 09:42:52 pm: CALL USP_GetCategories();
04/13/2013 09:42:52 pm: CALL USP_GetCategories2();
04/13/2013 09:42:52 pm: CALL USP_GetAccounts();
04/13/2013 09:42:52 pm: CALL USP_GetCurrencies();
04/13/2013 09:42:52 pm: CALL USP_GetPayees();
04/13/2013 09:45:36 pm: CALL USP_InsertTransaction('2013-04-09','1','1','3','23','102','135','-125','');
04/13/2013 09:45:36 pm: CALL USP_InsertTransaction('2013-04-09','1','1','3','23','102','135','-125','');
04/13/2013 09:45:36 pm: CALL USP_InsertTransaction('2013-04-09','3','1','3','23','102','135','125','');
04/13/2013 09:45:36 pm: CALL USP_InsertTransaction('2013-04-09','3','1','3','23','102','135','125','');
04/13/2013 09:45:45 pm: CALL USP_InsertTransaction('2013-04-09','1','1','3','23','103','135','-30','');
04/13/2013 09:45:45 pm: CALL USP_InsertTransaction('2013-04-09','1','1','3','23','103','135','-30','');
04/13/2013 09:45:45 pm: CALL USP_InsertTransaction('2013-04-09','4','1','3','23','103','135','30','');
04/13/2013 09:45:45 pm: CALL USP_InsertTransaction('2013-04-09','4','1','3','23','103','135','30','');
04/13/2013 09:45:49 pm: CALL USP_GetCurrencies();
04/13/2013 09:45:49 pm: CALL USP_GetAccounts();
04/13/2013 09:45:49 pm: CALL USP_GetPayees();
04/13/2013 09:45:49 pm: CALL USP_GetCategories();
04/13/2013 09:45:49 pm: CALL USP_GetCategories2();
04/13/2013 09:46:42 pm: CALL USP_InsertTransaction('2013-04-10','1','1','3','23','110','135','-220','');
04/13/2013 09:46:42 pm: CALL USP_InsertTransaction('2013-04-10','1','1','3','23','110','135','-220','');
04/13/2013 09:46:42 pm: CALL USP_InsertTransaction('2013-04-10','11','1','3','23','110','135','220','');
04/13/2013 09:46:42 pm: CALL USP_InsertTransaction('2013-04-10','11','1','3','23','110','135','220','');
04/13/2013 09:47:16 pm: CALL USP_InsertTransaction('2013-04-10','11','1','1','16','85','187','-200','Samsung Galaxy S2');
04/13/2013 09:47:16 pm: CALL USP_InsertTransaction('2013-04-10','11','1','1','16','85','187','-200','Samsung Galaxy S2');
04/13/2013 09:48:12 pm: CALL USP_InsertTransaction('2013-04-12','1','1','1','29','130','5','-135.98','Pentecost flight');
04/13/2013 09:48:12 pm: CALL USP_InsertTransaction('2013-04-12','1','1','1','29','130','5','-135.98','Pentecost flight');
04/13/2013 09:48:15 pm: CALL USP_GetAccounts();
04/13/2013 09:48:15 pm: CALL USP_GetCurrencies();
04/13/2013 09:48:15 pm: CALL USP_GetCategories();
04/13/2013 09:48:15 pm: CALL USP_GetPayees();
04/13/2013 09:48:15 pm: CALL USP_GetCategories2();
04/13/2013 09:49:05 pm: CALL USP_InsertTransaction('2013-04-10','5','1','3','23','100','135','-425.97','');
04/13/2013 09:49:05 pm: CALL USP_InsertTransaction('2013-04-10','5','1','3','23','100','135','-425.97','');
04/13/2013 09:49:05 pm: CALL USP_InsertTransaction('2013-04-10','1','1','3','23','100','135','425.97','');
04/13/2013 09:49:05 pm: CALL USP_InsertTransaction('2013-04-10','1','1','3','23','100','135','425.97','');
04/13/2013 09:49:09 pm: CALL USP_GetCurrencies();
04/13/2013 09:49:09 pm: CALL USP_GetAccounts();
04/13/2013 09:49:09 pm: CALL USP_GetPayees();
04/13/2013 09:49:09 pm: CALL USP_GetCategories();
04/13/2013 09:49:09 pm: CALL USP_GetCategories2();
04/13/2013 09:49:37 pm: CALL USP_GetAccounts();
04/13/2013 09:49:37 pm: CALL USP_GetPayees();
04/13/2013 09:49:37 pm: CALL USP_GetCategories();
04/13/2013 09:49:37 pm: CALL USP_GetCurrencies();
04/13/2013 09:49:37 pm: CALL USP_GetCategories2();
04/13/2013 09:53:29 pm: CALL USP_InsertTransaction('2013-04-12','11','1','1','7','45','101','-7.75','');
04/13/2013 09:53:29 pm: CALL USP_InsertTransaction('2013-04-12','11','1','1','7','45','101','-7.75','');
04/13/2013 09:54:11 pm: CALL USP_InsertTransaction('2013-04-13','11','1','1','7','45','8','-13.14','');
04/13/2013 09:54:11 pm: CALL USP_InsertTransaction('2013-04-13','11','1','1','7','45','8','-13.14','');
04/13/2013 09:54:22 pm: CALL USP_InsertTransaction('2013-04-13','11','1','1','7','45','123','-5.86','');
04/13/2013 09:54:22 pm: CALL USP_InsertTransaction('2013-04-13','11','1','1','7','45','123','-5.86','');
04/13/2013 09:54:29 pm: CALL USP_GetCurrencies();
04/13/2013 09:54:29 pm: CALL USP_GetPayees();
04/13/2013 09:54:29 pm: CALL USP_GetAccounts();
04/13/2013 09:54:29 pm: CALL USP_GetCategories();
04/13/2013 09:54:29 pm: CALL USP_GetCategories2();
04/13/2013 10:04:03 pm: CALL USP_GetAccounts();
04/13/2013 10:04:03 pm: CALL USP_GetCurrencies();
04/13/2013 10:04:03 pm: CALL USP_GetPayees();
04/13/2013 10:04:03 pm: CALL USP_GetCategories();
04/13/2013 10:04:03 pm: CALL USP_GetCategories2();
04/13/2013 10:37:08 pm: CALL USP_InsertTransaction('2013-04-03','6','1','1','2','17','117','-9.12','');
04/13/2013 10:37:08 pm: CALL USP_InsertTransaction('2013-04-03','6','1','1','2','17','117','-9.12','');
04/13/2013 10:37:41 pm: CALL USP_InsertTransaction('2013-04-05','6','1','1','7','45','31','-19.12','');
04/13/2013 10:37:41 pm: CALL USP_InsertTransaction('2013-04-05','6','1','1','7','45','31','-19.12','');
04/13/2013 10:37:49 pm: CALL USP_GetAccounts();
04/13/2013 10:37:49 pm: CALL USP_GetCurrencies();
04/13/2013 10:37:49 pm: CALL USP_GetPayees();
04/13/2013 10:37:49 pm: CALL USP_GetCategories();
04/13/2013 10:37:49 pm: CALL USP_GetCategories2();
